[2024-12-01T11:28:15.305+0000] {local_task_job_runner.py:123} INFO - ::group::Pre task execution logs
[2024-12-01T11:28:15.341+0000] {taskinstance.py:2613} INFO - Dependencies all met for dep_context=non-requeueable deps ti=<TaskInstance: NEPSE_DAG.load_data manual__2024-12-01T11:27:03.890539+00:00 [queued]>
[2024-12-01T11:28:15.361+0000] {taskinstance.py:2613} INFO - Dependencies all met for dep_context=requeueable deps ti=<TaskInstance: NEPSE_DAG.load_data manual__2024-12-01T11:27:03.890539+00:00 [queued]>
[2024-12-01T11:28:15.363+0000] {taskinstance.py:2866} INFO - Starting attempt 1 of 3
[2024-12-01T11:28:15.398+0000] {taskinstance.py:2889} INFO - Executing <Task(PythonOperator): load_data> on 2024-12-01 11:27:03.890539+00:00
[2024-12-01T11:28:15.422+0000] {standard_task_runner.py:104} INFO - Running: ['***', 'tasks', 'run', 'NEPSE_DAG', 'load_data', 'manual__2024-12-01T11:27:03.890539+00:00', '--job-id', '102', '--raw', '--subdir', 'DAGS_FOLDER/etl.py', '--cfg-path', '/tmp/tmptod9u491']
[2024-12-01T11:28:15.422+0000] {logging_mixin.py:190} WARNING - /home/***/.local/lib/python3.12/site-packages/***/task/task_runner/standard_task_runner.py:70 DeprecationWarning: This process (pid=12627) is multi-threaded, use of fork() may lead to deadlocks in the child.
[2024-12-01T11:28:15.425+0000] {standard_task_runner.py:105} INFO - Job 102: Subtask load_data
[2024-12-01T11:28:15.425+0000] {standard_task_runner.py:72} INFO - Started process 12658 to run task
[2024-12-01T11:28:15.530+0000] {task_command.py:467} INFO - Running <TaskInstance: NEPSE_DAG.load_data manual__2024-12-01T11:27:03.890539+00:00 [running]> on host 3ea3626af2da
[2024-12-01T11:28:15.667+0000] {taskinstance.py:3132} INFO - Exporting env vars: AIRFLOW_CTX_DAG_OWNER='***' AIRFLOW_CTX_DAG_ID='NEPSE_DAG' AIRFLOW_CTX_TASK_ID='load_data' AIRFLOW_CTX_EXECUTION_DATE='2024-12-01T11:27:03.890539+00:00' AIRFLOW_CTX_TRY_NUMBER='1' AIRFLOW_CTX_DAG_RUN_ID='manual__2024-12-01T11:27:03.890539+00:00'
[2024-12-01T11:28:15.670+0000] {logging_mixin.py:190} INFO - Task instance is in running state
[2024-12-01T11:28:15.671+0000] {logging_mixin.py:190} INFO -  Previous state of the Task instance: queued
[2024-12-01T11:28:15.672+0000] {logging_mixin.py:190} INFO - Current task name:load_data state:running start_date:2024-12-01 11:28:15.342630+00:00
[2024-12-01T11:28:15.673+0000] {logging_mixin.py:190} INFO - Dag name:NEPSE_DAG and current dag run status:running
[2024-12-01T11:28:15.675+0000] {taskinstance.py:731} INFO - ::endgroup::
[2024-12-01T11:28:15.777+0000] {logging_mixin.py:190} INFO - creating Dim Symbol failed Table temp_dim_symbol not found
[2024-12-01T11:28:15.782+0000] {logging_mixin.py:190} INFO - creating Dim Date FailedTable temp_dim_symbol not found
[2024-12-01T11:28:15.977+0000] {python.py:240} INFO - Done. Returned value was: None
[2024-12-01T11:28:15.993+0000] {taskinstance.py:340} INFO - ::group::Post task execution logs
[2024-12-01T11:28:15.994+0000] {taskinstance.py:352} INFO - Marking task as SUCCESS. dag_id=NEPSE_DAG, task_id=load_data, run_id=manual__2024-12-01T11:27:03.890539+00:00, execution_date=20241201T112703, start_date=20241201T112815, end_date=20241201T112815
[2024-12-01T11:28:16.018+0000] {logging_mixin.py:190} INFO - Task instance in success state
[2024-12-01T11:28:16.019+0000] {logging_mixin.py:190} INFO -  Previous state of the Task instance: running
[2024-12-01T11:28:16.020+0000] {logging_mixin.py:190} INFO - Dag name:NEPSE_DAG queued_at:2024-12-01 11:27:04.048481+00:00
[2024-12-01T11:28:16.020+0000] {logging_mixin.py:190} INFO - Task hostname:3ea3626af2da operator:PythonOperator
[2024-12-01T11:28:16.055+0000] {local_task_job_runner.py:266} INFO - Task exited with return code 0
[2024-12-01T11:28:16.080+0000] {taskinstance.py:3895} INFO - 0 downstream tasks scheduled from follow-on schedule check
[2024-12-01T11:28:16.085+0000] {local_task_job_runner.py:245} INFO - ::endgroup::
