[2024-11-25T09:49:43.123+0000] {processor.py:186} INFO - Started process (PID=355) to work on /home/airflow/.local/lib/python3.12/site-packages/airflow/example_dags/example_dataset_alias.py
[2024-11-25T09:49:43.125+0000] {processor.py:914} INFO - Processing file /home/airflow/.local/lib/python3.12/site-packages/airflow/example_dags/example_dataset_alias.py for tasks to queue
[2024-11-25T09:49:43.131+0000] {logging_mixin.py:190} INFO - [2024-11-25T09:49:43.130+0000] {dagbag.py:588} INFO - Filling up the DagBag from /home/airflow/.local/lib/python3.12/site-packages/airflow/example_dags/example_dataset_alias.py
[2024-11-25T09:49:44.155+0000] {processor.py:925} INFO - DAG(s) 'dataset_alias_example_alias_producer', 'dataset_s3_bucket_producer', 'dataset_s3_bucket_consumer', 'dataset_alias_example_alias_consumer' retrieved from /home/airflow/.local/lib/python3.12/site-packages/airflow/example_dags/example_dataset_alias.py
[2024-11-25T09:49:44.196+0000] {logging_mixin.py:190} INFO - [2024-11-25T09:49:44.195+0000] {dag.py:3239} INFO - Sync 4 DAGs
[2024-11-25T09:49:44.256+0000] {logging_mixin.py:190} INFO - [2024-11-25T09:49:44.255+0000] {dag.py:4180} INFO - Setting next_dagrun for dataset_alias_example_alias_consumer to None, run_after=None
[2024-11-25T09:49:44.272+0000] {logging_mixin.py:190} INFO - [2024-11-25T09:49:44.271+0000] {dag.py:4180} INFO - Setting next_dagrun for dataset_alias_example_alias_producer to None, run_after=None
[2024-11-25T09:49:44.275+0000] {logging_mixin.py:190} INFO - [2024-11-25T09:49:44.275+0000] {dag.py:4180} INFO - Setting next_dagrun for dataset_s3_bucket_consumer to None, run_after=None
[2024-11-25T09:49:44.280+0000] {logging_mixin.py:190} INFO - [2024-11-25T09:49:44.280+0000] {dag.py:4180} INFO - Setting next_dagrun for dataset_s3_bucket_producer to None, run_after=None
[2024-11-25T09:49:44.343+0000] {processor.py:208} INFO - Processing /home/airflow/.local/lib/python3.12/site-packages/airflow/example_dags/example_dataset_alias.py took 1.231 seconds
[2024-11-25T09:50:14.492+0000] {processor.py:186} INFO - Started process (PID=668) to work on /home/airflow/.local/lib/python3.12/site-packages/airflow/example_dags/example_dataset_alias.py
[2024-11-25T09:50:14.517+0000] {processor.py:914} INFO - Processing file /home/airflow/.local/lib/python3.12/site-packages/airflow/example_dags/example_dataset_alias.py for tasks to queue
[2024-11-25T09:50:14.520+0000] {logging_mixin.py:190} INFO - [2024-11-25T09:50:14.520+0000] {dagbag.py:588} INFO - Filling up the DagBag from /home/airflow/.local/lib/python3.12/site-packages/airflow/example_dags/example_dataset_alias.py
[2024-11-25T09:50:15.444+0000] {processor.py:925} INFO - DAG(s) 'dataset_alias_example_alias_consumer', 'dataset_s3_bucket_consumer', 'dataset_alias_example_alias_producer', 'dataset_s3_bucket_producer' retrieved from /home/airflow/.local/lib/python3.12/site-packages/airflow/example_dags/example_dataset_alias.py
[2024-11-25T09:50:15.479+0000] {logging_mixin.py:190} INFO - [2024-11-25T09:50:15.478+0000] {dag.py:3239} INFO - Sync 4 DAGs
[2024-11-25T09:50:15.531+0000] {logging_mixin.py:190} INFO - [2024-11-25T09:50:15.531+0000] {dag.py:4180} INFO - Setting next_dagrun for dataset_alias_example_alias_consumer to None, run_after=None
[2024-11-25T09:50:15.537+0000] {logging_mixin.py:190} INFO - [2024-11-25T09:50:15.537+0000] {dag.py:4180} INFO - Setting next_dagrun for dataset_alias_example_alias_producer to None, run_after=None
[2024-11-25T09:50:15.541+0000] {logging_mixin.py:190} INFO - [2024-11-25T09:50:15.540+0000] {dag.py:4180} INFO - Setting next_dagrun for dataset_s3_bucket_consumer to None, run_after=None
[2024-11-25T09:50:15.544+0000] {logging_mixin.py:190} INFO - [2024-11-25T09:50:15.544+0000] {dag.py:4180} INFO - Setting next_dagrun for dataset_s3_bucket_producer to None, run_after=None
[2024-11-25T09:50:15.589+0000] {processor.py:208} INFO - Processing /home/airflow/.local/lib/python3.12/site-packages/airflow/example_dags/example_dataset_alias.py took 1.103 seconds
[2024-11-25T09:50:46.033+0000] {processor.py:186} INFO - Started process (PID=994) to work on /home/airflow/.local/lib/python3.12/site-packages/airflow/example_dags/example_dataset_alias.py
[2024-11-25T09:50:46.035+0000] {processor.py:914} INFO - Processing file /home/airflow/.local/lib/python3.12/site-packages/airflow/example_dags/example_dataset_alias.py for tasks to queue
[2024-11-25T09:50:46.038+0000] {logging_mixin.py:190} INFO - [2024-11-25T09:50:46.037+0000] {dagbag.py:588} INFO - Filling up the DagBag from /home/airflow/.local/lib/python3.12/site-packages/airflow/example_dags/example_dataset_alias.py
[2024-11-25T09:50:47.563+0000] {processor.py:925} INFO - DAG(s) 'dataset_s3_bucket_consumer', 'dataset_alias_example_alias_producer', 'dataset_alias_example_alias_consumer', 'dataset_s3_bucket_producer' retrieved from /home/airflow/.local/lib/python3.12/site-packages/airflow/example_dags/example_dataset_alias.py
[2024-11-25T09:50:47.607+0000] {logging_mixin.py:190} INFO - [2024-11-25T09:50:47.606+0000] {dag.py:3239} INFO - Sync 4 DAGs
[2024-11-25T09:50:47.640+0000] {logging_mixin.py:190} INFO - [2024-11-25T09:50:47.640+0000] {dag.py:4180} INFO - Setting next_dagrun for dataset_alias_example_alias_consumer to None, run_after=None
[2024-11-25T09:50:47.645+0000] {logging_mixin.py:190} INFO - [2024-11-25T09:50:47.645+0000] {dag.py:4180} INFO - Setting next_dagrun for dataset_alias_example_alias_producer to None, run_after=None
[2024-11-25T09:50:47.648+0000] {logging_mixin.py:190} INFO - [2024-11-25T09:50:47.648+0000] {dag.py:4180} INFO - Setting next_dagrun for dataset_s3_bucket_consumer to None, run_after=None
[2024-11-25T09:50:47.651+0000] {logging_mixin.py:190} INFO - [2024-11-25T09:50:47.650+0000] {dag.py:4180} INFO - Setting next_dagrun for dataset_s3_bucket_producer to None, run_after=None
[2024-11-25T09:50:47.686+0000] {processor.py:208} INFO - Processing /home/airflow/.local/lib/python3.12/site-packages/airflow/example_dags/example_dataset_alias.py took 1.667 seconds
[2024-11-25T09:51:18.024+0000] {processor.py:186} INFO - Started process (PID=1323) to work on /home/airflow/.local/lib/python3.12/site-packages/airflow/example_dags/example_dataset_alias.py
[2024-11-25T09:51:18.026+0000] {processor.py:914} INFO - Processing file /home/airflow/.local/lib/python3.12/site-packages/airflow/example_dags/example_dataset_alias.py for tasks to queue
[2024-11-25T09:51:18.028+0000] {logging_mixin.py:190} INFO - [2024-11-25T09:51:18.028+0000] {dagbag.py:588} INFO - Filling up the DagBag from /home/airflow/.local/lib/python3.12/site-packages/airflow/example_dags/example_dataset_alias.py
[2024-11-25T09:51:18.723+0000] {processor.py:925} INFO - DAG(s) 'dataset_s3_bucket_consumer', 'dataset_alias_example_alias_consumer', 'dataset_s3_bucket_producer', 'dataset_alias_example_alias_producer' retrieved from /home/airflow/.local/lib/python3.12/site-packages/airflow/example_dags/example_dataset_alias.py
[2024-11-25T09:51:18.773+0000] {logging_mixin.py:190} INFO - [2024-11-25T09:51:18.773+0000] {dag.py:3239} INFO - Sync 4 DAGs
[2024-11-25T09:51:18.808+0000] {logging_mixin.py:190} INFO - [2024-11-25T09:51:18.808+0000] {dag.py:4180} INFO - Setting next_dagrun for dataset_alias_example_alias_consumer to None, run_after=None
[2024-11-25T09:51:18.813+0000] {logging_mixin.py:190} INFO - [2024-11-25T09:51:18.813+0000] {dag.py:4180} INFO - Setting next_dagrun for dataset_alias_example_alias_producer to None, run_after=None
[2024-11-25T09:51:18.815+0000] {logging_mixin.py:190} INFO - [2024-11-25T09:51:18.815+0000] {dag.py:4180} INFO - Setting next_dagrun for dataset_s3_bucket_consumer to None, run_after=None
[2024-11-25T09:51:18.817+0000] {logging_mixin.py:190} INFO - [2024-11-25T09:51:18.817+0000] {dag.py:4180} INFO - Setting next_dagrun for dataset_s3_bucket_producer to None, run_after=None
[2024-11-25T09:51:18.840+0000] {processor.py:208} INFO - Processing /home/airflow/.local/lib/python3.12/site-packages/airflow/example_dags/example_dataset_alias.py took 0.824 seconds
[2024-11-25T09:51:48.952+0000] {processor.py:186} INFO - Started process (PID=1629) to work on /home/airflow/.local/lib/python3.12/site-packages/airflow/example_dags/example_dataset_alias.py
[2024-11-25T09:51:48.955+0000] {processor.py:914} INFO - Processing file /home/airflow/.local/lib/python3.12/site-packages/airflow/example_dags/example_dataset_alias.py for tasks to queue
[2024-11-25T09:51:48.958+0000] {logging_mixin.py:190} INFO - [2024-11-25T09:51:48.957+0000] {dagbag.py:588} INFO - Filling up the DagBag from /home/airflow/.local/lib/python3.12/site-packages/airflow/example_dags/example_dataset_alias.py
[2024-11-25T09:51:50.274+0000] {processor.py:925} INFO - DAG(s) 'dataset_alias_example_alias_consumer', 'dataset_s3_bucket_consumer', 'dataset_s3_bucket_producer', 'dataset_alias_example_alias_producer' retrieved from /home/airflow/.local/lib/python3.12/site-packages/airflow/example_dags/example_dataset_alias.py
[2024-11-25T09:51:50.369+0000] {logging_mixin.py:190} INFO - [2024-11-25T09:51:50.357+0000] {dag.py:3239} INFO - Sync 4 DAGs
[2024-11-25T09:51:50.489+0000] {logging_mixin.py:190} INFO - [2024-11-25T09:51:50.488+0000] {dag.py:4180} INFO - Setting next_dagrun for dataset_alias_example_alias_consumer to None, run_after=None
[2024-11-25T09:51:50.502+0000] {logging_mixin.py:190} INFO - [2024-11-25T09:51:50.501+0000] {dag.py:4180} INFO - Setting next_dagrun for dataset_alias_example_alias_producer to None, run_after=None
[2024-11-25T09:51:50.516+0000] {logging_mixin.py:190} INFO - [2024-11-25T09:51:50.515+0000] {dag.py:4180} INFO - Setting next_dagrun for dataset_s3_bucket_consumer to None, run_after=None
[2024-11-25T09:51:50.520+0000] {logging_mixin.py:190} INFO - [2024-11-25T09:51:50.519+0000] {dag.py:4180} INFO - Setting next_dagrun for dataset_s3_bucket_producer to None, run_after=None
[2024-11-25T09:51:50.611+0000] {processor.py:208} INFO - Processing /home/airflow/.local/lib/python3.12/site-packages/airflow/example_dags/example_dataset_alias.py took 1.668 seconds
[2024-11-25T09:52:22.574+0000] {processor.py:186} INFO - Started process (PID=1940) to work on /home/airflow/.local/lib/python3.12/site-packages/airflow/example_dags/example_dataset_alias.py
[2024-11-25T09:52:22.578+0000] {processor.py:914} INFO - Processing file /home/airflow/.local/lib/python3.12/site-packages/airflow/example_dags/example_dataset_alias.py for tasks to queue
[2024-11-25T09:52:22.580+0000] {logging_mixin.py:190} INFO - [2024-11-25T09:52:22.580+0000] {dagbag.py:588} INFO - Filling up the DagBag from /home/airflow/.local/lib/python3.12/site-packages/airflow/example_dags/example_dataset_alias.py
[2024-11-25T09:52:24.577+0000] {processor.py:925} INFO - DAG(s) 'dataset_s3_bucket_consumer', 'dataset_s3_bucket_producer', 'dataset_alias_example_alias_consumer', 'dataset_alias_example_alias_producer' retrieved from /home/airflow/.local/lib/python3.12/site-packages/airflow/example_dags/example_dataset_alias.py
[2024-11-25T09:52:24.626+0000] {logging_mixin.py:190} INFO - [2024-11-25T09:52:24.625+0000] {dag.py:3239} INFO - Sync 4 DAGs
[2024-11-25T09:52:24.713+0000] {logging_mixin.py:190} INFO - [2024-11-25T09:52:24.712+0000] {dag.py:4180} INFO - Setting next_dagrun for dataset_alias_example_alias_consumer to None, run_after=None
[2024-11-25T09:52:24.728+0000] {logging_mixin.py:190} INFO - [2024-11-25T09:52:24.728+0000] {dag.py:4180} INFO - Setting next_dagrun for dataset_alias_example_alias_producer to None, run_after=None
[2024-11-25T09:52:24.733+0000] {logging_mixin.py:190} INFO - [2024-11-25T09:52:24.732+0000] {dag.py:4180} INFO - Setting next_dagrun for dataset_s3_bucket_consumer to None, run_after=None
[2024-11-25T09:52:24.743+0000] {logging_mixin.py:190} INFO - [2024-11-25T09:52:24.742+0000] {dag.py:4180} INFO - Setting next_dagrun for dataset_s3_bucket_producer to None, run_after=None
[2024-11-25T09:52:24.815+0000] {processor.py:208} INFO - Processing /home/airflow/.local/lib/python3.12/site-packages/airflow/example_dags/example_dataset_alias.py took 2.250 seconds
[2024-11-25T09:52:55.330+0000] {processor.py:186} INFO - Started process (PID=2236) to work on /home/airflow/.local/lib/python3.12/site-packages/airflow/example_dags/example_dataset_alias.py
[2024-11-25T09:52:55.333+0000] {processor.py:914} INFO - Processing file /home/airflow/.local/lib/python3.12/site-packages/airflow/example_dags/example_dataset_alias.py for tasks to queue
[2024-11-25T09:52:55.336+0000] {logging_mixin.py:190} INFO - [2024-11-25T09:52:55.335+0000] {dagbag.py:588} INFO - Filling up the DagBag from /home/airflow/.local/lib/python3.12/site-packages/airflow/example_dags/example_dataset_alias.py
[2024-11-25T09:52:56.454+0000] {processor.py:925} INFO - DAG(s) 'dataset_alias_example_alias_producer', 'dataset_alias_example_alias_consumer', 'dataset_s3_bucket_consumer', 'dataset_s3_bucket_producer' retrieved from /home/airflow/.local/lib/python3.12/site-packages/airflow/example_dags/example_dataset_alias.py
[2024-11-25T09:52:56.496+0000] {logging_mixin.py:190} INFO - [2024-11-25T09:52:56.495+0000] {dag.py:3239} INFO - Sync 4 DAGs
[2024-11-25T09:52:56.563+0000] {logging_mixin.py:190} INFO - [2024-11-25T09:52:56.563+0000] {dag.py:4180} INFO - Setting next_dagrun for dataset_alias_example_alias_consumer to None, run_after=None
[2024-11-25T09:52:56.567+0000] {logging_mixin.py:190} INFO - [2024-11-25T09:52:56.567+0000] {dag.py:4180} INFO - Setting next_dagrun for dataset_alias_example_alias_producer to None, run_after=None
[2024-11-25T09:52:56.570+0000] {logging_mixin.py:190} INFO - [2024-11-25T09:52:56.569+0000] {dag.py:4180} INFO - Setting next_dagrun for dataset_s3_bucket_consumer to None, run_after=None
[2024-11-25T09:52:56.572+0000] {logging_mixin.py:190} INFO - [2024-11-25T09:52:56.571+0000] {dag.py:4180} INFO - Setting next_dagrun for dataset_s3_bucket_producer to None, run_after=None
[2024-11-25T09:52:56.624+0000] {processor.py:208} INFO - Processing /home/airflow/.local/lib/python3.12/site-packages/airflow/example_dags/example_dataset_alias.py took 1.308 seconds
[2024-11-25T09:53:26.832+0000] {processor.py:186} INFO - Started process (PID=2534) to work on /home/airflow/.local/lib/python3.12/site-packages/airflow/example_dags/example_dataset_alias.py
[2024-11-25T09:53:26.834+0000] {processor.py:914} INFO - Processing file /home/airflow/.local/lib/python3.12/site-packages/airflow/example_dags/example_dataset_alias.py for tasks to queue
[2024-11-25T09:53:26.836+0000] {logging_mixin.py:190} INFO - [2024-11-25T09:53:26.836+0000] {dagbag.py:588} INFO - Filling up the DagBag from /home/airflow/.local/lib/python3.12/site-packages/airflow/example_dags/example_dataset_alias.py
[2024-11-25T09:53:27.725+0000] {processor.py:925} INFO - DAG(s) 'dataset_s3_bucket_consumer', 'dataset_alias_example_alias_producer', 'dataset_s3_bucket_producer', 'dataset_alias_example_alias_consumer' retrieved from /home/airflow/.local/lib/python3.12/site-packages/airflow/example_dags/example_dataset_alias.py
[2024-11-25T09:53:27.787+0000] {logging_mixin.py:190} INFO - [2024-11-25T09:53:27.787+0000] {dag.py:3239} INFO - Sync 4 DAGs
[2024-11-25T09:53:27.836+0000] {logging_mixin.py:190} INFO - [2024-11-25T09:53:27.836+0000] {dag.py:4180} INFO - Setting next_dagrun for dataset_alias_example_alias_consumer to None, run_after=None
[2024-11-25T09:53:27.841+0000] {logging_mixin.py:190} INFO - [2024-11-25T09:53:27.841+0000] {dag.py:4180} INFO - Setting next_dagrun for dataset_alias_example_alias_producer to None, run_after=None
[2024-11-25T09:53:27.844+0000] {logging_mixin.py:190} INFO - [2024-11-25T09:53:27.844+0000] {dag.py:4180} INFO - Setting next_dagrun for dataset_s3_bucket_consumer to None, run_after=None
[2024-11-25T09:53:27.847+0000] {logging_mixin.py:190} INFO - [2024-11-25T09:53:27.847+0000] {dag.py:4180} INFO - Setting next_dagrun for dataset_s3_bucket_producer to None, run_after=None
[2024-11-25T09:53:28.087+0000] {processor.py:208} INFO - Processing /home/airflow/.local/lib/python3.12/site-packages/airflow/example_dags/example_dataset_alias.py took 1.264 seconds
[2024-11-25T09:53:58.238+0000] {processor.py:186} INFO - Started process (PID=2830) to work on /home/airflow/.local/lib/python3.12/site-packages/airflow/example_dags/example_dataset_alias.py
[2024-11-25T09:53:58.240+0000] {processor.py:914} INFO - Processing file /home/airflow/.local/lib/python3.12/site-packages/airflow/example_dags/example_dataset_alias.py for tasks to queue
[2024-11-25T09:53:58.241+0000] {logging_mixin.py:190} INFO - [2024-11-25T09:53:58.241+0000] {dagbag.py:588} INFO - Filling up the DagBag from /home/airflow/.local/lib/python3.12/site-packages/airflow/example_dags/example_dataset_alias.py
[2024-11-25T09:53:58.792+0000] {processor.py:925} INFO - DAG(s) 'dataset_alias_example_alias_consumer', 'dataset_alias_example_alias_producer', 'dataset_s3_bucket_producer', 'dataset_s3_bucket_consumer' retrieved from /home/airflow/.local/lib/python3.12/site-packages/airflow/example_dags/example_dataset_alias.py
[2024-11-25T09:53:58.816+0000] {logging_mixin.py:190} INFO - [2024-11-25T09:53:58.816+0000] {dag.py:3239} INFO - Sync 4 DAGs
[2024-11-25T09:53:58.837+0000] {logging_mixin.py:190} INFO - [2024-11-25T09:53:58.837+0000] {dag.py:4180} INFO - Setting next_dagrun for dataset_alias_example_alias_consumer to None, run_after=None
[2024-11-25T09:53:58.841+0000] {logging_mixin.py:190} INFO - [2024-11-25T09:53:58.841+0000] {dag.py:4180} INFO - Setting next_dagrun for dataset_alias_example_alias_producer to None, run_after=None
[2024-11-25T09:53:58.843+0000] {logging_mixin.py:190} INFO - [2024-11-25T09:53:58.843+0000] {dag.py:4180} INFO - Setting next_dagrun for dataset_s3_bucket_consumer to None, run_after=None
[2024-11-25T09:53:58.846+0000] {logging_mixin.py:190} INFO - [2024-11-25T09:53:58.845+0000] {dag.py:4180} INFO - Setting next_dagrun for dataset_s3_bucket_producer to None, run_after=None
[2024-11-25T09:53:58.871+0000] {processor.py:208} INFO - Processing /home/airflow/.local/lib/python3.12/site-packages/airflow/example_dags/example_dataset_alias.py took 0.638 seconds
[2024-11-25T09:54:29.870+0000] {processor.py:186} INFO - Started process (PID=3126) to work on /home/airflow/.local/lib/python3.12/site-packages/airflow/example_dags/example_dataset_alias.py
[2024-11-25T09:54:29.871+0000] {processor.py:914} INFO - Processing file /home/airflow/.local/lib/python3.12/site-packages/airflow/example_dags/example_dataset_alias.py for tasks to queue
[2024-11-25T09:54:29.873+0000] {logging_mixin.py:190} INFO - [2024-11-25T09:54:29.872+0000] {dagbag.py:588} INFO - Filling up the DagBag from /home/airflow/.local/lib/python3.12/site-packages/airflow/example_dags/example_dataset_alias.py
[2024-11-25T09:54:30.640+0000] {processor.py:925} INFO - DAG(s) 'dataset_s3_bucket_consumer', 'dataset_alias_example_alias_consumer', 'dataset_s3_bucket_producer', 'dataset_alias_example_alias_producer' retrieved from /home/airflow/.local/lib/python3.12/site-packages/airflow/example_dags/example_dataset_alias.py
[2024-11-25T09:54:30.671+0000] {logging_mixin.py:190} INFO - [2024-11-25T09:54:30.670+0000] {dag.py:3239} INFO - Sync 4 DAGs
[2024-11-25T09:54:30.701+0000] {logging_mixin.py:190} INFO - [2024-11-25T09:54:30.701+0000] {dag.py:4180} INFO - Setting next_dagrun for dataset_alias_example_alias_consumer to None, run_after=None
[2024-11-25T09:54:30.705+0000] {logging_mixin.py:190} INFO - [2024-11-25T09:54:30.704+0000] {dag.py:4180} INFO - Setting next_dagrun for dataset_alias_example_alias_producer to None, run_after=None
[2024-11-25T09:54:30.707+0000] {logging_mixin.py:190} INFO - [2024-11-25T09:54:30.706+0000] {dag.py:4180} INFO - Setting next_dagrun for dataset_s3_bucket_consumer to None, run_after=None
[2024-11-25T09:54:30.709+0000] {logging_mixin.py:190} INFO - [2024-11-25T09:54:30.708+0000] {dag.py:4180} INFO - Setting next_dagrun for dataset_s3_bucket_producer to None, run_after=None
[2024-11-25T09:54:30.737+0000] {processor.py:208} INFO - Processing /home/airflow/.local/lib/python3.12/site-packages/airflow/example_dags/example_dataset_alias.py took 0.874 seconds
[2024-11-25T09:55:01.425+0000] {processor.py:186} INFO - Started process (PID=3428) to work on /home/airflow/.local/lib/python3.12/site-packages/airflow/example_dags/example_dataset_alias.py
[2024-11-25T09:55:01.427+0000] {processor.py:914} INFO - Processing file /home/airflow/.local/lib/python3.12/site-packages/airflow/example_dags/example_dataset_alias.py for tasks to queue
[2024-11-25T09:55:01.429+0000] {logging_mixin.py:190} INFO - [2024-11-25T09:55:01.429+0000] {dagbag.py:588} INFO - Filling up the DagBag from /home/airflow/.local/lib/python3.12/site-packages/airflow/example_dags/example_dataset_alias.py
[2024-11-25T09:55:02.229+0000] {processor.py:925} INFO - DAG(s) 'dataset_s3_bucket_consumer', 'dataset_alias_example_alias_consumer', 'dataset_alias_example_alias_producer', 'dataset_s3_bucket_producer' retrieved from /home/airflow/.local/lib/python3.12/site-packages/airflow/example_dags/example_dataset_alias.py
[2024-11-25T09:55:02.262+0000] {logging_mixin.py:190} INFO - [2024-11-25T09:55:02.261+0000] {dag.py:3239} INFO - Sync 4 DAGs
[2024-11-25T09:55:02.306+0000] {logging_mixin.py:190} INFO - [2024-11-25T09:55:02.305+0000] {dag.py:4180} INFO - Setting next_dagrun for dataset_alias_example_alias_consumer to None, run_after=None
[2024-11-25T09:55:02.310+0000] {logging_mixin.py:190} INFO - [2024-11-25T09:55:02.310+0000] {dag.py:4180} INFO - Setting next_dagrun for dataset_alias_example_alias_producer to None, run_after=None
[2024-11-25T09:55:02.313+0000] {logging_mixin.py:190} INFO - [2024-11-25T09:55:02.312+0000] {dag.py:4180} INFO - Setting next_dagrun for dataset_s3_bucket_consumer to None, run_after=None
[2024-11-25T09:55:02.317+0000] {logging_mixin.py:190} INFO - [2024-11-25T09:55:02.316+0000] {dag.py:4180} INFO - Setting next_dagrun for dataset_s3_bucket_producer to None, run_after=None
[2024-11-25T09:55:02.353+0000] {processor.py:208} INFO - Processing /home/airflow/.local/lib/python3.12/site-packages/airflow/example_dags/example_dataset_alias.py took 0.941 seconds
[2024-11-25T09:55:32.878+0000] {processor.py:186} INFO - Started process (PID=3725) to work on /home/airflow/.local/lib/python3.12/site-packages/airflow/example_dags/example_dataset_alias.py
[2024-11-25T09:55:32.880+0000] {processor.py:914} INFO - Processing file /home/airflow/.local/lib/python3.12/site-packages/airflow/example_dags/example_dataset_alias.py for tasks to queue
[2024-11-25T09:55:32.883+0000] {logging_mixin.py:190} INFO - [2024-11-25T09:55:32.882+0000] {dagbag.py:588} INFO - Filling up the DagBag from /home/airflow/.local/lib/python3.12/site-packages/airflow/example_dags/example_dataset_alias.py
[2024-11-25T09:55:34.111+0000] {processor.py:925} INFO - DAG(s) 'dataset_s3_bucket_producer', 'dataset_alias_example_alias_consumer', 'dataset_alias_example_alias_producer', 'dataset_s3_bucket_consumer' retrieved from /home/airflow/.local/lib/python3.12/site-packages/airflow/example_dags/example_dataset_alias.py
[2024-11-25T09:55:34.154+0000] {logging_mixin.py:190} INFO - [2024-11-25T09:55:34.152+0000] {dag.py:3239} INFO - Sync 4 DAGs
[2024-11-25T09:55:34.221+0000] {logging_mixin.py:190} INFO - [2024-11-25T09:55:34.221+0000] {dag.py:4180} INFO - Setting next_dagrun for dataset_alias_example_alias_consumer to None, run_after=None
[2024-11-25T09:55:34.229+0000] {logging_mixin.py:190} INFO - [2024-11-25T09:55:34.229+0000] {dag.py:4180} INFO - Setting next_dagrun for dataset_alias_example_alias_producer to None, run_after=None
[2024-11-25T09:55:34.233+0000] {logging_mixin.py:190} INFO - [2024-11-25T09:55:34.232+0000] {dag.py:4180} INFO - Setting next_dagrun for dataset_s3_bucket_consumer to None, run_after=None
[2024-11-25T09:55:34.237+0000] {logging_mixin.py:190} INFO - [2024-11-25T09:55:34.236+0000] {dag.py:4180} INFO - Setting next_dagrun for dataset_s3_bucket_producer to None, run_after=None
[2024-11-25T09:55:34.297+0000] {processor.py:208} INFO - Processing /home/airflow/.local/lib/python3.12/site-packages/airflow/example_dags/example_dataset_alias.py took 1.443 seconds
[2024-11-25T09:56:04.649+0000] {processor.py:186} INFO - Started process (PID=4021) to work on /home/airflow/.local/lib/python3.12/site-packages/airflow/example_dags/example_dataset_alias.py
[2024-11-25T09:56:04.650+0000] {processor.py:914} INFO - Processing file /home/airflow/.local/lib/python3.12/site-packages/airflow/example_dags/example_dataset_alias.py for tasks to queue
[2024-11-25T09:56:04.652+0000] {logging_mixin.py:190} INFO - [2024-11-25T09:56:04.652+0000] {dagbag.py:588} INFO - Filling up the DagBag from /home/airflow/.local/lib/python3.12/site-packages/airflow/example_dags/example_dataset_alias.py
[2024-11-25T09:56:05.220+0000] {processor.py:925} INFO - DAG(s) 'dataset_alias_example_alias_consumer', 'dataset_s3_bucket_consumer', 'dataset_alias_example_alias_producer', 'dataset_s3_bucket_producer' retrieved from /home/airflow/.local/lib/python3.12/site-packages/airflow/example_dags/example_dataset_alias.py
[2024-11-25T09:56:05.245+0000] {logging_mixin.py:190} INFO - [2024-11-25T09:56:05.245+0000] {dag.py:3239} INFO - Sync 4 DAGs
[2024-11-25T09:56:05.270+0000] {logging_mixin.py:190} INFO - [2024-11-25T09:56:05.270+0000] {dag.py:4180} INFO - Setting next_dagrun for dataset_alias_example_alias_consumer to None, run_after=None
[2024-11-25T09:56:05.273+0000] {logging_mixin.py:190} INFO - [2024-11-25T09:56:05.273+0000] {dag.py:4180} INFO - Setting next_dagrun for dataset_alias_example_alias_producer to None, run_after=None
[2024-11-25T09:56:05.276+0000] {logging_mixin.py:190} INFO - [2024-11-25T09:56:05.276+0000] {dag.py:4180} INFO - Setting next_dagrun for dataset_s3_bucket_consumer to None, run_after=None
[2024-11-25T09:56:05.278+0000] {logging_mixin.py:190} INFO - [2024-11-25T09:56:05.278+0000] {dag.py:4180} INFO - Setting next_dagrun for dataset_s3_bucket_producer to None, run_after=None
[2024-11-25T09:56:05.304+0000] {processor.py:208} INFO - Processing /home/airflow/.local/lib/python3.12/site-packages/airflow/example_dags/example_dataset_alias.py took 0.661 seconds
[2024-11-25T09:56:35.388+0000] {processor.py:186} INFO - Started process (PID=4317) to work on /home/airflow/.local/lib/python3.12/site-packages/airflow/example_dags/example_dataset_alias.py
[2024-11-25T09:56:35.389+0000] {processor.py:914} INFO - Processing file /home/airflow/.local/lib/python3.12/site-packages/airflow/example_dags/example_dataset_alias.py for tasks to queue
[2024-11-25T09:56:35.391+0000] {logging_mixin.py:190} INFO - [2024-11-25T09:56:35.391+0000] {dagbag.py:588} INFO - Filling up the DagBag from /home/airflow/.local/lib/python3.12/site-packages/airflow/example_dags/example_dataset_alias.py
[2024-11-25T09:56:35.988+0000] {processor.py:925} INFO - DAG(s) 'dataset_alias_example_alias_producer', 'dataset_alias_example_alias_consumer', 'dataset_s3_bucket_consumer', 'dataset_s3_bucket_producer' retrieved from /home/airflow/.local/lib/python3.12/site-packages/airflow/example_dags/example_dataset_alias.py
[2024-11-25T09:56:36.013+0000] {logging_mixin.py:190} INFO - [2024-11-25T09:56:36.013+0000] {dag.py:3239} INFO - Sync 4 DAGs
[2024-11-25T09:56:36.035+0000] {logging_mixin.py:190} INFO - [2024-11-25T09:56:36.035+0000] {dag.py:4180} INFO - Setting next_dagrun for dataset_alias_example_alias_consumer to None, run_after=None
[2024-11-25T09:56:36.039+0000] {logging_mixin.py:190} INFO - [2024-11-25T09:56:36.039+0000] {dag.py:4180} INFO - Setting next_dagrun for dataset_alias_example_alias_producer to None, run_after=None
[2024-11-25T09:56:36.041+0000] {logging_mixin.py:190} INFO - [2024-11-25T09:56:36.041+0000] {dag.py:4180} INFO - Setting next_dagrun for dataset_s3_bucket_consumer to None, run_after=None
[2024-11-25T09:56:36.044+0000] {logging_mixin.py:190} INFO - [2024-11-25T09:56:36.043+0000] {dag.py:4180} INFO - Setting next_dagrun for dataset_s3_bucket_producer to None, run_after=None
[2024-11-25T09:56:36.068+0000] {processor.py:208} INFO - Processing /home/airflow/.local/lib/python3.12/site-packages/airflow/example_dags/example_dataset_alias.py took 0.686 seconds
[2024-11-25T09:57:06.309+0000] {processor.py:186} INFO - Started process (PID=4618) to work on /home/airflow/.local/lib/python3.12/site-packages/airflow/example_dags/example_dataset_alias.py
[2024-11-25T09:57:06.310+0000] {processor.py:914} INFO - Processing file /home/airflow/.local/lib/python3.12/site-packages/airflow/example_dags/example_dataset_alias.py for tasks to queue
[2024-11-25T09:57:06.311+0000] {logging_mixin.py:190} INFO - [2024-11-25T09:57:06.311+0000] {dagbag.py:588} INFO - Filling up the DagBag from /home/airflow/.local/lib/python3.12/site-packages/airflow/example_dags/example_dataset_alias.py
[2024-11-25T09:57:07.100+0000] {processor.py:925} INFO - DAG(s) 'dataset_s3_bucket_consumer', 'dataset_alias_example_alias_producer', 'dataset_s3_bucket_producer', 'dataset_alias_example_alias_consumer' retrieved from /home/airflow/.local/lib/python3.12/site-packages/airflow/example_dags/example_dataset_alias.py
[2024-11-25T09:57:07.145+0000] {logging_mixin.py:190} INFO - [2024-11-25T09:57:07.144+0000] {dag.py:3239} INFO - Sync 4 DAGs
[2024-11-25T09:57:07.195+0000] {logging_mixin.py:190} INFO - [2024-11-25T09:57:07.194+0000] {dag.py:4180} INFO - Setting next_dagrun for dataset_alias_example_alias_consumer to None, run_after=None
[2024-11-25T09:57:07.201+0000] {logging_mixin.py:190} INFO - [2024-11-25T09:57:07.200+0000] {dag.py:4180} INFO - Setting next_dagrun for dataset_alias_example_alias_producer to None, run_after=None
[2024-11-25T09:57:07.205+0000] {logging_mixin.py:190} INFO - [2024-11-25T09:57:07.204+0000] {dag.py:4180} INFO - Setting next_dagrun for dataset_s3_bucket_consumer to None, run_after=None
[2024-11-25T09:57:07.209+0000] {logging_mixin.py:190} INFO - [2024-11-25T09:57:07.208+0000] {dag.py:4180} INFO - Setting next_dagrun for dataset_s3_bucket_producer to None, run_after=None
[2024-11-25T09:57:07.248+0000] {processor.py:208} INFO - Processing /home/airflow/.local/lib/python3.12/site-packages/airflow/example_dags/example_dataset_alias.py took 0.946 seconds
[2024-11-25T09:57:37.871+0000] {processor.py:186} INFO - Started process (PID=4917) to work on /home/airflow/.local/lib/python3.12/site-packages/airflow/example_dags/example_dataset_alias.py
[2024-11-25T09:57:37.897+0000] {processor.py:914} INFO - Processing file /home/airflow/.local/lib/python3.12/site-packages/airflow/example_dags/example_dataset_alias.py for tasks to queue
[2024-11-25T09:57:37.921+0000] {logging_mixin.py:190} INFO - [2024-11-25T09:57:37.912+0000] {dagbag.py:588} INFO - Filling up the DagBag from /home/airflow/.local/lib/python3.12/site-packages/airflow/example_dags/example_dataset_alias.py
[2024-11-25T09:57:46.132+0000] {processor.py:925} INFO - DAG(s) 'dataset_alias_example_alias_producer', 'dataset_alias_example_alias_consumer', 'dataset_s3_bucket_producer', 'dataset_s3_bucket_consumer' retrieved from /home/airflow/.local/lib/python3.12/site-packages/airflow/example_dags/example_dataset_alias.py
[2024-11-25T09:57:46.167+0000] {logging_mixin.py:190} INFO - [2024-11-25T09:57:46.166+0000] {dag.py:3239} INFO - Sync 4 DAGs
[2024-11-25T09:57:46.222+0000] {logging_mixin.py:190} INFO - [2024-11-25T09:57:46.222+0000] {dag.py:4180} INFO - Setting next_dagrun for dataset_alias_example_alias_consumer to None, run_after=None
[2024-11-25T09:57:46.226+0000] {logging_mixin.py:190} INFO - [2024-11-25T09:57:46.226+0000] {dag.py:4180} INFO - Setting next_dagrun for dataset_alias_example_alias_producer to None, run_after=None
[2024-11-25T09:57:46.228+0000] {logging_mixin.py:190} INFO - [2024-11-25T09:57:46.228+0000] {dag.py:4180} INFO - Setting next_dagrun for dataset_s3_bucket_consumer to None, run_after=None
[2024-11-25T09:57:46.230+0000] {logging_mixin.py:190} INFO - [2024-11-25T09:57:46.230+0000] {dag.py:4180} INFO - Setting next_dagrun for dataset_s3_bucket_producer to None, run_after=None
[2024-11-25T09:57:46.268+0000] {processor.py:208} INFO - Processing /home/airflow/.local/lib/python3.12/site-packages/airflow/example_dags/example_dataset_alias.py took 8.491 seconds
[2024-11-25T09:58:16.566+0000] {processor.py:186} INFO - Started process (PID=5213) to work on /home/airflow/.local/lib/python3.12/site-packages/airflow/example_dags/example_dataset_alias.py
[2024-11-25T09:58:16.568+0000] {processor.py:914} INFO - Processing file /home/airflow/.local/lib/python3.12/site-packages/airflow/example_dags/example_dataset_alias.py for tasks to queue
[2024-11-25T09:58:16.572+0000] {logging_mixin.py:190} INFO - [2024-11-25T09:58:16.571+0000] {dagbag.py:588} INFO - Filling up the DagBag from /home/airflow/.local/lib/python3.12/site-packages/airflow/example_dags/example_dataset_alias.py
[2024-11-25T09:58:18.375+0000] {processor.py:925} INFO - DAG(s) 'dataset_alias_example_alias_consumer', 'dataset_s3_bucket_producer', 'dataset_s3_bucket_consumer', 'dataset_alias_example_alias_producer' retrieved from /home/airflow/.local/lib/python3.12/site-packages/airflow/example_dags/example_dataset_alias.py
[2024-11-25T09:58:18.405+0000] {logging_mixin.py:190} INFO - [2024-11-25T09:58:18.405+0000] {dag.py:3239} INFO - Sync 4 DAGs
[2024-11-25T09:58:18.457+0000] {logging_mixin.py:190} INFO - [2024-11-25T09:58:18.456+0000] {dag.py:4180} INFO - Setting next_dagrun for dataset_alias_example_alias_consumer to None, run_after=None
[2024-11-25T09:58:18.463+0000] {logging_mixin.py:190} INFO - [2024-11-25T09:58:18.463+0000] {dag.py:4180} INFO - Setting next_dagrun for dataset_alias_example_alias_producer to None, run_after=None
[2024-11-25T09:58:18.467+0000] {logging_mixin.py:190} INFO - [2024-11-25T09:58:18.467+0000] {dag.py:4180} INFO - Setting next_dagrun for dataset_s3_bucket_consumer to None, run_after=None
[2024-11-25T09:58:18.471+0000] {logging_mixin.py:190} INFO - [2024-11-25T09:58:18.470+0000] {dag.py:4180} INFO - Setting next_dagrun for dataset_s3_bucket_producer to None, run_after=None
[2024-11-25T09:58:18.516+0000] {processor.py:208} INFO - Processing /home/airflow/.local/lib/python3.12/site-packages/airflow/example_dags/example_dataset_alias.py took 1.960 seconds
[2024-11-25T09:58:49.536+0000] {processor.py:186} INFO - Started process (PID=5527) to work on /home/airflow/.local/lib/python3.12/site-packages/airflow/example_dags/example_dataset_alias.py
[2024-11-25T09:58:49.538+0000] {processor.py:914} INFO - Processing file /home/airflow/.local/lib/python3.12/site-packages/airflow/example_dags/example_dataset_alias.py for tasks to queue
[2024-11-25T09:58:49.540+0000] {logging_mixin.py:190} INFO - [2024-11-25T09:58:49.539+0000] {dagbag.py:588} INFO - Filling up the DagBag from /home/airflow/.local/lib/python3.12/site-packages/airflow/example_dags/example_dataset_alias.py
[2024-11-25T09:58:50.197+0000] {processor.py:925} INFO - DAG(s) 'dataset_alias_example_alias_consumer', 'dataset_s3_bucket_consumer', 'dataset_s3_bucket_producer', 'dataset_alias_example_alias_producer' retrieved from /home/airflow/.local/lib/python3.12/site-packages/airflow/example_dags/example_dataset_alias.py
[2024-11-25T09:58:50.224+0000] {logging_mixin.py:190} INFO - [2024-11-25T09:58:50.224+0000] {dag.py:3239} INFO - Sync 4 DAGs
[2024-11-25T09:58:50.250+0000] {logging_mixin.py:190} INFO - [2024-11-25T09:58:50.250+0000] {dag.py:4180} INFO - Setting next_dagrun for dataset_alias_example_alias_consumer to None, run_after=None
[2024-11-25T09:58:50.254+0000] {logging_mixin.py:190} INFO - [2024-11-25T09:58:50.254+0000] {dag.py:4180} INFO - Setting next_dagrun for dataset_alias_example_alias_producer to None, run_after=None
[2024-11-25T09:58:50.256+0000] {logging_mixin.py:190} INFO - [2024-11-25T09:58:50.256+0000] {dag.py:4180} INFO - Setting next_dagrun for dataset_s3_bucket_consumer to None, run_after=None
[2024-11-25T09:58:50.258+0000] {logging_mixin.py:190} INFO - [2024-11-25T09:58:50.258+0000] {dag.py:4180} INFO - Setting next_dagrun for dataset_s3_bucket_producer to None, run_after=None
[2024-11-25T09:58:50.288+0000] {processor.py:208} INFO - Processing /home/airflow/.local/lib/python3.12/site-packages/airflow/example_dags/example_dataset_alias.py took 0.758 seconds
[2024-11-25T09:59:20.988+0000] {processor.py:186} INFO - Started process (PID=5831) to work on /home/airflow/.local/lib/python3.12/site-packages/airflow/example_dags/example_dataset_alias.py
[2024-11-25T09:59:20.989+0000] {processor.py:914} INFO - Processing file /home/airflow/.local/lib/python3.12/site-packages/airflow/example_dags/example_dataset_alias.py for tasks to queue
[2024-11-25T09:59:20.991+0000] {logging_mixin.py:190} INFO - [2024-11-25T09:59:20.990+0000] {dagbag.py:588} INFO - Filling up the DagBag from /home/airflow/.local/lib/python3.12/site-packages/airflow/example_dags/example_dataset_alias.py
[2024-11-25T09:59:21.815+0000] {processor.py:925} INFO - DAG(s) 'dataset_alias_example_alias_producer', 'dataset_s3_bucket_consumer', 'dataset_alias_example_alias_consumer', 'dataset_s3_bucket_producer' retrieved from /home/airflow/.local/lib/python3.12/site-packages/airflow/example_dags/example_dataset_alias.py
[2024-11-25T09:59:21.849+0000] {logging_mixin.py:190} INFO - [2024-11-25T09:59:21.848+0000] {dag.py:3239} INFO - Sync 4 DAGs
[2024-11-25T09:59:21.881+0000] {logging_mixin.py:190} INFO - [2024-11-25T09:59:21.881+0000] {dag.py:4180} INFO - Setting next_dagrun for dataset_alias_example_alias_consumer to None, run_after=None
[2024-11-25T09:59:21.886+0000] {logging_mixin.py:190} INFO - [2024-11-25T09:59:21.885+0000] {dag.py:4180} INFO - Setting next_dagrun for dataset_alias_example_alias_producer to None, run_after=None
[2024-11-25T09:59:21.888+0000] {logging_mixin.py:190} INFO - [2024-11-25T09:59:21.888+0000] {dag.py:4180} INFO - Setting next_dagrun for dataset_s3_bucket_consumer to None, run_after=None
[2024-11-25T09:59:21.891+0000] {logging_mixin.py:190} INFO - [2024-11-25T09:59:21.890+0000] {dag.py:4180} INFO - Setting next_dagrun for dataset_s3_bucket_producer to None, run_after=None
[2024-11-25T09:59:21.921+0000] {processor.py:208} INFO - Processing /home/airflow/.local/lib/python3.12/site-packages/airflow/example_dags/example_dataset_alias.py took 0.942 seconds
[2024-11-25T09:59:52.197+0000] {processor.py:186} INFO - Started process (PID=6129) to work on /home/airflow/.local/lib/python3.12/site-packages/airflow/example_dags/example_dataset_alias.py
[2024-11-25T09:59:52.198+0000] {processor.py:914} INFO - Processing file /home/airflow/.local/lib/python3.12/site-packages/airflow/example_dags/example_dataset_alias.py for tasks to queue
[2024-11-25T09:59:52.200+0000] {logging_mixin.py:190} INFO - [2024-11-25T09:59:52.200+0000] {dagbag.py:588} INFO - Filling up the DagBag from /home/airflow/.local/lib/python3.12/site-packages/airflow/example_dags/example_dataset_alias.py
[2024-11-25T09:59:53.117+0000] {processor.py:925} INFO - DAG(s) 'dataset_alias_example_alias_consumer', 'dataset_s3_bucket_consumer', 'dataset_s3_bucket_producer', 'dataset_alias_example_alias_producer' retrieved from /home/airflow/.local/lib/python3.12/site-packages/airflow/example_dags/example_dataset_alias.py
[2024-11-25T09:59:53.148+0000] {logging_mixin.py:190} INFO - [2024-11-25T09:59:53.147+0000] {dag.py:3239} INFO - Sync 4 DAGs
[2024-11-25T09:59:53.180+0000] {logging_mixin.py:190} INFO - [2024-11-25T09:59:53.179+0000] {dag.py:4180} INFO - Setting next_dagrun for dataset_alias_example_alias_consumer to None, run_after=None
[2024-11-25T09:59:53.186+0000] {logging_mixin.py:190} INFO - [2024-11-25T09:59:53.185+0000] {dag.py:4180} INFO - Setting next_dagrun for dataset_alias_example_alias_producer to None, run_after=None
[2024-11-25T09:59:53.191+0000] {logging_mixin.py:190} INFO - [2024-11-25T09:59:53.190+0000] {dag.py:4180} INFO - Setting next_dagrun for dataset_s3_bucket_consumer to None, run_after=None
[2024-11-25T09:59:53.193+0000] {logging_mixin.py:190} INFO - [2024-11-25T09:59:53.193+0000] {dag.py:4180} INFO - Setting next_dagrun for dataset_s3_bucket_producer to None, run_after=None
[2024-11-25T09:59:53.226+0000] {processor.py:208} INFO - Processing /home/airflow/.local/lib/python3.12/site-packages/airflow/example_dags/example_dataset_alias.py took 1.037 seconds
[2024-11-25T10:00:24.212+0000] {processor.py:186} INFO - Started process (PID=6448) to work on /home/airflow/.local/lib/python3.12/site-packages/airflow/example_dags/example_dataset_alias.py
[2024-11-25T10:00:24.213+0000] {processor.py:914} INFO - Processing file /home/airflow/.local/lib/python3.12/site-packages/airflow/example_dags/example_dataset_alias.py for tasks to queue
[2024-11-25T10:00:24.215+0000] {logging_mixin.py:190} INFO - [2024-11-25T10:00:24.214+0000] {dagbag.py:588} INFO - Filling up the DagBag from /home/airflow/.local/lib/python3.12/site-packages/airflow/example_dags/example_dataset_alias.py
[2024-11-25T10:00:24.944+0000] {processor.py:925} INFO - DAG(s) 'dataset_s3_bucket_producer', 'dataset_alias_example_alias_producer', 'dataset_alias_example_alias_consumer', 'dataset_s3_bucket_consumer' retrieved from /home/airflow/.local/lib/python3.12/site-packages/airflow/example_dags/example_dataset_alias.py
[2024-11-25T10:00:24.971+0000] {logging_mixin.py:190} INFO - [2024-11-25T10:00:24.970+0000] {dag.py:3239} INFO - Sync 4 DAGs
[2024-11-25T10:00:24.998+0000] {logging_mixin.py:190} INFO - [2024-11-25T10:00:24.998+0000] {dag.py:4180} INFO - Setting next_dagrun for dataset_alias_example_alias_consumer to None, run_after=None
[2024-11-25T10:00:25.002+0000] {logging_mixin.py:190} INFO - [2024-11-25T10:00:25.002+0000] {dag.py:4180} INFO - Setting next_dagrun for dataset_alias_example_alias_producer to None, run_after=None
[2024-11-25T10:00:25.005+0000] {logging_mixin.py:190} INFO - [2024-11-25T10:00:25.004+0000] {dag.py:4180} INFO - Setting next_dagrun for dataset_s3_bucket_consumer to None, run_after=None
[2024-11-25T10:00:25.007+0000] {logging_mixin.py:190} INFO - [2024-11-25T10:00:25.007+0000] {dag.py:4180} INFO - Setting next_dagrun for dataset_s3_bucket_producer to None, run_after=None
[2024-11-25T10:00:25.035+0000] {processor.py:208} INFO - Processing /home/airflow/.local/lib/python3.12/site-packages/airflow/example_dags/example_dataset_alias.py took 0.829 seconds
[2024-11-25T10:00:56.629+0000] {processor.py:186} INFO - Started process (PID=6786) to work on /home/airflow/.local/lib/python3.12/site-packages/airflow/example_dags/example_dataset_alias.py
[2024-11-25T10:00:56.630+0000] {processor.py:914} INFO - Processing file /home/airflow/.local/lib/python3.12/site-packages/airflow/example_dags/example_dataset_alias.py for tasks to queue
[2024-11-25T10:00:56.631+0000] {logging_mixin.py:190} INFO - [2024-11-25T10:00:56.631+0000] {dagbag.py:588} INFO - Filling up the DagBag from /home/airflow/.local/lib/python3.12/site-packages/airflow/example_dags/example_dataset_alias.py
[2024-11-25T10:00:57.308+0000] {processor.py:925} INFO - DAG(s) 'dataset_alias_example_alias_consumer', 'dataset_s3_bucket_producer', 'dataset_s3_bucket_consumer', 'dataset_alias_example_alias_producer' retrieved from /home/airflow/.local/lib/python3.12/site-packages/airflow/example_dags/example_dataset_alias.py
[2024-11-25T10:00:57.333+0000] {logging_mixin.py:190} INFO - [2024-11-25T10:00:57.332+0000] {dag.py:3239} INFO - Sync 4 DAGs
[2024-11-25T10:00:57.360+0000] {logging_mixin.py:190} INFO - [2024-11-25T10:00:57.360+0000] {dag.py:4180} INFO - Setting next_dagrun for dataset_alias_example_alias_consumer to None, run_after=None
[2024-11-25T10:00:57.364+0000] {logging_mixin.py:190} INFO - [2024-11-25T10:00:57.363+0000] {dag.py:4180} INFO - Setting next_dagrun for dataset_alias_example_alias_producer to None, run_after=None
[2024-11-25T10:00:57.366+0000] {logging_mixin.py:190} INFO - [2024-11-25T10:00:57.366+0000] {dag.py:4180} INFO - Setting next_dagrun for dataset_s3_bucket_consumer to None, run_after=None
[2024-11-25T10:00:57.368+0000] {logging_mixin.py:190} INFO - [2024-11-25T10:00:57.368+0000] {dag.py:4180} INFO - Setting next_dagrun for dataset_s3_bucket_producer to None, run_after=None
[2024-11-25T10:00:57.396+0000] {processor.py:208} INFO - Processing /home/airflow/.local/lib/python3.12/site-packages/airflow/example_dags/example_dataset_alias.py took 0.774 seconds
[2024-11-25T10:01:28.370+0000] {processor.py:186} INFO - Started process (PID=7095) to work on /home/airflow/.local/lib/python3.12/site-packages/airflow/example_dags/example_dataset_alias.py
[2024-11-25T10:01:28.371+0000] {processor.py:914} INFO - Processing file /home/airflow/.local/lib/python3.12/site-packages/airflow/example_dags/example_dataset_alias.py for tasks to queue
[2024-11-25T10:01:28.374+0000] {logging_mixin.py:190} INFO - [2024-11-25T10:01:28.373+0000] {dagbag.py:588} INFO - Filling up the DagBag from /home/airflow/.local/lib/python3.12/site-packages/airflow/example_dags/example_dataset_alias.py
[2024-11-25T10:01:29.253+0000] {processor.py:925} INFO - DAG(s) 'dataset_alias_example_alias_producer', 'dataset_alias_example_alias_consumer', 'dataset_s3_bucket_producer', 'dataset_s3_bucket_consumer' retrieved from /home/airflow/.local/lib/python3.12/site-packages/airflow/example_dags/example_dataset_alias.py
[2024-11-25T10:01:29.284+0000] {logging_mixin.py:190} INFO - [2024-11-25T10:01:29.283+0000] {dag.py:3239} INFO - Sync 4 DAGs
[2024-11-25T10:01:29.313+0000] {logging_mixin.py:190} INFO - [2024-11-25T10:01:29.313+0000] {dag.py:4180} INFO - Setting next_dagrun for dataset_alias_example_alias_consumer to None, run_after=None
[2024-11-25T10:01:29.318+0000] {logging_mixin.py:190} INFO - [2024-11-25T10:01:29.317+0000] {dag.py:4180} INFO - Setting next_dagrun for dataset_alias_example_alias_producer to None, run_after=None
[2024-11-25T10:01:29.320+0000] {logging_mixin.py:190} INFO - [2024-11-25T10:01:29.320+0000] {dag.py:4180} INFO - Setting next_dagrun for dataset_s3_bucket_consumer to None, run_after=None
[2024-11-25T10:01:29.322+0000] {logging_mixin.py:190} INFO - [2024-11-25T10:01:29.322+0000] {dag.py:4180} INFO - Setting next_dagrun for dataset_s3_bucket_producer to None, run_after=None
[2024-11-25T10:01:29.351+0000] {processor.py:208} INFO - Processing /home/airflow/.local/lib/python3.12/site-packages/airflow/example_dags/example_dataset_alias.py took 0.990 seconds
[2024-11-25T10:01:59.901+0000] {processor.py:186} INFO - Started process (PID=7408) to work on /home/airflow/.local/lib/python3.12/site-packages/airflow/example_dags/example_dataset_alias.py
[2024-11-25T10:01:59.902+0000] {processor.py:914} INFO - Processing file /home/airflow/.local/lib/python3.12/site-packages/airflow/example_dags/example_dataset_alias.py for tasks to queue
[2024-11-25T10:01:59.904+0000] {logging_mixin.py:190} INFO - [2024-11-25T10:01:59.904+0000] {dagbag.py:588} INFO - Filling up the DagBag from /home/airflow/.local/lib/python3.12/site-packages/airflow/example_dags/example_dataset_alias.py
[2024-11-25T10:02:00.766+0000] {processor.py:925} INFO - DAG(s) 'dataset_alias_example_alias_producer', 'dataset_alias_example_alias_consumer', 'dataset_s3_bucket_producer', 'dataset_s3_bucket_consumer' retrieved from /home/airflow/.local/lib/python3.12/site-packages/airflow/example_dags/example_dataset_alias.py
[2024-11-25T10:02:00.811+0000] {logging_mixin.py:190} INFO - [2024-11-25T10:02:00.810+0000] {dag.py:3239} INFO - Sync 4 DAGs
[2024-11-25T10:02:00.864+0000] {logging_mixin.py:190} INFO - [2024-11-25T10:02:00.863+0000] {dag.py:4180} INFO - Setting next_dagrun for dataset_alias_example_alias_consumer to None, run_after=None
[2024-11-25T10:02:00.874+0000] {logging_mixin.py:190} INFO - [2024-11-25T10:02:00.873+0000] {dag.py:4180} INFO - Setting next_dagrun for dataset_alias_example_alias_producer to None, run_after=None
[2024-11-25T10:02:00.878+0000] {logging_mixin.py:190} INFO - [2024-11-25T10:02:00.877+0000] {dag.py:4180} INFO - Setting next_dagrun for dataset_s3_bucket_consumer to None, run_after=None
[2024-11-25T10:02:00.882+0000] {logging_mixin.py:190} INFO - [2024-11-25T10:02:00.881+0000] {dag.py:4180} INFO - Setting next_dagrun for dataset_s3_bucket_producer to None, run_after=None
[2024-11-25T10:02:00.962+0000] {processor.py:208} INFO - Processing /home/airflow/.local/lib/python3.12/site-packages/airflow/example_dags/example_dataset_alias.py took 1.070 seconds
[2024-11-25T10:02:31.250+0000] {processor.py:186} INFO - Started process (PID=7704) to work on /home/airflow/.local/lib/python3.12/site-packages/airflow/example_dags/example_dataset_alias.py
[2024-11-25T10:02:31.251+0000] {processor.py:914} INFO - Processing file /home/airflow/.local/lib/python3.12/site-packages/airflow/example_dags/example_dataset_alias.py for tasks to queue
[2024-11-25T10:02:31.253+0000] {logging_mixin.py:190} INFO - [2024-11-25T10:02:31.252+0000] {dagbag.py:588} INFO - Filling up the DagBag from /home/airflow/.local/lib/python3.12/site-packages/airflow/example_dags/example_dataset_alias.py
[2024-11-25T10:02:32.270+0000] {processor.py:925} INFO - DAG(s) 'dataset_s3_bucket_producer', 'dataset_alias_example_alias_consumer', 'dataset_s3_bucket_consumer', 'dataset_alias_example_alias_producer' retrieved from /home/airflow/.local/lib/python3.12/site-packages/airflow/example_dags/example_dataset_alias.py
[2024-11-25T10:02:32.300+0000] {logging_mixin.py:190} INFO - [2024-11-25T10:02:32.299+0000] {dag.py:3239} INFO - Sync 4 DAGs
[2024-11-25T10:02:32.323+0000] {logging_mixin.py:190} INFO - [2024-11-25T10:02:32.323+0000] {dag.py:4180} INFO - Setting next_dagrun for dataset_alias_example_alias_consumer to None, run_after=None
[2024-11-25T10:02:32.327+0000] {logging_mixin.py:190} INFO - [2024-11-25T10:02:32.327+0000] {dag.py:4180} INFO - Setting next_dagrun for dataset_alias_example_alias_producer to None, run_after=None
[2024-11-25T10:02:32.329+0000] {logging_mixin.py:190} INFO - [2024-11-25T10:02:32.329+0000] {dag.py:4180} INFO - Setting next_dagrun for dataset_s3_bucket_consumer to None, run_after=None
[2024-11-25T10:02:32.331+0000] {logging_mixin.py:190} INFO - [2024-11-25T10:02:32.331+0000] {dag.py:4180} INFO - Setting next_dagrun for dataset_s3_bucket_producer to None, run_after=None
[2024-11-25T10:02:32.361+0000] {processor.py:208} INFO - Processing /home/airflow/.local/lib/python3.12/site-packages/airflow/example_dags/example_dataset_alias.py took 1.118 seconds
[2024-11-25T10:03:02.574+0000] {processor.py:186} INFO - Started process (PID=8044) to work on /home/airflow/.local/lib/python3.12/site-packages/airflow/example_dags/example_dataset_alias.py
[2024-11-25T10:03:02.577+0000] {processor.py:914} INFO - Processing file /home/airflow/.local/lib/python3.12/site-packages/airflow/example_dags/example_dataset_alias.py for tasks to queue
[2024-11-25T10:03:02.579+0000] {logging_mixin.py:190} INFO - [2024-11-25T10:03:02.579+0000] {dagbag.py:588} INFO - Filling up the DagBag from /home/airflow/.local/lib/python3.12/site-packages/airflow/example_dags/example_dataset_alias.py
[2024-11-25T10:03:06.518+0000] {processor.py:925} INFO - DAG(s) 'dataset_alias_example_alias_producer', 'dataset_s3_bucket_producer', 'dataset_alias_example_alias_consumer', 'dataset_s3_bucket_consumer' retrieved from /home/airflow/.local/lib/python3.12/site-packages/airflow/example_dags/example_dataset_alias.py
[2024-11-25T10:03:06.636+0000] {logging_mixin.py:190} INFO - [2024-11-25T10:03:06.634+0000] {dag.py:3239} INFO - Sync 4 DAGs
[2024-11-25T10:03:06.725+0000] {logging_mixin.py:190} INFO - [2024-11-25T10:03:06.725+0000] {dag.py:4180} INFO - Setting next_dagrun for dataset_alias_example_alias_consumer to None, run_after=None
[2024-11-25T10:03:06.733+0000] {logging_mixin.py:190} INFO - [2024-11-25T10:03:06.733+0000] {dag.py:4180} INFO - Setting next_dagrun for dataset_alias_example_alias_producer to None, run_after=None
[2024-11-25T10:03:06.737+0000] {logging_mixin.py:190} INFO - [2024-11-25T10:03:06.737+0000] {dag.py:4180} INFO - Setting next_dagrun for dataset_s3_bucket_consumer to None, run_after=None
[2024-11-25T10:03:06.741+0000] {logging_mixin.py:190} INFO - [2024-11-25T10:03:06.741+0000] {dag.py:4180} INFO - Setting next_dagrun for dataset_s3_bucket_producer to None, run_after=None
[2024-11-25T10:03:06.873+0000] {processor.py:208} INFO - Processing /home/airflow/.local/lib/python3.12/site-packages/airflow/example_dags/example_dataset_alias.py took 4.310 seconds
[2024-11-25T10:03:37.749+0000] {processor.py:186} INFO - Started process (PID=8373) to work on /home/airflow/.local/lib/python3.12/site-packages/airflow/example_dags/example_dataset_alias.py
[2024-11-25T10:03:37.751+0000] {processor.py:914} INFO - Processing file /home/airflow/.local/lib/python3.12/site-packages/airflow/example_dags/example_dataset_alias.py for tasks to queue
[2024-11-25T10:03:37.753+0000] {logging_mixin.py:190} INFO - [2024-11-25T10:03:37.752+0000] {dagbag.py:588} INFO - Filling up the DagBag from /home/airflow/.local/lib/python3.12/site-packages/airflow/example_dags/example_dataset_alias.py
[2024-11-25T10:03:38.528+0000] {processor.py:925} INFO - DAG(s) 'dataset_alias_example_alias_producer', 'dataset_alias_example_alias_consumer', 'dataset_s3_bucket_producer', 'dataset_s3_bucket_consumer' retrieved from /home/airflow/.local/lib/python3.12/site-packages/airflow/example_dags/example_dataset_alias.py
[2024-11-25T10:03:38.555+0000] {logging_mixin.py:190} INFO - [2024-11-25T10:03:38.555+0000] {dag.py:3239} INFO - Sync 4 DAGs
[2024-11-25T10:03:38.583+0000] {logging_mixin.py:190} INFO - [2024-11-25T10:03:38.583+0000] {dag.py:4180} INFO - Setting next_dagrun for dataset_alias_example_alias_consumer to None, run_after=None
[2024-11-25T10:03:38.588+0000] {logging_mixin.py:190} INFO - [2024-11-25T10:03:38.588+0000] {dag.py:4180} INFO - Setting next_dagrun for dataset_alias_example_alias_producer to None, run_after=None
[2024-11-25T10:03:38.592+0000] {logging_mixin.py:190} INFO - [2024-11-25T10:03:38.592+0000] {dag.py:4180} INFO - Setting next_dagrun for dataset_s3_bucket_consumer to None, run_after=None
[2024-11-25T10:03:38.597+0000] {logging_mixin.py:190} INFO - [2024-11-25T10:03:38.596+0000] {dag.py:4180} INFO - Setting next_dagrun for dataset_s3_bucket_producer to None, run_after=None
[2024-11-25T10:03:38.637+0000] {processor.py:208} INFO - Processing /home/airflow/.local/lib/python3.12/site-packages/airflow/example_dags/example_dataset_alias.py took 0.895 seconds
[2024-11-25T10:04:09.490+0000] {processor.py:186} INFO - Started process (PID=8689) to work on /home/airflow/.local/lib/python3.12/site-packages/airflow/example_dags/example_dataset_alias.py
[2024-11-25T10:04:09.492+0000] {processor.py:914} INFO - Processing file /home/airflow/.local/lib/python3.12/site-packages/airflow/example_dags/example_dataset_alias.py for tasks to queue
[2024-11-25T10:04:09.495+0000] {logging_mixin.py:190} INFO - [2024-11-25T10:04:09.494+0000] {dagbag.py:588} INFO - Filling up the DagBag from /home/airflow/.local/lib/python3.12/site-packages/airflow/example_dags/example_dataset_alias.py
[2024-11-25T10:04:11.114+0000] {processor.py:925} INFO - DAG(s) 'dataset_s3_bucket_consumer', 'dataset_s3_bucket_producer', 'dataset_alias_example_alias_consumer', 'dataset_alias_example_alias_producer' retrieved from /home/airflow/.local/lib/python3.12/site-packages/airflow/example_dags/example_dataset_alias.py
[2024-11-25T10:04:11.190+0000] {logging_mixin.py:190} INFO - [2024-11-25T10:04:11.189+0000] {dag.py:3239} INFO - Sync 4 DAGs
[2024-11-25T10:04:11.226+0000] {logging_mixin.py:190} INFO - [2024-11-25T10:04:11.226+0000] {dag.py:4180} INFO - Setting next_dagrun for dataset_alias_example_alias_consumer to None, run_after=None
[2024-11-25T10:04:11.231+0000] {logging_mixin.py:190} INFO - [2024-11-25T10:04:11.230+0000] {dag.py:4180} INFO - Setting next_dagrun for dataset_alias_example_alias_producer to None, run_after=None
[2024-11-25T10:04:11.233+0000] {logging_mixin.py:190} INFO - [2024-11-25T10:04:11.233+0000] {dag.py:4180} INFO - Setting next_dagrun for dataset_s3_bucket_consumer to None, run_after=None
[2024-11-25T10:04:11.236+0000] {logging_mixin.py:190} INFO - [2024-11-25T10:04:11.236+0000] {dag.py:4180} INFO - Setting next_dagrun for dataset_s3_bucket_producer to None, run_after=None
[2024-11-25T10:04:11.270+0000] {processor.py:208} INFO - Processing /home/airflow/.local/lib/python3.12/site-packages/airflow/example_dags/example_dataset_alias.py took 1.814 seconds
[2024-11-25T10:04:41.346+0000] {processor.py:186} INFO - Started process (PID=8995) to work on /home/airflow/.local/lib/python3.12/site-packages/airflow/example_dags/example_dataset_alias.py
[2024-11-25T10:04:41.348+0000] {processor.py:914} INFO - Processing file /home/airflow/.local/lib/python3.12/site-packages/airflow/example_dags/example_dataset_alias.py for tasks to queue
[2024-11-25T10:04:41.350+0000] {logging_mixin.py:190} INFO - [2024-11-25T10:04:41.349+0000] {dagbag.py:588} INFO - Filling up the DagBag from /home/airflow/.local/lib/python3.12/site-packages/airflow/example_dags/example_dataset_alias.py
[2024-11-25T10:04:42.095+0000] {processor.py:925} INFO - DAG(s) 'dataset_s3_bucket_consumer', 'dataset_alias_example_alias_producer', 'dataset_s3_bucket_producer', 'dataset_alias_example_alias_consumer' retrieved from /home/airflow/.local/lib/python3.12/site-packages/airflow/example_dags/example_dataset_alias.py
[2024-11-25T10:04:42.119+0000] {logging_mixin.py:190} INFO - [2024-11-25T10:04:42.119+0000] {dag.py:3239} INFO - Sync 4 DAGs
[2024-11-25T10:04:42.145+0000] {logging_mixin.py:190} INFO - [2024-11-25T10:04:42.145+0000] {dag.py:4180} INFO - Setting next_dagrun for dataset_alias_example_alias_consumer to None, run_after=None
[2024-11-25T10:04:42.149+0000] {logging_mixin.py:190} INFO - [2024-11-25T10:04:42.149+0000] {dag.py:4180} INFO - Setting next_dagrun for dataset_alias_example_alias_producer to None, run_after=None
[2024-11-25T10:04:42.152+0000] {logging_mixin.py:190} INFO - [2024-11-25T10:04:42.152+0000] {dag.py:4180} INFO - Setting next_dagrun for dataset_s3_bucket_consumer to None, run_after=None
[2024-11-25T10:04:42.154+0000] {logging_mixin.py:190} INFO - [2024-11-25T10:04:42.154+0000] {dag.py:4180} INFO - Setting next_dagrun for dataset_s3_bucket_producer to None, run_after=None
[2024-11-25T10:04:42.184+0000] {processor.py:208} INFO - Processing /home/airflow/.local/lib/python3.12/site-packages/airflow/example_dags/example_dataset_alias.py took 0.849 seconds
[2024-11-25T10:05:12.548+0000] {processor.py:186} INFO - Started process (PID=9291) to work on /home/airflow/.local/lib/python3.12/site-packages/airflow/example_dags/example_dataset_alias.py
[2024-11-25T10:05:12.550+0000] {processor.py:914} INFO - Processing file /home/airflow/.local/lib/python3.12/site-packages/airflow/example_dags/example_dataset_alias.py for tasks to queue
[2024-11-25T10:05:12.551+0000] {logging_mixin.py:190} INFO - [2024-11-25T10:05:12.551+0000] {dagbag.py:588} INFO - Filling up the DagBag from /home/airflow/.local/lib/python3.12/site-packages/airflow/example_dags/example_dataset_alias.py
[2024-11-25T10:05:13.375+0000] {processor.py:925} INFO - DAG(s) 'dataset_s3_bucket_producer', 'dataset_alias_example_alias_producer', 'dataset_s3_bucket_consumer', 'dataset_alias_example_alias_consumer' retrieved from /home/airflow/.local/lib/python3.12/site-packages/airflow/example_dags/example_dataset_alias.py
[2024-11-25T10:05:13.402+0000] {logging_mixin.py:190} INFO - [2024-11-25T10:05:13.401+0000] {dag.py:3239} INFO - Sync 4 DAGs
[2024-11-25T10:05:13.436+0000] {logging_mixin.py:190} INFO - [2024-11-25T10:05:13.435+0000] {dag.py:4180} INFO - Setting next_dagrun for dataset_alias_example_alias_consumer to None, run_after=None
[2024-11-25T10:05:13.447+0000] {logging_mixin.py:190} INFO - [2024-11-25T10:05:13.446+0000] {dag.py:4180} INFO - Setting next_dagrun for dataset_alias_example_alias_producer to None, run_after=None
[2024-11-25T10:05:13.452+0000] {logging_mixin.py:190} INFO - [2024-11-25T10:05:13.451+0000] {dag.py:4180} INFO - Setting next_dagrun for dataset_s3_bucket_consumer to None, run_after=None
[2024-11-25T10:05:13.458+0000] {logging_mixin.py:190} INFO - [2024-11-25T10:05:13.458+0000] {dag.py:4180} INFO - Setting next_dagrun for dataset_s3_bucket_producer to None, run_after=None
[2024-11-25T10:05:13.508+0000] {processor.py:208} INFO - Processing /home/airflow/.local/lib/python3.12/site-packages/airflow/example_dags/example_dataset_alias.py took 0.966 seconds
[2024-11-25T10:05:43.605+0000] {processor.py:186} INFO - Started process (PID=9612) to work on /home/airflow/.local/lib/python3.12/site-packages/airflow/example_dags/example_dataset_alias.py
[2024-11-25T10:05:43.607+0000] {processor.py:914} INFO - Processing file /home/airflow/.local/lib/python3.12/site-packages/airflow/example_dags/example_dataset_alias.py for tasks to queue
[2024-11-25T10:05:43.608+0000] {logging_mixin.py:190} INFO - [2024-11-25T10:05:43.608+0000] {dagbag.py:588} INFO - Filling up the DagBag from /home/airflow/.local/lib/python3.12/site-packages/airflow/example_dags/example_dataset_alias.py
[2024-11-25T10:05:44.283+0000] {processor.py:925} INFO - DAG(s) 'dataset_alias_example_alias_producer', 'dataset_s3_bucket_consumer', 'dataset_alias_example_alias_consumer', 'dataset_s3_bucket_producer' retrieved from /home/airflow/.local/lib/python3.12/site-packages/airflow/example_dags/example_dataset_alias.py
[2024-11-25T10:05:44.307+0000] {logging_mixin.py:190} INFO - [2024-11-25T10:05:44.307+0000] {dag.py:3239} INFO - Sync 4 DAGs
[2024-11-25T10:05:44.333+0000] {logging_mixin.py:190} INFO - [2024-11-25T10:05:44.333+0000] {dag.py:4180} INFO - Setting next_dagrun for dataset_alias_example_alias_consumer to None, run_after=None
[2024-11-25T10:05:44.337+0000] {logging_mixin.py:190} INFO - [2024-11-25T10:05:44.336+0000] {dag.py:4180} INFO - Setting next_dagrun for dataset_alias_example_alias_producer to None, run_after=None
[2024-11-25T10:05:44.339+0000] {logging_mixin.py:190} INFO - [2024-11-25T10:05:44.339+0000] {dag.py:4180} INFO - Setting next_dagrun for dataset_s3_bucket_consumer to None, run_after=None
[2024-11-25T10:05:44.341+0000] {logging_mixin.py:190} INFO - [2024-11-25T10:05:44.341+0000] {dag.py:4180} INFO - Setting next_dagrun for dataset_s3_bucket_producer to None, run_after=None
[2024-11-25T10:05:44.369+0000] {processor.py:208} INFO - Processing /home/airflow/.local/lib/python3.12/site-packages/airflow/example_dags/example_dataset_alias.py took 0.771 seconds
[2024-11-25T10:06:15.045+0000] {processor.py:186} INFO - Started process (PID=9918) to work on /home/airflow/.local/lib/python3.12/site-packages/airflow/example_dags/example_dataset_alias.py
[2024-11-25T10:06:15.047+0000] {processor.py:914} INFO - Processing file /home/airflow/.local/lib/python3.12/site-packages/airflow/example_dags/example_dataset_alias.py for tasks to queue
[2024-11-25T10:06:15.049+0000] {logging_mixin.py:190} INFO - [2024-11-25T10:06:15.048+0000] {dagbag.py:588} INFO - Filling up the DagBag from /home/airflow/.local/lib/python3.12/site-packages/airflow/example_dags/example_dataset_alias.py
[2024-11-25T10:06:15.753+0000] {processor.py:925} INFO - DAG(s) 'dataset_alias_example_alias_producer', 'dataset_alias_example_alias_consumer', 'dataset_s3_bucket_consumer', 'dataset_s3_bucket_producer' retrieved from /home/airflow/.local/lib/python3.12/site-packages/airflow/example_dags/example_dataset_alias.py
[2024-11-25T10:06:15.787+0000] {logging_mixin.py:190} INFO - [2024-11-25T10:06:15.787+0000] {dag.py:3239} INFO - Sync 4 DAGs
[2024-11-25T10:06:15.817+0000] {logging_mixin.py:190} INFO - [2024-11-25T10:06:15.817+0000] {dag.py:4180} INFO - Setting next_dagrun for dataset_alias_example_alias_consumer to None, run_after=None
[2024-11-25T10:06:15.821+0000] {logging_mixin.py:190} INFO - [2024-11-25T10:06:15.821+0000] {dag.py:4180} INFO - Setting next_dagrun for dataset_alias_example_alias_producer to None, run_after=None
[2024-11-25T10:06:15.823+0000] {logging_mixin.py:190} INFO - [2024-11-25T10:06:15.823+0000] {dag.py:4180} INFO - Setting next_dagrun for dataset_s3_bucket_consumer to None, run_after=None
[2024-11-25T10:06:15.825+0000] {logging_mixin.py:190} INFO - [2024-11-25T10:06:15.825+0000] {dag.py:4180} INFO - Setting next_dagrun for dataset_s3_bucket_producer to None, run_after=None
[2024-11-25T10:06:15.857+0000] {processor.py:208} INFO - Processing /home/airflow/.local/lib/python3.12/site-packages/airflow/example_dags/example_dataset_alias.py took 0.820 seconds
[2024-11-25T10:06:46.857+0000] {processor.py:186} INFO - Started process (PID=10219) to work on /home/airflow/.local/lib/python3.12/site-packages/airflow/example_dags/example_dataset_alias.py
[2024-11-25T10:06:46.859+0000] {processor.py:914} INFO - Processing file /home/airflow/.local/lib/python3.12/site-packages/airflow/example_dags/example_dataset_alias.py for tasks to queue
[2024-11-25T10:06:46.861+0000] {logging_mixin.py:190} INFO - [2024-11-25T10:06:46.861+0000] {dagbag.py:588} INFO - Filling up the DagBag from /home/airflow/.local/lib/python3.12/site-packages/airflow/example_dags/example_dataset_alias.py
[2024-11-25T10:06:47.736+0000] {processor.py:925} INFO - DAG(s) 'dataset_alias_example_alias_consumer', 'dataset_alias_example_alias_producer', 'dataset_s3_bucket_consumer', 'dataset_s3_bucket_producer' retrieved from /home/airflow/.local/lib/python3.12/site-packages/airflow/example_dags/example_dataset_alias.py
[2024-11-25T10:06:47.795+0000] {logging_mixin.py:190} INFO - [2024-11-25T10:06:47.792+0000] {dag.py:3239} INFO - Sync 4 DAGs
[2024-11-25T10:06:47.846+0000] {logging_mixin.py:190} INFO - [2024-11-25T10:06:47.845+0000] {dag.py:4180} INFO - Setting next_dagrun for dataset_alias_example_alias_consumer to None, run_after=None
[2024-11-25T10:06:47.851+0000] {logging_mixin.py:190} INFO - [2024-11-25T10:06:47.850+0000] {dag.py:4180} INFO - Setting next_dagrun for dataset_alias_example_alias_producer to None, run_after=None
[2024-11-25T10:06:47.853+0000] {logging_mixin.py:190} INFO - [2024-11-25T10:06:47.853+0000] {dag.py:4180} INFO - Setting next_dagrun for dataset_s3_bucket_consumer to None, run_after=None
[2024-11-25T10:06:47.856+0000] {logging_mixin.py:190} INFO - [2024-11-25T10:06:47.856+0000] {dag.py:4180} INFO - Setting next_dagrun for dataset_s3_bucket_producer to None, run_after=None
[2024-11-25T10:06:47.893+0000] {processor.py:208} INFO - Processing /home/airflow/.local/lib/python3.12/site-packages/airflow/example_dags/example_dataset_alias.py took 1.043 seconds
[2024-11-25T10:07:18.321+0000] {processor.py:186} INFO - Started process (PID=10525) to work on /home/airflow/.local/lib/python3.12/site-packages/airflow/example_dags/example_dataset_alias.py
[2024-11-25T10:07:18.323+0000] {processor.py:914} INFO - Processing file /home/airflow/.local/lib/python3.12/site-packages/airflow/example_dags/example_dataset_alias.py for tasks to queue
[2024-11-25T10:07:18.325+0000] {logging_mixin.py:190} INFO - [2024-11-25T10:07:18.324+0000] {dagbag.py:588} INFO - Filling up the DagBag from /home/airflow/.local/lib/python3.12/site-packages/airflow/example_dags/example_dataset_alias.py
[2024-11-25T10:07:19.963+0000] {processor.py:925} INFO - DAG(s) 'dataset_s3_bucket_producer', 'dataset_s3_bucket_consumer', 'dataset_alias_example_alias_producer', 'dataset_alias_example_alias_consumer' retrieved from /home/airflow/.local/lib/python3.12/site-packages/airflow/example_dags/example_dataset_alias.py
[2024-11-25T10:07:20.018+0000] {logging_mixin.py:190} INFO - [2024-11-25T10:07:20.017+0000] {dag.py:3239} INFO - Sync 4 DAGs
[2024-11-25T10:07:20.095+0000] {logging_mixin.py:190} INFO - [2024-11-25T10:07:20.095+0000] {dag.py:4180} INFO - Setting next_dagrun for dataset_alias_example_alias_consumer to None, run_after=None
[2024-11-25T10:07:20.102+0000] {logging_mixin.py:190} INFO - [2024-11-25T10:07:20.101+0000] {dag.py:4180} INFO - Setting next_dagrun for dataset_alias_example_alias_producer to None, run_after=None
[2024-11-25T10:07:20.105+0000] {logging_mixin.py:190} INFO - [2024-11-25T10:07:20.104+0000] {dag.py:4180} INFO - Setting next_dagrun for dataset_s3_bucket_consumer to None, run_after=None
[2024-11-25T10:07:20.108+0000] {logging_mixin.py:190} INFO - [2024-11-25T10:07:20.107+0000] {dag.py:4180} INFO - Setting next_dagrun for dataset_s3_bucket_producer to None, run_after=None
[2024-11-25T10:07:20.150+0000] {processor.py:208} INFO - Processing /home/airflow/.local/lib/python3.12/site-packages/airflow/example_dags/example_dataset_alias.py took 1.837 seconds
[2024-11-25T10:07:50.344+0000] {processor.py:186} INFO - Started process (PID=10826) to work on /home/airflow/.local/lib/python3.12/site-packages/airflow/example_dags/example_dataset_alias.py
[2024-11-25T10:07:50.345+0000] {processor.py:914} INFO - Processing file /home/airflow/.local/lib/python3.12/site-packages/airflow/example_dags/example_dataset_alias.py for tasks to queue
[2024-11-25T10:07:50.347+0000] {logging_mixin.py:190} INFO - [2024-11-25T10:07:50.347+0000] {dagbag.py:588} INFO - Filling up the DagBag from /home/airflow/.local/lib/python3.12/site-packages/airflow/example_dags/example_dataset_alias.py
[2024-11-25T10:07:51.360+0000] {processor.py:925} INFO - DAG(s) 'dataset_alias_example_alias_producer', 'dataset_s3_bucket_consumer', 'dataset_alias_example_alias_consumer', 'dataset_s3_bucket_producer' retrieved from /home/airflow/.local/lib/python3.12/site-packages/airflow/example_dags/example_dataset_alias.py
[2024-11-25T10:07:51.395+0000] {logging_mixin.py:190} INFO - [2024-11-25T10:07:51.395+0000] {dag.py:3239} INFO - Sync 4 DAGs
[2024-11-25T10:07:51.437+0000] {logging_mixin.py:190} INFO - [2024-11-25T10:07:51.437+0000] {dag.py:4180} INFO - Setting next_dagrun for dataset_alias_example_alias_consumer to None, run_after=None
[2024-11-25T10:07:51.443+0000] {logging_mixin.py:190} INFO - [2024-11-25T10:07:51.443+0000] {dag.py:4180} INFO - Setting next_dagrun for dataset_alias_example_alias_producer to None, run_after=None
[2024-11-25T10:07:51.446+0000] {logging_mixin.py:190} INFO - [2024-11-25T10:07:51.446+0000] {dag.py:4180} INFO - Setting next_dagrun for dataset_s3_bucket_consumer to None, run_after=None
[2024-11-25T10:07:51.449+0000] {logging_mixin.py:190} INFO - [2024-11-25T10:07:51.449+0000] {dag.py:4180} INFO - Setting next_dagrun for dataset_s3_bucket_producer to None, run_after=None
[2024-11-25T10:07:51.489+0000] {processor.py:208} INFO - Processing /home/airflow/.local/lib/python3.12/site-packages/airflow/example_dags/example_dataset_alias.py took 1.153 seconds
[2024-11-25T10:08:22.057+0000] {processor.py:186} INFO - Started process (PID=11122) to work on /home/airflow/.local/lib/python3.12/site-packages/airflow/example_dags/example_dataset_alias.py
[2024-11-25T10:08:22.058+0000] {processor.py:914} INFO - Processing file /home/airflow/.local/lib/python3.12/site-packages/airflow/example_dags/example_dataset_alias.py for tasks to queue
[2024-11-25T10:08:22.060+0000] {logging_mixin.py:190} INFO - [2024-11-25T10:08:22.059+0000] {dagbag.py:588} INFO - Filling up the DagBag from /home/airflow/.local/lib/python3.12/site-packages/airflow/example_dags/example_dataset_alias.py
[2024-11-25T10:08:22.798+0000] {processor.py:925} INFO - DAG(s) 'dataset_alias_example_alias_producer', 'dataset_s3_bucket_consumer', 'dataset_alias_example_alias_consumer', 'dataset_s3_bucket_producer' retrieved from /home/airflow/.local/lib/python3.12/site-packages/airflow/example_dags/example_dataset_alias.py
[2024-11-25T10:08:22.857+0000] {logging_mixin.py:190} INFO - [2024-11-25T10:08:22.856+0000] {dag.py:3239} INFO - Sync 4 DAGs
[2024-11-25T10:08:22.936+0000] {logging_mixin.py:190} INFO - [2024-11-25T10:08:22.935+0000] {dag.py:4180} INFO - Setting next_dagrun for dataset_alias_example_alias_consumer to None, run_after=None
[2024-11-25T10:08:22.942+0000] {logging_mixin.py:190} INFO - [2024-11-25T10:08:22.941+0000] {dag.py:4180} INFO - Setting next_dagrun for dataset_alias_example_alias_producer to None, run_after=None
[2024-11-25T10:08:22.946+0000] {logging_mixin.py:190} INFO - [2024-11-25T10:08:22.945+0000] {dag.py:4180} INFO - Setting next_dagrun for dataset_s3_bucket_consumer to None, run_after=None
[2024-11-25T10:08:22.951+0000] {logging_mixin.py:190} INFO - [2024-11-25T10:08:22.951+0000] {dag.py:4180} INFO - Setting next_dagrun for dataset_s3_bucket_producer to None, run_after=None
[2024-11-25T10:08:22.989+0000] {processor.py:208} INFO - Processing /home/airflow/.local/lib/python3.12/site-packages/airflow/example_dags/example_dataset_alias.py took 0.939 seconds
[2024-11-25T10:08:53.258+0000] {processor.py:186} INFO - Started process (PID=11429) to work on /home/airflow/.local/lib/python3.12/site-packages/airflow/example_dags/example_dataset_alias.py
[2024-11-25T10:08:53.259+0000] {processor.py:914} INFO - Processing file /home/airflow/.local/lib/python3.12/site-packages/airflow/example_dags/example_dataset_alias.py for tasks to queue
[2024-11-25T10:08:53.261+0000] {logging_mixin.py:190} INFO - [2024-11-25T10:08:53.261+0000] {dagbag.py:588} INFO - Filling up the DagBag from /home/airflow/.local/lib/python3.12/site-packages/airflow/example_dags/example_dataset_alias.py
[2024-11-25T10:08:55.610+0000] {processor.py:925} INFO - DAG(s) 'dataset_alias_example_alias_producer', 'dataset_s3_bucket_producer', 'dataset_s3_bucket_consumer', 'dataset_alias_example_alias_consumer' retrieved from /home/airflow/.local/lib/python3.12/site-packages/airflow/example_dags/example_dataset_alias.py
[2024-11-25T10:08:55.645+0000] {logging_mixin.py:190} INFO - [2024-11-25T10:08:55.644+0000] {dag.py:3239} INFO - Sync 4 DAGs
[2024-11-25T10:08:55.697+0000] {logging_mixin.py:190} INFO - [2024-11-25T10:08:55.697+0000] {dag.py:4180} INFO - Setting next_dagrun for dataset_alias_example_alias_consumer to None, run_after=None
[2024-11-25T10:08:55.702+0000] {logging_mixin.py:190} INFO - [2024-11-25T10:08:55.702+0000] {dag.py:4180} INFO - Setting next_dagrun for dataset_alias_example_alias_producer to None, run_after=None
[2024-11-25T10:08:55.706+0000] {logging_mixin.py:190} INFO - [2024-11-25T10:08:55.705+0000] {dag.py:4180} INFO - Setting next_dagrun for dataset_s3_bucket_consumer to None, run_after=None
[2024-11-25T10:08:55.711+0000] {logging_mixin.py:190} INFO - [2024-11-25T10:08:55.710+0000] {dag.py:4180} INFO - Setting next_dagrun for dataset_s3_bucket_producer to None, run_after=None
[2024-11-25T10:08:55.756+0000] {processor.py:208} INFO - Processing /home/airflow/.local/lib/python3.12/site-packages/airflow/example_dags/example_dataset_alias.py took 2.509 seconds
[2024-11-25T10:09:26.151+0000] {processor.py:186} INFO - Started process (PID=11727) to work on /home/airflow/.local/lib/python3.12/site-packages/airflow/example_dags/example_dataset_alias.py
[2024-11-25T10:09:26.152+0000] {processor.py:914} INFO - Processing file /home/airflow/.local/lib/python3.12/site-packages/airflow/example_dags/example_dataset_alias.py for tasks to queue
[2024-11-25T10:09:26.153+0000] {logging_mixin.py:190} INFO - [2024-11-25T10:09:26.153+0000] {dagbag.py:588} INFO - Filling up the DagBag from /home/airflow/.local/lib/python3.12/site-packages/airflow/example_dags/example_dataset_alias.py
[2024-11-25T10:09:26.826+0000] {processor.py:925} INFO - DAG(s) 'dataset_s3_bucket_producer', 'dataset_alias_example_alias_producer', 'dataset_alias_example_alias_consumer', 'dataset_s3_bucket_consumer' retrieved from /home/airflow/.local/lib/python3.12/site-packages/airflow/example_dags/example_dataset_alias.py
[2024-11-25T10:09:26.851+0000] {logging_mixin.py:190} INFO - [2024-11-25T10:09:26.850+0000] {dag.py:3239} INFO - Sync 4 DAGs
[2024-11-25T10:09:26.876+0000] {logging_mixin.py:190} INFO - [2024-11-25T10:09:26.876+0000] {dag.py:4180} INFO - Setting next_dagrun for dataset_alias_example_alias_consumer to None, run_after=None
[2024-11-25T10:09:26.880+0000] {logging_mixin.py:190} INFO - [2024-11-25T10:09:26.879+0000] {dag.py:4180} INFO - Setting next_dagrun for dataset_alias_example_alias_producer to None, run_after=None
[2024-11-25T10:09:26.882+0000] {logging_mixin.py:190} INFO - [2024-11-25T10:09:26.882+0000] {dag.py:4180} INFO - Setting next_dagrun for dataset_s3_bucket_consumer to None, run_after=None
[2024-11-25T10:09:26.885+0000] {logging_mixin.py:190} INFO - [2024-11-25T10:09:26.885+0000] {dag.py:4180} INFO - Setting next_dagrun for dataset_s3_bucket_producer to None, run_after=None
[2024-11-25T10:09:26.911+0000] {processor.py:208} INFO - Processing /home/airflow/.local/lib/python3.12/site-packages/airflow/example_dags/example_dataset_alias.py took 0.767 seconds
[2024-11-25T10:09:57.349+0000] {processor.py:186} INFO - Started process (PID=12026) to work on /home/airflow/.local/lib/python3.12/site-packages/airflow/example_dags/example_dataset_alias.py
[2024-11-25T10:09:57.350+0000] {processor.py:914} INFO - Processing file /home/airflow/.local/lib/python3.12/site-packages/airflow/example_dags/example_dataset_alias.py for tasks to queue
[2024-11-25T10:09:57.352+0000] {logging_mixin.py:190} INFO - [2024-11-25T10:09:57.351+0000] {dagbag.py:588} INFO - Filling up the DagBag from /home/airflow/.local/lib/python3.12/site-packages/airflow/example_dags/example_dataset_alias.py
[2024-11-25T10:09:57.984+0000] {processor.py:925} INFO - DAG(s) 'dataset_s3_bucket_consumer', 'dataset_alias_example_alias_consumer', 'dataset_alias_example_alias_producer', 'dataset_s3_bucket_producer' retrieved from /home/airflow/.local/lib/python3.12/site-packages/airflow/example_dags/example_dataset_alias.py
[2024-11-25T10:09:58.009+0000] {logging_mixin.py:190} INFO - [2024-11-25T10:09:58.008+0000] {dag.py:3239} INFO - Sync 4 DAGs
[2024-11-25T10:09:58.034+0000] {logging_mixin.py:190} INFO - [2024-11-25T10:09:58.033+0000] {dag.py:4180} INFO - Setting next_dagrun for dataset_alias_example_alias_consumer to None, run_after=None
[2024-11-25T10:09:58.038+0000] {logging_mixin.py:190} INFO - [2024-11-25T10:09:58.038+0000] {dag.py:4180} INFO - Setting next_dagrun for dataset_alias_example_alias_producer to None, run_after=None
[2024-11-25T10:09:58.042+0000] {logging_mixin.py:190} INFO - [2024-11-25T10:09:58.042+0000] {dag.py:4180} INFO - Setting next_dagrun for dataset_s3_bucket_consumer to None, run_after=None
[2024-11-25T10:09:58.045+0000] {logging_mixin.py:190} INFO - [2024-11-25T10:09:58.044+0000] {dag.py:4180} INFO - Setting next_dagrun for dataset_s3_bucket_producer to None, run_after=None
[2024-11-25T10:09:58.074+0000] {processor.py:208} INFO - Processing /home/airflow/.local/lib/python3.12/site-packages/airflow/example_dags/example_dataset_alias.py took 0.732 seconds
[2024-11-25T10:10:28.936+0000] {processor.py:186} INFO - Started process (PID=12322) to work on /home/airflow/.local/lib/python3.12/site-packages/airflow/example_dags/example_dataset_alias.py
[2024-11-25T10:10:28.937+0000] {processor.py:914} INFO - Processing file /home/airflow/.local/lib/python3.12/site-packages/airflow/example_dags/example_dataset_alias.py for tasks to queue
[2024-11-25T10:10:28.939+0000] {logging_mixin.py:190} INFO - [2024-11-25T10:10:28.939+0000] {dagbag.py:588} INFO - Filling up the DagBag from /home/airflow/.local/lib/python3.12/site-packages/airflow/example_dags/example_dataset_alias.py
[2024-11-25T10:10:29.639+0000] {processor.py:925} INFO - DAG(s) 'dataset_s3_bucket_consumer', 'dataset_alias_example_alias_consumer', 'dataset_alias_example_alias_producer', 'dataset_s3_bucket_producer' retrieved from /home/airflow/.local/lib/python3.12/site-packages/airflow/example_dags/example_dataset_alias.py
[2024-11-25T10:10:29.667+0000] {logging_mixin.py:190} INFO - [2024-11-25T10:10:29.666+0000] {dag.py:3239} INFO - Sync 4 DAGs
[2024-11-25T10:10:29.694+0000] {logging_mixin.py:190} INFO - [2024-11-25T10:10:29.694+0000] {dag.py:4180} INFO - Setting next_dagrun for dataset_alias_example_alias_consumer to None, run_after=None
[2024-11-25T10:10:29.698+0000] {logging_mixin.py:190} INFO - [2024-11-25T10:10:29.698+0000] {dag.py:4180} INFO - Setting next_dagrun for dataset_alias_example_alias_producer to None, run_after=None
[2024-11-25T10:10:29.701+0000] {logging_mixin.py:190} INFO - [2024-11-25T10:10:29.701+0000] {dag.py:4180} INFO - Setting next_dagrun for dataset_s3_bucket_consumer to None, run_after=None
[2024-11-25T10:10:29.703+0000] {logging_mixin.py:190} INFO - [2024-11-25T10:10:29.703+0000] {dag.py:4180} INFO - Setting next_dagrun for dataset_s3_bucket_producer to None, run_after=None
[2024-11-25T10:10:29.733+0000] {processor.py:208} INFO - Processing /home/airflow/.local/lib/python3.12/site-packages/airflow/example_dags/example_dataset_alias.py took 0.804 seconds
[2024-11-25T10:11:00.925+0000] {processor.py:186} INFO - Started process (PID=12628) to work on /home/airflow/.local/lib/python3.12/site-packages/airflow/example_dags/example_dataset_alias.py
[2024-11-25T10:11:00.926+0000] {processor.py:914} INFO - Processing file /home/airflow/.local/lib/python3.12/site-packages/airflow/example_dags/example_dataset_alias.py for tasks to queue
[2024-11-25T10:11:00.927+0000] {logging_mixin.py:190} INFO - [2024-11-25T10:11:00.927+0000] {dagbag.py:588} INFO - Filling up the DagBag from /home/airflow/.local/lib/python3.12/site-packages/airflow/example_dags/example_dataset_alias.py
[2024-11-25T10:11:01.692+0000] {processor.py:925} INFO - DAG(s) 'dataset_alias_example_alias_consumer', 'dataset_s3_bucket_producer', 'dataset_s3_bucket_consumer', 'dataset_alias_example_alias_producer' retrieved from /home/airflow/.local/lib/python3.12/site-packages/airflow/example_dags/example_dataset_alias.py
[2024-11-25T10:11:01.718+0000] {logging_mixin.py:190} INFO - [2024-11-25T10:11:01.718+0000] {dag.py:3239} INFO - Sync 4 DAGs
[2024-11-25T10:11:01.742+0000] {logging_mixin.py:190} INFO - [2024-11-25T10:11:01.742+0000] {dag.py:4180} INFO - Setting next_dagrun for dataset_alias_example_alias_consumer to None, run_after=None
[2024-11-25T10:11:01.746+0000] {logging_mixin.py:190} INFO - [2024-11-25T10:11:01.746+0000] {dag.py:4180} INFO - Setting next_dagrun for dataset_alias_example_alias_producer to None, run_after=None
[2024-11-25T10:11:01.749+0000] {logging_mixin.py:190} INFO - [2024-11-25T10:11:01.748+0000] {dag.py:4180} INFO - Setting next_dagrun for dataset_s3_bucket_consumer to None, run_after=None
[2024-11-25T10:11:01.751+0000] {logging_mixin.py:190} INFO - [2024-11-25T10:11:01.750+0000] {dag.py:4180} INFO - Setting next_dagrun for dataset_s3_bucket_producer to None, run_after=None
[2024-11-25T10:11:01.777+0000] {processor.py:208} INFO - Processing /home/airflow/.local/lib/python3.12/site-packages/airflow/example_dags/example_dataset_alias.py took 0.859 seconds
[2024-11-25T10:11:32.451+0000] {processor.py:186} INFO - Started process (PID=12927) to work on /home/airflow/.local/lib/python3.12/site-packages/airflow/example_dags/example_dataset_alias.py
[2024-11-25T10:11:32.453+0000] {processor.py:914} INFO - Processing file /home/airflow/.local/lib/python3.12/site-packages/airflow/example_dags/example_dataset_alias.py for tasks to queue
[2024-11-25T10:11:32.456+0000] {logging_mixin.py:190} INFO - [2024-11-25T10:11:32.455+0000] {dagbag.py:588} INFO - Filling up the DagBag from /home/airflow/.local/lib/python3.12/site-packages/airflow/example_dags/example_dataset_alias.py
[2024-11-25T10:11:33.254+0000] {processor.py:925} INFO - DAG(s) 'dataset_s3_bucket_producer', 'dataset_alias_example_alias_producer', 'dataset_s3_bucket_consumer', 'dataset_alias_example_alias_consumer' retrieved from /home/airflow/.local/lib/python3.12/site-packages/airflow/example_dags/example_dataset_alias.py
[2024-11-25T10:11:33.278+0000] {logging_mixin.py:190} INFO - [2024-11-25T10:11:33.278+0000] {dag.py:3239} INFO - Sync 4 DAGs
[2024-11-25T10:11:33.307+0000] {logging_mixin.py:190} INFO - [2024-11-25T10:11:33.306+0000] {dag.py:4180} INFO - Setting next_dagrun for dataset_alias_example_alias_consumer to None, run_after=None
[2024-11-25T10:11:33.310+0000] {logging_mixin.py:190} INFO - [2024-11-25T10:11:33.310+0000] {dag.py:4180} INFO - Setting next_dagrun for dataset_alias_example_alias_producer to None, run_after=None
[2024-11-25T10:11:33.312+0000] {logging_mixin.py:190} INFO - [2024-11-25T10:11:33.312+0000] {dag.py:4180} INFO - Setting next_dagrun for dataset_s3_bucket_consumer to None, run_after=None
[2024-11-25T10:11:33.314+0000] {logging_mixin.py:190} INFO - [2024-11-25T10:11:33.314+0000] {dag.py:4180} INFO - Setting next_dagrun for dataset_s3_bucket_producer to None, run_after=None
[2024-11-25T10:11:33.343+0000] {processor.py:208} INFO - Processing /home/airflow/.local/lib/python3.12/site-packages/airflow/example_dags/example_dataset_alias.py took 0.900 seconds
