[2024-11-25T09:49:41.757+0000] {processor.py:186} INFO - Started process (PID=300) to work on /home/airflow/.local/lib/python3.12/site-packages/airflow/example_dags/example_nested_branch_dag.py
[2024-11-25T09:49:41.758+0000] {processor.py:914} INFO - Processing file /home/airflow/.local/lib/python3.12/site-packages/airflow/example_dags/example_nested_branch_dag.py for tasks to queue
[2024-11-25T09:49:41.761+0000] {logging_mixin.py:190} INFO - [2024-11-25T09:49:41.761+0000] {dagbag.py:588} INFO - Filling up the DagBag from /home/airflow/.local/lib/python3.12/site-packages/airflow/example_dags/example_nested_branch_dag.py
[2024-11-25T09:49:41.778+0000] {processor.py:925} INFO - DAG(s) 'example_nested_branch_dag' retrieved from /home/airflow/.local/lib/python3.12/site-packages/airflow/example_dags/example_nested_branch_dag.py
[2024-11-25T09:49:41.826+0000] {logging_mixin.py:190} INFO - [2024-11-25T09:49:41.825+0000] {dag.py:3239} INFO - Sync 1 DAGs
[2024-11-25T09:49:41.867+0000] {logging_mixin.py:190} INFO - [2024-11-25T09:49:41.867+0000] {dag.py:4180} INFO - Setting next_dagrun for example_nested_branch_dag to 2024-11-24 00:00:00+00:00, run_after=2024-11-25 00:00:00+00:00
[2024-11-25T09:49:41.898+0000] {processor.py:208} INFO - Processing /home/airflow/.local/lib/python3.12/site-packages/airflow/example_dags/example_nested_branch_dag.py took 0.150 seconds
[2024-11-25T09:50:12.888+0000] {processor.py:186} INFO - Started process (PID=596) to work on /home/airflow/.local/lib/python3.12/site-packages/airflow/example_dags/example_nested_branch_dag.py
[2024-11-25T09:50:12.889+0000] {processor.py:914} INFO - Processing file /home/airflow/.local/lib/python3.12/site-packages/airflow/example_dags/example_nested_branch_dag.py for tasks to queue
[2024-11-25T09:50:12.891+0000] {logging_mixin.py:190} INFO - [2024-11-25T09:50:12.891+0000] {dagbag.py:588} INFO - Filling up the DagBag from /home/airflow/.local/lib/python3.12/site-packages/airflow/example_dags/example_nested_branch_dag.py
[2024-11-25T09:50:12.907+0000] {processor.py:925} INFO - DAG(s) 'example_nested_branch_dag' retrieved from /home/airflow/.local/lib/python3.12/site-packages/airflow/example_dags/example_nested_branch_dag.py
[2024-11-25T09:50:12.933+0000] {logging_mixin.py:190} INFO - [2024-11-25T09:50:12.933+0000] {dag.py:3239} INFO - Sync 1 DAGs
[2024-11-25T09:50:12.981+0000] {logging_mixin.py:190} INFO - [2024-11-25T09:50:12.981+0000] {dag.py:4180} INFO - Setting next_dagrun for example_nested_branch_dag to 2024-11-24 00:00:00+00:00, run_after=2024-11-25 00:00:00+00:00
[2024-11-25T09:50:13.012+0000] {processor.py:208} INFO - Processing /home/airflow/.local/lib/python3.12/site-packages/airflow/example_dags/example_nested_branch_dag.py took 0.130 seconds
[2024-11-25T09:50:43.212+0000] {processor.py:186} INFO - Started process (PID=897) to work on /home/airflow/.local/lib/python3.12/site-packages/airflow/example_dags/example_nested_branch_dag.py
[2024-11-25T09:50:43.215+0000] {processor.py:914} INFO - Processing file /home/airflow/.local/lib/python3.12/site-packages/airflow/example_dags/example_nested_branch_dag.py for tasks to queue
[2024-11-25T09:50:43.223+0000] {logging_mixin.py:190} INFO - [2024-11-25T09:50:43.222+0000] {dagbag.py:588} INFO - Filling up the DagBag from /home/airflow/.local/lib/python3.12/site-packages/airflow/example_dags/example_nested_branch_dag.py
[2024-11-25T09:50:43.269+0000] {processor.py:925} INFO - DAG(s) 'example_nested_branch_dag' retrieved from /home/airflow/.local/lib/python3.12/site-packages/airflow/example_dags/example_nested_branch_dag.py
[2024-11-25T09:50:43.344+0000] {logging_mixin.py:190} INFO - [2024-11-25T09:50:43.343+0000] {dag.py:3239} INFO - Sync 1 DAGs
[2024-11-25T09:50:43.396+0000] {logging_mixin.py:190} INFO - [2024-11-25T09:50:43.395+0000] {dag.py:4180} INFO - Setting next_dagrun for example_nested_branch_dag to 2024-11-24 00:00:00+00:00, run_after=2024-11-25 00:00:00+00:00
[2024-11-25T09:50:43.453+0000] {processor.py:208} INFO - Processing /home/airflow/.local/lib/python3.12/site-packages/airflow/example_dags/example_nested_branch_dag.py took 0.260 seconds
[2024-11-25T09:51:13.802+0000] {processor.py:186} INFO - Started process (PID=1200) to work on /home/airflow/.local/lib/python3.12/site-packages/airflow/example_dags/example_nested_branch_dag.py
[2024-11-25T09:51:13.807+0000] {processor.py:914} INFO - Processing file /home/airflow/.local/lib/python3.12/site-packages/airflow/example_dags/example_nested_branch_dag.py for tasks to queue
[2024-11-25T09:51:13.810+0000] {logging_mixin.py:190} INFO - [2024-11-25T09:51:13.809+0000] {dagbag.py:588} INFO - Filling up the DagBag from /home/airflow/.local/lib/python3.12/site-packages/airflow/example_dags/example_nested_branch_dag.py
[2024-11-25T09:51:13.839+0000] {processor.py:925} INFO - DAG(s) 'example_nested_branch_dag' retrieved from /home/airflow/.local/lib/python3.12/site-packages/airflow/example_dags/example_nested_branch_dag.py
[2024-11-25T09:51:13.885+0000] {logging_mixin.py:190} INFO - [2024-11-25T09:51:13.884+0000] {dag.py:3239} INFO - Sync 1 DAGs
[2024-11-25T09:51:13.935+0000] {logging_mixin.py:190} INFO - [2024-11-25T09:51:13.934+0000] {dag.py:4180} INFO - Setting next_dagrun for example_nested_branch_dag to 2024-11-24 00:00:00+00:00, run_after=2024-11-25 00:00:00+00:00
[2024-11-25T09:51:13.962+0000] {processor.py:208} INFO - Processing /home/airflow/.local/lib/python3.12/site-packages/airflow/example_dags/example_nested_branch_dag.py took 0.174 seconds
[2024-11-25T09:51:44.144+0000] {processor.py:186} INFO - Started process (PID=1501) to work on /home/airflow/.local/lib/python3.12/site-packages/airflow/example_dags/example_nested_branch_dag.py
[2024-11-25T09:51:44.145+0000] {processor.py:914} INFO - Processing file /home/airflow/.local/lib/python3.12/site-packages/airflow/example_dags/example_nested_branch_dag.py for tasks to queue
[2024-11-25T09:51:44.146+0000] {logging_mixin.py:190} INFO - [2024-11-25T09:51:44.146+0000] {dagbag.py:588} INFO - Filling up the DagBag from /home/airflow/.local/lib/python3.12/site-packages/airflow/example_dags/example_nested_branch_dag.py
[2024-11-25T09:51:44.159+0000] {processor.py:925} INFO - DAG(s) 'example_nested_branch_dag' retrieved from /home/airflow/.local/lib/python3.12/site-packages/airflow/example_dags/example_nested_branch_dag.py
[2024-11-25T09:51:44.181+0000] {logging_mixin.py:190} INFO - [2024-11-25T09:51:44.181+0000] {dag.py:3239} INFO - Sync 1 DAGs
[2024-11-25T09:51:44.207+0000] {logging_mixin.py:190} INFO - [2024-11-25T09:51:44.207+0000] {dag.py:4180} INFO - Setting next_dagrun for example_nested_branch_dag to 2024-11-24 00:00:00+00:00, run_after=2024-11-25 00:00:00+00:00
[2024-11-25T09:51:44.231+0000] {processor.py:208} INFO - Processing /home/airflow/.local/lib/python3.12/site-packages/airflow/example_dags/example_nested_branch_dag.py took 0.093 seconds
[2024-11-25T09:52:14.844+0000] {processor.py:186} INFO - Started process (PID=1795) to work on /home/airflow/.local/lib/python3.12/site-packages/airflow/example_dags/example_nested_branch_dag.py
[2024-11-25T09:52:14.846+0000] {processor.py:914} INFO - Processing file /home/airflow/.local/lib/python3.12/site-packages/airflow/example_dags/example_nested_branch_dag.py for tasks to queue
[2024-11-25T09:52:14.848+0000] {logging_mixin.py:190} INFO - [2024-11-25T09:52:14.847+0000] {dagbag.py:588} INFO - Filling up the DagBag from /home/airflow/.local/lib/python3.12/site-packages/airflow/example_dags/example_nested_branch_dag.py
[2024-11-25T09:52:14.866+0000] {processor.py:925} INFO - DAG(s) 'example_nested_branch_dag' retrieved from /home/airflow/.local/lib/python3.12/site-packages/airflow/example_dags/example_nested_branch_dag.py
[2024-11-25T09:52:14.892+0000] {logging_mixin.py:190} INFO - [2024-11-25T09:52:14.892+0000] {dag.py:3239} INFO - Sync 1 DAGs
[2024-11-25T09:52:14.947+0000] {logging_mixin.py:190} INFO - [2024-11-25T09:52:14.947+0000] {dag.py:4180} INFO - Setting next_dagrun for example_nested_branch_dag to 2024-11-24 00:00:00+00:00, run_after=2024-11-25 00:00:00+00:00
[2024-11-25T09:52:14.999+0000] {processor.py:208} INFO - Processing /home/airflow/.local/lib/python3.12/site-packages/airflow/example_dags/example_nested_branch_dag.py took 0.163 seconds
[2024-11-25T09:52:45.412+0000] {processor.py:186} INFO - Started process (PID=2093) to work on /home/airflow/.local/lib/python3.12/site-packages/airflow/example_dags/example_nested_branch_dag.py
[2024-11-25T09:52:45.414+0000] {processor.py:914} INFO - Processing file /home/airflow/.local/lib/python3.12/site-packages/airflow/example_dags/example_nested_branch_dag.py for tasks to queue
[2024-11-25T09:52:45.417+0000] {logging_mixin.py:190} INFO - [2024-11-25T09:52:45.416+0000] {dagbag.py:588} INFO - Filling up the DagBag from /home/airflow/.local/lib/python3.12/site-packages/airflow/example_dags/example_nested_branch_dag.py
[2024-11-25T09:52:45.435+0000] {processor.py:925} INFO - DAG(s) 'example_nested_branch_dag' retrieved from /home/airflow/.local/lib/python3.12/site-packages/airflow/example_dags/example_nested_branch_dag.py
[2024-11-25T09:52:45.466+0000] {logging_mixin.py:190} INFO - [2024-11-25T09:52:45.465+0000] {dag.py:3239} INFO - Sync 1 DAGs
[2024-11-25T09:52:45.506+0000] {logging_mixin.py:190} INFO - [2024-11-25T09:52:45.506+0000] {dag.py:4180} INFO - Setting next_dagrun for example_nested_branch_dag to 2024-11-24 00:00:00+00:00, run_after=2024-11-25 00:00:00+00:00
[2024-11-25T09:52:45.535+0000] {processor.py:208} INFO - Processing /home/airflow/.local/lib/python3.12/site-packages/airflow/example_dags/example_nested_branch_dag.py took 0.131 seconds
[2024-11-25T09:53:15.960+0000] {processor.py:186} INFO - Started process (PID=2389) to work on /home/airflow/.local/lib/python3.12/site-packages/airflow/example_dags/example_nested_branch_dag.py
[2024-11-25T09:53:15.961+0000] {processor.py:914} INFO - Processing file /home/airflow/.local/lib/python3.12/site-packages/airflow/example_dags/example_nested_branch_dag.py for tasks to queue
[2024-11-25T09:53:15.963+0000] {logging_mixin.py:190} INFO - [2024-11-25T09:53:15.962+0000] {dagbag.py:588} INFO - Filling up the DagBag from /home/airflow/.local/lib/python3.12/site-packages/airflow/example_dags/example_nested_branch_dag.py
[2024-11-25T09:53:15.976+0000] {processor.py:925} INFO - DAG(s) 'example_nested_branch_dag' retrieved from /home/airflow/.local/lib/python3.12/site-packages/airflow/example_dags/example_nested_branch_dag.py
[2024-11-25T09:53:15.999+0000] {logging_mixin.py:190} INFO - [2024-11-25T09:53:15.999+0000] {dag.py:3239} INFO - Sync 1 DAGs
[2024-11-25T09:53:16.027+0000] {logging_mixin.py:190} INFO - [2024-11-25T09:53:16.026+0000] {dag.py:4180} INFO - Setting next_dagrun for example_nested_branch_dag to 2024-11-24 00:00:00+00:00, run_after=2024-11-25 00:00:00+00:00
[2024-11-25T09:53:16.049+0000] {processor.py:208} INFO - Processing /home/airflow/.local/lib/python3.12/site-packages/airflow/example_dags/example_nested_branch_dag.py took 0.096 seconds
[2024-11-25T09:53:46.645+0000] {processor.py:186} INFO - Started process (PID=2685) to work on /home/airflow/.local/lib/python3.12/site-packages/airflow/example_dags/example_nested_branch_dag.py
[2024-11-25T09:53:46.646+0000] {processor.py:914} INFO - Processing file /home/airflow/.local/lib/python3.12/site-packages/airflow/example_dags/example_nested_branch_dag.py for tasks to queue
[2024-11-25T09:53:46.647+0000] {logging_mixin.py:190} INFO - [2024-11-25T09:53:46.647+0000] {dagbag.py:588} INFO - Filling up the DagBag from /home/airflow/.local/lib/python3.12/site-packages/airflow/example_dags/example_nested_branch_dag.py
[2024-11-25T09:53:46.659+0000] {processor.py:925} INFO - DAG(s) 'example_nested_branch_dag' retrieved from /home/airflow/.local/lib/python3.12/site-packages/airflow/example_dags/example_nested_branch_dag.py
[2024-11-25T09:53:46.683+0000] {logging_mixin.py:190} INFO - [2024-11-25T09:53:46.683+0000] {dag.py:3239} INFO - Sync 1 DAGs
[2024-11-25T09:53:46.708+0000] {logging_mixin.py:190} INFO - [2024-11-25T09:53:46.708+0000] {dag.py:4180} INFO - Setting next_dagrun for example_nested_branch_dag to 2024-11-24 00:00:00+00:00, run_after=2024-11-25 00:00:00+00:00
[2024-11-25T09:53:46.733+0000] {processor.py:208} INFO - Processing /home/airflow/.local/lib/python3.12/site-packages/airflow/example_dags/example_nested_branch_dag.py took 0.094 seconds
[2024-11-25T09:54:16.966+0000] {processor.py:186} INFO - Started process (PID=2981) to work on /home/airflow/.local/lib/python3.12/site-packages/airflow/example_dags/example_nested_branch_dag.py
[2024-11-25T09:54:16.967+0000] {processor.py:914} INFO - Processing file /home/airflow/.local/lib/python3.12/site-packages/airflow/example_dags/example_nested_branch_dag.py for tasks to queue
[2024-11-25T09:54:16.968+0000] {logging_mixin.py:190} INFO - [2024-11-25T09:54:16.968+0000] {dagbag.py:588} INFO - Filling up the DagBag from /home/airflow/.local/lib/python3.12/site-packages/airflow/example_dags/example_nested_branch_dag.py
[2024-11-25T09:54:16.981+0000] {processor.py:925} INFO - DAG(s) 'example_nested_branch_dag' retrieved from /home/airflow/.local/lib/python3.12/site-packages/airflow/example_dags/example_nested_branch_dag.py
[2024-11-25T09:54:17.003+0000] {logging_mixin.py:190} INFO - [2024-11-25T09:54:17.003+0000] {dag.py:3239} INFO - Sync 1 DAGs
[2024-11-25T09:54:17.031+0000] {logging_mixin.py:190} INFO - [2024-11-25T09:54:17.030+0000] {dag.py:4180} INFO - Setting next_dagrun for example_nested_branch_dag to 2024-11-24 00:00:00+00:00, run_after=2024-11-25 00:00:00+00:00
[2024-11-25T09:54:17.053+0000] {processor.py:208} INFO - Processing /home/airflow/.local/lib/python3.12/site-packages/airflow/example_dags/example_nested_branch_dag.py took 0.094 seconds
[2024-11-25T09:54:47.434+0000] {processor.py:186} INFO - Started process (PID=3277) to work on /home/airflow/.local/lib/python3.12/site-packages/airflow/example_dags/example_nested_branch_dag.py
[2024-11-25T09:54:47.435+0000] {processor.py:914} INFO - Processing file /home/airflow/.local/lib/python3.12/site-packages/airflow/example_dags/example_nested_branch_dag.py for tasks to queue
[2024-11-25T09:54:47.436+0000] {logging_mixin.py:190} INFO - [2024-11-25T09:54:47.436+0000] {dagbag.py:588} INFO - Filling up the DagBag from /home/airflow/.local/lib/python3.12/site-packages/airflow/example_dags/example_nested_branch_dag.py
[2024-11-25T09:54:47.449+0000] {processor.py:925} INFO - DAG(s) 'example_nested_branch_dag' retrieved from /home/airflow/.local/lib/python3.12/site-packages/airflow/example_dags/example_nested_branch_dag.py
[2024-11-25T09:54:47.471+0000] {logging_mixin.py:190} INFO - [2024-11-25T09:54:47.471+0000] {dag.py:3239} INFO - Sync 1 DAGs
[2024-11-25T09:54:47.498+0000] {logging_mixin.py:190} INFO - [2024-11-25T09:54:47.498+0000] {dag.py:4180} INFO - Setting next_dagrun for example_nested_branch_dag to 2024-11-24 00:00:00+00:00, run_after=2024-11-25 00:00:00+00:00
[2024-11-25T09:54:47.521+0000] {processor.py:208} INFO - Processing /home/airflow/.local/lib/python3.12/site-packages/airflow/example_dags/example_nested_branch_dag.py took 0.093 seconds
[2024-11-25T09:55:18.862+0000] {processor.py:186} INFO - Started process (PID=3573) to work on /home/airflow/.local/lib/python3.12/site-packages/airflow/example_dags/example_nested_branch_dag.py
[2024-11-25T09:55:18.863+0000] {processor.py:914} INFO - Processing file /home/airflow/.local/lib/python3.12/site-packages/airflow/example_dags/example_nested_branch_dag.py for tasks to queue
[2024-11-25T09:55:18.865+0000] {logging_mixin.py:190} INFO - [2024-11-25T09:55:18.865+0000] {dagbag.py:588} INFO - Filling up the DagBag from /home/airflow/.local/lib/python3.12/site-packages/airflow/example_dags/example_nested_branch_dag.py
[2024-11-25T09:55:18.887+0000] {processor.py:925} INFO - DAG(s) 'example_nested_branch_dag' retrieved from /home/airflow/.local/lib/python3.12/site-packages/airflow/example_dags/example_nested_branch_dag.py
[2024-11-25T09:55:18.922+0000] {logging_mixin.py:190} INFO - [2024-11-25T09:55:18.922+0000] {dag.py:3239} INFO - Sync 1 DAGs
[2024-11-25T09:55:18.959+0000] {logging_mixin.py:190} INFO - [2024-11-25T09:55:18.958+0000] {dag.py:4180} INFO - Setting next_dagrun for example_nested_branch_dag to 2024-11-24 00:00:00+00:00, run_after=2024-11-25 00:00:00+00:00
[2024-11-25T09:55:18.985+0000] {processor.py:208} INFO - Processing /home/airflow/.local/lib/python3.12/site-packages/airflow/example_dags/example_nested_branch_dag.py took 0.133 seconds
[2024-11-25T09:55:49.596+0000] {processor.py:186} INFO - Started process (PID=3870) to work on /home/airflow/.local/lib/python3.12/site-packages/airflow/example_dags/example_nested_branch_dag.py
[2024-11-25T09:55:49.597+0000] {processor.py:914} INFO - Processing file /home/airflow/.local/lib/python3.12/site-packages/airflow/example_dags/example_nested_branch_dag.py for tasks to queue
[2024-11-25T09:55:49.599+0000] {logging_mixin.py:190} INFO - [2024-11-25T09:55:49.598+0000] {dagbag.py:588} INFO - Filling up the DagBag from /home/airflow/.local/lib/python3.12/site-packages/airflow/example_dags/example_nested_branch_dag.py
[2024-11-25T09:55:49.614+0000] {processor.py:925} INFO - DAG(s) 'example_nested_branch_dag' retrieved from /home/airflow/.local/lib/python3.12/site-packages/airflow/example_dags/example_nested_branch_dag.py
[2024-11-25T09:55:49.640+0000] {logging_mixin.py:190} INFO - [2024-11-25T09:55:49.639+0000] {dag.py:3239} INFO - Sync 1 DAGs
[2024-11-25T09:55:49.666+0000] {logging_mixin.py:190} INFO - [2024-11-25T09:55:49.666+0000] {dag.py:4180} INFO - Setting next_dagrun for example_nested_branch_dag to 2024-11-24 00:00:00+00:00, run_after=2024-11-25 00:00:00+00:00
[2024-11-25T09:55:49.688+0000] {processor.py:208} INFO - Processing /home/airflow/.local/lib/python3.12/site-packages/airflow/example_dags/example_nested_branch_dag.py took 0.098 seconds
[2024-11-25T09:56:20.491+0000] {processor.py:186} INFO - Started process (PID=4166) to work on /home/airflow/.local/lib/python3.12/site-packages/airflow/example_dags/example_nested_branch_dag.py
[2024-11-25T09:56:20.492+0000] {processor.py:914} INFO - Processing file /home/airflow/.local/lib/python3.12/site-packages/airflow/example_dags/example_nested_branch_dag.py for tasks to queue
[2024-11-25T09:56:20.494+0000] {logging_mixin.py:190} INFO - [2024-11-25T09:56:20.494+0000] {dagbag.py:588} INFO - Filling up the DagBag from /home/airflow/.local/lib/python3.12/site-packages/airflow/example_dags/example_nested_branch_dag.py
[2024-11-25T09:56:20.517+0000] {processor.py:925} INFO - DAG(s) 'example_nested_branch_dag' retrieved from /home/airflow/.local/lib/python3.12/site-packages/airflow/example_dags/example_nested_branch_dag.py
[2024-11-25T09:56:20.550+0000] {logging_mixin.py:190} INFO - [2024-11-25T09:56:20.549+0000] {dag.py:3239} INFO - Sync 1 DAGs
[2024-11-25T09:56:20.593+0000] {logging_mixin.py:190} INFO - [2024-11-25T09:56:20.593+0000] {dag.py:4180} INFO - Setting next_dagrun for example_nested_branch_dag to 2024-11-24 00:00:00+00:00, run_after=2024-11-25 00:00:00+00:00
[2024-11-25T09:56:20.629+0000] {processor.py:208} INFO - Processing /home/airflow/.local/lib/python3.12/site-packages/airflow/example_dags/example_nested_branch_dag.py took 0.152 seconds
[2024-11-25T09:56:51.173+0000] {processor.py:186} INFO - Started process (PID=4460) to work on /home/airflow/.local/lib/python3.12/site-packages/airflow/example_dags/example_nested_branch_dag.py
[2024-11-25T09:56:51.175+0000] {processor.py:914} INFO - Processing file /home/airflow/.local/lib/python3.12/site-packages/airflow/example_dags/example_nested_branch_dag.py for tasks to queue
[2024-11-25T09:56:51.179+0000] {logging_mixin.py:190} INFO - [2024-11-25T09:56:51.178+0000] {dagbag.py:588} INFO - Filling up the DagBag from /home/airflow/.local/lib/python3.12/site-packages/airflow/example_dags/example_nested_branch_dag.py
[2024-11-25T09:56:51.208+0000] {processor.py:925} INFO - DAG(s) 'example_nested_branch_dag' retrieved from /home/airflow/.local/lib/python3.12/site-packages/airflow/example_dags/example_nested_branch_dag.py
[2024-11-25T09:56:51.240+0000] {logging_mixin.py:190} INFO - [2024-11-25T09:56:51.240+0000] {dag.py:3239} INFO - Sync 1 DAGs
[2024-11-25T09:56:51.278+0000] {logging_mixin.py:190} INFO - [2024-11-25T09:56:51.278+0000] {dag.py:4180} INFO - Setting next_dagrun for example_nested_branch_dag to 2024-11-24 00:00:00+00:00, run_after=2024-11-25 00:00:00+00:00
[2024-11-25T09:56:51.303+0000] {processor.py:208} INFO - Processing /home/airflow/.local/lib/python3.12/site-packages/airflow/example_dags/example_nested_branch_dag.py took 0.141 seconds
[2024-11-25T09:57:21.600+0000] {processor.py:186} INFO - Started process (PID=4763) to work on /home/airflow/.local/lib/python3.12/site-packages/airflow/example_dags/example_nested_branch_dag.py
[2024-11-25T09:57:21.602+0000] {processor.py:914} INFO - Processing file /home/airflow/.local/lib/python3.12/site-packages/airflow/example_dags/example_nested_branch_dag.py for tasks to queue
[2024-11-25T09:57:21.604+0000] {logging_mixin.py:190} INFO - [2024-11-25T09:57:21.604+0000] {dagbag.py:588} INFO - Filling up the DagBag from /home/airflow/.local/lib/python3.12/site-packages/airflow/example_dags/example_nested_branch_dag.py
[2024-11-25T09:57:21.618+0000] {processor.py:925} INFO - DAG(s) 'example_nested_branch_dag' retrieved from /home/airflow/.local/lib/python3.12/site-packages/airflow/example_dags/example_nested_branch_dag.py
[2024-11-25T09:57:21.640+0000] {logging_mixin.py:190} INFO - [2024-11-25T09:57:21.640+0000] {dag.py:3239} INFO - Sync 1 DAGs
[2024-11-25T09:57:21.668+0000] {logging_mixin.py:190} INFO - [2024-11-25T09:57:21.667+0000] {dag.py:4180} INFO - Setting next_dagrun for example_nested_branch_dag to 2024-11-24 00:00:00+00:00, run_after=2024-11-25 00:00:00+00:00
[2024-11-25T09:57:21.689+0000] {processor.py:208} INFO - Processing /home/airflow/.local/lib/python3.12/site-packages/airflow/example_dags/example_nested_branch_dag.py took 0.095 seconds
[2024-11-25T09:57:52.297+0000] {processor.py:186} INFO - Started process (PID=5062) to work on /home/airflow/.local/lib/python3.12/site-packages/airflow/example_dags/example_nested_branch_dag.py
[2024-11-25T09:57:52.299+0000] {processor.py:914} INFO - Processing file /home/airflow/.local/lib/python3.12/site-packages/airflow/example_dags/example_nested_branch_dag.py for tasks to queue
[2024-11-25T09:57:52.302+0000] {logging_mixin.py:190} INFO - [2024-11-25T09:57:52.301+0000] {dagbag.py:588} INFO - Filling up the DagBag from /home/airflow/.local/lib/python3.12/site-packages/airflow/example_dags/example_nested_branch_dag.py
[2024-11-25T09:57:52.323+0000] {processor.py:925} INFO - DAG(s) 'example_nested_branch_dag' retrieved from /home/airflow/.local/lib/python3.12/site-packages/airflow/example_dags/example_nested_branch_dag.py
[2024-11-25T09:57:52.354+0000] {logging_mixin.py:190} INFO - [2024-11-25T09:57:52.353+0000] {dag.py:3239} INFO - Sync 1 DAGs
[2024-11-25T09:57:52.385+0000] {logging_mixin.py:190} INFO - [2024-11-25T09:57:52.385+0000] {dag.py:4180} INFO - Setting next_dagrun for example_nested_branch_dag to 2024-11-24 00:00:00+00:00, run_after=2024-11-25 00:00:00+00:00
[2024-11-25T09:57:52.413+0000] {processor.py:208} INFO - Processing /home/airflow/.local/lib/python3.12/site-packages/airflow/example_dags/example_nested_branch_dag.py took 0.125 seconds
[2024-11-25T09:58:23.438+0000] {processor.py:186} INFO - Started process (PID=5358) to work on /home/airflow/.local/lib/python3.12/site-packages/airflow/example_dags/example_nested_branch_dag.py
[2024-11-25T09:58:23.439+0000] {processor.py:914} INFO - Processing file /home/airflow/.local/lib/python3.12/site-packages/airflow/example_dags/example_nested_branch_dag.py for tasks to queue
[2024-11-25T09:58:23.441+0000] {logging_mixin.py:190} INFO - [2024-11-25T09:58:23.440+0000] {dagbag.py:588} INFO - Filling up the DagBag from /home/airflow/.local/lib/python3.12/site-packages/airflow/example_dags/example_nested_branch_dag.py
[2024-11-25T09:58:23.462+0000] {processor.py:925} INFO - DAG(s) 'example_nested_branch_dag' retrieved from /home/airflow/.local/lib/python3.12/site-packages/airflow/example_dags/example_nested_branch_dag.py
[2024-11-25T09:58:23.507+0000] {logging_mixin.py:190} INFO - [2024-11-25T09:58:23.506+0000] {dag.py:3239} INFO - Sync 1 DAGs
[2024-11-25T09:58:23.558+0000] {logging_mixin.py:190} INFO - [2024-11-25T09:58:23.558+0000] {dag.py:4180} INFO - Setting next_dagrun for example_nested_branch_dag to 2024-11-24 00:00:00+00:00, run_after=2024-11-25 00:00:00+00:00
[2024-11-25T09:58:23.592+0000] {processor.py:208} INFO - Processing /home/airflow/.local/lib/python3.12/site-packages/airflow/example_dags/example_nested_branch_dag.py took 0.166 seconds
[2024-11-25T09:58:53.978+0000] {processor.py:186} INFO - Started process (PID=5657) to work on /home/airflow/.local/lib/python3.12/site-packages/airflow/example_dags/example_nested_branch_dag.py
[2024-11-25T09:58:53.979+0000] {processor.py:914} INFO - Processing file /home/airflow/.local/lib/python3.12/site-packages/airflow/example_dags/example_nested_branch_dag.py for tasks to queue
[2024-11-25T09:58:53.980+0000] {logging_mixin.py:190} INFO - [2024-11-25T09:58:53.980+0000] {dagbag.py:588} INFO - Filling up the DagBag from /home/airflow/.local/lib/python3.12/site-packages/airflow/example_dags/example_nested_branch_dag.py
[2024-11-25T09:58:53.994+0000] {processor.py:925} INFO - DAG(s) 'example_nested_branch_dag' retrieved from /home/airflow/.local/lib/python3.12/site-packages/airflow/example_dags/example_nested_branch_dag.py
[2024-11-25T09:58:54.020+0000] {logging_mixin.py:190} INFO - [2024-11-25T09:58:54.020+0000] {dag.py:3239} INFO - Sync 1 DAGs
[2024-11-25T09:58:54.051+0000] {logging_mixin.py:190} INFO - [2024-11-25T09:58:54.050+0000] {dag.py:4180} INFO - Setting next_dagrun for example_nested_branch_dag to 2024-11-24 00:00:00+00:00, run_after=2024-11-25 00:00:00+00:00
[2024-11-25T09:58:54.075+0000] {processor.py:208} INFO - Processing /home/airflow/.local/lib/python3.12/site-packages/airflow/example_dags/example_nested_branch_dag.py took 0.103 seconds
[2024-11-25T09:59:24.505+0000] {processor.py:186} INFO - Started process (PID=5948) to work on /home/airflow/.local/lib/python3.12/site-packages/airflow/example_dags/example_nested_branch_dag.py
[2024-11-25T09:59:24.506+0000] {processor.py:914} INFO - Processing file /home/airflow/.local/lib/python3.12/site-packages/airflow/example_dags/example_nested_branch_dag.py for tasks to queue
[2024-11-25T09:59:24.508+0000] {logging_mixin.py:190} INFO - [2024-11-25T09:59:24.507+0000] {dagbag.py:588} INFO - Filling up the DagBag from /home/airflow/.local/lib/python3.12/site-packages/airflow/example_dags/example_nested_branch_dag.py
[2024-11-25T09:59:24.523+0000] {processor.py:925} INFO - DAG(s) 'example_nested_branch_dag' retrieved from /home/airflow/.local/lib/python3.12/site-packages/airflow/example_dags/example_nested_branch_dag.py
[2024-11-25T09:59:24.549+0000] {logging_mixin.py:190} INFO - [2024-11-25T09:59:24.549+0000] {dag.py:3239} INFO - Sync 1 DAGs
[2024-11-25T09:59:24.577+0000] {logging_mixin.py:190} INFO - [2024-11-25T09:59:24.577+0000] {dag.py:4180} INFO - Setting next_dagrun for example_nested_branch_dag to 2024-11-24 00:00:00+00:00, run_after=2024-11-25 00:00:00+00:00
[2024-11-25T09:59:24.601+0000] {processor.py:208} INFO - Processing /home/airflow/.local/lib/python3.12/site-packages/airflow/example_dags/example_nested_branch_dag.py took 0.102 seconds
[2024-11-25T09:59:54.697+0000] {processor.py:186} INFO - Started process (PID=6242) to work on /home/airflow/.local/lib/python3.12/site-packages/airflow/example_dags/example_nested_branch_dag.py
[2024-11-25T09:59:54.698+0000] {processor.py:914} INFO - Processing file /home/airflow/.local/lib/python3.12/site-packages/airflow/example_dags/example_nested_branch_dag.py for tasks to queue
[2024-11-25T09:59:54.700+0000] {logging_mixin.py:190} INFO - [2024-11-25T09:59:54.699+0000] {dagbag.py:588} INFO - Filling up the DagBag from /home/airflow/.local/lib/python3.12/site-packages/airflow/example_dags/example_nested_branch_dag.py
[2024-11-25T09:59:54.716+0000] {processor.py:925} INFO - DAG(s) 'example_nested_branch_dag' retrieved from /home/airflow/.local/lib/python3.12/site-packages/airflow/example_dags/example_nested_branch_dag.py
[2024-11-25T09:59:54.743+0000] {logging_mixin.py:190} INFO - [2024-11-25T09:59:54.743+0000] {dag.py:3239} INFO - Sync 1 DAGs
[2024-11-25T09:59:54.778+0000] {logging_mixin.py:190} INFO - [2024-11-25T09:59:54.777+0000] {dag.py:4180} INFO - Setting next_dagrun for example_nested_branch_dag to 2024-11-24 00:00:00+00:00, run_after=2024-11-25 00:00:00+00:00
[2024-11-25T09:59:54.808+0000] {processor.py:208} INFO - Processing /home/airflow/.local/lib/python3.12/site-packages/airflow/example_dags/example_nested_branch_dag.py took 0.119 seconds
[2024-11-25T10:00:25.544+0000] {processor.py:186} INFO - Started process (PID=6493) to work on /home/airflow/.local/lib/python3.12/site-packages/airflow/example_dags/example_nested_branch_dag.py
[2024-11-25T10:00:25.546+0000] {processor.py:914} INFO - Processing file /home/airflow/.local/lib/python3.12/site-packages/airflow/example_dags/example_nested_branch_dag.py for tasks to queue
[2024-11-25T10:00:25.547+0000] {logging_mixin.py:190} INFO - [2024-11-25T10:00:25.547+0000] {dagbag.py:588} INFO - Filling up the DagBag from /home/airflow/.local/lib/python3.12/site-packages/airflow/example_dags/example_nested_branch_dag.py
[2024-11-25T10:00:25.566+0000] {processor.py:925} INFO - DAG(s) 'example_nested_branch_dag' retrieved from /home/airflow/.local/lib/python3.12/site-packages/airflow/example_dags/example_nested_branch_dag.py
[2024-11-25T10:00:25.604+0000] {logging_mixin.py:190} INFO - [2024-11-25T10:00:25.603+0000] {dag.py:3239} INFO - Sync 1 DAGs
[2024-11-25T10:00:25.639+0000] {logging_mixin.py:190} INFO - [2024-11-25T10:00:25.639+0000] {dag.py:4180} INFO - Setting next_dagrun for example_nested_branch_dag to 2024-11-24 00:00:00+00:00, run_after=2024-11-25 00:00:00+00:00
[2024-11-25T10:00:25.667+0000] {processor.py:208} INFO - Processing /home/airflow/.local/lib/python3.12/site-packages/airflow/example_dags/example_nested_branch_dag.py took 0.130 seconds
[2024-11-25T10:00:56.473+0000] {processor.py:186} INFO - Started process (PID=6776) to work on /home/airflow/.local/lib/python3.12/site-packages/airflow/example_dags/example_nested_branch_dag.py
[2024-11-25T10:00:56.474+0000] {processor.py:914} INFO - Processing file /home/airflow/.local/lib/python3.12/site-packages/airflow/example_dags/example_nested_branch_dag.py for tasks to queue
[2024-11-25T10:00:56.476+0000] {logging_mixin.py:190} INFO - [2024-11-25T10:00:56.476+0000] {dagbag.py:588} INFO - Filling up the DagBag from /home/airflow/.local/lib/python3.12/site-packages/airflow/example_dags/example_nested_branch_dag.py
[2024-11-25T10:00:56.494+0000] {processor.py:925} INFO - DAG(s) 'example_nested_branch_dag' retrieved from /home/airflow/.local/lib/python3.12/site-packages/airflow/example_dags/example_nested_branch_dag.py
[2024-11-25T10:00:56.523+0000] {logging_mixin.py:190} INFO - [2024-11-25T10:00:56.523+0000] {dag.py:3239} INFO - Sync 1 DAGs
[2024-11-25T10:00:56.556+0000] {logging_mixin.py:190} INFO - [2024-11-25T10:00:56.556+0000] {dag.py:4180} INFO - Setting next_dagrun for example_nested_branch_dag to 2024-11-24 00:00:00+00:00, run_after=2024-11-25 00:00:00+00:00
[2024-11-25T10:00:56.581+0000] {processor.py:208} INFO - Processing /home/airflow/.local/lib/python3.12/site-packages/airflow/example_dags/example_nested_branch_dag.py took 0.116 seconds
[2024-11-25T10:01:26.976+0000] {processor.py:186} INFO - Started process (PID=7070) to work on /home/airflow/.local/lib/python3.12/site-packages/airflow/example_dags/example_nested_branch_dag.py
[2024-11-25T10:01:26.979+0000] {processor.py:914} INFO - Processing file /home/airflow/.local/lib/python3.12/site-packages/airflow/example_dags/example_nested_branch_dag.py for tasks to queue
[2024-11-25T10:01:26.983+0000] {logging_mixin.py:190} INFO - [2024-11-25T10:01:26.982+0000] {dagbag.py:588} INFO - Filling up the DagBag from /home/airflow/.local/lib/python3.12/site-packages/airflow/example_dags/example_nested_branch_dag.py
[2024-11-25T10:01:27.015+0000] {processor.py:925} INFO - DAG(s) 'example_nested_branch_dag' retrieved from /home/airflow/.local/lib/python3.12/site-packages/airflow/example_dags/example_nested_branch_dag.py
[2024-11-25T10:01:27.049+0000] {logging_mixin.py:190} INFO - [2024-11-25T10:01:27.048+0000] {dag.py:3239} INFO - Sync 1 DAGs
[2024-11-25T10:01:27.089+0000] {logging_mixin.py:190} INFO - [2024-11-25T10:01:27.088+0000] {dag.py:4180} INFO - Setting next_dagrun for example_nested_branch_dag to 2024-11-24 00:00:00+00:00, run_after=2024-11-25 00:00:00+00:00
[2024-11-25T10:01:27.114+0000] {processor.py:208} INFO - Processing /home/airflow/.local/lib/python3.12/site-packages/airflow/example_dags/example_nested_branch_dag.py took 0.149 seconds
[2024-11-25T10:01:57.265+0000] {processor.py:186} INFO - Started process (PID=7368) to work on /home/airflow/.local/lib/python3.12/site-packages/airflow/example_dags/example_nested_branch_dag.py
[2024-11-25T10:01:57.266+0000] {processor.py:914} INFO - Processing file /home/airflow/.local/lib/python3.12/site-packages/airflow/example_dags/example_nested_branch_dag.py for tasks to queue
[2024-11-25T10:01:57.267+0000] {logging_mixin.py:190} INFO - [2024-11-25T10:01:57.267+0000] {dagbag.py:588} INFO - Filling up the DagBag from /home/airflow/.local/lib/python3.12/site-packages/airflow/example_dags/example_nested_branch_dag.py
[2024-11-25T10:01:57.281+0000] {processor.py:925} INFO - DAG(s) 'example_nested_branch_dag' retrieved from /home/airflow/.local/lib/python3.12/site-packages/airflow/example_dags/example_nested_branch_dag.py
[2024-11-25T10:01:57.307+0000] {logging_mixin.py:190} INFO - [2024-11-25T10:01:57.307+0000] {dag.py:3239} INFO - Sync 1 DAGs
[2024-11-25T10:01:57.339+0000] {logging_mixin.py:190} INFO - [2024-11-25T10:01:57.339+0000] {dag.py:4180} INFO - Setting next_dagrun for example_nested_branch_dag to 2024-11-24 00:00:00+00:00, run_after=2024-11-25 00:00:00+00:00
[2024-11-25T10:01:57.365+0000] {processor.py:208} INFO - Processing /home/airflow/.local/lib/python3.12/site-packages/airflow/example_dags/example_nested_branch_dag.py took 0.107 seconds
[2024-11-25T10:02:27.762+0000] {processor.py:186} INFO - Started process (PID=7662) to work on /home/airflow/.local/lib/python3.12/site-packages/airflow/example_dags/example_nested_branch_dag.py
[2024-11-25T10:02:27.764+0000] {processor.py:914} INFO - Processing file /home/airflow/.local/lib/python3.12/site-packages/airflow/example_dags/example_nested_branch_dag.py for tasks to queue
[2024-11-25T10:02:27.766+0000] {logging_mixin.py:190} INFO - [2024-11-25T10:02:27.766+0000] {dagbag.py:588} INFO - Filling up the DagBag from /home/airflow/.local/lib/python3.12/site-packages/airflow/example_dags/example_nested_branch_dag.py
[2024-11-25T10:02:27.787+0000] {processor.py:925} INFO - DAG(s) 'example_nested_branch_dag' retrieved from /home/airflow/.local/lib/python3.12/site-packages/airflow/example_dags/example_nested_branch_dag.py
[2024-11-25T10:02:27.810+0000] {logging_mixin.py:190} INFO - [2024-11-25T10:02:27.810+0000] {dag.py:3239} INFO - Sync 1 DAGs
[2024-11-25T10:02:27.840+0000] {logging_mixin.py:190} INFO - [2024-11-25T10:02:27.839+0000] {dag.py:4180} INFO - Setting next_dagrun for example_nested_branch_dag to 2024-11-24 00:00:00+00:00, run_after=2024-11-25 00:00:00+00:00
[2024-11-25T10:02:27.864+0000] {processor.py:208} INFO - Processing /home/airflow/.local/lib/python3.12/site-packages/airflow/example_dags/example_nested_branch_dag.py took 0.113 seconds
[2024-11-25T10:02:58.036+0000] {processor.py:186} INFO - Started process (PID=7971) to work on /home/airflow/.local/lib/python3.12/site-packages/airflow/example_dags/example_nested_branch_dag.py
[2024-11-25T10:02:58.039+0000] {processor.py:914} INFO - Processing file /home/airflow/.local/lib/python3.12/site-packages/airflow/example_dags/example_nested_branch_dag.py for tasks to queue
[2024-11-25T10:02:58.041+0000] {logging_mixin.py:190} INFO - [2024-11-25T10:02:58.040+0000] {dagbag.py:588} INFO - Filling up the DagBag from /home/airflow/.local/lib/python3.12/site-packages/airflow/example_dags/example_nested_branch_dag.py
[2024-11-25T10:02:58.068+0000] {processor.py:925} INFO - DAG(s) 'example_nested_branch_dag' retrieved from /home/airflow/.local/lib/python3.12/site-packages/airflow/example_dags/example_nested_branch_dag.py
[2024-11-25T10:02:58.109+0000] {logging_mixin.py:190} INFO - [2024-11-25T10:02:58.109+0000] {dag.py:3239} INFO - Sync 1 DAGs
[2024-11-25T10:02:58.152+0000] {logging_mixin.py:190} INFO - [2024-11-25T10:02:58.152+0000] {dag.py:4180} INFO - Setting next_dagrun for example_nested_branch_dag to 2024-11-24 00:00:00+00:00, run_after=2024-11-25 00:00:00+00:00
[2024-11-25T10:02:58.177+0000] {processor.py:208} INFO - Processing /home/airflow/.local/lib/python3.12/site-packages/airflow/example_dags/example_nested_branch_dag.py took 0.149 seconds
[2024-11-25T10:03:29.160+0000] {processor.py:186} INFO - Started process (PID=8267) to work on /home/airflow/.local/lib/python3.12/site-packages/airflow/example_dags/example_nested_branch_dag.py
[2024-11-25T10:03:29.161+0000] {processor.py:914} INFO - Processing file /home/airflow/.local/lib/python3.12/site-packages/airflow/example_dags/example_nested_branch_dag.py for tasks to queue
[2024-11-25T10:03:29.163+0000] {logging_mixin.py:190} INFO - [2024-11-25T10:03:29.163+0000] {dagbag.py:588} INFO - Filling up the DagBag from /home/airflow/.local/lib/python3.12/site-packages/airflow/example_dags/example_nested_branch_dag.py
[2024-11-25T10:03:29.182+0000] {processor.py:925} INFO - DAG(s) 'example_nested_branch_dag' retrieved from /home/airflow/.local/lib/python3.12/site-packages/airflow/example_dags/example_nested_branch_dag.py
[2024-11-25T10:03:29.209+0000] {logging_mixin.py:190} INFO - [2024-11-25T10:03:29.209+0000] {dag.py:3239} INFO - Sync 1 DAGs
[2024-11-25T10:03:29.246+0000] {logging_mixin.py:190} INFO - [2024-11-25T10:03:29.246+0000] {dag.py:4180} INFO - Setting next_dagrun for example_nested_branch_dag to 2024-11-24 00:00:00+00:00, run_after=2024-11-25 00:00:00+00:00
[2024-11-25T10:03:29.275+0000] {processor.py:208} INFO - Processing /home/airflow/.local/lib/python3.12/site-packages/airflow/example_dags/example_nested_branch_dag.py took 0.122 seconds
[2024-11-25T10:03:59.386+0000] {processor.py:186} INFO - Started process (PID=8566) to work on /home/airflow/.local/lib/python3.12/site-packages/airflow/example_dags/example_nested_branch_dag.py
[2024-11-25T10:03:59.388+0000] {processor.py:914} INFO - Processing file /home/airflow/.local/lib/python3.12/site-packages/airflow/example_dags/example_nested_branch_dag.py for tasks to queue
[2024-11-25T10:03:59.390+0000] {logging_mixin.py:190} INFO - [2024-11-25T10:03:59.389+0000] {dagbag.py:588} INFO - Filling up the DagBag from /home/airflow/.local/lib/python3.12/site-packages/airflow/example_dags/example_nested_branch_dag.py
[2024-11-25T10:03:59.410+0000] {processor.py:925} INFO - DAG(s) 'example_nested_branch_dag' retrieved from /home/airflow/.local/lib/python3.12/site-packages/airflow/example_dags/example_nested_branch_dag.py
[2024-11-25T10:03:59.444+0000] {logging_mixin.py:190} INFO - [2024-11-25T10:03:59.444+0000] {dag.py:3239} INFO - Sync 1 DAGs
[2024-11-25T10:03:59.486+0000] {logging_mixin.py:190} INFO - [2024-11-25T10:03:59.485+0000] {dag.py:4180} INFO - Setting next_dagrun for example_nested_branch_dag to 2024-11-24 00:00:00+00:00, run_after=2024-11-25 00:00:00+00:00
[2024-11-25T10:03:59.568+0000] {processor.py:208} INFO - Processing /home/airflow/.local/lib/python3.12/site-packages/airflow/example_dags/example_nested_branch_dag.py took 0.191 seconds
[2024-11-25T10:04:30.325+0000] {processor.py:186} INFO - Started process (PID=8862) to work on /home/airflow/.local/lib/python3.12/site-packages/airflow/example_dags/example_nested_branch_dag.py
[2024-11-25T10:04:30.326+0000] {processor.py:914} INFO - Processing file /home/airflow/.local/lib/python3.12/site-packages/airflow/example_dags/example_nested_branch_dag.py for tasks to queue
[2024-11-25T10:04:30.328+0000] {logging_mixin.py:190} INFO - [2024-11-25T10:04:30.328+0000] {dagbag.py:588} INFO - Filling up the DagBag from /home/airflow/.local/lib/python3.12/site-packages/airflow/example_dags/example_nested_branch_dag.py
[2024-11-25T10:04:30.348+0000] {processor.py:925} INFO - DAG(s) 'example_nested_branch_dag' retrieved from /home/airflow/.local/lib/python3.12/site-packages/airflow/example_dags/example_nested_branch_dag.py
[2024-11-25T10:04:30.379+0000] {logging_mixin.py:190} INFO - [2024-11-25T10:04:30.379+0000] {dag.py:3239} INFO - Sync 1 DAGs
[2024-11-25T10:04:30.418+0000] {logging_mixin.py:190} INFO - [2024-11-25T10:04:30.417+0000] {dag.py:4180} INFO - Setting next_dagrun for example_nested_branch_dag to 2024-11-24 00:00:00+00:00, run_after=2024-11-25 00:00:00+00:00
[2024-11-25T10:04:30.447+0000] {processor.py:208} INFO - Processing /home/airflow/.local/lib/python3.12/site-packages/airflow/example_dags/example_nested_branch_dag.py took 0.132 seconds
[2024-11-25T10:05:01.695+0000] {processor.py:186} INFO - Started process (PID=9158) to work on /home/airflow/.local/lib/python3.12/site-packages/airflow/example_dags/example_nested_branch_dag.py
[2024-11-25T10:05:01.697+0000] {processor.py:914} INFO - Processing file /home/airflow/.local/lib/python3.12/site-packages/airflow/example_dags/example_nested_branch_dag.py for tasks to queue
[2024-11-25T10:05:01.699+0000] {logging_mixin.py:190} INFO - [2024-11-25T10:05:01.699+0000] {dagbag.py:588} INFO - Filling up the DagBag from /home/airflow/.local/lib/python3.12/site-packages/airflow/example_dags/example_nested_branch_dag.py
[2024-11-25T10:05:01.719+0000] {processor.py:925} INFO - DAG(s) 'example_nested_branch_dag' retrieved from /home/airflow/.local/lib/python3.12/site-packages/airflow/example_dags/example_nested_branch_dag.py
[2024-11-25T10:05:01.751+0000] {logging_mixin.py:190} INFO - [2024-11-25T10:05:01.751+0000] {dag.py:3239} INFO - Sync 1 DAGs
[2024-11-25T10:05:01.791+0000] {logging_mixin.py:190} INFO - [2024-11-25T10:05:01.791+0000] {dag.py:4180} INFO - Setting next_dagrun for example_nested_branch_dag to 2024-11-24 00:00:00+00:00, run_after=2024-11-25 00:00:00+00:00
[2024-11-25T10:05:01.822+0000] {processor.py:208} INFO - Processing /home/airflow/.local/lib/python3.12/site-packages/airflow/example_dags/example_nested_branch_dag.py took 0.135 seconds
[2024-11-25T10:05:32.072+0000] {processor.py:186} INFO - Started process (PID=9454) to work on /home/airflow/.local/lib/python3.12/site-packages/airflow/example_dags/example_nested_branch_dag.py
[2024-11-25T10:05:32.073+0000] {processor.py:914} INFO - Processing file /home/airflow/.local/lib/python3.12/site-packages/airflow/example_dags/example_nested_branch_dag.py for tasks to queue
[2024-11-25T10:05:32.076+0000] {logging_mixin.py:190} INFO - [2024-11-25T10:05:32.075+0000] {dagbag.py:588} INFO - Filling up the DagBag from /home/airflow/.local/lib/python3.12/site-packages/airflow/example_dags/example_nested_branch_dag.py
[2024-11-25T10:05:32.103+0000] {processor.py:925} INFO - DAG(s) 'example_nested_branch_dag' retrieved from /home/airflow/.local/lib/python3.12/site-packages/airflow/example_dags/example_nested_branch_dag.py
[2024-11-25T10:05:32.136+0000] {logging_mixin.py:190} INFO - [2024-11-25T10:05:32.135+0000] {dag.py:3239} INFO - Sync 1 DAGs
[2024-11-25T10:05:32.171+0000] {logging_mixin.py:190} INFO - [2024-11-25T10:05:32.170+0000] {dag.py:4180} INFO - Setting next_dagrun for example_nested_branch_dag to 2024-11-24 00:00:00+00:00, run_after=2024-11-25 00:00:00+00:00
[2024-11-25T10:05:32.199+0000] {processor.py:208} INFO - Processing /home/airflow/.local/lib/python3.12/site-packages/airflow/example_dags/example_nested_branch_dag.py took 0.136 seconds
[2024-11-25T10:06:02.926+0000] {processor.py:186} INFO - Started process (PID=9766) to work on /home/airflow/.local/lib/python3.12/site-packages/airflow/example_dags/example_nested_branch_dag.py
[2024-11-25T10:06:02.928+0000] {processor.py:914} INFO - Processing file /home/airflow/.local/lib/python3.12/site-packages/airflow/example_dags/example_nested_branch_dag.py for tasks to queue
[2024-11-25T10:06:02.930+0000] {logging_mixin.py:190} INFO - [2024-11-25T10:06:02.930+0000] {dagbag.py:588} INFO - Filling up the DagBag from /home/airflow/.local/lib/python3.12/site-packages/airflow/example_dags/example_nested_branch_dag.py
[2024-11-25T10:06:02.964+0000] {processor.py:925} INFO - DAG(s) 'example_nested_branch_dag' retrieved from /home/airflow/.local/lib/python3.12/site-packages/airflow/example_dags/example_nested_branch_dag.py
[2024-11-25T10:06:03.002+0000] {logging_mixin.py:190} INFO - [2024-11-25T10:06:03.002+0000] {dag.py:3239} INFO - Sync 1 DAGs
[2024-11-25T10:06:03.063+0000] {logging_mixin.py:190} INFO - [2024-11-25T10:06:03.062+0000] {dag.py:4180} INFO - Setting next_dagrun for example_nested_branch_dag to 2024-11-24 00:00:00+00:00, run_after=2024-11-25 00:00:00+00:00
[2024-11-25T10:06:03.093+0000] {processor.py:208} INFO - Processing /home/airflow/.local/lib/python3.12/site-packages/airflow/example_dags/example_nested_branch_dag.py took 0.178 seconds
[2024-11-25T10:06:33.548+0000] {processor.py:186} INFO - Started process (PID=10062) to work on /home/airflow/.local/lib/python3.12/site-packages/airflow/example_dags/example_nested_branch_dag.py
[2024-11-25T10:06:33.550+0000] {processor.py:914} INFO - Processing file /home/airflow/.local/lib/python3.12/site-packages/airflow/example_dags/example_nested_branch_dag.py for tasks to queue
[2024-11-25T10:06:33.552+0000] {logging_mixin.py:190} INFO - [2024-11-25T10:06:33.551+0000] {dagbag.py:588} INFO - Filling up the DagBag from /home/airflow/.local/lib/python3.12/site-packages/airflow/example_dags/example_nested_branch_dag.py
[2024-11-25T10:06:33.575+0000] {processor.py:925} INFO - DAG(s) 'example_nested_branch_dag' retrieved from /home/airflow/.local/lib/python3.12/site-packages/airflow/example_dags/example_nested_branch_dag.py
[2024-11-25T10:06:33.613+0000] {logging_mixin.py:190} INFO - [2024-11-25T10:06:33.613+0000] {dag.py:3239} INFO - Sync 1 DAGs
[2024-11-25T10:06:33.709+0000] {logging_mixin.py:190} INFO - [2024-11-25T10:06:33.708+0000] {dag.py:4180} INFO - Setting next_dagrun for example_nested_branch_dag to 2024-11-24 00:00:00+00:00, run_after=2024-11-25 00:00:00+00:00
[2024-11-25T10:06:33.792+0000] {processor.py:208} INFO - Processing /home/airflow/.local/lib/python3.12/site-packages/airflow/example_dags/example_nested_branch_dag.py took 0.255 seconds
[2024-11-25T10:07:04.711+0000] {processor.py:186} INFO - Started process (PID=10360) to work on /home/airflow/.local/lib/python3.12/site-packages/airflow/example_dags/example_nested_branch_dag.py
[2024-11-25T10:07:04.712+0000] {processor.py:914} INFO - Processing file /home/airflow/.local/lib/python3.12/site-packages/airflow/example_dags/example_nested_branch_dag.py for tasks to queue
[2024-11-25T10:07:04.714+0000] {logging_mixin.py:190} INFO - [2024-11-25T10:07:04.713+0000] {dagbag.py:588} INFO - Filling up the DagBag from /home/airflow/.local/lib/python3.12/site-packages/airflow/example_dags/example_nested_branch_dag.py
[2024-11-25T10:07:04.729+0000] {processor.py:925} INFO - DAG(s) 'example_nested_branch_dag' retrieved from /home/airflow/.local/lib/python3.12/site-packages/airflow/example_dags/example_nested_branch_dag.py
[2024-11-25T10:07:04.758+0000] {logging_mixin.py:190} INFO - [2024-11-25T10:07:04.758+0000] {dag.py:3239} INFO - Sync 1 DAGs
[2024-11-25T10:07:04.791+0000] {logging_mixin.py:190} INFO - [2024-11-25T10:07:04.791+0000] {dag.py:4180} INFO - Setting next_dagrun for example_nested_branch_dag to 2024-11-24 00:00:00+00:00, run_after=2024-11-25 00:00:00+00:00
[2024-11-25T10:07:04.818+0000] {processor.py:208} INFO - Processing /home/airflow/.local/lib/python3.12/site-packages/airflow/example_dags/example_nested_branch_dag.py took 0.114 seconds
[2024-11-25T10:07:35.484+0000] {processor.py:186} INFO - Started process (PID=10656) to work on /home/airflow/.local/lib/python3.12/site-packages/airflow/example_dags/example_nested_branch_dag.py
[2024-11-25T10:07:35.485+0000] {processor.py:914} INFO - Processing file /home/airflow/.local/lib/python3.12/site-packages/airflow/example_dags/example_nested_branch_dag.py for tasks to queue
[2024-11-25T10:07:35.487+0000] {logging_mixin.py:190} INFO - [2024-11-25T10:07:35.487+0000] {dagbag.py:588} INFO - Filling up the DagBag from /home/airflow/.local/lib/python3.12/site-packages/airflow/example_dags/example_nested_branch_dag.py
[2024-11-25T10:07:35.505+0000] {processor.py:925} INFO - DAG(s) 'example_nested_branch_dag' retrieved from /home/airflow/.local/lib/python3.12/site-packages/airflow/example_dags/example_nested_branch_dag.py
[2024-11-25T10:07:35.530+0000] {logging_mixin.py:190} INFO - [2024-11-25T10:07:35.530+0000] {dag.py:3239} INFO - Sync 1 DAGs
[2024-11-25T10:07:35.560+0000] {logging_mixin.py:190} INFO - [2024-11-25T10:07:35.560+0000] {dag.py:4180} INFO - Setting next_dagrun for example_nested_branch_dag to 2024-11-24 00:00:00+00:00, run_after=2024-11-25 00:00:00+00:00
[2024-11-25T10:07:35.583+0000] {processor.py:208} INFO - Processing /home/airflow/.local/lib/python3.12/site-packages/airflow/example_dags/example_nested_branch_dag.py took 0.106 seconds
[2024-11-25T10:08:06.297+0000] {processor.py:186} INFO - Started process (PID=10950) to work on /home/airflow/.local/lib/python3.12/site-packages/airflow/example_dags/example_nested_branch_dag.py
[2024-11-25T10:08:06.299+0000] {processor.py:914} INFO - Processing file /home/airflow/.local/lib/python3.12/site-packages/airflow/example_dags/example_nested_branch_dag.py for tasks to queue
[2024-11-25T10:08:06.301+0000] {logging_mixin.py:190} INFO - [2024-11-25T10:08:06.300+0000] {dagbag.py:588} INFO - Filling up the DagBag from /home/airflow/.local/lib/python3.12/site-packages/airflow/example_dags/example_nested_branch_dag.py
[2024-11-25T10:08:06.321+0000] {processor.py:925} INFO - DAG(s) 'example_nested_branch_dag' retrieved from /home/airflow/.local/lib/python3.12/site-packages/airflow/example_dags/example_nested_branch_dag.py
[2024-11-25T10:08:06.354+0000] {logging_mixin.py:190} INFO - [2024-11-25T10:08:06.354+0000] {dag.py:3239} INFO - Sync 1 DAGs
[2024-11-25T10:08:06.387+0000] {logging_mixin.py:190} INFO - [2024-11-25T10:08:06.387+0000] {dag.py:4180} INFO - Setting next_dagrun for example_nested_branch_dag to 2024-11-24 00:00:00+00:00, run_after=2024-11-25 00:00:00+00:00
[2024-11-25T10:08:06.414+0000] {processor.py:208} INFO - Processing /home/airflow/.local/lib/python3.12/site-packages/airflow/example_dags/example_nested_branch_dag.py took 0.126 seconds
[2024-11-25T10:08:37.274+0000] {processor.py:186} INFO - Started process (PID=11248) to work on /home/airflow/.local/lib/python3.12/site-packages/airflow/example_dags/example_nested_branch_dag.py
[2024-11-25T10:08:37.275+0000] {processor.py:914} INFO - Processing file /home/airflow/.local/lib/python3.12/site-packages/airflow/example_dags/example_nested_branch_dag.py for tasks to queue
[2024-11-25T10:08:37.277+0000] {logging_mixin.py:190} INFO - [2024-11-25T10:08:37.276+0000] {dagbag.py:588} INFO - Filling up the DagBag from /home/airflow/.local/lib/python3.12/site-packages/airflow/example_dags/example_nested_branch_dag.py
[2024-11-25T10:08:37.291+0000] {processor.py:925} INFO - DAG(s) 'example_nested_branch_dag' retrieved from /home/airflow/.local/lib/python3.12/site-packages/airflow/example_dags/example_nested_branch_dag.py
[2024-11-25T10:08:37.316+0000] {logging_mixin.py:190} INFO - [2024-11-25T10:08:37.315+0000] {dag.py:3239} INFO - Sync 1 DAGs
[2024-11-25T10:08:37.345+0000] {logging_mixin.py:190} INFO - [2024-11-25T10:08:37.344+0000] {dag.py:4180} INFO - Setting next_dagrun for example_nested_branch_dag to 2024-11-24 00:00:00+00:00, run_after=2024-11-25 00:00:00+00:00
[2024-11-25T10:08:37.368+0000] {processor.py:208} INFO - Processing /home/airflow/.local/lib/python3.12/site-packages/airflow/example_dags/example_nested_branch_dag.py took 0.101 seconds
[2024-11-25T10:09:07.772+0000] {processor.py:186} INFO - Started process (PID=11545) to work on /home/airflow/.local/lib/python3.12/site-packages/airflow/example_dags/example_nested_branch_dag.py
[2024-11-25T10:09:07.773+0000] {processor.py:914} INFO - Processing file /home/airflow/.local/lib/python3.12/site-packages/airflow/example_dags/example_nested_branch_dag.py for tasks to queue
[2024-11-25T10:09:07.775+0000] {logging_mixin.py:190} INFO - [2024-11-25T10:09:07.775+0000] {dagbag.py:588} INFO - Filling up the DagBag from /home/airflow/.local/lib/python3.12/site-packages/airflow/example_dags/example_nested_branch_dag.py
[2024-11-25T10:09:07.793+0000] {processor.py:925} INFO - DAG(s) 'example_nested_branch_dag' retrieved from /home/airflow/.local/lib/python3.12/site-packages/airflow/example_dags/example_nested_branch_dag.py
[2024-11-25T10:09:07.826+0000] {logging_mixin.py:190} INFO - [2024-11-25T10:09:07.826+0000] {dag.py:3239} INFO - Sync 1 DAGs
[2024-11-25T10:09:07.856+0000] {logging_mixin.py:190} INFO - [2024-11-25T10:09:07.856+0000] {dag.py:4180} INFO - Setting next_dagrun for example_nested_branch_dag to 2024-11-24 00:00:00+00:00, run_after=2024-11-25 00:00:00+00:00
[2024-11-25T10:09:07.881+0000] {processor.py:208} INFO - Processing /home/airflow/.local/lib/python3.12/site-packages/airflow/example_dags/example_nested_branch_dag.py took 0.117 seconds
[2024-11-25T10:09:37.950+0000] {processor.py:186} INFO - Started process (PID=11838) to work on /home/airflow/.local/lib/python3.12/site-packages/airflow/example_dags/example_nested_branch_dag.py
[2024-11-25T10:09:37.951+0000] {processor.py:914} INFO - Processing file /home/airflow/.local/lib/python3.12/site-packages/airflow/example_dags/example_nested_branch_dag.py for tasks to queue
[2024-11-25T10:09:37.952+0000] {logging_mixin.py:190} INFO - [2024-11-25T10:09:37.952+0000] {dagbag.py:588} INFO - Filling up the DagBag from /home/airflow/.local/lib/python3.12/site-packages/airflow/example_dags/example_nested_branch_dag.py
[2024-11-25T10:09:37.966+0000] {processor.py:925} INFO - DAG(s) 'example_nested_branch_dag' retrieved from /home/airflow/.local/lib/python3.12/site-packages/airflow/example_dags/example_nested_branch_dag.py
[2024-11-25T10:09:37.992+0000] {logging_mixin.py:190} INFO - [2024-11-25T10:09:37.991+0000] {dag.py:3239} INFO - Sync 1 DAGs
[2024-11-25T10:09:38.023+0000] {logging_mixin.py:190} INFO - [2024-11-25T10:09:38.023+0000] {dag.py:4180} INFO - Setting next_dagrun for example_nested_branch_dag to 2024-11-24 00:00:00+00:00, run_after=2024-11-25 00:00:00+00:00
[2024-11-25T10:09:38.046+0000] {processor.py:208} INFO - Processing /home/airflow/.local/lib/python3.12/site-packages/airflow/example_dags/example_nested_branch_dag.py took 0.101 seconds
[2024-11-25T10:10:08.207+0000] {processor.py:186} INFO - Started process (PID=12137) to work on /home/airflow/.local/lib/python3.12/site-packages/airflow/example_dags/example_nested_branch_dag.py
[2024-11-25T10:10:08.209+0000] {processor.py:914} INFO - Processing file /home/airflow/.local/lib/python3.12/site-packages/airflow/example_dags/example_nested_branch_dag.py for tasks to queue
[2024-11-25T10:10:08.211+0000] {logging_mixin.py:190} INFO - [2024-11-25T10:10:08.211+0000] {dagbag.py:588} INFO - Filling up the DagBag from /home/airflow/.local/lib/python3.12/site-packages/airflow/example_dags/example_nested_branch_dag.py
[2024-11-25T10:10:08.232+0000] {processor.py:925} INFO - DAG(s) 'example_nested_branch_dag' retrieved from /home/airflow/.local/lib/python3.12/site-packages/airflow/example_dags/example_nested_branch_dag.py
[2024-11-25T10:10:08.259+0000] {logging_mixin.py:190} INFO - [2024-11-25T10:10:08.259+0000] {dag.py:3239} INFO - Sync 1 DAGs
[2024-11-25T10:10:08.289+0000] {logging_mixin.py:190} INFO - [2024-11-25T10:10:08.289+0000] {dag.py:4180} INFO - Setting next_dagrun for example_nested_branch_dag to 2024-11-24 00:00:00+00:00, run_after=2024-11-25 00:00:00+00:00
[2024-11-25T10:10:08.317+0000] {processor.py:208} INFO - Processing /home/airflow/.local/lib/python3.12/site-packages/airflow/example_dags/example_nested_branch_dag.py took 0.119 seconds
[2024-11-25T10:10:39.158+0000] {processor.py:186} INFO - Started process (PID=12431) to work on /home/airflow/.local/lib/python3.12/site-packages/airflow/example_dags/example_nested_branch_dag.py
[2024-11-25T10:10:39.159+0000] {processor.py:914} INFO - Processing file /home/airflow/.local/lib/python3.12/site-packages/airflow/example_dags/example_nested_branch_dag.py for tasks to queue
[2024-11-25T10:10:39.161+0000] {logging_mixin.py:190} INFO - [2024-11-25T10:10:39.160+0000] {dagbag.py:588} INFO - Filling up the DagBag from /home/airflow/.local/lib/python3.12/site-packages/airflow/example_dags/example_nested_branch_dag.py
[2024-11-25T10:10:39.179+0000] {processor.py:925} INFO - DAG(s) 'example_nested_branch_dag' retrieved from /home/airflow/.local/lib/python3.12/site-packages/airflow/example_dags/example_nested_branch_dag.py
[2024-11-25T10:10:39.208+0000] {logging_mixin.py:190} INFO - [2024-11-25T10:10:39.208+0000] {dag.py:3239} INFO - Sync 1 DAGs
[2024-11-25T10:10:39.241+0000] {logging_mixin.py:190} INFO - [2024-11-25T10:10:39.240+0000] {dag.py:4180} INFO - Setting next_dagrun for example_nested_branch_dag to 2024-11-24 00:00:00+00:00, run_after=2024-11-25 00:00:00+00:00
[2024-11-25T10:10:39.263+0000] {processor.py:208} INFO - Processing /home/airflow/.local/lib/python3.12/site-packages/airflow/example_dags/example_nested_branch_dag.py took 0.115 seconds
[2024-11-25T10:11:10.298+0000] {processor.py:186} INFO - Started process (PID=12727) to work on /home/airflow/.local/lib/python3.12/site-packages/airflow/example_dags/example_nested_branch_dag.py
[2024-11-25T10:11:10.302+0000] {processor.py:914} INFO - Processing file /home/airflow/.local/lib/python3.12/site-packages/airflow/example_dags/example_nested_branch_dag.py for tasks to queue
[2024-11-25T10:11:10.306+0000] {logging_mixin.py:190} INFO - [2024-11-25T10:11:10.304+0000] {dagbag.py:588} INFO - Filling up the DagBag from /home/airflow/.local/lib/python3.12/site-packages/airflow/example_dags/example_nested_branch_dag.py
[2024-11-25T10:11:10.343+0000] {processor.py:925} INFO - DAG(s) 'example_nested_branch_dag' retrieved from /home/airflow/.local/lib/python3.12/site-packages/airflow/example_dags/example_nested_branch_dag.py
[2024-11-25T10:11:10.383+0000] {logging_mixin.py:190} INFO - [2024-11-25T10:11:10.382+0000] {dag.py:3239} INFO - Sync 1 DAGs
[2024-11-25T10:11:10.421+0000] {logging_mixin.py:190} INFO - [2024-11-25T10:11:10.420+0000] {dag.py:4180} INFO - Setting next_dagrun for example_nested_branch_dag to 2024-11-24 00:00:00+00:00, run_after=2024-11-25 00:00:00+00:00
[2024-11-25T10:11:10.448+0000] {processor.py:208} INFO - Processing /home/airflow/.local/lib/python3.12/site-packages/airflow/example_dags/example_nested_branch_dag.py took 0.163 seconds
