[2024-11-25T09:49:46.300+0000] {processor.py:186} INFO - Started process (PID=435) to work on /home/airflow/.local/lib/python3.12/site-packages/airflow/example_dags/example_params_trigger_ui.py
[2024-11-25T09:49:46.305+0000] {processor.py:914} INFO - Processing file /home/airflow/.local/lib/python3.12/site-packages/airflow/example_dags/example_params_trigger_ui.py for tasks to queue
[2024-11-25T09:49:46.309+0000] {logging_mixin.py:190} INFO - [2024-11-25T09:49:46.309+0000] {dagbag.py:588} INFO - Filling up the DagBag from /home/airflow/.local/lib/python3.12/site-packages/airflow/example_dags/example_params_trigger_ui.py
[2024-11-25T09:49:46.342+0000] {processor.py:925} INFO - DAG(s) 'example_params_trigger_ui' retrieved from /home/airflow/.local/lib/python3.12/site-packages/airflow/example_dags/example_params_trigger_ui.py
[2024-11-25T09:49:46.459+0000] {logging_mixin.py:190} INFO - [2024-11-25T09:49:46.459+0000] {dag.py:3239} INFO - Sync 1 DAGs
[2024-11-25T09:49:46.524+0000] {logging_mixin.py:190} INFO - [2024-11-25T09:49:46.523+0000] {dag.py:4180} INFO - Setting next_dagrun for example_params_trigger_ui to None, run_after=None
[2024-11-25T09:49:46.574+0000] {processor.py:208} INFO - Processing /home/airflow/.local/lib/python3.12/site-packages/airflow/example_dags/example_params_trigger_ui.py took 0.283 seconds
[2024-11-25T09:50:17.394+0000] {processor.py:186} INFO - Started process (PID=726) to work on /home/airflow/.local/lib/python3.12/site-packages/airflow/example_dags/example_params_trigger_ui.py
[2024-11-25T09:50:17.407+0000] {processor.py:914} INFO - Processing file /home/airflow/.local/lib/python3.12/site-packages/airflow/example_dags/example_params_trigger_ui.py for tasks to queue
[2024-11-25T09:50:17.432+0000] {logging_mixin.py:190} INFO - [2024-11-25T09:50:17.431+0000] {dagbag.py:588} INFO - Filling up the DagBag from /home/airflow/.local/lib/python3.12/site-packages/airflow/example_dags/example_params_trigger_ui.py
[2024-11-25T09:50:17.465+0000] {processor.py:925} INFO - DAG(s) 'example_params_trigger_ui' retrieved from /home/airflow/.local/lib/python3.12/site-packages/airflow/example_dags/example_params_trigger_ui.py
[2024-11-25T09:50:17.657+0000] {logging_mixin.py:190} INFO - [2024-11-25T09:50:17.655+0000] {dag.py:3239} INFO - Sync 1 DAGs
[2024-11-25T09:50:17.719+0000] {logging_mixin.py:190} INFO - [2024-11-25T09:50:17.719+0000] {dag.py:4180} INFO - Setting next_dagrun for example_params_trigger_ui to None, run_after=None
[2024-11-25T09:50:17.799+0000] {processor.py:208} INFO - Processing /home/airflow/.local/lib/python3.12/site-packages/airflow/example_dags/example_params_trigger_ui.py took 0.487 seconds
[2024-11-25T09:50:47.925+0000] {processor.py:186} INFO - Started process (PID=1037) to work on /home/airflow/.local/lib/python3.12/site-packages/airflow/example_dags/example_params_trigger_ui.py
[2024-11-25T09:50:47.929+0000] {processor.py:914} INFO - Processing file /home/airflow/.local/lib/python3.12/site-packages/airflow/example_dags/example_params_trigger_ui.py for tasks to queue
[2024-11-25T09:50:47.932+0000] {logging_mixin.py:190} INFO - [2024-11-25T09:50:47.931+0000] {dagbag.py:588} INFO - Filling up the DagBag from /home/airflow/.local/lib/python3.12/site-packages/airflow/example_dags/example_params_trigger_ui.py
[2024-11-25T09:50:47.956+0000] {processor.py:925} INFO - DAG(s) 'example_params_trigger_ui' retrieved from /home/airflow/.local/lib/python3.12/site-packages/airflow/example_dags/example_params_trigger_ui.py
[2024-11-25T09:50:48.014+0000] {logging_mixin.py:190} INFO - [2024-11-25T09:50:48.013+0000] {dag.py:3239} INFO - Sync 1 DAGs
[2024-11-25T09:50:48.034+0000] {logging_mixin.py:190} INFO - [2024-11-25T09:50:48.033+0000] {dag.py:4180} INFO - Setting next_dagrun for example_params_trigger_ui to None, run_after=None
[2024-11-25T09:50:48.060+0000] {processor.py:208} INFO - Processing /home/airflow/.local/lib/python3.12/site-packages/airflow/example_dags/example_params_trigger_ui.py took 0.144 seconds
[2024-11-25T09:51:18.193+0000] {processor.py:186} INFO - Started process (PID=1333) to work on /home/airflow/.local/lib/python3.12/site-packages/airflow/example_dags/example_params_trigger_ui.py
[2024-11-25T09:51:18.195+0000] {processor.py:914} INFO - Processing file /home/airflow/.local/lib/python3.12/site-packages/airflow/example_dags/example_params_trigger_ui.py for tasks to queue
[2024-11-25T09:51:18.197+0000] {logging_mixin.py:190} INFO - [2024-11-25T09:51:18.197+0000] {dagbag.py:588} INFO - Filling up the DagBag from /home/airflow/.local/lib/python3.12/site-packages/airflow/example_dags/example_params_trigger_ui.py
[2024-11-25T09:51:18.213+0000] {processor.py:925} INFO - DAG(s) 'example_params_trigger_ui' retrieved from /home/airflow/.local/lib/python3.12/site-packages/airflow/example_dags/example_params_trigger_ui.py
[2024-11-25T09:51:18.274+0000] {logging_mixin.py:190} INFO - [2024-11-25T09:51:18.274+0000] {dag.py:3239} INFO - Sync 1 DAGs
[2024-11-25T09:51:18.295+0000] {logging_mixin.py:190} INFO - [2024-11-25T09:51:18.295+0000] {dag.py:4180} INFO - Setting next_dagrun for example_params_trigger_ui to None, run_after=None
[2024-11-25T09:51:18.320+0000] {processor.py:208} INFO - Processing /home/airflow/.local/lib/python3.12/site-packages/airflow/example_dags/example_params_trigger_ui.py took 0.134 seconds
[2024-11-25T09:51:49.111+0000] {processor.py:186} INFO - Started process (PID=1634) to work on /home/airflow/.local/lib/python3.12/site-packages/airflow/example_dags/example_params_trigger_ui.py
[2024-11-25T09:51:49.112+0000] {processor.py:914} INFO - Processing file /home/airflow/.local/lib/python3.12/site-packages/airflow/example_dags/example_params_trigger_ui.py for tasks to queue
[2024-11-25T09:51:49.116+0000] {logging_mixin.py:190} INFO - [2024-11-25T09:51:49.115+0000] {dagbag.py:588} INFO - Filling up the DagBag from /home/airflow/.local/lib/python3.12/site-packages/airflow/example_dags/example_params_trigger_ui.py
[2024-11-25T09:51:49.144+0000] {processor.py:925} INFO - DAG(s) 'example_params_trigger_ui' retrieved from /home/airflow/.local/lib/python3.12/site-packages/airflow/example_dags/example_params_trigger_ui.py
[2024-11-25T09:51:49.223+0000] {logging_mixin.py:190} INFO - [2024-11-25T09:51:49.223+0000] {dag.py:3239} INFO - Sync 1 DAGs
[2024-11-25T09:51:49.253+0000] {logging_mixin.py:190} INFO - [2024-11-25T09:51:49.253+0000] {dag.py:4180} INFO - Setting next_dagrun for example_params_trigger_ui to None, run_after=None
[2024-11-25T09:51:49.288+0000] {processor.py:208} INFO - Processing /home/airflow/.local/lib/python3.12/site-packages/airflow/example_dags/example_params_trigger_ui.py took 0.189 seconds
[2024-11-25T09:52:22.315+0000] {processor.py:186} INFO - Started process (PID=1930) to work on /home/airflow/.local/lib/python3.12/site-packages/airflow/example_dags/example_params_trigger_ui.py
[2024-11-25T09:52:22.317+0000] {processor.py:914} INFO - Processing file /home/airflow/.local/lib/python3.12/site-packages/airflow/example_dags/example_params_trigger_ui.py for tasks to queue
[2024-11-25T09:52:22.320+0000] {logging_mixin.py:190} INFO - [2024-11-25T09:52:22.318+0000] {dagbag.py:588} INFO - Filling up the DagBag from /home/airflow/.local/lib/python3.12/site-packages/airflow/example_dags/example_params_trigger_ui.py
[2024-11-25T09:52:22.339+0000] {processor.py:925} INFO - DAG(s) 'example_params_trigger_ui' retrieved from /home/airflow/.local/lib/python3.12/site-packages/airflow/example_dags/example_params_trigger_ui.py
[2024-11-25T09:52:22.426+0000] {logging_mixin.py:190} INFO - [2024-11-25T09:52:22.426+0000] {dag.py:3239} INFO - Sync 1 DAGs
[2024-11-25T09:52:22.448+0000] {logging_mixin.py:190} INFO - [2024-11-25T09:52:22.448+0000] {dag.py:4180} INFO - Setting next_dagrun for example_params_trigger_ui to None, run_after=None
[2024-11-25T09:52:22.481+0000] {processor.py:208} INFO - Processing /home/airflow/.local/lib/python3.12/site-packages/airflow/example_dags/example_params_trigger_ui.py took 0.177 seconds
[2024-11-25T09:52:55.035+0000] {processor.py:186} INFO - Started process (PID=2226) to work on /home/airflow/.local/lib/python3.12/site-packages/airflow/example_dags/example_params_trigger_ui.py
[2024-11-25T09:52:55.037+0000] {processor.py:914} INFO - Processing file /home/airflow/.local/lib/python3.12/site-packages/airflow/example_dags/example_params_trigger_ui.py for tasks to queue
[2024-11-25T09:52:55.040+0000] {logging_mixin.py:190} INFO - [2024-11-25T09:52:55.040+0000] {dagbag.py:588} INFO - Filling up the DagBag from /home/airflow/.local/lib/python3.12/site-packages/airflow/example_dags/example_params_trigger_ui.py
[2024-11-25T09:52:55.066+0000] {processor.py:925} INFO - DAG(s) 'example_params_trigger_ui' retrieved from /home/airflow/.local/lib/python3.12/site-packages/airflow/example_dags/example_params_trigger_ui.py
[2024-11-25T09:52:55.157+0000] {logging_mixin.py:190} INFO - [2024-11-25T09:52:55.157+0000] {dag.py:3239} INFO - Sync 1 DAGs
[2024-11-25T09:52:55.186+0000] {logging_mixin.py:190} INFO - [2024-11-25T09:52:55.185+0000] {dag.py:4180} INFO - Setting next_dagrun for example_params_trigger_ui to None, run_after=None
[2024-11-25T09:52:55.239+0000] {processor.py:208} INFO - Processing /home/airflow/.local/lib/python3.12/site-packages/airflow/example_dags/example_params_trigger_ui.py took 0.217 seconds
[2024-11-25T09:53:25.572+0000] {processor.py:186} INFO - Started process (PID=2522) to work on /home/airflow/.local/lib/python3.12/site-packages/airflow/example_dags/example_params_trigger_ui.py
[2024-11-25T09:53:25.574+0000] {processor.py:914} INFO - Processing file /home/airflow/.local/lib/python3.12/site-packages/airflow/example_dags/example_params_trigger_ui.py for tasks to queue
[2024-11-25T09:53:25.577+0000] {logging_mixin.py:190} INFO - [2024-11-25T09:53:25.576+0000] {dagbag.py:588} INFO - Filling up the DagBag from /home/airflow/.local/lib/python3.12/site-packages/airflow/example_dags/example_params_trigger_ui.py
[2024-11-25T09:53:25.605+0000] {processor.py:925} INFO - DAG(s) 'example_params_trigger_ui' retrieved from /home/airflow/.local/lib/python3.12/site-packages/airflow/example_dags/example_params_trigger_ui.py
[2024-11-25T09:53:25.682+0000] {logging_mixin.py:190} INFO - [2024-11-25T09:53:25.682+0000] {dag.py:3239} INFO - Sync 1 DAGs
[2024-11-25T09:53:25.718+0000] {logging_mixin.py:190} INFO - [2024-11-25T09:53:25.717+0000] {dag.py:4180} INFO - Setting next_dagrun for example_params_trigger_ui to None, run_after=None
[2024-11-25T09:53:25.756+0000] {processor.py:208} INFO - Processing /home/airflow/.local/lib/python3.12/site-packages/airflow/example_dags/example_params_trigger_ui.py took 0.200 seconds
[2024-11-25T09:53:56.031+0000] {processor.py:186} INFO - Started process (PID=2820) to work on /home/airflow/.local/lib/python3.12/site-packages/airflow/example_dags/example_params_trigger_ui.py
[2024-11-25T09:53:56.033+0000] {processor.py:914} INFO - Processing file /home/airflow/.local/lib/python3.12/site-packages/airflow/example_dags/example_params_trigger_ui.py for tasks to queue
[2024-11-25T09:53:56.035+0000] {logging_mixin.py:190} INFO - [2024-11-25T09:53:56.035+0000] {dagbag.py:588} INFO - Filling up the DagBag from /home/airflow/.local/lib/python3.12/site-packages/airflow/example_dags/example_params_trigger_ui.py
[2024-11-25T09:53:56.068+0000] {processor.py:925} INFO - DAG(s) 'example_params_trigger_ui' retrieved from /home/airflow/.local/lib/python3.12/site-packages/airflow/example_dags/example_params_trigger_ui.py
[2024-11-25T09:53:56.133+0000] {logging_mixin.py:190} INFO - [2024-11-25T09:53:56.132+0000] {dag.py:3239} INFO - Sync 1 DAGs
[2024-11-25T09:53:56.151+0000] {logging_mixin.py:190} INFO - [2024-11-25T09:53:56.151+0000] {dag.py:4180} INFO - Setting next_dagrun for example_params_trigger_ui to None, run_after=None
[2024-11-25T09:53:56.176+0000] {processor.py:208} INFO - Processing /home/airflow/.local/lib/python3.12/site-packages/airflow/example_dags/example_params_trigger_ui.py took 0.162 seconds
[2024-11-25T09:54:26.692+0000] {processor.py:186} INFO - Started process (PID=3116) to work on /home/airflow/.local/lib/python3.12/site-packages/airflow/example_dags/example_params_trigger_ui.py
[2024-11-25T09:54:26.693+0000] {processor.py:914} INFO - Processing file /home/airflow/.local/lib/python3.12/site-packages/airflow/example_dags/example_params_trigger_ui.py for tasks to queue
[2024-11-25T09:54:26.695+0000] {logging_mixin.py:190} INFO - [2024-11-25T09:54:26.694+0000] {dagbag.py:588} INFO - Filling up the DagBag from /home/airflow/.local/lib/python3.12/site-packages/airflow/example_dags/example_params_trigger_ui.py
[2024-11-25T09:54:26.708+0000] {processor.py:925} INFO - DAG(s) 'example_params_trigger_ui' retrieved from /home/airflow/.local/lib/python3.12/site-packages/airflow/example_dags/example_params_trigger_ui.py
[2024-11-25T09:54:26.755+0000] {logging_mixin.py:190} INFO - [2024-11-25T09:54:26.755+0000] {dag.py:3239} INFO - Sync 1 DAGs
[2024-11-25T09:54:26.772+0000] {logging_mixin.py:190} INFO - [2024-11-25T09:54:26.772+0000] {dag.py:4180} INFO - Setting next_dagrun for example_params_trigger_ui to None, run_after=None
[2024-11-25T09:54:26.799+0000] {processor.py:208} INFO - Processing /home/airflow/.local/lib/python3.12/site-packages/airflow/example_dags/example_params_trigger_ui.py took 0.113 seconds
[2024-11-25T09:54:57.265+0000] {processor.py:186} INFO - Started process (PID=3415) to work on /home/airflow/.local/lib/python3.12/site-packages/airflow/example_dags/example_params_trigger_ui.py
[2024-11-25T09:54:57.266+0000] {processor.py:914} INFO - Processing file /home/airflow/.local/lib/python3.12/site-packages/airflow/example_dags/example_params_trigger_ui.py for tasks to queue
[2024-11-25T09:54:57.267+0000] {logging_mixin.py:190} INFO - [2024-11-25T09:54:57.267+0000] {dagbag.py:588} INFO - Filling up the DagBag from /home/airflow/.local/lib/python3.12/site-packages/airflow/example_dags/example_params_trigger_ui.py
[2024-11-25T09:54:57.281+0000] {processor.py:925} INFO - DAG(s) 'example_params_trigger_ui' retrieved from /home/airflow/.local/lib/python3.12/site-packages/airflow/example_dags/example_params_trigger_ui.py
[2024-11-25T09:54:57.332+0000] {logging_mixin.py:190} INFO - [2024-11-25T09:54:57.331+0000] {dag.py:3239} INFO - Sync 1 DAGs
[2024-11-25T09:54:57.349+0000] {logging_mixin.py:190} INFO - [2024-11-25T09:54:57.348+0000] {dag.py:4180} INFO - Setting next_dagrun for example_params_trigger_ui to None, run_after=None
[2024-11-25T09:54:57.368+0000] {processor.py:208} INFO - Processing /home/airflow/.local/lib/python3.12/site-packages/airflow/example_dags/example_params_trigger_ui.py took 0.111 seconds
[2024-11-25T09:55:28.541+0000] {processor.py:186} INFO - Started process (PID=3706) to work on /home/airflow/.local/lib/python3.12/site-packages/airflow/example_dags/example_params_trigger_ui.py
[2024-11-25T09:55:28.543+0000] {processor.py:914} INFO - Processing file /home/airflow/.local/lib/python3.12/site-packages/airflow/example_dags/example_params_trigger_ui.py for tasks to queue
[2024-11-25T09:55:28.545+0000] {logging_mixin.py:190} INFO - [2024-11-25T09:55:28.544+0000] {dagbag.py:588} INFO - Filling up the DagBag from /home/airflow/.local/lib/python3.12/site-packages/airflow/example_dags/example_params_trigger_ui.py
[2024-11-25T09:55:28.570+0000] {processor.py:925} INFO - DAG(s) 'example_params_trigger_ui' retrieved from /home/airflow/.local/lib/python3.12/site-packages/airflow/example_dags/example_params_trigger_ui.py
[2024-11-25T09:55:28.644+0000] {logging_mixin.py:190} INFO - [2024-11-25T09:55:28.644+0000] {dag.py:3239} INFO - Sync 1 DAGs
[2024-11-25T09:55:28.669+0000] {logging_mixin.py:190} INFO - [2024-11-25T09:55:28.668+0000] {dag.py:4180} INFO - Setting next_dagrun for example_params_trigger_ui to None, run_after=None
[2024-11-25T09:55:28.711+0000] {processor.py:208} INFO - Processing /home/airflow/.local/lib/python3.12/site-packages/airflow/example_dags/example_params_trigger_ui.py took 0.178 seconds
[2024-11-25T09:55:59.440+0000] {processor.py:186} INFO - Started process (PID=4005) to work on /home/airflow/.local/lib/python3.12/site-packages/airflow/example_dags/example_params_trigger_ui.py
[2024-11-25T09:55:59.441+0000] {processor.py:914} INFO - Processing file /home/airflow/.local/lib/python3.12/site-packages/airflow/example_dags/example_params_trigger_ui.py for tasks to queue
[2024-11-25T09:55:59.442+0000] {logging_mixin.py:190} INFO - [2024-11-25T09:55:59.442+0000] {dagbag.py:588} INFO - Filling up the DagBag from /home/airflow/.local/lib/python3.12/site-packages/airflow/example_dags/example_params_trigger_ui.py
[2024-11-25T09:55:59.455+0000] {processor.py:925} INFO - DAG(s) 'example_params_trigger_ui' retrieved from /home/airflow/.local/lib/python3.12/site-packages/airflow/example_dags/example_params_trigger_ui.py
[2024-11-25T09:55:59.498+0000] {logging_mixin.py:190} INFO - [2024-11-25T09:55:59.497+0000] {dag.py:3239} INFO - Sync 1 DAGs
[2024-11-25T09:55:59.512+0000] {logging_mixin.py:190} INFO - [2024-11-25T09:55:59.512+0000] {dag.py:4180} INFO - Setting next_dagrun for example_params_trigger_ui to None, run_after=None
[2024-11-25T09:55:59.534+0000] {processor.py:208} INFO - Processing /home/airflow/.local/lib/python3.12/site-packages/airflow/example_dags/example_params_trigger_ui.py took 0.100 seconds
[2024-11-25T09:56:30.074+0000] {processor.py:186} INFO - Started process (PID=4299) to work on /home/airflow/.local/lib/python3.12/site-packages/airflow/example_dags/example_params_trigger_ui.py
[2024-11-25T09:56:30.075+0000] {processor.py:914} INFO - Processing file /home/airflow/.local/lib/python3.12/site-packages/airflow/example_dags/example_params_trigger_ui.py for tasks to queue
[2024-11-25T09:56:30.077+0000] {logging_mixin.py:190} INFO - [2024-11-25T09:56:30.076+0000] {dagbag.py:588} INFO - Filling up the DagBag from /home/airflow/.local/lib/python3.12/site-packages/airflow/example_dags/example_params_trigger_ui.py
[2024-11-25T09:56:30.091+0000] {processor.py:925} INFO - DAG(s) 'example_params_trigger_ui' retrieved from /home/airflow/.local/lib/python3.12/site-packages/airflow/example_dags/example_params_trigger_ui.py
[2024-11-25T09:56:30.157+0000] {logging_mixin.py:190} INFO - [2024-11-25T09:56:30.157+0000] {dag.py:3239} INFO - Sync 1 DAGs
[2024-11-25T09:56:30.189+0000] {logging_mixin.py:190} INFO - [2024-11-25T09:56:30.188+0000] {dag.py:4180} INFO - Setting next_dagrun for example_params_trigger_ui to None, run_after=None
[2024-11-25T09:56:30.211+0000] {processor.py:208} INFO - Processing /home/airflow/.local/lib/python3.12/site-packages/airflow/example_dags/example_params_trigger_ui.py took 0.144 seconds
[2024-11-25T09:57:01.887+0000] {processor.py:186} INFO - Started process (PID=4606) to work on /home/airflow/.local/lib/python3.12/site-packages/airflow/example_dags/example_params_trigger_ui.py
[2024-11-25T09:57:01.899+0000] {processor.py:914} INFO - Processing file /home/airflow/.local/lib/python3.12/site-packages/airflow/example_dags/example_params_trigger_ui.py for tasks to queue
[2024-11-25T09:57:01.903+0000] {logging_mixin.py:190} INFO - [2024-11-25T09:57:01.902+0000] {dagbag.py:588} INFO - Filling up the DagBag from /home/airflow/.local/lib/python3.12/site-packages/airflow/example_dags/example_params_trigger_ui.py
[2024-11-25T09:57:01.952+0000] {processor.py:925} INFO - DAG(s) 'example_params_trigger_ui' retrieved from /home/airflow/.local/lib/python3.12/site-packages/airflow/example_dags/example_params_trigger_ui.py
[2024-11-25T09:57:02.098+0000] {logging_mixin.py:190} INFO - [2024-11-25T09:57:02.097+0000] {dag.py:3239} INFO - Sync 1 DAGs
[2024-11-25T09:57:02.147+0000] {logging_mixin.py:190} INFO - [2024-11-25T09:57:02.146+0000] {dag.py:4180} INFO - Setting next_dagrun for example_params_trigger_ui to None, run_after=None
[2024-11-25T09:57:02.188+0000] {processor.py:208} INFO - Processing /home/airflow/.local/lib/python3.12/site-packages/airflow/example_dags/example_params_trigger_ui.py took 0.323 seconds
[2024-11-25T09:57:32.979+0000] {processor.py:186} INFO - Started process (PID=4905) to work on /home/airflow/.local/lib/python3.12/site-packages/airflow/example_dags/example_params_trigger_ui.py
[2024-11-25T09:57:32.982+0000] {processor.py:914} INFO - Processing file /home/airflow/.local/lib/python3.12/site-packages/airflow/example_dags/example_params_trigger_ui.py for tasks to queue
[2024-11-25T09:57:32.987+0000] {logging_mixin.py:190} INFO - [2024-11-25T09:57:32.987+0000] {dagbag.py:588} INFO - Filling up the DagBag from /home/airflow/.local/lib/python3.12/site-packages/airflow/example_dags/example_params_trigger_ui.py
[2024-11-25T09:57:33.158+0000] {processor.py:925} INFO - DAG(s) 'example_params_trigger_ui' retrieved from /home/airflow/.local/lib/python3.12/site-packages/airflow/example_dags/example_params_trigger_ui.py
[2024-11-25T09:57:33.610+0000] {logging_mixin.py:190} INFO - [2024-11-25T09:57:33.610+0000] {dag.py:3239} INFO - Sync 1 DAGs
[2024-11-25T09:57:33.758+0000] {logging_mixin.py:190} INFO - [2024-11-25T09:57:33.758+0000] {dag.py:4180} INFO - Setting next_dagrun for example_params_trigger_ui to None, run_after=None
[2024-11-25T09:57:33.848+0000] {processor.py:208} INFO - Processing /home/airflow/.local/lib/python3.12/site-packages/airflow/example_dags/example_params_trigger_ui.py took 0.891 seconds
[2024-11-25T09:58:04.381+0000] {processor.py:186} INFO - Started process (PID=5198) to work on /home/airflow/.local/lib/python3.12/site-packages/airflow/example_dags/example_params_trigger_ui.py
[2024-11-25T09:58:04.384+0000] {processor.py:914} INFO - Processing file /home/airflow/.local/lib/python3.12/site-packages/airflow/example_dags/example_params_trigger_ui.py for tasks to queue
[2024-11-25T09:58:04.386+0000] {logging_mixin.py:190} INFO - [2024-11-25T09:58:04.386+0000] {dagbag.py:588} INFO - Filling up the DagBag from /home/airflow/.local/lib/python3.12/site-packages/airflow/example_dags/example_params_trigger_ui.py
[2024-11-25T09:58:04.403+0000] {processor.py:925} INFO - DAG(s) 'example_params_trigger_ui' retrieved from /home/airflow/.local/lib/python3.12/site-packages/airflow/example_dags/example_params_trigger_ui.py
[2024-11-25T09:58:04.453+0000] {logging_mixin.py:190} INFO - [2024-11-25T09:58:04.453+0000] {dag.py:3239} INFO - Sync 1 DAGs
[2024-11-25T09:58:04.471+0000] {logging_mixin.py:190} INFO - [2024-11-25T09:58:04.471+0000] {dag.py:4180} INFO - Setting next_dagrun for example_params_trigger_ui to None, run_after=None
[2024-11-25T09:58:04.499+0000] {processor.py:208} INFO - Processing /home/airflow/.local/lib/python3.12/site-packages/airflow/example_dags/example_params_trigger_ui.py took 0.126 seconds
[2024-11-25T09:58:34.922+0000] {processor.py:186} INFO - Started process (PID=5492) to work on /home/airflow/.local/lib/python3.12/site-packages/airflow/example_dags/example_params_trigger_ui.py
[2024-11-25T09:58:34.923+0000] {processor.py:914} INFO - Processing file /home/airflow/.local/lib/python3.12/site-packages/airflow/example_dags/example_params_trigger_ui.py for tasks to queue
[2024-11-25T09:58:34.926+0000] {logging_mixin.py:190} INFO - [2024-11-25T09:58:34.925+0000] {dagbag.py:588} INFO - Filling up the DagBag from /home/airflow/.local/lib/python3.12/site-packages/airflow/example_dags/example_params_trigger_ui.py
[2024-11-25T09:58:34.994+0000] {processor.py:925} INFO - DAG(s) 'example_params_trigger_ui' retrieved from /home/airflow/.local/lib/python3.12/site-packages/airflow/example_dags/example_params_trigger_ui.py
[2024-11-25T09:58:35.070+0000] {logging_mixin.py:190} INFO - [2024-11-25T09:58:35.069+0000] {dag.py:3239} INFO - Sync 1 DAGs
[2024-11-25T09:58:35.090+0000] {logging_mixin.py:190} INFO - [2024-11-25T09:58:35.090+0000] {dag.py:4180} INFO - Setting next_dagrun for example_params_trigger_ui to None, run_after=None
[2024-11-25T09:58:35.122+0000] {processor.py:208} INFO - Processing /home/airflow/.local/lib/python3.12/site-packages/airflow/example_dags/example_params_trigger_ui.py took 0.237 seconds
[2024-11-25T09:59:05.598+0000] {processor.py:186} INFO - Started process (PID=5791) to work on /home/airflow/.local/lib/python3.12/site-packages/airflow/example_dags/example_params_trigger_ui.py
[2024-11-25T09:59:05.600+0000] {processor.py:914} INFO - Processing file /home/airflow/.local/lib/python3.12/site-packages/airflow/example_dags/example_params_trigger_ui.py for tasks to queue
[2024-11-25T09:59:05.605+0000] {logging_mixin.py:190} INFO - [2024-11-25T09:59:05.604+0000] {dagbag.py:588} INFO - Filling up the DagBag from /home/airflow/.local/lib/python3.12/site-packages/airflow/example_dags/example_params_trigger_ui.py
[2024-11-25T09:59:05.655+0000] {processor.py:925} INFO - DAG(s) 'example_params_trigger_ui' retrieved from /home/airflow/.local/lib/python3.12/site-packages/airflow/example_dags/example_params_trigger_ui.py
[2024-11-25T09:59:05.746+0000] {logging_mixin.py:190} INFO - [2024-11-25T09:59:05.745+0000] {dag.py:3239} INFO - Sync 1 DAGs
[2024-11-25T09:59:05.774+0000] {logging_mixin.py:190} INFO - [2024-11-25T09:59:05.773+0000] {dag.py:4180} INFO - Setting next_dagrun for example_params_trigger_ui to None, run_after=None
[2024-11-25T09:59:05.810+0000] {processor.py:208} INFO - Processing /home/airflow/.local/lib/python3.12/site-packages/airflow/example_dags/example_params_trigger_ui.py took 0.226 seconds
[2024-11-25T09:59:36.246+0000] {processor.py:186} INFO - Started process (PID=6084) to work on /home/airflow/.local/lib/python3.12/site-packages/airflow/example_dags/example_params_trigger_ui.py
[2024-11-25T09:59:36.250+0000] {processor.py:914} INFO - Processing file /home/airflow/.local/lib/python3.12/site-packages/airflow/example_dags/example_params_trigger_ui.py for tasks to queue
[2024-11-25T09:59:36.253+0000] {logging_mixin.py:190} INFO - [2024-11-25T09:59:36.252+0000] {dagbag.py:588} INFO - Filling up the DagBag from /home/airflow/.local/lib/python3.12/site-packages/airflow/example_dags/example_params_trigger_ui.py
[2024-11-25T09:59:36.283+0000] {processor.py:925} INFO - DAG(s) 'example_params_trigger_ui' retrieved from /home/airflow/.local/lib/python3.12/site-packages/airflow/example_dags/example_params_trigger_ui.py
[2024-11-25T09:59:36.343+0000] {logging_mixin.py:190} INFO - [2024-11-25T09:59:36.343+0000] {dag.py:3239} INFO - Sync 1 DAGs
[2024-11-25T09:59:36.367+0000] {logging_mixin.py:190} INFO - [2024-11-25T09:59:36.367+0000] {dag.py:4180} INFO - Setting next_dagrun for example_params_trigger_ui to None, run_after=None
[2024-11-25T09:59:36.399+0000] {processor.py:208} INFO - Processing /home/airflow/.local/lib/python3.12/site-packages/airflow/example_dags/example_params_trigger_ui.py took 0.177 seconds
[2024-11-25T10:00:07.227+0000] {processor.py:186} INFO - Started process (PID=6380) to work on /home/airflow/.local/lib/python3.12/site-packages/airflow/example_dags/example_params_trigger_ui.py
[2024-11-25T10:00:07.228+0000] {processor.py:914} INFO - Processing file /home/airflow/.local/lib/python3.12/site-packages/airflow/example_dags/example_params_trigger_ui.py for tasks to queue
[2024-11-25T10:00:07.229+0000] {logging_mixin.py:190} INFO - [2024-11-25T10:00:07.229+0000] {dagbag.py:588} INFO - Filling up the DagBag from /home/airflow/.local/lib/python3.12/site-packages/airflow/example_dags/example_params_trigger_ui.py
[2024-11-25T10:00:07.247+0000] {processor.py:925} INFO - DAG(s) 'example_params_trigger_ui' retrieved from /home/airflow/.local/lib/python3.12/site-packages/airflow/example_dags/example_params_trigger_ui.py
[2024-11-25T10:00:07.296+0000] {logging_mixin.py:190} INFO - [2024-11-25T10:00:07.296+0000] {dag.py:3239} INFO - Sync 1 DAGs
[2024-11-25T10:00:07.314+0000] {logging_mixin.py:190} INFO - [2024-11-25T10:00:07.314+0000] {dag.py:4180} INFO - Setting next_dagrun for example_params_trigger_ui to None, run_after=None
[2024-11-25T10:00:07.337+0000] {processor.py:208} INFO - Processing /home/airflow/.local/lib/python3.12/site-packages/airflow/example_dags/example_params_trigger_ui.py took 0.117 seconds
[2024-11-25T10:00:37.870+0000] {processor.py:186} INFO - Started process (PID=6676) to work on /home/airflow/.local/lib/python3.12/site-packages/airflow/example_dags/example_params_trigger_ui.py
[2024-11-25T10:00:37.871+0000] {processor.py:914} INFO - Processing file /home/airflow/.local/lib/python3.12/site-packages/airflow/example_dags/example_params_trigger_ui.py for tasks to queue
[2024-11-25T10:00:37.872+0000] {logging_mixin.py:190} INFO - [2024-11-25T10:00:37.872+0000] {dagbag.py:588} INFO - Filling up the DagBag from /home/airflow/.local/lib/python3.12/site-packages/airflow/example_dags/example_params_trigger_ui.py
[2024-11-25T10:00:37.886+0000] {processor.py:925} INFO - DAG(s) 'example_params_trigger_ui' retrieved from /home/airflow/.local/lib/python3.12/site-packages/airflow/example_dags/example_params_trigger_ui.py
[2024-11-25T10:00:37.941+0000] {logging_mixin.py:190} INFO - [2024-11-25T10:00:37.941+0000] {dag.py:3239} INFO - Sync 1 DAGs
[2024-11-25T10:00:37.958+0000] {logging_mixin.py:190} INFO - [2024-11-25T10:00:37.958+0000] {dag.py:4180} INFO - Setting next_dagrun for example_params_trigger_ui to None, run_after=None
[2024-11-25T10:00:37.983+0000] {processor.py:208} INFO - Processing /home/airflow/.local/lib/python3.12/site-packages/airflow/example_dags/example_params_trigger_ui.py took 0.120 seconds
[2024-11-25T10:01:08.861+0000] {processor.py:186} INFO - Started process (PID=6972) to work on /home/airflow/.local/lib/python3.12/site-packages/airflow/example_dags/example_params_trigger_ui.py
[2024-11-25T10:01:08.862+0000] {processor.py:914} INFO - Processing file /home/airflow/.local/lib/python3.12/site-packages/airflow/example_dags/example_params_trigger_ui.py for tasks to queue
[2024-11-25T10:01:08.864+0000] {logging_mixin.py:190} INFO - [2024-11-25T10:01:08.864+0000] {dagbag.py:588} INFO - Filling up the DagBag from /home/airflow/.local/lib/python3.12/site-packages/airflow/example_dags/example_params_trigger_ui.py
[2024-11-25T10:01:08.880+0000] {processor.py:925} INFO - DAG(s) 'example_params_trigger_ui' retrieved from /home/airflow/.local/lib/python3.12/site-packages/airflow/example_dags/example_params_trigger_ui.py
[2024-11-25T10:01:08.927+0000] {logging_mixin.py:190} INFO - [2024-11-25T10:01:08.927+0000] {dag.py:3239} INFO - Sync 1 DAGs
[2024-11-25T10:01:08.942+0000] {logging_mixin.py:190} INFO - [2024-11-25T10:01:08.942+0000] {dag.py:4180} INFO - Setting next_dagrun for example_params_trigger_ui to None, run_after=None
[2024-11-25T10:01:08.967+0000] {processor.py:208} INFO - Processing /home/airflow/.local/lib/python3.12/site-packages/airflow/example_dags/example_params_trigger_ui.py took 0.113 seconds
[2024-11-25T10:01:39.221+0000] {processor.py:186} INFO - Started process (PID=7268) to work on /home/airflow/.local/lib/python3.12/site-packages/airflow/example_dags/example_params_trigger_ui.py
[2024-11-25T10:01:39.225+0000] {processor.py:914} INFO - Processing file /home/airflow/.local/lib/python3.12/site-packages/airflow/example_dags/example_params_trigger_ui.py for tasks to queue
[2024-11-25T10:01:39.229+0000] {logging_mixin.py:190} INFO - [2024-11-25T10:01:39.228+0000] {dagbag.py:588} INFO - Filling up the DagBag from /home/airflow/.local/lib/python3.12/site-packages/airflow/example_dags/example_params_trigger_ui.py
[2024-11-25T10:01:39.253+0000] {processor.py:925} INFO - DAG(s) 'example_params_trigger_ui' retrieved from /home/airflow/.local/lib/python3.12/site-packages/airflow/example_dags/example_params_trigger_ui.py
[2024-11-25T10:01:39.429+0000] {logging_mixin.py:190} INFO - [2024-11-25T10:01:39.425+0000] {dag.py:3239} INFO - Sync 1 DAGs
[2024-11-25T10:01:39.507+0000] {logging_mixin.py:190} INFO - [2024-11-25T10:01:39.505+0000] {dag.py:4180} INFO - Setting next_dagrun for example_params_trigger_ui to None, run_after=None
[2024-11-25T10:01:39.565+0000] {processor.py:208} INFO - Processing /home/airflow/.local/lib/python3.12/site-packages/airflow/example_dags/example_params_trigger_ui.py took 0.355 seconds
[2024-11-25T10:02:09.682+0000] {processor.py:186} INFO - Started process (PID=7564) to work on /home/airflow/.local/lib/python3.12/site-packages/airflow/example_dags/example_params_trigger_ui.py
[2024-11-25T10:02:09.684+0000] {processor.py:914} INFO - Processing file /home/airflow/.local/lib/python3.12/site-packages/airflow/example_dags/example_params_trigger_ui.py for tasks to queue
[2024-11-25T10:02:09.686+0000] {logging_mixin.py:190} INFO - [2024-11-25T10:02:09.686+0000] {dagbag.py:588} INFO - Filling up the DagBag from /home/airflow/.local/lib/python3.12/site-packages/airflow/example_dags/example_params_trigger_ui.py
[2024-11-25T10:02:09.708+0000] {processor.py:925} INFO - DAG(s) 'example_params_trigger_ui' retrieved from /home/airflow/.local/lib/python3.12/site-packages/airflow/example_dags/example_params_trigger_ui.py
[2024-11-25T10:02:09.772+0000] {logging_mixin.py:190} INFO - [2024-11-25T10:02:09.771+0000] {dag.py:3239} INFO - Sync 1 DAGs
[2024-11-25T10:02:09.793+0000] {logging_mixin.py:190} INFO - [2024-11-25T10:02:09.792+0000] {dag.py:4180} INFO - Setting next_dagrun for example_params_trigger_ui to None, run_after=None
[2024-11-25T10:02:09.815+0000] {processor.py:208} INFO - Processing /home/airflow/.local/lib/python3.12/site-packages/airflow/example_dags/example_params_trigger_ui.py took 0.142 seconds
[2024-11-25T10:02:39.992+0000] {processor.py:186} INFO - Started process (PID=7860) to work on /home/airflow/.local/lib/python3.12/site-packages/airflow/example_dags/example_params_trigger_ui.py
[2024-11-25T10:02:39.994+0000] {processor.py:914} INFO - Processing file /home/airflow/.local/lib/python3.12/site-packages/airflow/example_dags/example_params_trigger_ui.py for tasks to queue
[2024-11-25T10:02:39.995+0000] {logging_mixin.py:190} INFO - [2024-11-25T10:02:39.995+0000] {dagbag.py:588} INFO - Filling up the DagBag from /home/airflow/.local/lib/python3.12/site-packages/airflow/example_dags/example_params_trigger_ui.py
[2024-11-25T10:02:40.011+0000] {processor.py:925} INFO - DAG(s) 'example_params_trigger_ui' retrieved from /home/airflow/.local/lib/python3.12/site-packages/airflow/example_dags/example_params_trigger_ui.py
[2024-11-25T10:02:40.064+0000] {logging_mixin.py:190} INFO - [2024-11-25T10:02:40.064+0000] {dag.py:3239} INFO - Sync 1 DAGs
[2024-11-25T10:02:40.083+0000] {logging_mixin.py:190} INFO - [2024-11-25T10:02:40.083+0000] {dag.py:4180} INFO - Setting next_dagrun for example_params_trigger_ui to None, run_after=None
[2024-11-25T10:02:40.106+0000] {processor.py:208} INFO - Processing /home/airflow/.local/lib/python3.12/site-packages/airflow/example_dags/example_params_trigger_ui.py took 0.120 seconds
[2024-11-25T10:03:12.116+0000] {processor.py:186} INFO - Started process (PID=8164) to work on /home/airflow/.local/lib/python3.12/site-packages/airflow/example_dags/example_params_trigger_ui.py
[2024-11-25T10:03:12.118+0000] {processor.py:914} INFO - Processing file /home/airflow/.local/lib/python3.12/site-packages/airflow/example_dags/example_params_trigger_ui.py for tasks to queue
[2024-11-25T10:03:12.121+0000] {logging_mixin.py:190} INFO - [2024-11-25T10:03:12.120+0000] {dagbag.py:588} INFO - Filling up the DagBag from /home/airflow/.local/lib/python3.12/site-packages/airflow/example_dags/example_params_trigger_ui.py
[2024-11-25T10:03:12.151+0000] {processor.py:925} INFO - DAG(s) 'example_params_trigger_ui' retrieved from /home/airflow/.local/lib/python3.12/site-packages/airflow/example_dags/example_params_trigger_ui.py
[2024-11-25T10:03:12.308+0000] {logging_mixin.py:190} INFO - [2024-11-25T10:03:12.308+0000] {dag.py:3239} INFO - Sync 1 DAGs
[2024-11-25T10:03:12.338+0000] {logging_mixin.py:190} INFO - [2024-11-25T10:03:12.338+0000] {dag.py:4180} INFO - Setting next_dagrun for example_params_trigger_ui to None, run_after=None
[2024-11-25T10:03:12.389+0000] {processor.py:208} INFO - Processing /home/airflow/.local/lib/python3.12/site-packages/airflow/example_dags/example_params_trigger_ui.py took 0.282 seconds
[2024-11-25T10:03:43.119+0000] {processor.py:186} INFO - Started process (PID=8458) to work on /home/airflow/.local/lib/python3.12/site-packages/airflow/example_dags/example_params_trigger_ui.py
[2024-11-25T10:03:43.120+0000] {processor.py:914} INFO - Processing file /home/airflow/.local/lib/python3.12/site-packages/airflow/example_dags/example_params_trigger_ui.py for tasks to queue
[2024-11-25T10:03:43.122+0000] {logging_mixin.py:190} INFO - [2024-11-25T10:03:43.121+0000] {dagbag.py:588} INFO - Filling up the DagBag from /home/airflow/.local/lib/python3.12/site-packages/airflow/example_dags/example_params_trigger_ui.py
[2024-11-25T10:03:43.140+0000] {processor.py:925} INFO - DAG(s) 'example_params_trigger_ui' retrieved from /home/airflow/.local/lib/python3.12/site-packages/airflow/example_dags/example_params_trigger_ui.py
[2024-11-25T10:03:43.204+0000] {logging_mixin.py:190} INFO - [2024-11-25T10:03:43.203+0000] {dag.py:3239} INFO - Sync 1 DAGs
[2024-11-25T10:03:43.222+0000] {logging_mixin.py:190} INFO - [2024-11-25T10:03:43.222+0000] {dag.py:4180} INFO - Setting next_dagrun for example_params_trigger_ui to None, run_after=None
[2024-11-25T10:03:43.245+0000] {processor.py:208} INFO - Processing /home/airflow/.local/lib/python3.12/site-packages/airflow/example_dags/example_params_trigger_ui.py took 0.133 seconds
[2024-11-25T10:04:13.474+0000] {processor.py:186} INFO - Started process (PID=8752) to work on /home/airflow/.local/lib/python3.12/site-packages/airflow/example_dags/example_params_trigger_ui.py
[2024-11-25T10:04:13.476+0000] {processor.py:914} INFO - Processing file /home/airflow/.local/lib/python3.12/site-packages/airflow/example_dags/example_params_trigger_ui.py for tasks to queue
[2024-11-25T10:04:13.478+0000] {logging_mixin.py:190} INFO - [2024-11-25T10:04:13.478+0000] {dagbag.py:588} INFO - Filling up the DagBag from /home/airflow/.local/lib/python3.12/site-packages/airflow/example_dags/example_params_trigger_ui.py
[2024-11-25T10:04:13.496+0000] {processor.py:925} INFO - DAG(s) 'example_params_trigger_ui' retrieved from /home/airflow/.local/lib/python3.12/site-packages/airflow/example_dags/example_params_trigger_ui.py
[2024-11-25T10:04:13.608+0000] {logging_mixin.py:190} INFO - [2024-11-25T10:04:13.608+0000] {dag.py:3239} INFO - Sync 1 DAGs
[2024-11-25T10:04:13.637+0000] {logging_mixin.py:190} INFO - [2024-11-25T10:04:13.637+0000] {dag.py:4180} INFO - Setting next_dagrun for example_params_trigger_ui to None, run_after=None
[2024-11-25T10:04:13.672+0000] {processor.py:208} INFO - Processing /home/airflow/.local/lib/python3.12/site-packages/airflow/example_dags/example_params_trigger_ui.py took 0.204 seconds
[2024-11-25T10:04:44.510+0000] {processor.py:186} INFO - Started process (PID=9048) to work on /home/airflow/.local/lib/python3.12/site-packages/airflow/example_dags/example_params_trigger_ui.py
[2024-11-25T10:04:44.511+0000] {processor.py:914} INFO - Processing file /home/airflow/.local/lib/python3.12/site-packages/airflow/example_dags/example_params_trigger_ui.py for tasks to queue
[2024-11-25T10:04:44.512+0000] {logging_mixin.py:190} INFO - [2024-11-25T10:04:44.512+0000] {dagbag.py:588} INFO - Filling up the DagBag from /home/airflow/.local/lib/python3.12/site-packages/airflow/example_dags/example_params_trigger_ui.py
[2024-11-25T10:04:44.527+0000] {processor.py:925} INFO - DAG(s) 'example_params_trigger_ui' retrieved from /home/airflow/.local/lib/python3.12/site-packages/airflow/example_dags/example_params_trigger_ui.py
[2024-11-25T10:04:44.579+0000] {logging_mixin.py:190} INFO - [2024-11-25T10:04:44.579+0000] {dag.py:3239} INFO - Sync 1 DAGs
[2024-11-25T10:04:44.596+0000] {logging_mixin.py:190} INFO - [2024-11-25T10:04:44.595+0000] {dag.py:4180} INFO - Setting next_dagrun for example_params_trigger_ui to None, run_after=None
[2024-11-25T10:04:44.621+0000] {processor.py:208} INFO - Processing /home/airflow/.local/lib/python3.12/site-packages/airflow/example_dags/example_params_trigger_ui.py took 0.119 seconds
[2024-11-25T10:05:15.269+0000] {processor.py:186} INFO - Started process (PID=9344) to work on /home/airflow/.local/lib/python3.12/site-packages/airflow/example_dags/example_params_trigger_ui.py
[2024-11-25T10:05:15.271+0000] {processor.py:914} INFO - Processing file /home/airflow/.local/lib/python3.12/site-packages/airflow/example_dags/example_params_trigger_ui.py for tasks to queue
[2024-11-25T10:05:15.273+0000] {logging_mixin.py:190} INFO - [2024-11-25T10:05:15.272+0000] {dagbag.py:588} INFO - Filling up the DagBag from /home/airflow/.local/lib/python3.12/site-packages/airflow/example_dags/example_params_trigger_ui.py
[2024-11-25T10:05:15.298+0000] {processor.py:925} INFO - DAG(s) 'example_params_trigger_ui' retrieved from /home/airflow/.local/lib/python3.12/site-packages/airflow/example_dags/example_params_trigger_ui.py
[2024-11-25T10:05:15.382+0000] {logging_mixin.py:190} INFO - [2024-11-25T10:05:15.381+0000] {dag.py:3239} INFO - Sync 1 DAGs
[2024-11-25T10:05:15.417+0000] {logging_mixin.py:190} INFO - [2024-11-25T10:05:15.417+0000] {dag.py:4180} INFO - Setting next_dagrun for example_params_trigger_ui to None, run_after=None
[2024-11-25T10:05:15.458+0000] {processor.py:208} INFO - Processing /home/airflow/.local/lib/python3.12/site-packages/airflow/example_dags/example_params_trigger_ui.py took 0.202 seconds
[2024-11-25T10:05:45.629+0000] {processor.py:186} INFO - Started process (PID=9640) to work on /home/airflow/.local/lib/python3.12/site-packages/airflow/example_dags/example_params_trigger_ui.py
[2024-11-25T10:05:45.631+0000] {processor.py:914} INFO - Processing file /home/airflow/.local/lib/python3.12/site-packages/airflow/example_dags/example_params_trigger_ui.py for tasks to queue
[2024-11-25T10:05:45.632+0000] {logging_mixin.py:190} INFO - [2024-11-25T10:05:45.632+0000] {dagbag.py:588} INFO - Filling up the DagBag from /home/airflow/.local/lib/python3.12/site-packages/airflow/example_dags/example_params_trigger_ui.py
[2024-11-25T10:05:45.654+0000] {processor.py:925} INFO - DAG(s) 'example_params_trigger_ui' retrieved from /home/airflow/.local/lib/python3.12/site-packages/airflow/example_dags/example_params_trigger_ui.py
[2024-11-25T10:05:45.730+0000] {logging_mixin.py:190} INFO - [2024-11-25T10:05:45.729+0000] {dag.py:3239} INFO - Sync 1 DAGs
[2024-11-25T10:05:45.758+0000] {logging_mixin.py:190} INFO - [2024-11-25T10:05:45.758+0000] {dag.py:4180} INFO - Setting next_dagrun for example_params_trigger_ui to None, run_after=None
[2024-11-25T10:05:45.787+0000] {processor.py:208} INFO - Processing /home/airflow/.local/lib/python3.12/site-packages/airflow/example_dags/example_params_trigger_ui.py took 0.166 seconds
[2024-11-25T10:06:17.234+0000] {processor.py:186} INFO - Started process (PID=9946) to work on /home/airflow/.local/lib/python3.12/site-packages/airflow/example_dags/example_params_trigger_ui.py
[2024-11-25T10:06:17.236+0000] {processor.py:914} INFO - Processing file /home/airflow/.local/lib/python3.12/site-packages/airflow/example_dags/example_params_trigger_ui.py for tasks to queue
[2024-11-25T10:06:17.239+0000] {logging_mixin.py:190} INFO - [2024-11-25T10:06:17.238+0000] {dagbag.py:588} INFO - Filling up the DagBag from /home/airflow/.local/lib/python3.12/site-packages/airflow/example_dags/example_params_trigger_ui.py
[2024-11-25T10:06:17.283+0000] {processor.py:925} INFO - DAG(s) 'example_params_trigger_ui' retrieved from /home/airflow/.local/lib/python3.12/site-packages/airflow/example_dags/example_params_trigger_ui.py
[2024-11-25T10:06:17.349+0000] {logging_mixin.py:190} INFO - [2024-11-25T10:06:17.349+0000] {dag.py:3239} INFO - Sync 1 DAGs
[2024-11-25T10:06:17.369+0000] {logging_mixin.py:190} INFO - [2024-11-25T10:06:17.368+0000] {dag.py:4180} INFO - Setting next_dagrun for example_params_trigger_ui to None, run_after=None
[2024-11-25T10:06:17.396+0000] {processor.py:208} INFO - Processing /home/airflow/.local/lib/python3.12/site-packages/airflow/example_dags/example_params_trigger_ui.py took 0.181 seconds
[2024-11-25T10:06:48.213+0000] {processor.py:186} INFO - Started process (PID=10242) to work on /home/airflow/.local/lib/python3.12/site-packages/airflow/example_dags/example_params_trigger_ui.py
[2024-11-25T10:06:48.217+0000] {processor.py:914} INFO - Processing file /home/airflow/.local/lib/python3.12/site-packages/airflow/example_dags/example_params_trigger_ui.py for tasks to queue
[2024-11-25T10:06:48.219+0000] {logging_mixin.py:190} INFO - [2024-11-25T10:06:48.218+0000] {dagbag.py:588} INFO - Filling up the DagBag from /home/airflow/.local/lib/python3.12/site-packages/airflow/example_dags/example_params_trigger_ui.py
[2024-11-25T10:06:48.254+0000] {processor.py:925} INFO - DAG(s) 'example_params_trigger_ui' retrieved from /home/airflow/.local/lib/python3.12/site-packages/airflow/example_dags/example_params_trigger_ui.py
[2024-11-25T10:06:48.408+0000] {logging_mixin.py:190} INFO - [2024-11-25T10:06:48.407+0000] {dag.py:3239} INFO - Sync 1 DAGs
[2024-11-25T10:06:48.493+0000] {logging_mixin.py:190} INFO - [2024-11-25T10:06:48.492+0000] {dag.py:4180} INFO - Setting next_dagrun for example_params_trigger_ui to None, run_after=None
[2024-11-25T10:06:48.551+0000] {processor.py:208} INFO - Processing /home/airflow/.local/lib/python3.12/site-packages/airflow/example_dags/example_params_trigger_ui.py took 0.351 seconds
[2024-11-25T10:07:20.238+0000] {processor.py:186} INFO - Started process (PID=10538) to work on /home/airflow/.local/lib/python3.12/site-packages/airflow/example_dags/example_params_trigger_ui.py
[2024-11-25T10:07:20.240+0000] {processor.py:914} INFO - Processing file /home/airflow/.local/lib/python3.12/site-packages/airflow/example_dags/example_params_trigger_ui.py for tasks to queue
[2024-11-25T10:07:20.243+0000] {logging_mixin.py:190} INFO - [2024-11-25T10:07:20.242+0000] {dagbag.py:588} INFO - Filling up the DagBag from /home/airflow/.local/lib/python3.12/site-packages/airflow/example_dags/example_params_trigger_ui.py
[2024-11-25T10:07:20.275+0000] {processor.py:925} INFO - DAG(s) 'example_params_trigger_ui' retrieved from /home/airflow/.local/lib/python3.12/site-packages/airflow/example_dags/example_params_trigger_ui.py
[2024-11-25T10:07:20.342+0000] {logging_mixin.py:190} INFO - [2024-11-25T10:07:20.341+0000] {dag.py:3239} INFO - Sync 1 DAGs
[2024-11-25T10:07:20.364+0000] {logging_mixin.py:190} INFO - [2024-11-25T10:07:20.363+0000] {dag.py:4180} INFO - Setting next_dagrun for example_params_trigger_ui to None, run_after=None
[2024-11-25T10:07:20.399+0000] {processor.py:208} INFO - Processing /home/airflow/.local/lib/python3.12/site-packages/airflow/example_dags/example_params_trigger_ui.py took 0.175 seconds
[2024-11-25T10:07:51.550+0000] {processor.py:186} INFO - Started process (PID=10834) to work on /home/airflow/.local/lib/python3.12/site-packages/airflow/example_dags/example_params_trigger_ui.py
[2024-11-25T10:07:51.551+0000] {processor.py:914} INFO - Processing file /home/airflow/.local/lib/python3.12/site-packages/airflow/example_dags/example_params_trigger_ui.py for tasks to queue
[2024-11-25T10:07:51.554+0000] {logging_mixin.py:190} INFO - [2024-11-25T10:07:51.553+0000] {dagbag.py:588} INFO - Filling up the DagBag from /home/airflow/.local/lib/python3.12/site-packages/airflow/example_dags/example_params_trigger_ui.py
[2024-11-25T10:07:51.573+0000] {processor.py:925} INFO - DAG(s) 'example_params_trigger_ui' retrieved from /home/airflow/.local/lib/python3.12/site-packages/airflow/example_dags/example_params_trigger_ui.py
[2024-11-25T10:07:51.631+0000] {logging_mixin.py:190} INFO - [2024-11-25T10:07:51.630+0000] {dag.py:3239} INFO - Sync 1 DAGs
[2024-11-25T10:07:51.651+0000] {logging_mixin.py:190} INFO - [2024-11-25T10:07:51.651+0000] {dag.py:4180} INFO - Setting next_dagrun for example_params_trigger_ui to None, run_after=None
[2024-11-25T10:07:51.680+0000] {processor.py:208} INFO - Processing /home/airflow/.local/lib/python3.12/site-packages/airflow/example_dags/example_params_trigger_ui.py took 0.139 seconds
[2024-11-25T10:08:22.057+0000] {processor.py:186} INFO - Started process (PID=11125) to work on /home/airflow/.local/lib/python3.12/site-packages/airflow/example_dags/example_params_trigger_ui.py
[2024-11-25T10:08:22.058+0000] {processor.py:914} INFO - Processing file /home/airflow/.local/lib/python3.12/site-packages/airflow/example_dags/example_params_trigger_ui.py for tasks to queue
[2024-11-25T10:08:22.060+0000] {logging_mixin.py:190} INFO - [2024-11-25T10:08:22.059+0000] {dagbag.py:588} INFO - Filling up the DagBag from /home/airflow/.local/lib/python3.12/site-packages/airflow/example_dags/example_params_trigger_ui.py
[2024-11-25T10:08:22.074+0000] {processor.py:925} INFO - DAG(s) 'example_params_trigger_ui' retrieved from /home/airflow/.local/lib/python3.12/site-packages/airflow/example_dags/example_params_trigger_ui.py
[2024-11-25T10:08:22.129+0000] {logging_mixin.py:190} INFO - [2024-11-25T10:08:22.129+0000] {dag.py:3239} INFO - Sync 1 DAGs
[2024-11-25T10:08:22.145+0000] {logging_mixin.py:190} INFO - [2024-11-25T10:08:22.145+0000] {dag.py:4180} INFO - Setting next_dagrun for example_params_trigger_ui to None, run_after=None
[2024-11-25T10:08:22.171+0000] {processor.py:208} INFO - Processing /home/airflow/.local/lib/python3.12/site-packages/airflow/example_dags/example_params_trigger_ui.py took 0.120 seconds
[2024-11-25T10:08:52.762+0000] {processor.py:186} INFO - Started process (PID=11421) to work on /home/airflow/.local/lib/python3.12/site-packages/airflow/example_dags/example_params_trigger_ui.py
[2024-11-25T10:08:52.778+0000] {processor.py:914} INFO - Processing file /home/airflow/.local/lib/python3.12/site-packages/airflow/example_dags/example_params_trigger_ui.py for tasks to queue
[2024-11-25T10:08:52.790+0000] {logging_mixin.py:190} INFO - [2024-11-25T10:08:52.783+0000] {dagbag.py:588} INFO - Filling up the DagBag from /home/airflow/.local/lib/python3.12/site-packages/airflow/example_dags/example_params_trigger_ui.py
[2024-11-25T10:08:53.007+0000] {processor.py:925} INFO - DAG(s) 'example_params_trigger_ui' retrieved from /home/airflow/.local/lib/python3.12/site-packages/airflow/example_dags/example_params_trigger_ui.py
[2024-11-25T10:08:53.220+0000] {logging_mixin.py:190} INFO - [2024-11-25T10:08:53.219+0000] {dag.py:3239} INFO - Sync 1 DAGs
[2024-11-25T10:08:53.246+0000] {logging_mixin.py:190} INFO - [2024-11-25T10:08:53.245+0000] {dag.py:4180} INFO - Setting next_dagrun for example_params_trigger_ui to None, run_after=None
[2024-11-25T10:08:53.275+0000] {processor.py:208} INFO - Processing /home/airflow/.local/lib/python3.12/site-packages/airflow/example_dags/example_params_trigger_ui.py took 0.619 seconds
[2024-11-25T10:09:23.954+0000] {processor.py:186} INFO - Started process (PID=11717) to work on /home/airflow/.local/lib/python3.12/site-packages/airflow/example_dags/example_params_trigger_ui.py
[2024-11-25T10:09:23.956+0000] {processor.py:914} INFO - Processing file /home/airflow/.local/lib/python3.12/site-packages/airflow/example_dags/example_params_trigger_ui.py for tasks to queue
[2024-11-25T10:09:23.958+0000] {logging_mixin.py:190} INFO - [2024-11-25T10:09:23.958+0000] {dagbag.py:588} INFO - Filling up the DagBag from /home/airflow/.local/lib/python3.12/site-packages/airflow/example_dags/example_params_trigger_ui.py
[2024-11-25T10:09:23.983+0000] {processor.py:925} INFO - DAG(s) 'example_params_trigger_ui' retrieved from /home/airflow/.local/lib/python3.12/site-packages/airflow/example_dags/example_params_trigger_ui.py
[2024-11-25T10:09:24.041+0000] {logging_mixin.py:190} INFO - [2024-11-25T10:09:24.040+0000] {dag.py:3239} INFO - Sync 1 DAGs
[2024-11-25T10:09:24.060+0000] {logging_mixin.py:190} INFO - [2024-11-25T10:09:24.059+0000] {dag.py:4180} INFO - Setting next_dagrun for example_params_trigger_ui to None, run_after=None
[2024-11-25T10:09:24.085+0000] {processor.py:208} INFO - Processing /home/airflow/.local/lib/python3.12/site-packages/airflow/example_dags/example_params_trigger_ui.py took 0.147 seconds
[2024-11-25T10:09:54.173+0000] {processor.py:186} INFO - Started process (PID=12016) to work on /home/airflow/.local/lib/python3.12/site-packages/airflow/example_dags/example_params_trigger_ui.py
[2024-11-25T10:09:54.174+0000] {processor.py:914} INFO - Processing file /home/airflow/.local/lib/python3.12/site-packages/airflow/example_dags/example_params_trigger_ui.py for tasks to queue
[2024-11-25T10:09:54.176+0000] {logging_mixin.py:190} INFO - [2024-11-25T10:09:54.176+0000] {dagbag.py:588} INFO - Filling up the DagBag from /home/airflow/.local/lib/python3.12/site-packages/airflow/example_dags/example_params_trigger_ui.py
[2024-11-25T10:09:54.192+0000] {processor.py:925} INFO - DAG(s) 'example_params_trigger_ui' retrieved from /home/airflow/.local/lib/python3.12/site-packages/airflow/example_dags/example_params_trigger_ui.py
[2024-11-25T10:09:54.247+0000] {logging_mixin.py:190} INFO - [2024-11-25T10:09:54.246+0000] {dag.py:3239} INFO - Sync 1 DAGs
[2024-11-25T10:09:54.263+0000] {logging_mixin.py:190} INFO - [2024-11-25T10:09:54.263+0000] {dag.py:4180} INFO - Setting next_dagrun for example_params_trigger_ui to None, run_after=None
[2024-11-25T10:09:54.287+0000] {processor.py:208} INFO - Processing /home/airflow/.local/lib/python3.12/site-packages/airflow/example_dags/example_params_trigger_ui.py took 0.121 seconds
[2024-11-25T10:10:24.732+0000] {processor.py:186} INFO - Started process (PID=12312) to work on /home/airflow/.local/lib/python3.12/site-packages/airflow/example_dags/example_params_trigger_ui.py
[2024-11-25T10:10:24.733+0000] {processor.py:914} INFO - Processing file /home/airflow/.local/lib/python3.12/site-packages/airflow/example_dags/example_params_trigger_ui.py for tasks to queue
[2024-11-25T10:10:24.735+0000] {logging_mixin.py:190} INFO - [2024-11-25T10:10:24.734+0000] {dagbag.py:588} INFO - Filling up the DagBag from /home/airflow/.local/lib/python3.12/site-packages/airflow/example_dags/example_params_trigger_ui.py
[2024-11-25T10:10:24.751+0000] {processor.py:925} INFO - DAG(s) 'example_params_trigger_ui' retrieved from /home/airflow/.local/lib/python3.12/site-packages/airflow/example_dags/example_params_trigger_ui.py
[2024-11-25T10:10:24.810+0000] {logging_mixin.py:190} INFO - [2024-11-25T10:10:24.810+0000] {dag.py:3239} INFO - Sync 1 DAGs
[2024-11-25T10:10:24.829+0000] {logging_mixin.py:190} INFO - [2024-11-25T10:10:24.829+0000] {dag.py:4180} INFO - Setting next_dagrun for example_params_trigger_ui to None, run_after=None
[2024-11-25T10:10:24.856+0000] {processor.py:208} INFO - Processing /home/airflow/.local/lib/python3.12/site-packages/airflow/example_dags/example_params_trigger_ui.py took 0.132 seconds
[2024-11-25T10:10:55.575+0000] {processor.py:186} INFO - Started process (PID=12608) to work on /home/airflow/.local/lib/python3.12/site-packages/airflow/example_dags/example_params_trigger_ui.py
[2024-11-25T10:10:55.577+0000] {processor.py:914} INFO - Processing file /home/airflow/.local/lib/python3.12/site-packages/airflow/example_dags/example_params_trigger_ui.py for tasks to queue
[2024-11-25T10:10:55.578+0000] {logging_mixin.py:190} INFO - [2024-11-25T10:10:55.578+0000] {dagbag.py:588} INFO - Filling up the DagBag from /home/airflow/.local/lib/python3.12/site-packages/airflow/example_dags/example_params_trigger_ui.py
[2024-11-25T10:10:55.595+0000] {processor.py:925} INFO - DAG(s) 'example_params_trigger_ui' retrieved from /home/airflow/.local/lib/python3.12/site-packages/airflow/example_dags/example_params_trigger_ui.py
[2024-11-25T10:10:55.650+0000] {logging_mixin.py:190} INFO - [2024-11-25T10:10:55.650+0000] {dag.py:3239} INFO - Sync 1 DAGs
[2024-11-25T10:10:55.668+0000] {logging_mixin.py:190} INFO - [2024-11-25T10:10:55.668+0000] {dag.py:4180} INFO - Setting next_dagrun for example_params_trigger_ui to None, run_after=None
[2024-11-25T10:10:55.696+0000] {processor.py:208} INFO - Processing /home/airflow/.local/lib/python3.12/site-packages/airflow/example_dags/example_params_trigger_ui.py took 0.129 seconds
[2024-11-25T10:11:25.891+0000] {processor.py:186} INFO - Started process (PID=12904) to work on /home/airflow/.local/lib/python3.12/site-packages/airflow/example_dags/example_params_trigger_ui.py
[2024-11-25T10:11:25.892+0000] {processor.py:914} INFO - Processing file /home/airflow/.local/lib/python3.12/site-packages/airflow/example_dags/example_params_trigger_ui.py for tasks to queue
[2024-11-25T10:11:25.894+0000] {logging_mixin.py:190} INFO - [2024-11-25T10:11:25.894+0000] {dagbag.py:588} INFO - Filling up the DagBag from /home/airflow/.local/lib/python3.12/site-packages/airflow/example_dags/example_params_trigger_ui.py
[2024-11-25T10:11:25.914+0000] {processor.py:925} INFO - DAG(s) 'example_params_trigger_ui' retrieved from /home/airflow/.local/lib/python3.12/site-packages/airflow/example_dags/example_params_trigger_ui.py
[2024-11-25T10:11:25.971+0000] {logging_mixin.py:190} INFO - [2024-11-25T10:11:25.970+0000] {dag.py:3239} INFO - Sync 1 DAGs
[2024-11-25T10:11:25.987+0000] {logging_mixin.py:190} INFO - [2024-11-25T10:11:25.987+0000] {dag.py:4180} INFO - Setting next_dagrun for example_params_trigger_ui to None, run_after=None
[2024-11-25T10:11:26.013+0000] {processor.py:208} INFO - Processing /home/airflow/.local/lib/python3.12/site-packages/airflow/example_dags/example_params_trigger_ui.py took 0.132 seconds
