[2024-11-25T09:49:45.559+0000] {processor.py:186} INFO - Started process (PID=415) to work on /home/airflow/.local/lib/python3.12/site-packages/airflow/example_dags/example_short_circuit_operator.py
[2024-11-25T09:49:45.561+0000] {processor.py:914} INFO - Processing file /home/airflow/.local/lib/python3.12/site-packages/airflow/example_dags/example_short_circuit_operator.py for tasks to queue
[2024-11-25T09:49:45.565+0000] {logging_mixin.py:190} INFO - [2024-11-25T09:49:45.565+0000] {dagbag.py:588} INFO - Filling up the DagBag from /home/airflow/.local/lib/python3.12/site-packages/airflow/example_dags/example_short_circuit_operator.py
[2024-11-25T09:49:45.582+0000] {processor.py:925} INFO - DAG(s) 'example_short_circuit_operator' retrieved from /home/airflow/.local/lib/python3.12/site-packages/airflow/example_dags/example_short_circuit_operator.py
[2024-11-25T09:49:45.623+0000] {logging_mixin.py:190} INFO - [2024-11-25T09:49:45.623+0000] {dag.py:3239} INFO - Sync 1 DAGs
[2024-11-25T09:49:45.650+0000] {logging_mixin.py:190} INFO - [2024-11-25T09:49:45.650+0000] {dag.py:4180} INFO - Setting next_dagrun for example_short_circuit_operator to None, run_after=None
[2024-11-25T09:49:45.694+0000] {processor.py:208} INFO - Processing /home/airflow/.local/lib/python3.12/site-packages/airflow/example_dags/example_short_circuit_operator.py took 0.144 seconds
[2024-11-25T09:50:16.254+0000] {processor.py:186} INFO - Started process (PID=711) to work on /home/airflow/.local/lib/python3.12/site-packages/airflow/example_dags/example_short_circuit_operator.py
[2024-11-25T09:50:16.255+0000] {processor.py:914} INFO - Processing file /home/airflow/.local/lib/python3.12/site-packages/airflow/example_dags/example_short_circuit_operator.py for tasks to queue
[2024-11-25T09:50:16.260+0000] {logging_mixin.py:190} INFO - [2024-11-25T09:50:16.260+0000] {dagbag.py:588} INFO - Filling up the DagBag from /home/airflow/.local/lib/python3.12/site-packages/airflow/example_dags/example_short_circuit_operator.py
[2024-11-25T09:50:16.274+0000] {processor.py:925} INFO - DAG(s) 'example_short_circuit_operator' retrieved from /home/airflow/.local/lib/python3.12/site-packages/airflow/example_dags/example_short_circuit_operator.py
[2024-11-25T09:50:16.314+0000] {logging_mixin.py:190} INFO - [2024-11-25T09:50:16.313+0000] {dag.py:3239} INFO - Sync 1 DAGs
[2024-11-25T09:50:16.385+0000] {logging_mixin.py:190} INFO - [2024-11-25T09:50:16.384+0000] {dag.py:4180} INFO - Setting next_dagrun for example_short_circuit_operator to None, run_after=None
[2024-11-25T09:50:16.437+0000] {processor.py:208} INFO - Processing /home/airflow/.local/lib/python3.12/site-packages/airflow/example_dags/example_short_circuit_operator.py took 0.192 seconds
[2024-11-25T09:50:47.250+0000] {processor.py:186} INFO - Started process (PID=1017) to work on /home/airflow/.local/lib/python3.12/site-packages/airflow/example_dags/example_short_circuit_operator.py
[2024-11-25T09:50:47.253+0000] {processor.py:914} INFO - Processing file /home/airflow/.local/lib/python3.12/site-packages/airflow/example_dags/example_short_circuit_operator.py for tasks to queue
[2024-11-25T09:50:47.257+0000] {logging_mixin.py:190} INFO - [2024-11-25T09:50:47.257+0000] {dagbag.py:588} INFO - Filling up the DagBag from /home/airflow/.local/lib/python3.12/site-packages/airflow/example_dags/example_short_circuit_operator.py
[2024-11-25T09:50:47.290+0000] {processor.py:925} INFO - DAG(s) 'example_short_circuit_operator' retrieved from /home/airflow/.local/lib/python3.12/site-packages/airflow/example_dags/example_short_circuit_operator.py
[2024-11-25T09:50:47.332+0000] {logging_mixin.py:190} INFO - [2024-11-25T09:50:47.332+0000] {dag.py:3239} INFO - Sync 1 DAGs
[2024-11-25T09:50:47.356+0000] {logging_mixin.py:190} INFO - [2024-11-25T09:50:47.356+0000] {dag.py:4180} INFO - Setting next_dagrun for example_short_circuit_operator to None, run_after=None
[2024-11-25T09:50:47.393+0000] {processor.py:208} INFO - Processing /home/airflow/.local/lib/python3.12/site-packages/airflow/example_dags/example_short_circuit_operator.py took 0.161 seconds
[2024-11-25T09:51:17.859+0000] {processor.py:186} INFO - Started process (PID=1314) to work on /home/airflow/.local/lib/python3.12/site-packages/airflow/example_dags/example_short_circuit_operator.py
[2024-11-25T09:51:17.862+0000] {processor.py:914} INFO - Processing file /home/airflow/.local/lib/python3.12/site-packages/airflow/example_dags/example_short_circuit_operator.py for tasks to queue
[2024-11-25T09:51:17.865+0000] {logging_mixin.py:190} INFO - [2024-11-25T09:51:17.864+0000] {dagbag.py:588} INFO - Filling up the DagBag from /home/airflow/.local/lib/python3.12/site-packages/airflow/example_dags/example_short_circuit_operator.py
[2024-11-25T09:51:17.886+0000] {processor.py:925} INFO - DAG(s) 'example_short_circuit_operator' retrieved from /home/airflow/.local/lib/python3.12/site-packages/airflow/example_dags/example_short_circuit_operator.py
[2024-11-25T09:51:17.925+0000] {logging_mixin.py:190} INFO - [2024-11-25T09:51:17.924+0000] {dag.py:3239} INFO - Sync 1 DAGs
[2024-11-25T09:51:17.945+0000] {logging_mixin.py:190} INFO - [2024-11-25T09:51:17.944+0000] {dag.py:4180} INFO - Setting next_dagrun for example_short_circuit_operator to None, run_after=None
[2024-11-25T09:51:17.972+0000] {processor.py:208} INFO - Processing /home/airflow/.local/lib/python3.12/site-packages/airflow/example_dags/example_short_circuit_operator.py took 0.126 seconds
[2024-11-25T09:51:48.673+0000] {processor.py:186} INFO - Started process (PID=1614) to work on /home/airflow/.local/lib/python3.12/site-packages/airflow/example_dags/example_short_circuit_operator.py
[2024-11-25T09:51:48.677+0000] {processor.py:914} INFO - Processing file /home/airflow/.local/lib/python3.12/site-packages/airflow/example_dags/example_short_circuit_operator.py for tasks to queue
[2024-11-25T09:51:48.680+0000] {logging_mixin.py:190} INFO - [2024-11-25T09:51:48.680+0000] {dagbag.py:588} INFO - Filling up the DagBag from /home/airflow/.local/lib/python3.12/site-packages/airflow/example_dags/example_short_circuit_operator.py
[2024-11-25T09:51:48.696+0000] {processor.py:925} INFO - DAG(s) 'example_short_circuit_operator' retrieved from /home/airflow/.local/lib/python3.12/site-packages/airflow/example_dags/example_short_circuit_operator.py
[2024-11-25T09:51:48.734+0000] {logging_mixin.py:190} INFO - [2024-11-25T09:51:48.734+0000] {dag.py:3239} INFO - Sync 1 DAGs
[2024-11-25T09:51:48.760+0000] {logging_mixin.py:190} INFO - [2024-11-25T09:51:48.759+0000] {dag.py:4180} INFO - Setting next_dagrun for example_short_circuit_operator to None, run_after=None
[2024-11-25T09:51:48.793+0000] {processor.py:208} INFO - Processing /home/airflow/.local/lib/python3.12/site-packages/airflow/example_dags/example_short_circuit_operator.py took 0.132 seconds
[2024-11-25T09:52:21.863+0000] {processor.py:186} INFO - Started process (PID=1915) to work on /home/airflow/.local/lib/python3.12/site-packages/airflow/example_dags/example_short_circuit_operator.py
[2024-11-25T09:52:21.868+0000] {processor.py:914} INFO - Processing file /home/airflow/.local/lib/python3.12/site-packages/airflow/example_dags/example_short_circuit_operator.py for tasks to queue
[2024-11-25T09:52:21.876+0000] {logging_mixin.py:190} INFO - [2024-11-25T09:52:21.874+0000] {dagbag.py:588} INFO - Filling up the DagBag from /home/airflow/.local/lib/python3.12/site-packages/airflow/example_dags/example_short_circuit_operator.py
[2024-11-25T09:52:21.897+0000] {processor.py:925} INFO - DAG(s) 'example_short_circuit_operator' retrieved from /home/airflow/.local/lib/python3.12/site-packages/airflow/example_dags/example_short_circuit_operator.py
[2024-11-25T09:52:21.936+0000] {logging_mixin.py:190} INFO - [2024-11-25T09:52:21.936+0000] {dag.py:3239} INFO - Sync 1 DAGs
[2024-11-25T09:52:21.968+0000] {logging_mixin.py:190} INFO - [2024-11-25T09:52:21.968+0000] {dag.py:4180} INFO - Setting next_dagrun for example_short_circuit_operator to None, run_after=None
[2024-11-25T09:52:22.013+0000] {processor.py:208} INFO - Processing /home/airflow/.local/lib/python3.12/site-packages/airflow/example_dags/example_short_circuit_operator.py took 0.169 seconds
[2024-11-25T09:52:54.593+0000] {processor.py:186} INFO - Started process (PID=2211) to work on /home/airflow/.local/lib/python3.12/site-packages/airflow/example_dags/example_short_circuit_operator.py
[2024-11-25T09:52:54.595+0000] {processor.py:914} INFO - Processing file /home/airflow/.local/lib/python3.12/site-packages/airflow/example_dags/example_short_circuit_operator.py for tasks to queue
[2024-11-25T09:52:54.598+0000] {logging_mixin.py:190} INFO - [2024-11-25T09:52:54.597+0000] {dagbag.py:588} INFO - Filling up the DagBag from /home/airflow/.local/lib/python3.12/site-packages/airflow/example_dags/example_short_circuit_operator.py
[2024-11-25T09:52:54.619+0000] {processor.py:925} INFO - DAG(s) 'example_short_circuit_operator' retrieved from /home/airflow/.local/lib/python3.12/site-packages/airflow/example_dags/example_short_circuit_operator.py
[2024-11-25T09:52:54.683+0000] {logging_mixin.py:190} INFO - [2024-11-25T09:52:54.682+0000] {dag.py:3239} INFO - Sync 1 DAGs
[2024-11-25T09:52:54.721+0000] {logging_mixin.py:190} INFO - [2024-11-25T09:52:54.721+0000] {dag.py:4180} INFO - Setting next_dagrun for example_short_circuit_operator to None, run_after=None
[2024-11-25T09:52:54.764+0000] {processor.py:208} INFO - Processing /home/airflow/.local/lib/python3.12/site-packages/airflow/example_dags/example_short_circuit_operator.py took 0.182 seconds
[2024-11-25T09:53:25.146+0000] {processor.py:186} INFO - Started process (PID=2507) to work on /home/airflow/.local/lib/python3.12/site-packages/airflow/example_dags/example_short_circuit_operator.py
[2024-11-25T09:53:25.148+0000] {processor.py:914} INFO - Processing file /home/airflow/.local/lib/python3.12/site-packages/airflow/example_dags/example_short_circuit_operator.py for tasks to queue
[2024-11-25T09:53:25.151+0000] {logging_mixin.py:190} INFO - [2024-11-25T09:53:25.150+0000] {dagbag.py:588} INFO - Filling up the DagBag from /home/airflow/.local/lib/python3.12/site-packages/airflow/example_dags/example_short_circuit_operator.py
[2024-11-25T09:53:25.169+0000] {processor.py:925} INFO - DAG(s) 'example_short_circuit_operator' retrieved from /home/airflow/.local/lib/python3.12/site-packages/airflow/example_dags/example_short_circuit_operator.py
[2024-11-25T09:53:25.213+0000] {logging_mixin.py:190} INFO - [2024-11-25T09:53:25.213+0000] {dag.py:3239} INFO - Sync 1 DAGs
[2024-11-25T09:53:25.243+0000] {logging_mixin.py:190} INFO - [2024-11-25T09:53:25.243+0000] {dag.py:4180} INFO - Setting next_dagrun for example_short_circuit_operator to None, run_after=None
[2024-11-25T09:53:25.279+0000] {processor.py:208} INFO - Processing /home/airflow/.local/lib/python3.12/site-packages/airflow/example_dags/example_short_circuit_operator.py took 0.144 seconds
[2024-11-25T09:53:55.522+0000] {processor.py:186} INFO - Started process (PID=2803) to work on /home/airflow/.local/lib/python3.12/site-packages/airflow/example_dags/example_short_circuit_operator.py
[2024-11-25T09:53:55.523+0000] {processor.py:914} INFO - Processing file /home/airflow/.local/lib/python3.12/site-packages/airflow/example_dags/example_short_circuit_operator.py for tasks to queue
[2024-11-25T09:53:55.525+0000] {logging_mixin.py:190} INFO - [2024-11-25T09:53:55.524+0000] {dagbag.py:588} INFO - Filling up the DagBag from /home/airflow/.local/lib/python3.12/site-packages/airflow/example_dags/example_short_circuit_operator.py
[2024-11-25T09:53:55.536+0000] {processor.py:925} INFO - DAG(s) 'example_short_circuit_operator' retrieved from /home/airflow/.local/lib/python3.12/site-packages/airflow/example_dags/example_short_circuit_operator.py
[2024-11-25T09:53:55.562+0000] {logging_mixin.py:190} INFO - [2024-11-25T09:53:55.562+0000] {dag.py:3239} INFO - Sync 1 DAGs
[2024-11-25T09:53:55.581+0000] {logging_mixin.py:190} INFO - [2024-11-25T09:53:55.580+0000] {dag.py:4180} INFO - Setting next_dagrun for example_short_circuit_operator to None, run_after=None
[2024-11-25T09:53:55.605+0000] {processor.py:208} INFO - Processing /home/airflow/.local/lib/python3.12/site-packages/airflow/example_dags/example_short_circuit_operator.py took 0.090 seconds
[2024-11-25T09:54:26.429+0000] {processor.py:186} INFO - Started process (PID=3101) to work on /home/airflow/.local/lib/python3.12/site-packages/airflow/example_dags/example_short_circuit_operator.py
[2024-11-25T09:54:26.430+0000] {processor.py:914} INFO - Processing file /home/airflow/.local/lib/python3.12/site-packages/airflow/example_dags/example_short_circuit_operator.py for tasks to queue
[2024-11-25T09:54:26.432+0000] {logging_mixin.py:190} INFO - [2024-11-25T09:54:26.432+0000] {dagbag.py:588} INFO - Filling up the DagBag from /home/airflow/.local/lib/python3.12/site-packages/airflow/example_dags/example_short_circuit_operator.py
[2024-11-25T09:54:26.442+0000] {processor.py:925} INFO - DAG(s) 'example_short_circuit_operator' retrieved from /home/airflow/.local/lib/python3.12/site-packages/airflow/example_dags/example_short_circuit_operator.py
[2024-11-25T09:54:26.469+0000] {logging_mixin.py:190} INFO - [2024-11-25T09:54:26.469+0000] {dag.py:3239} INFO - Sync 1 DAGs
[2024-11-25T09:54:26.485+0000] {logging_mixin.py:190} INFO - [2024-11-25T09:54:26.484+0000] {dag.py:4180} INFO - Setting next_dagrun for example_short_circuit_operator to None, run_after=None
[2024-11-25T09:54:26.510+0000] {processor.py:208} INFO - Processing /home/airflow/.local/lib/python3.12/site-packages/airflow/example_dags/example_short_circuit_operator.py took 0.088 seconds
[2024-11-25T09:54:56.963+0000] {processor.py:186} INFO - Started process (PID=3395) to work on /home/airflow/.local/lib/python3.12/site-packages/airflow/example_dags/example_short_circuit_operator.py
[2024-11-25T09:54:56.965+0000] {processor.py:914} INFO - Processing file /home/airflow/.local/lib/python3.12/site-packages/airflow/example_dags/example_short_circuit_operator.py for tasks to queue
[2024-11-25T09:54:56.967+0000] {logging_mixin.py:190} INFO - [2024-11-25T09:54:56.966+0000] {dagbag.py:588} INFO - Filling up the DagBag from /home/airflow/.local/lib/python3.12/site-packages/airflow/example_dags/example_short_circuit_operator.py
[2024-11-25T09:54:56.977+0000] {processor.py:925} INFO - DAG(s) 'example_short_circuit_operator' retrieved from /home/airflow/.local/lib/python3.12/site-packages/airflow/example_dags/example_short_circuit_operator.py
[2024-11-25T09:54:57.007+0000] {logging_mixin.py:190} INFO - [2024-11-25T09:54:57.007+0000] {dag.py:3239} INFO - Sync 1 DAGs
[2024-11-25T09:54:57.024+0000] {logging_mixin.py:190} INFO - [2024-11-25T09:54:57.024+0000] {dag.py:4180} INFO - Setting next_dagrun for example_short_circuit_operator to None, run_after=None
[2024-11-25T09:54:57.052+0000] {processor.py:208} INFO - Processing /home/airflow/.local/lib/python3.12/site-packages/airflow/example_dags/example_short_circuit_operator.py took 0.095 seconds
[2024-11-25T09:55:28.334+0000] {processor.py:186} INFO - Started process (PID=3691) to work on /home/airflow/.local/lib/python3.12/site-packages/airflow/example_dags/example_short_circuit_operator.py
[2024-11-25T09:55:28.336+0000] {processor.py:914} INFO - Processing file /home/airflow/.local/lib/python3.12/site-packages/airflow/example_dags/example_short_circuit_operator.py for tasks to queue
[2024-11-25T09:55:28.337+0000] {logging_mixin.py:190} INFO - [2024-11-25T09:55:28.337+0000] {dagbag.py:588} INFO - Filling up the DagBag from /home/airflow/.local/lib/python3.12/site-packages/airflow/example_dags/example_short_circuit_operator.py
[2024-11-25T09:55:28.349+0000] {processor.py:925} INFO - DAG(s) 'example_short_circuit_operator' retrieved from /home/airflow/.local/lib/python3.12/site-packages/airflow/example_dags/example_short_circuit_operator.py
[2024-11-25T09:55:28.377+0000] {logging_mixin.py:190} INFO - [2024-11-25T09:55:28.377+0000] {dag.py:3239} INFO - Sync 1 DAGs
[2024-11-25T09:55:28.394+0000] {logging_mixin.py:190} INFO - [2024-11-25T09:55:28.394+0000] {dag.py:4180} INFO - Setting next_dagrun for example_short_circuit_operator to None, run_after=None
[2024-11-25T09:55:28.417+0000] {processor.py:208} INFO - Processing /home/airflow/.local/lib/python3.12/site-packages/airflow/example_dags/example_short_circuit_operator.py took 0.091 seconds
[2024-11-25T09:55:59.184+0000] {processor.py:186} INFO - Started process (PID=3990) to work on /home/airflow/.local/lib/python3.12/site-packages/airflow/example_dags/example_short_circuit_operator.py
[2024-11-25T09:55:59.185+0000] {processor.py:914} INFO - Processing file /home/airflow/.local/lib/python3.12/site-packages/airflow/example_dags/example_short_circuit_operator.py for tasks to queue
[2024-11-25T09:55:59.186+0000] {logging_mixin.py:190} INFO - [2024-11-25T09:55:59.186+0000] {dagbag.py:588} INFO - Filling up the DagBag from /home/airflow/.local/lib/python3.12/site-packages/airflow/example_dags/example_short_circuit_operator.py
[2024-11-25T09:55:59.195+0000] {processor.py:925} INFO - DAG(s) 'example_short_circuit_operator' retrieved from /home/airflow/.local/lib/python3.12/site-packages/airflow/example_dags/example_short_circuit_operator.py
[2024-11-25T09:55:59.219+0000] {logging_mixin.py:190} INFO - [2024-11-25T09:55:59.219+0000] {dag.py:3239} INFO - Sync 1 DAGs
[2024-11-25T09:55:59.234+0000] {logging_mixin.py:190} INFO - [2024-11-25T09:55:59.233+0000] {dag.py:4180} INFO - Setting next_dagrun for example_short_circuit_operator to None, run_after=None
[2024-11-25T09:55:59.256+0000] {processor.py:208} INFO - Processing /home/airflow/.local/lib/python3.12/site-packages/airflow/example_dags/example_short_circuit_operator.py took 0.078 seconds
[2024-11-25T09:56:29.701+0000] {processor.py:186} INFO - Started process (PID=4284) to work on /home/airflow/.local/lib/python3.12/site-packages/airflow/example_dags/example_short_circuit_operator.py
[2024-11-25T09:56:29.703+0000] {processor.py:914} INFO - Processing file /home/airflow/.local/lib/python3.12/site-packages/airflow/example_dags/example_short_circuit_operator.py for tasks to queue
[2024-11-25T09:56:29.704+0000] {logging_mixin.py:190} INFO - [2024-11-25T09:56:29.704+0000] {dagbag.py:588} INFO - Filling up the DagBag from /home/airflow/.local/lib/python3.12/site-packages/airflow/example_dags/example_short_circuit_operator.py
[2024-11-25T09:56:29.716+0000] {processor.py:925} INFO - DAG(s) 'example_short_circuit_operator' retrieved from /home/airflow/.local/lib/python3.12/site-packages/airflow/example_dags/example_short_circuit_operator.py
[2024-11-25T09:56:29.742+0000] {logging_mixin.py:190} INFO - [2024-11-25T09:56:29.742+0000] {dag.py:3239} INFO - Sync 1 DAGs
[2024-11-25T09:56:29.760+0000] {logging_mixin.py:190} INFO - [2024-11-25T09:56:29.760+0000] {dag.py:4180} INFO - Setting next_dagrun for example_short_circuit_operator to None, run_after=None
[2024-11-25T09:56:29.786+0000] {processor.py:208} INFO - Processing /home/airflow/.local/lib/python3.12/site-packages/airflow/example_dags/example_short_circuit_operator.py took 0.091 seconds
[2024-11-25T09:57:01.178+0000] {processor.py:186} INFO - Started process (PID=4585) to work on /home/airflow/.local/lib/python3.12/site-packages/airflow/example_dags/example_short_circuit_operator.py
[2024-11-25T09:57:01.180+0000] {processor.py:914} INFO - Processing file /home/airflow/.local/lib/python3.12/site-packages/airflow/example_dags/example_short_circuit_operator.py for tasks to queue
[2024-11-25T09:57:01.183+0000] {logging_mixin.py:190} INFO - [2024-11-25T09:57:01.183+0000] {dagbag.py:588} INFO - Filling up the DagBag from /home/airflow/.local/lib/python3.12/site-packages/airflow/example_dags/example_short_circuit_operator.py
[2024-11-25T09:57:01.200+0000] {processor.py:925} INFO - DAG(s) 'example_short_circuit_operator' retrieved from /home/airflow/.local/lib/python3.12/site-packages/airflow/example_dags/example_short_circuit_operator.py
[2024-11-25T09:57:01.235+0000] {logging_mixin.py:190} INFO - [2024-11-25T09:57:01.234+0000] {dag.py:3239} INFO - Sync 1 DAGs
[2024-11-25T09:57:01.260+0000] {logging_mixin.py:190} INFO - [2024-11-25T09:57:01.259+0000] {dag.py:4180} INFO - Setting next_dagrun for example_short_circuit_operator to None, run_after=None
[2024-11-25T09:57:01.285+0000] {processor.py:208} INFO - Processing /home/airflow/.local/lib/python3.12/site-packages/airflow/example_dags/example_short_circuit_operator.py took 0.121 seconds
[2024-11-25T09:57:31.909+0000] {processor.py:186} INFO - Started process (PID=4883) to work on /home/airflow/.local/lib/python3.12/site-packages/airflow/example_dags/example_short_circuit_operator.py
[2024-11-25T09:57:31.913+0000] {processor.py:914} INFO - Processing file /home/airflow/.local/lib/python3.12/site-packages/airflow/example_dags/example_short_circuit_operator.py for tasks to queue
[2024-11-25T09:57:31.917+0000] {logging_mixin.py:190} INFO - [2024-11-25T09:57:31.917+0000] {dagbag.py:588} INFO - Filling up the DagBag from /home/airflow/.local/lib/python3.12/site-packages/airflow/example_dags/example_short_circuit_operator.py
[2024-11-25T09:57:31.931+0000] {processor.py:925} INFO - DAG(s) 'example_short_circuit_operator' retrieved from /home/airflow/.local/lib/python3.12/site-packages/airflow/example_dags/example_short_circuit_operator.py
[2024-11-25T09:57:32.019+0000] {logging_mixin.py:190} INFO - [2024-11-25T09:57:32.017+0000] {dag.py:3239} INFO - Sync 1 DAGs
[2024-11-25T09:57:32.060+0000] {logging_mixin.py:190} INFO - [2024-11-25T09:57:32.059+0000] {dag.py:4180} INFO - Setting next_dagrun for example_short_circuit_operator to None, run_after=None
[2024-11-25T09:57:32.107+0000] {processor.py:208} INFO - Processing /home/airflow/.local/lib/python3.12/site-packages/airflow/example_dags/example_short_circuit_operator.py took 0.206 seconds
[2024-11-25T09:58:02.783+0000] {processor.py:186} INFO - Started process (PID=5181) to work on /home/airflow/.local/lib/python3.12/site-packages/airflow/example_dags/example_short_circuit_operator.py
[2024-11-25T09:58:02.784+0000] {processor.py:914} INFO - Processing file /home/airflow/.local/lib/python3.12/site-packages/airflow/example_dags/example_short_circuit_operator.py for tasks to queue
[2024-11-25T09:58:02.786+0000] {logging_mixin.py:190} INFO - [2024-11-25T09:58:02.785+0000] {dagbag.py:588} INFO - Filling up the DagBag from /home/airflow/.local/lib/python3.12/site-packages/airflow/example_dags/example_short_circuit_operator.py
[2024-11-25T09:58:02.800+0000] {processor.py:925} INFO - DAG(s) 'example_short_circuit_operator' retrieved from /home/airflow/.local/lib/python3.12/site-packages/airflow/example_dags/example_short_circuit_operator.py
[2024-11-25T09:58:02.830+0000] {logging_mixin.py:190} INFO - [2024-11-25T09:58:02.829+0000] {dag.py:3239} INFO - Sync 1 DAGs
[2024-11-25T09:58:02.849+0000] {logging_mixin.py:190} INFO - [2024-11-25T09:58:02.849+0000] {dag.py:4180} INFO - Setting next_dagrun for example_short_circuit_operator to None, run_after=None
[2024-11-25T09:58:02.876+0000] {processor.py:208} INFO - Processing /home/airflow/.local/lib/python3.12/site-packages/airflow/example_dags/example_short_circuit_operator.py took 0.103 seconds
[2024-11-25T09:58:33.494+0000] {processor.py:186} INFO - Started process (PID=5472) to work on /home/airflow/.local/lib/python3.12/site-packages/airflow/example_dags/example_short_circuit_operator.py
[2024-11-25T09:58:33.496+0000] {processor.py:914} INFO - Processing file /home/airflow/.local/lib/python3.12/site-packages/airflow/example_dags/example_short_circuit_operator.py for tasks to queue
[2024-11-25T09:58:33.499+0000] {logging_mixin.py:190} INFO - [2024-11-25T09:58:33.497+0000] {dagbag.py:588} INFO - Filling up the DagBag from /home/airflow/.local/lib/python3.12/site-packages/airflow/example_dags/example_short_circuit_operator.py
[2024-11-25T09:58:33.536+0000] {processor.py:925} INFO - DAG(s) 'example_short_circuit_operator' retrieved from /home/airflow/.local/lib/python3.12/site-packages/airflow/example_dags/example_short_circuit_operator.py
[2024-11-25T09:58:33.588+0000] {logging_mixin.py:190} INFO - [2024-11-25T09:58:33.587+0000] {dag.py:3239} INFO - Sync 1 DAGs
[2024-11-25T09:58:33.619+0000] {logging_mixin.py:190} INFO - [2024-11-25T09:58:33.619+0000] {dag.py:4180} INFO - Setting next_dagrun for example_short_circuit_operator to None, run_after=None
[2024-11-25T09:58:33.652+0000] {processor.py:208} INFO - Processing /home/airflow/.local/lib/python3.12/site-packages/airflow/example_dags/example_short_circuit_operator.py took 0.167 seconds
[2024-11-25T09:59:04.275+0000] {processor.py:186} INFO - Started process (PID=5771) to work on /home/airflow/.local/lib/python3.12/site-packages/airflow/example_dags/example_short_circuit_operator.py
[2024-11-25T09:59:04.276+0000] {processor.py:914} INFO - Processing file /home/airflow/.local/lib/python3.12/site-packages/airflow/example_dags/example_short_circuit_operator.py for tasks to queue
[2024-11-25T09:59:04.277+0000] {logging_mixin.py:190} INFO - [2024-11-25T09:59:04.277+0000] {dagbag.py:588} INFO - Filling up the DagBag from /home/airflow/.local/lib/python3.12/site-packages/airflow/example_dags/example_short_circuit_operator.py
[2024-11-25T09:59:04.292+0000] {processor.py:925} INFO - DAG(s) 'example_short_circuit_operator' retrieved from /home/airflow/.local/lib/python3.12/site-packages/airflow/example_dags/example_short_circuit_operator.py
[2024-11-25T09:59:04.320+0000] {logging_mixin.py:190} INFO - [2024-11-25T09:59:04.320+0000] {dag.py:3239} INFO - Sync 1 DAGs
[2024-11-25T09:59:04.338+0000] {logging_mixin.py:190} INFO - [2024-11-25T09:59:04.338+0000] {dag.py:4180} INFO - Setting next_dagrun for example_short_circuit_operator to None, run_after=None
[2024-11-25T09:59:04.365+0000] {processor.py:208} INFO - Processing /home/airflow/.local/lib/python3.12/site-packages/airflow/example_dags/example_short_circuit_operator.py took 0.099 seconds
[2024-11-25T09:59:34.853+0000] {processor.py:186} INFO - Started process (PID=6067) to work on /home/airflow/.local/lib/python3.12/site-packages/airflow/example_dags/example_short_circuit_operator.py
[2024-11-25T09:59:34.855+0000] {processor.py:914} INFO - Processing file /home/airflow/.local/lib/python3.12/site-packages/airflow/example_dags/example_short_circuit_operator.py for tasks to queue
[2024-11-25T09:59:34.856+0000] {logging_mixin.py:190} INFO - [2024-11-25T09:59:34.856+0000] {dagbag.py:588} INFO - Filling up the DagBag from /home/airflow/.local/lib/python3.12/site-packages/airflow/example_dags/example_short_circuit_operator.py
[2024-11-25T09:59:34.871+0000] {processor.py:925} INFO - DAG(s) 'example_short_circuit_operator' retrieved from /home/airflow/.local/lib/python3.12/site-packages/airflow/example_dags/example_short_circuit_operator.py
[2024-11-25T09:59:34.910+0000] {logging_mixin.py:190} INFO - [2024-11-25T09:59:34.909+0000] {dag.py:3239} INFO - Sync 1 DAGs
[2024-11-25T09:59:34.928+0000] {logging_mixin.py:190} INFO - [2024-11-25T09:59:34.928+0000] {dag.py:4180} INFO - Setting next_dagrun for example_short_circuit_operator to None, run_after=None
[2024-11-25T09:59:34.954+0000] {processor.py:208} INFO - Processing /home/airflow/.local/lib/python3.12/site-packages/airflow/example_dags/example_short_circuit_operator.py took 0.107 seconds
[2024-11-25T10:00:05.017+0000] {processor.py:186} INFO - Started process (PID=6360) to work on /home/airflow/.local/lib/python3.12/site-packages/airflow/example_dags/example_short_circuit_operator.py
[2024-11-25T10:00:05.018+0000] {processor.py:914} INFO - Processing file /home/airflow/.local/lib/python3.12/site-packages/airflow/example_dags/example_short_circuit_operator.py for tasks to queue
[2024-11-25T10:00:05.019+0000] {logging_mixin.py:190} INFO - [2024-11-25T10:00:05.019+0000] {dagbag.py:588} INFO - Filling up the DagBag from /home/airflow/.local/lib/python3.12/site-packages/airflow/example_dags/example_short_circuit_operator.py
[2024-11-25T10:00:05.029+0000] {processor.py:925} INFO - DAG(s) 'example_short_circuit_operator' retrieved from /home/airflow/.local/lib/python3.12/site-packages/airflow/example_dags/example_short_circuit_operator.py
[2024-11-25T10:00:05.055+0000] {logging_mixin.py:190} INFO - [2024-11-25T10:00:05.055+0000] {dag.py:3239} INFO - Sync 1 DAGs
[2024-11-25T10:00:05.070+0000] {logging_mixin.py:190} INFO - [2024-11-25T10:00:05.070+0000] {dag.py:4180} INFO - Setting next_dagrun for example_short_circuit_operator to None, run_after=None
[2024-11-25T10:00:05.096+0000] {processor.py:208} INFO - Processing /home/airflow/.local/lib/python3.12/site-packages/airflow/example_dags/example_short_circuit_operator.py took 0.086 seconds
[2024-11-25T10:00:35.538+0000] {processor.py:186} INFO - Started process (PID=6656) to work on /home/airflow/.local/lib/python3.12/site-packages/airflow/example_dags/example_short_circuit_operator.py
[2024-11-25T10:00:35.540+0000] {processor.py:914} INFO - Processing file /home/airflow/.local/lib/python3.12/site-packages/airflow/example_dags/example_short_circuit_operator.py for tasks to queue
[2024-11-25T10:00:35.541+0000] {logging_mixin.py:190} INFO - [2024-11-25T10:00:35.541+0000] {dagbag.py:588} INFO - Filling up the DagBag from /home/airflow/.local/lib/python3.12/site-packages/airflow/example_dags/example_short_circuit_operator.py
[2024-11-25T10:00:35.552+0000] {processor.py:925} INFO - DAG(s) 'example_short_circuit_operator' retrieved from /home/airflow/.local/lib/python3.12/site-packages/airflow/example_dags/example_short_circuit_operator.py
[2024-11-25T10:00:35.580+0000] {logging_mixin.py:190} INFO - [2024-11-25T10:00:35.580+0000] {dag.py:3239} INFO - Sync 1 DAGs
[2024-11-25T10:00:35.597+0000] {logging_mixin.py:190} INFO - [2024-11-25T10:00:35.597+0000] {dag.py:4180} INFO - Setting next_dagrun for example_short_circuit_operator to None, run_after=None
[2024-11-25T10:00:35.623+0000] {processor.py:208} INFO - Processing /home/airflow/.local/lib/python3.12/site-packages/airflow/example_dags/example_short_circuit_operator.py took 0.091 seconds
[2024-11-25T10:01:06.545+0000] {processor.py:186} INFO - Started process (PID=6952) to work on /home/airflow/.local/lib/python3.12/site-packages/airflow/example_dags/example_short_circuit_operator.py
[2024-11-25T10:01:06.546+0000] {processor.py:914} INFO - Processing file /home/airflow/.local/lib/python3.12/site-packages/airflow/example_dags/example_short_circuit_operator.py for tasks to queue
[2024-11-25T10:01:06.547+0000] {logging_mixin.py:190} INFO - [2024-11-25T10:01:06.547+0000] {dagbag.py:588} INFO - Filling up the DagBag from /home/airflow/.local/lib/python3.12/site-packages/airflow/example_dags/example_short_circuit_operator.py
[2024-11-25T10:01:06.557+0000] {processor.py:925} INFO - DAG(s) 'example_short_circuit_operator' retrieved from /home/airflow/.local/lib/python3.12/site-packages/airflow/example_dags/example_short_circuit_operator.py
[2024-11-25T10:01:06.588+0000] {logging_mixin.py:190} INFO - [2024-11-25T10:01:06.587+0000] {dag.py:3239} INFO - Sync 1 DAGs
[2024-11-25T10:01:06.603+0000] {logging_mixin.py:190} INFO - [2024-11-25T10:01:06.603+0000] {dag.py:4180} INFO - Setting next_dagrun for example_short_circuit_operator to None, run_after=None
[2024-11-25T10:01:06.625+0000] {processor.py:208} INFO - Processing /home/airflow/.local/lib/python3.12/site-packages/airflow/example_dags/example_short_circuit_operator.py took 0.087 seconds
[2024-11-25T10:01:36.720+0000] {processor.py:186} INFO - Started process (PID=7248) to work on /home/airflow/.local/lib/python3.12/site-packages/airflow/example_dags/example_short_circuit_operator.py
[2024-11-25T10:01:36.721+0000] {processor.py:914} INFO - Processing file /home/airflow/.local/lib/python3.12/site-packages/airflow/example_dags/example_short_circuit_operator.py for tasks to queue
[2024-11-25T10:01:36.723+0000] {logging_mixin.py:190} INFO - [2024-11-25T10:01:36.723+0000] {dagbag.py:588} INFO - Filling up the DagBag from /home/airflow/.local/lib/python3.12/site-packages/airflow/example_dags/example_short_circuit_operator.py
[2024-11-25T10:01:36.734+0000] {processor.py:925} INFO - DAG(s) 'example_short_circuit_operator' retrieved from /home/airflow/.local/lib/python3.12/site-packages/airflow/example_dags/example_short_circuit_operator.py
[2024-11-25T10:01:36.764+0000] {logging_mixin.py:190} INFO - [2024-11-25T10:01:36.763+0000] {dag.py:3239} INFO - Sync 1 DAGs
[2024-11-25T10:01:36.780+0000] {logging_mixin.py:190} INFO - [2024-11-25T10:01:36.780+0000] {dag.py:4180} INFO - Setting next_dagrun for example_short_circuit_operator to None, run_after=None
[2024-11-25T10:01:36.804+0000] {processor.py:208} INFO - Processing /home/airflow/.local/lib/python3.12/site-packages/airflow/example_dags/example_short_circuit_operator.py took 0.090 seconds
[2024-11-25T10:02:07.447+0000] {processor.py:186} INFO - Started process (PID=7544) to work on /home/airflow/.local/lib/python3.12/site-packages/airflow/example_dags/example_short_circuit_operator.py
[2024-11-25T10:02:07.448+0000] {processor.py:914} INFO - Processing file /home/airflow/.local/lib/python3.12/site-packages/airflow/example_dags/example_short_circuit_operator.py for tasks to queue
[2024-11-25T10:02:07.449+0000] {logging_mixin.py:190} INFO - [2024-11-25T10:02:07.449+0000] {dagbag.py:588} INFO - Filling up the DagBag from /home/airflow/.local/lib/python3.12/site-packages/airflow/example_dags/example_short_circuit_operator.py
[2024-11-25T10:02:07.461+0000] {processor.py:925} INFO - DAG(s) 'example_short_circuit_operator' retrieved from /home/airflow/.local/lib/python3.12/site-packages/airflow/example_dags/example_short_circuit_operator.py
[2024-11-25T10:02:07.485+0000] {logging_mixin.py:190} INFO - [2024-11-25T10:02:07.485+0000] {dag.py:3239} INFO - Sync 1 DAGs
[2024-11-25T10:02:07.505+0000] {logging_mixin.py:190} INFO - [2024-11-25T10:02:07.505+0000] {dag.py:4180} INFO - Setting next_dagrun for example_short_circuit_operator to None, run_after=None
[2024-11-25T10:02:07.528+0000] {processor.py:208} INFO - Processing /home/airflow/.local/lib/python3.12/site-packages/airflow/example_dags/example_short_circuit_operator.py took 0.088 seconds
[2024-11-25T10:02:38.366+0000] {processor.py:186} INFO - Started process (PID=7840) to work on /home/airflow/.local/lib/python3.12/site-packages/airflow/example_dags/example_short_circuit_operator.py
[2024-11-25T10:02:38.367+0000] {processor.py:914} INFO - Processing file /home/airflow/.local/lib/python3.12/site-packages/airflow/example_dags/example_short_circuit_operator.py for tasks to queue
[2024-11-25T10:02:38.369+0000] {logging_mixin.py:190} INFO - [2024-11-25T10:02:38.369+0000] {dagbag.py:588} INFO - Filling up the DagBag from /home/airflow/.local/lib/python3.12/site-packages/airflow/example_dags/example_short_circuit_operator.py
[2024-11-25T10:02:38.382+0000] {processor.py:925} INFO - DAG(s) 'example_short_circuit_operator' retrieved from /home/airflow/.local/lib/python3.12/site-packages/airflow/example_dags/example_short_circuit_operator.py
[2024-11-25T10:02:38.412+0000] {logging_mixin.py:190} INFO - [2024-11-25T10:02:38.411+0000] {dag.py:3239} INFO - Sync 1 DAGs
[2024-11-25T10:02:38.433+0000] {logging_mixin.py:190} INFO - [2024-11-25T10:02:38.433+0000] {dag.py:4180} INFO - Setting next_dagrun for example_short_circuit_operator to None, run_after=None
[2024-11-25T10:02:38.456+0000] {processor.py:208} INFO - Processing /home/airflow/.local/lib/python3.12/site-packages/airflow/example_dags/example_short_circuit_operator.py took 0.100 seconds
[2024-11-25T10:03:10.598+0000] {processor.py:186} INFO - Started process (PID=8147) to work on /home/airflow/.local/lib/python3.12/site-packages/airflow/example_dags/example_short_circuit_operator.py
[2024-11-25T10:03:10.600+0000] {processor.py:914} INFO - Processing file /home/airflow/.local/lib/python3.12/site-packages/airflow/example_dags/example_short_circuit_operator.py for tasks to queue
[2024-11-25T10:03:10.603+0000] {logging_mixin.py:190} INFO - [2024-11-25T10:03:10.602+0000] {dagbag.py:588} INFO - Filling up the DagBag from /home/airflow/.local/lib/python3.12/site-packages/airflow/example_dags/example_short_circuit_operator.py
[2024-11-25T10:03:10.622+0000] {processor.py:925} INFO - DAG(s) 'example_short_circuit_operator' retrieved from /home/airflow/.local/lib/python3.12/site-packages/airflow/example_dags/example_short_circuit_operator.py
[2024-11-25T10:03:10.666+0000] {logging_mixin.py:190} INFO - [2024-11-25T10:03:10.665+0000] {dag.py:3239} INFO - Sync 1 DAGs
[2024-11-25T10:03:10.759+0000] {logging_mixin.py:190} INFO - [2024-11-25T10:03:10.759+0000] {dag.py:4180} INFO - Setting next_dagrun for example_short_circuit_operator to None, run_after=None
[2024-11-25T10:03:10.859+0000] {processor.py:208} INFO - Processing /home/airflow/.local/lib/python3.12/site-packages/airflow/example_dags/example_short_circuit_operator.py took 0.272 seconds
[2024-11-25T10:03:41.804+0000] {processor.py:186} INFO - Started process (PID=8440) to work on /home/airflow/.local/lib/python3.12/site-packages/airflow/example_dags/example_short_circuit_operator.py
[2024-11-25T10:03:41.805+0000] {processor.py:914} INFO - Processing file /home/airflow/.local/lib/python3.12/site-packages/airflow/example_dags/example_short_circuit_operator.py for tasks to queue
[2024-11-25T10:03:41.807+0000] {logging_mixin.py:190} INFO - [2024-11-25T10:03:41.806+0000] {dagbag.py:588} INFO - Filling up the DagBag from /home/airflow/.local/lib/python3.12/site-packages/airflow/example_dags/example_short_circuit_operator.py
[2024-11-25T10:03:41.819+0000] {processor.py:925} INFO - DAG(s) 'example_short_circuit_operator' retrieved from /home/airflow/.local/lib/python3.12/site-packages/airflow/example_dags/example_short_circuit_operator.py
[2024-11-25T10:03:41.850+0000] {logging_mixin.py:190} INFO - [2024-11-25T10:03:41.849+0000] {dag.py:3239} INFO - Sync 1 DAGs
[2024-11-25T10:03:41.867+0000] {logging_mixin.py:190} INFO - [2024-11-25T10:03:41.866+0000] {dag.py:4180} INFO - Setting next_dagrun for example_short_circuit_operator to None, run_after=None
[2024-11-25T10:03:41.893+0000] {processor.py:208} INFO - Processing /home/airflow/.local/lib/python3.12/site-packages/airflow/example_dags/example_short_circuit_operator.py took 0.097 seconds
[2024-11-25T10:04:12.317+0000] {processor.py:186} INFO - Started process (PID=8739) to work on /home/airflow/.local/lib/python3.12/site-packages/airflow/example_dags/example_short_circuit_operator.py
[2024-11-25T10:04:12.318+0000] {processor.py:914} INFO - Processing file /home/airflow/.local/lib/python3.12/site-packages/airflow/example_dags/example_short_circuit_operator.py for tasks to queue
[2024-11-25T10:04:12.320+0000] {logging_mixin.py:190} INFO - [2024-11-25T10:04:12.319+0000] {dagbag.py:588} INFO - Filling up the DagBag from /home/airflow/.local/lib/python3.12/site-packages/airflow/example_dags/example_short_circuit_operator.py
[2024-11-25T10:04:12.332+0000] {processor.py:925} INFO - DAG(s) 'example_short_circuit_operator' retrieved from /home/airflow/.local/lib/python3.12/site-packages/airflow/example_dags/example_short_circuit_operator.py
[2024-11-25T10:04:12.361+0000] {logging_mixin.py:190} INFO - [2024-11-25T10:04:12.360+0000] {dag.py:3239} INFO - Sync 1 DAGs
[2024-11-25T10:04:12.379+0000] {logging_mixin.py:190} INFO - [2024-11-25T10:04:12.378+0000] {dag.py:4180} INFO - Setting next_dagrun for example_short_circuit_operator to None, run_after=None
[2024-11-25T10:04:12.402+0000] {processor.py:208} INFO - Processing /home/airflow/.local/lib/python3.12/site-packages/airflow/example_dags/example_short_circuit_operator.py took 0.093 seconds
[2024-11-25T10:04:43.354+0000] {processor.py:186} INFO - Started process (PID=9035) to work on /home/airflow/.local/lib/python3.12/site-packages/airflow/example_dags/example_short_circuit_operator.py
[2024-11-25T10:04:43.355+0000] {processor.py:914} INFO - Processing file /home/airflow/.local/lib/python3.12/site-packages/airflow/example_dags/example_short_circuit_operator.py for tasks to queue
[2024-11-25T10:04:43.357+0000] {logging_mixin.py:190} INFO - [2024-11-25T10:04:43.357+0000] {dagbag.py:588} INFO - Filling up the DagBag from /home/airflow/.local/lib/python3.12/site-packages/airflow/example_dags/example_short_circuit_operator.py
[2024-11-25T10:04:43.369+0000] {processor.py:925} INFO - DAG(s) 'example_short_circuit_operator' retrieved from /home/airflow/.local/lib/python3.12/site-packages/airflow/example_dags/example_short_circuit_operator.py
[2024-11-25T10:04:43.397+0000] {logging_mixin.py:190} INFO - [2024-11-25T10:04:43.397+0000] {dag.py:3239} INFO - Sync 1 DAGs
[2024-11-25T10:04:43.413+0000] {logging_mixin.py:190} INFO - [2024-11-25T10:04:43.413+0000] {dag.py:4180} INFO - Setting next_dagrun for example_short_circuit_operator to None, run_after=None
[2024-11-25T10:04:43.434+0000] {processor.py:208} INFO - Processing /home/airflow/.local/lib/python3.12/site-packages/airflow/example_dags/example_short_circuit_operator.py took 0.087 seconds
[2024-11-25T10:05:13.849+0000] {processor.py:186} INFO - Started process (PID=9329) to work on /home/airflow/.local/lib/python3.12/site-packages/airflow/example_dags/example_short_circuit_operator.py
[2024-11-25T10:05:13.854+0000] {processor.py:914} INFO - Processing file /home/airflow/.local/lib/python3.12/site-packages/airflow/example_dags/example_short_circuit_operator.py for tasks to queue
[2024-11-25T10:05:13.857+0000] {logging_mixin.py:190} INFO - [2024-11-25T10:05:13.856+0000] {dagbag.py:588} INFO - Filling up the DagBag from /home/airflow/.local/lib/python3.12/site-packages/airflow/example_dags/example_short_circuit_operator.py
[2024-11-25T10:05:13.878+0000] {processor.py:925} INFO - DAG(s) 'example_short_circuit_operator' retrieved from /home/airflow/.local/lib/python3.12/site-packages/airflow/example_dags/example_short_circuit_operator.py
[2024-11-25T10:05:13.923+0000] {logging_mixin.py:190} INFO - [2024-11-25T10:05:13.922+0000] {dag.py:3239} INFO - Sync 1 DAGs
[2024-11-25T10:05:13.961+0000] {logging_mixin.py:190} INFO - [2024-11-25T10:05:13.961+0000] {dag.py:4180} INFO - Setting next_dagrun for example_short_circuit_operator to None, run_after=None
[2024-11-25T10:05:13.996+0000] {processor.py:208} INFO - Processing /home/airflow/.local/lib/python3.12/site-packages/airflow/example_dags/example_short_circuit_operator.py took 0.167 seconds
[2024-11-25T10:05:44.435+0000] {processor.py:186} INFO - Started process (PID=9620) to work on /home/airflow/.local/lib/python3.12/site-packages/airflow/example_dags/example_short_circuit_operator.py
[2024-11-25T10:05:44.436+0000] {processor.py:914} INFO - Processing file /home/airflow/.local/lib/python3.12/site-packages/airflow/example_dags/example_short_circuit_operator.py for tasks to queue
[2024-11-25T10:05:44.437+0000] {logging_mixin.py:190} INFO - [2024-11-25T10:05:44.437+0000] {dagbag.py:588} INFO - Filling up the DagBag from /home/airflow/.local/lib/python3.12/site-packages/airflow/example_dags/example_short_circuit_operator.py
[2024-11-25T10:05:44.451+0000] {processor.py:925} INFO - DAG(s) 'example_short_circuit_operator' retrieved from /home/airflow/.local/lib/python3.12/site-packages/airflow/example_dags/example_short_circuit_operator.py
[2024-11-25T10:05:44.482+0000] {logging_mixin.py:190} INFO - [2024-11-25T10:05:44.482+0000] {dag.py:3239} INFO - Sync 1 DAGs
[2024-11-25T10:05:44.502+0000] {logging_mixin.py:190} INFO - [2024-11-25T10:05:44.502+0000] {dag.py:4180} INFO - Setting next_dagrun for example_short_circuit_operator to None, run_after=None
[2024-11-25T10:05:44.532+0000] {processor.py:208} INFO - Processing /home/airflow/.local/lib/python3.12/site-packages/airflow/example_dags/example_short_circuit_operator.py took 0.104 seconds
[2024-11-25T10:06:15.916+0000] {processor.py:186} INFO - Started process (PID=9928) to work on /home/airflow/.local/lib/python3.12/site-packages/airflow/example_dags/example_short_circuit_operator.py
[2024-11-25T10:06:15.917+0000] {processor.py:914} INFO - Processing file /home/airflow/.local/lib/python3.12/site-packages/airflow/example_dags/example_short_circuit_operator.py for tasks to queue
[2024-11-25T10:06:15.919+0000] {logging_mixin.py:190} INFO - [2024-11-25T10:06:15.918+0000] {dagbag.py:588} INFO - Filling up the DagBag from /home/airflow/.local/lib/python3.12/site-packages/airflow/example_dags/example_short_circuit_operator.py
[2024-11-25T10:06:15.930+0000] {processor.py:925} INFO - DAG(s) 'example_short_circuit_operator' retrieved from /home/airflow/.local/lib/python3.12/site-packages/airflow/example_dags/example_short_circuit_operator.py
[2024-11-25T10:06:15.959+0000] {logging_mixin.py:190} INFO - [2024-11-25T10:06:15.959+0000] {dag.py:3239} INFO - Sync 1 DAGs
[2024-11-25T10:06:15.988+0000] {logging_mixin.py:190} INFO - [2024-11-25T10:06:15.987+0000] {dag.py:4180} INFO - Setting next_dagrun for example_short_circuit_operator to None, run_after=None
[2024-11-25T10:06:16.014+0000] {processor.py:208} INFO - Processing /home/airflow/.local/lib/python3.12/site-packages/airflow/example_dags/example_short_circuit_operator.py took 0.105 seconds
[2024-11-25T10:06:46.857+0000] {processor.py:186} INFO - Started process (PID=10222) to work on /home/airflow/.local/lib/python3.12/site-packages/airflow/example_dags/example_short_circuit_operator.py
[2024-11-25T10:06:46.859+0000] {processor.py:914} INFO - Processing file /home/airflow/.local/lib/python3.12/site-packages/airflow/example_dags/example_short_circuit_operator.py for tasks to queue
[2024-11-25T10:06:46.861+0000] {logging_mixin.py:190} INFO - [2024-11-25T10:06:46.861+0000] {dagbag.py:588} INFO - Filling up the DagBag from /home/airflow/.local/lib/python3.12/site-packages/airflow/example_dags/example_short_circuit_operator.py
[2024-11-25T10:06:46.873+0000] {processor.py:925} INFO - DAG(s) 'example_short_circuit_operator' retrieved from /home/airflow/.local/lib/python3.12/site-packages/airflow/example_dags/example_short_circuit_operator.py
[2024-11-25T10:06:46.904+0000] {logging_mixin.py:190} INFO - [2024-11-25T10:06:46.904+0000] {dag.py:3239} INFO - Sync 1 DAGs
[2024-11-25T10:06:46.922+0000] {logging_mixin.py:190} INFO - [2024-11-25T10:06:46.921+0000] {dag.py:4180} INFO - Setting next_dagrun for example_short_circuit_operator to None, run_after=None
[2024-11-25T10:06:46.953+0000] {processor.py:208} INFO - Processing /home/airflow/.local/lib/python3.12/site-packages/airflow/example_dags/example_short_circuit_operator.py took 0.103 seconds
[2024-11-25T10:07:17.154+0000] {processor.py:186} INFO - Started process (PID=10515) to work on /home/airflow/.local/lib/python3.12/site-packages/airflow/example_dags/example_short_circuit_operator.py
[2024-11-25T10:07:17.155+0000] {processor.py:914} INFO - Processing file /home/airflow/.local/lib/python3.12/site-packages/airflow/example_dags/example_short_circuit_operator.py for tasks to queue
[2024-11-25T10:07:17.157+0000] {logging_mixin.py:190} INFO - [2024-11-25T10:07:17.156+0000] {dagbag.py:588} INFO - Filling up the DagBag from /home/airflow/.local/lib/python3.12/site-packages/airflow/example_dags/example_short_circuit_operator.py
[2024-11-25T10:07:17.170+0000] {processor.py:925} INFO - DAG(s) 'example_short_circuit_operator' retrieved from /home/airflow/.local/lib/python3.12/site-packages/airflow/example_dags/example_short_circuit_operator.py
[2024-11-25T10:07:17.202+0000] {logging_mixin.py:190} INFO - [2024-11-25T10:07:17.201+0000] {dag.py:3239} INFO - Sync 1 DAGs
[2024-11-25T10:07:17.221+0000] {logging_mixin.py:190} INFO - [2024-11-25T10:07:17.221+0000] {dag.py:4180} INFO - Setting next_dagrun for example_short_circuit_operator to None, run_after=None
[2024-11-25T10:07:17.249+0000] {processor.py:208} INFO - Processing /home/airflow/.local/lib/python3.12/site-packages/airflow/example_dags/example_short_circuit_operator.py took 0.102 seconds
[2024-11-25T10:07:48.034+0000] {processor.py:186} INFO - Started process (PID=10811) to work on /home/airflow/.local/lib/python3.12/site-packages/airflow/example_dags/example_short_circuit_operator.py
[2024-11-25T10:07:48.035+0000] {processor.py:914} INFO - Processing file /home/airflow/.local/lib/python3.12/site-packages/airflow/example_dags/example_short_circuit_operator.py for tasks to queue
[2024-11-25T10:07:48.037+0000] {logging_mixin.py:190} INFO - [2024-11-25T10:07:48.036+0000] {dagbag.py:588} INFO - Filling up the DagBag from /home/airflow/.local/lib/python3.12/site-packages/airflow/example_dags/example_short_circuit_operator.py
[2024-11-25T10:07:48.049+0000] {processor.py:925} INFO - DAG(s) 'example_short_circuit_operator' retrieved from /home/airflow/.local/lib/python3.12/site-packages/airflow/example_dags/example_short_circuit_operator.py
[2024-11-25T10:07:48.077+0000] {logging_mixin.py:190} INFO - [2024-11-25T10:07:48.077+0000] {dag.py:3239} INFO - Sync 1 DAGs
[2024-11-25T10:07:48.099+0000] {logging_mixin.py:190} INFO - [2024-11-25T10:07:48.099+0000] {dag.py:4180} INFO - Setting next_dagrun for example_short_circuit_operator to None, run_after=None
[2024-11-25T10:07:48.126+0000] {processor.py:208} INFO - Processing /home/airflow/.local/lib/python3.12/site-packages/airflow/example_dags/example_short_circuit_operator.py took 0.099 seconds
[2024-11-25T10:08:18.893+0000] {processor.py:186} INFO - Started process (PID=11107) to work on /home/airflow/.local/lib/python3.12/site-packages/airflow/example_dags/example_short_circuit_operator.py
[2024-11-25T10:08:18.894+0000] {processor.py:914} INFO - Processing file /home/airflow/.local/lib/python3.12/site-packages/airflow/example_dags/example_short_circuit_operator.py for tasks to queue
[2024-11-25T10:08:18.895+0000] {logging_mixin.py:190} INFO - [2024-11-25T10:08:18.895+0000] {dagbag.py:588} INFO - Filling up the DagBag from /home/airflow/.local/lib/python3.12/site-packages/airflow/example_dags/example_short_circuit_operator.py
[2024-11-25T10:08:18.907+0000] {processor.py:925} INFO - DAG(s) 'example_short_circuit_operator' retrieved from /home/airflow/.local/lib/python3.12/site-packages/airflow/example_dags/example_short_circuit_operator.py
[2024-11-25T10:08:18.934+0000] {logging_mixin.py:190} INFO - [2024-11-25T10:08:18.934+0000] {dag.py:3239} INFO - Sync 1 DAGs
[2024-11-25T10:08:18.952+0000] {logging_mixin.py:190} INFO - [2024-11-25T10:08:18.952+0000] {dag.py:4180} INFO - Setting next_dagrun for example_short_circuit_operator to None, run_after=None
[2024-11-25T10:08:18.975+0000] {processor.py:208} INFO - Processing /home/airflow/.local/lib/python3.12/site-packages/airflow/example_dags/example_short_circuit_operator.py took 0.090 seconds
[2024-11-25T10:08:49.312+0000] {processor.py:186} INFO - Started process (PID=11406) to work on /home/airflow/.local/lib/python3.12/site-packages/airflow/example_dags/example_short_circuit_operator.py
[2024-11-25T10:08:49.313+0000] {processor.py:914} INFO - Processing file /home/airflow/.local/lib/python3.12/site-packages/airflow/example_dags/example_short_circuit_operator.py for tasks to queue
[2024-11-25T10:08:49.315+0000] {logging_mixin.py:190} INFO - [2024-11-25T10:08:49.314+0000] {dagbag.py:588} INFO - Filling up the DagBag from /home/airflow/.local/lib/python3.12/site-packages/airflow/example_dags/example_short_circuit_operator.py
[2024-11-25T10:08:49.338+0000] {processor.py:925} INFO - DAG(s) 'example_short_circuit_operator' retrieved from /home/airflow/.local/lib/python3.12/site-packages/airflow/example_dags/example_short_circuit_operator.py
[2024-11-25T10:08:49.389+0000] {logging_mixin.py:190} INFO - [2024-11-25T10:08:49.388+0000] {dag.py:3239} INFO - Sync 1 DAGs
[2024-11-25T10:08:49.526+0000] {logging_mixin.py:190} INFO - [2024-11-25T10:08:49.525+0000] {dag.py:4180} INFO - Setting next_dagrun for example_short_circuit_operator to None, run_after=None
[2024-11-25T10:08:49.559+0000] {processor.py:208} INFO - Processing /home/airflow/.local/lib/python3.12/site-packages/airflow/example_dags/example_short_circuit_operator.py took 0.254 seconds
[2024-11-25T10:09:19.752+0000] {processor.py:186} INFO - Started process (PID=11707) to work on /home/airflow/.local/lib/python3.12/site-packages/airflow/example_dags/example_short_circuit_operator.py
[2024-11-25T10:09:19.754+0000] {processor.py:914} INFO - Processing file /home/airflow/.local/lib/python3.12/site-packages/airflow/example_dags/example_short_circuit_operator.py for tasks to queue
[2024-11-25T10:09:19.755+0000] {logging_mixin.py:190} INFO - [2024-11-25T10:09:19.755+0000] {dagbag.py:588} INFO - Filling up the DagBag from /home/airflow/.local/lib/python3.12/site-packages/airflow/example_dags/example_short_circuit_operator.py
[2024-11-25T10:09:19.767+0000] {processor.py:925} INFO - DAG(s) 'example_short_circuit_operator' retrieved from /home/airflow/.local/lib/python3.12/site-packages/airflow/example_dags/example_short_circuit_operator.py
[2024-11-25T10:09:19.795+0000] {logging_mixin.py:190} INFO - [2024-11-25T10:09:19.795+0000] {dag.py:3239} INFO - Sync 1 DAGs
[2024-11-25T10:09:19.812+0000] {logging_mixin.py:190} INFO - [2024-11-25T10:09:19.812+0000] {dag.py:4180} INFO - Setting next_dagrun for example_short_circuit_operator to None, run_after=None
[2024-11-25T10:09:19.836+0000] {processor.py:208} INFO - Processing /home/airflow/.local/lib/python3.12/site-packages/airflow/example_dags/example_short_circuit_operator.py took 0.090 seconds
[2024-11-25T10:09:49.954+0000] {processor.py:186} INFO - Started process (PID=12001) to work on /home/airflow/.local/lib/python3.12/site-packages/airflow/example_dags/example_short_circuit_operator.py
[2024-11-25T10:09:49.955+0000] {processor.py:914} INFO - Processing file /home/airflow/.local/lib/python3.12/site-packages/airflow/example_dags/example_short_circuit_operator.py for tasks to queue
[2024-11-25T10:09:49.957+0000] {logging_mixin.py:190} INFO - [2024-11-25T10:09:49.956+0000] {dagbag.py:588} INFO - Filling up the DagBag from /home/airflow/.local/lib/python3.12/site-packages/airflow/example_dags/example_short_circuit_operator.py
[2024-11-25T10:09:49.969+0000] {processor.py:925} INFO - DAG(s) 'example_short_circuit_operator' retrieved from /home/airflow/.local/lib/python3.12/site-packages/airflow/example_dags/example_short_circuit_operator.py
[2024-11-25T10:09:50.003+0000] {logging_mixin.py:190} INFO - [2024-11-25T10:09:50.003+0000] {dag.py:3239} INFO - Sync 1 DAGs
[2024-11-25T10:09:50.022+0000] {logging_mixin.py:190} INFO - [2024-11-25T10:09:50.022+0000] {dag.py:4180} INFO - Setting next_dagrun for example_short_circuit_operator to None, run_after=None
[2024-11-25T10:09:50.048+0000] {processor.py:208} INFO - Processing /home/airflow/.local/lib/python3.12/site-packages/airflow/example_dags/example_short_circuit_operator.py took 0.102 seconds
[2024-11-25T10:10:20.538+0000] {processor.py:186} INFO - Started process (PID=12297) to work on /home/airflow/.local/lib/python3.12/site-packages/airflow/example_dags/example_short_circuit_operator.py
[2024-11-25T10:10:20.539+0000] {processor.py:914} INFO - Processing file /home/airflow/.local/lib/python3.12/site-packages/airflow/example_dags/example_short_circuit_operator.py for tasks to queue
[2024-11-25T10:10:20.540+0000] {logging_mixin.py:190} INFO - [2024-11-25T10:10:20.540+0000] {dagbag.py:588} INFO - Filling up the DagBag from /home/airflow/.local/lib/python3.12/site-packages/airflow/example_dags/example_short_circuit_operator.py
[2024-11-25T10:10:20.551+0000] {processor.py:925} INFO - DAG(s) 'example_short_circuit_operator' retrieved from /home/airflow/.local/lib/python3.12/site-packages/airflow/example_dags/example_short_circuit_operator.py
[2024-11-25T10:10:20.580+0000] {logging_mixin.py:190} INFO - [2024-11-25T10:10:20.580+0000] {dag.py:3239} INFO - Sync 1 DAGs
[2024-11-25T10:10:20.597+0000] {logging_mixin.py:190} INFO - [2024-11-25T10:10:20.597+0000] {dag.py:4180} INFO - Setting next_dagrun for example_short_circuit_operator to None, run_after=None
[2024-11-25T10:10:20.624+0000] {processor.py:208} INFO - Processing /home/airflow/.local/lib/python3.12/site-packages/airflow/example_dags/example_short_circuit_operator.py took 0.093 seconds
[2024-11-25T10:10:51.295+0000] {processor.py:186} INFO - Started process (PID=12593) to work on /home/airflow/.local/lib/python3.12/site-packages/airflow/example_dags/example_short_circuit_operator.py
[2024-11-25T10:10:51.297+0000] {processor.py:914} INFO - Processing file /home/airflow/.local/lib/python3.12/site-packages/airflow/example_dags/example_short_circuit_operator.py for tasks to queue
[2024-11-25T10:10:51.300+0000] {logging_mixin.py:190} INFO - [2024-11-25T10:10:51.300+0000] {dagbag.py:588} INFO - Filling up the DagBag from /home/airflow/.local/lib/python3.12/site-packages/airflow/example_dags/example_short_circuit_operator.py
[2024-11-25T10:10:51.336+0000] {processor.py:925} INFO - DAG(s) 'example_short_circuit_operator' retrieved from /home/airflow/.local/lib/python3.12/site-packages/airflow/example_dags/example_short_circuit_operator.py
[2024-11-25T10:10:51.409+0000] {logging_mixin.py:190} INFO - [2024-11-25T10:10:51.408+0000] {dag.py:3239} INFO - Sync 1 DAGs
[2024-11-25T10:10:51.438+0000] {logging_mixin.py:190} INFO - [2024-11-25T10:10:51.438+0000] {dag.py:4180} INFO - Setting next_dagrun for example_short_circuit_operator to None, run_after=None
[2024-11-25T10:10:51.475+0000] {processor.py:208} INFO - Processing /home/airflow/.local/lib/python3.12/site-packages/airflow/example_dags/example_short_circuit_operator.py took 0.195 seconds
[2024-11-25T10:11:21.685+0000] {processor.py:186} INFO - Started process (PID=12889) to work on /home/airflow/.local/lib/python3.12/site-packages/airflow/example_dags/example_short_circuit_operator.py
[2024-11-25T10:11:21.686+0000] {processor.py:914} INFO - Processing file /home/airflow/.local/lib/python3.12/site-packages/airflow/example_dags/example_short_circuit_operator.py for tasks to queue
[2024-11-25T10:11:21.688+0000] {logging_mixin.py:190} INFO - [2024-11-25T10:11:21.688+0000] {dagbag.py:588} INFO - Filling up the DagBag from /home/airflow/.local/lib/python3.12/site-packages/airflow/example_dags/example_short_circuit_operator.py
[2024-11-25T10:11:21.700+0000] {processor.py:925} INFO - DAG(s) 'example_short_circuit_operator' retrieved from /home/airflow/.local/lib/python3.12/site-packages/airflow/example_dags/example_short_circuit_operator.py
[2024-11-25T10:11:21.728+0000] {logging_mixin.py:190} INFO - [2024-11-25T10:11:21.728+0000] {dag.py:3239} INFO - Sync 1 DAGs
[2024-11-25T10:11:21.746+0000] {logging_mixin.py:190} INFO - [2024-11-25T10:11:21.746+0000] {dag.py:4180} INFO - Setting next_dagrun for example_short_circuit_operator to None, run_after=None
[2024-11-25T10:11:21.770+0000] {processor.py:208} INFO - Processing /home/airflow/.local/lib/python3.12/site-packages/airflow/example_dags/example_short_circuit_operator.py took 0.092 seconds
