[2024-11-25T09:49:40.020+0000] {processor.py:186} INFO - Started process (PID=270) to work on /home/airflow/.local/lib/python3.12/site-packages/airflow/example_dags/example_branch_labels.py
[2024-11-25T09:49:40.022+0000] {processor.py:914} INFO - Processing file /home/airflow/.local/lib/python3.12/site-packages/airflow/example_dags/example_branch_labels.py for tasks to queue
[2024-11-25T09:49:40.026+0000] {logging_mixin.py:190} INFO - [2024-11-25T09:49:40.025+0000] {dagbag.py:588} INFO - Filling up the DagBag from /home/airflow/.local/lib/python3.12/site-packages/airflow/example_dags/example_branch_labels.py
[2024-11-25T09:49:40.043+0000] {processor.py:925} INFO - DAG(s) 'example_branch_labels' retrieved from /home/airflow/.local/lib/python3.12/site-packages/airflow/example_dags/example_branch_labels.py
[2024-11-25T09:49:40.160+0000] {logging_mixin.py:190} INFO - [2024-11-25T09:49:40.159+0000] {dag.py:3239} INFO - Sync 1 DAGs
[2024-11-25T09:49:40.284+0000] {logging_mixin.py:190} INFO - [2024-11-25T09:49:40.283+0000] {dag.py:4180} INFO - Setting next_dagrun for example_branch_labels to 2024-11-24 00:00:00+00:00, run_after=2024-11-25 00:00:00+00:00
[2024-11-25T09:49:40.325+0000] {processor.py:208} INFO - Processing /home/airflow/.local/lib/python3.12/site-packages/airflow/example_dags/example_branch_labels.py took 0.313 seconds
[2024-11-25T09:50:10.831+0000] {processor.py:186} INFO - Started process (PID=566) to work on /home/airflow/.local/lib/python3.12/site-packages/airflow/example_dags/example_branch_labels.py
[2024-11-25T09:50:10.832+0000] {processor.py:914} INFO - Processing file /home/airflow/.local/lib/python3.12/site-packages/airflow/example_dags/example_branch_labels.py for tasks to queue
[2024-11-25T09:50:10.835+0000] {logging_mixin.py:190} INFO - [2024-11-25T09:50:10.835+0000] {dagbag.py:588} INFO - Filling up the DagBag from /home/airflow/.local/lib/python3.12/site-packages/airflow/example_dags/example_branch_labels.py
[2024-11-25T09:50:10.900+0000] {processor.py:925} INFO - DAG(s) 'example_branch_labels' retrieved from /home/airflow/.local/lib/python3.12/site-packages/airflow/example_dags/example_branch_labels.py
[2024-11-25T09:50:10.979+0000] {logging_mixin.py:190} INFO - [2024-11-25T09:50:10.978+0000] {dag.py:3239} INFO - Sync 1 DAGs
[2024-11-25T09:50:11.057+0000] {logging_mixin.py:190} INFO - [2024-11-25T09:50:11.057+0000] {dag.py:4180} INFO - Setting next_dagrun for example_branch_labels to 2024-11-24 00:00:00+00:00, run_after=2024-11-25 00:00:00+00:00
[2024-11-25T09:50:11.093+0000] {processor.py:208} INFO - Processing /home/airflow/.local/lib/python3.12/site-packages/airflow/example_dags/example_branch_labels.py took 0.272 seconds
[2024-11-25T09:50:41.587+0000] {processor.py:186} INFO - Started process (PID=867) to work on /home/airflow/.local/lib/python3.12/site-packages/airflow/example_dags/example_branch_labels.py
[2024-11-25T09:50:41.590+0000] {processor.py:914} INFO - Processing file /home/airflow/.local/lib/python3.12/site-packages/airflow/example_dags/example_branch_labels.py for tasks to queue
[2024-11-25T09:50:41.593+0000] {logging_mixin.py:190} INFO - [2024-11-25T09:50:41.593+0000] {dagbag.py:588} INFO - Filling up the DagBag from /home/airflow/.local/lib/python3.12/site-packages/airflow/example_dags/example_branch_labels.py
[2024-11-25T09:50:41.647+0000] {processor.py:925} INFO - DAG(s) 'example_branch_labels' retrieved from /home/airflow/.local/lib/python3.12/site-packages/airflow/example_dags/example_branch_labels.py
[2024-11-25T09:50:41.690+0000] {logging_mixin.py:190} INFO - [2024-11-25T09:50:41.689+0000] {dag.py:3239} INFO - Sync 1 DAGs
[2024-11-25T09:50:41.726+0000] {logging_mixin.py:190} INFO - [2024-11-25T09:50:41.726+0000] {dag.py:4180} INFO - Setting next_dagrun for example_branch_labels to 2024-11-24 00:00:00+00:00, run_after=2024-11-25 00:00:00+00:00
[2024-11-25T09:50:41.749+0000] {processor.py:208} INFO - Processing /home/airflow/.local/lib/python3.12/site-packages/airflow/example_dags/example_branch_labels.py took 0.180 seconds
[2024-11-25T09:51:12.430+0000] {processor.py:186} INFO - Started process (PID=1173) to work on /home/airflow/.local/lib/python3.12/site-packages/airflow/example_dags/example_branch_labels.py
[2024-11-25T09:51:12.435+0000] {processor.py:914} INFO - Processing file /home/airflow/.local/lib/python3.12/site-packages/airflow/example_dags/example_branch_labels.py for tasks to queue
[2024-11-25T09:51:12.439+0000] {logging_mixin.py:190} INFO - [2024-11-25T09:51:12.438+0000] {dagbag.py:588} INFO - Filling up the DagBag from /home/airflow/.local/lib/python3.12/site-packages/airflow/example_dags/example_branch_labels.py
[2024-11-25T09:51:12.456+0000] {processor.py:925} INFO - DAG(s) 'example_branch_labels' retrieved from /home/airflow/.local/lib/python3.12/site-packages/airflow/example_dags/example_branch_labels.py
[2024-11-25T09:51:12.482+0000] {logging_mixin.py:190} INFO - [2024-11-25T09:51:12.482+0000] {dag.py:3239} INFO - Sync 1 DAGs
[2024-11-25T09:51:12.509+0000] {logging_mixin.py:190} INFO - [2024-11-25T09:51:12.509+0000] {dag.py:4180} INFO - Setting next_dagrun for example_branch_labels to 2024-11-24 00:00:00+00:00, run_after=2024-11-25 00:00:00+00:00
[2024-11-25T09:51:12.533+0000] {processor.py:208} INFO - Processing /home/airflow/.local/lib/python3.12/site-packages/airflow/example_dags/example_branch_labels.py took 0.111 seconds
[2024-11-25T09:51:42.652+0000] {processor.py:186} INFO - Started process (PID=1474) to work on /home/airflow/.local/lib/python3.12/site-packages/airflow/example_dags/example_branch_labels.py
[2024-11-25T09:51:42.653+0000] {processor.py:914} INFO - Processing file /home/airflow/.local/lib/python3.12/site-packages/airflow/example_dags/example_branch_labels.py for tasks to queue
[2024-11-25T09:51:42.655+0000] {logging_mixin.py:190} INFO - [2024-11-25T09:51:42.655+0000] {dagbag.py:588} INFO - Filling up the DagBag from /home/airflow/.local/lib/python3.12/site-packages/airflow/example_dags/example_branch_labels.py
[2024-11-25T09:51:42.681+0000] {processor.py:925} INFO - DAG(s) 'example_branch_labels' retrieved from /home/airflow/.local/lib/python3.12/site-packages/airflow/example_dags/example_branch_labels.py
[2024-11-25T09:51:42.709+0000] {logging_mixin.py:190} INFO - [2024-11-25T09:51:42.708+0000] {dag.py:3239} INFO - Sync 1 DAGs
[2024-11-25T09:51:42.748+0000] {logging_mixin.py:190} INFO - [2024-11-25T09:51:42.748+0000] {dag.py:4180} INFO - Setting next_dagrun for example_branch_labels to 2024-11-24 00:00:00+00:00, run_after=2024-11-25 00:00:00+00:00
[2024-11-25T09:51:42.785+0000] {processor.py:208} INFO - Processing /home/airflow/.local/lib/python3.12/site-packages/airflow/example_dags/example_branch_labels.py took 0.141 seconds
[2024-11-25T09:52:13.400+0000] {processor.py:186} INFO - Started process (PID=1770) to work on /home/airflow/.local/lib/python3.12/site-packages/airflow/example_dags/example_branch_labels.py
[2024-11-25T09:52:13.402+0000] {processor.py:914} INFO - Processing file /home/airflow/.local/lib/python3.12/site-packages/airflow/example_dags/example_branch_labels.py for tasks to queue
[2024-11-25T09:52:13.405+0000] {logging_mixin.py:190} INFO - [2024-11-25T09:52:13.404+0000] {dagbag.py:588} INFO - Filling up the DagBag from /home/airflow/.local/lib/python3.12/site-packages/airflow/example_dags/example_branch_labels.py
[2024-11-25T09:52:13.442+0000] {processor.py:925} INFO - DAG(s) 'example_branch_labels' retrieved from /home/airflow/.local/lib/python3.12/site-packages/airflow/example_dags/example_branch_labels.py
[2024-11-25T09:52:13.488+0000] {logging_mixin.py:190} INFO - [2024-11-25T09:52:13.487+0000] {dag.py:3239} INFO - Sync 1 DAGs
[2024-11-25T09:52:13.572+0000] {logging_mixin.py:190} INFO - [2024-11-25T09:52:13.571+0000] {dag.py:4180} INFO - Setting next_dagrun for example_branch_labels to 2024-11-24 00:00:00+00:00, run_after=2024-11-25 00:00:00+00:00
[2024-11-25T09:52:13.613+0000] {processor.py:208} INFO - Processing /home/airflow/.local/lib/python3.12/site-packages/airflow/example_dags/example_branch_labels.py took 0.221 seconds
[2024-11-25T09:52:43.832+0000] {processor.py:186} INFO - Started process (PID=2066) to work on /home/airflow/.local/lib/python3.12/site-packages/airflow/example_dags/example_branch_labels.py
[2024-11-25T09:52:43.834+0000] {processor.py:914} INFO - Processing file /home/airflow/.local/lib/python3.12/site-packages/airflow/example_dags/example_branch_labels.py for tasks to queue
[2024-11-25T09:52:43.836+0000] {logging_mixin.py:190} INFO - [2024-11-25T09:52:43.836+0000] {dagbag.py:588} INFO - Filling up the DagBag from /home/airflow/.local/lib/python3.12/site-packages/airflow/example_dags/example_branch_labels.py
[2024-11-25T09:52:43.861+0000] {processor.py:925} INFO - DAG(s) 'example_branch_labels' retrieved from /home/airflow/.local/lib/python3.12/site-packages/airflow/example_dags/example_branch_labels.py
[2024-11-25T09:52:43.898+0000] {logging_mixin.py:190} INFO - [2024-11-25T09:52:43.897+0000] {dag.py:3239} INFO - Sync 1 DAGs
[2024-11-25T09:52:43.947+0000] {logging_mixin.py:190} INFO - [2024-11-25T09:52:43.946+0000] {dag.py:4180} INFO - Setting next_dagrun for example_branch_labels to 2024-11-24 00:00:00+00:00, run_after=2024-11-25 00:00:00+00:00
[2024-11-25T09:52:43.977+0000] {processor.py:208} INFO - Processing /home/airflow/.local/lib/python3.12/site-packages/airflow/example_dags/example_branch_labels.py took 0.155 seconds
[2024-11-25T09:53:14.469+0000] {processor.py:186} INFO - Started process (PID=2362) to work on /home/airflow/.local/lib/python3.12/site-packages/airflow/example_dags/example_branch_labels.py
[2024-11-25T09:53:14.470+0000] {processor.py:914} INFO - Processing file /home/airflow/.local/lib/python3.12/site-packages/airflow/example_dags/example_branch_labels.py for tasks to queue
[2024-11-25T09:53:14.472+0000] {logging_mixin.py:190} INFO - [2024-11-25T09:53:14.472+0000] {dagbag.py:588} INFO - Filling up the DagBag from /home/airflow/.local/lib/python3.12/site-packages/airflow/example_dags/example_branch_labels.py
[2024-11-25T09:53:14.484+0000] {processor.py:925} INFO - DAG(s) 'example_branch_labels' retrieved from /home/airflow/.local/lib/python3.12/site-packages/airflow/example_dags/example_branch_labels.py
[2024-11-25T09:53:14.508+0000] {logging_mixin.py:190} INFO - [2024-11-25T09:53:14.508+0000] {dag.py:3239} INFO - Sync 1 DAGs
[2024-11-25T09:53:14.537+0000] {logging_mixin.py:190} INFO - [2024-11-25T09:53:14.537+0000] {dag.py:4180} INFO - Setting next_dagrun for example_branch_labels to 2024-11-24 00:00:00+00:00, run_after=2024-11-25 00:00:00+00:00
[2024-11-25T09:53:14.562+0000] {processor.py:208} INFO - Processing /home/airflow/.local/lib/python3.12/site-packages/airflow/example_dags/example_branch_labels.py took 0.100 seconds
[2024-11-25T09:53:45.183+0000] {processor.py:186} INFO - Started process (PID=2658) to work on /home/airflow/.local/lib/python3.12/site-packages/airflow/example_dags/example_branch_labels.py
[2024-11-25T09:53:45.184+0000] {processor.py:914} INFO - Processing file /home/airflow/.local/lib/python3.12/site-packages/airflow/example_dags/example_branch_labels.py for tasks to queue
[2024-11-25T09:53:45.186+0000] {logging_mixin.py:190} INFO - [2024-11-25T09:53:45.186+0000] {dagbag.py:588} INFO - Filling up the DagBag from /home/airflow/.local/lib/python3.12/site-packages/airflow/example_dags/example_branch_labels.py
[2024-11-25T09:53:45.198+0000] {processor.py:925} INFO - DAG(s) 'example_branch_labels' retrieved from /home/airflow/.local/lib/python3.12/site-packages/airflow/example_dags/example_branch_labels.py
[2024-11-25T09:53:45.224+0000] {logging_mixin.py:190} INFO - [2024-11-25T09:53:45.224+0000] {dag.py:3239} INFO - Sync 1 DAGs
[2024-11-25T09:53:45.252+0000] {logging_mixin.py:190} INFO - [2024-11-25T09:53:45.252+0000] {dag.py:4180} INFO - Setting next_dagrun for example_branch_labels to 2024-11-24 00:00:00+00:00, run_after=2024-11-25 00:00:00+00:00
[2024-11-25T09:53:45.275+0000] {processor.py:208} INFO - Processing /home/airflow/.local/lib/python3.12/site-packages/airflow/example_dags/example_branch_labels.py took 0.097 seconds
[2024-11-25T09:54:15.520+0000] {processor.py:186} INFO - Started process (PID=2954) to work on /home/airflow/.local/lib/python3.12/site-packages/airflow/example_dags/example_branch_labels.py
[2024-11-25T09:54:15.522+0000] {processor.py:914} INFO - Processing file /home/airflow/.local/lib/python3.12/site-packages/airflow/example_dags/example_branch_labels.py for tasks to queue
[2024-11-25T09:54:15.524+0000] {logging_mixin.py:190} INFO - [2024-11-25T09:54:15.523+0000] {dagbag.py:588} INFO - Filling up the DagBag from /home/airflow/.local/lib/python3.12/site-packages/airflow/example_dags/example_branch_labels.py
[2024-11-25T09:54:15.535+0000] {processor.py:925} INFO - DAG(s) 'example_branch_labels' retrieved from /home/airflow/.local/lib/python3.12/site-packages/airflow/example_dags/example_branch_labels.py
[2024-11-25T09:54:15.561+0000] {logging_mixin.py:190} INFO - [2024-11-25T09:54:15.561+0000] {dag.py:3239} INFO - Sync 1 DAGs
[2024-11-25T09:54:15.587+0000] {logging_mixin.py:190} INFO - [2024-11-25T09:54:15.586+0000] {dag.py:4180} INFO - Setting next_dagrun for example_branch_labels to 2024-11-24 00:00:00+00:00, run_after=2024-11-25 00:00:00+00:00
[2024-11-25T09:54:15.611+0000] {processor.py:208} INFO - Processing /home/airflow/.local/lib/python3.12/site-packages/airflow/example_dags/example_branch_labels.py took 0.097 seconds
[2024-11-25T09:54:46.018+0000] {processor.py:186} INFO - Started process (PID=3250) to work on /home/airflow/.local/lib/python3.12/site-packages/airflow/example_dags/example_branch_labels.py
[2024-11-25T09:54:46.020+0000] {processor.py:914} INFO - Processing file /home/airflow/.local/lib/python3.12/site-packages/airflow/example_dags/example_branch_labels.py for tasks to queue
[2024-11-25T09:54:46.021+0000] {logging_mixin.py:190} INFO - [2024-11-25T09:54:46.021+0000] {dagbag.py:588} INFO - Filling up the DagBag from /home/airflow/.local/lib/python3.12/site-packages/airflow/example_dags/example_branch_labels.py
[2024-11-25T09:54:46.033+0000] {processor.py:925} INFO - DAG(s) 'example_branch_labels' retrieved from /home/airflow/.local/lib/python3.12/site-packages/airflow/example_dags/example_branch_labels.py
[2024-11-25T09:54:46.058+0000] {logging_mixin.py:190} INFO - [2024-11-25T09:54:46.058+0000] {dag.py:3239} INFO - Sync 1 DAGs
[2024-11-25T09:54:46.084+0000] {logging_mixin.py:190} INFO - [2024-11-25T09:54:46.084+0000] {dag.py:4180} INFO - Setting next_dagrun for example_branch_labels to 2024-11-24 00:00:00+00:00, run_after=2024-11-25 00:00:00+00:00
[2024-11-25T09:54:46.106+0000] {processor.py:208} INFO - Processing /home/airflow/.local/lib/python3.12/site-packages/airflow/example_dags/example_branch_labels.py took 0.094 seconds
[2024-11-25T09:55:16.773+0000] {processor.py:186} INFO - Started process (PID=3546) to work on /home/airflow/.local/lib/python3.12/site-packages/airflow/example_dags/example_branch_labels.py
[2024-11-25T09:55:16.774+0000] {processor.py:914} INFO - Processing file /home/airflow/.local/lib/python3.12/site-packages/airflow/example_dags/example_branch_labels.py for tasks to queue
[2024-11-25T09:55:16.776+0000] {logging_mixin.py:190} INFO - [2024-11-25T09:55:16.776+0000] {dagbag.py:588} INFO - Filling up the DagBag from /home/airflow/.local/lib/python3.12/site-packages/airflow/example_dags/example_branch_labels.py
[2024-11-25T09:55:16.792+0000] {processor.py:925} INFO - DAG(s) 'example_branch_labels' retrieved from /home/airflow/.local/lib/python3.12/site-packages/airflow/example_dags/example_branch_labels.py
[2024-11-25T09:55:16.822+0000] {logging_mixin.py:190} INFO - [2024-11-25T09:55:16.822+0000] {dag.py:3239} INFO - Sync 1 DAGs
[2024-11-25T09:55:16.855+0000] {logging_mixin.py:190} INFO - [2024-11-25T09:55:16.855+0000] {dag.py:4180} INFO - Setting next_dagrun for example_branch_labels to 2024-11-24 00:00:00+00:00, run_after=2024-11-25 00:00:00+00:00
[2024-11-25T09:55:16.882+0000] {processor.py:208} INFO - Processing /home/airflow/.local/lib/python3.12/site-packages/airflow/example_dags/example_branch_labels.py took 0.116 seconds
[2024-11-25T09:55:47.149+0000] {processor.py:186} INFO - Started process (PID=3843) to work on /home/airflow/.local/lib/python3.12/site-packages/airflow/example_dags/example_branch_labels.py
[2024-11-25T09:55:47.150+0000] {processor.py:914} INFO - Processing file /home/airflow/.local/lib/python3.12/site-packages/airflow/example_dags/example_branch_labels.py for tasks to queue
[2024-11-25T09:55:47.151+0000] {logging_mixin.py:190} INFO - [2024-11-25T09:55:47.151+0000] {dagbag.py:588} INFO - Filling up the DagBag from /home/airflow/.local/lib/python3.12/site-packages/airflow/example_dags/example_branch_labels.py
[2024-11-25T09:55:47.163+0000] {processor.py:925} INFO - DAG(s) 'example_branch_labels' retrieved from /home/airflow/.local/lib/python3.12/site-packages/airflow/example_dags/example_branch_labels.py
[2024-11-25T09:55:47.186+0000] {logging_mixin.py:190} INFO - [2024-11-25T09:55:47.186+0000] {dag.py:3239} INFO - Sync 1 DAGs
[2024-11-25T09:55:47.213+0000] {logging_mixin.py:190} INFO - [2024-11-25T09:55:47.213+0000] {dag.py:4180} INFO - Setting next_dagrun for example_branch_labels to 2024-11-24 00:00:00+00:00, run_after=2024-11-25 00:00:00+00:00
[2024-11-25T09:55:47.238+0000] {processor.py:208} INFO - Processing /home/airflow/.local/lib/python3.12/site-packages/airflow/example_dags/example_branch_labels.py took 0.095 seconds
[2024-11-25T09:56:18.013+0000] {processor.py:186} INFO - Started process (PID=4139) to work on /home/airflow/.local/lib/python3.12/site-packages/airflow/example_dags/example_branch_labels.py
[2024-11-25T09:56:18.014+0000] {processor.py:914} INFO - Processing file /home/airflow/.local/lib/python3.12/site-packages/airflow/example_dags/example_branch_labels.py for tasks to queue
[2024-11-25T09:56:18.016+0000] {logging_mixin.py:190} INFO - [2024-11-25T09:56:18.015+0000] {dagbag.py:588} INFO - Filling up the DagBag from /home/airflow/.local/lib/python3.12/site-packages/airflow/example_dags/example_branch_labels.py
[2024-11-25T09:56:18.027+0000] {processor.py:925} INFO - DAG(s) 'example_branch_labels' retrieved from /home/airflow/.local/lib/python3.12/site-packages/airflow/example_dags/example_branch_labels.py
[2024-11-25T09:56:18.054+0000] {logging_mixin.py:190} INFO - [2024-11-25T09:56:18.053+0000] {dag.py:3239} INFO - Sync 1 DAGs
[2024-11-25T09:56:18.082+0000] {logging_mixin.py:190} INFO - [2024-11-25T09:56:18.081+0000] {dag.py:4180} INFO - Setting next_dagrun for example_branch_labels to 2024-11-24 00:00:00+00:00, run_after=2024-11-25 00:00:00+00:00
[2024-11-25T09:56:18.108+0000] {processor.py:208} INFO - Processing /home/airflow/.local/lib/python3.12/site-packages/airflow/example_dags/example_branch_labels.py took 0.101 seconds
[2024-11-25T09:56:48.547+0000] {processor.py:186} INFO - Started process (PID=4435) to work on /home/airflow/.local/lib/python3.12/site-packages/airflow/example_dags/example_branch_labels.py
[2024-11-25T09:56:48.550+0000] {processor.py:914} INFO - Processing file /home/airflow/.local/lib/python3.12/site-packages/airflow/example_dags/example_branch_labels.py for tasks to queue
[2024-11-25T09:56:48.554+0000] {logging_mixin.py:190} INFO - [2024-11-25T09:56:48.553+0000] {dagbag.py:588} INFO - Filling up the DagBag from /home/airflow/.local/lib/python3.12/site-packages/airflow/example_dags/example_branch_labels.py
[2024-11-25T09:56:48.577+0000] {processor.py:925} INFO - DAG(s) 'example_branch_labels' retrieved from /home/airflow/.local/lib/python3.12/site-packages/airflow/example_dags/example_branch_labels.py
[2024-11-25T09:56:48.620+0000] {logging_mixin.py:190} INFO - [2024-11-25T09:56:48.620+0000] {dag.py:3239} INFO - Sync 1 DAGs
[2024-11-25T09:56:48.664+0000] {logging_mixin.py:190} INFO - [2024-11-25T09:56:48.663+0000] {dag.py:4180} INFO - Setting next_dagrun for example_branch_labels to 2024-11-24 00:00:00+00:00, run_after=2024-11-25 00:00:00+00:00
[2024-11-25T09:56:48.703+0000] {processor.py:208} INFO - Processing /home/airflow/.local/lib/python3.12/site-packages/airflow/example_dags/example_branch_labels.py took 0.164 seconds
[2024-11-25T09:57:19.124+0000] {processor.py:186} INFO - Started process (PID=4736) to work on /home/airflow/.local/lib/python3.12/site-packages/airflow/example_dags/example_branch_labels.py
[2024-11-25T09:57:19.125+0000] {processor.py:914} INFO - Processing file /home/airflow/.local/lib/python3.12/site-packages/airflow/example_dags/example_branch_labels.py for tasks to queue
[2024-11-25T09:57:19.126+0000] {logging_mixin.py:190} INFO - [2024-11-25T09:57:19.126+0000] {dagbag.py:588} INFO - Filling up the DagBag from /home/airflow/.local/lib/python3.12/site-packages/airflow/example_dags/example_branch_labels.py
[2024-11-25T09:57:19.140+0000] {processor.py:925} INFO - DAG(s) 'example_branch_labels' retrieved from /home/airflow/.local/lib/python3.12/site-packages/airflow/example_dags/example_branch_labels.py
[2024-11-25T09:57:19.167+0000] {logging_mixin.py:190} INFO - [2024-11-25T09:57:19.167+0000] {dag.py:3239} INFO - Sync 1 DAGs
[2024-11-25T09:57:19.204+0000] {logging_mixin.py:190} INFO - [2024-11-25T09:57:19.203+0000] {dag.py:4180} INFO - Setting next_dagrun for example_branch_labels to 2024-11-24 00:00:00+00:00, run_after=2024-11-25 00:00:00+00:00
[2024-11-25T09:57:19.236+0000] {processor.py:208} INFO - Processing /home/airflow/.local/lib/python3.12/site-packages/airflow/example_dags/example_branch_labels.py took 0.119 seconds
[2024-11-25T09:57:49.737+0000] {processor.py:186} INFO - Started process (PID=5035) to work on /home/airflow/.local/lib/python3.12/site-packages/airflow/example_dags/example_branch_labels.py
[2024-11-25T09:57:49.739+0000] {processor.py:914} INFO - Processing file /home/airflow/.local/lib/python3.12/site-packages/airflow/example_dags/example_branch_labels.py for tasks to queue
[2024-11-25T09:57:49.740+0000] {logging_mixin.py:190} INFO - [2024-11-25T09:57:49.740+0000] {dagbag.py:588} INFO - Filling up the DagBag from /home/airflow/.local/lib/python3.12/site-packages/airflow/example_dags/example_branch_labels.py
[2024-11-25T09:57:49.756+0000] {processor.py:925} INFO - DAG(s) 'example_branch_labels' retrieved from /home/airflow/.local/lib/python3.12/site-packages/airflow/example_dags/example_branch_labels.py
[2024-11-25T09:57:49.781+0000] {logging_mixin.py:190} INFO - [2024-11-25T09:57:49.781+0000] {dag.py:3239} INFO - Sync 1 DAGs
[2024-11-25T09:57:49.823+0000] {logging_mixin.py:190} INFO - [2024-11-25T09:57:49.823+0000] {dag.py:4180} INFO - Setting next_dagrun for example_branch_labels to 2024-11-24 00:00:00+00:00, run_after=2024-11-25 00:00:00+00:00
[2024-11-25T09:57:49.848+0000] {processor.py:208} INFO - Processing /home/airflow/.local/lib/python3.12/site-packages/airflow/example_dags/example_branch_labels.py took 0.119 seconds
[2024-11-25T09:58:21.917+0000] {processor.py:186} INFO - Started process (PID=5331) to work on /home/airflow/.local/lib/python3.12/site-packages/airflow/example_dags/example_branch_labels.py
[2024-11-25T09:58:21.918+0000] {processor.py:914} INFO - Processing file /home/airflow/.local/lib/python3.12/site-packages/airflow/example_dags/example_branch_labels.py for tasks to queue
[2024-11-25T09:58:21.920+0000] {logging_mixin.py:190} INFO - [2024-11-25T09:58:21.919+0000] {dagbag.py:588} INFO - Filling up the DagBag from /home/airflow/.local/lib/python3.12/site-packages/airflow/example_dags/example_branch_labels.py
[2024-11-25T09:58:21.937+0000] {processor.py:925} INFO - DAG(s) 'example_branch_labels' retrieved from /home/airflow/.local/lib/python3.12/site-packages/airflow/example_dags/example_branch_labels.py
[2024-11-25T09:58:22.009+0000] {logging_mixin.py:190} INFO - [2024-11-25T09:58:22.008+0000] {dag.py:3239} INFO - Sync 1 DAGs
[2024-11-25T09:58:22.052+0000] {logging_mixin.py:190} INFO - [2024-11-25T09:58:22.052+0000] {dag.py:4180} INFO - Setting next_dagrun for example_branch_labels to 2024-11-24 00:00:00+00:00, run_after=2024-11-25 00:00:00+00:00
[2024-11-25T09:58:22.078+0000] {processor.py:208} INFO - Processing /home/airflow/.local/lib/python3.12/site-packages/airflow/example_dags/example_branch_labels.py took 0.169 seconds
[2024-11-25T09:58:52.761+0000] {processor.py:186} INFO - Started process (PID=5610) to work on /home/airflow/.local/lib/python3.12/site-packages/airflow/example_dags/example_branch_labels.py
[2024-11-25T09:58:52.763+0000] {processor.py:914} INFO - Processing file /home/airflow/.local/lib/python3.12/site-packages/airflow/example_dags/example_branch_labels.py for tasks to queue
[2024-11-25T09:58:52.764+0000] {logging_mixin.py:190} INFO - [2024-11-25T09:58:52.764+0000] {dagbag.py:588} INFO - Filling up the DagBag from /home/airflow/.local/lib/python3.12/site-packages/airflow/example_dags/example_branch_labels.py
[2024-11-25T09:58:52.777+0000] {processor.py:925} INFO - DAG(s) 'example_branch_labels' retrieved from /home/airflow/.local/lib/python3.12/site-packages/airflow/example_dags/example_branch_labels.py
[2024-11-25T09:58:52.814+0000] {logging_mixin.py:190} INFO - [2024-11-25T09:58:52.813+0000] {dag.py:3239} INFO - Sync 1 DAGs
[2024-11-25T09:58:52.840+0000] {logging_mixin.py:190} INFO - [2024-11-25T09:58:52.840+0000] {dag.py:4180} INFO - Setting next_dagrun for example_branch_labels to 2024-11-24 00:00:00+00:00, run_after=2024-11-25 00:00:00+00:00
[2024-11-25T09:58:52.862+0000] {processor.py:208} INFO - Processing /home/airflow/.local/lib/python3.12/site-packages/airflow/example_dags/example_branch_labels.py took 0.108 seconds
[2024-11-25T09:59:22.956+0000] {processor.py:186} INFO - Started process (PID=5906) to work on /home/airflow/.local/lib/python3.12/site-packages/airflow/example_dags/example_branch_labels.py
[2024-11-25T09:59:22.957+0000] {processor.py:914} INFO - Processing file /home/airflow/.local/lib/python3.12/site-packages/airflow/example_dags/example_branch_labels.py for tasks to queue
[2024-11-25T09:59:22.958+0000] {logging_mixin.py:190} INFO - [2024-11-25T09:59:22.958+0000] {dagbag.py:588} INFO - Filling up the DagBag from /home/airflow/.local/lib/python3.12/site-packages/airflow/example_dags/example_branch_labels.py
[2024-11-25T09:59:22.972+0000] {processor.py:925} INFO - DAG(s) 'example_branch_labels' retrieved from /home/airflow/.local/lib/python3.12/site-packages/airflow/example_dags/example_branch_labels.py
[2024-11-25T09:59:22.999+0000] {logging_mixin.py:190} INFO - [2024-11-25T09:59:22.999+0000] {dag.py:3239} INFO - Sync 1 DAGs
[2024-11-25T09:59:23.036+0000] {logging_mixin.py:190} INFO - [2024-11-25T09:59:23.036+0000] {dag.py:4180} INFO - Setting next_dagrun for example_branch_labels to 2024-11-24 00:00:00+00:00, run_after=2024-11-25 00:00:00+00:00
[2024-11-25T09:59:23.060+0000] {processor.py:208} INFO - Processing /home/airflow/.local/lib/python3.12/site-packages/airflow/example_dags/example_branch_labels.py took 0.112 seconds
[2024-11-25T09:59:53.962+0000] {processor.py:186} INFO - Started process (PID=6174) to work on /home/airflow/.local/lib/python3.12/site-packages/airflow/example_dags/example_branch_labels.py
[2024-11-25T09:59:53.963+0000] {processor.py:914} INFO - Processing file /home/airflow/.local/lib/python3.12/site-packages/airflow/example_dags/example_branch_labels.py for tasks to queue
[2024-11-25T09:59:53.965+0000] {logging_mixin.py:190} INFO - [2024-11-25T09:59:53.964+0000] {dagbag.py:588} INFO - Filling up the DagBag from /home/airflow/.local/lib/python3.12/site-packages/airflow/example_dags/example_branch_labels.py
[2024-11-25T09:59:53.977+0000] {processor.py:925} INFO - DAG(s) 'example_branch_labels' retrieved from /home/airflow/.local/lib/python3.12/site-packages/airflow/example_dags/example_branch_labels.py
[2024-11-25T09:59:54.002+0000] {logging_mixin.py:190} INFO - [2024-11-25T09:59:54.001+0000] {dag.py:3239} INFO - Sync 1 DAGs
[2024-11-25T09:59:54.034+0000] {logging_mixin.py:190} INFO - [2024-11-25T09:59:54.033+0000] {dag.py:4180} INFO - Setting next_dagrun for example_branch_labels to 2024-11-24 00:00:00+00:00, run_after=2024-11-25 00:00:00+00:00
[2024-11-25T09:59:54.059+0000] {processor.py:208} INFO - Processing /home/airflow/.local/lib/python3.12/site-packages/airflow/example_dags/example_branch_labels.py took 0.103 seconds
[2024-11-25T10:00:25.207+0000] {processor.py:186} INFO - Started process (PID=6468) to work on /home/airflow/.local/lib/python3.12/site-packages/airflow/example_dags/example_branch_labels.py
[2024-11-25T10:00:25.208+0000] {processor.py:914} INFO - Processing file /home/airflow/.local/lib/python3.12/site-packages/airflow/example_dags/example_branch_labels.py for tasks to queue
[2024-11-25T10:00:25.210+0000] {logging_mixin.py:190} INFO - [2024-11-25T10:00:25.209+0000] {dagbag.py:588} INFO - Filling up the DagBag from /home/airflow/.local/lib/python3.12/site-packages/airflow/example_dags/example_branch_labels.py
[2024-11-25T10:00:25.224+0000] {processor.py:925} INFO - DAG(s) 'example_branch_labels' retrieved from /home/airflow/.local/lib/python3.12/site-packages/airflow/example_dags/example_branch_labels.py
[2024-11-25T10:00:25.251+0000] {logging_mixin.py:190} INFO - [2024-11-25T10:00:25.250+0000] {dag.py:3239} INFO - Sync 1 DAGs
[2024-11-25T10:00:25.279+0000] {logging_mixin.py:190} INFO - [2024-11-25T10:00:25.279+0000] {dag.py:4180} INFO - Setting next_dagrun for example_branch_labels to 2024-11-24 00:00:00+00:00, run_after=2024-11-25 00:00:00+00:00
[2024-11-25T10:00:25.300+0000] {processor.py:208} INFO - Processing /home/airflow/.local/lib/python3.12/site-packages/airflow/example_dags/example_branch_labels.py took 0.100 seconds
[2024-11-25T10:00:55.805+0000] {processor.py:186} INFO - Started process (PID=6749) to work on /home/airflow/.local/lib/python3.12/site-packages/airflow/example_dags/example_branch_labels.py
[2024-11-25T10:00:55.806+0000] {processor.py:914} INFO - Processing file /home/airflow/.local/lib/python3.12/site-packages/airflow/example_dags/example_branch_labels.py for tasks to queue
[2024-11-25T10:00:55.808+0000] {logging_mixin.py:190} INFO - [2024-11-25T10:00:55.808+0000] {dagbag.py:588} INFO - Filling up the DagBag from /home/airflow/.local/lib/python3.12/site-packages/airflow/example_dags/example_branch_labels.py
[2024-11-25T10:00:55.822+0000] {processor.py:925} INFO - DAG(s) 'example_branch_labels' retrieved from /home/airflow/.local/lib/python3.12/site-packages/airflow/example_dags/example_branch_labels.py
[2024-11-25T10:00:55.849+0000] {logging_mixin.py:190} INFO - [2024-11-25T10:00:55.849+0000] {dag.py:3239} INFO - Sync 1 DAGs
[2024-11-25T10:00:55.913+0000] {logging_mixin.py:190} INFO - [2024-11-25T10:00:55.912+0000] {dag.py:4180} INFO - Setting next_dagrun for example_branch_labels to 2024-11-24 00:00:00+00:00, run_after=2024-11-25 00:00:00+00:00
[2024-11-25T10:00:55.990+0000] {processor.py:208} INFO - Processing /home/airflow/.local/lib/python3.12/site-packages/airflow/example_dags/example_branch_labels.py took 0.192 seconds
[2024-11-25T10:01:26.294+0000] {processor.py:186} INFO - Started process (PID=7045) to work on /home/airflow/.local/lib/python3.12/site-packages/airflow/example_dags/example_branch_labels.py
[2024-11-25T10:01:26.296+0000] {processor.py:914} INFO - Processing file /home/airflow/.local/lib/python3.12/site-packages/airflow/example_dags/example_branch_labels.py for tasks to queue
[2024-11-25T10:01:26.299+0000] {logging_mixin.py:190} INFO - [2024-11-25T10:01:26.298+0000] {dagbag.py:588} INFO - Filling up the DagBag from /home/airflow/.local/lib/python3.12/site-packages/airflow/example_dags/example_branch_labels.py
[2024-11-25T10:01:26.322+0000] {processor.py:925} INFO - DAG(s) 'example_branch_labels' retrieved from /home/airflow/.local/lib/python3.12/site-packages/airflow/example_dags/example_branch_labels.py
[2024-11-25T10:01:26.364+0000] {logging_mixin.py:190} INFO - [2024-11-25T10:01:26.363+0000] {dag.py:3239} INFO - Sync 1 DAGs
[2024-11-25T10:01:26.418+0000] {logging_mixin.py:190} INFO - [2024-11-25T10:01:26.418+0000] {dag.py:4180} INFO - Setting next_dagrun for example_branch_labels to 2024-11-24 00:00:00+00:00, run_after=2024-11-25 00:00:00+00:00
[2024-11-25T10:01:26.460+0000] {processor.py:208} INFO - Processing /home/airflow/.local/lib/python3.12/site-packages/airflow/example_dags/example_branch_labels.py took 0.177 seconds
[2024-11-25T10:01:56.666+0000] {processor.py:186} INFO - Started process (PID=7343) to work on /home/airflow/.local/lib/python3.12/site-packages/airflow/example_dags/example_branch_labels.py
[2024-11-25T10:01:56.668+0000] {processor.py:914} INFO - Processing file /home/airflow/.local/lib/python3.12/site-packages/airflow/example_dags/example_branch_labels.py for tasks to queue
[2024-11-25T10:01:56.669+0000] {logging_mixin.py:190} INFO - [2024-11-25T10:01:56.669+0000] {dagbag.py:588} INFO - Filling up the DagBag from /home/airflow/.local/lib/python3.12/site-packages/airflow/example_dags/example_branch_labels.py
[2024-11-25T10:01:56.681+0000] {processor.py:925} INFO - DAG(s) 'example_branch_labels' retrieved from /home/airflow/.local/lib/python3.12/site-packages/airflow/example_dags/example_branch_labels.py
[2024-11-25T10:01:56.705+0000] {logging_mixin.py:190} INFO - [2024-11-25T10:01:56.704+0000] {dag.py:3239} INFO - Sync 1 DAGs
[2024-11-25T10:01:56.731+0000] {logging_mixin.py:190} INFO - [2024-11-25T10:01:56.731+0000] {dag.py:4180} INFO - Setting next_dagrun for example_branch_labels to 2024-11-24 00:00:00+00:00, run_after=2024-11-25 00:00:00+00:00
[2024-11-25T10:01:56.759+0000] {processor.py:208} INFO - Processing /home/airflow/.local/lib/python3.12/site-packages/airflow/example_dags/example_branch_labels.py took 0.098 seconds
[2024-11-25T10:02:27.367+0000] {processor.py:186} INFO - Started process (PID=7637) to work on /home/airflow/.local/lib/python3.12/site-packages/airflow/example_dags/example_branch_labels.py
[2024-11-25T10:02:27.369+0000] {processor.py:914} INFO - Processing file /home/airflow/.local/lib/python3.12/site-packages/airflow/example_dags/example_branch_labels.py for tasks to queue
[2024-11-25T10:02:27.370+0000] {logging_mixin.py:190} INFO - [2024-11-25T10:02:27.370+0000] {dagbag.py:588} INFO - Filling up the DagBag from /home/airflow/.local/lib/python3.12/site-packages/airflow/example_dags/example_branch_labels.py
[2024-11-25T10:02:27.383+0000] {processor.py:925} INFO - DAG(s) 'example_branch_labels' retrieved from /home/airflow/.local/lib/python3.12/site-packages/airflow/example_dags/example_branch_labels.py
[2024-11-25T10:02:27.410+0000] {logging_mixin.py:190} INFO - [2024-11-25T10:02:27.410+0000] {dag.py:3239} INFO - Sync 1 DAGs
[2024-11-25T10:02:27.438+0000] {logging_mixin.py:190} INFO - [2024-11-25T10:02:27.438+0000] {dag.py:4180} INFO - Setting next_dagrun for example_branch_labels to 2024-11-24 00:00:00+00:00, run_after=2024-11-25 00:00:00+00:00
[2024-11-25T10:02:27.463+0000] {processor.py:208} INFO - Processing /home/airflow/.local/lib/python3.12/site-packages/airflow/example_dags/example_branch_labels.py took 0.102 seconds
[2024-11-25T10:02:57.642+0000] {processor.py:186} INFO - Started process (PID=7946) to work on /home/airflow/.local/lib/python3.12/site-packages/airflow/example_dags/example_branch_labels.py
[2024-11-25T10:02:57.643+0000] {processor.py:914} INFO - Processing file /home/airflow/.local/lib/python3.12/site-packages/airflow/example_dags/example_branch_labels.py for tasks to queue
[2024-11-25T10:02:57.645+0000] {logging_mixin.py:190} INFO - [2024-11-25T10:02:57.645+0000] {dagbag.py:588} INFO - Filling up the DagBag from /home/airflow/.local/lib/python3.12/site-packages/airflow/example_dags/example_branch_labels.py
[2024-11-25T10:02:57.662+0000] {processor.py:925} INFO - DAG(s) 'example_branch_labels' retrieved from /home/airflow/.local/lib/python3.12/site-packages/airflow/example_dags/example_branch_labels.py
[2024-11-25T10:02:57.689+0000] {logging_mixin.py:190} INFO - [2024-11-25T10:02:57.688+0000] {dag.py:3239} INFO - Sync 1 DAGs
[2024-11-25T10:02:57.729+0000] {logging_mixin.py:190} INFO - [2024-11-25T10:02:57.729+0000] {dag.py:4180} INFO - Setting next_dagrun for example_branch_labels to 2024-11-24 00:00:00+00:00, run_after=2024-11-25 00:00:00+00:00
[2024-11-25T10:02:57.758+0000] {processor.py:208} INFO - Processing /home/airflow/.local/lib/python3.12/site-packages/airflow/example_dags/example_branch_labels.py took 0.127 seconds
[2024-11-25T10:03:28.790+0000] {processor.py:186} INFO - Started process (PID=8242) to work on /home/airflow/.local/lib/python3.12/site-packages/airflow/example_dags/example_branch_labels.py
[2024-11-25T10:03:28.792+0000] {processor.py:914} INFO - Processing file /home/airflow/.local/lib/python3.12/site-packages/airflow/example_dags/example_branch_labels.py for tasks to queue
[2024-11-25T10:03:28.793+0000] {logging_mixin.py:190} INFO - [2024-11-25T10:03:28.793+0000] {dagbag.py:588} INFO - Filling up the DagBag from /home/airflow/.local/lib/python3.12/site-packages/airflow/example_dags/example_branch_labels.py
[2024-11-25T10:03:28.809+0000] {processor.py:925} INFO - DAG(s) 'example_branch_labels' retrieved from /home/airflow/.local/lib/python3.12/site-packages/airflow/example_dags/example_branch_labels.py
[2024-11-25T10:03:28.837+0000] {logging_mixin.py:190} INFO - [2024-11-25T10:03:28.837+0000] {dag.py:3239} INFO - Sync 1 DAGs
[2024-11-25T10:03:28.873+0000] {logging_mixin.py:190} INFO - [2024-11-25T10:03:28.873+0000] {dag.py:4180} INFO - Setting next_dagrun for example_branch_labels to 2024-11-24 00:00:00+00:00, run_after=2024-11-25 00:00:00+00:00
[2024-11-25T10:03:28.903+0000] {processor.py:208} INFO - Processing /home/airflow/.local/lib/python3.12/site-packages/airflow/example_dags/example_branch_labels.py took 0.123 seconds
[2024-11-25T10:03:58.989+0000] {processor.py:186} INFO - Started process (PID=8541) to work on /home/airflow/.local/lib/python3.12/site-packages/airflow/example_dags/example_branch_labels.py
[2024-11-25T10:03:58.991+0000] {processor.py:914} INFO - Processing file /home/airflow/.local/lib/python3.12/site-packages/airflow/example_dags/example_branch_labels.py for tasks to queue
[2024-11-25T10:03:58.993+0000] {logging_mixin.py:190} INFO - [2024-11-25T10:03:58.992+0000] {dagbag.py:588} INFO - Filling up the DagBag from /home/airflow/.local/lib/python3.12/site-packages/airflow/example_dags/example_branch_labels.py
[2024-11-25T10:03:59.009+0000] {processor.py:925} INFO - DAG(s) 'example_branch_labels' retrieved from /home/airflow/.local/lib/python3.12/site-packages/airflow/example_dags/example_branch_labels.py
[2024-11-25T10:03:59.036+0000] {logging_mixin.py:190} INFO - [2024-11-25T10:03:59.035+0000] {dag.py:3239} INFO - Sync 1 DAGs
[2024-11-25T10:03:59.083+0000] {logging_mixin.py:190} INFO - [2024-11-25T10:03:59.083+0000] {dag.py:4180} INFO - Setting next_dagrun for example_branch_labels to 2024-11-24 00:00:00+00:00, run_after=2024-11-25 00:00:00+00:00
[2024-11-25T10:03:59.116+0000] {processor.py:208} INFO - Processing /home/airflow/.local/lib/python3.12/site-packages/airflow/example_dags/example_branch_labels.py took 0.138 seconds
[2024-11-25T10:04:29.899+0000] {processor.py:186} INFO - Started process (PID=8837) to work on /home/airflow/.local/lib/python3.12/site-packages/airflow/example_dags/example_branch_labels.py
[2024-11-25T10:04:29.901+0000] {processor.py:914} INFO - Processing file /home/airflow/.local/lib/python3.12/site-packages/airflow/example_dags/example_branch_labels.py for tasks to queue
[2024-11-25T10:04:29.906+0000] {logging_mixin.py:190} INFO - [2024-11-25T10:04:29.905+0000] {dagbag.py:588} INFO - Filling up the DagBag from /home/airflow/.local/lib/python3.12/site-packages/airflow/example_dags/example_branch_labels.py
[2024-11-25T10:04:29.926+0000] {processor.py:925} INFO - DAG(s) 'example_branch_labels' retrieved from /home/airflow/.local/lib/python3.12/site-packages/airflow/example_dags/example_branch_labels.py
[2024-11-25T10:04:29.954+0000] {logging_mixin.py:190} INFO - [2024-11-25T10:04:29.954+0000] {dag.py:3239} INFO - Sync 1 DAGs
[2024-11-25T10:04:30.008+0000] {logging_mixin.py:190} INFO - [2024-11-25T10:04:30.008+0000] {dag.py:4180} INFO - Setting next_dagrun for example_branch_labels to 2024-11-24 00:00:00+00:00, run_after=2024-11-25 00:00:00+00:00
[2024-11-25T10:04:30.040+0000] {processor.py:208} INFO - Processing /home/airflow/.local/lib/python3.12/site-packages/airflow/example_dags/example_branch_labels.py took 0.154 seconds
[2024-11-25T10:05:01.203+0000] {processor.py:186} INFO - Started process (PID=9135) to work on /home/airflow/.local/lib/python3.12/site-packages/airflow/example_dags/example_branch_labels.py
[2024-11-25T10:05:01.205+0000] {processor.py:914} INFO - Processing file /home/airflow/.local/lib/python3.12/site-packages/airflow/example_dags/example_branch_labels.py for tasks to queue
[2024-11-25T10:05:01.209+0000] {logging_mixin.py:190} INFO - [2024-11-25T10:05:01.209+0000] {dagbag.py:588} INFO - Filling up the DagBag from /home/airflow/.local/lib/python3.12/site-packages/airflow/example_dags/example_branch_labels.py
[2024-11-25T10:05:01.234+0000] {processor.py:925} INFO - DAG(s) 'example_branch_labels' retrieved from /home/airflow/.local/lib/python3.12/site-packages/airflow/example_dags/example_branch_labels.py
[2024-11-25T10:05:01.292+0000] {logging_mixin.py:190} INFO - [2024-11-25T10:05:01.292+0000] {dag.py:3239} INFO - Sync 1 DAGs
[2024-11-25T10:05:01.359+0000] {logging_mixin.py:190} INFO - [2024-11-25T10:05:01.359+0000] {dag.py:4180} INFO - Setting next_dagrun for example_branch_labels to 2024-11-24 00:00:00+00:00, run_after=2024-11-25 00:00:00+00:00
[2024-11-25T10:05:01.390+0000] {processor.py:208} INFO - Processing /home/airflow/.local/lib/python3.12/site-packages/airflow/example_dags/example_branch_labels.py took 0.200 seconds
[2024-11-25T10:05:31.506+0000] {processor.py:186} INFO - Started process (PID=9431) to work on /home/airflow/.local/lib/python3.12/site-packages/airflow/example_dags/example_branch_labels.py
[2024-11-25T10:05:31.507+0000] {processor.py:914} INFO - Processing file /home/airflow/.local/lib/python3.12/site-packages/airflow/example_dags/example_branch_labels.py for tasks to queue
[2024-11-25T10:05:31.510+0000] {logging_mixin.py:190} INFO - [2024-11-25T10:05:31.509+0000] {dagbag.py:588} INFO - Filling up the DagBag from /home/airflow/.local/lib/python3.12/site-packages/airflow/example_dags/example_branch_labels.py
[2024-11-25T10:05:31.526+0000] {processor.py:925} INFO - DAG(s) 'example_branch_labels' retrieved from /home/airflow/.local/lib/python3.12/site-packages/airflow/example_dags/example_branch_labels.py
[2024-11-25T10:05:31.556+0000] {logging_mixin.py:190} INFO - [2024-11-25T10:05:31.555+0000] {dag.py:3239} INFO - Sync 1 DAGs
[2024-11-25T10:05:31.595+0000] {logging_mixin.py:190} INFO - [2024-11-25T10:05:31.595+0000] {dag.py:4180} INFO - Setting next_dagrun for example_branch_labels to 2024-11-24 00:00:00+00:00, run_after=2024-11-25 00:00:00+00:00
[2024-11-25T10:05:31.637+0000] {processor.py:208} INFO - Processing /home/airflow/.local/lib/python3.12/site-packages/airflow/example_dags/example_branch_labels.py took 0.143 seconds
[2024-11-25T10:06:02.326+0000] {processor.py:186} INFO - Started process (PID=9735) to work on /home/airflow/.local/lib/python3.12/site-packages/airflow/example_dags/example_branch_labels.py
[2024-11-25T10:06:02.328+0000] {processor.py:914} INFO - Processing file /home/airflow/.local/lib/python3.12/site-packages/airflow/example_dags/example_branch_labels.py for tasks to queue
[2024-11-25T10:06:02.331+0000] {logging_mixin.py:190} INFO - [2024-11-25T10:06:02.330+0000] {dagbag.py:588} INFO - Filling up the DagBag from /home/airflow/.local/lib/python3.12/site-packages/airflow/example_dags/example_branch_labels.py
[2024-11-25T10:06:02.352+0000] {processor.py:925} INFO - DAG(s) 'example_branch_labels' retrieved from /home/airflow/.local/lib/python3.12/site-packages/airflow/example_dags/example_branch_labels.py
[2024-11-25T10:06:02.406+0000] {logging_mixin.py:190} INFO - [2024-11-25T10:06:02.406+0000] {dag.py:3239} INFO - Sync 1 DAGs
[2024-11-25T10:06:02.535+0000] {logging_mixin.py:190} INFO - [2024-11-25T10:06:02.534+0000] {dag.py:4180} INFO - Setting next_dagrun for example_branch_labels to 2024-11-24 00:00:00+00:00, run_after=2024-11-25 00:00:00+00:00
[2024-11-25T10:06:02.599+0000] {processor.py:208} INFO - Processing /home/airflow/.local/lib/python3.12/site-packages/airflow/example_dags/example_branch_labels.py took 0.283 seconds
[2024-11-25T10:06:33.161+0000] {processor.py:186} INFO - Started process (PID=10039) to work on /home/airflow/.local/lib/python3.12/site-packages/airflow/example_dags/example_branch_labels.py
[2024-11-25T10:06:33.162+0000] {processor.py:914} INFO - Processing file /home/airflow/.local/lib/python3.12/site-packages/airflow/example_dags/example_branch_labels.py for tasks to queue
[2024-11-25T10:06:33.164+0000] {logging_mixin.py:190} INFO - [2024-11-25T10:06:33.164+0000] {dagbag.py:588} INFO - Filling up the DagBag from /home/airflow/.local/lib/python3.12/site-packages/airflow/example_dags/example_branch_labels.py
[2024-11-25T10:06:33.183+0000] {processor.py:925} INFO - DAG(s) 'example_branch_labels' retrieved from /home/airflow/.local/lib/python3.12/site-packages/airflow/example_dags/example_branch_labels.py
[2024-11-25T10:06:33.210+0000] {logging_mixin.py:190} INFO - [2024-11-25T10:06:33.210+0000] {dag.py:3239} INFO - Sync 1 DAGs
[2024-11-25T10:06:33.239+0000] {logging_mixin.py:190} INFO - [2024-11-25T10:06:33.239+0000] {dag.py:4180} INFO - Setting next_dagrun for example_branch_labels to 2024-11-24 00:00:00+00:00, run_after=2024-11-25 00:00:00+00:00
[2024-11-25T10:06:33.266+0000] {processor.py:208} INFO - Processing /home/airflow/.local/lib/python3.12/site-packages/airflow/example_dags/example_branch_labels.py took 0.116 seconds
[2024-11-25T10:07:04.123+0000] {processor.py:186} INFO - Started process (PID=10333) to work on /home/airflow/.local/lib/python3.12/site-packages/airflow/example_dags/example_branch_labels.py
[2024-11-25T10:07:04.124+0000] {processor.py:914} INFO - Processing file /home/airflow/.local/lib/python3.12/site-packages/airflow/example_dags/example_branch_labels.py for tasks to queue
[2024-11-25T10:07:04.126+0000] {logging_mixin.py:190} INFO - [2024-11-25T10:07:04.126+0000] {dagbag.py:588} INFO - Filling up the DagBag from /home/airflow/.local/lib/python3.12/site-packages/airflow/example_dags/example_branch_labels.py
[2024-11-25T10:07:04.139+0000] {processor.py:925} INFO - DAG(s) 'example_branch_labels' retrieved from /home/airflow/.local/lib/python3.12/site-packages/airflow/example_dags/example_branch_labels.py
[2024-11-25T10:07:04.160+0000] {logging_mixin.py:190} INFO - [2024-11-25T10:07:04.160+0000] {dag.py:3239} INFO - Sync 1 DAGs
[2024-11-25T10:07:04.189+0000] {logging_mixin.py:190} INFO - [2024-11-25T10:07:04.189+0000] {dag.py:4180} INFO - Setting next_dagrun for example_branch_labels to 2024-11-24 00:00:00+00:00, run_after=2024-11-25 00:00:00+00:00
[2024-11-25T10:07:04.212+0000] {processor.py:208} INFO - Processing /home/airflow/.local/lib/python3.12/site-packages/airflow/example_dags/example_branch_labels.py took 0.096 seconds
[2024-11-25T10:07:34.670+0000] {processor.py:186} INFO - Started process (PID=10629) to work on /home/airflow/.local/lib/python3.12/site-packages/airflow/example_dags/example_branch_labels.py
[2024-11-25T10:07:34.672+0000] {processor.py:914} INFO - Processing file /home/airflow/.local/lib/python3.12/site-packages/airflow/example_dags/example_branch_labels.py for tasks to queue
[2024-11-25T10:07:34.676+0000] {logging_mixin.py:190} INFO - [2024-11-25T10:07:34.675+0000] {dagbag.py:588} INFO - Filling up the DagBag from /home/airflow/.local/lib/python3.12/site-packages/airflow/example_dags/example_branch_labels.py
[2024-11-25T10:07:34.722+0000] {processor.py:925} INFO - DAG(s) 'example_branch_labels' retrieved from /home/airflow/.local/lib/python3.12/site-packages/airflow/example_dags/example_branch_labels.py
[2024-11-25T10:07:34.772+0000] {logging_mixin.py:190} INFO - [2024-11-25T10:07:34.772+0000] {dag.py:3239} INFO - Sync 1 DAGs
[2024-11-25T10:07:34.855+0000] {logging_mixin.py:190} INFO - [2024-11-25T10:07:34.854+0000] {dag.py:4180} INFO - Setting next_dagrun for example_branch_labels to 2024-11-24 00:00:00+00:00, run_after=2024-11-25 00:00:00+00:00
[2024-11-25T10:07:34.891+0000] {processor.py:208} INFO - Processing /home/airflow/.local/lib/python3.12/site-packages/airflow/example_dags/example_branch_labels.py took 0.240 seconds
[2024-11-25T10:08:05.659+0000] {processor.py:186} INFO - Started process (PID=10925) to work on /home/airflow/.local/lib/python3.12/site-packages/airflow/example_dags/example_branch_labels.py
[2024-11-25T10:08:05.661+0000] {processor.py:914} INFO - Processing file /home/airflow/.local/lib/python3.12/site-packages/airflow/example_dags/example_branch_labels.py for tasks to queue
[2024-11-25T10:08:05.663+0000] {logging_mixin.py:190} INFO - [2024-11-25T10:08:05.662+0000] {dagbag.py:588} INFO - Filling up the DagBag from /home/airflow/.local/lib/python3.12/site-packages/airflow/example_dags/example_branch_labels.py
[2024-11-25T10:08:05.684+0000] {processor.py:925} INFO - DAG(s) 'example_branch_labels' retrieved from /home/airflow/.local/lib/python3.12/site-packages/airflow/example_dags/example_branch_labels.py
[2024-11-25T10:08:05.712+0000] {logging_mixin.py:190} INFO - [2024-11-25T10:08:05.712+0000] {dag.py:3239} INFO - Sync 1 DAGs
[2024-11-25T10:08:05.746+0000] {logging_mixin.py:190} INFO - [2024-11-25T10:08:05.746+0000] {dag.py:4180} INFO - Setting next_dagrun for example_branch_labels to 2024-11-24 00:00:00+00:00, run_after=2024-11-25 00:00:00+00:00
[2024-11-25T10:08:05.772+0000] {processor.py:208} INFO - Processing /home/airflow/.local/lib/python3.12/site-packages/airflow/example_dags/example_branch_labels.py took 0.120 seconds
[2024-11-25T10:08:35.864+0000] {processor.py:186} INFO - Started process (PID=11216) to work on /home/airflow/.local/lib/python3.12/site-packages/airflow/example_dags/example_branch_labels.py
[2024-11-25T10:08:35.866+0000] {processor.py:914} INFO - Processing file /home/airflow/.local/lib/python3.12/site-packages/airflow/example_dags/example_branch_labels.py for tasks to queue
[2024-11-25T10:08:35.868+0000] {logging_mixin.py:190} INFO - [2024-11-25T10:08:35.868+0000] {dagbag.py:588} INFO - Filling up the DagBag from /home/airflow/.local/lib/python3.12/site-packages/airflow/example_dags/example_branch_labels.py
[2024-11-25T10:08:35.885+0000] {processor.py:925} INFO - DAG(s) 'example_branch_labels' retrieved from /home/airflow/.local/lib/python3.12/site-packages/airflow/example_dags/example_branch_labels.py
[2024-11-25T10:08:35.912+0000] {logging_mixin.py:190} INFO - [2024-11-25T10:08:35.911+0000] {dag.py:3239} INFO - Sync 1 DAGs
[2024-11-25T10:08:35.942+0000] {logging_mixin.py:190} INFO - [2024-11-25T10:08:35.942+0000] {dag.py:4180} INFO - Setting next_dagrun for example_branch_labels to 2024-11-24 00:00:00+00:00, run_after=2024-11-25 00:00:00+00:00
[2024-11-25T10:08:35.966+0000] {processor.py:208} INFO - Processing /home/airflow/.local/lib/python3.12/site-packages/airflow/example_dags/example_branch_labels.py took 0.109 seconds
[2024-11-25T10:09:06.190+0000] {processor.py:186} INFO - Started process (PID=11515) to work on /home/airflow/.local/lib/python3.12/site-packages/airflow/example_dags/example_branch_labels.py
[2024-11-25T10:09:06.191+0000] {processor.py:914} INFO - Processing file /home/airflow/.local/lib/python3.12/site-packages/airflow/example_dags/example_branch_labels.py for tasks to queue
[2024-11-25T10:09:06.192+0000] {logging_mixin.py:190} INFO - [2024-11-25T10:09:06.192+0000] {dagbag.py:588} INFO - Filling up the DagBag from /home/airflow/.local/lib/python3.12/site-packages/airflow/example_dags/example_branch_labels.py
[2024-11-25T10:09:06.205+0000] {processor.py:925} INFO - DAG(s) 'example_branch_labels' retrieved from /home/airflow/.local/lib/python3.12/site-packages/airflow/example_dags/example_branch_labels.py
[2024-11-25T10:09:06.233+0000] {logging_mixin.py:190} INFO - [2024-11-25T10:09:06.232+0000] {dag.py:3239} INFO - Sync 1 DAGs
[2024-11-25T10:09:06.261+0000] {logging_mixin.py:190} INFO - [2024-11-25T10:09:06.261+0000] {dag.py:4180} INFO - Setting next_dagrun for example_branch_labels to 2024-11-24 00:00:00+00:00, run_after=2024-11-25 00:00:00+00:00
[2024-11-25T10:09:06.290+0000] {processor.py:208} INFO - Processing /home/airflow/.local/lib/python3.12/site-packages/airflow/example_dags/example_branch_labels.py took 0.107 seconds
[2024-11-25T10:09:36.497+0000] {processor.py:186} INFO - Started process (PID=11811) to work on /home/airflow/.local/lib/python3.12/site-packages/airflow/example_dags/example_branch_labels.py
[2024-11-25T10:09:36.498+0000] {processor.py:914} INFO - Processing file /home/airflow/.local/lib/python3.12/site-packages/airflow/example_dags/example_branch_labels.py for tasks to queue
[2024-11-25T10:09:36.499+0000] {logging_mixin.py:190} INFO - [2024-11-25T10:09:36.499+0000] {dagbag.py:588} INFO - Filling up the DagBag from /home/airflow/.local/lib/python3.12/site-packages/airflow/example_dags/example_branch_labels.py
[2024-11-25T10:09:36.513+0000] {processor.py:925} INFO - DAG(s) 'example_branch_labels' retrieved from /home/airflow/.local/lib/python3.12/site-packages/airflow/example_dags/example_branch_labels.py
[2024-11-25T10:09:36.539+0000] {logging_mixin.py:190} INFO - [2024-11-25T10:09:36.538+0000] {dag.py:3239} INFO - Sync 1 DAGs
[2024-11-25T10:09:36.567+0000] {logging_mixin.py:190} INFO - [2024-11-25T10:09:36.567+0000] {dag.py:4180} INFO - Setting next_dagrun for example_branch_labels to 2024-11-24 00:00:00+00:00, run_after=2024-11-25 00:00:00+00:00
[2024-11-25T10:09:36.595+0000] {processor.py:208} INFO - Processing /home/airflow/.local/lib/python3.12/site-packages/airflow/example_dags/example_branch_labels.py took 0.106 seconds
[2024-11-25T10:10:07.322+0000] {processor.py:186} INFO - Started process (PID=12110) to work on /home/airflow/.local/lib/python3.12/site-packages/airflow/example_dags/example_branch_labels.py
[2024-11-25T10:10:07.324+0000] {processor.py:914} INFO - Processing file /home/airflow/.local/lib/python3.12/site-packages/airflow/example_dags/example_branch_labels.py for tasks to queue
[2024-11-25T10:10:07.327+0000] {logging_mixin.py:190} INFO - [2024-11-25T10:10:07.326+0000] {dagbag.py:588} INFO - Filling up the DagBag from /home/airflow/.local/lib/python3.12/site-packages/airflow/example_dags/example_branch_labels.py
[2024-11-25T10:10:07.348+0000] {processor.py:925} INFO - DAG(s) 'example_branch_labels' retrieved from /home/airflow/.local/lib/python3.12/site-packages/airflow/example_dags/example_branch_labels.py
[2024-11-25T10:10:07.382+0000] {logging_mixin.py:190} INFO - [2024-11-25T10:10:07.381+0000] {dag.py:3239} INFO - Sync 1 DAGs
[2024-11-25T10:10:07.414+0000] {logging_mixin.py:190} INFO - [2024-11-25T10:10:07.414+0000] {dag.py:4180} INFO - Setting next_dagrun for example_branch_labels to 2024-11-24 00:00:00+00:00, run_after=2024-11-25 00:00:00+00:00
[2024-11-25T10:10:07.438+0000] {processor.py:208} INFO - Processing /home/airflow/.local/lib/python3.12/site-packages/airflow/example_dags/example_branch_labels.py took 0.124 seconds
[2024-11-25T10:10:37.575+0000] {processor.py:186} INFO - Started process (PID=12401) to work on /home/airflow/.local/lib/python3.12/site-packages/airflow/example_dags/example_branch_labels.py
[2024-11-25T10:10:37.576+0000] {processor.py:914} INFO - Processing file /home/airflow/.local/lib/python3.12/site-packages/airflow/example_dags/example_branch_labels.py for tasks to queue
[2024-11-25T10:10:37.578+0000] {logging_mixin.py:190} INFO - [2024-11-25T10:10:37.577+0000] {dagbag.py:588} INFO - Filling up the DagBag from /home/airflow/.local/lib/python3.12/site-packages/airflow/example_dags/example_branch_labels.py
[2024-11-25T10:10:37.591+0000] {processor.py:925} INFO - DAG(s) 'example_branch_labels' retrieved from /home/airflow/.local/lib/python3.12/site-packages/airflow/example_dags/example_branch_labels.py
[2024-11-25T10:10:37.617+0000] {logging_mixin.py:190} INFO - [2024-11-25T10:10:37.617+0000] {dag.py:3239} INFO - Sync 1 DAGs
[2024-11-25T10:10:37.646+0000] {logging_mixin.py:190} INFO - [2024-11-25T10:10:37.646+0000] {dag.py:4180} INFO - Setting next_dagrun for example_branch_labels to 2024-11-24 00:00:00+00:00, run_after=2024-11-25 00:00:00+00:00
[2024-11-25T10:10:37.674+0000] {processor.py:208} INFO - Processing /home/airflow/.local/lib/python3.12/site-packages/airflow/example_dags/example_branch_labels.py took 0.106 seconds
[2024-11-25T10:11:08.461+0000] {processor.py:186} INFO - Started process (PID=12692) to work on /home/airflow/.local/lib/python3.12/site-packages/airflow/example_dags/example_branch_labels.py
[2024-11-25T10:11:08.463+0000] {processor.py:914} INFO - Processing file /home/airflow/.local/lib/python3.12/site-packages/airflow/example_dags/example_branch_labels.py for tasks to queue
[2024-11-25T10:11:08.465+0000] {logging_mixin.py:190} INFO - [2024-11-25T10:11:08.464+0000] {dagbag.py:588} INFO - Filling up the DagBag from /home/airflow/.local/lib/python3.12/site-packages/airflow/example_dags/example_branch_labels.py
[2024-11-25T10:11:08.479+0000] {processor.py:925} INFO - DAG(s) 'example_branch_labels' retrieved from /home/airflow/.local/lib/python3.12/site-packages/airflow/example_dags/example_branch_labels.py
[2024-11-25T10:11:08.506+0000] {logging_mixin.py:190} INFO - [2024-11-25T10:11:08.505+0000] {dag.py:3239} INFO - Sync 1 DAGs
[2024-11-25T10:11:08.536+0000] {logging_mixin.py:190} INFO - [2024-11-25T10:11:08.536+0000] {dag.py:4180} INFO - Setting next_dagrun for example_branch_labels to 2024-11-24 00:00:00+00:00, run_after=2024-11-25 00:00:00+00:00
[2024-11-25T10:11:08.564+0000] {processor.py:208} INFO - Processing /home/airflow/.local/lib/python3.12/site-packages/airflow/example_dags/example_branch_labels.py took 0.110 seconds
