[2024-11-25T09:49:44.642+0000] {processor.py:186} INFO - Started process (PID=390) to work on /home/airflow/.local/lib/python3.12/site-packages/airflow/example_dags/example_bash_operator.py
[2024-11-25T09:49:44.644+0000] {processor.py:914} INFO - Processing file /home/airflow/.local/lib/python3.12/site-packages/airflow/example_dags/example_bash_operator.py for tasks to queue
[2024-11-25T09:49:44.648+0000] {logging_mixin.py:190} INFO - [2024-11-25T09:49:44.647+0000] {dagbag.py:588} INFO - Filling up the DagBag from /home/airflow/.local/lib/python3.12/site-packages/airflow/example_dags/example_bash_operator.py
[2024-11-25T09:49:44.675+0000] {processor.py:925} INFO - DAG(s) 'example_bash_operator' retrieved from /home/airflow/.local/lib/python3.12/site-packages/airflow/example_dags/example_bash_operator.py
[2024-11-25T09:49:44.728+0000] {logging_mixin.py:190} INFO - [2024-11-25T09:49:44.728+0000] {dag.py:3239} INFO - Sync 1 DAGs
[2024-11-25T09:49:44.769+0000] {logging_mixin.py:190} INFO - [2024-11-25T09:49:44.768+0000] {dag.py:4180} INFO - Setting next_dagrun for example_bash_operator to 2024-11-24 00:00:00+00:00, run_after=2024-11-25 00:00:00+00:00
[2024-11-25T09:49:44.809+0000] {processor.py:208} INFO - Processing /home/airflow/.local/lib/python3.12/site-packages/airflow/example_dags/example_bash_operator.py took 0.175 seconds
[2024-11-25T09:50:14.907+0000] {processor.py:186} INFO - Started process (PID=681) to work on /home/airflow/.local/lib/python3.12/site-packages/airflow/example_dags/example_bash_operator.py
[2024-11-25T09:50:14.909+0000] {processor.py:914} INFO - Processing file /home/airflow/.local/lib/python3.12/site-packages/airflow/example_dags/example_bash_operator.py for tasks to queue
[2024-11-25T09:50:14.913+0000] {logging_mixin.py:190} INFO - [2024-11-25T09:50:14.912+0000] {dagbag.py:588} INFO - Filling up the DagBag from /home/airflow/.local/lib/python3.12/site-packages/airflow/example_dags/example_bash_operator.py
[2024-11-25T09:50:14.940+0000] {processor.py:925} INFO - DAG(s) 'example_bash_operator' retrieved from /home/airflow/.local/lib/python3.12/site-packages/airflow/example_dags/example_bash_operator.py
[2024-11-25T09:50:14.978+0000] {logging_mixin.py:190} INFO - [2024-11-25T09:50:14.978+0000] {dag.py:3239} INFO - Sync 1 DAGs
[2024-11-25T09:50:15.010+0000] {logging_mixin.py:190} INFO - [2024-11-25T09:50:15.009+0000] {dag.py:4180} INFO - Setting next_dagrun for example_bash_operator to 2024-11-24 00:00:00+00:00, run_after=2024-11-25 00:00:00+00:00
[2024-11-25T09:50:15.041+0000] {processor.py:208} INFO - Processing /home/airflow/.local/lib/python3.12/site-packages/airflow/example_dags/example_bash_operator.py took 0.145 seconds
[2024-11-25T09:50:45.763+0000] {processor.py:186} INFO - Started process (PID=989) to work on /home/airflow/.local/lib/python3.12/site-packages/airflow/example_dags/example_bash_operator.py
[2024-11-25T09:50:45.766+0000] {processor.py:914} INFO - Processing file /home/airflow/.local/lib/python3.12/site-packages/airflow/example_dags/example_bash_operator.py for tasks to queue
[2024-11-25T09:50:45.771+0000] {logging_mixin.py:190} INFO - [2024-11-25T09:50:45.769+0000] {dagbag.py:588} INFO - Filling up the DagBag from /home/airflow/.local/lib/python3.12/site-packages/airflow/example_dags/example_bash_operator.py
[2024-11-25T09:50:45.810+0000] {processor.py:925} INFO - DAG(s) 'example_bash_operator' retrieved from /home/airflow/.local/lib/python3.12/site-packages/airflow/example_dags/example_bash_operator.py
[2024-11-25T09:50:45.862+0000] {logging_mixin.py:190} INFO - [2024-11-25T09:50:45.861+0000] {dag.py:3239} INFO - Sync 1 DAGs
[2024-11-25T09:50:45.921+0000] {logging_mixin.py:190} INFO - [2024-11-25T09:50:45.920+0000] {dag.py:4180} INFO - Setting next_dagrun for example_bash_operator to 2024-11-24 00:00:00+00:00, run_after=2024-11-25 00:00:00+00:00
[2024-11-25T09:50:45.957+0000] {processor.py:208} INFO - Processing /home/airflow/.local/lib/python3.12/site-packages/airflow/example_dags/example_bash_operator.py took 0.203 seconds
[2024-11-25T09:51:16.416+0000] {processor.py:186} INFO - Started process (PID=1288) to work on /home/airflow/.local/lib/python3.12/site-packages/airflow/example_dags/example_bash_operator.py
[2024-11-25T09:51:16.422+0000] {processor.py:914} INFO - Processing file /home/airflow/.local/lib/python3.12/site-packages/airflow/example_dags/example_bash_operator.py for tasks to queue
[2024-11-25T09:51:16.424+0000] {logging_mixin.py:190} INFO - [2024-11-25T09:51:16.423+0000] {dagbag.py:588} INFO - Filling up the DagBag from /home/airflow/.local/lib/python3.12/site-packages/airflow/example_dags/example_bash_operator.py
[2024-11-25T09:51:16.439+0000] {processor.py:925} INFO - DAG(s) 'example_bash_operator' retrieved from /home/airflow/.local/lib/python3.12/site-packages/airflow/example_dags/example_bash_operator.py
[2024-11-25T09:51:16.471+0000] {logging_mixin.py:190} INFO - [2024-11-25T09:51:16.470+0000] {dag.py:3239} INFO - Sync 1 DAGs
[2024-11-25T09:51:16.498+0000] {logging_mixin.py:190} INFO - [2024-11-25T09:51:16.498+0000] {dag.py:4180} INFO - Setting next_dagrun for example_bash_operator to 2024-11-24 00:00:00+00:00, run_after=2024-11-25 00:00:00+00:00
[2024-11-25T09:51:16.521+0000] {processor.py:208} INFO - Processing /home/airflow/.local/lib/python3.12/site-packages/airflow/example_dags/example_bash_operator.py took 0.111 seconds
[2024-11-25T09:51:47.921+0000] {processor.py:186} INFO - Started process (PID=1589) to work on /home/airflow/.local/lib/python3.12/site-packages/airflow/example_dags/example_bash_operator.py
[2024-11-25T09:51:47.922+0000] {processor.py:914} INFO - Processing file /home/airflow/.local/lib/python3.12/site-packages/airflow/example_dags/example_bash_operator.py for tasks to queue
[2024-11-25T09:51:47.924+0000] {logging_mixin.py:190} INFO - [2024-11-25T09:51:47.924+0000] {dagbag.py:588} INFO - Filling up the DagBag from /home/airflow/.local/lib/python3.12/site-packages/airflow/example_dags/example_bash_operator.py
[2024-11-25T09:51:47.946+0000] {processor.py:925} INFO - DAG(s) 'example_bash_operator' retrieved from /home/airflow/.local/lib/python3.12/site-packages/airflow/example_dags/example_bash_operator.py
[2024-11-25T09:51:47.993+0000] {logging_mixin.py:190} INFO - [2024-11-25T09:51:47.993+0000] {dag.py:3239} INFO - Sync 1 DAGs
[2024-11-25T09:51:48.047+0000] {logging_mixin.py:190} INFO - [2024-11-25T09:51:48.047+0000] {dag.py:4180} INFO - Setting next_dagrun for example_bash_operator to 2024-11-24 00:00:00+00:00, run_after=2024-11-25 00:00:00+00:00
[2024-11-25T09:51:48.085+0000] {processor.py:208} INFO - Processing /home/airflow/.local/lib/python3.12/site-packages/airflow/example_dags/example_bash_operator.py took 0.174 seconds
[2024-11-25T09:52:21.172+0000] {processor.py:186} INFO - Started process (PID=1892) to work on /home/airflow/.local/lib/python3.12/site-packages/airflow/example_dags/example_bash_operator.py
[2024-11-25T09:52:21.174+0000] {processor.py:914} INFO - Processing file /home/airflow/.local/lib/python3.12/site-packages/airflow/example_dags/example_bash_operator.py for tasks to queue
[2024-11-25T09:52:21.176+0000] {logging_mixin.py:190} INFO - [2024-11-25T09:52:21.176+0000] {dagbag.py:588} INFO - Filling up the DagBag from /home/airflow/.local/lib/python3.12/site-packages/airflow/example_dags/example_bash_operator.py
[2024-11-25T09:52:21.206+0000] {processor.py:925} INFO - DAG(s) 'example_bash_operator' retrieved from /home/airflow/.local/lib/python3.12/site-packages/airflow/example_dags/example_bash_operator.py
[2024-11-25T09:52:21.261+0000] {logging_mixin.py:190} INFO - [2024-11-25T09:52:21.261+0000] {dag.py:3239} INFO - Sync 1 DAGs
[2024-11-25T09:52:21.321+0000] {logging_mixin.py:190} INFO - [2024-11-25T09:52:21.321+0000] {dag.py:4180} INFO - Setting next_dagrun for example_bash_operator to 2024-11-24 00:00:00+00:00, run_after=2024-11-25 00:00:00+00:00
[2024-11-25T09:52:21.364+0000] {processor.py:208} INFO - Processing /home/airflow/.local/lib/python3.12/site-packages/airflow/example_dags/example_bash_operator.py took 0.204 seconds
[2024-11-25T09:52:54.087+0000] {processor.py:186} INFO - Started process (PID=2186) to work on /home/airflow/.local/lib/python3.12/site-packages/airflow/example_dags/example_bash_operator.py
[2024-11-25T09:52:54.089+0000] {processor.py:914} INFO - Processing file /home/airflow/.local/lib/python3.12/site-packages/airflow/example_dags/example_bash_operator.py for tasks to queue
[2024-11-25T09:52:54.091+0000] {logging_mixin.py:190} INFO - [2024-11-25T09:52:54.091+0000] {dagbag.py:588} INFO - Filling up the DagBag from /home/airflow/.local/lib/python3.12/site-packages/airflow/example_dags/example_bash_operator.py
[2024-11-25T09:52:54.124+0000] {processor.py:925} INFO - DAG(s) 'example_bash_operator' retrieved from /home/airflow/.local/lib/python3.12/site-packages/airflow/example_dags/example_bash_operator.py
[2024-11-25T09:52:54.191+0000] {logging_mixin.py:190} INFO - [2024-11-25T09:52:54.190+0000] {dag.py:3239} INFO - Sync 1 DAGs
[2024-11-25T09:52:54.238+0000] {logging_mixin.py:190} INFO - [2024-11-25T09:52:54.237+0000] {dag.py:4180} INFO - Setting next_dagrun for example_bash_operator to 2024-11-24 00:00:00+00:00, run_after=2024-11-25 00:00:00+00:00
[2024-11-25T09:52:54.281+0000] {processor.py:208} INFO - Processing /home/airflow/.local/lib/python3.12/site-packages/airflow/example_dags/example_bash_operator.py took 0.206 seconds
[2024-11-25T09:53:24.596+0000] {processor.py:186} INFO - Started process (PID=2482) to work on /home/airflow/.local/lib/python3.12/site-packages/airflow/example_dags/example_bash_operator.py
[2024-11-25T09:53:24.598+0000] {processor.py:914} INFO - Processing file /home/airflow/.local/lib/python3.12/site-packages/airflow/example_dags/example_bash_operator.py for tasks to queue
[2024-11-25T09:53:24.600+0000] {logging_mixin.py:190} INFO - [2024-11-25T09:53:24.600+0000] {dagbag.py:588} INFO - Filling up the DagBag from /home/airflow/.local/lib/python3.12/site-packages/airflow/example_dags/example_bash_operator.py
[2024-11-25T09:53:24.616+0000] {processor.py:925} INFO - DAG(s) 'example_bash_operator' retrieved from /home/airflow/.local/lib/python3.12/site-packages/airflow/example_dags/example_bash_operator.py
[2024-11-25T09:53:24.657+0000] {logging_mixin.py:190} INFO - [2024-11-25T09:53:24.657+0000] {dag.py:3239} INFO - Sync 1 DAGs
[2024-11-25T09:53:24.691+0000] {logging_mixin.py:190} INFO - [2024-11-25T09:53:24.691+0000] {dag.py:4180} INFO - Setting next_dagrun for example_bash_operator to 2024-11-24 00:00:00+00:00, run_after=2024-11-25 00:00:00+00:00
[2024-11-25T09:53:24.742+0000] {processor.py:208} INFO - Processing /home/airflow/.local/lib/python3.12/site-packages/airflow/example_dags/example_bash_operator.py took 0.158 seconds
[2024-11-25T09:53:54.949+0000] {processor.py:186} INFO - Started process (PID=2778) to work on /home/airflow/.local/lib/python3.12/site-packages/airflow/example_dags/example_bash_operator.py
[2024-11-25T09:53:54.951+0000] {processor.py:914} INFO - Processing file /home/airflow/.local/lib/python3.12/site-packages/airflow/example_dags/example_bash_operator.py for tasks to queue
[2024-11-25T09:53:54.953+0000] {logging_mixin.py:190} INFO - [2024-11-25T09:53:54.952+0000] {dagbag.py:588} INFO - Filling up the DagBag from /home/airflow/.local/lib/python3.12/site-packages/airflow/example_dags/example_bash_operator.py
[2024-11-25T09:53:54.983+0000] {processor.py:925} INFO - DAG(s) 'example_bash_operator' retrieved from /home/airflow/.local/lib/python3.12/site-packages/airflow/example_dags/example_bash_operator.py
[2024-11-25T09:53:55.040+0000] {logging_mixin.py:190} INFO - [2024-11-25T09:53:55.040+0000] {dag.py:3239} INFO - Sync 1 DAGs
[2024-11-25T09:53:55.076+0000] {logging_mixin.py:190} INFO - [2024-11-25T09:53:55.076+0000] {dag.py:4180} INFO - Setting next_dagrun for example_bash_operator to 2024-11-24 00:00:00+00:00, run_after=2024-11-25 00:00:00+00:00
[2024-11-25T09:53:55.098+0000] {processor.py:208} INFO - Processing /home/airflow/.local/lib/python3.12/site-packages/airflow/example_dags/example_bash_operator.py took 0.158 seconds
[2024-11-25T09:54:25.779+0000] {processor.py:186} INFO - Started process (PID=3074) to work on /home/airflow/.local/lib/python3.12/site-packages/airflow/example_dags/example_bash_operator.py
[2024-11-25T09:54:25.781+0000] {processor.py:914} INFO - Processing file /home/airflow/.local/lib/python3.12/site-packages/airflow/example_dags/example_bash_operator.py for tasks to queue
[2024-11-25T09:54:25.782+0000] {logging_mixin.py:190} INFO - [2024-11-25T09:54:25.782+0000] {dagbag.py:588} INFO - Filling up the DagBag from /home/airflow/.local/lib/python3.12/site-packages/airflow/example_dags/example_bash_operator.py
[2024-11-25T09:54:25.799+0000] {processor.py:925} INFO - DAG(s) 'example_bash_operator' retrieved from /home/airflow/.local/lib/python3.12/site-packages/airflow/example_dags/example_bash_operator.py
[2024-11-25T09:54:25.830+0000] {logging_mixin.py:190} INFO - [2024-11-25T09:54:25.829+0000] {dag.py:3239} INFO - Sync 1 DAGs
[2024-11-25T09:54:25.862+0000] {logging_mixin.py:190} INFO - [2024-11-25T09:54:25.861+0000] {dag.py:4180} INFO - Setting next_dagrun for example_bash_operator to 2024-11-24 00:00:00+00:00, run_after=2024-11-25 00:00:00+00:00
[2024-11-25T09:54:25.885+0000] {processor.py:208} INFO - Processing /home/airflow/.local/lib/python3.12/site-packages/airflow/example_dags/example_bash_operator.py took 0.113 seconds
[2024-11-25T09:54:56.064+0000] {processor.py:186} INFO - Started process (PID=3365) to work on /home/airflow/.local/lib/python3.12/site-packages/airflow/example_dags/example_bash_operator.py
[2024-11-25T09:54:56.066+0000] {processor.py:914} INFO - Processing file /home/airflow/.local/lib/python3.12/site-packages/airflow/example_dags/example_bash_operator.py for tasks to queue
[2024-11-25T09:54:56.068+0000] {logging_mixin.py:190} INFO - [2024-11-25T09:54:56.067+0000] {dagbag.py:588} INFO - Filling up the DagBag from /home/airflow/.local/lib/python3.12/site-packages/airflow/example_dags/example_bash_operator.py
[2024-11-25T09:54:56.092+0000] {processor.py:925} INFO - DAG(s) 'example_bash_operator' retrieved from /home/airflow/.local/lib/python3.12/site-packages/airflow/example_dags/example_bash_operator.py
[2024-11-25T09:54:56.135+0000] {logging_mixin.py:190} INFO - [2024-11-25T09:54:56.134+0000] {dag.py:3239} INFO - Sync 1 DAGs
[2024-11-25T09:54:56.178+0000] {logging_mixin.py:190} INFO - [2024-11-25T09:54:56.178+0000] {dag.py:4180} INFO - Setting next_dagrun for example_bash_operator to 2024-11-24 00:00:00+00:00, run_after=2024-11-25 00:00:00+00:00
[2024-11-25T09:54:56.209+0000] {processor.py:208} INFO - Processing /home/airflow/.local/lib/python3.12/site-packages/airflow/example_dags/example_bash_operator.py took 0.157 seconds
[2024-11-25T09:55:26.926+0000] {processor.py:186} INFO - Started process (PID=3656) to work on /home/airflow/.local/lib/python3.12/site-packages/airflow/example_dags/example_bash_operator.py
[2024-11-25T09:55:26.927+0000] {processor.py:914} INFO - Processing file /home/airflow/.local/lib/python3.12/site-packages/airflow/example_dags/example_bash_operator.py for tasks to queue
[2024-11-25T09:55:26.929+0000] {logging_mixin.py:190} INFO - [2024-11-25T09:55:26.929+0000] {dagbag.py:588} INFO - Filling up the DagBag from /home/airflow/.local/lib/python3.12/site-packages/airflow/example_dags/example_bash_operator.py
[2024-11-25T09:55:26.959+0000] {processor.py:925} INFO - DAG(s) 'example_bash_operator' retrieved from /home/airflow/.local/lib/python3.12/site-packages/airflow/example_dags/example_bash_operator.py
[2024-11-25T09:55:27.003+0000] {logging_mixin.py:190} INFO - [2024-11-25T09:55:27.003+0000] {dag.py:3239} INFO - Sync 1 DAGs
[2024-11-25T09:55:27.046+0000] {logging_mixin.py:190} INFO - [2024-11-25T09:55:27.046+0000] {dag.py:4180} INFO - Setting next_dagrun for example_bash_operator to 2024-11-24 00:00:00+00:00, run_after=2024-11-25 00:00:00+00:00
[2024-11-25T09:55:27.086+0000] {processor.py:208} INFO - Processing /home/airflow/.local/lib/python3.12/site-packages/airflow/example_dags/example_bash_operator.py took 0.170 seconds
[2024-11-25T09:55:58.104+0000] {processor.py:186} INFO - Started process (PID=3958) to work on /home/airflow/.local/lib/python3.12/site-packages/airflow/example_dags/example_bash_operator.py
[2024-11-25T09:55:58.106+0000] {processor.py:914} INFO - Processing file /home/airflow/.local/lib/python3.12/site-packages/airflow/example_dags/example_bash_operator.py for tasks to queue
[2024-11-25T09:55:58.107+0000] {logging_mixin.py:190} INFO - [2024-11-25T09:55:58.107+0000] {dagbag.py:588} INFO - Filling up the DagBag from /home/airflow/.local/lib/python3.12/site-packages/airflow/example_dags/example_bash_operator.py
[2024-11-25T09:55:58.123+0000] {processor.py:925} INFO - DAG(s) 'example_bash_operator' retrieved from /home/airflow/.local/lib/python3.12/site-packages/airflow/example_dags/example_bash_operator.py
[2024-11-25T09:55:58.161+0000] {logging_mixin.py:190} INFO - [2024-11-25T09:55:58.161+0000] {dag.py:3239} INFO - Sync 1 DAGs
[2024-11-25T09:55:58.187+0000] {logging_mixin.py:190} INFO - [2024-11-25T09:55:58.187+0000] {dag.py:4180} INFO - Setting next_dagrun for example_bash_operator to 2024-11-24 00:00:00+00:00, run_after=2024-11-25 00:00:00+00:00
[2024-11-25T09:55:58.211+0000] {processor.py:208} INFO - Processing /home/airflow/.local/lib/python3.12/site-packages/airflow/example_dags/example_bash_operator.py took 0.112 seconds
[2024-11-25T09:56:28.863+0000] {processor.py:186} INFO - Started process (PID=4254) to work on /home/airflow/.local/lib/python3.12/site-packages/airflow/example_dags/example_bash_operator.py
[2024-11-25T09:56:28.865+0000] {processor.py:914} INFO - Processing file /home/airflow/.local/lib/python3.12/site-packages/airflow/example_dags/example_bash_operator.py for tasks to queue
[2024-11-25T09:56:28.866+0000] {logging_mixin.py:190} INFO - [2024-11-25T09:56:28.866+0000] {dagbag.py:588} INFO - Filling up the DagBag from /home/airflow/.local/lib/python3.12/site-packages/airflow/example_dags/example_bash_operator.py
[2024-11-25T09:56:28.881+0000] {processor.py:925} INFO - DAG(s) 'example_bash_operator' retrieved from /home/airflow/.local/lib/python3.12/site-packages/airflow/example_dags/example_bash_operator.py
[2024-11-25T09:56:28.912+0000] {logging_mixin.py:190} INFO - [2024-11-25T09:56:28.912+0000] {dag.py:3239} INFO - Sync 1 DAGs
[2024-11-25T09:56:28.938+0000] {logging_mixin.py:190} INFO - [2024-11-25T09:56:28.937+0000] {dag.py:4180} INFO - Setting next_dagrun for example_bash_operator to 2024-11-24 00:00:00+00:00, run_after=2024-11-25 00:00:00+00:00
[2024-11-25T09:56:28.961+0000] {processor.py:208} INFO - Processing /home/airflow/.local/lib/python3.12/site-packages/airflow/example_dags/example_bash_operator.py took 0.103 seconds
[2024-11-25T09:56:59.710+0000] {processor.py:186} INFO - Started process (PID=4550) to work on /home/airflow/.local/lib/python3.12/site-packages/airflow/example_dags/example_bash_operator.py
[2024-11-25T09:56:59.711+0000] {processor.py:914} INFO - Processing file /home/airflow/.local/lib/python3.12/site-packages/airflow/example_dags/example_bash_operator.py for tasks to queue
[2024-11-25T09:56:59.713+0000] {logging_mixin.py:190} INFO - [2024-11-25T09:56:59.713+0000] {dagbag.py:588} INFO - Filling up the DagBag from /home/airflow/.local/lib/python3.12/site-packages/airflow/example_dags/example_bash_operator.py
[2024-11-25T09:56:59.731+0000] {processor.py:925} INFO - DAG(s) 'example_bash_operator' retrieved from /home/airflow/.local/lib/python3.12/site-packages/airflow/example_dags/example_bash_operator.py
[2024-11-25T09:56:59.766+0000] {logging_mixin.py:190} INFO - [2024-11-25T09:56:59.765+0000] {dag.py:3239} INFO - Sync 1 DAGs
[2024-11-25T09:56:59.811+0000] {logging_mixin.py:190} INFO - [2024-11-25T09:56:59.810+0000] {dag.py:4180} INFO - Setting next_dagrun for example_bash_operator to 2024-11-24 00:00:00+00:00, run_after=2024-11-25 00:00:00+00:00
[2024-11-25T09:56:59.834+0000] {processor.py:208} INFO - Processing /home/airflow/.local/lib/python3.12/site-packages/airflow/example_dags/example_bash_operator.py took 0.132 seconds
[2024-11-25T09:57:30.089+0000] {processor.py:186} INFO - Started process (PID=4844) to work on /home/airflow/.local/lib/python3.12/site-packages/airflow/example_dags/example_bash_operator.py
[2024-11-25T09:57:30.091+0000] {processor.py:914} INFO - Processing file /home/airflow/.local/lib/python3.12/site-packages/airflow/example_dags/example_bash_operator.py for tasks to queue
[2024-11-25T09:57:30.093+0000] {logging_mixin.py:190} INFO - [2024-11-25T09:57:30.093+0000] {dagbag.py:588} INFO - Filling up the DagBag from /home/airflow/.local/lib/python3.12/site-packages/airflow/example_dags/example_bash_operator.py
[2024-11-25T09:57:30.117+0000] {processor.py:925} INFO - DAG(s) 'example_bash_operator' retrieved from /home/airflow/.local/lib/python3.12/site-packages/airflow/example_dags/example_bash_operator.py
[2024-11-25T09:57:30.155+0000] {logging_mixin.py:190} INFO - [2024-11-25T09:57:30.155+0000] {dag.py:3239} INFO - Sync 1 DAGs
[2024-11-25T09:57:30.191+0000] {logging_mixin.py:190} INFO - [2024-11-25T09:57:30.190+0000] {dag.py:4180} INFO - Setting next_dagrun for example_bash_operator to 2024-11-24 00:00:00+00:00, run_after=2024-11-25 00:00:00+00:00
[2024-11-25T09:57:30.223+0000] {processor.py:208} INFO - Processing /home/airflow/.local/lib/python3.12/site-packages/airflow/example_dags/example_bash_operator.py took 0.142 seconds
[2024-11-25T09:58:00.803+0000] {processor.py:186} INFO - Started process (PID=5142) to work on /home/airflow/.local/lib/python3.12/site-packages/airflow/example_dags/example_bash_operator.py
[2024-11-25T09:58:00.804+0000] {processor.py:914} INFO - Processing file /home/airflow/.local/lib/python3.12/site-packages/airflow/example_dags/example_bash_operator.py for tasks to queue
[2024-11-25T09:58:00.807+0000] {logging_mixin.py:190} INFO - [2024-11-25T09:58:00.807+0000] {dagbag.py:588} INFO - Filling up the DagBag from /home/airflow/.local/lib/python3.12/site-packages/airflow/example_dags/example_bash_operator.py
[2024-11-25T09:58:00.844+0000] {processor.py:925} INFO - DAG(s) 'example_bash_operator' retrieved from /home/airflow/.local/lib/python3.12/site-packages/airflow/example_dags/example_bash_operator.py
[2024-11-25T09:58:00.909+0000] {logging_mixin.py:190} INFO - [2024-11-25T09:58:00.909+0000] {dag.py:3239} INFO - Sync 1 DAGs
[2024-11-25T09:58:00.957+0000] {logging_mixin.py:190} INFO - [2024-11-25T09:58:00.957+0000] {dag.py:4180} INFO - Setting next_dagrun for example_bash_operator to 2024-11-24 00:00:00+00:00, run_after=2024-11-25 00:00:00+00:00
[2024-11-25T09:58:01.004+0000] {processor.py:208} INFO - Processing /home/airflow/.local/lib/python3.12/site-packages/airflow/example_dags/example_bash_operator.py took 0.223 seconds
[2024-11-25T09:58:31.097+0000] {processor.py:186} INFO - Started process (PID=5438) to work on /home/airflow/.local/lib/python3.12/site-packages/airflow/example_dags/example_bash_operator.py
[2024-11-25T09:58:31.099+0000] {processor.py:914} INFO - Processing file /home/airflow/.local/lib/python3.12/site-packages/airflow/example_dags/example_bash_operator.py for tasks to queue
[2024-11-25T09:58:31.101+0000] {logging_mixin.py:190} INFO - [2024-11-25T09:58:31.100+0000] {dagbag.py:588} INFO - Filling up the DagBag from /home/airflow/.local/lib/python3.12/site-packages/airflow/example_dags/example_bash_operator.py
[2024-11-25T09:58:31.119+0000] {processor.py:925} INFO - DAG(s) 'example_bash_operator' retrieved from /home/airflow/.local/lib/python3.12/site-packages/airflow/example_dags/example_bash_operator.py
[2024-11-25T09:58:31.154+0000] {logging_mixin.py:190} INFO - [2024-11-25T09:58:31.154+0000] {dag.py:3239} INFO - Sync 1 DAGs
[2024-11-25T09:58:31.191+0000] {logging_mixin.py:190} INFO - [2024-11-25T09:58:31.191+0000] {dag.py:4180} INFO - Setting next_dagrun for example_bash_operator to 2024-11-24 00:00:00+00:00, run_after=2024-11-25 00:00:00+00:00
[2024-11-25T09:58:31.226+0000] {processor.py:208} INFO - Processing /home/airflow/.local/lib/python3.12/site-packages/airflow/example_dags/example_bash_operator.py took 0.136 seconds
[2024-11-25T09:59:01.890+0000] {processor.py:186} INFO - Started process (PID=5743) to work on /home/airflow/.local/lib/python3.12/site-packages/airflow/example_dags/example_bash_operator.py
[2024-11-25T09:59:01.891+0000] {processor.py:914} INFO - Processing file /home/airflow/.local/lib/python3.12/site-packages/airflow/example_dags/example_bash_operator.py for tasks to queue
[2024-11-25T09:59:01.893+0000] {logging_mixin.py:190} INFO - [2024-11-25T09:59:01.892+0000] {dagbag.py:588} INFO - Filling up the DagBag from /home/airflow/.local/lib/python3.12/site-packages/airflow/example_dags/example_bash_operator.py
[2024-11-25T09:59:01.914+0000] {processor.py:925} INFO - DAG(s) 'example_bash_operator' retrieved from /home/airflow/.local/lib/python3.12/site-packages/airflow/example_dags/example_bash_operator.py
[2024-11-25T09:59:01.963+0000] {logging_mixin.py:190} INFO - [2024-11-25T09:59:01.963+0000] {dag.py:3239} INFO - Sync 1 DAGs
[2024-11-25T09:59:02.023+0000] {logging_mixin.py:190} INFO - [2024-11-25T09:59:02.023+0000] {dag.py:4180} INFO - Setting next_dagrun for example_bash_operator to 2024-11-24 00:00:00+00:00, run_after=2024-11-25 00:00:00+00:00
[2024-11-25T09:59:02.068+0000] {processor.py:208} INFO - Processing /home/airflow/.local/lib/python3.12/site-packages/airflow/example_dags/example_bash_operator.py took 0.186 seconds
[2024-11-25T09:59:32.304+0000] {processor.py:186} INFO - Started process (PID=6039) to work on /home/airflow/.local/lib/python3.12/site-packages/airflow/example_dags/example_bash_operator.py
[2024-11-25T09:59:32.306+0000] {processor.py:914} INFO - Processing file /home/airflow/.local/lib/python3.12/site-packages/airflow/example_dags/example_bash_operator.py for tasks to queue
[2024-11-25T09:59:32.308+0000] {logging_mixin.py:190} INFO - [2024-11-25T09:59:32.307+0000] {dagbag.py:588} INFO - Filling up the DagBag from /home/airflow/.local/lib/python3.12/site-packages/airflow/example_dags/example_bash_operator.py
[2024-11-25T09:59:32.332+0000] {processor.py:925} INFO - DAG(s) 'example_bash_operator' retrieved from /home/airflow/.local/lib/python3.12/site-packages/airflow/example_dags/example_bash_operator.py
[2024-11-25T09:59:32.372+0000] {logging_mixin.py:190} INFO - [2024-11-25T09:59:32.371+0000] {dag.py:3239} INFO - Sync 1 DAGs
[2024-11-25T09:59:32.407+0000] {logging_mixin.py:190} INFO - [2024-11-25T09:59:32.406+0000] {dag.py:4180} INFO - Setting next_dagrun for example_bash_operator to 2024-11-24 00:00:00+00:00, run_after=2024-11-25 00:00:00+00:00
[2024-11-25T09:59:32.439+0000] {processor.py:208} INFO - Processing /home/airflow/.local/lib/python3.12/site-packages/airflow/example_dags/example_bash_operator.py took 0.147 seconds
[2024-11-25T10:00:02.673+0000] {processor.py:186} INFO - Started process (PID=6335) to work on /home/airflow/.local/lib/python3.12/site-packages/airflow/example_dags/example_bash_operator.py
[2024-11-25T10:00:02.674+0000] {processor.py:914} INFO - Processing file /home/airflow/.local/lib/python3.12/site-packages/airflow/example_dags/example_bash_operator.py for tasks to queue
[2024-11-25T10:00:02.676+0000] {logging_mixin.py:190} INFO - [2024-11-25T10:00:02.675+0000] {dagbag.py:588} INFO - Filling up the DagBag from /home/airflow/.local/lib/python3.12/site-packages/airflow/example_dags/example_bash_operator.py
[2024-11-25T10:00:02.693+0000] {processor.py:925} INFO - DAG(s) 'example_bash_operator' retrieved from /home/airflow/.local/lib/python3.12/site-packages/airflow/example_dags/example_bash_operator.py
[2024-11-25T10:00:02.724+0000] {logging_mixin.py:190} INFO - [2024-11-25T10:00:02.724+0000] {dag.py:3239} INFO - Sync 1 DAGs
[2024-11-25T10:00:02.753+0000] {logging_mixin.py:190} INFO - [2024-11-25T10:00:02.753+0000] {dag.py:4180} INFO - Setting next_dagrun for example_bash_operator to 2024-11-24 00:00:00+00:00, run_after=2024-11-25 00:00:00+00:00
[2024-11-25T10:00:02.778+0000] {processor.py:208} INFO - Processing /home/airflow/.local/lib/python3.12/site-packages/airflow/example_dags/example_bash_operator.py took 0.112 seconds
[2024-11-25T10:00:33.227+0000] {processor.py:186} INFO - Started process (PID=6631) to work on /home/airflow/.local/lib/python3.12/site-packages/airflow/example_dags/example_bash_operator.py
[2024-11-25T10:00:33.229+0000] {processor.py:914} INFO - Processing file /home/airflow/.local/lib/python3.12/site-packages/airflow/example_dags/example_bash_operator.py for tasks to queue
[2024-11-25T10:00:33.231+0000] {logging_mixin.py:190} INFO - [2024-11-25T10:00:33.230+0000] {dagbag.py:588} INFO - Filling up the DagBag from /home/airflow/.local/lib/python3.12/site-packages/airflow/example_dags/example_bash_operator.py
[2024-11-25T10:00:33.250+0000] {processor.py:925} INFO - DAG(s) 'example_bash_operator' retrieved from /home/airflow/.local/lib/python3.12/site-packages/airflow/example_dags/example_bash_operator.py
[2024-11-25T10:00:33.284+0000] {logging_mixin.py:190} INFO - [2024-11-25T10:00:33.283+0000] {dag.py:3239} INFO - Sync 1 DAGs
[2024-11-25T10:00:33.311+0000] {logging_mixin.py:190} INFO - [2024-11-25T10:00:33.311+0000] {dag.py:4180} INFO - Setting next_dagrun for example_bash_operator to 2024-11-24 00:00:00+00:00, run_after=2024-11-25 00:00:00+00:00
[2024-11-25T10:00:33.338+0000] {processor.py:208} INFO - Processing /home/airflow/.local/lib/python3.12/site-packages/airflow/example_dags/example_bash_operator.py took 0.117 seconds
[2024-11-25T10:01:04.018+0000] {processor.py:186} INFO - Started process (PID=6927) to work on /home/airflow/.local/lib/python3.12/site-packages/airflow/example_dags/example_bash_operator.py
[2024-11-25T10:01:04.019+0000] {processor.py:914} INFO - Processing file /home/airflow/.local/lib/python3.12/site-packages/airflow/example_dags/example_bash_operator.py for tasks to queue
[2024-11-25T10:01:04.022+0000] {logging_mixin.py:190} INFO - [2024-11-25T10:01:04.021+0000] {dagbag.py:588} INFO - Filling up the DagBag from /home/airflow/.local/lib/python3.12/site-packages/airflow/example_dags/example_bash_operator.py
[2024-11-25T10:01:04.044+0000] {processor.py:925} INFO - DAG(s) 'example_bash_operator' retrieved from /home/airflow/.local/lib/python3.12/site-packages/airflow/example_dags/example_bash_operator.py
[2024-11-25T10:01:04.118+0000] {logging_mixin.py:190} INFO - [2024-11-25T10:01:04.117+0000] {dag.py:3239} INFO - Sync 1 DAGs
[2024-11-25T10:01:04.229+0000] {logging_mixin.py:190} INFO - [2024-11-25T10:01:04.229+0000] {dag.py:4180} INFO - Setting next_dagrun for example_bash_operator to 2024-11-24 00:00:00+00:00, run_after=2024-11-25 00:00:00+00:00
[2024-11-25T10:01:04.298+0000] {processor.py:208} INFO - Processing /home/airflow/.local/lib/python3.12/site-packages/airflow/example_dags/example_bash_operator.py took 0.292 seconds
[2024-11-25T10:01:34.384+0000] {processor.py:186} INFO - Started process (PID=7223) to work on /home/airflow/.local/lib/python3.12/site-packages/airflow/example_dags/example_bash_operator.py
[2024-11-25T10:01:34.386+0000] {processor.py:914} INFO - Processing file /home/airflow/.local/lib/python3.12/site-packages/airflow/example_dags/example_bash_operator.py for tasks to queue
[2024-11-25T10:01:34.387+0000] {logging_mixin.py:190} INFO - [2024-11-25T10:01:34.387+0000] {dagbag.py:588} INFO - Filling up the DagBag from /home/airflow/.local/lib/python3.12/site-packages/airflow/example_dags/example_bash_operator.py
[2024-11-25T10:01:34.406+0000] {processor.py:925} INFO - DAG(s) 'example_bash_operator' retrieved from /home/airflow/.local/lib/python3.12/site-packages/airflow/example_dags/example_bash_operator.py
[2024-11-25T10:01:34.446+0000] {logging_mixin.py:190} INFO - [2024-11-25T10:01:34.446+0000] {dag.py:3239} INFO - Sync 1 DAGs
[2024-11-25T10:01:34.476+0000] {logging_mixin.py:190} INFO - [2024-11-25T10:01:34.476+0000] {dag.py:4180} INFO - Setting next_dagrun for example_bash_operator to 2024-11-24 00:00:00+00:00, run_after=2024-11-25 00:00:00+00:00
[2024-11-25T10:01:34.500+0000] {processor.py:208} INFO - Processing /home/airflow/.local/lib/python3.12/site-packages/airflow/example_dags/example_bash_operator.py took 0.122 seconds
[2024-11-25T10:02:05.158+0000] {processor.py:186} INFO - Started process (PID=7519) to work on /home/airflow/.local/lib/python3.12/site-packages/airflow/example_dags/example_bash_operator.py
[2024-11-25T10:02:05.159+0000] {processor.py:914} INFO - Processing file /home/airflow/.local/lib/python3.12/site-packages/airflow/example_dags/example_bash_operator.py for tasks to queue
[2024-11-25T10:02:05.162+0000] {logging_mixin.py:190} INFO - [2024-11-25T10:02:05.161+0000] {dagbag.py:588} INFO - Filling up the DagBag from /home/airflow/.local/lib/python3.12/site-packages/airflow/example_dags/example_bash_operator.py
[2024-11-25T10:02:05.182+0000] {processor.py:925} INFO - DAG(s) 'example_bash_operator' retrieved from /home/airflow/.local/lib/python3.12/site-packages/airflow/example_dags/example_bash_operator.py
[2024-11-25T10:02:05.214+0000] {logging_mixin.py:190} INFO - [2024-11-25T10:02:05.214+0000] {dag.py:3239} INFO - Sync 1 DAGs
[2024-11-25T10:02:05.242+0000] {logging_mixin.py:190} INFO - [2024-11-25T10:02:05.241+0000] {dag.py:4180} INFO - Setting next_dagrun for example_bash_operator to 2024-11-24 00:00:00+00:00, run_after=2024-11-25 00:00:00+00:00
[2024-11-25T10:02:05.267+0000] {processor.py:208} INFO - Processing /home/airflow/.local/lib/python3.12/site-packages/airflow/example_dags/example_bash_operator.py took 0.117 seconds
[2024-11-25T10:02:35.982+0000] {processor.py:186} INFO - Started process (PID=7815) to work on /home/airflow/.local/lib/python3.12/site-packages/airflow/example_dags/example_bash_operator.py
[2024-11-25T10:02:35.984+0000] {processor.py:914} INFO - Processing file /home/airflow/.local/lib/python3.12/site-packages/airflow/example_dags/example_bash_operator.py for tasks to queue
[2024-11-25T10:02:35.986+0000] {logging_mixin.py:190} INFO - [2024-11-25T10:02:35.985+0000] {dagbag.py:588} INFO - Filling up the DagBag from /home/airflow/.local/lib/python3.12/site-packages/airflow/example_dags/example_bash_operator.py
[2024-11-25T10:02:36.013+0000] {processor.py:925} INFO - DAG(s) 'example_bash_operator' retrieved from /home/airflow/.local/lib/python3.12/site-packages/airflow/example_dags/example_bash_operator.py
[2024-11-25T10:02:36.061+0000] {logging_mixin.py:190} INFO - [2024-11-25T10:02:36.061+0000] {dag.py:3239} INFO - Sync 1 DAGs
[2024-11-25T10:02:36.098+0000] {logging_mixin.py:190} INFO - [2024-11-25T10:02:36.097+0000] {dag.py:4180} INFO - Setting next_dagrun for example_bash_operator to 2024-11-24 00:00:00+00:00, run_after=2024-11-25 00:00:00+00:00
[2024-11-25T10:02:36.131+0000] {processor.py:208} INFO - Processing /home/airflow/.local/lib/python3.12/site-packages/airflow/example_dags/example_bash_operator.py took 0.156 seconds
[2024-11-25T10:03:09.482+0000] {processor.py:186} INFO - Started process (PID=8119) to work on /home/airflow/.local/lib/python3.12/site-packages/airflow/example_dags/example_bash_operator.py
[2024-11-25T10:03:09.484+0000] {processor.py:914} INFO - Processing file /home/airflow/.local/lib/python3.12/site-packages/airflow/example_dags/example_bash_operator.py for tasks to queue
[2024-11-25T10:03:09.487+0000] {logging_mixin.py:190} INFO - [2024-11-25T10:03:09.486+0000] {dagbag.py:588} INFO - Filling up the DagBag from /home/airflow/.local/lib/python3.12/site-packages/airflow/example_dags/example_bash_operator.py
[2024-11-25T10:03:09.511+0000] {processor.py:925} INFO - DAG(s) 'example_bash_operator' retrieved from /home/airflow/.local/lib/python3.12/site-packages/airflow/example_dags/example_bash_operator.py
[2024-11-25T10:03:09.565+0000] {logging_mixin.py:190} INFO - [2024-11-25T10:03:09.565+0000] {dag.py:3239} INFO - Sync 1 DAGs
[2024-11-25T10:03:09.617+0000] {logging_mixin.py:190} INFO - [2024-11-25T10:03:09.616+0000] {dag.py:4180} INFO - Setting next_dagrun for example_bash_operator to 2024-11-24 00:00:00+00:00, run_after=2024-11-25 00:00:00+00:00
[2024-11-25T10:03:09.659+0000] {processor.py:208} INFO - Processing /home/airflow/.local/lib/python3.12/site-packages/airflow/example_dags/example_bash_operator.py took 0.186 seconds
[2024-11-25T10:03:40.343+0000] {processor.py:186} INFO - Started process (PID=8413) to work on /home/airflow/.local/lib/python3.12/site-packages/airflow/example_dags/example_bash_operator.py
[2024-11-25T10:03:40.344+0000] {processor.py:914} INFO - Processing file /home/airflow/.local/lib/python3.12/site-packages/airflow/example_dags/example_bash_operator.py for tasks to queue
[2024-11-25T10:03:40.346+0000] {logging_mixin.py:190} INFO - [2024-11-25T10:03:40.345+0000] {dagbag.py:588} INFO - Filling up the DagBag from /home/airflow/.local/lib/python3.12/site-packages/airflow/example_dags/example_bash_operator.py
[2024-11-25T10:03:40.363+0000] {processor.py:925} INFO - DAG(s) 'example_bash_operator' retrieved from /home/airflow/.local/lib/python3.12/site-packages/airflow/example_dags/example_bash_operator.py
[2024-11-25T10:03:40.401+0000] {logging_mixin.py:190} INFO - [2024-11-25T10:03:40.401+0000] {dag.py:3239} INFO - Sync 1 DAGs
[2024-11-25T10:03:40.435+0000] {logging_mixin.py:190} INFO - [2024-11-25T10:03:40.435+0000] {dag.py:4180} INFO - Setting next_dagrun for example_bash_operator to 2024-11-24 00:00:00+00:00, run_after=2024-11-25 00:00:00+00:00
[2024-11-25T10:03:40.461+0000] {processor.py:208} INFO - Processing /home/airflow/.local/lib/python3.12/site-packages/airflow/example_dags/example_bash_operator.py took 0.124 seconds
[2024-11-25T10:04:11.490+0000] {processor.py:186} INFO - Started process (PID=8712) to work on /home/airflow/.local/lib/python3.12/site-packages/airflow/example_dags/example_bash_operator.py
[2024-11-25T10:04:11.493+0000] {processor.py:914} INFO - Processing file /home/airflow/.local/lib/python3.12/site-packages/airflow/example_dags/example_bash_operator.py for tasks to queue
[2024-11-25T10:04:11.497+0000] {logging_mixin.py:190} INFO - [2024-11-25T10:04:11.496+0000] {dagbag.py:588} INFO - Filling up the DagBag from /home/airflow/.local/lib/python3.12/site-packages/airflow/example_dags/example_bash_operator.py
[2024-11-25T10:04:11.528+0000] {processor.py:925} INFO - DAG(s) 'example_bash_operator' retrieved from /home/airflow/.local/lib/python3.12/site-packages/airflow/example_dags/example_bash_operator.py
[2024-11-25T10:04:11.588+0000] {logging_mixin.py:190} INFO - [2024-11-25T10:04:11.588+0000] {dag.py:3239} INFO - Sync 1 DAGs
[2024-11-25T10:04:11.630+0000] {logging_mixin.py:190} INFO - [2024-11-25T10:04:11.630+0000] {dag.py:4180} INFO - Setting next_dagrun for example_bash_operator to 2024-11-24 00:00:00+00:00, run_after=2024-11-25 00:00:00+00:00
[2024-11-25T10:04:11.661+0000] {processor.py:208} INFO - Processing /home/airflow/.local/lib/python3.12/site-packages/airflow/example_dags/example_bash_operator.py took 0.181 seconds
[2024-11-25T10:04:42.415+0000] {processor.py:186} INFO - Started process (PID=9008) to work on /home/airflow/.local/lib/python3.12/site-packages/airflow/example_dags/example_bash_operator.py
[2024-11-25T10:04:42.416+0000] {processor.py:914} INFO - Processing file /home/airflow/.local/lib/python3.12/site-packages/airflow/example_dags/example_bash_operator.py for tasks to queue
[2024-11-25T10:04:42.418+0000] {logging_mixin.py:190} INFO - [2024-11-25T10:04:42.418+0000] {dagbag.py:588} INFO - Filling up the DagBag from /home/airflow/.local/lib/python3.12/site-packages/airflow/example_dags/example_bash_operator.py
[2024-11-25T10:04:42.438+0000] {processor.py:925} INFO - DAG(s) 'example_bash_operator' retrieved from /home/airflow/.local/lib/python3.12/site-packages/airflow/example_dags/example_bash_operator.py
[2024-11-25T10:04:42.481+0000] {logging_mixin.py:190} INFO - [2024-11-25T10:04:42.480+0000] {dag.py:3239} INFO - Sync 1 DAGs
[2024-11-25T10:04:42.521+0000] {logging_mixin.py:190} INFO - [2024-11-25T10:04:42.520+0000] {dag.py:4180} INFO - Setting next_dagrun for example_bash_operator to 2024-11-24 00:00:00+00:00, run_after=2024-11-25 00:00:00+00:00
[2024-11-25T10:04:42.547+0000] {processor.py:208} INFO - Processing /home/airflow/.local/lib/python3.12/site-packages/airflow/example_dags/example_bash_operator.py took 0.140 seconds
[2024-11-25T10:05:12.713+0000] {processor.py:186} INFO - Started process (PID=9299) to work on /home/airflow/.local/lib/python3.12/site-packages/airflow/example_dags/example_bash_operator.py
[2024-11-25T10:05:12.714+0000] {processor.py:914} INFO - Processing file /home/airflow/.local/lib/python3.12/site-packages/airflow/example_dags/example_bash_operator.py for tasks to queue
[2024-11-25T10:05:12.716+0000] {logging_mixin.py:190} INFO - [2024-11-25T10:05:12.716+0000] {dagbag.py:588} INFO - Filling up the DagBag from /home/airflow/.local/lib/python3.12/site-packages/airflow/example_dags/example_bash_operator.py
[2024-11-25T10:05:12.738+0000] {processor.py:925} INFO - DAG(s) 'example_bash_operator' retrieved from /home/airflow/.local/lib/python3.12/site-packages/airflow/example_dags/example_bash_operator.py
[2024-11-25T10:05:12.772+0000] {logging_mixin.py:190} INFO - [2024-11-25T10:05:12.772+0000] {dag.py:3239} INFO - Sync 1 DAGs
[2024-11-25T10:05:12.805+0000] {logging_mixin.py:190} INFO - [2024-11-25T10:05:12.805+0000] {dag.py:4180} INFO - Setting next_dagrun for example_bash_operator to 2024-11-24 00:00:00+00:00, run_after=2024-11-25 00:00:00+00:00
[2024-11-25T10:05:12.832+0000] {processor.py:208} INFO - Processing /home/airflow/.local/lib/python3.12/site-packages/airflow/example_dags/example_bash_operator.py took 0.130 seconds
[2024-11-25T10:05:43.212+0000] {processor.py:186} INFO - Started process (PID=9590) to work on /home/airflow/.local/lib/python3.12/site-packages/airflow/example_dags/example_bash_operator.py
[2024-11-25T10:05:43.215+0000] {processor.py:914} INFO - Processing file /home/airflow/.local/lib/python3.12/site-packages/airflow/example_dags/example_bash_operator.py for tasks to queue
[2024-11-25T10:05:43.220+0000] {logging_mixin.py:190} INFO - [2024-11-25T10:05:43.219+0000] {dagbag.py:588} INFO - Filling up the DagBag from /home/airflow/.local/lib/python3.12/site-packages/airflow/example_dags/example_bash_operator.py
[2024-11-25T10:05:43.239+0000] {processor.py:925} INFO - DAG(s) 'example_bash_operator' retrieved from /home/airflow/.local/lib/python3.12/site-packages/airflow/example_dags/example_bash_operator.py
[2024-11-25T10:05:43.272+0000] {logging_mixin.py:190} INFO - [2024-11-25T10:05:43.272+0000] {dag.py:3239} INFO - Sync 1 DAGs
[2024-11-25T10:05:43.300+0000] {logging_mixin.py:190} INFO - [2024-11-25T10:05:43.299+0000] {dag.py:4180} INFO - Setting next_dagrun for example_bash_operator to 2024-11-24 00:00:00+00:00, run_after=2024-11-25 00:00:00+00:00
[2024-11-25T10:05:43.324+0000] {processor.py:208} INFO - Processing /home/airflow/.local/lib/python3.12/site-packages/airflow/example_dags/example_bash_operator.py took 0.122 seconds
[2024-11-25T10:06:13.621+0000] {processor.py:186} INFO - Started process (PID=9896) to work on /home/airflow/.local/lib/python3.12/site-packages/airflow/example_dags/example_bash_operator.py
[2024-11-25T10:06:13.622+0000] {processor.py:914} INFO - Processing file /home/airflow/.local/lib/python3.12/site-packages/airflow/example_dags/example_bash_operator.py for tasks to queue
[2024-11-25T10:06:13.624+0000] {logging_mixin.py:190} INFO - [2024-11-25T10:06:13.623+0000] {dagbag.py:588} INFO - Filling up the DagBag from /home/airflow/.local/lib/python3.12/site-packages/airflow/example_dags/example_bash_operator.py
[2024-11-25T10:06:13.645+0000] {processor.py:925} INFO - DAG(s) 'example_bash_operator' retrieved from /home/airflow/.local/lib/python3.12/site-packages/airflow/example_dags/example_bash_operator.py
[2024-11-25T10:06:13.685+0000] {logging_mixin.py:190} INFO - [2024-11-25T10:06:13.684+0000] {dag.py:3239} INFO - Sync 1 DAGs
[2024-11-25T10:06:13.720+0000] {logging_mixin.py:190} INFO - [2024-11-25T10:06:13.720+0000] {dag.py:4180} INFO - Setting next_dagrun for example_bash_operator to 2024-11-24 00:00:00+00:00, run_after=2024-11-25 00:00:00+00:00
[2024-11-25T10:06:13.751+0000] {processor.py:208} INFO - Processing /home/airflow/.local/lib/python3.12/site-packages/airflow/example_dags/example_bash_operator.py took 0.140 seconds
[2024-11-25T10:06:44.349+0000] {processor.py:186} INFO - Started process (PID=10192) to work on /home/airflow/.local/lib/python3.12/site-packages/airflow/example_dags/example_bash_operator.py
[2024-11-25T10:06:44.351+0000] {processor.py:914} INFO - Processing file /home/airflow/.local/lib/python3.12/site-packages/airflow/example_dags/example_bash_operator.py for tasks to queue
[2024-11-25T10:06:44.353+0000] {logging_mixin.py:190} INFO - [2024-11-25T10:06:44.352+0000] {dagbag.py:588} INFO - Filling up the DagBag from /home/airflow/.local/lib/python3.12/site-packages/airflow/example_dags/example_bash_operator.py
[2024-11-25T10:06:44.374+0000] {processor.py:925} INFO - DAG(s) 'example_bash_operator' retrieved from /home/airflow/.local/lib/python3.12/site-packages/airflow/example_dags/example_bash_operator.py
[2024-11-25T10:06:44.422+0000] {logging_mixin.py:190} INFO - [2024-11-25T10:06:44.421+0000] {dag.py:3239} INFO - Sync 1 DAGs
[2024-11-25T10:06:44.470+0000] {logging_mixin.py:190} INFO - [2024-11-25T10:06:44.470+0000] {dag.py:4180} INFO - Setting next_dagrun for example_bash_operator to 2024-11-24 00:00:00+00:00, run_after=2024-11-25 00:00:00+00:00
[2024-11-25T10:06:44.501+0000] {processor.py:208} INFO - Processing /home/airflow/.local/lib/python3.12/site-packages/airflow/example_dags/example_bash_operator.py took 0.160 seconds
[2024-11-25T10:07:14.768+0000] {processor.py:186} INFO - Started process (PID=10490) to work on /home/airflow/.local/lib/python3.12/site-packages/airflow/example_dags/example_bash_operator.py
[2024-11-25T10:07:14.770+0000] {processor.py:914} INFO - Processing file /home/airflow/.local/lib/python3.12/site-packages/airflow/example_dags/example_bash_operator.py for tasks to queue
[2024-11-25T10:07:14.771+0000] {logging_mixin.py:190} INFO - [2024-11-25T10:07:14.771+0000] {dagbag.py:588} INFO - Filling up the DagBag from /home/airflow/.local/lib/python3.12/site-packages/airflow/example_dags/example_bash_operator.py
[2024-11-25T10:07:14.788+0000] {processor.py:925} INFO - DAG(s) 'example_bash_operator' retrieved from /home/airflow/.local/lib/python3.12/site-packages/airflow/example_dags/example_bash_operator.py
[2024-11-25T10:07:14.821+0000] {logging_mixin.py:190} INFO - [2024-11-25T10:07:14.820+0000] {dag.py:3239} INFO - Sync 1 DAGs
[2024-11-25T10:07:14.849+0000] {logging_mixin.py:190} INFO - [2024-11-25T10:07:14.849+0000] {dag.py:4180} INFO - Setting next_dagrun for example_bash_operator to 2024-11-24 00:00:00+00:00, run_after=2024-11-25 00:00:00+00:00
[2024-11-25T10:07:14.872+0000] {processor.py:208} INFO - Processing /home/airflow/.local/lib/python3.12/site-packages/airflow/example_dags/example_bash_operator.py took 0.110 seconds
[2024-11-25T10:07:45.711+0000] {processor.py:186} INFO - Started process (PID=10786) to work on /home/airflow/.local/lib/python3.12/site-packages/airflow/example_dags/example_bash_operator.py
[2024-11-25T10:07:45.712+0000] {processor.py:914} INFO - Processing file /home/airflow/.local/lib/python3.12/site-packages/airflow/example_dags/example_bash_operator.py for tasks to queue
[2024-11-25T10:07:45.714+0000] {logging_mixin.py:190} INFO - [2024-11-25T10:07:45.714+0000] {dagbag.py:588} INFO - Filling up the DagBag from /home/airflow/.local/lib/python3.12/site-packages/airflow/example_dags/example_bash_operator.py
[2024-11-25T10:07:45.731+0000] {processor.py:925} INFO - DAG(s) 'example_bash_operator' retrieved from /home/airflow/.local/lib/python3.12/site-packages/airflow/example_dags/example_bash_operator.py
[2024-11-25T10:07:45.762+0000] {logging_mixin.py:190} INFO - [2024-11-25T10:07:45.762+0000] {dag.py:3239} INFO - Sync 1 DAGs
[2024-11-25T10:07:45.795+0000] {logging_mixin.py:190} INFO - [2024-11-25T10:07:45.795+0000] {dag.py:4180} INFO - Setting next_dagrun for example_bash_operator to 2024-11-24 00:00:00+00:00, run_after=2024-11-25 00:00:00+00:00
[2024-11-25T10:07:45.824+0000] {processor.py:208} INFO - Processing /home/airflow/.local/lib/python3.12/site-packages/airflow/example_dags/example_bash_operator.py took 0.120 seconds
[2024-11-25T10:08:16.473+0000] {processor.py:186} INFO - Started process (PID=11082) to work on /home/airflow/.local/lib/python3.12/site-packages/airflow/example_dags/example_bash_operator.py
[2024-11-25T10:08:16.475+0000] {processor.py:914} INFO - Processing file /home/airflow/.local/lib/python3.12/site-packages/airflow/example_dags/example_bash_operator.py for tasks to queue
[2024-11-25T10:08:16.479+0000] {logging_mixin.py:190} INFO - [2024-11-25T10:08:16.478+0000] {dagbag.py:588} INFO - Filling up the DagBag from /home/airflow/.local/lib/python3.12/site-packages/airflow/example_dags/example_bash_operator.py
[2024-11-25T10:08:16.511+0000] {processor.py:925} INFO - DAG(s) 'example_bash_operator' retrieved from /home/airflow/.local/lib/python3.12/site-packages/airflow/example_dags/example_bash_operator.py
[2024-11-25T10:08:16.574+0000] {logging_mixin.py:190} INFO - [2024-11-25T10:08:16.574+0000] {dag.py:3239} INFO - Sync 1 DAGs
[2024-11-25T10:08:16.622+0000] {logging_mixin.py:190} INFO - [2024-11-25T10:08:16.622+0000] {dag.py:4180} INFO - Setting next_dagrun for example_bash_operator to 2024-11-24 00:00:00+00:00, run_after=2024-11-25 00:00:00+00:00
[2024-11-25T10:08:16.648+0000] {processor.py:208} INFO - Processing /home/airflow/.local/lib/python3.12/site-packages/airflow/example_dags/example_bash_operator.py took 0.187 seconds
[2024-11-25T10:08:46.781+0000] {processor.py:186} INFO - Started process (PID=11379) to work on /home/airflow/.local/lib/python3.12/site-packages/airflow/example_dags/example_bash_operator.py
[2024-11-25T10:08:46.783+0000] {processor.py:914} INFO - Processing file /home/airflow/.local/lib/python3.12/site-packages/airflow/example_dags/example_bash_operator.py for tasks to queue
[2024-11-25T10:08:46.785+0000] {logging_mixin.py:190} INFO - [2024-11-25T10:08:46.784+0000] {dagbag.py:588} INFO - Filling up the DagBag from /home/airflow/.local/lib/python3.12/site-packages/airflow/example_dags/example_bash_operator.py
[2024-11-25T10:08:46.812+0000] {processor.py:925} INFO - DAG(s) 'example_bash_operator' retrieved from /home/airflow/.local/lib/python3.12/site-packages/airflow/example_dags/example_bash_operator.py
[2024-11-25T10:08:46.856+0000] {logging_mixin.py:190} INFO - [2024-11-25T10:08:46.855+0000] {dag.py:3239} INFO - Sync 1 DAGs
[2024-11-25T10:08:46.906+0000] {logging_mixin.py:190} INFO - [2024-11-25T10:08:46.906+0000] {dag.py:4180} INFO - Setting next_dagrun for example_bash_operator to 2024-11-24 00:00:00+00:00, run_after=2024-11-25 00:00:00+00:00
[2024-11-25T10:08:46.938+0000] {processor.py:208} INFO - Processing /home/airflow/.local/lib/python3.12/site-packages/airflow/example_dags/example_bash_operator.py took 0.168 seconds
[2024-11-25T10:09:17.058+0000] {processor.py:186} INFO - Started process (PID=11675) to work on /home/airflow/.local/lib/python3.12/site-packages/airflow/example_dags/example_bash_operator.py
[2024-11-25T10:09:17.059+0000] {processor.py:914} INFO - Processing file /home/airflow/.local/lib/python3.12/site-packages/airflow/example_dags/example_bash_operator.py for tasks to queue
[2024-11-25T10:09:17.061+0000] {logging_mixin.py:190} INFO - [2024-11-25T10:09:17.060+0000] {dagbag.py:588} INFO - Filling up the DagBag from /home/airflow/.local/lib/python3.12/site-packages/airflow/example_dags/example_bash_operator.py
[2024-11-25T10:09:17.080+0000] {processor.py:925} INFO - DAG(s) 'example_bash_operator' retrieved from /home/airflow/.local/lib/python3.12/site-packages/airflow/example_dags/example_bash_operator.py
[2024-11-25T10:09:17.112+0000] {logging_mixin.py:190} INFO - [2024-11-25T10:09:17.112+0000] {dag.py:3239} INFO - Sync 1 DAGs
[2024-11-25T10:09:17.144+0000] {logging_mixin.py:190} INFO - [2024-11-25T10:09:17.143+0000] {dag.py:4180} INFO - Setting next_dagrun for example_bash_operator to 2024-11-24 00:00:00+00:00, run_after=2024-11-25 00:00:00+00:00
[2024-11-25T10:09:17.174+0000] {processor.py:208} INFO - Processing /home/airflow/.local/lib/python3.12/site-packages/airflow/example_dags/example_bash_operator.py took 0.122 seconds
[2024-11-25T10:09:47.593+0000] {processor.py:186} INFO - Started process (PID=11976) to work on /home/airflow/.local/lib/python3.12/site-packages/airflow/example_dags/example_bash_operator.py
[2024-11-25T10:09:47.595+0000] {processor.py:914} INFO - Processing file /home/airflow/.local/lib/python3.12/site-packages/airflow/example_dags/example_bash_operator.py for tasks to queue
[2024-11-25T10:09:47.600+0000] {logging_mixin.py:190} INFO - [2024-11-25T10:09:47.599+0000] {dagbag.py:588} INFO - Filling up the DagBag from /home/airflow/.local/lib/python3.12/site-packages/airflow/example_dags/example_bash_operator.py
[2024-11-25T10:09:47.624+0000] {processor.py:925} INFO - DAG(s) 'example_bash_operator' retrieved from /home/airflow/.local/lib/python3.12/site-packages/airflow/example_dags/example_bash_operator.py
[2024-11-25T10:09:47.658+0000] {logging_mixin.py:190} INFO - [2024-11-25T10:09:47.658+0000] {dag.py:3239} INFO - Sync 1 DAGs
[2024-11-25T10:09:47.688+0000] {logging_mixin.py:190} INFO - [2024-11-25T10:09:47.687+0000] {dag.py:4180} INFO - Setting next_dagrun for example_bash_operator to 2024-11-24 00:00:00+00:00, run_after=2024-11-25 00:00:00+00:00
[2024-11-25T10:09:47.722+0000] {processor.py:208} INFO - Processing /home/airflow/.local/lib/python3.12/site-packages/airflow/example_dags/example_bash_operator.py took 0.141 seconds
[2024-11-25T10:10:17.828+0000] {processor.py:186} INFO - Started process (PID=12272) to work on /home/airflow/.local/lib/python3.12/site-packages/airflow/example_dags/example_bash_operator.py
[2024-11-25T10:10:17.831+0000] {processor.py:914} INFO - Processing file /home/airflow/.local/lib/python3.12/site-packages/airflow/example_dags/example_bash_operator.py for tasks to queue
[2024-11-25T10:10:17.834+0000] {logging_mixin.py:190} INFO - [2024-11-25T10:10:17.833+0000] {dagbag.py:588} INFO - Filling up the DagBag from /home/airflow/.local/lib/python3.12/site-packages/airflow/example_dags/example_bash_operator.py
[2024-11-25T10:10:17.868+0000] {processor.py:925} INFO - DAG(s) 'example_bash_operator' retrieved from /home/airflow/.local/lib/python3.12/site-packages/airflow/example_dags/example_bash_operator.py
[2024-11-25T10:10:17.927+0000] {logging_mixin.py:190} INFO - [2024-11-25T10:10:17.926+0000] {dag.py:3239} INFO - Sync 1 DAGs
[2024-11-25T10:10:17.988+0000] {logging_mixin.py:190} INFO - [2024-11-25T10:10:17.988+0000] {dag.py:4180} INFO - Setting next_dagrun for example_bash_operator to 2024-11-24 00:00:00+00:00, run_after=2024-11-25 00:00:00+00:00
[2024-11-25T10:10:18.044+0000] {processor.py:208} INFO - Processing /home/airflow/.local/lib/python3.12/site-packages/airflow/example_dags/example_bash_operator.py took 0.238 seconds
[2024-11-25T10:10:48.893+0000] {processor.py:186} INFO - Started process (PID=12568) to work on /home/airflow/.local/lib/python3.12/site-packages/airflow/example_dags/example_bash_operator.py
[2024-11-25T10:10:48.895+0000] {processor.py:914} INFO - Processing file /home/airflow/.local/lib/python3.12/site-packages/airflow/example_dags/example_bash_operator.py for tasks to queue
[2024-11-25T10:10:48.896+0000] {logging_mixin.py:190} INFO - [2024-11-25T10:10:48.896+0000] {dagbag.py:588} INFO - Filling up the DagBag from /home/airflow/.local/lib/python3.12/site-packages/airflow/example_dags/example_bash_operator.py
[2024-11-25T10:10:48.915+0000] {processor.py:925} INFO - DAG(s) 'example_bash_operator' retrieved from /home/airflow/.local/lib/python3.12/site-packages/airflow/example_dags/example_bash_operator.py
[2024-11-25T10:10:48.949+0000] {logging_mixin.py:190} INFO - [2024-11-25T10:10:48.949+0000] {dag.py:3239} INFO - Sync 1 DAGs
[2024-11-25T10:10:48.979+0000] {logging_mixin.py:190} INFO - [2024-11-25T10:10:48.979+0000] {dag.py:4180} INFO - Setting next_dagrun for example_bash_operator to 2024-11-24 00:00:00+00:00, run_after=2024-11-25 00:00:00+00:00
[2024-11-25T10:10:49.004+0000] {processor.py:208} INFO - Processing /home/airflow/.local/lib/python3.12/site-packages/airflow/example_dags/example_bash_operator.py took 0.118 seconds
[2024-11-25T10:11:19.242+0000] {processor.py:186} INFO - Started process (PID=12869) to work on /home/airflow/.local/lib/python3.12/site-packages/airflow/example_dags/example_bash_operator.py
[2024-11-25T10:11:19.244+0000] {processor.py:914} INFO - Processing file /home/airflow/.local/lib/python3.12/site-packages/airflow/example_dags/example_bash_operator.py for tasks to queue
[2024-11-25T10:11:19.246+0000] {logging_mixin.py:190} INFO - [2024-11-25T10:11:19.245+0000] {dagbag.py:588} INFO - Filling up the DagBag from /home/airflow/.local/lib/python3.12/site-packages/airflow/example_dags/example_bash_operator.py
[2024-11-25T10:11:19.274+0000] {processor.py:925} INFO - DAG(s) 'example_bash_operator' retrieved from /home/airflow/.local/lib/python3.12/site-packages/airflow/example_dags/example_bash_operator.py
[2024-11-25T10:11:19.344+0000] {logging_mixin.py:190} INFO - [2024-11-25T10:11:19.343+0000] {dag.py:3239} INFO - Sync 1 DAGs
[2024-11-25T10:11:19.417+0000] {logging_mixin.py:190} INFO - [2024-11-25T10:11:19.416+0000] {dag.py:4180} INFO - Setting next_dagrun for example_bash_operator to 2024-11-24 00:00:00+00:00, run_after=2024-11-25 00:00:00+00:00
[2024-11-25T10:11:19.460+0000] {processor.py:208} INFO - Processing /home/airflow/.local/lib/python3.12/site-packages/airflow/example_dags/example_bash_operator.py took 0.230 seconds
