[2024-11-25T09:49:45.677+0000] {processor.py:186} INFO - Started process (PID=420) to work on /home/airflow/.local/lib/python3.12/site-packages/airflow/example_dags/example_latest_only_with_trigger.py
[2024-11-25T09:49:45.678+0000] {processor.py:914} INFO - Processing file /home/airflow/.local/lib/python3.12/site-packages/airflow/example_dags/example_latest_only_with_trigger.py for tasks to queue
[2024-11-25T09:49:45.683+0000] {logging_mixin.py:190} INFO - [2024-11-25T09:49:45.682+0000] {dagbag.py:588} INFO - Filling up the DagBag from /home/airflow/.local/lib/python3.12/site-packages/airflow/example_dags/example_latest_only_with_trigger.py
[2024-11-25T09:49:45.696+0000] {processor.py:925} INFO - DAG(s) 'latest_only_with_trigger' retrieved from /home/airflow/.local/lib/python3.12/site-packages/airflow/example_dags/example_latest_only_with_trigger.py
[2024-11-25T09:49:45.729+0000] {logging_mixin.py:190} INFO - [2024-11-25T09:49:45.729+0000] {dag.py:3239} INFO - Sync 1 DAGs
[2024-11-25T09:49:45.777+0000] {logging_mixin.py:190} INFO - [2024-11-25T09:49:45.777+0000] {dag.py:4180} INFO - Setting next_dagrun for latest_only_with_trigger to 2024-11-25 04:00:00+00:00, run_after=2024-11-25 08:00:00+00:00
[2024-11-25T09:49:45.818+0000] {processor.py:208} INFO - Processing /home/airflow/.local/lib/python3.12/site-packages/airflow/example_dags/example_latest_only_with_trigger.py took 0.152 seconds
[2024-11-25T09:50:16.516+0000] {processor.py:186} INFO - Started process (PID=716) to work on /home/airflow/.local/lib/python3.12/site-packages/airflow/example_dags/example_latest_only_with_trigger.py
[2024-11-25T09:50:16.518+0000] {processor.py:914} INFO - Processing file /home/airflow/.local/lib/python3.12/site-packages/airflow/example_dags/example_latest_only_with_trigger.py for tasks to queue
[2024-11-25T09:50:16.526+0000] {logging_mixin.py:190} INFO - [2024-11-25T09:50:16.525+0000] {dagbag.py:588} INFO - Filling up the DagBag from /home/airflow/.local/lib/python3.12/site-packages/airflow/example_dags/example_latest_only_with_trigger.py
[2024-11-25T09:50:16.553+0000] {processor.py:925} INFO - DAG(s) 'latest_only_with_trigger' retrieved from /home/airflow/.local/lib/python3.12/site-packages/airflow/example_dags/example_latest_only_with_trigger.py
[2024-11-25T09:50:16.648+0000] {logging_mixin.py:190} INFO - [2024-11-25T09:50:16.647+0000] {dag.py:3239} INFO - Sync 1 DAGs
[2024-11-25T09:50:16.712+0000] {logging_mixin.py:190} INFO - [2024-11-25T09:50:16.711+0000] {dag.py:4180} INFO - Setting next_dagrun for latest_only_with_trigger to 2024-11-25 04:00:00+00:00, run_after=2024-11-25 08:00:00+00:00
[2024-11-25T09:50:16.769+0000] {processor.py:208} INFO - Processing /home/airflow/.local/lib/python3.12/site-packages/airflow/example_dags/example_latest_only_with_trigger.py took 0.266 seconds
[2024-11-25T09:50:47.452+0000] {processor.py:186} INFO - Started process (PID=1022) to work on /home/airflow/.local/lib/python3.12/site-packages/airflow/example_dags/example_latest_only_with_trigger.py
[2024-11-25T09:50:47.454+0000] {processor.py:914} INFO - Processing file /home/airflow/.local/lib/python3.12/site-packages/airflow/example_dags/example_latest_only_with_trigger.py for tasks to queue
[2024-11-25T09:50:47.457+0000] {logging_mixin.py:190} INFO - [2024-11-25T09:50:47.456+0000] {dagbag.py:588} INFO - Filling up the DagBag from /home/airflow/.local/lib/python3.12/site-packages/airflow/example_dags/example_latest_only_with_trigger.py
[2024-11-25T09:50:47.473+0000] {processor.py:925} INFO - DAG(s) 'latest_only_with_trigger' retrieved from /home/airflow/.local/lib/python3.12/site-packages/airflow/example_dags/example_latest_only_with_trigger.py
[2024-11-25T09:50:47.508+0000] {logging_mixin.py:190} INFO - [2024-11-25T09:50:47.507+0000] {dag.py:3239} INFO - Sync 1 DAGs
[2024-11-25T09:50:47.560+0000] {logging_mixin.py:190} INFO - [2024-11-25T09:50:47.560+0000] {dag.py:4180} INFO - Setting next_dagrun for latest_only_with_trigger to 2024-11-25 04:00:00+00:00, run_after=2024-11-25 08:00:00+00:00
[2024-11-25T09:50:47.593+0000] {processor.py:208} INFO - Processing /home/airflow/.local/lib/python3.12/site-packages/airflow/example_dags/example_latest_only_with_trigger.py took 0.152 seconds
[2024-11-25T09:51:17.899+0000] {processor.py:186} INFO - Started process (PID=1318) to work on /home/airflow/.local/lib/python3.12/site-packages/airflow/example_dags/example_latest_only_with_trigger.py
[2024-11-25T09:51:17.902+0000] {processor.py:914} INFO - Processing file /home/airflow/.local/lib/python3.12/site-packages/airflow/example_dags/example_latest_only_with_trigger.py for tasks to queue
[2024-11-25T09:51:17.905+0000] {logging_mixin.py:190} INFO - [2024-11-25T09:51:17.905+0000] {dagbag.py:588} INFO - Filling up the DagBag from /home/airflow/.local/lib/python3.12/site-packages/airflow/example_dags/example_latest_only_with_trigger.py
[2024-11-25T09:51:17.922+0000] {processor.py:925} INFO - DAG(s) 'latest_only_with_trigger' retrieved from /home/airflow/.local/lib/python3.12/site-packages/airflow/example_dags/example_latest_only_with_trigger.py
[2024-11-25T09:51:17.948+0000] {logging_mixin.py:190} INFO - [2024-11-25T09:51:17.948+0000] {dag.py:3239} INFO - Sync 1 DAGs
[2024-11-25T09:51:17.982+0000] {logging_mixin.py:190} INFO - [2024-11-25T09:51:17.982+0000] {dag.py:4180} INFO - Setting next_dagrun for latest_only_with_trigger to 2024-11-25 04:00:00+00:00, run_after=2024-11-25 08:00:00+00:00
[2024-11-25T09:51:18.012+0000] {processor.py:208} INFO - Processing /home/airflow/.local/lib/python3.12/site-packages/airflow/example_dags/example_latest_only_with_trigger.py took 0.126 seconds
[2024-11-25T09:51:48.756+0000] {processor.py:186} INFO - Started process (PID=1619) to work on /home/airflow/.local/lib/python3.12/site-packages/airflow/example_dags/example_latest_only_with_trigger.py
[2024-11-25T09:51:48.758+0000] {processor.py:914} INFO - Processing file /home/airflow/.local/lib/python3.12/site-packages/airflow/example_dags/example_latest_only_with_trigger.py for tasks to queue
[2024-11-25T09:51:48.760+0000] {logging_mixin.py:190} INFO - [2024-11-25T09:51:48.759+0000] {dagbag.py:588} INFO - Filling up the DagBag from /home/airflow/.local/lib/python3.12/site-packages/airflow/example_dags/example_latest_only_with_trigger.py
[2024-11-25T09:51:48.777+0000] {processor.py:925} INFO - DAG(s) 'latest_only_with_trigger' retrieved from /home/airflow/.local/lib/python3.12/site-packages/airflow/example_dags/example_latest_only_with_trigger.py
[2024-11-25T09:51:48.816+0000] {logging_mixin.py:190} INFO - [2024-11-25T09:51:48.816+0000] {dag.py:3239} INFO - Sync 1 DAGs
[2024-11-25T09:51:48.860+0000] {logging_mixin.py:190} INFO - [2024-11-25T09:51:48.859+0000] {dag.py:4180} INFO - Setting next_dagrun for latest_only_with_trigger to 2024-11-25 04:00:00+00:00, run_after=2024-11-25 08:00:00+00:00
[2024-11-25T09:51:48.888+0000] {processor.py:208} INFO - Processing /home/airflow/.local/lib/python3.12/site-packages/airflow/example_dags/example_latest_only_with_trigger.py took 0.141 seconds
[2024-11-25T09:52:22.101+0000] {processor.py:186} INFO - Started process (PID=1922) to work on /home/airflow/.local/lib/python3.12/site-packages/airflow/example_dags/example_latest_only_with_trigger.py
[2024-11-25T09:52:22.104+0000] {processor.py:914} INFO - Processing file /home/airflow/.local/lib/python3.12/site-packages/airflow/example_dags/example_latest_only_with_trigger.py for tasks to queue
[2024-11-25T09:52:22.107+0000] {logging_mixin.py:190} INFO - [2024-11-25T09:52:22.106+0000] {dagbag.py:588} INFO - Filling up the DagBag from /home/airflow/.local/lib/python3.12/site-packages/airflow/example_dags/example_latest_only_with_trigger.py
[2024-11-25T09:52:22.122+0000] {processor.py:925} INFO - DAG(s) 'latest_only_with_trigger' retrieved from /home/airflow/.local/lib/python3.12/site-packages/airflow/example_dags/example_latest_only_with_trigger.py
[2024-11-25T09:52:22.162+0000] {logging_mixin.py:190} INFO - [2024-11-25T09:52:22.161+0000] {dag.py:3239} INFO - Sync 1 DAGs
[2024-11-25T09:52:22.206+0000] {logging_mixin.py:190} INFO - [2024-11-25T09:52:22.206+0000] {dag.py:4180} INFO - Setting next_dagrun for latest_only_with_trigger to 2024-11-25 04:00:00+00:00, run_after=2024-11-25 08:00:00+00:00
[2024-11-25T09:52:22.249+0000] {processor.py:208} INFO - Processing /home/airflow/.local/lib/python3.12/site-packages/airflow/example_dags/example_latest_only_with_trigger.py took 0.157 seconds
[2024-11-25T09:52:54.829+0000] {processor.py:186} INFO - Started process (PID=2218) to work on /home/airflow/.local/lib/python3.12/site-packages/airflow/example_dags/example_latest_only_with_trigger.py
[2024-11-25T09:52:54.831+0000] {processor.py:914} INFO - Processing file /home/airflow/.local/lib/python3.12/site-packages/airflow/example_dags/example_latest_only_with_trigger.py for tasks to queue
[2024-11-25T09:52:54.833+0000] {logging_mixin.py:190} INFO - [2024-11-25T09:52:54.832+0000] {dagbag.py:588} INFO - Filling up the DagBag from /home/airflow/.local/lib/python3.12/site-packages/airflow/example_dags/example_latest_only_with_trigger.py
[2024-11-25T09:52:54.848+0000] {processor.py:925} INFO - DAG(s) 'latest_only_with_trigger' retrieved from /home/airflow/.local/lib/python3.12/site-packages/airflow/example_dags/example_latest_only_with_trigger.py
[2024-11-25T09:52:54.883+0000] {logging_mixin.py:190} INFO - [2024-11-25T09:52:54.883+0000] {dag.py:3239} INFO - Sync 1 DAGs
[2024-11-25T09:52:54.923+0000] {logging_mixin.py:190} INFO - [2024-11-25T09:52:54.922+0000] {dag.py:4180} INFO - Setting next_dagrun for latest_only_with_trigger to 2024-11-25 04:00:00+00:00, run_after=2024-11-25 08:00:00+00:00
[2024-11-25T09:52:54.955+0000] {processor.py:208} INFO - Processing /home/airflow/.local/lib/python3.12/site-packages/airflow/example_dags/example_latest_only_with_trigger.py took 0.134 seconds
[2024-11-25T09:53:25.350+0000] {processor.py:186} INFO - Started process (PID=2514) to work on /home/airflow/.local/lib/python3.12/site-packages/airflow/example_dags/example_latest_only_with_trigger.py
[2024-11-25T09:53:25.351+0000] {processor.py:914} INFO - Processing file /home/airflow/.local/lib/python3.12/site-packages/airflow/example_dags/example_latest_only_with_trigger.py for tasks to queue
[2024-11-25T09:53:25.353+0000] {logging_mixin.py:190} INFO - [2024-11-25T09:53:25.353+0000] {dagbag.py:588} INFO - Filling up the DagBag from /home/airflow/.local/lib/python3.12/site-packages/airflow/example_dags/example_latest_only_with_trigger.py
[2024-11-25T09:53:25.367+0000] {processor.py:925} INFO - DAG(s) 'latest_only_with_trigger' retrieved from /home/airflow/.local/lib/python3.12/site-packages/airflow/example_dags/example_latest_only_with_trigger.py
[2024-11-25T09:53:25.397+0000] {logging_mixin.py:190} INFO - [2024-11-25T09:53:25.396+0000] {dag.py:3239} INFO - Sync 1 DAGs
[2024-11-25T09:53:25.446+0000] {logging_mixin.py:190} INFO - [2024-11-25T09:53:25.445+0000] {dag.py:4180} INFO - Setting next_dagrun for latest_only_with_trigger to 2024-11-25 04:00:00+00:00, run_after=2024-11-25 08:00:00+00:00
[2024-11-25T09:53:25.484+0000] {processor.py:208} INFO - Processing /home/airflow/.local/lib/python3.12/site-packages/airflow/example_dags/example_latest_only_with_trigger.py took 0.145 seconds
[2024-11-25T09:53:55.642+0000] {processor.py:186} INFO - Started process (PID=2810) to work on /home/airflow/.local/lib/python3.12/site-packages/airflow/example_dags/example_latest_only_with_trigger.py
[2024-11-25T09:53:55.643+0000] {processor.py:914} INFO - Processing file /home/airflow/.local/lib/python3.12/site-packages/airflow/example_dags/example_latest_only_with_trigger.py for tasks to queue
[2024-11-25T09:53:55.644+0000] {logging_mixin.py:190} INFO - [2024-11-25T09:53:55.644+0000] {dagbag.py:588} INFO - Filling up the DagBag from /home/airflow/.local/lib/python3.12/site-packages/airflow/example_dags/example_latest_only_with_trigger.py
[2024-11-25T09:53:55.653+0000] {processor.py:925} INFO - DAG(s) 'latest_only_with_trigger' retrieved from /home/airflow/.local/lib/python3.12/site-packages/airflow/example_dags/example_latest_only_with_trigger.py
[2024-11-25T09:53:55.672+0000] {logging_mixin.py:190} INFO - [2024-11-25T09:53:55.672+0000] {dag.py:3239} INFO - Sync 1 DAGs
[2024-11-25T09:53:55.695+0000] {logging_mixin.py:190} INFO - [2024-11-25T09:53:55.695+0000] {dag.py:4180} INFO - Setting next_dagrun for latest_only_with_trigger to 2024-11-25 04:00:00+00:00, run_after=2024-11-25 08:00:00+00:00
[2024-11-25T09:53:55.716+0000] {processor.py:208} INFO - Processing /home/airflow/.local/lib/python3.12/site-packages/airflow/example_dags/example_latest_only_with_trigger.py took 0.080 seconds
[2024-11-25T09:54:26.432+0000] {processor.py:186} INFO - Started process (PID=3104) to work on /home/airflow/.local/lib/python3.12/site-packages/airflow/example_dags/example_latest_only_with_trigger.py
[2024-11-25T09:54:26.434+0000] {processor.py:914} INFO - Processing file /home/airflow/.local/lib/python3.12/site-packages/airflow/example_dags/example_latest_only_with_trigger.py for tasks to queue
[2024-11-25T09:54:26.435+0000] {logging_mixin.py:190} INFO - [2024-11-25T09:54:26.435+0000] {dagbag.py:588} INFO - Filling up the DagBag from /home/airflow/.local/lib/python3.12/site-packages/airflow/example_dags/example_latest_only_with_trigger.py
[2024-11-25T09:54:26.445+0000] {processor.py:925} INFO - DAG(s) 'latest_only_with_trigger' retrieved from /home/airflow/.local/lib/python3.12/site-packages/airflow/example_dags/example_latest_only_with_trigger.py
[2024-11-25T09:54:26.469+0000] {logging_mixin.py:190} INFO - [2024-11-25T09:54:26.469+0000] {dag.py:3239} INFO - Sync 1 DAGs
[2024-11-25T09:54:26.494+0000] {logging_mixin.py:190} INFO - [2024-11-25T09:54:26.494+0000] {dag.py:4180} INFO - Setting next_dagrun for latest_only_with_trigger to 2024-11-25 04:00:00+00:00, run_after=2024-11-25 08:00:00+00:00
[2024-11-25T09:54:26.518+0000] {processor.py:208} INFO - Processing /home/airflow/.local/lib/python3.12/site-packages/airflow/example_dags/example_latest_only_with_trigger.py took 0.093 seconds
[2024-11-25T09:54:57.100+0000] {processor.py:186} INFO - Started process (PID=3400) to work on /home/airflow/.local/lib/python3.12/site-packages/airflow/example_dags/example_latest_only_with_trigger.py
[2024-11-25T09:54:57.102+0000] {processor.py:914} INFO - Processing file /home/airflow/.local/lib/python3.12/site-packages/airflow/example_dags/example_latest_only_with_trigger.py for tasks to queue
[2024-11-25T09:54:57.104+0000] {logging_mixin.py:190} INFO - [2024-11-25T09:54:57.104+0000] {dagbag.py:588} INFO - Filling up the DagBag from /home/airflow/.local/lib/python3.12/site-packages/airflow/example_dags/example_latest_only_with_trigger.py
[2024-11-25T09:54:57.119+0000] {processor.py:925} INFO - DAG(s) 'latest_only_with_trigger' retrieved from /home/airflow/.local/lib/python3.12/site-packages/airflow/example_dags/example_latest_only_with_trigger.py
[2024-11-25T09:54:57.142+0000] {logging_mixin.py:190} INFO - [2024-11-25T09:54:57.142+0000] {dag.py:3239} INFO - Sync 1 DAGs
[2024-11-25T09:54:57.171+0000] {logging_mixin.py:190} INFO - [2024-11-25T09:54:57.170+0000] {dag.py:4180} INFO - Setting next_dagrun for latest_only_with_trigger to 2024-11-25 04:00:00+00:00, run_after=2024-11-25 08:00:00+00:00
[2024-11-25T09:54:57.191+0000] {processor.py:208} INFO - Processing /home/airflow/.local/lib/python3.12/site-packages/airflow/example_dags/example_latest_only_with_trigger.py took 0.101 seconds
[2024-11-25T09:55:28.401+0000] {processor.py:186} INFO - Started process (PID=3696) to work on /home/airflow/.local/lib/python3.12/site-packages/airflow/example_dags/example_latest_only_with_trigger.py
[2024-11-25T09:55:28.403+0000] {processor.py:914} INFO - Processing file /home/airflow/.local/lib/python3.12/site-packages/airflow/example_dags/example_latest_only_with_trigger.py for tasks to queue
[2024-11-25T09:55:28.404+0000] {logging_mixin.py:190} INFO - [2024-11-25T09:55:28.404+0000] {dagbag.py:588} INFO - Filling up the DagBag from /home/airflow/.local/lib/python3.12/site-packages/airflow/example_dags/example_latest_only_with_trigger.py
[2024-11-25T09:55:28.416+0000] {processor.py:925} INFO - DAG(s) 'latest_only_with_trigger' retrieved from /home/airflow/.local/lib/python3.12/site-packages/airflow/example_dags/example_latest_only_with_trigger.py
[2024-11-25T09:55:28.447+0000] {logging_mixin.py:190} INFO - [2024-11-25T09:55:28.447+0000] {dag.py:3239} INFO - Sync 1 DAGs
[2024-11-25T09:55:28.477+0000] {logging_mixin.py:190} INFO - [2024-11-25T09:55:28.477+0000] {dag.py:4180} INFO - Setting next_dagrun for latest_only_with_trigger to 2024-11-25 04:00:00+00:00, run_after=2024-11-25 08:00:00+00:00
[2024-11-25T09:55:28.498+0000] {processor.py:208} INFO - Processing /home/airflow/.local/lib/python3.12/site-packages/airflow/example_dags/example_latest_only_with_trigger.py took 0.105 seconds
[2024-11-25T09:55:59.308+0000] {processor.py:186} INFO - Started process (PID=3995) to work on /home/airflow/.local/lib/python3.12/site-packages/airflow/example_dags/example_latest_only_with_trigger.py
[2024-11-25T09:55:59.309+0000] {processor.py:914} INFO - Processing file /home/airflow/.local/lib/python3.12/site-packages/airflow/example_dags/example_latest_only_with_trigger.py for tasks to queue
[2024-11-25T09:55:59.311+0000] {logging_mixin.py:190} INFO - [2024-11-25T09:55:59.311+0000] {dagbag.py:588} INFO - Filling up the DagBag from /home/airflow/.local/lib/python3.12/site-packages/airflow/example_dags/example_latest_only_with_trigger.py
[2024-11-25T09:55:59.321+0000] {processor.py:925} INFO - DAG(s) 'latest_only_with_trigger' retrieved from /home/airflow/.local/lib/python3.12/site-packages/airflow/example_dags/example_latest_only_with_trigger.py
[2024-11-25T09:55:59.346+0000] {logging_mixin.py:190} INFO - [2024-11-25T09:55:59.346+0000] {dag.py:3239} INFO - Sync 1 DAGs
[2024-11-25T09:55:59.371+0000] {logging_mixin.py:190} INFO - [2024-11-25T09:55:59.371+0000] {dag.py:4180} INFO - Setting next_dagrun for latest_only_with_trigger to 2024-11-25 04:00:00+00:00, run_after=2024-11-25 08:00:00+00:00
[2024-11-25T09:55:59.394+0000] {processor.py:208} INFO - Processing /home/airflow/.local/lib/python3.12/site-packages/airflow/example_dags/example_latest_only_with_trigger.py took 0.092 seconds
[2024-11-25T09:56:29.831+0000] {processor.py:186} INFO - Started process (PID=4289) to work on /home/airflow/.local/lib/python3.12/site-packages/airflow/example_dags/example_latest_only_with_trigger.py
[2024-11-25T09:56:29.833+0000] {processor.py:914} INFO - Processing file /home/airflow/.local/lib/python3.12/site-packages/airflow/example_dags/example_latest_only_with_trigger.py for tasks to queue
[2024-11-25T09:56:29.834+0000] {logging_mixin.py:190} INFO - [2024-11-25T09:56:29.834+0000] {dagbag.py:588} INFO - Filling up the DagBag from /home/airflow/.local/lib/python3.12/site-packages/airflow/example_dags/example_latest_only_with_trigger.py
[2024-11-25T09:56:29.844+0000] {processor.py:925} INFO - DAG(s) 'latest_only_with_trigger' retrieved from /home/airflow/.local/lib/python3.12/site-packages/airflow/example_dags/example_latest_only_with_trigger.py
[2024-11-25T09:56:29.865+0000] {logging_mixin.py:190} INFO - [2024-11-25T09:56:29.865+0000] {dag.py:3239} INFO - Sync 1 DAGs
[2024-11-25T09:56:29.890+0000] {logging_mixin.py:190} INFO - [2024-11-25T09:56:29.890+0000] {dag.py:4180} INFO - Setting next_dagrun for latest_only_with_trigger to 2024-11-25 04:00:00+00:00, run_after=2024-11-25 08:00:00+00:00
[2024-11-25T09:56:29.911+0000] {processor.py:208} INFO - Processing /home/airflow/.local/lib/python3.12/site-packages/airflow/example_dags/example_latest_only_with_trigger.py took 0.086 seconds
[2024-11-25T09:57:01.333+0000] {processor.py:186} INFO - Started process (PID=4590) to work on /home/airflow/.local/lib/python3.12/site-packages/airflow/example_dags/example_latest_only_with_trigger.py
[2024-11-25T09:57:01.334+0000] {processor.py:914} INFO - Processing file /home/airflow/.local/lib/python3.12/site-packages/airflow/example_dags/example_latest_only_with_trigger.py for tasks to queue
[2024-11-25T09:57:01.336+0000] {logging_mixin.py:190} INFO - [2024-11-25T09:57:01.335+0000] {dagbag.py:588} INFO - Filling up the DagBag from /home/airflow/.local/lib/python3.12/site-packages/airflow/example_dags/example_latest_only_with_trigger.py
[2024-11-25T09:57:01.349+0000] {processor.py:925} INFO - DAG(s) 'latest_only_with_trigger' retrieved from /home/airflow/.local/lib/python3.12/site-packages/airflow/example_dags/example_latest_only_with_trigger.py
[2024-11-25T09:57:01.381+0000] {logging_mixin.py:190} INFO - [2024-11-25T09:57:01.380+0000] {dag.py:3239} INFO - Sync 1 DAGs
[2024-11-25T09:57:01.460+0000] {logging_mixin.py:190} INFO - [2024-11-25T09:57:01.460+0000] {dag.py:4180} INFO - Setting next_dagrun for latest_only_with_trigger to 2024-11-25 04:00:00+00:00, run_after=2024-11-25 08:00:00+00:00
[2024-11-25T09:57:01.548+0000] {processor.py:208} INFO - Processing /home/airflow/.local/lib/python3.12/site-packages/airflow/example_dags/example_latest_only_with_trigger.py took 0.222 seconds
[2024-11-25T09:57:32.297+0000] {processor.py:186} INFO - Started process (PID=4895) to work on /home/airflow/.local/lib/python3.12/site-packages/airflow/example_dags/example_latest_only_with_trigger.py
[2024-11-25T09:57:32.299+0000] {processor.py:914} INFO - Processing file /home/airflow/.local/lib/python3.12/site-packages/airflow/example_dags/example_latest_only_with_trigger.py for tasks to queue
[2024-11-25T09:57:32.301+0000] {logging_mixin.py:190} INFO - [2024-11-25T09:57:32.301+0000] {dagbag.py:588} INFO - Filling up the DagBag from /home/airflow/.local/lib/python3.12/site-packages/airflow/example_dags/example_latest_only_with_trigger.py
[2024-11-25T09:57:32.314+0000] {processor.py:925} INFO - DAG(s) 'latest_only_with_trigger' retrieved from /home/airflow/.local/lib/python3.12/site-packages/airflow/example_dags/example_latest_only_with_trigger.py
[2024-11-25T09:57:32.346+0000] {logging_mixin.py:190} INFO - [2024-11-25T09:57:32.346+0000] {dag.py:3239} INFO - Sync 1 DAGs
[2024-11-25T09:57:32.386+0000] {logging_mixin.py:190} INFO - [2024-11-25T09:57:32.386+0000] {dag.py:4180} INFO - Setting next_dagrun for latest_only_with_trigger to 2024-11-25 04:00:00+00:00, run_after=2024-11-25 08:00:00+00:00
[2024-11-25T09:57:32.418+0000] {processor.py:208} INFO - Processing /home/airflow/.local/lib/python3.12/site-packages/airflow/example_dags/example_latest_only_with_trigger.py took 0.130 seconds
[2024-11-25T09:58:02.969+0000] {processor.py:186} INFO - Started process (PID=5186) to work on /home/airflow/.local/lib/python3.12/site-packages/airflow/example_dags/example_latest_only_with_trigger.py
[2024-11-25T09:58:02.971+0000] {processor.py:914} INFO - Processing file /home/airflow/.local/lib/python3.12/site-packages/airflow/example_dags/example_latest_only_with_trigger.py for tasks to queue
[2024-11-25T09:58:02.975+0000] {logging_mixin.py:190} INFO - [2024-11-25T09:58:02.974+0000] {dagbag.py:588} INFO - Filling up the DagBag from /home/airflow/.local/lib/python3.12/site-packages/airflow/example_dags/example_latest_only_with_trigger.py
[2024-11-25T09:58:02.997+0000] {processor.py:925} INFO - DAG(s) 'latest_only_with_trigger' retrieved from /home/airflow/.local/lib/python3.12/site-packages/airflow/example_dags/example_latest_only_with_trigger.py
[2024-11-25T09:58:03.031+0000] {logging_mixin.py:190} INFO - [2024-11-25T09:58:03.030+0000] {dag.py:3239} INFO - Sync 1 DAGs
[2024-11-25T09:58:03.097+0000] {logging_mixin.py:190} INFO - [2024-11-25T09:58:03.097+0000] {dag.py:4180} INFO - Setting next_dagrun for latest_only_with_trigger to 2024-11-25 04:00:00+00:00, run_after=2024-11-25 08:00:00+00:00
[2024-11-25T09:58:03.133+0000] {processor.py:208} INFO - Processing /home/airflow/.local/lib/python3.12/site-packages/airflow/example_dags/example_latest_only_with_trigger.py took 0.176 seconds
[2024-11-25T09:58:33.704+0000] {processor.py:186} INFO - Started process (PID=5477) to work on /home/airflow/.local/lib/python3.12/site-packages/airflow/example_dags/example_latest_only_with_trigger.py
[2024-11-25T09:58:33.705+0000] {processor.py:914} INFO - Processing file /home/airflow/.local/lib/python3.12/site-packages/airflow/example_dags/example_latest_only_with_trigger.py for tasks to queue
[2024-11-25T09:58:33.707+0000] {logging_mixin.py:190} INFO - [2024-11-25T09:58:33.707+0000] {dagbag.py:588} INFO - Filling up the DagBag from /home/airflow/.local/lib/python3.12/site-packages/airflow/example_dags/example_latest_only_with_trigger.py
[2024-11-25T09:58:33.720+0000] {processor.py:925} INFO - DAG(s) 'latest_only_with_trigger' retrieved from /home/airflow/.local/lib/python3.12/site-packages/airflow/example_dags/example_latest_only_with_trigger.py
[2024-11-25T09:58:33.747+0000] {logging_mixin.py:190} INFO - [2024-11-25T09:58:33.747+0000] {dag.py:3239} INFO - Sync 1 DAGs
[2024-11-25T09:58:33.783+0000] {logging_mixin.py:190} INFO - [2024-11-25T09:58:33.783+0000] {dag.py:4180} INFO - Setting next_dagrun for latest_only_with_trigger to 2024-11-25 04:00:00+00:00, run_after=2024-11-25 08:00:00+00:00
[2024-11-25T09:58:33.810+0000] {processor.py:208} INFO - Processing /home/airflow/.local/lib/python3.12/site-packages/airflow/example_dags/example_latest_only_with_trigger.py took 0.114 seconds
[2024-11-25T09:59:04.412+0000] {processor.py:186} INFO - Started process (PID=5776) to work on /home/airflow/.local/lib/python3.12/site-packages/airflow/example_dags/example_latest_only_with_trigger.py
[2024-11-25T09:59:04.413+0000] {processor.py:914} INFO - Processing file /home/airflow/.local/lib/python3.12/site-packages/airflow/example_dags/example_latest_only_with_trigger.py for tasks to queue
[2024-11-25T09:59:04.415+0000] {logging_mixin.py:190} INFO - [2024-11-25T09:59:04.414+0000] {dagbag.py:588} INFO - Filling up the DagBag from /home/airflow/.local/lib/python3.12/site-packages/airflow/example_dags/example_latest_only_with_trigger.py
[2024-11-25T09:59:04.426+0000] {processor.py:925} INFO - DAG(s) 'latest_only_with_trigger' retrieved from /home/airflow/.local/lib/python3.12/site-packages/airflow/example_dags/example_latest_only_with_trigger.py
[2024-11-25T09:59:04.451+0000] {logging_mixin.py:190} INFO - [2024-11-25T09:59:04.451+0000] {dag.py:3239} INFO - Sync 1 DAGs
[2024-11-25T09:59:04.483+0000] {logging_mixin.py:190} INFO - [2024-11-25T09:59:04.482+0000] {dag.py:4180} INFO - Setting next_dagrun for latest_only_with_trigger to 2024-11-25 04:00:00+00:00, run_after=2024-11-25 08:00:00+00:00
[2024-11-25T09:59:04.510+0000] {processor.py:208} INFO - Processing /home/airflow/.local/lib/python3.12/site-packages/airflow/example_dags/example_latest_only_with_trigger.py took 0.106 seconds
[2024-11-25T09:59:35.002+0000] {processor.py:186} INFO - Started process (PID=6072) to work on /home/airflow/.local/lib/python3.12/site-packages/airflow/example_dags/example_latest_only_with_trigger.py
[2024-11-25T09:59:35.003+0000] {processor.py:914} INFO - Processing file /home/airflow/.local/lib/python3.12/site-packages/airflow/example_dags/example_latest_only_with_trigger.py for tasks to queue
[2024-11-25T09:59:35.004+0000] {logging_mixin.py:190} INFO - [2024-11-25T09:59:35.004+0000] {dagbag.py:588} INFO - Filling up the DagBag from /home/airflow/.local/lib/python3.12/site-packages/airflow/example_dags/example_latest_only_with_trigger.py
[2024-11-25T09:59:35.017+0000] {processor.py:925} INFO - DAG(s) 'latest_only_with_trigger' retrieved from /home/airflow/.local/lib/python3.12/site-packages/airflow/example_dags/example_latest_only_with_trigger.py
[2024-11-25T09:59:35.045+0000] {logging_mixin.py:190} INFO - [2024-11-25T09:59:35.045+0000] {dag.py:3239} INFO - Sync 1 DAGs
[2024-11-25T09:59:35.080+0000] {logging_mixin.py:190} INFO - [2024-11-25T09:59:35.080+0000] {dag.py:4180} INFO - Setting next_dagrun for latest_only_with_trigger to 2024-11-25 04:00:00+00:00, run_after=2024-11-25 08:00:00+00:00
[2024-11-25T09:59:35.106+0000] {processor.py:208} INFO - Processing /home/airflow/.local/lib/python3.12/site-packages/airflow/example_dags/example_latest_only_with_trigger.py took 0.111 seconds
[2024-11-25T10:00:06.049+0000] {processor.py:186} INFO - Started process (PID=6368) to work on /home/airflow/.local/lib/python3.12/site-packages/airflow/example_dags/example_latest_only_with_trigger.py
[2024-11-25T10:00:06.051+0000] {processor.py:914} INFO - Processing file /home/airflow/.local/lib/python3.12/site-packages/airflow/example_dags/example_latest_only_with_trigger.py for tasks to queue
[2024-11-25T10:00:06.053+0000] {logging_mixin.py:190} INFO - [2024-11-25T10:00:06.053+0000] {dagbag.py:588} INFO - Filling up the DagBag from /home/airflow/.local/lib/python3.12/site-packages/airflow/example_dags/example_latest_only_with_trigger.py
[2024-11-25T10:00:06.063+0000] {processor.py:925} INFO - DAG(s) 'latest_only_with_trigger' retrieved from /home/airflow/.local/lib/python3.12/site-packages/airflow/example_dags/example_latest_only_with_trigger.py
[2024-11-25T10:00:06.087+0000] {logging_mixin.py:190} INFO - [2024-11-25T10:00:06.087+0000] {dag.py:3239} INFO - Sync 1 DAGs
[2024-11-25T10:00:06.114+0000] {logging_mixin.py:190} INFO - [2024-11-25T10:00:06.114+0000] {dag.py:4180} INFO - Setting next_dagrun for latest_only_with_trigger to 2024-11-25 04:00:00+00:00, run_after=2024-11-25 08:00:00+00:00
[2024-11-25T10:00:06.144+0000] {processor.py:208} INFO - Processing /home/airflow/.local/lib/python3.12/site-packages/airflow/example_dags/example_latest_only_with_trigger.py took 0.101 seconds
[2024-11-25T10:00:36.582+0000] {processor.py:186} INFO - Started process (PID=6664) to work on /home/airflow/.local/lib/python3.12/site-packages/airflow/example_dags/example_latest_only_with_trigger.py
[2024-11-25T10:00:36.583+0000] {processor.py:914} INFO - Processing file /home/airflow/.local/lib/python3.12/site-packages/airflow/example_dags/example_latest_only_with_trigger.py for tasks to queue
[2024-11-25T10:00:36.585+0000] {logging_mixin.py:190} INFO - [2024-11-25T10:00:36.585+0000] {dagbag.py:588} INFO - Filling up the DagBag from /home/airflow/.local/lib/python3.12/site-packages/airflow/example_dags/example_latest_only_with_trigger.py
[2024-11-25T10:00:36.597+0000] {processor.py:925} INFO - DAG(s) 'latest_only_with_trigger' retrieved from /home/airflow/.local/lib/python3.12/site-packages/airflow/example_dags/example_latest_only_with_trigger.py
[2024-11-25T10:00:36.620+0000] {logging_mixin.py:190} INFO - [2024-11-25T10:00:36.619+0000] {dag.py:3239} INFO - Sync 1 DAGs
[2024-11-25T10:00:36.645+0000] {logging_mixin.py:190} INFO - [2024-11-25T10:00:36.645+0000] {dag.py:4180} INFO - Setting next_dagrun for latest_only_with_trigger to 2024-11-25 04:00:00+00:00, run_after=2024-11-25 08:00:00+00:00
[2024-11-25T10:00:36.670+0000] {processor.py:208} INFO - Processing /home/airflow/.local/lib/python3.12/site-packages/airflow/example_dags/example_latest_only_with_trigger.py took 0.095 seconds
[2024-11-25T10:01:07.574+0000] {processor.py:186} INFO - Started process (PID=6960) to work on /home/airflow/.local/lib/python3.12/site-packages/airflow/example_dags/example_latest_only_with_trigger.py
[2024-11-25T10:01:07.575+0000] {processor.py:914} INFO - Processing file /home/airflow/.local/lib/python3.12/site-packages/airflow/example_dags/example_latest_only_with_trigger.py for tasks to queue
[2024-11-25T10:01:07.577+0000] {logging_mixin.py:190} INFO - [2024-11-25T10:01:07.577+0000] {dagbag.py:588} INFO - Filling up the DagBag from /home/airflow/.local/lib/python3.12/site-packages/airflow/example_dags/example_latest_only_with_trigger.py
[2024-11-25T10:01:07.587+0000] {processor.py:925} INFO - DAG(s) 'latest_only_with_trigger' retrieved from /home/airflow/.local/lib/python3.12/site-packages/airflow/example_dags/example_latest_only_with_trigger.py
[2024-11-25T10:01:07.611+0000] {logging_mixin.py:190} INFO - [2024-11-25T10:01:07.610+0000] {dag.py:3239} INFO - Sync 1 DAGs
[2024-11-25T10:01:07.639+0000] {logging_mixin.py:190} INFO - [2024-11-25T10:01:07.639+0000] {dag.py:4180} INFO - Setting next_dagrun for latest_only_with_trigger to 2024-11-25 04:00:00+00:00, run_after=2024-11-25 08:00:00+00:00
[2024-11-25T10:01:07.662+0000] {processor.py:208} INFO - Processing /home/airflow/.local/lib/python3.12/site-packages/airflow/example_dags/example_latest_only_with_trigger.py took 0.095 seconds
[2024-11-25T10:01:37.732+0000] {processor.py:186} INFO - Started process (PID=7253) to work on /home/airflow/.local/lib/python3.12/site-packages/airflow/example_dags/example_latest_only_with_trigger.py
[2024-11-25T10:01:37.733+0000] {processor.py:914} INFO - Processing file /home/airflow/.local/lib/python3.12/site-packages/airflow/example_dags/example_latest_only_with_trigger.py for tasks to queue
[2024-11-25T10:01:37.736+0000] {logging_mixin.py:190} INFO - [2024-11-25T10:01:37.736+0000] {dagbag.py:588} INFO - Filling up the DagBag from /home/airflow/.local/lib/python3.12/site-packages/airflow/example_dags/example_latest_only_with_trigger.py
[2024-11-25T10:01:37.748+0000] {processor.py:925} INFO - DAG(s) 'latest_only_with_trigger' retrieved from /home/airflow/.local/lib/python3.12/site-packages/airflow/example_dags/example_latest_only_with_trigger.py
[2024-11-25T10:01:37.775+0000] {logging_mixin.py:190} INFO - [2024-11-25T10:01:37.774+0000] {dag.py:3239} INFO - Sync 1 DAGs
[2024-11-25T10:01:37.800+0000] {logging_mixin.py:190} INFO - [2024-11-25T10:01:37.800+0000] {dag.py:4180} INFO - Setting next_dagrun for latest_only_with_trigger to 2024-11-25 04:00:00+00:00, run_after=2024-11-25 08:00:00+00:00
[2024-11-25T10:01:37.827+0000] {processor.py:208} INFO - Processing /home/airflow/.local/lib/python3.12/site-packages/airflow/example_dags/example_latest_only_with_trigger.py took 0.101 seconds
[2024-11-25T10:02:08.511+0000] {processor.py:186} INFO - Started process (PID=7552) to work on /home/airflow/.local/lib/python3.12/site-packages/airflow/example_dags/example_latest_only_with_trigger.py
[2024-11-25T10:02:08.512+0000] {processor.py:914} INFO - Processing file /home/airflow/.local/lib/python3.12/site-packages/airflow/example_dags/example_latest_only_with_trigger.py for tasks to queue
[2024-11-25T10:02:08.515+0000] {logging_mixin.py:190} INFO - [2024-11-25T10:02:08.515+0000] {dagbag.py:588} INFO - Filling up the DagBag from /home/airflow/.local/lib/python3.12/site-packages/airflow/example_dags/example_latest_only_with_trigger.py
[2024-11-25T10:02:08.528+0000] {processor.py:925} INFO - DAG(s) 'latest_only_with_trigger' retrieved from /home/airflow/.local/lib/python3.12/site-packages/airflow/example_dags/example_latest_only_with_trigger.py
[2024-11-25T10:02:08.552+0000] {logging_mixin.py:190} INFO - [2024-11-25T10:02:08.552+0000] {dag.py:3239} INFO - Sync 1 DAGs
[2024-11-25T10:02:08.578+0000] {logging_mixin.py:190} INFO - [2024-11-25T10:02:08.578+0000] {dag.py:4180} INFO - Setting next_dagrun for latest_only_with_trigger to 2024-11-25 04:00:00+00:00, run_after=2024-11-25 08:00:00+00:00
[2024-11-25T10:02:08.604+0000] {processor.py:208} INFO - Processing /home/airflow/.local/lib/python3.12/site-packages/airflow/example_dags/example_latest_only_with_trigger.py took 0.100 seconds
[2024-11-25T10:02:39.489+0000] {processor.py:186} INFO - Started process (PID=7848) to work on /home/airflow/.local/lib/python3.12/site-packages/airflow/example_dags/example_latest_only_with_trigger.py
[2024-11-25T10:02:39.491+0000] {processor.py:914} INFO - Processing file /home/airflow/.local/lib/python3.12/site-packages/airflow/example_dags/example_latest_only_with_trigger.py for tasks to queue
[2024-11-25T10:02:39.493+0000] {logging_mixin.py:190} INFO - [2024-11-25T10:02:39.493+0000] {dagbag.py:588} INFO - Filling up the DagBag from /home/airflow/.local/lib/python3.12/site-packages/airflow/example_dags/example_latest_only_with_trigger.py
[2024-11-25T10:02:39.511+0000] {processor.py:925} INFO - DAG(s) 'latest_only_with_trigger' retrieved from /home/airflow/.local/lib/python3.12/site-packages/airflow/example_dags/example_latest_only_with_trigger.py
[2024-11-25T10:02:39.543+0000] {logging_mixin.py:190} INFO - [2024-11-25T10:02:39.542+0000] {dag.py:3239} INFO - Sync 1 DAGs
[2024-11-25T10:02:39.593+0000] {logging_mixin.py:190} INFO - [2024-11-25T10:02:39.593+0000] {dag.py:4180} INFO - Setting next_dagrun for latest_only_with_trigger to 2024-11-25 04:00:00+00:00, run_after=2024-11-25 08:00:00+00:00
[2024-11-25T10:02:39.655+0000] {processor.py:208} INFO - Processing /home/airflow/.local/lib/python3.12/site-packages/airflow/example_dags/example_latest_only_with_trigger.py took 0.179 seconds
[2024-11-25T10:03:11.020+0000] {processor.py:186} INFO - Started process (PID=8152) to work on /home/airflow/.local/lib/python3.12/site-packages/airflow/example_dags/example_latest_only_with_trigger.py
[2024-11-25T10:03:11.023+0000] {processor.py:914} INFO - Processing file /home/airflow/.local/lib/python3.12/site-packages/airflow/example_dags/example_latest_only_with_trigger.py for tasks to queue
[2024-11-25T10:03:11.038+0000] {logging_mixin.py:190} INFO - [2024-11-25T10:03:11.035+0000] {dagbag.py:588} INFO - Filling up the DagBag from /home/airflow/.local/lib/python3.12/site-packages/airflow/example_dags/example_latest_only_with_trigger.py
[2024-11-25T10:03:11.103+0000] {processor.py:925} INFO - DAG(s) 'latest_only_with_trigger' retrieved from /home/airflow/.local/lib/python3.12/site-packages/airflow/example_dags/example_latest_only_with_trigger.py
[2024-11-25T10:03:11.160+0000] {logging_mixin.py:190} INFO - [2024-11-25T10:03:11.159+0000] {dag.py:3239} INFO - Sync 1 DAGs
[2024-11-25T10:03:11.500+0000] {logging_mixin.py:190} INFO - [2024-11-25T10:03:11.500+0000] {dag.py:4180} INFO - Setting next_dagrun for latest_only_with_trigger to 2024-11-25 04:00:00+00:00, run_after=2024-11-25 08:00:00+00:00
[2024-11-25T10:03:11.596+0000] {processor.py:208} INFO - Processing /home/airflow/.local/lib/python3.12/site-packages/airflow/example_dags/example_latest_only_with_trigger.py took 0.624 seconds
[2024-11-25T10:03:41.804+0000] {processor.py:186} INFO - Started process (PID=8443) to work on /home/airflow/.local/lib/python3.12/site-packages/airflow/example_dags/example_latest_only_with_trigger.py
[2024-11-25T10:03:41.805+0000] {processor.py:914} INFO - Processing file /home/airflow/.local/lib/python3.12/site-packages/airflow/example_dags/example_latest_only_with_trigger.py for tasks to queue
[2024-11-25T10:03:41.807+0000] {logging_mixin.py:190} INFO - [2024-11-25T10:03:41.806+0000] {dagbag.py:588} INFO - Filling up the DagBag from /home/airflow/.local/lib/python3.12/site-packages/airflow/example_dags/example_latest_only_with_trigger.py
[2024-11-25T10:03:41.819+0000] {processor.py:925} INFO - DAG(s) 'latest_only_with_trigger' retrieved from /home/airflow/.local/lib/python3.12/site-packages/airflow/example_dags/example_latest_only_with_trigger.py
[2024-11-25T10:03:41.846+0000] {logging_mixin.py:190} INFO - [2024-11-25T10:03:41.846+0000] {dag.py:3239} INFO - Sync 1 DAGs
[2024-11-25T10:03:41.875+0000] {logging_mixin.py:190} INFO - [2024-11-25T10:03:41.875+0000] {dag.py:4180} INFO - Setting next_dagrun for latest_only_with_trigger to 2024-11-25 04:00:00+00:00, run_after=2024-11-25 08:00:00+00:00
[2024-11-25T10:03:41.899+0000] {processor.py:208} INFO - Processing /home/airflow/.local/lib/python3.12/site-packages/airflow/example_dags/example_latest_only_with_trigger.py took 0.102 seconds
[2024-11-25T10:04:12.318+0000] {processor.py:186} INFO - Started process (PID=8742) to work on /home/airflow/.local/lib/python3.12/site-packages/airflow/example_dags/example_latest_only_with_trigger.py
[2024-11-25T10:04:12.319+0000] {processor.py:914} INFO - Processing file /home/airflow/.local/lib/python3.12/site-packages/airflow/example_dags/example_latest_only_with_trigger.py for tasks to queue
[2024-11-25T10:04:12.320+0000] {logging_mixin.py:190} INFO - [2024-11-25T10:04:12.320+0000] {dagbag.py:588} INFO - Filling up the DagBag from /home/airflow/.local/lib/python3.12/site-packages/airflow/example_dags/example_latest_only_with_trigger.py
[2024-11-25T10:04:12.332+0000] {processor.py:925} INFO - DAG(s) 'latest_only_with_trigger' retrieved from /home/airflow/.local/lib/python3.12/site-packages/airflow/example_dags/example_latest_only_with_trigger.py
[2024-11-25T10:04:12.358+0000] {logging_mixin.py:190} INFO - [2024-11-25T10:04:12.357+0000] {dag.py:3239} INFO - Sync 1 DAGs
[2024-11-25T10:04:12.387+0000] {logging_mixin.py:190} INFO - [2024-11-25T10:04:12.387+0000] {dag.py:4180} INFO - Setting next_dagrun for latest_only_with_trigger to 2024-11-25 04:00:00+00:00, run_after=2024-11-25 08:00:00+00:00
[2024-11-25T10:04:12.411+0000] {processor.py:208} INFO - Processing /home/airflow/.local/lib/python3.12/site-packages/airflow/example_dags/example_latest_only_with_trigger.py took 0.101 seconds
[2024-11-25T10:04:43.479+0000] {processor.py:186} INFO - Started process (PID=9040) to work on /home/airflow/.local/lib/python3.12/site-packages/airflow/example_dags/example_latest_only_with_trigger.py
[2024-11-25T10:04:43.480+0000] {processor.py:914} INFO - Processing file /home/airflow/.local/lib/python3.12/site-packages/airflow/example_dags/example_latest_only_with_trigger.py for tasks to queue
[2024-11-25T10:04:43.482+0000] {logging_mixin.py:190} INFO - [2024-11-25T10:04:43.482+0000] {dagbag.py:588} INFO - Filling up the DagBag from /home/airflow/.local/lib/python3.12/site-packages/airflow/example_dags/example_latest_only_with_trigger.py
[2024-11-25T10:04:43.494+0000] {processor.py:925} INFO - DAG(s) 'latest_only_with_trigger' retrieved from /home/airflow/.local/lib/python3.12/site-packages/airflow/example_dags/example_latest_only_with_trigger.py
[2024-11-25T10:04:43.521+0000] {logging_mixin.py:190} INFO - [2024-11-25T10:04:43.521+0000] {dag.py:3239} INFO - Sync 1 DAGs
[2024-11-25T10:04:43.549+0000] {logging_mixin.py:190} INFO - [2024-11-25T10:04:43.549+0000] {dag.py:4180} INFO - Setting next_dagrun for latest_only_with_trigger to 2024-11-25 04:00:00+00:00, run_after=2024-11-25 08:00:00+00:00
[2024-11-25T10:04:43.572+0000] {processor.py:208} INFO - Processing /home/airflow/.local/lib/python3.12/site-packages/airflow/example_dags/example_latest_only_with_trigger.py took 0.100 seconds
[2024-11-25T10:05:14.051+0000] {processor.py:186} INFO - Started process (PID=9334) to work on /home/airflow/.local/lib/python3.12/site-packages/airflow/example_dags/example_latest_only_with_trigger.py
[2024-11-25T10:05:14.053+0000] {processor.py:914} INFO - Processing file /home/airflow/.local/lib/python3.12/site-packages/airflow/example_dags/example_latest_only_with_trigger.py for tasks to queue
[2024-11-25T10:05:14.055+0000] {logging_mixin.py:190} INFO - [2024-11-25T10:05:14.055+0000] {dagbag.py:588} INFO - Filling up the DagBag from /home/airflow/.local/lib/python3.12/site-packages/airflow/example_dags/example_latest_only_with_trigger.py
[2024-11-25T10:05:14.072+0000] {processor.py:925} INFO - DAG(s) 'latest_only_with_trigger' retrieved from /home/airflow/.local/lib/python3.12/site-packages/airflow/example_dags/example_latest_only_with_trigger.py
[2024-11-25T10:05:14.102+0000] {logging_mixin.py:190} INFO - [2024-11-25T10:05:14.102+0000] {dag.py:3239} INFO - Sync 1 DAGs
[2024-11-25T10:05:14.139+0000] {logging_mixin.py:190} INFO - [2024-11-25T10:05:14.139+0000] {dag.py:4180} INFO - Setting next_dagrun for latest_only_with_trigger to 2024-11-25 04:00:00+00:00, run_after=2024-11-25 08:00:00+00:00
[2024-11-25T10:05:14.168+0000] {processor.py:208} INFO - Processing /home/airflow/.local/lib/python3.12/site-packages/airflow/example_dags/example_latest_only_with_trigger.py took 0.128 seconds
[2024-11-25T10:05:44.585+0000] {processor.py:186} INFO - Started process (PID=9627) to work on /home/airflow/.local/lib/python3.12/site-packages/airflow/example_dags/example_latest_only_with_trigger.py
[2024-11-25T10:05:44.586+0000] {processor.py:914} INFO - Processing file /home/airflow/.local/lib/python3.12/site-packages/airflow/example_dags/example_latest_only_with_trigger.py for tasks to queue
[2024-11-25T10:05:44.588+0000] {logging_mixin.py:190} INFO - [2024-11-25T10:05:44.587+0000] {dagbag.py:588} INFO - Filling up the DagBag from /home/airflow/.local/lib/python3.12/site-packages/airflow/example_dags/example_latest_only_with_trigger.py
[2024-11-25T10:05:44.600+0000] {processor.py:925} INFO - DAG(s) 'latest_only_with_trigger' retrieved from /home/airflow/.local/lib/python3.12/site-packages/airflow/example_dags/example_latest_only_with_trigger.py
[2024-11-25T10:05:44.621+0000] {logging_mixin.py:190} INFO - [2024-11-25T10:05:44.621+0000] {dag.py:3239} INFO - Sync 1 DAGs
[2024-11-25T10:05:44.644+0000] {logging_mixin.py:190} INFO - [2024-11-25T10:05:44.644+0000] {dag.py:4180} INFO - Setting next_dagrun for latest_only_with_trigger to 2024-11-25 04:00:00+00:00, run_after=2024-11-25 08:00:00+00:00
[2024-11-25T10:05:44.667+0000] {processor.py:208} INFO - Processing /home/airflow/.local/lib/python3.12/site-packages/airflow/example_dags/example_latest_only_with_trigger.py took 0.089 seconds
[2024-11-25T10:06:15.916+0000] {processor.py:186} INFO - Started process (PID=9931) to work on /home/airflow/.local/lib/python3.12/site-packages/airflow/example_dags/example_latest_only_with_trigger.py
[2024-11-25T10:06:15.917+0000] {processor.py:914} INFO - Processing file /home/airflow/.local/lib/python3.12/site-packages/airflow/example_dags/example_latest_only_with_trigger.py for tasks to queue
[2024-11-25T10:06:15.919+0000] {logging_mixin.py:190} INFO - [2024-11-25T10:06:15.919+0000] {dagbag.py:588} INFO - Filling up the DagBag from /home/airflow/.local/lib/python3.12/site-packages/airflow/example_dags/example_latest_only_with_trigger.py
[2024-11-25T10:06:15.930+0000] {processor.py:925} INFO - DAG(s) 'latest_only_with_trigger' retrieved from /home/airflow/.local/lib/python3.12/site-packages/airflow/example_dags/example_latest_only_with_trigger.py
[2024-11-25T10:06:15.956+0000] {logging_mixin.py:190} INFO - [2024-11-25T10:06:15.955+0000] {dag.py:3239} INFO - Sync 1 DAGs
[2024-11-25T10:06:15.997+0000] {logging_mixin.py:190} INFO - [2024-11-25T10:06:15.997+0000] {dag.py:4180} INFO - Setting next_dagrun for latest_only_with_trigger to 2024-11-25 04:00:00+00:00, run_after=2024-11-25 08:00:00+00:00
[2024-11-25T10:06:16.023+0000] {processor.py:208} INFO - Processing /home/airflow/.local/lib/python3.12/site-packages/airflow/example_dags/example_latest_only_with_trigger.py took 0.113 seconds
[2024-11-25T10:06:46.998+0000] {processor.py:186} INFO - Started process (PID=10227) to work on /home/airflow/.local/lib/python3.12/site-packages/airflow/example_dags/example_latest_only_with_trigger.py
[2024-11-25T10:06:47.000+0000] {processor.py:914} INFO - Processing file /home/airflow/.local/lib/python3.12/site-packages/airflow/example_dags/example_latest_only_with_trigger.py for tasks to queue
[2024-11-25T10:06:47.001+0000] {logging_mixin.py:190} INFO - [2024-11-25T10:06:47.001+0000] {dagbag.py:588} INFO - Filling up the DagBag from /home/airflow/.local/lib/python3.12/site-packages/airflow/example_dags/example_latest_only_with_trigger.py
[2024-11-25T10:06:47.014+0000] {processor.py:925} INFO - DAG(s) 'latest_only_with_trigger' retrieved from /home/airflow/.local/lib/python3.12/site-packages/airflow/example_dags/example_latest_only_with_trigger.py
[2024-11-25T10:06:47.041+0000] {logging_mixin.py:190} INFO - [2024-11-25T10:06:47.041+0000] {dag.py:3239} INFO - Sync 1 DAGs
[2024-11-25T10:06:47.072+0000] {logging_mixin.py:190} INFO - [2024-11-25T10:06:47.072+0000] {dag.py:4180} INFO - Setting next_dagrun for latest_only_with_trigger to 2024-11-25 04:00:00+00:00, run_after=2024-11-25 08:00:00+00:00
[2024-11-25T10:06:47.096+0000] {processor.py:208} INFO - Processing /home/airflow/.local/lib/python3.12/site-packages/airflow/example_dags/example_latest_only_with_trigger.py took 0.106 seconds
[2024-11-25T10:07:17.154+0000] {processor.py:186} INFO - Started process (PID=10518) to work on /home/airflow/.local/lib/python3.12/site-packages/airflow/example_dags/example_latest_only_with_trigger.py
[2024-11-25T10:07:17.155+0000] {processor.py:914} INFO - Processing file /home/airflow/.local/lib/python3.12/site-packages/airflow/example_dags/example_latest_only_with_trigger.py for tasks to queue
[2024-11-25T10:07:17.157+0000] {logging_mixin.py:190} INFO - [2024-11-25T10:07:17.156+0000] {dagbag.py:588} INFO - Filling up the DagBag from /home/airflow/.local/lib/python3.12/site-packages/airflow/example_dags/example_latest_only_with_trigger.py
[2024-11-25T10:07:17.170+0000] {processor.py:925} INFO - DAG(s) 'latest_only_with_trigger' retrieved from /home/airflow/.local/lib/python3.12/site-packages/airflow/example_dags/example_latest_only_with_trigger.py
[2024-11-25T10:07:17.199+0000] {logging_mixin.py:190} INFO - [2024-11-25T10:07:17.198+0000] {dag.py:3239} INFO - Sync 1 DAGs
[2024-11-25T10:07:17.230+0000] {logging_mixin.py:190} INFO - [2024-11-25T10:07:17.230+0000] {dag.py:4180} INFO - Setting next_dagrun for latest_only_with_trigger to 2024-11-25 04:00:00+00:00, run_after=2024-11-25 08:00:00+00:00
[2024-11-25T10:07:17.257+0000] {processor.py:208} INFO - Processing /home/airflow/.local/lib/python3.12/site-packages/airflow/example_dags/example_latest_only_with_trigger.py took 0.110 seconds
[2024-11-25T10:07:48.038+0000] {processor.py:186} INFO - Started process (PID=10814) to work on /home/airflow/.local/lib/python3.12/site-packages/airflow/example_dags/example_latest_only_with_trigger.py
[2024-11-25T10:07:48.040+0000] {processor.py:914} INFO - Processing file /home/airflow/.local/lib/python3.12/site-packages/airflow/example_dags/example_latest_only_with_trigger.py for tasks to queue
[2024-11-25T10:07:48.041+0000] {logging_mixin.py:190} INFO - [2024-11-25T10:07:48.041+0000] {dagbag.py:588} INFO - Filling up the DagBag from /home/airflow/.local/lib/python3.12/site-packages/airflow/example_dags/example_latest_only_with_trigger.py
[2024-11-25T10:07:48.054+0000] {processor.py:925} INFO - DAG(s) 'latest_only_with_trigger' retrieved from /home/airflow/.local/lib/python3.12/site-packages/airflow/example_dags/example_latest_only_with_trigger.py
[2024-11-25T10:07:48.080+0000] {logging_mixin.py:190} INFO - [2024-11-25T10:07:48.079+0000] {dag.py:3239} INFO - Sync 1 DAGs
[2024-11-25T10:07:48.112+0000] {logging_mixin.py:190} INFO - [2024-11-25T10:07:48.112+0000] {dag.py:4180} INFO - Setting next_dagrun for latest_only_with_trigger to 2024-11-25 04:00:00+00:00, run_after=2024-11-25 08:00:00+00:00
[2024-11-25T10:07:48.138+0000] {processor.py:208} INFO - Processing /home/airflow/.local/lib/python3.12/site-packages/airflow/example_dags/example_latest_only_with_trigger.py took 0.110 seconds
[2024-11-25T10:08:18.893+0000] {processor.py:186} INFO - Started process (PID=11110) to work on /home/airflow/.local/lib/python3.12/site-packages/airflow/example_dags/example_latest_only_with_trigger.py
[2024-11-25T10:08:18.894+0000] {processor.py:914} INFO - Processing file /home/airflow/.local/lib/python3.12/site-packages/airflow/example_dags/example_latest_only_with_trigger.py for tasks to queue
[2024-11-25T10:08:18.896+0000] {logging_mixin.py:190} INFO - [2024-11-25T10:08:18.896+0000] {dagbag.py:588} INFO - Filling up the DagBag from /home/airflow/.local/lib/python3.12/site-packages/airflow/example_dags/example_latest_only_with_trigger.py
[2024-11-25T10:08:18.907+0000] {processor.py:925} INFO - DAG(s) 'latest_only_with_trigger' retrieved from /home/airflow/.local/lib/python3.12/site-packages/airflow/example_dags/example_latest_only_with_trigger.py
[2024-11-25T10:08:18.931+0000] {logging_mixin.py:190} INFO - [2024-11-25T10:08:18.931+0000] {dag.py:3239} INFO - Sync 1 DAGs
[2024-11-25T10:08:18.958+0000] {logging_mixin.py:190} INFO - [2024-11-25T10:08:18.958+0000] {dag.py:4180} INFO - Setting next_dagrun for latest_only_with_trigger to 2024-11-25 04:00:00+00:00, run_after=2024-11-25 08:00:00+00:00
[2024-11-25T10:08:18.983+0000] {processor.py:208} INFO - Processing /home/airflow/.local/lib/python3.12/site-packages/airflow/example_dags/example_latest_only_with_trigger.py took 0.097 seconds
[2024-11-25T10:08:49.311+0000] {processor.py:186} INFO - Started process (PID=11409) to work on /home/airflow/.local/lib/python3.12/site-packages/airflow/example_dags/example_latest_only_with_trigger.py
[2024-11-25T10:08:49.312+0000] {processor.py:914} INFO - Processing file /home/airflow/.local/lib/python3.12/site-packages/airflow/example_dags/example_latest_only_with_trigger.py for tasks to queue
[2024-11-25T10:08:49.314+0000] {logging_mixin.py:190} INFO - [2024-11-25T10:08:49.313+0000] {dagbag.py:588} INFO - Filling up the DagBag from /home/airflow/.local/lib/python3.12/site-packages/airflow/example_dags/example_latest_only_with_trigger.py
[2024-11-25T10:08:49.329+0000] {processor.py:925} INFO - DAG(s) 'latest_only_with_trigger' retrieved from /home/airflow/.local/lib/python3.12/site-packages/airflow/example_dags/example_latest_only_with_trigger.py
[2024-11-25T10:08:49.392+0000] {logging_mixin.py:190} INFO - [2024-11-25T10:08:49.391+0000] {dag.py:3239} INFO - Sync 1 DAGs
[2024-11-25T10:08:49.452+0000] {logging_mixin.py:190} INFO - [2024-11-25T10:08:49.452+0000] {dag.py:4180} INFO - Setting next_dagrun for latest_only_with_trigger to 2024-11-25 04:00:00+00:00, run_after=2024-11-25 08:00:00+00:00
[2024-11-25T10:08:49.497+0000] {processor.py:208} INFO - Processing /home/airflow/.local/lib/python3.12/site-packages/airflow/example_dags/example_latest_only_with_trigger.py took 0.193 seconds
[2024-11-25T10:09:19.603+0000] {processor.py:186} INFO - Started process (PID=11702) to work on /home/airflow/.local/lib/python3.12/site-packages/airflow/example_dags/example_latest_only_with_trigger.py
[2024-11-25T10:09:19.604+0000] {processor.py:914} INFO - Processing file /home/airflow/.local/lib/python3.12/site-packages/airflow/example_dags/example_latest_only_with_trigger.py for tasks to queue
[2024-11-25T10:09:19.605+0000] {logging_mixin.py:190} INFO - [2024-11-25T10:09:19.605+0000] {dagbag.py:588} INFO - Filling up the DagBag from /home/airflow/.local/lib/python3.12/site-packages/airflow/example_dags/example_latest_only_with_trigger.py
[2024-11-25T10:09:19.616+0000] {processor.py:925} INFO - DAG(s) 'latest_only_with_trigger' retrieved from /home/airflow/.local/lib/python3.12/site-packages/airflow/example_dags/example_latest_only_with_trigger.py
[2024-11-25T10:09:19.640+0000] {logging_mixin.py:190} INFO - [2024-11-25T10:09:19.640+0000] {dag.py:3239} INFO - Sync 1 DAGs
[2024-11-25T10:09:19.668+0000] {logging_mixin.py:190} INFO - [2024-11-25T10:09:19.668+0000] {dag.py:4180} INFO - Setting next_dagrun for latest_only_with_trigger to 2024-11-25 04:00:00+00:00, run_after=2024-11-25 08:00:00+00:00
[2024-11-25T10:09:19.693+0000] {processor.py:208} INFO - Processing /home/airflow/.local/lib/python3.12/site-packages/airflow/example_dags/example_latest_only_with_trigger.py took 0.097 seconds
[2024-11-25T10:09:49.954+0000] {processor.py:186} INFO - Started process (PID=12004) to work on /home/airflow/.local/lib/python3.12/site-packages/airflow/example_dags/example_latest_only_with_trigger.py
[2024-11-25T10:09:49.956+0000] {processor.py:914} INFO - Processing file /home/airflow/.local/lib/python3.12/site-packages/airflow/example_dags/example_latest_only_with_trigger.py for tasks to queue
[2024-11-25T10:09:49.957+0000] {logging_mixin.py:190} INFO - [2024-11-25T10:09:49.957+0000] {dagbag.py:588} INFO - Filling up the DagBag from /home/airflow/.local/lib/python3.12/site-packages/airflow/example_dags/example_latest_only_with_trigger.py
[2024-11-25T10:09:49.969+0000] {processor.py:925} INFO - DAG(s) 'latest_only_with_trigger' retrieved from /home/airflow/.local/lib/python3.12/site-packages/airflow/example_dags/example_latest_only_with_trigger.py
[2024-11-25T10:09:49.998+0000] {logging_mixin.py:190} INFO - [2024-11-25T10:09:49.998+0000] {dag.py:3239} INFO - Sync 1 DAGs
[2024-11-25T10:09:50.028+0000] {logging_mixin.py:190} INFO - [2024-11-25T10:09:50.027+0000] {dag.py:4180} INFO - Setting next_dagrun for latest_only_with_trigger to 2024-11-25 04:00:00+00:00, run_after=2024-11-25 08:00:00+00:00
[2024-11-25T10:09:50.052+0000] {processor.py:208} INFO - Processing /home/airflow/.local/lib/python3.12/site-packages/airflow/example_dags/example_latest_only_with_trigger.py took 0.106 seconds
[2024-11-25T10:10:20.538+0000] {processor.py:186} INFO - Started process (PID=12300) to work on /home/airflow/.local/lib/python3.12/site-packages/airflow/example_dags/example_latest_only_with_trigger.py
[2024-11-25T10:10:20.539+0000] {processor.py:914} INFO - Processing file /home/airflow/.local/lib/python3.12/site-packages/airflow/example_dags/example_latest_only_with_trigger.py for tasks to queue
[2024-11-25T10:10:20.540+0000] {logging_mixin.py:190} INFO - [2024-11-25T10:10:20.540+0000] {dagbag.py:588} INFO - Filling up the DagBag from /home/airflow/.local/lib/python3.12/site-packages/airflow/example_dags/example_latest_only_with_trigger.py
[2024-11-25T10:10:20.551+0000] {processor.py:925} INFO - DAG(s) 'latest_only_with_trigger' retrieved from /home/airflow/.local/lib/python3.12/site-packages/airflow/example_dags/example_latest_only_with_trigger.py
[2024-11-25T10:10:20.577+0000] {logging_mixin.py:190} INFO - [2024-11-25T10:10:20.577+0000] {dag.py:3239} INFO - Sync 1 DAGs
[2024-11-25T10:10:20.605+0000] {logging_mixin.py:190} INFO - [2024-11-25T10:10:20.605+0000] {dag.py:4180} INFO - Setting next_dagrun for latest_only_with_trigger to 2024-11-25 04:00:00+00:00, run_after=2024-11-25 08:00:00+00:00
[2024-11-25T10:10:20.632+0000] {processor.py:208} INFO - Processing /home/airflow/.local/lib/python3.12/site-packages/airflow/example_dags/example_latest_only_with_trigger.py took 0.101 seconds
[2024-11-25T10:10:51.300+0000] {processor.py:186} INFO - Started process (PID=12596) to work on /home/airflow/.local/lib/python3.12/site-packages/airflow/example_dags/example_latest_only_with_trigger.py
[2024-11-25T10:10:51.302+0000] {processor.py:914} INFO - Processing file /home/airflow/.local/lib/python3.12/site-packages/airflow/example_dags/example_latest_only_with_trigger.py for tasks to queue
[2024-11-25T10:10:51.305+0000] {logging_mixin.py:190} INFO - [2024-11-25T10:10:51.304+0000] {dagbag.py:588} INFO - Filling up the DagBag from /home/airflow/.local/lib/python3.12/site-packages/airflow/example_dags/example_latest_only_with_trigger.py
[2024-11-25T10:10:51.340+0000] {processor.py:925} INFO - DAG(s) 'latest_only_with_trigger' retrieved from /home/airflow/.local/lib/python3.12/site-packages/airflow/example_dags/example_latest_only_with_trigger.py
[2024-11-25T10:10:51.397+0000] {logging_mixin.py:190} INFO - [2024-11-25T10:10:51.396+0000] {dag.py:3239} INFO - Sync 1 DAGs
[2024-11-25T10:10:51.446+0000] {logging_mixin.py:190} INFO - [2024-11-25T10:10:51.446+0000] {dag.py:4180} INFO - Setting next_dagrun for latest_only_with_trigger to 2024-11-25 04:00:00+00:00, run_after=2024-11-25 08:00:00+00:00
[2024-11-25T10:10:51.483+0000] {processor.py:208} INFO - Processing /home/airflow/.local/lib/python3.12/site-packages/airflow/example_dags/example_latest_only_with_trigger.py took 0.202 seconds
[2024-11-25T10:11:21.685+0000] {processor.py:186} INFO - Started process (PID=12892) to work on /home/airflow/.local/lib/python3.12/site-packages/airflow/example_dags/example_latest_only_with_trigger.py
[2024-11-25T10:11:21.686+0000] {processor.py:914} INFO - Processing file /home/airflow/.local/lib/python3.12/site-packages/airflow/example_dags/example_latest_only_with_trigger.py for tasks to queue
[2024-11-25T10:11:21.688+0000] {logging_mixin.py:190} INFO - [2024-11-25T10:11:21.688+0000] {dagbag.py:588} INFO - Filling up the DagBag from /home/airflow/.local/lib/python3.12/site-packages/airflow/example_dags/example_latest_only_with_trigger.py
[2024-11-25T10:11:21.700+0000] {processor.py:925} INFO - DAG(s) 'latest_only_with_trigger' retrieved from /home/airflow/.local/lib/python3.12/site-packages/airflow/example_dags/example_latest_only_with_trigger.py
[2024-11-25T10:11:21.725+0000] {logging_mixin.py:190} INFO - [2024-11-25T10:11:21.724+0000] {dag.py:3239} INFO - Sync 1 DAGs
[2024-11-25T10:11:21.754+0000] {logging_mixin.py:190} INFO - [2024-11-25T10:11:21.753+0000] {dag.py:4180} INFO - Setting next_dagrun for latest_only_with_trigger to 2024-11-25 04:00:00+00:00, run_after=2024-11-25 08:00:00+00:00
[2024-11-25T10:11:21.777+0000] {processor.py:208} INFO - Processing /home/airflow/.local/lib/python3.12/site-packages/airflow/example_dags/example_latest_only_with_trigger.py took 0.099 seconds
