[2024-11-25T09:49:47.382+0000] {processor.py:186} INFO - Started process (PID=465) to work on /home/airflow/.local/lib/python3.12/site-packages/airflow/example_dags/example_task_group.py
[2024-11-25T09:49:47.384+0000] {processor.py:914} INFO - Processing file /home/airflow/.local/lib/python3.12/site-packages/airflow/example_dags/example_task_group.py for tasks to queue
[2024-11-25T09:49:47.388+0000] {logging_mixin.py:190} INFO - [2024-11-25T09:49:47.388+0000] {dagbag.py:588} INFO - Filling up the DagBag from /home/airflow/.local/lib/python3.12/site-packages/airflow/example_dags/example_task_group.py
[2024-11-25T09:49:47.403+0000] {processor.py:925} INFO - DAG(s) 'example_task_group' retrieved from /home/airflow/.local/lib/python3.12/site-packages/airflow/example_dags/example_task_group.py
[2024-11-25T09:49:47.432+0000] {logging_mixin.py:190} INFO - [2024-11-25T09:49:47.432+0000] {dag.py:3239} INFO - Sync 1 DAGs
[2024-11-25T09:49:47.453+0000] {logging_mixin.py:190} INFO - [2024-11-25T09:49:47.453+0000] {dag.py:4180} INFO - Setting next_dagrun for example_task_group to None, run_after=None
[2024-11-25T09:49:47.484+0000] {processor.py:208} INFO - Processing /home/airflow/.local/lib/python3.12/site-packages/airflow/example_dags/example_task_group.py took 0.109 seconds
[2024-11-25T09:50:19.868+0000] {processor.py:186} INFO - Started process (PID=763) to work on /home/airflow/.local/lib/python3.12/site-packages/airflow/example_dags/example_task_group.py
[2024-11-25T09:50:19.873+0000] {processor.py:914} INFO - Processing file /home/airflow/.local/lib/python3.12/site-packages/airflow/example_dags/example_task_group.py for tasks to queue
[2024-11-25T09:50:19.877+0000] {logging_mixin.py:190} INFO - [2024-11-25T09:50:19.876+0000] {dagbag.py:588} INFO - Filling up the DagBag from /home/airflow/.local/lib/python3.12/site-packages/airflow/example_dags/example_task_group.py
[2024-11-25T09:50:19.903+0000] {processor.py:925} INFO - DAG(s) 'example_task_group' retrieved from /home/airflow/.local/lib/python3.12/site-packages/airflow/example_dags/example_task_group.py
[2024-11-25T09:50:19.949+0000] {logging_mixin.py:190} INFO - [2024-11-25T09:50:19.949+0000] {dag.py:3239} INFO - Sync 1 DAGs
[2024-11-25T09:50:19.984+0000] {logging_mixin.py:190} INFO - [2024-11-25T09:50:19.982+0000] {dag.py:4180} INFO - Setting next_dagrun for example_task_group to None, run_after=None
[2024-11-25T09:50:20.023+0000] {processor.py:208} INFO - Processing /home/airflow/.local/lib/python3.12/site-packages/airflow/example_dags/example_task_group.py took 0.173 seconds
[2024-11-25T09:50:50.109+0000] {processor.py:186} INFO - Started process (PID=1087) to work on /home/airflow/.local/lib/python3.12/site-packages/airflow/example_dags/example_task_group.py
[2024-11-25T09:50:50.110+0000] {processor.py:914} INFO - Processing file /home/airflow/.local/lib/python3.12/site-packages/airflow/example_dags/example_task_group.py for tasks to queue
[2024-11-25T09:50:50.112+0000] {logging_mixin.py:190} INFO - [2024-11-25T09:50:50.112+0000] {dagbag.py:588} INFO - Filling up the DagBag from /home/airflow/.local/lib/python3.12/site-packages/airflow/example_dags/example_task_group.py
[2024-11-25T09:50:50.141+0000] {processor.py:925} INFO - DAG(s) 'example_task_group' retrieved from /home/airflow/.local/lib/python3.12/site-packages/airflow/example_dags/example_task_group.py
[2024-11-25T09:50:50.181+0000] {logging_mixin.py:190} INFO - [2024-11-25T09:50:50.180+0000] {dag.py:3239} INFO - Sync 1 DAGs
[2024-11-25T09:50:50.219+0000] {logging_mixin.py:190} INFO - [2024-11-25T09:50:50.219+0000] {dag.py:4180} INFO - Setting next_dagrun for example_task_group to None, run_after=None
[2024-11-25T09:50:50.257+0000] {processor.py:208} INFO - Processing /home/airflow/.local/lib/python3.12/site-packages/airflow/example_dags/example_task_group.py took 0.157 seconds
[2024-11-25T09:51:20.541+0000] {processor.py:186} INFO - Started process (PID=1380) to work on /home/airflow/.local/lib/python3.12/site-packages/airflow/example_dags/example_task_group.py
[2024-11-25T09:51:20.548+0000] {processor.py:914} INFO - Processing file /home/airflow/.local/lib/python3.12/site-packages/airflow/example_dags/example_task_group.py for tasks to queue
[2024-11-25T09:51:20.550+0000] {logging_mixin.py:190} INFO - [2024-11-25T09:51:20.549+0000] {dagbag.py:588} INFO - Filling up the DagBag from /home/airflow/.local/lib/python3.12/site-packages/airflow/example_dags/example_task_group.py
[2024-11-25T09:51:20.564+0000] {processor.py:925} INFO - DAG(s) 'example_task_group' retrieved from /home/airflow/.local/lib/python3.12/site-packages/airflow/example_dags/example_task_group.py
[2024-11-25T09:51:20.599+0000] {logging_mixin.py:190} INFO - [2024-11-25T09:51:20.599+0000] {dag.py:3239} INFO - Sync 1 DAGs
[2024-11-25T09:51:20.615+0000] {logging_mixin.py:190} INFO - [2024-11-25T09:51:20.615+0000] {dag.py:4180} INFO - Setting next_dagrun for example_task_group to None, run_after=None
[2024-11-25T09:51:20.642+0000] {processor.py:208} INFO - Processing /home/airflow/.local/lib/python3.12/site-packages/airflow/example_dags/example_task_group.py took 0.110 seconds
[2024-11-25T09:51:51.637+0000] {processor.py:186} INFO - Started process (PID=1671) to work on /home/airflow/.local/lib/python3.12/site-packages/airflow/example_dags/example_task_group.py
[2024-11-25T09:51:51.638+0000] {processor.py:914} INFO - Processing file /home/airflow/.local/lib/python3.12/site-packages/airflow/example_dags/example_task_group.py for tasks to queue
[2024-11-25T09:51:51.641+0000] {logging_mixin.py:190} INFO - [2024-11-25T09:51:51.641+0000] {dagbag.py:588} INFO - Filling up the DagBag from /home/airflow/.local/lib/python3.12/site-packages/airflow/example_dags/example_task_group.py
[2024-11-25T09:51:51.659+0000] {processor.py:925} INFO - DAG(s) 'example_task_group' retrieved from /home/airflow/.local/lib/python3.12/site-packages/airflow/example_dags/example_task_group.py
[2024-11-25T09:51:51.695+0000] {logging_mixin.py:190} INFO - [2024-11-25T09:51:51.695+0000] {dag.py:3239} INFO - Sync 1 DAGs
[2024-11-25T09:51:51.739+0000] {logging_mixin.py:190} INFO - [2024-11-25T09:51:51.739+0000] {dag.py:4180} INFO - Setting next_dagrun for example_task_group to None, run_after=None
[2024-11-25T09:51:51.798+0000] {processor.py:208} INFO - Processing /home/airflow/.local/lib/python3.12/site-packages/airflow/example_dags/example_task_group.py took 0.169 seconds
[2024-11-25T09:52:25.453+0000] {processor.py:186} INFO - Started process (PID=1970) to work on /home/airflow/.local/lib/python3.12/site-packages/airflow/example_dags/example_task_group.py
[2024-11-25T09:52:25.455+0000] {processor.py:914} INFO - Processing file /home/airflow/.local/lib/python3.12/site-packages/airflow/example_dags/example_task_group.py for tasks to queue
[2024-11-25T09:52:25.458+0000] {logging_mixin.py:190} INFO - [2024-11-25T09:52:25.457+0000] {dagbag.py:588} INFO - Filling up the DagBag from /home/airflow/.local/lib/python3.12/site-packages/airflow/example_dags/example_task_group.py
[2024-11-25T09:52:25.481+0000] {processor.py:925} INFO - DAG(s) 'example_task_group' retrieved from /home/airflow/.local/lib/python3.12/site-packages/airflow/example_dags/example_task_group.py
[2024-11-25T09:52:25.534+0000] {logging_mixin.py:190} INFO - [2024-11-25T09:52:25.533+0000] {dag.py:3239} INFO - Sync 1 DAGs
[2024-11-25T09:52:25.590+0000] {logging_mixin.py:190} INFO - [2024-11-25T09:52:25.590+0000] {dag.py:4180} INFO - Setting next_dagrun for example_task_group to None, run_after=None
[2024-11-25T09:52:25.641+0000] {processor.py:208} INFO - Processing /home/airflow/.local/lib/python3.12/site-packages/airflow/example_dags/example_task_group.py took 0.201 seconds
[2024-11-25T09:52:57.261+0000] {processor.py:186} INFO - Started process (PID=2268) to work on /home/airflow/.local/lib/python3.12/site-packages/airflow/example_dags/example_task_group.py
[2024-11-25T09:52:57.263+0000] {processor.py:914} INFO - Processing file /home/airflow/.local/lib/python3.12/site-packages/airflow/example_dags/example_task_group.py for tasks to queue
[2024-11-25T09:52:57.265+0000] {logging_mixin.py:190} INFO - [2024-11-25T09:52:57.264+0000] {dagbag.py:588} INFO - Filling up the DagBag from /home/airflow/.local/lib/python3.12/site-packages/airflow/example_dags/example_task_group.py
[2024-11-25T09:52:57.278+0000] {processor.py:925} INFO - DAG(s) 'example_task_group' retrieved from /home/airflow/.local/lib/python3.12/site-packages/airflow/example_dags/example_task_group.py
[2024-11-25T09:52:57.306+0000] {logging_mixin.py:190} INFO - [2024-11-25T09:52:57.306+0000] {dag.py:3239} INFO - Sync 1 DAGs
[2024-11-25T09:52:57.329+0000] {logging_mixin.py:190} INFO - [2024-11-25T09:52:57.328+0000] {dag.py:4180} INFO - Setting next_dagrun for example_task_group to None, run_after=None
[2024-11-25T09:52:57.362+0000] {processor.py:208} INFO - Processing /home/airflow/.local/lib/python3.12/site-packages/airflow/example_dags/example_task_group.py took 0.108 seconds
[2024-11-25T09:53:28.722+0000] {processor.py:186} INFO - Started process (PID=2562) to work on /home/airflow/.local/lib/python3.12/site-packages/airflow/example_dags/example_task_group.py
[2024-11-25T09:53:28.726+0000] {processor.py:914} INFO - Processing file /home/airflow/.local/lib/python3.12/site-packages/airflow/example_dags/example_task_group.py for tasks to queue
[2024-11-25T09:53:28.730+0000] {logging_mixin.py:190} INFO - [2024-11-25T09:53:28.729+0000] {dagbag.py:588} INFO - Filling up the DagBag from /home/airflow/.local/lib/python3.12/site-packages/airflow/example_dags/example_task_group.py
[2024-11-25T09:53:28.750+0000] {processor.py:925} INFO - DAG(s) 'example_task_group' retrieved from /home/airflow/.local/lib/python3.12/site-packages/airflow/example_dags/example_task_group.py
[2024-11-25T09:53:28.796+0000] {logging_mixin.py:190} INFO - [2024-11-25T09:53:28.796+0000] {dag.py:3239} INFO - Sync 1 DAGs
[2024-11-25T09:53:28.852+0000] {logging_mixin.py:190} INFO - [2024-11-25T09:53:28.852+0000] {dag.py:4180} INFO - Setting next_dagrun for example_task_group to None, run_after=None
[2024-11-25T09:53:28.898+0000] {processor.py:208} INFO - Processing /home/airflow/.local/lib/python3.12/site-packages/airflow/example_dags/example_task_group.py took 0.189 seconds
[2024-11-25T09:53:59.467+0000] {processor.py:186} INFO - Started process (PID=2858) to work on /home/airflow/.local/lib/python3.12/site-packages/airflow/example_dags/example_task_group.py
[2024-11-25T09:53:59.468+0000] {processor.py:914} INFO - Processing file /home/airflow/.local/lib/python3.12/site-packages/airflow/example_dags/example_task_group.py for tasks to queue
[2024-11-25T09:53:59.470+0000] {logging_mixin.py:190} INFO - [2024-11-25T09:53:59.469+0000] {dagbag.py:588} INFO - Filling up the DagBag from /home/airflow/.local/lib/python3.12/site-packages/airflow/example_dags/example_task_group.py
[2024-11-25T09:53:59.480+0000] {processor.py:925} INFO - DAG(s) 'example_task_group' retrieved from /home/airflow/.local/lib/python3.12/site-packages/airflow/example_dags/example_task_group.py
[2024-11-25T09:53:59.501+0000] {logging_mixin.py:190} INFO - [2024-11-25T09:53:59.501+0000] {dag.py:3239} INFO - Sync 1 DAGs
[2024-11-25T09:53:59.518+0000] {logging_mixin.py:190} INFO - [2024-11-25T09:53:59.517+0000] {dag.py:4180} INFO - Setting next_dagrun for example_task_group to None, run_after=None
[2024-11-25T09:53:59.542+0000] {processor.py:208} INFO - Processing /home/airflow/.local/lib/python3.12/site-packages/airflow/example_dags/example_task_group.py took 0.081 seconds
[2024-11-25T09:54:31.037+0000] {processor.py:186} INFO - Started process (PID=3154) to work on /home/airflow/.local/lib/python3.12/site-packages/airflow/example_dags/example_task_group.py
[2024-11-25T09:54:31.038+0000] {processor.py:914} INFO - Processing file /home/airflow/.local/lib/python3.12/site-packages/airflow/example_dags/example_task_group.py for tasks to queue
[2024-11-25T09:54:31.040+0000] {logging_mixin.py:190} INFO - [2024-11-25T09:54:31.039+0000] {dagbag.py:588} INFO - Filling up the DagBag from /home/airflow/.local/lib/python3.12/site-packages/airflow/example_dags/example_task_group.py
[2024-11-25T09:54:31.051+0000] {processor.py:925} INFO - DAG(s) 'example_task_group' retrieved from /home/airflow/.local/lib/python3.12/site-packages/airflow/example_dags/example_task_group.py
[2024-11-25T09:54:31.073+0000] {logging_mixin.py:190} INFO - [2024-11-25T09:54:31.073+0000] {dag.py:3239} INFO - Sync 1 DAGs
[2024-11-25T09:54:31.090+0000] {logging_mixin.py:190} INFO - [2024-11-25T09:54:31.090+0000] {dag.py:4180} INFO - Setting next_dagrun for example_task_group to None, run_after=None
[2024-11-25T09:54:31.114+0000] {processor.py:208} INFO - Processing /home/airflow/.local/lib/python3.12/site-packages/airflow/example_dags/example_task_group.py took 0.084 seconds
[2024-11-25T09:55:02.753+0000] {processor.py:186} INFO - Started process (PID=3456) to work on /home/airflow/.local/lib/python3.12/site-packages/airflow/example_dags/example_task_group.py
[2024-11-25T09:55:02.754+0000] {processor.py:914} INFO - Processing file /home/airflow/.local/lib/python3.12/site-packages/airflow/example_dags/example_task_group.py for tasks to queue
[2024-11-25T09:55:02.756+0000] {logging_mixin.py:190} INFO - [2024-11-25T09:55:02.756+0000] {dagbag.py:588} INFO - Filling up the DagBag from /home/airflow/.local/lib/python3.12/site-packages/airflow/example_dags/example_task_group.py
[2024-11-25T09:55:02.770+0000] {processor.py:925} INFO - DAG(s) 'example_task_group' retrieved from /home/airflow/.local/lib/python3.12/site-packages/airflow/example_dags/example_task_group.py
[2024-11-25T09:55:02.807+0000] {logging_mixin.py:190} INFO - [2024-11-25T09:55:02.807+0000] {dag.py:3239} INFO - Sync 1 DAGs
[2024-11-25T09:55:02.827+0000] {logging_mixin.py:190} INFO - [2024-11-25T09:55:02.827+0000] {dag.py:4180} INFO - Setting next_dagrun for example_task_group to None, run_after=None
[2024-11-25T09:55:02.855+0000] {processor.py:208} INFO - Processing /home/airflow/.local/lib/python3.12/site-packages/airflow/example_dags/example_task_group.py took 0.110 seconds
[2024-11-25T09:55:34.812+0000] {processor.py:186} INFO - Started process (PID=3758) to work on /home/airflow/.local/lib/python3.12/site-packages/airflow/example_dags/example_task_group.py
[2024-11-25T09:55:34.813+0000] {processor.py:914} INFO - Processing file /home/airflow/.local/lib/python3.12/site-packages/airflow/example_dags/example_task_group.py for tasks to queue
[2024-11-25T09:55:34.814+0000] {logging_mixin.py:190} INFO - [2024-11-25T09:55:34.814+0000] {dagbag.py:588} INFO - Filling up the DagBag from /home/airflow/.local/lib/python3.12/site-packages/airflow/example_dags/example_task_group.py
[2024-11-25T09:55:34.824+0000] {processor.py:925} INFO - DAG(s) 'example_task_group' retrieved from /home/airflow/.local/lib/python3.12/site-packages/airflow/example_dags/example_task_group.py
[2024-11-25T09:55:34.848+0000] {logging_mixin.py:190} INFO - [2024-11-25T09:55:34.847+0000] {dag.py:3239} INFO - Sync 1 DAGs
[2024-11-25T09:55:34.863+0000] {logging_mixin.py:190} INFO - [2024-11-25T09:55:34.862+0000] {dag.py:4180} INFO - Setting next_dagrun for example_task_group to None, run_after=None
[2024-11-25T09:55:34.886+0000] {processor.py:208} INFO - Processing /home/airflow/.local/lib/python3.12/site-packages/airflow/example_dags/example_task_group.py took 0.081 seconds
[2024-11-25T09:56:05.731+0000] {processor.py:186} INFO - Started process (PID=4054) to work on /home/airflow/.local/lib/python3.12/site-packages/airflow/example_dags/example_task_group.py
[2024-11-25T09:56:05.732+0000] {processor.py:914} INFO - Processing file /home/airflow/.local/lib/python3.12/site-packages/airflow/example_dags/example_task_group.py for tasks to queue
[2024-11-25T09:56:05.734+0000] {logging_mixin.py:190} INFO - [2024-11-25T09:56:05.734+0000] {dagbag.py:588} INFO - Filling up the DagBag from /home/airflow/.local/lib/python3.12/site-packages/airflow/example_dags/example_task_group.py
[2024-11-25T09:56:05.744+0000] {processor.py:925} INFO - DAG(s) 'example_task_group' retrieved from /home/airflow/.local/lib/python3.12/site-packages/airflow/example_dags/example_task_group.py
[2024-11-25T09:56:05.768+0000] {logging_mixin.py:190} INFO - [2024-11-25T09:56:05.768+0000] {dag.py:3239} INFO - Sync 1 DAGs
[2024-11-25T09:56:05.785+0000] {logging_mixin.py:190} INFO - [2024-11-25T09:56:05.785+0000] {dag.py:4180} INFO - Setting next_dagrun for example_task_group to None, run_after=None
[2024-11-25T09:56:05.811+0000] {processor.py:208} INFO - Processing /home/airflow/.local/lib/python3.12/site-packages/airflow/example_dags/example_task_group.py took 0.087 seconds
[2024-11-25T09:56:36.501+0000] {processor.py:186} INFO - Started process (PID=4347) to work on /home/airflow/.local/lib/python3.12/site-packages/airflow/example_dags/example_task_group.py
[2024-11-25T09:56:36.502+0000] {processor.py:914} INFO - Processing file /home/airflow/.local/lib/python3.12/site-packages/airflow/example_dags/example_task_group.py for tasks to queue
[2024-11-25T09:56:36.504+0000] {logging_mixin.py:190} INFO - [2024-11-25T09:56:36.503+0000] {dagbag.py:588} INFO - Filling up the DagBag from /home/airflow/.local/lib/python3.12/site-packages/airflow/example_dags/example_task_group.py
[2024-11-25T09:56:36.515+0000] {processor.py:925} INFO - DAG(s) 'example_task_group' retrieved from /home/airflow/.local/lib/python3.12/site-packages/airflow/example_dags/example_task_group.py
[2024-11-25T09:56:36.542+0000] {logging_mixin.py:190} INFO - [2024-11-25T09:56:36.541+0000] {dag.py:3239} INFO - Sync 1 DAGs
[2024-11-25T09:56:36.559+0000] {logging_mixin.py:190} INFO - [2024-11-25T09:56:36.558+0000] {dag.py:4180} INFO - Setting next_dagrun for example_task_group to None, run_after=None
[2024-11-25T09:56:36.582+0000] {processor.py:208} INFO - Processing /home/airflow/.local/lib/python3.12/site-packages/airflow/example_dags/example_task_group.py took 0.089 seconds
[2024-11-25T09:57:07.858+0000] {processor.py:186} INFO - Started process (PID=4651) to work on /home/airflow/.local/lib/python3.12/site-packages/airflow/example_dags/example_task_group.py
[2024-11-25T09:57:07.860+0000] {processor.py:914} INFO - Processing file /home/airflow/.local/lib/python3.12/site-packages/airflow/example_dags/example_task_group.py for tasks to queue
[2024-11-25T09:57:07.862+0000] {logging_mixin.py:190} INFO - [2024-11-25T09:57:07.861+0000] {dagbag.py:588} INFO - Filling up the DagBag from /home/airflow/.local/lib/python3.12/site-packages/airflow/example_dags/example_task_group.py
[2024-11-25T09:57:07.873+0000] {processor.py:925} INFO - DAG(s) 'example_task_group' retrieved from /home/airflow/.local/lib/python3.12/site-packages/airflow/example_dags/example_task_group.py
[2024-11-25T09:57:07.898+0000] {logging_mixin.py:190} INFO - [2024-11-25T09:57:07.898+0000] {dag.py:3239} INFO - Sync 1 DAGs
[2024-11-25T09:57:07.914+0000] {logging_mixin.py:190} INFO - [2024-11-25T09:57:07.913+0000] {dag.py:4180} INFO - Setting next_dagrun for example_task_group to None, run_after=None
[2024-11-25T09:57:07.936+0000] {processor.py:208} INFO - Processing /home/airflow/.local/lib/python3.12/site-packages/airflow/example_dags/example_task_group.py took 0.084 seconds
[2024-11-25T09:57:47.803+0000] {processor.py:186} INFO - Started process (PID=4985) to work on /home/airflow/.local/lib/python3.12/site-packages/airflow/example_dags/example_task_group.py
[2024-11-25T09:57:47.804+0000] {processor.py:914} INFO - Processing file /home/airflow/.local/lib/python3.12/site-packages/airflow/example_dags/example_task_group.py for tasks to queue
[2024-11-25T09:57:47.805+0000] {logging_mixin.py:190} INFO - [2024-11-25T09:57:47.805+0000] {dagbag.py:588} INFO - Filling up the DagBag from /home/airflow/.local/lib/python3.12/site-packages/airflow/example_dags/example_task_group.py
[2024-11-25T09:57:47.818+0000] {processor.py:925} INFO - DAG(s) 'example_task_group' retrieved from /home/airflow/.local/lib/python3.12/site-packages/airflow/example_dags/example_task_group.py
[2024-11-25T09:57:47.848+0000] {logging_mixin.py:190} INFO - [2024-11-25T09:57:47.847+0000] {dag.py:3239} INFO - Sync 1 DAGs
[2024-11-25T09:57:47.870+0000] {logging_mixin.py:190} INFO - [2024-11-25T09:57:47.870+0000] {dag.py:4180} INFO - Setting next_dagrun for example_task_group to None, run_after=None
[2024-11-25T09:57:47.898+0000] {processor.py:208} INFO - Processing /home/airflow/.local/lib/python3.12/site-packages/airflow/example_dags/example_task_group.py took 0.102 seconds
[2024-11-25T09:58:21.295+0000] {processor.py:186} INFO - Started process (PID=5296) to work on /home/airflow/.local/lib/python3.12/site-packages/airflow/example_dags/example_task_group.py
[2024-11-25T09:58:21.298+0000] {processor.py:914} INFO - Processing file /home/airflow/.local/lib/python3.12/site-packages/airflow/example_dags/example_task_group.py for tasks to queue
[2024-11-25T09:58:21.301+0000] {logging_mixin.py:190} INFO - [2024-11-25T09:58:21.300+0000] {dagbag.py:588} INFO - Filling up the DagBag from /home/airflow/.local/lib/python3.12/site-packages/airflow/example_dags/example_task_group.py
[2024-11-25T09:58:21.322+0000] {processor.py:925} INFO - DAG(s) 'example_task_group' retrieved from /home/airflow/.local/lib/python3.12/site-packages/airflow/example_dags/example_task_group.py
[2024-11-25T09:58:21.363+0000] {logging_mixin.py:190} INFO - [2024-11-25T09:58:21.362+0000] {dag.py:3239} INFO - Sync 1 DAGs
[2024-11-25T09:58:21.393+0000] {logging_mixin.py:190} INFO - [2024-11-25T09:58:21.392+0000] {dag.py:4180} INFO - Setting next_dagrun for example_task_group to None, run_after=None
[2024-11-25T09:58:21.425+0000] {processor.py:208} INFO - Processing /home/airflow/.local/lib/python3.12/site-packages/airflow/example_dags/example_task_group.py took 0.139 seconds
[2024-11-25T09:58:51.604+0000] {processor.py:186} INFO - Started process (PID=5592) to work on /home/airflow/.local/lib/python3.12/site-packages/airflow/example_dags/example_task_group.py
[2024-11-25T09:58:51.605+0000] {processor.py:914} INFO - Processing file /home/airflow/.local/lib/python3.12/site-packages/airflow/example_dags/example_task_group.py for tasks to queue
[2024-11-25T09:58:51.607+0000] {logging_mixin.py:190} INFO - [2024-11-25T09:58:51.607+0000] {dagbag.py:588} INFO - Filling up the DagBag from /home/airflow/.local/lib/python3.12/site-packages/airflow/example_dags/example_task_group.py
[2024-11-25T09:58:51.618+0000] {processor.py:925} INFO - DAG(s) 'example_task_group' retrieved from /home/airflow/.local/lib/python3.12/site-packages/airflow/example_dags/example_task_group.py
[2024-11-25T09:58:51.644+0000] {logging_mixin.py:190} INFO - [2024-11-25T09:58:51.644+0000] {dag.py:3239} INFO - Sync 1 DAGs
[2024-11-25T09:58:51.664+0000] {logging_mixin.py:190} INFO - [2024-11-25T09:58:51.663+0000] {dag.py:4180} INFO - Setting next_dagrun for example_task_group to None, run_after=None
[2024-11-25T09:58:51.689+0000] {processor.py:208} INFO - Processing /home/airflow/.local/lib/python3.12/site-packages/airflow/example_dags/example_task_group.py took 0.092 seconds
[2024-11-25T09:59:22.736+0000] {processor.py:186} INFO - Started process (PID=5886) to work on /home/airflow/.local/lib/python3.12/site-packages/airflow/example_dags/example_task_group.py
[2024-11-25T09:59:22.737+0000] {processor.py:914} INFO - Processing file /home/airflow/.local/lib/python3.12/site-packages/airflow/example_dags/example_task_group.py for tasks to queue
[2024-11-25T09:59:22.738+0000] {logging_mixin.py:190} INFO - [2024-11-25T09:59:22.738+0000] {dagbag.py:588} INFO - Filling up the DagBag from /home/airflow/.local/lib/python3.12/site-packages/airflow/example_dags/example_task_group.py
[2024-11-25T09:59:22.752+0000] {processor.py:925} INFO - DAG(s) 'example_task_group' retrieved from /home/airflow/.local/lib/python3.12/site-packages/airflow/example_dags/example_task_group.py
[2024-11-25T09:59:22.781+0000] {logging_mixin.py:190} INFO - [2024-11-25T09:59:22.781+0000] {dag.py:3239} INFO - Sync 1 DAGs
[2024-11-25T09:59:22.802+0000] {logging_mixin.py:190} INFO - [2024-11-25T09:59:22.801+0000] {dag.py:4180} INFO - Setting next_dagrun for example_task_group to None, run_after=None
[2024-11-25T09:59:22.828+0000] {processor.py:208} INFO - Processing /home/airflow/.local/lib/python3.12/site-packages/airflow/example_dags/example_task_group.py took 0.100 seconds
[2024-11-25T09:59:54.370+0000] {processor.py:186} INFO - Started process (PID=6202) to work on /home/airflow/.local/lib/python3.12/site-packages/airflow/example_dags/example_task_group.py
[2024-11-25T09:59:54.372+0000] {processor.py:914} INFO - Processing file /home/airflow/.local/lib/python3.12/site-packages/airflow/example_dags/example_task_group.py for tasks to queue
[2024-11-25T09:59:54.374+0000] {logging_mixin.py:190} INFO - [2024-11-25T09:59:54.373+0000] {dagbag.py:588} INFO - Filling up the DagBag from /home/airflow/.local/lib/python3.12/site-packages/airflow/example_dags/example_task_group.py
[2024-11-25T09:59:54.386+0000] {processor.py:925} INFO - DAG(s) 'example_task_group' retrieved from /home/airflow/.local/lib/python3.12/site-packages/airflow/example_dags/example_task_group.py
[2024-11-25T09:59:54.410+0000] {logging_mixin.py:190} INFO - [2024-11-25T09:59:54.409+0000] {dag.py:3239} INFO - Sync 1 DAGs
[2024-11-25T09:59:54.428+0000] {logging_mixin.py:190} INFO - [2024-11-25T09:59:54.428+0000] {dag.py:4180} INFO - Setting next_dagrun for example_task_group to None, run_after=None
[2024-11-25T09:59:54.452+0000] {processor.py:208} INFO - Processing /home/airflow/.local/lib/python3.12/site-packages/airflow/example_dags/example_task_group.py took 0.092 seconds
[2024-11-25T10:00:25.991+0000] {processor.py:186} INFO - Started process (PID=6523) to work on /home/airflow/.local/lib/python3.12/site-packages/airflow/example_dags/example_task_group.py
[2024-11-25T10:00:25.993+0000] {processor.py:914} INFO - Processing file /home/airflow/.local/lib/python3.12/site-packages/airflow/example_dags/example_task_group.py for tasks to queue
[2024-11-25T10:00:25.995+0000] {logging_mixin.py:190} INFO - [2024-11-25T10:00:25.995+0000] {dagbag.py:588} INFO - Filling up the DagBag from /home/airflow/.local/lib/python3.12/site-packages/airflow/example_dags/example_task_group.py
[2024-11-25T10:00:26.009+0000] {processor.py:925} INFO - DAG(s) 'example_task_group' retrieved from /home/airflow/.local/lib/python3.12/site-packages/airflow/example_dags/example_task_group.py
[2024-11-25T10:00:26.038+0000] {logging_mixin.py:190} INFO - [2024-11-25T10:00:26.038+0000] {dag.py:3239} INFO - Sync 1 DAGs
[2024-11-25T10:00:26.056+0000] {logging_mixin.py:190} INFO - [2024-11-25T10:00:26.056+0000] {dag.py:4180} INFO - Setting next_dagrun for example_task_group to None, run_after=None
[2024-11-25T10:00:26.083+0000] {processor.py:208} INFO - Processing /home/airflow/.local/lib/python3.12/site-packages/airflow/example_dags/example_task_group.py took 0.099 seconds
[2024-11-25T10:00:58.885+0000] {processor.py:186} INFO - Started process (PID=6836) to work on /home/airflow/.local/lib/python3.12/site-packages/airflow/example_dags/example_task_group.py
[2024-11-25T10:00:58.888+0000] {processor.py:914} INFO - Processing file /home/airflow/.local/lib/python3.12/site-packages/airflow/example_dags/example_task_group.py for tasks to queue
[2024-11-25T10:00:58.892+0000] {logging_mixin.py:190} INFO - [2024-11-25T10:00:58.891+0000] {dagbag.py:588} INFO - Filling up the DagBag from /home/airflow/.local/lib/python3.12/site-packages/airflow/example_dags/example_task_group.py
[2024-11-25T10:00:58.915+0000] {processor.py:925} INFO - DAG(s) 'example_task_group' retrieved from /home/airflow/.local/lib/python3.12/site-packages/airflow/example_dags/example_task_group.py
[2024-11-25T10:00:58.950+0000] {logging_mixin.py:190} INFO - [2024-11-25T10:00:58.949+0000] {dag.py:3239} INFO - Sync 1 DAGs
[2024-11-25T10:00:58.974+0000] {logging_mixin.py:190} INFO - [2024-11-25T10:00:58.973+0000] {dag.py:4180} INFO - Setting next_dagrun for example_task_group to None, run_after=None
[2024-11-25T10:00:59.003+0000] {processor.py:208} INFO - Processing /home/airflow/.local/lib/python3.12/site-packages/airflow/example_dags/example_task_group.py took 0.144 seconds
[2024-11-25T10:01:29.992+0000] {processor.py:186} INFO - Started process (PID=7140) to work on /home/airflow/.local/lib/python3.12/site-packages/airflow/example_dags/example_task_group.py
[2024-11-25T10:01:29.995+0000] {processor.py:914} INFO - Processing file /home/airflow/.local/lib/python3.12/site-packages/airflow/example_dags/example_task_group.py for tasks to queue
[2024-11-25T10:01:29.997+0000] {logging_mixin.py:190} INFO - [2024-11-25T10:01:29.996+0000] {dagbag.py:588} INFO - Filling up the DagBag from /home/airflow/.local/lib/python3.12/site-packages/airflow/example_dags/example_task_group.py
[2024-11-25T10:01:30.018+0000] {processor.py:925} INFO - DAG(s) 'example_task_group' retrieved from /home/airflow/.local/lib/python3.12/site-packages/airflow/example_dags/example_task_group.py
[2024-11-25T10:01:30.050+0000] {logging_mixin.py:190} INFO - [2024-11-25T10:01:30.050+0000] {dag.py:3239} INFO - Sync 1 DAGs
[2024-11-25T10:01:30.078+0000] {logging_mixin.py:190} INFO - [2024-11-25T10:01:30.077+0000] {dag.py:4180} INFO - Setting next_dagrun for example_task_group to None, run_after=None
[2024-11-25T10:01:30.128+0000] {processor.py:208} INFO - Processing /home/airflow/.local/lib/python3.12/site-packages/airflow/example_dags/example_task_group.py took 0.146 seconds
[2024-11-25T10:02:01.678+0000] {processor.py:186} INFO - Started process (PID=7441) to work on /home/airflow/.local/lib/python3.12/site-packages/airflow/example_dags/example_task_group.py
[2024-11-25T10:02:01.679+0000] {processor.py:914} INFO - Processing file /home/airflow/.local/lib/python3.12/site-packages/airflow/example_dags/example_task_group.py for tasks to queue
[2024-11-25T10:02:01.681+0000] {logging_mixin.py:190} INFO - [2024-11-25T10:02:01.681+0000] {dagbag.py:588} INFO - Filling up the DagBag from /home/airflow/.local/lib/python3.12/site-packages/airflow/example_dags/example_task_group.py
[2024-11-25T10:02:01.706+0000] {processor.py:925} INFO - DAG(s) 'example_task_group' retrieved from /home/airflow/.local/lib/python3.12/site-packages/airflow/example_dags/example_task_group.py
[2024-11-25T10:02:01.750+0000] {logging_mixin.py:190} INFO - [2024-11-25T10:02:01.750+0000] {dag.py:3239} INFO - Sync 1 DAGs
[2024-11-25T10:02:01.775+0000] {logging_mixin.py:190} INFO - [2024-11-25T10:02:01.774+0000] {dag.py:4180} INFO - Setting next_dagrun for example_task_group to None, run_after=None
[2024-11-25T10:02:01.808+0000] {processor.py:208} INFO - Processing /home/airflow/.local/lib/python3.12/site-packages/airflow/example_dags/example_task_group.py took 0.142 seconds
[2024-11-25T10:02:32.262+0000] {processor.py:186} INFO - Started process (PID=7738) to work on /home/airflow/.local/lib/python3.12/site-packages/airflow/example_dags/example_task_group.py
[2024-11-25T10:02:32.264+0000] {processor.py:914} INFO - Processing file /home/airflow/.local/lib/python3.12/site-packages/airflow/example_dags/example_task_group.py for tasks to queue
[2024-11-25T10:02:32.266+0000] {logging_mixin.py:190} INFO - [2024-11-25T10:02:32.265+0000] {dagbag.py:588} INFO - Filling up the DagBag from /home/airflow/.local/lib/python3.12/site-packages/airflow/example_dags/example_task_group.py
[2024-11-25T10:02:32.280+0000] {processor.py:925} INFO - DAG(s) 'example_task_group' retrieved from /home/airflow/.local/lib/python3.12/site-packages/airflow/example_dags/example_task_group.py
[2024-11-25T10:02:32.305+0000] {logging_mixin.py:190} INFO - [2024-11-25T10:02:32.305+0000] {dag.py:3239} INFO - Sync 1 DAGs
[2024-11-25T10:02:32.321+0000] {logging_mixin.py:190} INFO - [2024-11-25T10:02:32.321+0000] {dag.py:4180} INFO - Setting next_dagrun for example_task_group to None, run_after=None
[2024-11-25T10:02:32.344+0000] {processor.py:208} INFO - Processing /home/airflow/.local/lib/python3.12/site-packages/airflow/example_dags/example_task_group.py took 0.090 seconds
[2024-11-25T10:03:02.577+0000] {processor.py:186} INFO - Started process (PID=8047) to work on /home/airflow/.local/lib/python3.12/site-packages/airflow/example_dags/example_task_group.py
[2024-11-25T10:03:02.579+0000] {processor.py:914} INFO - Processing file /home/airflow/.local/lib/python3.12/site-packages/airflow/example_dags/example_task_group.py for tasks to queue
[2024-11-25T10:03:02.582+0000] {logging_mixin.py:190} INFO - [2024-11-25T10:03:02.581+0000] {dagbag.py:588} INFO - Filling up the DagBag from /home/airflow/.local/lib/python3.12/site-packages/airflow/example_dags/example_task_group.py
[2024-11-25T10:03:02.606+0000] {processor.py:925} INFO - DAG(s) 'example_task_group' retrieved from /home/airflow/.local/lib/python3.12/site-packages/airflow/example_dags/example_task_group.py
[2024-11-25T10:03:02.679+0000] {logging_mixin.py:190} INFO - [2024-11-25T10:03:02.679+0000] {dag.py:3239} INFO - Sync 1 DAGs
[2024-11-25T10:03:02.727+0000] {logging_mixin.py:190} INFO - [2024-11-25T10:03:02.726+0000] {dag.py:4180} INFO - Setting next_dagrun for example_task_group to None, run_after=None
[2024-11-25T10:03:02.789+0000] {processor.py:208} INFO - Processing /home/airflow/.local/lib/python3.12/site-packages/airflow/example_dags/example_task_group.py took 0.223 seconds
[2024-11-25T10:03:33.429+0000] {processor.py:186} INFO - Started process (PID=8340) to work on /home/airflow/.local/lib/python3.12/site-packages/airflow/example_dags/example_task_group.py
[2024-11-25T10:03:33.430+0000] {processor.py:914} INFO - Processing file /home/airflow/.local/lib/python3.12/site-packages/airflow/example_dags/example_task_group.py for tasks to queue
[2024-11-25T10:03:33.432+0000] {logging_mixin.py:190} INFO - [2024-11-25T10:03:33.431+0000] {dagbag.py:588} INFO - Filling up the DagBag from /home/airflow/.local/lib/python3.12/site-packages/airflow/example_dags/example_task_group.py
[2024-11-25T10:03:33.444+0000] {processor.py:925} INFO - DAG(s) 'example_task_group' retrieved from /home/airflow/.local/lib/python3.12/site-packages/airflow/example_dags/example_task_group.py
[2024-11-25T10:03:33.470+0000] {logging_mixin.py:190} INFO - [2024-11-25T10:03:33.470+0000] {dag.py:3239} INFO - Sync 1 DAGs
[2024-11-25T10:03:33.497+0000] {logging_mixin.py:190} INFO - [2024-11-25T10:03:33.497+0000] {dag.py:4180} INFO - Setting next_dagrun for example_task_group to None, run_after=None
[2024-11-25T10:03:33.524+0000] {processor.py:208} INFO - Processing /home/airflow/.local/lib/python3.12/site-packages/airflow/example_dags/example_task_group.py took 0.103 seconds
[2024-11-25T10:04:03.959+0000] {processor.py:186} INFO - Started process (PID=8642) to work on /home/airflow/.local/lib/python3.12/site-packages/airflow/example_dags/example_task_group.py
[2024-11-25T10:04:03.962+0000] {processor.py:914} INFO - Processing file /home/airflow/.local/lib/python3.12/site-packages/airflow/example_dags/example_task_group.py for tasks to queue
[2024-11-25T10:04:03.966+0000] {logging_mixin.py:190} INFO - [2024-11-25T10:04:03.965+0000] {dagbag.py:588} INFO - Filling up the DagBag from /home/airflow/.local/lib/python3.12/site-packages/airflow/example_dags/example_task_group.py
[2024-11-25T10:04:04.021+0000] {processor.py:925} INFO - DAG(s) 'example_task_group' retrieved from /home/airflow/.local/lib/python3.12/site-packages/airflow/example_dags/example_task_group.py
[2024-11-25T10:04:04.124+0000] {logging_mixin.py:190} INFO - [2024-11-25T10:04:04.124+0000] {dag.py:3239} INFO - Sync 1 DAGs
[2024-11-25T10:04:04.230+0000] {logging_mixin.py:190} INFO - [2024-11-25T10:04:04.230+0000] {dag.py:4180} INFO - Setting next_dagrun for example_task_group to None, run_after=None
[2024-11-25T10:04:04.328+0000] {processor.py:208} INFO - Processing /home/airflow/.local/lib/python3.12/site-packages/airflow/example_dags/example_task_group.py took 0.538 seconds
[2024-11-25T10:04:34.514+0000] {processor.py:186} INFO - Started process (PID=8940) to work on /home/airflow/.local/lib/python3.12/site-packages/airflow/example_dags/example_task_group.py
[2024-11-25T10:04:34.515+0000] {processor.py:914} INFO - Processing file /home/airflow/.local/lib/python3.12/site-packages/airflow/example_dags/example_task_group.py for tasks to queue
[2024-11-25T10:04:34.517+0000] {logging_mixin.py:190} INFO - [2024-11-25T10:04:34.517+0000] {dagbag.py:588} INFO - Filling up the DagBag from /home/airflow/.local/lib/python3.12/site-packages/airflow/example_dags/example_task_group.py
[2024-11-25T10:04:34.531+0000] {processor.py:925} INFO - DAG(s) 'example_task_group' retrieved from /home/airflow/.local/lib/python3.12/site-packages/airflow/example_dags/example_task_group.py
[2024-11-25T10:04:34.563+0000] {logging_mixin.py:190} INFO - [2024-11-25T10:04:34.562+0000] {dag.py:3239} INFO - Sync 1 DAGs
[2024-11-25T10:04:34.584+0000] {logging_mixin.py:190} INFO - [2024-11-25T10:04:34.584+0000] {dag.py:4180} INFO - Setting next_dagrun for example_task_group to None, run_after=None
[2024-11-25T10:04:34.609+0000] {processor.py:208} INFO - Processing /home/airflow/.local/lib/python3.12/site-packages/airflow/example_dags/example_task_group.py took 0.103 seconds
[2024-11-25T10:05:04.886+0000] {processor.py:186} INFO - Started process (PID=9241) to work on /home/airflow/.local/lib/python3.12/site-packages/airflow/example_dags/example_task_group.py
[2024-11-25T10:05:04.888+0000] {processor.py:914} INFO - Processing file /home/airflow/.local/lib/python3.12/site-packages/airflow/example_dags/example_task_group.py for tasks to queue
[2024-11-25T10:05:04.889+0000] {logging_mixin.py:190} INFO - [2024-11-25T10:05:04.889+0000] {dagbag.py:588} INFO - Filling up the DagBag from /home/airflow/.local/lib/python3.12/site-packages/airflow/example_dags/example_task_group.py
[2024-11-25T10:05:04.901+0000] {processor.py:925} INFO - DAG(s) 'example_task_group' retrieved from /home/airflow/.local/lib/python3.12/site-packages/airflow/example_dags/example_task_group.py
[2024-11-25T10:05:04.930+0000] {logging_mixin.py:190} INFO - [2024-11-25T10:05:04.929+0000] {dag.py:3239} INFO - Sync 1 DAGs
[2024-11-25T10:05:04.948+0000] {logging_mixin.py:190} INFO - [2024-11-25T10:05:04.948+0000] {dag.py:4180} INFO - Setting next_dagrun for example_task_group to None, run_after=None
[2024-11-25T10:05:04.967+0000] {processor.py:208} INFO - Processing /home/airflow/.local/lib/python3.12/site-packages/airflow/example_dags/example_task_group.py took 0.088 seconds
[2024-11-25T10:05:35.340+0000] {processor.py:186} INFO - Started process (PID=9527) to work on /home/airflow/.local/lib/python3.12/site-packages/airflow/example_dags/example_task_group.py
[2024-11-25T10:05:35.344+0000] {processor.py:914} INFO - Processing file /home/airflow/.local/lib/python3.12/site-packages/airflow/example_dags/example_task_group.py for tasks to queue
[2024-11-25T10:05:35.346+0000] {logging_mixin.py:190} INFO - [2024-11-25T10:05:35.345+0000] {dagbag.py:588} INFO - Filling up the DagBag from /home/airflow/.local/lib/python3.12/site-packages/airflow/example_dags/example_task_group.py
[2024-11-25T10:05:35.364+0000] {processor.py:925} INFO - DAG(s) 'example_task_group' retrieved from /home/airflow/.local/lib/python3.12/site-packages/airflow/example_dags/example_task_group.py
[2024-11-25T10:05:35.406+0000] {logging_mixin.py:190} INFO - [2024-11-25T10:05:35.405+0000] {dag.py:3239} INFO - Sync 1 DAGs
[2024-11-25T10:05:35.446+0000] {logging_mixin.py:190} INFO - [2024-11-25T10:05:35.445+0000] {dag.py:4180} INFO - Setting next_dagrun for example_task_group to None, run_after=None
[2024-11-25T10:05:35.487+0000] {processor.py:208} INFO - Processing /home/airflow/.local/lib/python3.12/site-packages/airflow/example_dags/example_task_group.py took 0.160 seconds
[2024-11-25T10:06:05.912+0000] {processor.py:186} INFO - Started process (PID=9833) to work on /home/airflow/.local/lib/python3.12/site-packages/airflow/example_dags/example_task_group.py
[2024-11-25T10:06:05.913+0000] {processor.py:914} INFO - Processing file /home/airflow/.local/lib/python3.12/site-packages/airflow/example_dags/example_task_group.py for tasks to queue
[2024-11-25T10:06:05.915+0000] {logging_mixin.py:190} INFO - [2024-11-25T10:06:05.914+0000] {dagbag.py:588} INFO - Filling up the DagBag from /home/airflow/.local/lib/python3.12/site-packages/airflow/example_dags/example_task_group.py
[2024-11-25T10:06:05.925+0000] {processor.py:925} INFO - DAG(s) 'example_task_group' retrieved from /home/airflow/.local/lib/python3.12/site-packages/airflow/example_dags/example_task_group.py
[2024-11-25T10:06:05.951+0000] {logging_mixin.py:190} INFO - [2024-11-25T10:06:05.950+0000] {dag.py:3239} INFO - Sync 1 DAGs
[2024-11-25T10:06:05.972+0000] {logging_mixin.py:190} INFO - [2024-11-25T10:06:05.971+0000] {dag.py:4180} INFO - Setting next_dagrun for example_task_group to None, run_after=None
[2024-11-25T10:06:05.996+0000] {processor.py:208} INFO - Processing /home/airflow/.local/lib/python3.12/site-packages/airflow/example_dags/example_task_group.py took 0.090 seconds
[2024-11-25T10:06:36.223+0000] {processor.py:186} INFO - Started process (PID=10129) to work on /home/airflow/.local/lib/python3.12/site-packages/airflow/example_dags/example_task_group.py
[2024-11-25T10:06:36.224+0000] {processor.py:914} INFO - Processing file /home/airflow/.local/lib/python3.12/site-packages/airflow/example_dags/example_task_group.py for tasks to queue
[2024-11-25T10:06:36.225+0000] {logging_mixin.py:190} INFO - [2024-11-25T10:06:36.225+0000] {dagbag.py:588} INFO - Filling up the DagBag from /home/airflow/.local/lib/python3.12/site-packages/airflow/example_dags/example_task_group.py
[2024-11-25T10:06:36.237+0000] {processor.py:925} INFO - DAG(s) 'example_task_group' retrieved from /home/airflow/.local/lib/python3.12/site-packages/airflow/example_dags/example_task_group.py
[2024-11-25T10:06:36.284+0000] {logging_mixin.py:190} INFO - [2024-11-25T10:06:36.284+0000] {dag.py:3239} INFO - Sync 1 DAGs
[2024-11-25T10:06:36.339+0000] {logging_mixin.py:190} INFO - [2024-11-25T10:06:36.339+0000] {dag.py:4180} INFO - Setting next_dagrun for example_task_group to None, run_after=None
[2024-11-25T10:06:36.381+0000] {processor.py:208} INFO - Processing /home/airflow/.local/lib/python3.12/site-packages/airflow/example_dags/example_task_group.py took 0.165 seconds
[2024-11-25T10:07:06.792+0000] {processor.py:186} INFO - Started process (PID=10423) to work on /home/airflow/.local/lib/python3.12/site-packages/airflow/example_dags/example_task_group.py
[2024-11-25T10:07:06.793+0000] {processor.py:914} INFO - Processing file /home/airflow/.local/lib/python3.12/site-packages/airflow/example_dags/example_task_group.py for tasks to queue
[2024-11-25T10:07:06.796+0000] {logging_mixin.py:190} INFO - [2024-11-25T10:07:06.795+0000] {dagbag.py:588} INFO - Filling up the DagBag from /home/airflow/.local/lib/python3.12/site-packages/airflow/example_dags/example_task_group.py
[2024-11-25T10:07:06.814+0000] {processor.py:925} INFO - DAG(s) 'example_task_group' retrieved from /home/airflow/.local/lib/python3.12/site-packages/airflow/example_dags/example_task_group.py
[2024-11-25T10:07:06.846+0000] {logging_mixin.py:190} INFO - [2024-11-25T10:07:06.846+0000] {dag.py:3239} INFO - Sync 1 DAGs
[2024-11-25T10:07:06.868+0000] {logging_mixin.py:190} INFO - [2024-11-25T10:07:06.867+0000] {dag.py:4180} INFO - Setting next_dagrun for example_task_group to None, run_after=None
[2024-11-25T10:07:06.893+0000] {processor.py:208} INFO - Processing /home/airflow/.local/lib/python3.12/site-packages/airflow/example_dags/example_task_group.py took 0.109 seconds
[2024-11-25T10:07:37.520+0000] {processor.py:186} INFO - Started process (PID=10719) to work on /home/airflow/.local/lib/python3.12/site-packages/airflow/example_dags/example_task_group.py
[2024-11-25T10:07:37.521+0000] {processor.py:914} INFO - Processing file /home/airflow/.local/lib/python3.12/site-packages/airflow/example_dags/example_task_group.py for tasks to queue
[2024-11-25T10:07:37.522+0000] {logging_mixin.py:190} INFO - [2024-11-25T10:07:37.522+0000] {dagbag.py:588} INFO - Filling up the DagBag from /home/airflow/.local/lib/python3.12/site-packages/airflow/example_dags/example_task_group.py
[2024-11-25T10:07:37.534+0000] {processor.py:925} INFO - DAG(s) 'example_task_group' retrieved from /home/airflow/.local/lib/python3.12/site-packages/airflow/example_dags/example_task_group.py
[2024-11-25T10:07:37.561+0000] {logging_mixin.py:190} INFO - [2024-11-25T10:07:37.561+0000] {dag.py:3239} INFO - Sync 1 DAGs
[2024-11-25T10:07:37.579+0000] {logging_mixin.py:190} INFO - [2024-11-25T10:07:37.578+0000] {dag.py:4180} INFO - Setting next_dagrun for example_task_group to None, run_after=None
[2024-11-25T10:07:37.606+0000] {processor.py:208} INFO - Processing /home/airflow/.local/lib/python3.12/site-packages/airflow/example_dags/example_task_group.py took 0.092 seconds
[2024-11-25T10:08:08.397+0000] {processor.py:186} INFO - Started process (PID=11015) to work on /home/airflow/.local/lib/python3.12/site-packages/airflow/example_dags/example_task_group.py
[2024-11-25T10:08:08.399+0000] {processor.py:914} INFO - Processing file /home/airflow/.local/lib/python3.12/site-packages/airflow/example_dags/example_task_group.py for tasks to queue
[2024-11-25T10:08:08.401+0000] {logging_mixin.py:190} INFO - [2024-11-25T10:08:08.400+0000] {dagbag.py:588} INFO - Filling up the DagBag from /home/airflow/.local/lib/python3.12/site-packages/airflow/example_dags/example_task_group.py
[2024-11-25T10:08:08.412+0000] {processor.py:925} INFO - DAG(s) 'example_task_group' retrieved from /home/airflow/.local/lib/python3.12/site-packages/airflow/example_dags/example_task_group.py
[2024-11-25T10:08:08.437+0000] {logging_mixin.py:190} INFO - [2024-11-25T10:08:08.437+0000] {dag.py:3239} INFO - Sync 1 DAGs
[2024-11-25T10:08:08.455+0000] {logging_mixin.py:190} INFO - [2024-11-25T10:08:08.455+0000] {dag.py:4180} INFO - Setting next_dagrun for example_task_group to None, run_after=None
[2024-11-25T10:08:08.479+0000] {processor.py:208} INFO - Processing /home/airflow/.local/lib/python3.12/site-packages/airflow/example_dags/example_task_group.py took 0.088 seconds
[2024-11-25T10:08:39.298+0000] {processor.py:186} INFO - Started process (PID=11311) to work on /home/airflow/.local/lib/python3.12/site-packages/airflow/example_dags/example_task_group.py
[2024-11-25T10:08:39.299+0000] {processor.py:914} INFO - Processing file /home/airflow/.local/lib/python3.12/site-packages/airflow/example_dags/example_task_group.py for tasks to queue
[2024-11-25T10:08:39.301+0000] {logging_mixin.py:190} INFO - [2024-11-25T10:08:39.301+0000] {dagbag.py:588} INFO - Filling up the DagBag from /home/airflow/.local/lib/python3.12/site-packages/airflow/example_dags/example_task_group.py
[2024-11-25T10:08:39.316+0000] {processor.py:925} INFO - DAG(s) 'example_task_group' retrieved from /home/airflow/.local/lib/python3.12/site-packages/airflow/example_dags/example_task_group.py
[2024-11-25T10:08:39.345+0000] {logging_mixin.py:190} INFO - [2024-11-25T10:08:39.345+0000] {dag.py:3239} INFO - Sync 1 DAGs
[2024-11-25T10:08:39.363+0000] {logging_mixin.py:190} INFO - [2024-11-25T10:08:39.362+0000] {dag.py:4180} INFO - Setting next_dagrun for example_task_group to None, run_after=None
[2024-11-25T10:08:39.387+0000] {processor.py:208} INFO - Processing /home/airflow/.local/lib/python3.12/site-packages/airflow/example_dags/example_task_group.py took 0.097 seconds
[2024-11-25T10:09:10.124+0000] {processor.py:186} INFO - Started process (PID=11610) to work on /home/airflow/.local/lib/python3.12/site-packages/airflow/example_dags/example_task_group.py
[2024-11-25T10:09:10.125+0000] {processor.py:914} INFO - Processing file /home/airflow/.local/lib/python3.12/site-packages/airflow/example_dags/example_task_group.py for tasks to queue
[2024-11-25T10:09:10.126+0000] {logging_mixin.py:190} INFO - [2024-11-25T10:09:10.126+0000] {dagbag.py:588} INFO - Filling up the DagBag from /home/airflow/.local/lib/python3.12/site-packages/airflow/example_dags/example_task_group.py
[2024-11-25T10:09:10.138+0000] {processor.py:925} INFO - DAG(s) 'example_task_group' retrieved from /home/airflow/.local/lib/python3.12/site-packages/airflow/example_dags/example_task_group.py
[2024-11-25T10:09:10.165+0000] {logging_mixin.py:190} INFO - [2024-11-25T10:09:10.165+0000] {dag.py:3239} INFO - Sync 1 DAGs
[2024-11-25T10:09:10.183+0000] {logging_mixin.py:190} INFO - [2024-11-25T10:09:10.183+0000] {dag.py:4180} INFO - Setting next_dagrun for example_task_group to None, run_after=None
[2024-11-25T10:09:10.209+0000] {processor.py:208} INFO - Processing /home/airflow/.local/lib/python3.12/site-packages/airflow/example_dags/example_task_group.py took 0.093 seconds
[2024-11-25T10:09:40.642+0000] {processor.py:186} INFO - Started process (PID=11906) to work on /home/airflow/.local/lib/python3.12/site-packages/airflow/example_dags/example_task_group.py
[2024-11-25T10:09:40.644+0000] {processor.py:914} INFO - Processing file /home/airflow/.local/lib/python3.12/site-packages/airflow/example_dags/example_task_group.py for tasks to queue
[2024-11-25T10:09:40.646+0000] {logging_mixin.py:190} INFO - [2024-11-25T10:09:40.646+0000] {dagbag.py:588} INFO - Filling up the DagBag from /home/airflow/.local/lib/python3.12/site-packages/airflow/example_dags/example_task_group.py
[2024-11-25T10:09:40.661+0000] {processor.py:925} INFO - DAG(s) 'example_task_group' retrieved from /home/airflow/.local/lib/python3.12/site-packages/airflow/example_dags/example_task_group.py
[2024-11-25T10:09:40.696+0000] {logging_mixin.py:190} INFO - [2024-11-25T10:09:40.696+0000] {dag.py:3239} INFO - Sync 1 DAGs
[2024-11-25T10:09:40.731+0000] {logging_mixin.py:190} INFO - [2024-11-25T10:09:40.731+0000] {dag.py:4180} INFO - Setting next_dagrun for example_task_group to None, run_after=None
[2024-11-25T10:09:40.770+0000] {processor.py:208} INFO - Processing /home/airflow/.local/lib/python3.12/site-packages/airflow/example_dags/example_task_group.py took 0.138 seconds
[2024-11-25T10:10:11.714+0000] {processor.py:186} INFO - Started process (PID=12205) to work on /home/airflow/.local/lib/python3.12/site-packages/airflow/example_dags/example_task_group.py
[2024-11-25T10:10:11.715+0000] {processor.py:914} INFO - Processing file /home/airflow/.local/lib/python3.12/site-packages/airflow/example_dags/example_task_group.py for tasks to queue
[2024-11-25T10:10:11.716+0000] {logging_mixin.py:190} INFO - [2024-11-25T10:10:11.716+0000] {dagbag.py:588} INFO - Filling up the DagBag from /home/airflow/.local/lib/python3.12/site-packages/airflow/example_dags/example_task_group.py
[2024-11-25T10:10:11.728+0000] {processor.py:925} INFO - DAG(s) 'example_task_group' retrieved from /home/airflow/.local/lib/python3.12/site-packages/airflow/example_dags/example_task_group.py
[2024-11-25T10:10:11.753+0000] {logging_mixin.py:190} INFO - [2024-11-25T10:10:11.753+0000] {dag.py:3239} INFO - Sync 1 DAGs
[2024-11-25T10:10:11.772+0000] {logging_mixin.py:190} INFO - [2024-11-25T10:10:11.772+0000] {dag.py:4180} INFO - Setting next_dagrun for example_task_group to None, run_after=None
[2024-11-25T10:10:11.797+0000] {processor.py:208} INFO - Processing /home/airflow/.local/lib/python3.12/site-packages/airflow/example_dags/example_task_group.py took 0.091 seconds
[2024-11-25T10:10:42.899+0000] {processor.py:186} INFO - Started process (PID=12501) to work on /home/airflow/.local/lib/python3.12/site-packages/airflow/example_dags/example_task_group.py
[2024-11-25T10:10:42.900+0000] {processor.py:914} INFO - Processing file /home/airflow/.local/lib/python3.12/site-packages/airflow/example_dags/example_task_group.py for tasks to queue
[2024-11-25T10:10:42.902+0000] {logging_mixin.py:190} INFO - [2024-11-25T10:10:42.902+0000] {dagbag.py:588} INFO - Filling up the DagBag from /home/airflow/.local/lib/python3.12/site-packages/airflow/example_dags/example_task_group.py
[2024-11-25T10:10:42.920+0000] {processor.py:925} INFO - DAG(s) 'example_task_group' retrieved from /home/airflow/.local/lib/python3.12/site-packages/airflow/example_dags/example_task_group.py
[2024-11-25T10:10:42.952+0000] {logging_mixin.py:190} INFO - [2024-11-25T10:10:42.951+0000] {dag.py:3239} INFO - Sync 1 DAGs
[2024-11-25T10:10:42.979+0000] {logging_mixin.py:190} INFO - [2024-11-25T10:10:42.979+0000] {dag.py:4180} INFO - Setting next_dagrun for example_task_group to None, run_after=None
[2024-11-25T10:10:43.011+0000] {processor.py:208} INFO - Processing /home/airflow/.local/lib/python3.12/site-packages/airflow/example_dags/example_task_group.py took 0.124 seconds
[2024-11-25T10:11:13.606+0000] {processor.py:186} INFO - Started process (PID=12797) to work on /home/airflow/.local/lib/python3.12/site-packages/airflow/example_dags/example_task_group.py
[2024-11-25T10:11:13.608+0000] {processor.py:914} INFO - Processing file /home/airflow/.local/lib/python3.12/site-packages/airflow/example_dags/example_task_group.py for tasks to queue
[2024-11-25T10:11:13.611+0000] {logging_mixin.py:190} INFO - [2024-11-25T10:11:13.610+0000] {dagbag.py:588} INFO - Filling up the DagBag from /home/airflow/.local/lib/python3.12/site-packages/airflow/example_dags/example_task_group.py
[2024-11-25T10:11:13.626+0000] {processor.py:925} INFO - DAG(s) 'example_task_group' retrieved from /home/airflow/.local/lib/python3.12/site-packages/airflow/example_dags/example_task_group.py
[2024-11-25T10:11:13.657+0000] {logging_mixin.py:190} INFO - [2024-11-25T10:11:13.657+0000] {dag.py:3239} INFO - Sync 1 DAGs
[2024-11-25T10:11:13.683+0000] {logging_mixin.py:190} INFO - [2024-11-25T10:11:13.683+0000] {dag.py:4180} INFO - Setting next_dagrun for example_task_group to None, run_after=None
[2024-11-25T10:11:13.708+0000] {processor.py:208} INFO - Processing /home/airflow/.local/lib/python3.12/site-packages/airflow/example_dags/example_task_group.py took 0.110 seconds
