[2024-11-25T09:49:47.061+0000] {processor.py:186} INFO - Started process (PID=450) to work on /home/airflow/.local/lib/python3.12/site-packages/airflow/example_dags/example_bash_decorator.py
[2024-11-25T09:49:47.077+0000] {processor.py:914} INFO - Processing file /home/airflow/.local/lib/python3.12/site-packages/airflow/example_dags/example_bash_decorator.py for tasks to queue
[2024-11-25T09:49:47.080+0000] {logging_mixin.py:190} INFO - [2024-11-25T09:49:47.080+0000] {dagbag.py:588} INFO - Filling up the DagBag from /home/airflow/.local/lib/python3.12/site-packages/airflow/example_dags/example_bash_decorator.py
[2024-11-25T09:49:47.099+0000] {processor.py:925} INFO - DAG(s) 'example_bash_decorator' retrieved from /home/airflow/.local/lib/python3.12/site-packages/airflow/example_dags/example_bash_decorator.py
[2024-11-25T09:49:47.268+0000] {logging_mixin.py:190} INFO - [2024-11-25T09:49:47.268+0000] {dag.py:3239} INFO - Sync 1 DAGs
[2024-11-25T09:49:47.288+0000] {logging_mixin.py:190} INFO - [2024-11-25T09:49:47.287+0000] {dag.py:4180} INFO - Setting next_dagrun for example_bash_decorator to None, run_after=None
[2024-11-25T09:49:47.326+0000] {processor.py:208} INFO - Processing /home/airflow/.local/lib/python3.12/site-packages/airflow/example_dags/example_bash_decorator.py took 0.271 seconds
[2024-11-25T09:50:18.680+0000] {processor.py:186} INFO - Started process (PID=746) to work on /home/airflow/.local/lib/python3.12/site-packages/airflow/example_dags/example_bash_decorator.py
[2024-11-25T09:50:18.683+0000] {processor.py:914} INFO - Processing file /home/airflow/.local/lib/python3.12/site-packages/airflow/example_dags/example_bash_decorator.py for tasks to queue
[2024-11-25T09:50:18.691+0000] {logging_mixin.py:190} INFO - [2024-11-25T09:50:18.690+0000] {dagbag.py:588} INFO - Filling up the DagBag from /home/airflow/.local/lib/python3.12/site-packages/airflow/example_dags/example_bash_decorator.py
[2024-11-25T09:50:18.731+0000] {processor.py:925} INFO - DAG(s) 'example_bash_decorator' retrieved from /home/airflow/.local/lib/python3.12/site-packages/airflow/example_dags/example_bash_decorator.py
[2024-11-25T09:50:18.791+0000] {logging_mixin.py:190} INFO - [2024-11-25T09:50:18.791+0000] {dag.py:3239} INFO - Sync 1 DAGs
[2024-11-25T09:50:18.821+0000] {logging_mixin.py:190} INFO - [2024-11-25T09:50:18.820+0000] {dag.py:4180} INFO - Setting next_dagrun for example_bash_decorator to None, run_after=None
[2024-11-25T09:50:18.865+0000] {processor.py:208} INFO - Processing /home/airflow/.local/lib/python3.12/site-packages/airflow/example_dags/example_bash_decorator.py took 0.196 seconds
[2024-11-25T09:50:49.628+0000] {processor.py:186} INFO - Started process (PID=1062) to work on /home/airflow/.local/lib/python3.12/site-packages/airflow/example_dags/example_bash_decorator.py
[2024-11-25T09:50:49.630+0000] {processor.py:914} INFO - Processing file /home/airflow/.local/lib/python3.12/site-packages/airflow/example_dags/example_bash_decorator.py for tasks to queue
[2024-11-25T09:50:49.632+0000] {logging_mixin.py:190} INFO - [2024-11-25T09:50:49.631+0000] {dagbag.py:588} INFO - Filling up the DagBag from /home/airflow/.local/lib/python3.12/site-packages/airflow/example_dags/example_bash_decorator.py
[2024-11-25T09:50:49.654+0000] {processor.py:925} INFO - DAG(s) 'example_bash_decorator' retrieved from /home/airflow/.local/lib/python3.12/site-packages/airflow/example_dags/example_bash_decorator.py
[2024-11-25T09:50:49.685+0000] {logging_mixin.py:190} INFO - [2024-11-25T09:50:49.685+0000] {dag.py:3239} INFO - Sync 1 DAGs
[2024-11-25T09:50:49.706+0000] {logging_mixin.py:190} INFO - [2024-11-25T09:50:49.705+0000] {dag.py:4180} INFO - Setting next_dagrun for example_bash_decorator to None, run_after=None
[2024-11-25T09:50:49.737+0000] {processor.py:208} INFO - Processing /home/airflow/.local/lib/python3.12/site-packages/airflow/example_dags/example_bash_decorator.py took 0.118 seconds
[2024-11-25T09:51:20.015+0000] {processor.py:186} INFO - Started process (PID=1360) to work on /home/airflow/.local/lib/python3.12/site-packages/airflow/example_dags/example_bash_decorator.py
[2024-11-25T09:51:20.019+0000] {processor.py:914} INFO - Processing file /home/airflow/.local/lib/python3.12/site-packages/airflow/example_dags/example_bash_decorator.py for tasks to queue
[2024-11-25T09:51:20.020+0000] {logging_mixin.py:190} INFO - [2024-11-25T09:51:20.020+0000] {dagbag.py:588} INFO - Filling up the DagBag from /home/airflow/.local/lib/python3.12/site-packages/airflow/example_dags/example_bash_decorator.py
[2024-11-25T09:51:20.038+0000] {processor.py:925} INFO - DAG(s) 'example_bash_decorator' retrieved from /home/airflow/.local/lib/python3.12/site-packages/airflow/example_dags/example_bash_decorator.py
[2024-11-25T09:51:20.063+0000] {logging_mixin.py:190} INFO - [2024-11-25T09:51:20.062+0000] {dag.py:3239} INFO - Sync 1 DAGs
[2024-11-25T09:51:20.080+0000] {logging_mixin.py:190} INFO - [2024-11-25T09:51:20.080+0000] {dag.py:4180} INFO - Setting next_dagrun for example_bash_decorator to None, run_after=None
[2024-11-25T09:51:20.108+0000] {processor.py:208} INFO - Processing /home/airflow/.local/lib/python3.12/site-packages/airflow/example_dags/example_bash_decorator.py took 0.100 seconds
[2024-11-25T09:51:50.977+0000] {processor.py:186} INFO - Started process (PID=1654) to work on /home/airflow/.local/lib/python3.12/site-packages/airflow/example_dags/example_bash_decorator.py
[2024-11-25T09:51:50.979+0000] {processor.py:914} INFO - Processing file /home/airflow/.local/lib/python3.12/site-packages/airflow/example_dags/example_bash_decorator.py for tasks to queue
[2024-11-25T09:51:50.981+0000] {logging_mixin.py:190} INFO - [2024-11-25T09:51:50.980+0000] {dagbag.py:588} INFO - Filling up the DagBag from /home/airflow/.local/lib/python3.12/site-packages/airflow/example_dags/example_bash_decorator.py
[2024-11-25T09:51:51.005+0000] {processor.py:925} INFO - DAG(s) 'example_bash_decorator' retrieved from /home/airflow/.local/lib/python3.12/site-packages/airflow/example_dags/example_bash_decorator.py
[2024-11-25T09:51:51.040+0000] {logging_mixin.py:190} INFO - [2024-11-25T09:51:51.040+0000] {dag.py:3239} INFO - Sync 1 DAGs
[2024-11-25T09:51:51.067+0000] {logging_mixin.py:190} INFO - [2024-11-25T09:51:51.066+0000] {dag.py:4180} INFO - Setting next_dagrun for example_bash_decorator to None, run_after=None
[2024-11-25T09:51:51.114+0000] {processor.py:208} INFO - Processing /home/airflow/.local/lib/python3.12/site-packages/airflow/example_dags/example_bash_decorator.py took 0.151 seconds
[2024-11-25T09:52:25.092+0000] {processor.py:186} INFO - Started process (PID=1955) to work on /home/airflow/.local/lib/python3.12/site-packages/airflow/example_dags/example_bash_decorator.py
[2024-11-25T09:52:25.094+0000] {processor.py:914} INFO - Processing file /home/airflow/.local/lib/python3.12/site-packages/airflow/example_dags/example_bash_decorator.py for tasks to queue
[2024-11-25T09:52:25.102+0000] {logging_mixin.py:190} INFO - [2024-11-25T09:52:25.101+0000] {dagbag.py:588} INFO - Filling up the DagBag from /home/airflow/.local/lib/python3.12/site-packages/airflow/example_dags/example_bash_decorator.py
[2024-11-25T09:52:25.136+0000] {processor.py:925} INFO - DAG(s) 'example_bash_decorator' retrieved from /home/airflow/.local/lib/python3.12/site-packages/airflow/example_dags/example_bash_decorator.py
[2024-11-25T09:52:25.192+0000] {logging_mixin.py:190} INFO - [2024-11-25T09:52:25.192+0000] {dag.py:3239} INFO - Sync 1 DAGs
[2024-11-25T09:52:25.254+0000] {logging_mixin.py:190} INFO - [2024-11-25T09:52:25.254+0000] {dag.py:4180} INFO - Setting next_dagrun for example_bash_decorator to None, run_after=None
[2024-11-25T09:52:25.303+0000] {processor.py:208} INFO - Processing /home/airflow/.local/lib/python3.12/site-packages/airflow/example_dags/example_bash_decorator.py took 0.227 seconds
[2024-11-25T09:52:56.879+0000] {processor.py:186} INFO - Started process (PID=2253) to work on /home/airflow/.local/lib/python3.12/site-packages/airflow/example_dags/example_bash_decorator.py
[2024-11-25T09:52:56.881+0000] {processor.py:914} INFO - Processing file /home/airflow/.local/lib/python3.12/site-packages/airflow/example_dags/example_bash_decorator.py for tasks to queue
[2024-11-25T09:52:56.884+0000] {logging_mixin.py:190} INFO - [2024-11-25T09:52:56.883+0000] {dagbag.py:588} INFO - Filling up the DagBag from /home/airflow/.local/lib/python3.12/site-packages/airflow/example_dags/example_bash_decorator.py
[2024-11-25T09:52:56.910+0000] {processor.py:925} INFO - DAG(s) 'example_bash_decorator' retrieved from /home/airflow/.local/lib/python3.12/site-packages/airflow/example_dags/example_bash_decorator.py
[2024-11-25T09:52:56.941+0000] {logging_mixin.py:190} INFO - [2024-11-25T09:52:56.941+0000] {dag.py:3239} INFO - Sync 1 DAGs
[2024-11-25T09:52:56.964+0000] {logging_mixin.py:190} INFO - [2024-11-25T09:52:56.963+0000] {dag.py:4180} INFO - Setting next_dagrun for example_bash_decorator to None, run_after=None
[2024-11-25T09:52:56.990+0000] {processor.py:208} INFO - Processing /home/airflow/.local/lib/python3.12/site-packages/airflow/example_dags/example_bash_decorator.py took 0.121 seconds
[2024-11-25T09:53:28.320+0000] {processor.py:186} INFO - Started process (PID=2547) to work on /home/airflow/.local/lib/python3.12/site-packages/airflow/example_dags/example_bash_decorator.py
[2024-11-25T09:53:28.322+0000] {processor.py:914} INFO - Processing file /home/airflow/.local/lib/python3.12/site-packages/airflow/example_dags/example_bash_decorator.py for tasks to queue
[2024-11-25T09:53:28.324+0000] {logging_mixin.py:190} INFO - [2024-11-25T09:53:28.323+0000] {dagbag.py:588} INFO - Filling up the DagBag from /home/airflow/.local/lib/python3.12/site-packages/airflow/example_dags/example_bash_decorator.py
[2024-11-25T09:53:28.346+0000] {processor.py:925} INFO - DAG(s) 'example_bash_decorator' retrieved from /home/airflow/.local/lib/python3.12/site-packages/airflow/example_dags/example_bash_decorator.py
[2024-11-25T09:53:28.380+0000] {logging_mixin.py:190} INFO - [2024-11-25T09:53:28.379+0000] {dag.py:3239} INFO - Sync 1 DAGs
[2024-11-25T09:53:28.400+0000] {logging_mixin.py:190} INFO - [2024-11-25T09:53:28.400+0000] {dag.py:4180} INFO - Setting next_dagrun for example_bash_decorator to None, run_after=None
[2024-11-25T09:53:28.427+0000] {processor.py:208} INFO - Processing /home/airflow/.local/lib/python3.12/site-packages/airflow/example_dags/example_bash_decorator.py took 0.120 seconds
[2024-11-25T09:53:59.049+0000] {processor.py:186} INFO - Started process (PID=2843) to work on /home/airflow/.local/lib/python3.12/site-packages/airflow/example_dags/example_bash_decorator.py
[2024-11-25T09:53:59.050+0000] {processor.py:914} INFO - Processing file /home/airflow/.local/lib/python3.12/site-packages/airflow/example_dags/example_bash_decorator.py for tasks to queue
[2024-11-25T09:53:59.051+0000] {logging_mixin.py:190} INFO - [2024-11-25T09:53:59.051+0000] {dagbag.py:588} INFO - Filling up the DagBag from /home/airflow/.local/lib/python3.12/site-packages/airflow/example_dags/example_bash_decorator.py
[2024-11-25T09:53:59.068+0000] {processor.py:925} INFO - DAG(s) 'example_bash_decorator' retrieved from /home/airflow/.local/lib/python3.12/site-packages/airflow/example_dags/example_bash_decorator.py
[2024-11-25T09:53:59.091+0000] {logging_mixin.py:190} INFO - [2024-11-25T09:53:59.090+0000] {dag.py:3239} INFO - Sync 1 DAGs
[2024-11-25T09:53:59.107+0000] {logging_mixin.py:190} INFO - [2024-11-25T09:53:59.107+0000] {dag.py:4180} INFO - Setting next_dagrun for example_bash_decorator to None, run_after=None
[2024-11-25T09:53:59.132+0000] {processor.py:208} INFO - Processing /home/airflow/.local/lib/python3.12/site-packages/airflow/example_dags/example_bash_decorator.py took 0.091 seconds
[2024-11-25T09:54:30.813+0000] {processor.py:186} INFO - Started process (PID=3139) to work on /home/airflow/.local/lib/python3.12/site-packages/airflow/example_dags/example_bash_decorator.py
[2024-11-25T09:54:30.814+0000] {processor.py:914} INFO - Processing file /home/airflow/.local/lib/python3.12/site-packages/airflow/example_dags/example_bash_decorator.py for tasks to queue
[2024-11-25T09:54:30.816+0000] {logging_mixin.py:190} INFO - [2024-11-25T09:54:30.816+0000] {dagbag.py:588} INFO - Filling up the DagBag from /home/airflow/.local/lib/python3.12/site-packages/airflow/example_dags/example_bash_decorator.py
[2024-11-25T09:54:30.834+0000] {processor.py:925} INFO - DAG(s) 'example_bash_decorator' retrieved from /home/airflow/.local/lib/python3.12/site-packages/airflow/example_dags/example_bash_decorator.py
[2024-11-25T09:54:30.858+0000] {logging_mixin.py:190} INFO - [2024-11-25T09:54:30.858+0000] {dag.py:3239} INFO - Sync 1 DAGs
[2024-11-25T09:54:30.874+0000] {logging_mixin.py:190} INFO - [2024-11-25T09:54:30.874+0000] {dag.py:4180} INFO - Setting next_dagrun for example_bash_decorator to None, run_after=None
[2024-11-25T09:54:30.899+0000] {processor.py:208} INFO - Processing /home/airflow/.local/lib/python3.12/site-packages/airflow/example_dags/example_bash_decorator.py took 0.094 seconds
[2024-11-25T09:55:02.507+0000] {processor.py:186} INFO - Started process (PID=3441) to work on /home/airflow/.local/lib/python3.12/site-packages/airflow/example_dags/example_bash_decorator.py
[2024-11-25T09:55:02.508+0000] {processor.py:914} INFO - Processing file /home/airflow/.local/lib/python3.12/site-packages/airflow/example_dags/example_bash_decorator.py for tasks to queue
[2024-11-25T09:55:02.510+0000] {logging_mixin.py:190} INFO - [2024-11-25T09:55:02.510+0000] {dagbag.py:588} INFO - Filling up the DagBag from /home/airflow/.local/lib/python3.12/site-packages/airflow/example_dags/example_bash_decorator.py
[2024-11-25T09:55:02.535+0000] {processor.py:925} INFO - DAG(s) 'example_bash_decorator' retrieved from /home/airflow/.local/lib/python3.12/site-packages/airflow/example_dags/example_bash_decorator.py
[2024-11-25T09:55:02.585+0000] {logging_mixin.py:190} INFO - [2024-11-25T09:55:02.585+0000] {dag.py:3239} INFO - Sync 1 DAGs
[2024-11-25T09:55:02.607+0000] {logging_mixin.py:190} INFO - [2024-11-25T09:55:02.607+0000] {dag.py:4180} INFO - Setting next_dagrun for example_bash_decorator to None, run_after=None
[2024-11-25T09:55:02.635+0000] {processor.py:208} INFO - Processing /home/airflow/.local/lib/python3.12/site-packages/airflow/example_dags/example_bash_decorator.py took 0.138 seconds
[2024-11-25T09:55:34.399+0000] {processor.py:186} INFO - Started process (PID=3738) to work on /home/airflow/.local/lib/python3.12/site-packages/airflow/example_dags/example_bash_decorator.py
[2024-11-25T09:55:34.401+0000] {processor.py:914} INFO - Processing file /home/airflow/.local/lib/python3.12/site-packages/airflow/example_dags/example_bash_decorator.py for tasks to queue
[2024-11-25T09:55:34.403+0000] {logging_mixin.py:190} INFO - [2024-11-25T09:55:34.402+0000] {dagbag.py:588} INFO - Filling up the DagBag from /home/airflow/.local/lib/python3.12/site-packages/airflow/example_dags/example_bash_decorator.py
[2024-11-25T09:55:34.439+0000] {processor.py:925} INFO - DAG(s) 'example_bash_decorator' retrieved from /home/airflow/.local/lib/python3.12/site-packages/airflow/example_dags/example_bash_decorator.py
[2024-11-25T09:55:34.497+0000] {logging_mixin.py:190} INFO - [2024-11-25T09:55:34.497+0000] {dag.py:3239} INFO - Sync 1 DAGs
[2024-11-25T09:55:34.530+0000] {logging_mixin.py:190} INFO - [2024-11-25T09:55:34.529+0000] {dag.py:4180} INFO - Setting next_dagrun for example_bash_decorator to None, run_after=None
[2024-11-25T09:55:34.558+0000] {processor.py:208} INFO - Processing /home/airflow/.local/lib/python3.12/site-packages/airflow/example_dags/example_bash_decorator.py took 0.172 seconds
[2024-11-25T09:56:05.357+0000] {processor.py:186} INFO - Started process (PID=4034) to work on /home/airflow/.local/lib/python3.12/site-packages/airflow/example_dags/example_bash_decorator.py
[2024-11-25T09:56:05.359+0000] {processor.py:914} INFO - Processing file /home/airflow/.local/lib/python3.12/site-packages/airflow/example_dags/example_bash_decorator.py for tasks to queue
[2024-11-25T09:56:05.360+0000] {logging_mixin.py:190} INFO - [2024-11-25T09:56:05.360+0000] {dagbag.py:588} INFO - Filling up the DagBag from /home/airflow/.local/lib/python3.12/site-packages/airflow/example_dags/example_bash_decorator.py
[2024-11-25T09:56:05.377+0000] {processor.py:925} INFO - DAG(s) 'example_bash_decorator' retrieved from /home/airflow/.local/lib/python3.12/site-packages/airflow/example_dags/example_bash_decorator.py
[2024-11-25T09:56:05.402+0000] {logging_mixin.py:190} INFO - [2024-11-25T09:56:05.401+0000] {dag.py:3239} INFO - Sync 1 DAGs
[2024-11-25T09:56:05.419+0000] {logging_mixin.py:190} INFO - [2024-11-25T09:56:05.418+0000] {dag.py:4180} INFO - Setting next_dagrun for example_bash_decorator to None, run_after=None
[2024-11-25T09:56:05.443+0000] {processor.py:208} INFO - Processing /home/airflow/.local/lib/python3.12/site-packages/airflow/example_dags/example_bash_decorator.py took 0.092 seconds
[2024-11-25T09:56:36.249+0000] {processor.py:186} INFO - Started process (PID=4332) to work on /home/airflow/.local/lib/python3.12/site-packages/airflow/example_dags/example_bash_decorator.py
[2024-11-25T09:56:36.250+0000] {processor.py:914} INFO - Processing file /home/airflow/.local/lib/python3.12/site-packages/airflow/example_dags/example_bash_decorator.py for tasks to queue
[2024-11-25T09:56:36.252+0000] {logging_mixin.py:190} INFO - [2024-11-25T09:56:36.251+0000] {dagbag.py:588} INFO - Filling up the DagBag from /home/airflow/.local/lib/python3.12/site-packages/airflow/example_dags/example_bash_decorator.py
[2024-11-25T09:56:36.269+0000] {processor.py:925} INFO - DAG(s) 'example_bash_decorator' retrieved from /home/airflow/.local/lib/python3.12/site-packages/airflow/example_dags/example_bash_decorator.py
[2024-11-25T09:56:36.295+0000] {logging_mixin.py:190} INFO - [2024-11-25T09:56:36.295+0000] {dag.py:3239} INFO - Sync 1 DAGs
[2024-11-25T09:56:36.310+0000] {logging_mixin.py:190} INFO - [2024-11-25T09:56:36.310+0000] {dag.py:4180} INFO - Setting next_dagrun for example_bash_decorator to None, run_after=None
[2024-11-25T09:56:36.335+0000] {processor.py:208} INFO - Processing /home/airflow/.local/lib/python3.12/site-packages/airflow/example_dags/example_bash_decorator.py took 0.092 seconds
[2024-11-25T09:57:07.444+0000] {processor.py:186} INFO - Started process (PID=4636) to work on /home/airflow/.local/lib/python3.12/site-packages/airflow/example_dags/example_bash_decorator.py
[2024-11-25T09:57:07.445+0000] {processor.py:914} INFO - Processing file /home/airflow/.local/lib/python3.12/site-packages/airflow/example_dags/example_bash_decorator.py for tasks to queue
[2024-11-25T09:57:07.447+0000] {logging_mixin.py:190} INFO - [2024-11-25T09:57:07.446+0000] {dagbag.py:588} INFO - Filling up the DagBag from /home/airflow/.local/lib/python3.12/site-packages/airflow/example_dags/example_bash_decorator.py
[2024-11-25T09:57:07.467+0000] {processor.py:925} INFO - DAG(s) 'example_bash_decorator' retrieved from /home/airflow/.local/lib/python3.12/site-packages/airflow/example_dags/example_bash_decorator.py
[2024-11-25T09:57:07.497+0000] {logging_mixin.py:190} INFO - [2024-11-25T09:57:07.497+0000] {dag.py:3239} INFO - Sync 1 DAGs
[2024-11-25T09:57:07.519+0000] {logging_mixin.py:190} INFO - [2024-11-25T09:57:07.519+0000] {dag.py:4180} INFO - Setting next_dagrun for example_bash_decorator to None, run_after=None
[2024-11-25T09:57:07.550+0000] {processor.py:208} INFO - Processing /home/airflow/.local/lib/python3.12/site-packages/airflow/example_dags/example_bash_decorator.py took 0.113 seconds
[2024-11-25T09:57:46.506+0000] {processor.py:186} INFO - Started process (PID=4932) to work on /home/airflow/.local/lib/python3.12/site-packages/airflow/example_dags/example_bash_decorator.py
[2024-11-25T09:57:46.508+0000] {processor.py:914} INFO - Processing file /home/airflow/.local/lib/python3.12/site-packages/airflow/example_dags/example_bash_decorator.py for tasks to queue
[2024-11-25T09:57:46.509+0000] {logging_mixin.py:190} INFO - [2024-11-25T09:57:46.509+0000] {dagbag.py:588} INFO - Filling up the DagBag from /home/airflow/.local/lib/python3.12/site-packages/airflow/example_dags/example_bash_decorator.py
[2024-11-25T09:57:46.543+0000] {processor.py:925} INFO - DAG(s) 'example_bash_decorator' retrieved from /home/airflow/.local/lib/python3.12/site-packages/airflow/example_dags/example_bash_decorator.py
[2024-11-25T09:57:46.573+0000] {logging_mixin.py:190} INFO - [2024-11-25T09:57:46.573+0000] {dag.py:3239} INFO - Sync 1 DAGs
[2024-11-25T09:57:46.592+0000] {logging_mixin.py:190} INFO - [2024-11-25T09:57:46.592+0000] {dag.py:4180} INFO - Setting next_dagrun for example_bash_decorator to None, run_after=None
[2024-11-25T09:57:46.622+0000] {processor.py:208} INFO - Processing /home/airflow/.local/lib/python3.12/site-packages/airflow/example_dags/example_bash_decorator.py took 0.124 seconds
[2024-11-25T09:58:20.391+0000] {processor.py:186} INFO - Started process (PID=5281) to work on /home/airflow/.local/lib/python3.12/site-packages/airflow/example_dags/example_bash_decorator.py
[2024-11-25T09:58:20.392+0000] {processor.py:914} INFO - Processing file /home/airflow/.local/lib/python3.12/site-packages/airflow/example_dags/example_bash_decorator.py for tasks to queue
[2024-11-25T09:58:20.394+0000] {logging_mixin.py:190} INFO - [2024-11-25T09:58:20.394+0000] {dagbag.py:588} INFO - Filling up the DagBag from /home/airflow/.local/lib/python3.12/site-packages/airflow/example_dags/example_bash_decorator.py
[2024-11-25T09:58:20.424+0000] {processor.py:925} INFO - DAG(s) 'example_bash_decorator' retrieved from /home/airflow/.local/lib/python3.12/site-packages/airflow/example_dags/example_bash_decorator.py
[2024-11-25T09:58:20.474+0000] {logging_mixin.py:190} INFO - [2024-11-25T09:58:20.472+0000] {dag.py:3239} INFO - Sync 1 DAGs
[2024-11-25T09:58:20.526+0000] {logging_mixin.py:190} INFO - [2024-11-25T09:58:20.526+0000] {dag.py:4180} INFO - Setting next_dagrun for example_bash_decorator to None, run_after=None
[2024-11-25T09:58:20.590+0000] {processor.py:208} INFO - Processing /home/airflow/.local/lib/python3.12/site-packages/airflow/example_dags/example_bash_decorator.py took 0.210 seconds
[2024-11-25T09:58:51.199+0000] {processor.py:186} INFO - Started process (PID=5577) to work on /home/airflow/.local/lib/python3.12/site-packages/airflow/example_dags/example_bash_decorator.py
[2024-11-25T09:58:51.200+0000] {processor.py:914} INFO - Processing file /home/airflow/.local/lib/python3.12/site-packages/airflow/example_dags/example_bash_decorator.py for tasks to queue
[2024-11-25T09:58:51.201+0000] {logging_mixin.py:190} INFO - [2024-11-25T09:58:51.201+0000] {dagbag.py:588} INFO - Filling up the DagBag from /home/airflow/.local/lib/python3.12/site-packages/airflow/example_dags/example_bash_decorator.py
[2024-11-25T09:58:51.219+0000] {processor.py:925} INFO - DAG(s) 'example_bash_decorator' retrieved from /home/airflow/.local/lib/python3.12/site-packages/airflow/example_dags/example_bash_decorator.py
[2024-11-25T09:58:51.244+0000] {logging_mixin.py:190} INFO - [2024-11-25T09:58:51.243+0000] {dag.py:3239} INFO - Sync 1 DAGs
[2024-11-25T09:58:51.259+0000] {logging_mixin.py:190} INFO - [2024-11-25T09:58:51.259+0000] {dag.py:4180} INFO - Setting next_dagrun for example_bash_decorator to None, run_after=None
[2024-11-25T09:58:51.280+0000] {processor.py:208} INFO - Processing /home/airflow/.local/lib/python3.12/site-packages/airflow/example_dags/example_bash_decorator.py took 0.088 seconds
[2024-11-25T09:59:22.486+0000] {processor.py:186} INFO - Started process (PID=5871) to work on /home/airflow/.local/lib/python3.12/site-packages/airflow/example_dags/example_bash_decorator.py
[2024-11-25T09:59:22.487+0000] {processor.py:914} INFO - Processing file /home/airflow/.local/lib/python3.12/site-packages/airflow/example_dags/example_bash_decorator.py for tasks to queue
[2024-11-25T09:59:22.489+0000] {logging_mixin.py:190} INFO - [2024-11-25T09:59:22.489+0000] {dagbag.py:588} INFO - Filling up the DagBag from /home/airflow/.local/lib/python3.12/site-packages/airflow/example_dags/example_bash_decorator.py
[2024-11-25T09:59:22.509+0000] {processor.py:925} INFO - DAG(s) 'example_bash_decorator' retrieved from /home/airflow/.local/lib/python3.12/site-packages/airflow/example_dags/example_bash_decorator.py
[2024-11-25T09:59:22.538+0000] {logging_mixin.py:190} INFO - [2024-11-25T09:59:22.537+0000] {dag.py:3239} INFO - Sync 1 DAGs
[2024-11-25T09:59:22.564+0000] {logging_mixin.py:190} INFO - [2024-11-25T09:59:22.563+0000] {dag.py:4180} INFO - Setting next_dagrun for example_bash_decorator to None, run_after=None
[2024-11-25T09:59:22.599+0000] {processor.py:208} INFO - Processing /home/airflow/.local/lib/python3.12/site-packages/airflow/example_dags/example_bash_decorator.py took 0.120 seconds
[2024-11-25T09:59:54.126+0000] {processor.py:186} INFO - Started process (PID=6187) to work on /home/airflow/.local/lib/python3.12/site-packages/airflow/example_dags/example_bash_decorator.py
[2024-11-25T09:59:54.128+0000] {processor.py:914} INFO - Processing file /home/airflow/.local/lib/python3.12/site-packages/airflow/example_dags/example_bash_decorator.py for tasks to queue
[2024-11-25T09:59:54.129+0000] {logging_mixin.py:190} INFO - [2024-11-25T09:59:54.129+0000] {dagbag.py:588} INFO - Filling up the DagBag from /home/airflow/.local/lib/python3.12/site-packages/airflow/example_dags/example_bash_decorator.py
[2024-11-25T09:59:54.149+0000] {processor.py:925} INFO - DAG(s) 'example_bash_decorator' retrieved from /home/airflow/.local/lib/python3.12/site-packages/airflow/example_dags/example_bash_decorator.py
[2024-11-25T09:59:54.175+0000] {logging_mixin.py:190} INFO - [2024-11-25T09:59:54.175+0000] {dag.py:3239} INFO - Sync 1 DAGs
[2024-11-25T09:59:54.192+0000] {logging_mixin.py:190} INFO - [2024-11-25T09:59:54.192+0000] {dag.py:4180} INFO - Setting next_dagrun for example_bash_decorator to None, run_after=None
[2024-11-25T09:59:54.216+0000] {processor.py:208} INFO - Processing /home/airflow/.local/lib/python3.12/site-packages/airflow/example_dags/example_bash_decorator.py took 0.097 seconds
[2024-11-25T10:00:25.761+0000] {processor.py:186} INFO - Started process (PID=6508) to work on /home/airflow/.local/lib/python3.12/site-packages/airflow/example_dags/example_bash_decorator.py
[2024-11-25T10:00:25.763+0000] {processor.py:914} INFO - Processing file /home/airflow/.local/lib/python3.12/site-packages/airflow/example_dags/example_bash_decorator.py for tasks to queue
[2024-11-25T10:00:25.764+0000] {logging_mixin.py:190} INFO - [2024-11-25T10:00:25.764+0000] {dagbag.py:588} INFO - Filling up the DagBag from /home/airflow/.local/lib/python3.12/site-packages/airflow/example_dags/example_bash_decorator.py
[2024-11-25T10:00:25.785+0000] {processor.py:925} INFO - DAG(s) 'example_bash_decorator' retrieved from /home/airflow/.local/lib/python3.12/site-packages/airflow/example_dags/example_bash_decorator.py
[2024-11-25T10:00:25.815+0000] {logging_mixin.py:190} INFO - [2024-11-25T10:00:25.814+0000] {dag.py:3239} INFO - Sync 1 DAGs
[2024-11-25T10:00:25.836+0000] {logging_mixin.py:190} INFO - [2024-11-25T10:00:25.835+0000] {dag.py:4180} INFO - Setting next_dagrun for example_bash_decorator to None, run_after=None
[2024-11-25T10:00:25.859+0000] {processor.py:208} INFO - Processing /home/airflow/.local/lib/python3.12/site-packages/airflow/example_dags/example_bash_decorator.py took 0.106 seconds
[2024-11-25T10:00:58.310+0000] {processor.py:186} INFO - Started process (PID=6819) to work on /home/airflow/.local/lib/python3.12/site-packages/airflow/example_dags/example_bash_decorator.py
[2024-11-25T10:00:58.311+0000] {processor.py:914} INFO - Processing file /home/airflow/.local/lib/python3.12/site-packages/airflow/example_dags/example_bash_decorator.py for tasks to queue
[2024-11-25T10:00:58.313+0000] {logging_mixin.py:190} INFO - [2024-11-25T10:00:58.312+0000] {dagbag.py:588} INFO - Filling up the DagBag from /home/airflow/.local/lib/python3.12/site-packages/airflow/example_dags/example_bash_decorator.py
[2024-11-25T10:00:58.332+0000] {processor.py:925} INFO - DAG(s) 'example_bash_decorator' retrieved from /home/airflow/.local/lib/python3.12/site-packages/airflow/example_dags/example_bash_decorator.py
[2024-11-25T10:00:58.362+0000] {logging_mixin.py:190} INFO - [2024-11-25T10:00:58.362+0000] {dag.py:3239} INFO - Sync 1 DAGs
[2024-11-25T10:00:58.383+0000] {logging_mixin.py:190} INFO - [2024-11-25T10:00:58.383+0000] {dag.py:4180} INFO - Setting next_dagrun for example_bash_decorator to None, run_after=None
[2024-11-25T10:00:58.412+0000] {processor.py:208} INFO - Processing /home/airflow/.local/lib/python3.12/site-packages/airflow/example_dags/example_bash_decorator.py took 0.110 seconds
[2024-11-25T10:01:29.413+0000] {processor.py:186} INFO - Started process (PID=7115) to work on /home/airflow/.local/lib/python3.12/site-packages/airflow/example_dags/example_bash_decorator.py
[2024-11-25T10:01:29.414+0000] {processor.py:914} INFO - Processing file /home/airflow/.local/lib/python3.12/site-packages/airflow/example_dags/example_bash_decorator.py for tasks to queue
[2024-11-25T10:01:29.416+0000] {logging_mixin.py:190} INFO - [2024-11-25T10:01:29.415+0000] {dagbag.py:588} INFO - Filling up the DagBag from /home/airflow/.local/lib/python3.12/site-packages/airflow/example_dags/example_bash_decorator.py
[2024-11-25T10:01:29.442+0000] {processor.py:925} INFO - DAG(s) 'example_bash_decorator' retrieved from /home/airflow/.local/lib/python3.12/site-packages/airflow/example_dags/example_bash_decorator.py
[2024-11-25T10:01:29.470+0000] {logging_mixin.py:190} INFO - [2024-11-25T10:01:29.470+0000] {dag.py:3239} INFO - Sync 1 DAGs
[2024-11-25T10:01:29.488+0000] {logging_mixin.py:190} INFO - [2024-11-25T10:01:29.488+0000] {dag.py:4180} INFO - Setting next_dagrun for example_bash_decorator to None, run_after=None
[2024-11-25T10:01:29.512+0000] {processor.py:208} INFO - Processing /home/airflow/.local/lib/python3.12/site-packages/airflow/example_dags/example_bash_decorator.py took 0.108 seconds
[2024-11-25T10:02:00.856+0000] {processor.py:186} INFO - Started process (PID=7411) to work on /home/airflow/.local/lib/python3.12/site-packages/airflow/example_dags/example_bash_decorator.py
[2024-11-25T10:02:00.858+0000] {processor.py:914} INFO - Processing file /home/airflow/.local/lib/python3.12/site-packages/airflow/example_dags/example_bash_decorator.py for tasks to queue
[2024-11-25T10:02:00.861+0000] {logging_mixin.py:190} INFO - [2024-11-25T10:02:00.860+0000] {dagbag.py:588} INFO - Filling up the DagBag from /home/airflow/.local/lib/python3.12/site-packages/airflow/example_dags/example_bash_decorator.py
[2024-11-25T10:02:00.914+0000] {processor.py:925} INFO - DAG(s) 'example_bash_decorator' retrieved from /home/airflow/.local/lib/python3.12/site-packages/airflow/example_dags/example_bash_decorator.py
[2024-11-25T10:02:00.978+0000] {logging_mixin.py:190} INFO - [2024-11-25T10:02:00.977+0000] {dag.py:3239} INFO - Sync 1 DAGs
[2024-11-25T10:02:01.022+0000] {logging_mixin.py:190} INFO - [2024-11-25T10:02:01.022+0000] {dag.py:4180} INFO - Setting next_dagrun for example_bash_decorator to None, run_after=None
[2024-11-25T10:02:01.081+0000] {processor.py:208} INFO - Processing /home/airflow/.local/lib/python3.12/site-packages/airflow/example_dags/example_bash_decorator.py took 0.240 seconds
[2024-11-25T10:02:31.250+0000] {processor.py:186} INFO - Started process (PID=7707) to work on /home/airflow/.local/lib/python3.12/site-packages/airflow/example_dags/example_bash_decorator.py
[2024-11-25T10:02:31.251+0000] {processor.py:914} INFO - Processing file /home/airflow/.local/lib/python3.12/site-packages/airflow/example_dags/example_bash_decorator.py for tasks to queue
[2024-11-25T10:02:31.253+0000] {logging_mixin.py:190} INFO - [2024-11-25T10:02:31.252+0000] {dagbag.py:588} INFO - Filling up the DagBag from /home/airflow/.local/lib/python3.12/site-packages/airflow/example_dags/example_bash_decorator.py
[2024-11-25T10:02:31.273+0000] {processor.py:925} INFO - DAG(s) 'example_bash_decorator' retrieved from /home/airflow/.local/lib/python3.12/site-packages/airflow/example_dags/example_bash_decorator.py
[2024-11-25T10:02:31.300+0000] {logging_mixin.py:190} INFO - [2024-11-25T10:02:31.300+0000] {dag.py:3239} INFO - Sync 1 DAGs
[2024-11-25T10:02:31.318+0000] {logging_mixin.py:190} INFO - [2024-11-25T10:02:31.317+0000] {dag.py:4180} INFO - Setting next_dagrun for example_bash_decorator to None, run_after=None
[2024-11-25T10:02:31.349+0000] {processor.py:208} INFO - Processing /home/airflow/.local/lib/python3.12/site-packages/airflow/example_dags/example_bash_decorator.py took 0.105 seconds
[2024-11-25T10:03:01.782+0000] {processor.py:186} INFO - Started process (PID=8016) to work on /home/airflow/.local/lib/python3.12/site-packages/airflow/example_dags/example_bash_decorator.py
[2024-11-25T10:03:01.783+0000] {processor.py:914} INFO - Processing file /home/airflow/.local/lib/python3.12/site-packages/airflow/example_dags/example_bash_decorator.py for tasks to queue
[2024-11-25T10:03:01.785+0000] {logging_mixin.py:190} INFO - [2024-11-25T10:03:01.785+0000] {dagbag.py:588} INFO - Filling up the DagBag from /home/airflow/.local/lib/python3.12/site-packages/airflow/example_dags/example_bash_decorator.py
[2024-11-25T10:03:01.804+0000] {processor.py:925} INFO - DAG(s) 'example_bash_decorator' retrieved from /home/airflow/.local/lib/python3.12/site-packages/airflow/example_dags/example_bash_decorator.py
[2024-11-25T10:03:01.831+0000] {logging_mixin.py:190} INFO - [2024-11-25T10:03:01.830+0000] {dag.py:3239} INFO - Sync 1 DAGs
[2024-11-25T10:03:01.851+0000] {logging_mixin.py:190} INFO - [2024-11-25T10:03:01.851+0000] {dag.py:4180} INFO - Setting next_dagrun for example_bash_decorator to None, run_after=None
[2024-11-25T10:03:01.879+0000] {processor.py:208} INFO - Processing /home/airflow/.local/lib/python3.12/site-packages/airflow/example_dags/example_bash_decorator.py took 0.104 seconds
[2024-11-25T10:03:31.946+0000] {processor.py:186} INFO - Started process (PID=8309) to work on /home/airflow/.local/lib/python3.12/site-packages/airflow/example_dags/example_bash_decorator.py
[2024-11-25T10:03:31.947+0000] {processor.py:914} INFO - Processing file /home/airflow/.local/lib/python3.12/site-packages/airflow/example_dags/example_bash_decorator.py for tasks to queue
[2024-11-25T10:03:31.949+0000] {logging_mixin.py:190} INFO - [2024-11-25T10:03:31.949+0000] {dagbag.py:588} INFO - Filling up the DagBag from /home/airflow/.local/lib/python3.12/site-packages/airflow/example_dags/example_bash_decorator.py
[2024-11-25T10:03:31.976+0000] {processor.py:925} INFO - DAG(s) 'example_bash_decorator' retrieved from /home/airflow/.local/lib/python3.12/site-packages/airflow/example_dags/example_bash_decorator.py
[2024-11-25T10:03:32.010+0000] {logging_mixin.py:190} INFO - [2024-11-25T10:03:32.010+0000] {dag.py:3239} INFO - Sync 1 DAGs
[2024-11-25T10:03:32.032+0000] {logging_mixin.py:190} INFO - [2024-11-25T10:03:32.031+0000] {dag.py:4180} INFO - Setting next_dagrun for example_bash_decorator to None, run_after=None
[2024-11-25T10:03:32.056+0000] {processor.py:208} INFO - Processing /home/airflow/.local/lib/python3.12/site-packages/airflow/example_dags/example_bash_decorator.py took 0.120 seconds
[2024-11-25T10:04:02.191+0000] {processor.py:186} INFO - Started process (PID=8608) to work on /home/airflow/.local/lib/python3.12/site-packages/airflow/example_dags/example_bash_decorator.py
[2024-11-25T10:04:02.193+0000] {processor.py:914} INFO - Processing file /home/airflow/.local/lib/python3.12/site-packages/airflow/example_dags/example_bash_decorator.py for tasks to queue
[2024-11-25T10:04:02.195+0000] {logging_mixin.py:190} INFO - [2024-11-25T10:04:02.194+0000] {dagbag.py:588} INFO - Filling up the DagBag from /home/airflow/.local/lib/python3.12/site-packages/airflow/example_dags/example_bash_decorator.py
[2024-11-25T10:04:02.214+0000] {processor.py:925} INFO - DAG(s) 'example_bash_decorator' retrieved from /home/airflow/.local/lib/python3.12/site-packages/airflow/example_dags/example_bash_decorator.py
[2024-11-25T10:04:02.240+0000] {logging_mixin.py:190} INFO - [2024-11-25T10:04:02.239+0000] {dag.py:3239} INFO - Sync 1 DAGs
[2024-11-25T10:04:02.255+0000] {logging_mixin.py:190} INFO - [2024-11-25T10:04:02.255+0000] {dag.py:4180} INFO - Setting next_dagrun for example_bash_decorator to None, run_after=None
[2024-11-25T10:04:02.275+0000] {processor.py:208} INFO - Processing /home/airflow/.local/lib/python3.12/site-packages/airflow/example_dags/example_bash_decorator.py took 0.093 seconds
[2024-11-25T10:04:33.201+0000] {processor.py:186} INFO - Started process (PID=8918) to work on /home/airflow/.local/lib/python3.12/site-packages/airflow/example_dags/example_bash_decorator.py
[2024-11-25T10:04:33.202+0000] {processor.py:914} INFO - Processing file /home/airflow/.local/lib/python3.12/site-packages/airflow/example_dags/example_bash_decorator.py for tasks to queue
[2024-11-25T10:04:33.204+0000] {logging_mixin.py:190} INFO - [2024-11-25T10:04:33.203+0000] {dagbag.py:588} INFO - Filling up the DagBag from /home/airflow/.local/lib/python3.12/site-packages/airflow/example_dags/example_bash_decorator.py
[2024-11-25T10:04:33.225+0000] {processor.py:925} INFO - DAG(s) 'example_bash_decorator' retrieved from /home/airflow/.local/lib/python3.12/site-packages/airflow/example_dags/example_bash_decorator.py
[2024-11-25T10:04:33.254+0000] {logging_mixin.py:190} INFO - [2024-11-25T10:04:33.254+0000] {dag.py:3239} INFO - Sync 1 DAGs
[2024-11-25T10:04:33.276+0000] {logging_mixin.py:190} INFO - [2024-11-25T10:04:33.275+0000] {dag.py:4180} INFO - Setting next_dagrun for example_bash_decorator to None, run_after=None
[2024-11-25T10:04:33.300+0000] {processor.py:208} INFO - Processing /home/airflow/.local/lib/python3.12/site-packages/airflow/example_dags/example_bash_decorator.py took 0.106 seconds
[2024-11-25T10:05:03.571+0000] {processor.py:186} INFO - Started process (PID=9214) to work on /home/airflow/.local/lib/python3.12/site-packages/airflow/example_dags/example_bash_decorator.py
[2024-11-25T10:05:03.573+0000] {processor.py:914} INFO - Processing file /home/airflow/.local/lib/python3.12/site-packages/airflow/example_dags/example_bash_decorator.py for tasks to queue
[2024-11-25T10:05:03.574+0000] {logging_mixin.py:190} INFO - [2024-11-25T10:05:03.574+0000] {dagbag.py:588} INFO - Filling up the DagBag from /home/airflow/.local/lib/python3.12/site-packages/airflow/example_dags/example_bash_decorator.py
[2024-11-25T10:05:03.601+0000] {processor.py:925} INFO - DAG(s) 'example_bash_decorator' retrieved from /home/airflow/.local/lib/python3.12/site-packages/airflow/example_dags/example_bash_decorator.py
[2024-11-25T10:05:03.649+0000] {logging_mixin.py:190} INFO - [2024-11-25T10:05:03.649+0000] {dag.py:3239} INFO - Sync 1 DAGs
[2024-11-25T10:05:03.689+0000] {logging_mixin.py:190} INFO - [2024-11-25T10:05:03.688+0000] {dag.py:4180} INFO - Setting next_dagrun for example_bash_decorator to None, run_after=None
[2024-11-25T10:05:03.726+0000] {processor.py:208} INFO - Processing /home/airflow/.local/lib/python3.12/site-packages/airflow/example_dags/example_bash_decorator.py took 0.162 seconds
[2024-11-25T10:05:34.122+0000] {processor.py:186} INFO - Started process (PID=9510) to work on /home/airflow/.local/lib/python3.12/site-packages/airflow/example_dags/example_bash_decorator.py
[2024-11-25T10:05:34.123+0000] {processor.py:914} INFO - Processing file /home/airflow/.local/lib/python3.12/site-packages/airflow/example_dags/example_bash_decorator.py for tasks to queue
[2024-11-25T10:05:34.125+0000] {logging_mixin.py:190} INFO - [2024-11-25T10:05:34.125+0000] {dagbag.py:588} INFO - Filling up the DagBag from /home/airflow/.local/lib/python3.12/site-packages/airflow/example_dags/example_bash_decorator.py
[2024-11-25T10:05:34.150+0000] {processor.py:925} INFO - DAG(s) 'example_bash_decorator' retrieved from /home/airflow/.local/lib/python3.12/site-packages/airflow/example_dags/example_bash_decorator.py
[2024-11-25T10:05:34.184+0000] {logging_mixin.py:190} INFO - [2024-11-25T10:05:34.184+0000] {dag.py:3239} INFO - Sync 1 DAGs
[2024-11-25T10:05:34.208+0000] {logging_mixin.py:190} INFO - [2024-11-25T10:05:34.207+0000] {dag.py:4180} INFO - Setting next_dagrun for example_bash_decorator to None, run_after=None
[2024-11-25T10:05:34.234+0000] {processor.py:208} INFO - Processing /home/airflow/.local/lib/python3.12/site-packages/airflow/example_dags/example_bash_decorator.py took 0.122 seconds
[2024-11-25T10:06:04.754+0000] {processor.py:186} INFO - Started process (PID=9818) to work on /home/airflow/.local/lib/python3.12/site-packages/airflow/example_dags/example_bash_decorator.py
[2024-11-25T10:06:04.755+0000] {processor.py:914} INFO - Processing file /home/airflow/.local/lib/python3.12/site-packages/airflow/example_dags/example_bash_decorator.py for tasks to queue
[2024-11-25T10:06:04.757+0000] {logging_mixin.py:190} INFO - [2024-11-25T10:06:04.756+0000] {dagbag.py:588} INFO - Filling up the DagBag from /home/airflow/.local/lib/python3.12/site-packages/airflow/example_dags/example_bash_decorator.py
[2024-11-25T10:06:04.774+0000] {processor.py:925} INFO - DAG(s) 'example_bash_decorator' retrieved from /home/airflow/.local/lib/python3.12/site-packages/airflow/example_dags/example_bash_decorator.py
[2024-11-25T10:06:04.800+0000] {logging_mixin.py:190} INFO - [2024-11-25T10:06:04.800+0000] {dag.py:3239} INFO - Sync 1 DAGs
[2024-11-25T10:06:04.817+0000] {logging_mixin.py:190} INFO - [2024-11-25T10:06:04.816+0000] {dag.py:4180} INFO - Setting next_dagrun for example_bash_decorator to None, run_after=None
[2024-11-25T10:06:04.841+0000] {processor.py:208} INFO - Processing /home/airflow/.local/lib/python3.12/site-packages/airflow/example_dags/example_bash_decorator.py took 0.095 seconds
[2024-11-25T10:06:35.780+0000] {processor.py:186} INFO - Started process (PID=10112) to work on /home/airflow/.local/lib/python3.12/site-packages/airflow/example_dags/example_bash_decorator.py
[2024-11-25T10:06:35.783+0000] {processor.py:914} INFO - Processing file /home/airflow/.local/lib/python3.12/site-packages/airflow/example_dags/example_bash_decorator.py for tasks to queue
[2024-11-25T10:06:35.787+0000] {logging_mixin.py:190} INFO - [2024-11-25T10:06:35.786+0000] {dagbag.py:588} INFO - Filling up the DagBag from /home/airflow/.local/lib/python3.12/site-packages/airflow/example_dags/example_bash_decorator.py
[2024-11-25T10:06:35.819+0000] {processor.py:925} INFO - DAG(s) 'example_bash_decorator' retrieved from /home/airflow/.local/lib/python3.12/site-packages/airflow/example_dags/example_bash_decorator.py
[2024-11-25T10:06:35.856+0000] {logging_mixin.py:190} INFO - [2024-11-25T10:06:35.856+0000] {dag.py:3239} INFO - Sync 1 DAGs
[2024-11-25T10:06:35.878+0000] {logging_mixin.py:190} INFO - [2024-11-25T10:06:35.878+0000] {dag.py:4180} INFO - Setting next_dagrun for example_bash_decorator to None, run_after=None
[2024-11-25T10:06:35.905+0000] {processor.py:208} INFO - Processing /home/airflow/.local/lib/python3.12/site-packages/airflow/example_dags/example_bash_decorator.py took 0.138 seconds
[2024-11-25T10:07:06.488+0000] {processor.py:186} INFO - Started process (PID=10408) to work on /home/airflow/.local/lib/python3.12/site-packages/airflow/example_dags/example_bash_decorator.py
[2024-11-25T10:07:06.489+0000] {processor.py:914} INFO - Processing file /home/airflow/.local/lib/python3.12/site-packages/airflow/example_dags/example_bash_decorator.py for tasks to queue
[2024-11-25T10:07:06.491+0000] {logging_mixin.py:190} INFO - [2024-11-25T10:07:06.490+0000] {dagbag.py:588} INFO - Filling up the DagBag from /home/airflow/.local/lib/python3.12/site-packages/airflow/example_dags/example_bash_decorator.py
[2024-11-25T10:07:06.508+0000] {processor.py:925} INFO - DAG(s) 'example_bash_decorator' retrieved from /home/airflow/.local/lib/python3.12/site-packages/airflow/example_dags/example_bash_decorator.py
[2024-11-25T10:07:06.533+0000] {logging_mixin.py:190} INFO - [2024-11-25T10:07:06.533+0000] {dag.py:3239} INFO - Sync 1 DAGs
[2024-11-25T10:07:06.553+0000] {logging_mixin.py:190} INFO - [2024-11-25T10:07:06.553+0000] {dag.py:4180} INFO - Setting next_dagrun for example_bash_decorator to None, run_after=None
[2024-11-25T10:07:06.583+0000] {processor.py:208} INFO - Processing /home/airflow/.local/lib/python3.12/site-packages/airflow/example_dags/example_bash_decorator.py took 0.101 seconds
[2024-11-25T10:07:37.246+0000] {processor.py:186} INFO - Started process (PID=10704) to work on /home/airflow/.local/lib/python3.12/site-packages/airflow/example_dags/example_bash_decorator.py
[2024-11-25T10:07:37.247+0000] {processor.py:914} INFO - Processing file /home/airflow/.local/lib/python3.12/site-packages/airflow/example_dags/example_bash_decorator.py for tasks to queue
[2024-11-25T10:07:37.248+0000] {logging_mixin.py:190} INFO - [2024-11-25T10:07:37.248+0000] {dagbag.py:588} INFO - Filling up the DagBag from /home/airflow/.local/lib/python3.12/site-packages/airflow/example_dags/example_bash_decorator.py
[2024-11-25T10:07:37.267+0000] {processor.py:925} INFO - DAG(s) 'example_bash_decorator' retrieved from /home/airflow/.local/lib/python3.12/site-packages/airflow/example_dags/example_bash_decorator.py
[2024-11-25T10:07:37.292+0000] {logging_mixin.py:190} INFO - [2024-11-25T10:07:37.291+0000] {dag.py:3239} INFO - Sync 1 DAGs
[2024-11-25T10:07:37.311+0000] {logging_mixin.py:190} INFO - [2024-11-25T10:07:37.311+0000] {dag.py:4180} INFO - Setting next_dagrun for example_bash_decorator to None, run_after=None
[2024-11-25T10:07:37.334+0000] {processor.py:208} INFO - Processing /home/airflow/.local/lib/python3.12/site-packages/airflow/example_dags/example_bash_decorator.py took 0.095 seconds
[2024-11-25T10:08:08.111+0000] {processor.py:186} INFO - Started process (PID=11000) to work on /home/airflow/.local/lib/python3.12/site-packages/airflow/example_dags/example_bash_decorator.py
[2024-11-25T10:08:08.112+0000] {processor.py:914} INFO - Processing file /home/airflow/.local/lib/python3.12/site-packages/airflow/example_dags/example_bash_decorator.py for tasks to queue
[2024-11-25T10:08:08.114+0000] {logging_mixin.py:190} INFO - [2024-11-25T10:08:08.114+0000] {dagbag.py:588} INFO - Filling up the DagBag from /home/airflow/.local/lib/python3.12/site-packages/airflow/example_dags/example_bash_decorator.py
[2024-11-25T10:08:08.133+0000] {processor.py:925} INFO - DAG(s) 'example_bash_decorator' retrieved from /home/airflow/.local/lib/python3.12/site-packages/airflow/example_dags/example_bash_decorator.py
[2024-11-25T10:08:08.166+0000] {logging_mixin.py:190} INFO - [2024-11-25T10:08:08.166+0000] {dag.py:3239} INFO - Sync 1 DAGs
[2024-11-25T10:08:08.187+0000] {logging_mixin.py:190} INFO - [2024-11-25T10:08:08.187+0000] {dag.py:4180} INFO - Setting next_dagrun for example_bash_decorator to None, run_after=None
[2024-11-25T10:08:08.211+0000] {processor.py:208} INFO - Processing /home/airflow/.local/lib/python3.12/site-packages/airflow/example_dags/example_bash_decorator.py took 0.107 seconds
[2024-11-25T10:08:39.014+0000] {processor.py:186} INFO - Started process (PID=11296) to work on /home/airflow/.local/lib/python3.12/site-packages/airflow/example_dags/example_bash_decorator.py
[2024-11-25T10:08:39.015+0000] {processor.py:914} INFO - Processing file /home/airflow/.local/lib/python3.12/site-packages/airflow/example_dags/example_bash_decorator.py for tasks to queue
[2024-11-25T10:08:39.016+0000] {logging_mixin.py:190} INFO - [2024-11-25T10:08:39.016+0000] {dagbag.py:588} INFO - Filling up the DagBag from /home/airflow/.local/lib/python3.12/site-packages/airflow/example_dags/example_bash_decorator.py
[2024-11-25T10:08:39.035+0000] {processor.py:925} INFO - DAG(s) 'example_bash_decorator' retrieved from /home/airflow/.local/lib/python3.12/site-packages/airflow/example_dags/example_bash_decorator.py
[2024-11-25T10:08:39.064+0000] {logging_mixin.py:190} INFO - [2024-11-25T10:08:39.064+0000] {dag.py:3239} INFO - Sync 1 DAGs
[2024-11-25T10:08:39.082+0000] {logging_mixin.py:190} INFO - [2024-11-25T10:08:39.081+0000] {dag.py:4180} INFO - Setting next_dagrun for example_bash_decorator to None, run_after=None
[2024-11-25T10:08:39.106+0000] {processor.py:208} INFO - Processing /home/airflow/.local/lib/python3.12/site-packages/airflow/example_dags/example_bash_decorator.py took 0.099 seconds
[2024-11-25T10:09:09.850+0000] {processor.py:186} INFO - Started process (PID=11595) to work on /home/airflow/.local/lib/python3.12/site-packages/airflow/example_dags/example_bash_decorator.py
[2024-11-25T10:09:09.851+0000] {processor.py:914} INFO - Processing file /home/airflow/.local/lib/python3.12/site-packages/airflow/example_dags/example_bash_decorator.py for tasks to queue
[2024-11-25T10:09:09.853+0000] {logging_mixin.py:190} INFO - [2024-11-25T10:09:09.853+0000] {dagbag.py:588} INFO - Filling up the DagBag from /home/airflow/.local/lib/python3.12/site-packages/airflow/example_dags/example_bash_decorator.py
[2024-11-25T10:09:09.874+0000] {processor.py:925} INFO - DAG(s) 'example_bash_decorator' retrieved from /home/airflow/.local/lib/python3.12/site-packages/airflow/example_dags/example_bash_decorator.py
[2024-11-25T10:09:09.900+0000] {logging_mixin.py:190} INFO - [2024-11-25T10:09:09.900+0000] {dag.py:3239} INFO - Sync 1 DAGs
[2024-11-25T10:09:09.918+0000] {logging_mixin.py:190} INFO - [2024-11-25T10:09:09.918+0000] {dag.py:4180} INFO - Setting next_dagrun for example_bash_decorator to None, run_after=None
[2024-11-25T10:09:09.944+0000] {processor.py:208} INFO - Processing /home/airflow/.local/lib/python3.12/site-packages/airflow/example_dags/example_bash_decorator.py took 0.102 seconds
[2024-11-25T10:09:40.283+0000] {processor.py:186} INFO - Started process (PID=11891) to work on /home/airflow/.local/lib/python3.12/site-packages/airflow/example_dags/example_bash_decorator.py
[2024-11-25T10:09:40.284+0000] {processor.py:914} INFO - Processing file /home/airflow/.local/lib/python3.12/site-packages/airflow/example_dags/example_bash_decorator.py for tasks to queue
[2024-11-25T10:09:40.286+0000] {logging_mixin.py:190} INFO - [2024-11-25T10:09:40.286+0000] {dagbag.py:588} INFO - Filling up the DagBag from /home/airflow/.local/lib/python3.12/site-packages/airflow/example_dags/example_bash_decorator.py
[2024-11-25T10:09:40.313+0000] {processor.py:925} INFO - DAG(s) 'example_bash_decorator' retrieved from /home/airflow/.local/lib/python3.12/site-packages/airflow/example_dags/example_bash_decorator.py
[2024-11-25T10:09:40.347+0000] {logging_mixin.py:190} INFO - [2024-11-25T10:09:40.346+0000] {dag.py:3239} INFO - Sync 1 DAGs
[2024-11-25T10:09:40.373+0000] {logging_mixin.py:190} INFO - [2024-11-25T10:09:40.372+0000] {dag.py:4180} INFO - Setting next_dagrun for example_bash_decorator to None, run_after=None
[2024-11-25T10:09:40.405+0000] {processor.py:208} INFO - Processing /home/airflow/.local/lib/python3.12/site-packages/airflow/example_dags/example_bash_decorator.py took 0.132 seconds
[2024-11-25T10:10:11.389+0000] {processor.py:186} INFO - Started process (PID=12190) to work on /home/airflow/.local/lib/python3.12/site-packages/airflow/example_dags/example_bash_decorator.py
[2024-11-25T10:10:11.391+0000] {processor.py:914} INFO - Processing file /home/airflow/.local/lib/python3.12/site-packages/airflow/example_dags/example_bash_decorator.py for tasks to queue
[2024-11-25T10:10:11.393+0000] {logging_mixin.py:190} INFO - [2024-11-25T10:10:11.393+0000] {dagbag.py:588} INFO - Filling up the DagBag from /home/airflow/.local/lib/python3.12/site-packages/airflow/example_dags/example_bash_decorator.py
[2024-11-25T10:10:11.420+0000] {processor.py:925} INFO - DAG(s) 'example_bash_decorator' retrieved from /home/airflow/.local/lib/python3.12/site-packages/airflow/example_dags/example_bash_decorator.py
[2024-11-25T10:10:11.454+0000] {logging_mixin.py:190} INFO - [2024-11-25T10:10:11.454+0000] {dag.py:3239} INFO - Sync 1 DAGs
[2024-11-25T10:10:11.476+0000] {logging_mixin.py:190} INFO - [2024-11-25T10:10:11.476+0000] {dag.py:4180} INFO - Setting next_dagrun for example_bash_decorator to None, run_after=None
[2024-11-25T10:10:11.507+0000] {processor.py:208} INFO - Processing /home/airflow/.local/lib/python3.12/site-packages/airflow/example_dags/example_bash_decorator.py took 0.134 seconds
[2024-11-25T10:10:42.463+0000] {processor.py:186} INFO - Started process (PID=12486) to work on /home/airflow/.local/lib/python3.12/site-packages/airflow/example_dags/example_bash_decorator.py
[2024-11-25T10:10:42.465+0000] {processor.py:914} INFO - Processing file /home/airflow/.local/lib/python3.12/site-packages/airflow/example_dags/example_bash_decorator.py for tasks to queue
[2024-11-25T10:10:42.467+0000] {logging_mixin.py:190} INFO - [2024-11-25T10:10:42.467+0000] {dagbag.py:588} INFO - Filling up the DagBag from /home/airflow/.local/lib/python3.12/site-packages/airflow/example_dags/example_bash_decorator.py
[2024-11-25T10:10:42.498+0000] {processor.py:925} INFO - DAG(s) 'example_bash_decorator' retrieved from /home/airflow/.local/lib/python3.12/site-packages/airflow/example_dags/example_bash_decorator.py
[2024-11-25T10:10:42.544+0000] {logging_mixin.py:190} INFO - [2024-11-25T10:10:42.544+0000] {dag.py:3239} INFO - Sync 1 DAGs
[2024-11-25T10:10:42.583+0000] {logging_mixin.py:190} INFO - [2024-11-25T10:10:42.583+0000] {dag.py:4180} INFO - Setting next_dagrun for example_bash_decorator to None, run_after=None
[2024-11-25T10:10:42.613+0000] {processor.py:208} INFO - Processing /home/airflow/.local/lib/python3.12/site-packages/airflow/example_dags/example_bash_decorator.py took 0.159 seconds
[2024-11-25T10:11:13.138+0000] {processor.py:186} INFO - Started process (PID=12782) to work on /home/airflow/.local/lib/python3.12/site-packages/airflow/example_dags/example_bash_decorator.py
[2024-11-25T10:11:13.139+0000] {processor.py:914} INFO - Processing file /home/airflow/.local/lib/python3.12/site-packages/airflow/example_dags/example_bash_decorator.py for tasks to queue
[2024-11-25T10:11:13.141+0000] {logging_mixin.py:190} INFO - [2024-11-25T10:11:13.140+0000] {dagbag.py:588} INFO - Filling up the DagBag from /home/airflow/.local/lib/python3.12/site-packages/airflow/example_dags/example_bash_decorator.py
[2024-11-25T10:11:13.164+0000] {processor.py:925} INFO - DAG(s) 'example_bash_decorator' retrieved from /home/airflow/.local/lib/python3.12/site-packages/airflow/example_dags/example_bash_decorator.py
[2024-11-25T10:11:13.200+0000] {logging_mixin.py:190} INFO - [2024-11-25T10:11:13.199+0000] {dag.py:3239} INFO - Sync 1 DAGs
[2024-11-25T10:11:13.221+0000] {logging_mixin.py:190} INFO - [2024-11-25T10:11:13.221+0000] {dag.py:4180} INFO - Setting next_dagrun for example_bash_decorator to None, run_after=None
[2024-11-25T10:11:13.249+0000] {processor.py:208} INFO - Processing /home/airflow/.local/lib/python3.12/site-packages/airflow/example_dags/example_bash_decorator.py took 0.122 seconds
