[2024-11-25T09:49:34.494+0000] {processor.py:186} INFO - Started process (PID=217) to work on /home/airflow/.local/lib/python3.12/site-packages/airflow/example_dags/example_xcomargs.py
[2024-11-25T09:49:34.497+0000] {processor.py:914} INFO - Processing file /home/airflow/.local/lib/python3.12/site-packages/airflow/example_dags/example_xcomargs.py for tasks to queue
[2024-11-25T09:49:34.503+0000] {logging_mixin.py:190} INFO - [2024-11-25T09:49:34.502+0000] {dagbag.py:588} INFO - Filling up the DagBag from /home/airflow/.local/lib/python3.12/site-packages/airflow/example_dags/example_xcomargs.py
[2024-11-25T09:49:34.523+0000] {processor.py:925} INFO - DAG(s) 'example_xcom_args', 'example_xcom_args_with_operators' retrieved from /home/airflow/.local/lib/python3.12/site-packages/airflow/example_dags/example_xcomargs.py
[2024-11-25T09:49:34.597+0000] {logging_mixin.py:190} INFO - [2024-11-25T09:49:34.597+0000] {dag.py:3239} INFO - Sync 2 DAGs
[2024-11-25T09:49:34.628+0000] {logging_mixin.py:190} INFO - [2024-11-25T09:49:34.628+0000] {dag.py:4180} INFO - Setting next_dagrun for example_xcom_args to None, run_after=None
[2024-11-25T09:49:34.637+0000] {logging_mixin.py:190} INFO - [2024-11-25T09:49:34.636+0000] {dag.py:4180} INFO - Setting next_dagrun for example_xcom_args_with_operators to None, run_after=None
[2024-11-25T09:49:34.670+0000] {processor.py:208} INFO - Processing /home/airflow/.local/lib/python3.12/site-packages/airflow/example_dags/example_xcomargs.py took 0.196 seconds
[2024-11-25T09:50:05.178+0000] {processor.py:186} INFO - Started process (PID=511) to work on /home/airflow/.local/lib/python3.12/site-packages/airflow/example_dags/example_xcomargs.py
[2024-11-25T09:50:05.179+0000] {processor.py:914} INFO - Processing file /home/airflow/.local/lib/python3.12/site-packages/airflow/example_dags/example_xcomargs.py for tasks to queue
[2024-11-25T09:50:05.183+0000] {logging_mixin.py:190} INFO - [2024-11-25T09:50:05.182+0000] {dagbag.py:588} INFO - Filling up the DagBag from /home/airflow/.local/lib/python3.12/site-packages/airflow/example_dags/example_xcomargs.py
[2024-11-25T09:50:05.201+0000] {processor.py:925} INFO - DAG(s) 'example_xcom_args_with_operators', 'example_xcom_args' retrieved from /home/airflow/.local/lib/python3.12/site-packages/airflow/example_dags/example_xcomargs.py
[2024-11-25T09:50:05.238+0000] {logging_mixin.py:190} INFO - [2024-11-25T09:50:05.237+0000] {dag.py:3239} INFO - Sync 2 DAGs
[2024-11-25T09:50:05.269+0000] {logging_mixin.py:190} INFO - [2024-11-25T09:50:05.268+0000] {dag.py:4180} INFO - Setting next_dagrun for example_xcom_args to None, run_after=None
[2024-11-25T09:50:05.275+0000] {logging_mixin.py:190} INFO - [2024-11-25T09:50:05.274+0000] {dag.py:4180} INFO - Setting next_dagrun for example_xcom_args_with_operators to None, run_after=None
[2024-11-25T09:50:05.311+0000] {processor.py:208} INFO - Processing /home/airflow/.local/lib/python3.12/site-packages/airflow/example_dags/example_xcomargs.py took 0.141 seconds
[2024-11-25T09:50:35.805+0000] {processor.py:186} INFO - Started process (PID=807) to work on /home/airflow/.local/lib/python3.12/site-packages/airflow/example_dags/example_xcomargs.py
[2024-11-25T09:50:35.806+0000] {processor.py:914} INFO - Processing file /home/airflow/.local/lib/python3.12/site-packages/airflow/example_dags/example_xcomargs.py for tasks to queue
[2024-11-25T09:50:35.808+0000] {logging_mixin.py:190} INFO - [2024-11-25T09:50:35.808+0000] {dagbag.py:588} INFO - Filling up the DagBag from /home/airflow/.local/lib/python3.12/site-packages/airflow/example_dags/example_xcomargs.py
[2024-11-25T09:50:35.829+0000] {processor.py:925} INFO - DAG(s) 'example_xcom_args', 'example_xcom_args_with_operators' retrieved from /home/airflow/.local/lib/python3.12/site-packages/airflow/example_dags/example_xcomargs.py
[2024-11-25T09:50:35.867+0000] {logging_mixin.py:190} INFO - [2024-11-25T09:50:35.867+0000] {dag.py:3239} INFO - Sync 2 DAGs
[2024-11-25T09:50:35.889+0000] {logging_mixin.py:190} INFO - [2024-11-25T09:50:35.889+0000] {dag.py:4180} INFO - Setting next_dagrun for example_xcom_args to None, run_after=None
[2024-11-25T09:50:35.894+0000] {logging_mixin.py:190} INFO - [2024-11-25T09:50:35.894+0000] {dag.py:4180} INFO - Setting next_dagrun for example_xcom_args_with_operators to None, run_after=None
[2024-11-25T09:50:35.916+0000] {processor.py:208} INFO - Processing /home/airflow/.local/lib/python3.12/site-packages/airflow/example_dags/example_xcomargs.py took 0.122 seconds
[2024-11-25T09:51:06.175+0000] {processor.py:186} INFO - Started process (PID=1123) to work on /home/airflow/.local/lib/python3.12/site-packages/airflow/example_dags/example_xcomargs.py
[2024-11-25T09:51:06.176+0000] {processor.py:914} INFO - Processing file /home/airflow/.local/lib/python3.12/site-packages/airflow/example_dags/example_xcomargs.py for tasks to queue
[2024-11-25T09:51:06.178+0000] {logging_mixin.py:190} INFO - [2024-11-25T09:51:06.178+0000] {dagbag.py:588} INFO - Filling up the DagBag from /home/airflow/.local/lib/python3.12/site-packages/airflow/example_dags/example_xcomargs.py
[2024-11-25T09:51:06.191+0000] {processor.py:925} INFO - DAG(s) 'example_xcom_args', 'example_xcom_args_with_operators' retrieved from /home/airflow/.local/lib/python3.12/site-packages/airflow/example_dags/example_xcomargs.py
[2024-11-25T09:51:06.223+0000] {logging_mixin.py:190} INFO - [2024-11-25T09:51:06.222+0000] {dag.py:3239} INFO - Sync 2 DAGs
[2024-11-25T09:51:06.244+0000] {logging_mixin.py:190} INFO - [2024-11-25T09:51:06.243+0000] {dag.py:4180} INFO - Setting next_dagrun for example_xcom_args to None, run_after=None
[2024-11-25T09:51:06.249+0000] {logging_mixin.py:190} INFO - [2024-11-25T09:51:06.249+0000] {dag.py:4180} INFO - Setting next_dagrun for example_xcom_args_with_operators to None, run_after=None
[2024-11-25T09:51:06.276+0000] {processor.py:208} INFO - Processing /home/airflow/.local/lib/python3.12/site-packages/airflow/example_dags/example_xcomargs.py took 0.108 seconds
[2024-11-25T09:51:36.779+0000] {processor.py:186} INFO - Started process (PID=1424) to work on /home/airflow/.local/lib/python3.12/site-packages/airflow/example_dags/example_xcomargs.py
[2024-11-25T09:51:36.780+0000] {processor.py:914} INFO - Processing file /home/airflow/.local/lib/python3.12/site-packages/airflow/example_dags/example_xcomargs.py for tasks to queue
[2024-11-25T09:51:36.782+0000] {logging_mixin.py:190} INFO - [2024-11-25T09:51:36.782+0000] {dagbag.py:588} INFO - Filling up the DagBag from /home/airflow/.local/lib/python3.12/site-packages/airflow/example_dags/example_xcomargs.py
[2024-11-25T09:51:36.798+0000] {processor.py:925} INFO - DAG(s) 'example_xcom_args', 'example_xcom_args_with_operators' retrieved from /home/airflow/.local/lib/python3.12/site-packages/airflow/example_dags/example_xcomargs.py
[2024-11-25T09:51:36.830+0000] {logging_mixin.py:190} INFO - [2024-11-25T09:51:36.829+0000] {dag.py:3239} INFO - Sync 2 DAGs
[2024-11-25T09:51:36.847+0000] {logging_mixin.py:190} INFO - [2024-11-25T09:51:36.847+0000] {dag.py:4180} INFO - Setting next_dagrun for example_xcom_args to None, run_after=None
[2024-11-25T09:51:36.852+0000] {logging_mixin.py:190} INFO - [2024-11-25T09:51:36.852+0000] {dag.py:4180} INFO - Setting next_dagrun for example_xcom_args_with_operators to None, run_after=None
[2024-11-25T09:51:36.875+0000] {processor.py:208} INFO - Processing /home/airflow/.local/lib/python3.12/site-packages/airflow/example_dags/example_xcomargs.py took 0.104 seconds
[2024-11-25T09:52:07.397+0000] {processor.py:186} INFO - Started process (PID=1720) to work on /home/airflow/.local/lib/python3.12/site-packages/airflow/example_dags/example_xcomargs.py
[2024-11-25T09:52:07.399+0000] {processor.py:914} INFO - Processing file /home/airflow/.local/lib/python3.12/site-packages/airflow/example_dags/example_xcomargs.py for tasks to queue
[2024-11-25T09:52:07.400+0000] {logging_mixin.py:190} INFO - [2024-11-25T09:52:07.400+0000] {dagbag.py:588} INFO - Filling up the DagBag from /home/airflow/.local/lib/python3.12/site-packages/airflow/example_dags/example_xcomargs.py
[2024-11-25T09:52:07.412+0000] {processor.py:925} INFO - DAG(s) 'example_xcom_args', 'example_xcom_args_with_operators' retrieved from /home/airflow/.local/lib/python3.12/site-packages/airflow/example_dags/example_xcomargs.py
[2024-11-25T09:52:07.443+0000] {logging_mixin.py:190} INFO - [2024-11-25T09:52:07.442+0000] {dag.py:3239} INFO - Sync 2 DAGs
[2024-11-25T09:52:07.461+0000] {logging_mixin.py:190} INFO - [2024-11-25T09:52:07.461+0000] {dag.py:4180} INFO - Setting next_dagrun for example_xcom_args to None, run_after=None
[2024-11-25T09:52:07.466+0000] {logging_mixin.py:190} INFO - [2024-11-25T09:52:07.465+0000] {dag.py:4180} INFO - Setting next_dagrun for example_xcom_args_with_operators to None, run_after=None
[2024-11-25T09:52:07.493+0000] {processor.py:208} INFO - Processing /home/airflow/.local/lib/python3.12/site-packages/airflow/example_dags/example_xcomargs.py took 0.102 seconds
[2024-11-25T09:52:37.707+0000] {processor.py:186} INFO - Started process (PID=2016) to work on /home/airflow/.local/lib/python3.12/site-packages/airflow/example_dags/example_xcomargs.py
[2024-11-25T09:52:37.709+0000] {processor.py:914} INFO - Processing file /home/airflow/.local/lib/python3.12/site-packages/airflow/example_dags/example_xcomargs.py for tasks to queue
[2024-11-25T09:52:37.711+0000] {logging_mixin.py:190} INFO - [2024-11-25T09:52:37.711+0000] {dagbag.py:588} INFO - Filling up the DagBag from /home/airflow/.local/lib/python3.12/site-packages/airflow/example_dags/example_xcomargs.py
[2024-11-25T09:52:37.732+0000] {processor.py:925} INFO - DAG(s) 'example_xcom_args', 'example_xcom_args_with_operators' retrieved from /home/airflow/.local/lib/python3.12/site-packages/airflow/example_dags/example_xcomargs.py
[2024-11-25T09:52:37.764+0000] {logging_mixin.py:190} INFO - [2024-11-25T09:52:37.763+0000] {dag.py:3239} INFO - Sync 2 DAGs
[2024-11-25T09:52:37.785+0000] {logging_mixin.py:190} INFO - [2024-11-25T09:52:37.785+0000] {dag.py:4180} INFO - Setting next_dagrun for example_xcom_args to None, run_after=None
[2024-11-25T09:52:37.791+0000] {logging_mixin.py:190} INFO - [2024-11-25T09:52:37.791+0000] {dag.py:4180} INFO - Setting next_dagrun for example_xcom_args_with_operators to None, run_after=None
[2024-11-25T09:52:37.822+0000] {processor.py:208} INFO - Processing /home/airflow/.local/lib/python3.12/site-packages/airflow/example_dags/example_xcomargs.py took 0.126 seconds
[2024-11-25T09:53:08.849+0000] {processor.py:186} INFO - Started process (PID=2312) to work on /home/airflow/.local/lib/python3.12/site-packages/airflow/example_dags/example_xcomargs.py
[2024-11-25T09:53:08.851+0000] {processor.py:914} INFO - Processing file /home/airflow/.local/lib/python3.12/site-packages/airflow/example_dags/example_xcomargs.py for tasks to queue
[2024-11-25T09:53:08.859+0000] {logging_mixin.py:190} INFO - [2024-11-25T09:53:08.858+0000] {dagbag.py:588} INFO - Filling up the DagBag from /home/airflow/.local/lib/python3.12/site-packages/airflow/example_dags/example_xcomargs.py
[2024-11-25T09:53:08.958+0000] {processor.py:925} INFO - DAG(s) 'example_xcom_args', 'example_xcom_args_with_operators' retrieved from /home/airflow/.local/lib/python3.12/site-packages/airflow/example_dags/example_xcomargs.py
[2024-11-25T09:53:09.073+0000] {logging_mixin.py:190} INFO - [2024-11-25T09:53:09.073+0000] {dag.py:3239} INFO - Sync 2 DAGs
[2024-11-25T09:53:09.173+0000] {logging_mixin.py:190} INFO - [2024-11-25T09:53:09.172+0000] {dag.py:4180} INFO - Setting next_dagrun for example_xcom_args to None, run_after=None
[2024-11-25T09:53:09.188+0000] {logging_mixin.py:190} INFO - [2024-11-25T09:53:09.187+0000] {dag.py:4180} INFO - Setting next_dagrun for example_xcom_args_with_operators to None, run_after=None
[2024-11-25T09:53:09.224+0000] {processor.py:208} INFO - Processing /home/airflow/.local/lib/python3.12/site-packages/airflow/example_dags/example_xcomargs.py took 0.420 seconds
[2024-11-25T09:53:39.381+0000] {processor.py:186} INFO - Started process (PID=2608) to work on /home/airflow/.local/lib/python3.12/site-packages/airflow/example_dags/example_xcomargs.py
[2024-11-25T09:53:39.382+0000] {processor.py:914} INFO - Processing file /home/airflow/.local/lib/python3.12/site-packages/airflow/example_dags/example_xcomargs.py for tasks to queue
[2024-11-25T09:53:39.384+0000] {logging_mixin.py:190} INFO - [2024-11-25T09:53:39.384+0000] {dagbag.py:588} INFO - Filling up the DagBag from /home/airflow/.local/lib/python3.12/site-packages/airflow/example_dags/example_xcomargs.py
[2024-11-25T09:53:39.400+0000] {processor.py:925} INFO - DAG(s) 'example_xcom_args_with_operators', 'example_xcom_args' retrieved from /home/airflow/.local/lib/python3.12/site-packages/airflow/example_dags/example_xcomargs.py
[2024-11-25T09:53:39.438+0000] {logging_mixin.py:190} INFO - [2024-11-25T09:53:39.437+0000] {dag.py:3239} INFO - Sync 2 DAGs
[2024-11-25T09:53:39.462+0000] {logging_mixin.py:190} INFO - [2024-11-25T09:53:39.462+0000] {dag.py:4180} INFO - Setting next_dagrun for example_xcom_args to None, run_after=None
[2024-11-25T09:53:39.467+0000] {logging_mixin.py:190} INFO - [2024-11-25T09:53:39.467+0000] {dag.py:4180} INFO - Setting next_dagrun for example_xcom_args_with_operators to None, run_after=None
[2024-11-25T09:53:39.488+0000] {processor.py:208} INFO - Processing /home/airflow/.local/lib/python3.12/site-packages/airflow/example_dags/example_xcomargs.py took 0.116 seconds
[2024-11-25T09:54:09.808+0000] {processor.py:186} INFO - Started process (PID=2904) to work on /home/airflow/.local/lib/python3.12/site-packages/airflow/example_dags/example_xcomargs.py
[2024-11-25T09:54:09.809+0000] {processor.py:914} INFO - Processing file /home/airflow/.local/lib/python3.12/site-packages/airflow/example_dags/example_xcomargs.py for tasks to queue
[2024-11-25T09:54:09.810+0000] {logging_mixin.py:190} INFO - [2024-11-25T09:54:09.810+0000] {dagbag.py:588} INFO - Filling up the DagBag from /home/airflow/.local/lib/python3.12/site-packages/airflow/example_dags/example_xcomargs.py
[2024-11-25T09:54:09.822+0000] {processor.py:925} INFO - DAG(s) 'example_xcom_args_with_operators', 'example_xcom_args' retrieved from /home/airflow/.local/lib/python3.12/site-packages/airflow/example_dags/example_xcomargs.py
[2024-11-25T09:54:09.849+0000] {logging_mixin.py:190} INFO - [2024-11-25T09:54:09.849+0000] {dag.py:3239} INFO - Sync 2 DAGs
[2024-11-25T09:54:09.865+0000] {logging_mixin.py:190} INFO - [2024-11-25T09:54:09.865+0000] {dag.py:4180} INFO - Setting next_dagrun for example_xcom_args to None, run_after=None
[2024-11-25T09:54:09.871+0000] {logging_mixin.py:190} INFO - [2024-11-25T09:54:09.870+0000] {dag.py:4180} INFO - Setting next_dagrun for example_xcom_args_with_operators to None, run_after=None
[2024-11-25T09:54:09.893+0000] {processor.py:208} INFO - Processing /home/airflow/.local/lib/python3.12/site-packages/airflow/example_dags/example_xcomargs.py took 0.092 seconds
[2024-11-25T09:54:40.190+0000] {processor.py:186} INFO - Started process (PID=3200) to work on /home/airflow/.local/lib/python3.12/site-packages/airflow/example_dags/example_xcomargs.py
[2024-11-25T09:54:40.192+0000] {processor.py:914} INFO - Processing file /home/airflow/.local/lib/python3.12/site-packages/airflow/example_dags/example_xcomargs.py for tasks to queue
[2024-11-25T09:54:40.198+0000] {logging_mixin.py:190} INFO - [2024-11-25T09:54:40.197+0000] {dagbag.py:588} INFO - Filling up the DagBag from /home/airflow/.local/lib/python3.12/site-packages/airflow/example_dags/example_xcomargs.py
[2024-11-25T09:54:40.213+0000] {processor.py:925} INFO - DAG(s) 'example_xcom_args', 'example_xcom_args_with_operators' retrieved from /home/airflow/.local/lib/python3.12/site-packages/airflow/example_dags/example_xcomargs.py
[2024-11-25T09:54:40.245+0000] {logging_mixin.py:190} INFO - [2024-11-25T09:54:40.244+0000] {dag.py:3239} INFO - Sync 2 DAGs
[2024-11-25T09:54:40.268+0000] {logging_mixin.py:190} INFO - [2024-11-25T09:54:40.268+0000] {dag.py:4180} INFO - Setting next_dagrun for example_xcom_args to None, run_after=None
[2024-11-25T09:54:40.273+0000] {logging_mixin.py:190} INFO - [2024-11-25T09:54:40.273+0000] {dag.py:4180} INFO - Setting next_dagrun for example_xcom_args_with_operators to None, run_after=None
[2024-11-25T09:54:40.298+0000] {processor.py:208} INFO - Processing /home/airflow/.local/lib/python3.12/site-packages/airflow/example_dags/example_xcomargs.py took 0.131 seconds
[2024-11-25T09:55:10.986+0000] {processor.py:186} INFO - Started process (PID=3496) to work on /home/airflow/.local/lib/python3.12/site-packages/airflow/example_dags/example_xcomargs.py
[2024-11-25T09:55:10.987+0000] {processor.py:914} INFO - Processing file /home/airflow/.local/lib/python3.12/site-packages/airflow/example_dags/example_xcomargs.py for tasks to queue
[2024-11-25T09:55:10.990+0000] {logging_mixin.py:190} INFO - [2024-11-25T09:55:10.989+0000] {dagbag.py:588} INFO - Filling up the DagBag from /home/airflow/.local/lib/python3.12/site-packages/airflow/example_dags/example_xcomargs.py
[2024-11-25T09:55:11.004+0000] {processor.py:925} INFO - DAG(s) 'example_xcom_args', 'example_xcom_args_with_operators' retrieved from /home/airflow/.local/lib/python3.12/site-packages/airflow/example_dags/example_xcomargs.py
[2024-11-25T09:55:11.033+0000] {logging_mixin.py:190} INFO - [2024-11-25T09:55:11.033+0000] {dag.py:3239} INFO - Sync 2 DAGs
[2024-11-25T09:55:11.049+0000] {logging_mixin.py:190} INFO - [2024-11-25T09:55:11.049+0000] {dag.py:4180} INFO - Setting next_dagrun for example_xcom_args to None, run_after=None
[2024-11-25T09:55:11.054+0000] {logging_mixin.py:190} INFO - [2024-11-25T09:55:11.054+0000] {dag.py:4180} INFO - Setting next_dagrun for example_xcom_args_with_operators to None, run_after=None
[2024-11-25T09:55:11.074+0000] {processor.py:208} INFO - Processing /home/airflow/.local/lib/python3.12/site-packages/airflow/example_dags/example_xcomargs.py took 0.094 seconds
[2024-11-25T09:55:41.342+0000] {processor.py:186} INFO - Started process (PID=3793) to work on /home/airflow/.local/lib/python3.12/site-packages/airflow/example_dags/example_xcomargs.py
[2024-11-25T09:55:41.344+0000] {processor.py:914} INFO - Processing file /home/airflow/.local/lib/python3.12/site-packages/airflow/example_dags/example_xcomargs.py for tasks to queue
[2024-11-25T09:55:41.347+0000] {logging_mixin.py:190} INFO - [2024-11-25T09:55:41.347+0000] {dagbag.py:588} INFO - Filling up the DagBag from /home/airflow/.local/lib/python3.12/site-packages/airflow/example_dags/example_xcomargs.py
[2024-11-25T09:55:41.362+0000] {processor.py:925} INFO - DAG(s) 'example_xcom_args_with_operators', 'example_xcom_args' retrieved from /home/airflow/.local/lib/python3.12/site-packages/airflow/example_dags/example_xcomargs.py
[2024-11-25T09:55:41.396+0000] {logging_mixin.py:190} INFO - [2024-11-25T09:55:41.396+0000] {dag.py:3239} INFO - Sync 2 DAGs
[2024-11-25T09:55:41.416+0000] {logging_mixin.py:190} INFO - [2024-11-25T09:55:41.416+0000] {dag.py:4180} INFO - Setting next_dagrun for example_xcom_args to None, run_after=None
[2024-11-25T09:55:41.421+0000] {logging_mixin.py:190} INFO - [2024-11-25T09:55:41.421+0000] {dag.py:4180} INFO - Setting next_dagrun for example_xcom_args_with_operators to None, run_after=None
[2024-11-25T09:55:41.445+0000] {processor.py:208} INFO - Processing /home/airflow/.local/lib/python3.12/site-packages/airflow/example_dags/example_xcomargs.py took 0.111 seconds
[2024-11-25T09:56:12.285+0000] {processor.py:186} INFO - Started process (PID=4089) to work on /home/airflow/.local/lib/python3.12/site-packages/airflow/example_dags/example_xcomargs.py
[2024-11-25T09:56:12.287+0000] {processor.py:914} INFO - Processing file /home/airflow/.local/lib/python3.12/site-packages/airflow/example_dags/example_xcomargs.py for tasks to queue
[2024-11-25T09:56:12.289+0000] {logging_mixin.py:190} INFO - [2024-11-25T09:56:12.288+0000] {dagbag.py:588} INFO - Filling up the DagBag from /home/airflow/.local/lib/python3.12/site-packages/airflow/example_dags/example_xcomargs.py
[2024-11-25T09:56:12.301+0000] {processor.py:925} INFO - DAG(s) 'example_xcom_args', 'example_xcom_args_with_operators' retrieved from /home/airflow/.local/lib/python3.12/site-packages/airflow/example_dags/example_xcomargs.py
[2024-11-25T09:56:12.332+0000] {logging_mixin.py:190} INFO - [2024-11-25T09:56:12.332+0000] {dag.py:3239} INFO - Sync 2 DAGs
[2024-11-25T09:56:12.348+0000] {logging_mixin.py:190} INFO - [2024-11-25T09:56:12.348+0000] {dag.py:4180} INFO - Setting next_dagrun for example_xcom_args to None, run_after=None
[2024-11-25T09:56:12.353+0000] {logging_mixin.py:190} INFO - [2024-11-25T09:56:12.353+0000] {dag.py:4180} INFO - Setting next_dagrun for example_xcom_args_with_operators to None, run_after=None
[2024-11-25T09:56:12.375+0000] {processor.py:208} INFO - Processing /home/airflow/.local/lib/python3.12/site-packages/airflow/example_dags/example_xcomargs.py took 0.095 seconds
[2024-11-25T09:56:42.482+0000] {processor.py:186} INFO - Started process (PID=4385) to work on /home/airflow/.local/lib/python3.12/site-packages/airflow/example_dags/example_xcomargs.py
[2024-11-25T09:56:42.483+0000] {processor.py:914} INFO - Processing file /home/airflow/.local/lib/python3.12/site-packages/airflow/example_dags/example_xcomargs.py for tasks to queue
[2024-11-25T09:56:42.487+0000] {logging_mixin.py:190} INFO - [2024-11-25T09:56:42.485+0000] {dagbag.py:588} INFO - Filling up the DagBag from /home/airflow/.local/lib/python3.12/site-packages/airflow/example_dags/example_xcomargs.py
[2024-11-25T09:56:42.505+0000] {processor.py:925} INFO - DAG(s) 'example_xcom_args', 'example_xcom_args_with_operators' retrieved from /home/airflow/.local/lib/python3.12/site-packages/airflow/example_dags/example_xcomargs.py
[2024-11-25T09:56:42.538+0000] {logging_mixin.py:190} INFO - [2024-11-25T09:56:42.538+0000] {dag.py:3239} INFO - Sync 2 DAGs
[2024-11-25T09:56:42.560+0000] {logging_mixin.py:190} INFO - [2024-11-25T09:56:42.560+0000] {dag.py:4180} INFO - Setting next_dagrun for example_xcom_args to None, run_after=None
[2024-11-25T09:56:42.567+0000] {logging_mixin.py:190} INFO - [2024-11-25T09:56:42.567+0000] {dag.py:4180} INFO - Setting next_dagrun for example_xcom_args_with_operators to None, run_after=None
[2024-11-25T09:56:42.594+0000] {processor.py:208} INFO - Processing /home/airflow/.local/lib/python3.12/site-packages/airflow/example_dags/example_xcomargs.py took 0.124 seconds
[2024-11-25T09:57:13.334+0000] {processor.py:186} INFO - Started process (PID=4686) to work on /home/airflow/.local/lib/python3.12/site-packages/airflow/example_dags/example_xcomargs.py
[2024-11-25T09:57:13.335+0000] {processor.py:914} INFO - Processing file /home/airflow/.local/lib/python3.12/site-packages/airflow/example_dags/example_xcomargs.py for tasks to queue
[2024-11-25T09:57:13.337+0000] {logging_mixin.py:190} INFO - [2024-11-25T09:57:13.337+0000] {dagbag.py:588} INFO - Filling up the DagBag from /home/airflow/.local/lib/python3.12/site-packages/airflow/example_dags/example_xcomargs.py
[2024-11-25T09:57:13.351+0000] {processor.py:925} INFO - DAG(s) 'example_xcom_args', 'example_xcom_args_with_operators' retrieved from /home/airflow/.local/lib/python3.12/site-packages/airflow/example_dags/example_xcomargs.py
[2024-11-25T09:57:13.383+0000] {logging_mixin.py:190} INFO - [2024-11-25T09:57:13.382+0000] {dag.py:3239} INFO - Sync 2 DAGs
[2024-11-25T09:57:13.404+0000] {logging_mixin.py:190} INFO - [2024-11-25T09:57:13.403+0000] {dag.py:4180} INFO - Setting next_dagrun for example_xcom_args to None, run_after=None
[2024-11-25T09:57:13.408+0000] {logging_mixin.py:190} INFO - [2024-11-25T09:57:13.408+0000] {dag.py:4180} INFO - Setting next_dagrun for example_xcom_args_with_operators to None, run_after=None
[2024-11-25T09:57:13.433+0000] {processor.py:208} INFO - Processing /home/airflow/.local/lib/python3.12/site-packages/airflow/example_dags/example_xcomargs.py took 0.106 seconds
[2024-11-25T09:57:46.684+0000] {processor.py:186} INFO - Started process (PID=4945) to work on /home/airflow/.local/lib/python3.12/site-packages/airflow/example_dags/example_xcomargs.py
[2024-11-25T09:57:46.687+0000] {processor.py:914} INFO - Processing file /home/airflow/.local/lib/python3.12/site-packages/airflow/example_dags/example_xcomargs.py for tasks to queue
[2024-11-25T09:57:46.689+0000] {logging_mixin.py:190} INFO - [2024-11-25T09:57:46.689+0000] {dagbag.py:588} INFO - Filling up the DagBag from /home/airflow/.local/lib/python3.12/site-packages/airflow/example_dags/example_xcomargs.py
[2024-11-25T09:57:46.708+0000] {processor.py:925} INFO - DAG(s) 'example_xcom_args', 'example_xcom_args_with_operators' retrieved from /home/airflow/.local/lib/python3.12/site-packages/airflow/example_dags/example_xcomargs.py
[2024-11-25T09:57:46.741+0000] {logging_mixin.py:190} INFO - [2024-11-25T09:57:46.741+0000] {dag.py:3239} INFO - Sync 2 DAGs
[2024-11-25T09:57:46.764+0000] {logging_mixin.py:190} INFO - [2024-11-25T09:57:46.763+0000] {dag.py:4180} INFO - Setting next_dagrun for example_xcom_args to None, run_after=None
[2024-11-25T09:57:46.769+0000] {logging_mixin.py:190} INFO - [2024-11-25T09:57:46.768+0000] {dag.py:4180} INFO - Setting next_dagrun for example_xcom_args_with_operators to None, run_after=None
[2024-11-25T09:57:46.794+0000] {processor.py:208} INFO - Processing /home/airflow/.local/lib/python3.12/site-packages/airflow/example_dags/example_xcomargs.py took 0.117 seconds
[2024-11-25T09:58:18.822+0000] {processor.py:186} INFO - Started process (PID=5231) to work on /home/airflow/.local/lib/python3.12/site-packages/airflow/example_dags/example_xcomargs.py
[2024-11-25T09:58:18.823+0000] {processor.py:914} INFO - Processing file /home/airflow/.local/lib/python3.12/site-packages/airflow/example_dags/example_xcomargs.py for tasks to queue
[2024-11-25T09:58:18.825+0000] {logging_mixin.py:190} INFO - [2024-11-25T09:58:18.824+0000] {dagbag.py:588} INFO - Filling up the DagBag from /home/airflow/.local/lib/python3.12/site-packages/airflow/example_dags/example_xcomargs.py
[2024-11-25T09:58:18.842+0000] {processor.py:925} INFO - DAG(s) 'example_xcom_args', 'example_xcom_args_with_operators' retrieved from /home/airflow/.local/lib/python3.12/site-packages/airflow/example_dags/example_xcomargs.py
[2024-11-25T09:58:18.876+0000] {logging_mixin.py:190} INFO - [2024-11-25T09:58:18.876+0000] {dag.py:3239} INFO - Sync 2 DAGs
[2024-11-25T09:58:18.900+0000] {logging_mixin.py:190} INFO - [2024-11-25T09:58:18.899+0000] {dag.py:4180} INFO - Setting next_dagrun for example_xcom_args to None, run_after=None
[2024-11-25T09:58:18.906+0000] {logging_mixin.py:190} INFO - [2024-11-25T09:58:18.905+0000] {dag.py:4180} INFO - Setting next_dagrun for example_xcom_args_with_operators to None, run_after=None
[2024-11-25T09:58:18.931+0000] {processor.py:208} INFO - Processing /home/airflow/.local/lib/python3.12/site-packages/airflow/example_dags/example_xcomargs.py took 0.119 seconds
[2024-11-25T09:58:49.251+0000] {processor.py:186} INFO - Started process (PID=5515) to work on /home/airflow/.local/lib/python3.12/site-packages/airflow/example_dags/example_xcomargs.py
[2024-11-25T09:58:49.252+0000] {processor.py:914} INFO - Processing file /home/airflow/.local/lib/python3.12/site-packages/airflow/example_dags/example_xcomargs.py for tasks to queue
[2024-11-25T09:58:49.254+0000] {logging_mixin.py:190} INFO - [2024-11-25T09:58:49.254+0000] {dagbag.py:588} INFO - Filling up the DagBag from /home/airflow/.local/lib/python3.12/site-packages/airflow/example_dags/example_xcomargs.py
[2024-11-25T09:58:49.269+0000] {processor.py:925} INFO - DAG(s) 'example_xcom_args', 'example_xcom_args_with_operators' retrieved from /home/airflow/.local/lib/python3.12/site-packages/airflow/example_dags/example_xcomargs.py
[2024-11-25T09:58:49.301+0000] {logging_mixin.py:190} INFO - [2024-11-25T09:58:49.301+0000] {dag.py:3239} INFO - Sync 2 DAGs
[2024-11-25T09:58:49.320+0000] {logging_mixin.py:190} INFO - [2024-11-25T09:58:49.320+0000] {dag.py:4180} INFO - Setting next_dagrun for example_xcom_args to None, run_after=None
[2024-11-25T09:58:49.325+0000] {logging_mixin.py:190} INFO - [2024-11-25T09:58:49.325+0000] {dag.py:4180} INFO - Setting next_dagrun for example_xcom_args_with_operators to None, run_after=None
[2024-11-25T09:58:49.345+0000] {processor.py:208} INFO - Processing /home/airflow/.local/lib/python3.12/site-packages/airflow/example_dags/example_xcomargs.py took 0.102 seconds
[2024-11-25T09:59:19.618+0000] {processor.py:186} INFO - Started process (PID=5811) to work on /home/airflow/.local/lib/python3.12/site-packages/airflow/example_dags/example_xcomargs.py
[2024-11-25T09:59:19.621+0000] {processor.py:914} INFO - Processing file /home/airflow/.local/lib/python3.12/site-packages/airflow/example_dags/example_xcomargs.py for tasks to queue
[2024-11-25T09:59:19.625+0000] {logging_mixin.py:190} INFO - [2024-11-25T09:59:19.624+0000] {dagbag.py:588} INFO - Filling up the DagBag from /home/airflow/.local/lib/python3.12/site-packages/airflow/example_dags/example_xcomargs.py
[2024-11-25T09:59:19.641+0000] {processor.py:925} INFO - DAG(s) 'example_xcom_args_with_operators', 'example_xcom_args' retrieved from /home/airflow/.local/lib/python3.12/site-packages/airflow/example_dags/example_xcomargs.py
[2024-11-25T09:59:19.676+0000] {logging_mixin.py:190} INFO - [2024-11-25T09:59:19.676+0000] {dag.py:3239} INFO - Sync 2 DAGs
[2024-11-25T09:59:19.697+0000] {logging_mixin.py:190} INFO - [2024-11-25T09:59:19.696+0000] {dag.py:4180} INFO - Setting next_dagrun for example_xcom_args to None, run_after=None
[2024-11-25T09:59:19.702+0000] {logging_mixin.py:190} INFO - [2024-11-25T09:59:19.702+0000] {dag.py:4180} INFO - Setting next_dagrun for example_xcom_args_with_operators to None, run_after=None
[2024-11-25T09:59:19.728+0000] {processor.py:208} INFO - Processing /home/airflow/.local/lib/python3.12/site-packages/airflow/example_dags/example_xcomargs.py took 0.120 seconds
[2024-11-25T09:59:50.702+0000] {processor.py:186} INFO - Started process (PID=6107) to work on /home/airflow/.local/lib/python3.12/site-packages/airflow/example_dags/example_xcomargs.py
[2024-11-25T09:59:50.704+0000] {processor.py:914} INFO - Processing file /home/airflow/.local/lib/python3.12/site-packages/airflow/example_dags/example_xcomargs.py for tasks to queue
[2024-11-25T09:59:50.707+0000] {logging_mixin.py:190} INFO - [2024-11-25T09:59:50.706+0000] {dagbag.py:588} INFO - Filling up the DagBag from /home/airflow/.local/lib/python3.12/site-packages/airflow/example_dags/example_xcomargs.py
[2024-11-25T09:59:50.727+0000] {processor.py:925} INFO - DAG(s) 'example_xcom_args_with_operators', 'example_xcom_args' retrieved from /home/airflow/.local/lib/python3.12/site-packages/airflow/example_dags/example_xcomargs.py
[2024-11-25T09:59:50.770+0000] {logging_mixin.py:190} INFO - [2024-11-25T09:59:50.770+0000] {dag.py:3239} INFO - Sync 2 DAGs
[2024-11-25T09:59:50.804+0000] {logging_mixin.py:190} INFO - [2024-11-25T09:59:50.804+0000] {dag.py:4180} INFO - Setting next_dagrun for example_xcom_args to None, run_after=None
[2024-11-25T09:59:50.810+0000] {logging_mixin.py:190} INFO - [2024-11-25T09:59:50.809+0000] {dag.py:4180} INFO - Setting next_dagrun for example_xcom_args_with_operators to None, run_after=None
[2024-11-25T09:59:50.832+0000] {processor.py:208} INFO - Processing /home/airflow/.local/lib/python3.12/site-packages/airflow/example_dags/example_xcomargs.py took 0.142 seconds
[2024-11-25T10:00:21.408+0000] {processor.py:186} INFO - Started process (PID=6403) to work on /home/airflow/.local/lib/python3.12/site-packages/airflow/example_dags/example_xcomargs.py
[2024-11-25T10:00:21.409+0000] {processor.py:914} INFO - Processing file /home/airflow/.local/lib/python3.12/site-packages/airflow/example_dags/example_xcomargs.py for tasks to queue
[2024-11-25T10:00:21.411+0000] {logging_mixin.py:190} INFO - [2024-11-25T10:00:21.411+0000] {dagbag.py:588} INFO - Filling up the DagBag from /home/airflow/.local/lib/python3.12/site-packages/airflow/example_dags/example_xcomargs.py
[2024-11-25T10:00:21.425+0000] {processor.py:925} INFO - DAG(s) 'example_xcom_args', 'example_xcom_args_with_operators' retrieved from /home/airflow/.local/lib/python3.12/site-packages/airflow/example_dags/example_xcomargs.py
[2024-11-25T10:00:21.457+0000] {logging_mixin.py:190} INFO - [2024-11-25T10:00:21.457+0000] {dag.py:3239} INFO - Sync 2 DAGs
[2024-11-25T10:00:21.475+0000] {logging_mixin.py:190} INFO - [2024-11-25T10:00:21.475+0000] {dag.py:4180} INFO - Setting next_dagrun for example_xcom_args to None, run_after=None
[2024-11-25T10:00:21.481+0000] {logging_mixin.py:190} INFO - [2024-11-25T10:00:21.480+0000] {dag.py:4180} INFO - Setting next_dagrun for example_xcom_args_with_operators to None, run_after=None
[2024-11-25T10:00:21.503+0000] {processor.py:208} INFO - Processing /home/airflow/.local/lib/python3.12/site-packages/airflow/example_dags/example_xcomargs.py took 0.102 seconds
[2024-11-25T10:00:51.722+0000] {processor.py:186} INFO - Started process (PID=6699) to work on /home/airflow/.local/lib/python3.12/site-packages/airflow/example_dags/example_xcomargs.py
[2024-11-25T10:00:51.724+0000] {processor.py:914} INFO - Processing file /home/airflow/.local/lib/python3.12/site-packages/airflow/example_dags/example_xcomargs.py for tasks to queue
[2024-11-25T10:00:51.729+0000] {logging_mixin.py:190} INFO - [2024-11-25T10:00:51.728+0000] {dagbag.py:588} INFO - Filling up the DagBag from /home/airflow/.local/lib/python3.12/site-packages/airflow/example_dags/example_xcomargs.py
[2024-11-25T10:00:51.757+0000] {processor.py:925} INFO - DAG(s) 'example_xcom_args_with_operators', 'example_xcom_args' retrieved from /home/airflow/.local/lib/python3.12/site-packages/airflow/example_dags/example_xcomargs.py
[2024-11-25T10:00:51.816+0000] {logging_mixin.py:190} INFO - [2024-11-25T10:00:51.816+0000] {dag.py:3239} INFO - Sync 2 DAGs
[2024-11-25T10:00:51.843+0000] {logging_mixin.py:190} INFO - [2024-11-25T10:00:51.843+0000] {dag.py:4180} INFO - Setting next_dagrun for example_xcom_args to None, run_after=None
[2024-11-25T10:00:51.854+0000] {logging_mixin.py:190} INFO - [2024-11-25T10:00:51.854+0000] {dag.py:4180} INFO - Setting next_dagrun for example_xcom_args_with_operators to None, run_after=None
[2024-11-25T10:00:51.903+0000] {processor.py:208} INFO - Processing /home/airflow/.local/lib/python3.12/site-packages/airflow/example_dags/example_xcomargs.py took 0.193 seconds
[2024-11-25T10:01:22.188+0000] {processor.py:186} INFO - Started process (PID=6995) to work on /home/airflow/.local/lib/python3.12/site-packages/airflow/example_dags/example_xcomargs.py
[2024-11-25T10:01:22.190+0000] {processor.py:914} INFO - Processing file /home/airflow/.local/lib/python3.12/site-packages/airflow/example_dags/example_xcomargs.py for tasks to queue
[2024-11-25T10:01:22.192+0000] {logging_mixin.py:190} INFO - [2024-11-25T10:01:22.191+0000] {dagbag.py:588} INFO - Filling up the DagBag from /home/airflow/.local/lib/python3.12/site-packages/airflow/example_dags/example_xcomargs.py
[2024-11-25T10:01:22.210+0000] {processor.py:925} INFO - DAG(s) 'example_xcom_args_with_operators', 'example_xcom_args' retrieved from /home/airflow/.local/lib/python3.12/site-packages/airflow/example_dags/example_xcomargs.py
[2024-11-25T10:01:22.239+0000] {logging_mixin.py:190} INFO - [2024-11-25T10:01:22.239+0000] {dag.py:3239} INFO - Sync 2 DAGs
[2024-11-25T10:01:22.258+0000] {logging_mixin.py:190} INFO - [2024-11-25T10:01:22.258+0000] {dag.py:4180} INFO - Setting next_dagrun for example_xcom_args to None, run_after=None
[2024-11-25T10:01:22.263+0000] {logging_mixin.py:190} INFO - [2024-11-25T10:01:22.262+0000] {dag.py:4180} INFO - Setting next_dagrun for example_xcom_args_with_operators to None, run_after=None
[2024-11-25T10:01:22.284+0000] {processor.py:208} INFO - Processing /home/airflow/.local/lib/python3.12/site-packages/airflow/example_dags/example_xcomargs.py took 0.103 seconds
[2024-11-25T10:01:52.458+0000] {processor.py:186} INFO - Started process (PID=7291) to work on /home/airflow/.local/lib/python3.12/site-packages/airflow/example_dags/example_xcomargs.py
[2024-11-25T10:01:52.462+0000] {processor.py:914} INFO - Processing file /home/airflow/.local/lib/python3.12/site-packages/airflow/example_dags/example_xcomargs.py for tasks to queue
[2024-11-25T10:01:52.464+0000] {logging_mixin.py:190} INFO - [2024-11-25T10:01:52.464+0000] {dagbag.py:588} INFO - Filling up the DagBag from /home/airflow/.local/lib/python3.12/site-packages/airflow/example_dags/example_xcomargs.py
[2024-11-25T10:01:52.486+0000] {processor.py:925} INFO - DAG(s) 'example_xcom_args', 'example_xcom_args_with_operators' retrieved from /home/airflow/.local/lib/python3.12/site-packages/airflow/example_dags/example_xcomargs.py
[2024-11-25T10:01:52.524+0000] {logging_mixin.py:190} INFO - [2024-11-25T10:01:52.524+0000] {dag.py:3239} INFO - Sync 2 DAGs
[2024-11-25T10:01:52.548+0000] {logging_mixin.py:190} INFO - [2024-11-25T10:01:52.548+0000] {dag.py:4180} INFO - Setting next_dagrun for example_xcom_args to None, run_after=None
[2024-11-25T10:01:52.554+0000] {logging_mixin.py:190} INFO - [2024-11-25T10:01:52.554+0000] {dag.py:4180} INFO - Setting next_dagrun for example_xcom_args_with_operators to None, run_after=None
[2024-11-25T10:01:52.581+0000] {processor.py:208} INFO - Processing /home/airflow/.local/lib/python3.12/site-packages/airflow/example_dags/example_xcomargs.py took 0.129 seconds
[2024-11-25T10:02:22.667+0000] {processor.py:186} INFO - Started process (PID=7587) to work on /home/airflow/.local/lib/python3.12/site-packages/airflow/example_dags/example_xcomargs.py
[2024-11-25T10:02:22.669+0000] {processor.py:914} INFO - Processing file /home/airflow/.local/lib/python3.12/site-packages/airflow/example_dags/example_xcomargs.py for tasks to queue
[2024-11-25T10:02:22.671+0000] {logging_mixin.py:190} INFO - [2024-11-25T10:02:22.670+0000] {dagbag.py:588} INFO - Filling up the DagBag from /home/airflow/.local/lib/python3.12/site-packages/airflow/example_dags/example_xcomargs.py
[2024-11-25T10:02:22.684+0000] {processor.py:925} INFO - DAG(s) 'example_xcom_args_with_operators', 'example_xcom_args' retrieved from /home/airflow/.local/lib/python3.12/site-packages/airflow/example_dags/example_xcomargs.py
[2024-11-25T10:02:22.714+0000] {logging_mixin.py:190} INFO - [2024-11-25T10:02:22.714+0000] {dag.py:3239} INFO - Sync 2 DAGs
[2024-11-25T10:02:22.732+0000] {logging_mixin.py:190} INFO - [2024-11-25T10:02:22.732+0000] {dag.py:4180} INFO - Setting next_dagrun for example_xcom_args to None, run_after=None
[2024-11-25T10:02:22.737+0000] {logging_mixin.py:190} INFO - [2024-11-25T10:02:22.736+0000] {dag.py:4180} INFO - Setting next_dagrun for example_xcom_args_with_operators to None, run_after=None
[2024-11-25T10:02:22.757+0000] {processor.py:208} INFO - Processing /home/airflow/.local/lib/python3.12/site-packages/airflow/example_dags/example_xcomargs.py took 0.096 seconds
[2024-11-25T10:02:53.010+0000] {processor.py:186} INFO - Started process (PID=7896) to work on /home/airflow/.local/lib/python3.12/site-packages/airflow/example_dags/example_xcomargs.py
[2024-11-25T10:02:53.019+0000] {processor.py:914} INFO - Processing file /home/airflow/.local/lib/python3.12/site-packages/airflow/example_dags/example_xcomargs.py for tasks to queue
[2024-11-25T10:02:53.027+0000] {logging_mixin.py:190} INFO - [2024-11-25T10:02:53.025+0000] {dagbag.py:588} INFO - Filling up the DagBag from /home/airflow/.local/lib/python3.12/site-packages/airflow/example_dags/example_xcomargs.py
[2024-11-25T10:02:53.065+0000] {processor.py:925} INFO - DAG(s) 'example_xcom_args_with_operators', 'example_xcom_args' retrieved from /home/airflow/.local/lib/python3.12/site-packages/airflow/example_dags/example_xcomargs.py
[2024-11-25T10:02:53.139+0000] {logging_mixin.py:190} INFO - [2024-11-25T10:02:53.138+0000] {dag.py:3239} INFO - Sync 2 DAGs
[2024-11-25T10:02:53.191+0000] {logging_mixin.py:190} INFO - [2024-11-25T10:02:53.191+0000] {dag.py:4180} INFO - Setting next_dagrun for example_xcom_args to None, run_after=None
[2024-11-25T10:02:53.198+0000] {logging_mixin.py:190} INFO - [2024-11-25T10:02:53.198+0000] {dag.py:4180} INFO - Setting next_dagrun for example_xcom_args_with_operators to None, run_after=None
[2024-11-25T10:02:53.227+0000] {processor.py:208} INFO - Processing /home/airflow/.local/lib/python3.12/site-packages/airflow/example_dags/example_xcomargs.py took 0.282 seconds
[2024-11-25T10:03:23.386+0000] {processor.py:186} INFO - Started process (PID=8194) to work on /home/airflow/.local/lib/python3.12/site-packages/airflow/example_dags/example_xcomargs.py
[2024-11-25T10:03:23.387+0000] {processor.py:914} INFO - Processing file /home/airflow/.local/lib/python3.12/site-packages/airflow/example_dags/example_xcomargs.py for tasks to queue
[2024-11-25T10:03:23.388+0000] {logging_mixin.py:190} INFO - [2024-11-25T10:03:23.388+0000] {dagbag.py:588} INFO - Filling up the DagBag from /home/airflow/.local/lib/python3.12/site-packages/airflow/example_dags/example_xcomargs.py
[2024-11-25T10:03:23.401+0000] {processor.py:925} INFO - DAG(s) 'example_xcom_args_with_operators', 'example_xcom_args' retrieved from /home/airflow/.local/lib/python3.12/site-packages/airflow/example_dags/example_xcomargs.py
[2024-11-25T10:03:23.430+0000] {logging_mixin.py:190} INFO - [2024-11-25T10:03:23.430+0000] {dag.py:3239} INFO - Sync 2 DAGs
[2024-11-25T10:03:23.448+0000] {logging_mixin.py:190} INFO - [2024-11-25T10:03:23.448+0000] {dag.py:4180} INFO - Setting next_dagrun for example_xcom_args to None, run_after=None
[2024-11-25T10:03:23.453+0000] {logging_mixin.py:190} INFO - [2024-11-25T10:03:23.453+0000] {dag.py:4180} INFO - Setting next_dagrun for example_xcom_args_with_operators to None, run_after=None
[2024-11-25T10:03:23.474+0000] {processor.py:208} INFO - Processing /home/airflow/.local/lib/python3.12/site-packages/airflow/example_dags/example_xcomargs.py took 0.094 seconds
[2024-11-25T10:03:54.015+0000] {processor.py:186} INFO - Started process (PID=8489) to work on /home/airflow/.local/lib/python3.12/site-packages/airflow/example_dags/example_xcomargs.py
[2024-11-25T10:03:54.020+0000] {processor.py:914} INFO - Processing file /home/airflow/.local/lib/python3.12/site-packages/airflow/example_dags/example_xcomargs.py for tasks to queue
[2024-11-25T10:03:54.022+0000] {logging_mixin.py:190} INFO - [2024-11-25T10:03:54.022+0000] {dagbag.py:588} INFO - Filling up the DagBag from /home/airflow/.local/lib/python3.12/site-packages/airflow/example_dags/example_xcomargs.py
[2024-11-25T10:03:54.041+0000] {processor.py:925} INFO - DAG(s) 'example_xcom_args_with_operators', 'example_xcom_args' retrieved from /home/airflow/.local/lib/python3.12/site-packages/airflow/example_dags/example_xcomargs.py
[2024-11-25T10:03:54.087+0000] {logging_mixin.py:190} INFO - [2024-11-25T10:03:54.087+0000] {dag.py:3239} INFO - Sync 2 DAGs
[2024-11-25T10:03:54.120+0000] {logging_mixin.py:190} INFO - [2024-11-25T10:03:54.119+0000] {dag.py:4180} INFO - Setting next_dagrun for example_xcom_args to None, run_after=None
[2024-11-25T10:03:54.127+0000] {logging_mixin.py:190} INFO - [2024-11-25T10:03:54.127+0000] {dag.py:4180} INFO - Setting next_dagrun for example_xcom_args_with_operators to None, run_after=None
[2024-11-25T10:03:54.170+0000] {processor.py:208} INFO - Processing /home/airflow/.local/lib/python3.12/site-packages/airflow/example_dags/example_xcomargs.py took 0.170 seconds
[2024-11-25T10:04:24.620+0000] {processor.py:186} INFO - Started process (PID=8787) to work on /home/airflow/.local/lib/python3.12/site-packages/airflow/example_dags/example_xcomargs.py
[2024-11-25T10:04:24.622+0000] {processor.py:914} INFO - Processing file /home/airflow/.local/lib/python3.12/site-packages/airflow/example_dags/example_xcomargs.py for tasks to queue
[2024-11-25T10:04:24.624+0000] {logging_mixin.py:190} INFO - [2024-11-25T10:04:24.623+0000] {dagbag.py:588} INFO - Filling up the DagBag from /home/airflow/.local/lib/python3.12/site-packages/airflow/example_dags/example_xcomargs.py
[2024-11-25T10:04:24.642+0000] {processor.py:925} INFO - DAG(s) 'example_xcom_args', 'example_xcom_args_with_operators' retrieved from /home/airflow/.local/lib/python3.12/site-packages/airflow/example_dags/example_xcomargs.py
[2024-11-25T10:04:24.679+0000] {logging_mixin.py:190} INFO - [2024-11-25T10:04:24.679+0000] {dag.py:3239} INFO - Sync 2 DAGs
[2024-11-25T10:04:24.712+0000] {logging_mixin.py:190} INFO - [2024-11-25T10:04:24.712+0000] {dag.py:4180} INFO - Setting next_dagrun for example_xcom_args to None, run_after=None
[2024-11-25T10:04:24.719+0000] {logging_mixin.py:190} INFO - [2024-11-25T10:04:24.719+0000] {dag.py:4180} INFO - Setting next_dagrun for example_xcom_args_with_operators to None, run_after=None
[2024-11-25T10:04:24.747+0000] {processor.py:208} INFO - Processing /home/airflow/.local/lib/python3.12/site-packages/airflow/example_dags/example_xcomargs.py took 0.137 seconds
[2024-11-25T10:04:54.932+0000] {processor.py:186} INFO - Started process (PID=9078) to work on /home/airflow/.local/lib/python3.12/site-packages/airflow/example_dags/example_xcomargs.py
[2024-11-25T10:04:54.934+0000] {processor.py:914} INFO - Processing file /home/airflow/.local/lib/python3.12/site-packages/airflow/example_dags/example_xcomargs.py for tasks to queue
[2024-11-25T10:04:54.936+0000] {logging_mixin.py:190} INFO - [2024-11-25T10:04:54.935+0000] {dagbag.py:588} INFO - Filling up the DagBag from /home/airflow/.local/lib/python3.12/site-packages/airflow/example_dags/example_xcomargs.py
[2024-11-25T10:04:54.959+0000] {processor.py:925} INFO - DAG(s) 'example_xcom_args_with_operators', 'example_xcom_args' retrieved from /home/airflow/.local/lib/python3.12/site-packages/airflow/example_dags/example_xcomargs.py
[2024-11-25T10:04:54.998+0000] {logging_mixin.py:190} INFO - [2024-11-25T10:04:54.997+0000] {dag.py:3239} INFO - Sync 2 DAGs
[2024-11-25T10:04:55.025+0000] {logging_mixin.py:190} INFO - [2024-11-25T10:04:55.025+0000] {dag.py:4180} INFO - Setting next_dagrun for example_xcom_args to None, run_after=None
[2024-11-25T10:04:55.032+0000] {logging_mixin.py:190} INFO - [2024-11-25T10:04:55.032+0000] {dag.py:4180} INFO - Setting next_dagrun for example_xcom_args_with_operators to None, run_after=None
[2024-11-25T10:04:55.059+0000] {processor.py:208} INFO - Processing /home/airflow/.local/lib/python3.12/site-packages/airflow/example_dags/example_xcomargs.py took 0.142 seconds
[2024-11-25T10:05:25.694+0000] {processor.py:186} INFO - Started process (PID=9374) to work on /home/airflow/.local/lib/python3.12/site-packages/airflow/example_dags/example_xcomargs.py
[2024-11-25T10:05:25.695+0000] {processor.py:914} INFO - Processing file /home/airflow/.local/lib/python3.12/site-packages/airflow/example_dags/example_xcomargs.py for tasks to queue
[2024-11-25T10:05:25.697+0000] {logging_mixin.py:190} INFO - [2024-11-25T10:05:25.696+0000] {dagbag.py:588} INFO - Filling up the DagBag from /home/airflow/.local/lib/python3.12/site-packages/airflow/example_dags/example_xcomargs.py
[2024-11-25T10:05:25.710+0000] {processor.py:925} INFO - DAG(s) 'example_xcom_args_with_operators', 'example_xcom_args' retrieved from /home/airflow/.local/lib/python3.12/site-packages/airflow/example_dags/example_xcomargs.py
[2024-11-25T10:05:25.741+0000] {logging_mixin.py:190} INFO - [2024-11-25T10:05:25.740+0000] {dag.py:3239} INFO - Sync 2 DAGs
[2024-11-25T10:05:25.759+0000] {logging_mixin.py:190} INFO - [2024-11-25T10:05:25.759+0000] {dag.py:4180} INFO - Setting next_dagrun for example_xcom_args to None, run_after=None
[2024-11-25T10:05:25.764+0000] {logging_mixin.py:190} INFO - [2024-11-25T10:05:25.764+0000] {dag.py:4180} INFO - Setting next_dagrun for example_xcom_args_with_operators to None, run_after=None
[2024-11-25T10:05:25.790+0000] {processor.py:208} INFO - Processing /home/airflow/.local/lib/python3.12/site-packages/airflow/example_dags/example_xcomargs.py took 0.103 seconds
[2024-11-25T10:05:56.404+0000] {processor.py:186} INFO - Started process (PID=9670) to work on /home/airflow/.local/lib/python3.12/site-packages/airflow/example_dags/example_xcomargs.py
[2024-11-25T10:05:56.406+0000] {processor.py:914} INFO - Processing file /home/airflow/.local/lib/python3.12/site-packages/airflow/example_dags/example_xcomargs.py for tasks to queue
[2024-11-25T10:05:56.408+0000] {logging_mixin.py:190} INFO - [2024-11-25T10:05:56.408+0000] {dagbag.py:588} INFO - Filling up the DagBag from /home/airflow/.local/lib/python3.12/site-packages/airflow/example_dags/example_xcomargs.py
[2024-11-25T10:05:56.433+0000] {processor.py:925} INFO - DAG(s) 'example_xcom_args_with_operators', 'example_xcom_args' retrieved from /home/airflow/.local/lib/python3.12/site-packages/airflow/example_dags/example_xcomargs.py
[2024-11-25T10:05:56.466+0000] {logging_mixin.py:190} INFO - [2024-11-25T10:05:56.465+0000] {dag.py:3239} INFO - Sync 2 DAGs
[2024-11-25T10:05:56.483+0000] {logging_mixin.py:190} INFO - [2024-11-25T10:05:56.483+0000] {dag.py:4180} INFO - Setting next_dagrun for example_xcom_args to None, run_after=None
[2024-11-25T10:05:56.489+0000] {logging_mixin.py:190} INFO - [2024-11-25T10:05:56.489+0000] {dag.py:4180} INFO - Setting next_dagrun for example_xcom_args_with_operators to None, run_after=None
[2024-11-25T10:05:56.510+0000] {processor.py:208} INFO - Processing /home/airflow/.local/lib/python3.12/site-packages/airflow/example_dags/example_xcomargs.py took 0.115 seconds
[2024-11-25T10:06:26.570+0000] {processor.py:186} INFO - Started process (PID=9966) to work on /home/airflow/.local/lib/python3.12/site-packages/airflow/example_dags/example_xcomargs.py
[2024-11-25T10:06:26.572+0000] {processor.py:914} INFO - Processing file /home/airflow/.local/lib/python3.12/site-packages/airflow/example_dags/example_xcomargs.py for tasks to queue
[2024-11-25T10:06:26.574+0000] {logging_mixin.py:190} INFO - [2024-11-25T10:06:26.573+0000] {dagbag.py:588} INFO - Filling up the DagBag from /home/airflow/.local/lib/python3.12/site-packages/airflow/example_dags/example_xcomargs.py
[2024-11-25T10:06:26.593+0000] {processor.py:925} INFO - DAG(s) 'example_xcom_args_with_operators', 'example_xcom_args' retrieved from /home/airflow/.local/lib/python3.12/site-packages/airflow/example_dags/example_xcomargs.py
[2024-11-25T10:06:26.647+0000] {logging_mixin.py:190} INFO - [2024-11-25T10:06:26.646+0000] {dag.py:3239} INFO - Sync 2 DAGs
[2024-11-25T10:06:26.684+0000] {logging_mixin.py:190} INFO - [2024-11-25T10:06:26.683+0000] {dag.py:4180} INFO - Setting next_dagrun for example_xcom_args to None, run_after=None
[2024-11-25T10:06:26.692+0000] {logging_mixin.py:190} INFO - [2024-11-25T10:06:26.692+0000] {dag.py:4180} INFO - Setting next_dagrun for example_xcom_args_with_operators to None, run_after=None
[2024-11-25T10:06:26.728+0000] {processor.py:208} INFO - Processing /home/airflow/.local/lib/python3.12/site-packages/airflow/example_dags/example_xcomargs.py took 0.169 seconds
[2024-11-25T10:06:57.428+0000] {processor.py:186} INFO - Started process (PID=10262) to work on /home/airflow/.local/lib/python3.12/site-packages/airflow/example_dags/example_xcomargs.py
[2024-11-25T10:06:57.430+0000] {processor.py:914} INFO - Processing file /home/airflow/.local/lib/python3.12/site-packages/airflow/example_dags/example_xcomargs.py for tasks to queue
[2024-11-25T10:06:57.432+0000] {logging_mixin.py:190} INFO - [2024-11-25T10:06:57.432+0000] {dagbag.py:588} INFO - Filling up the DagBag from /home/airflow/.local/lib/python3.12/site-packages/airflow/example_dags/example_xcomargs.py
[2024-11-25T10:06:57.447+0000] {processor.py:925} INFO - DAG(s) 'example_xcom_args', 'example_xcom_args_with_operators' retrieved from /home/airflow/.local/lib/python3.12/site-packages/airflow/example_dags/example_xcomargs.py
[2024-11-25T10:06:57.480+0000] {logging_mixin.py:190} INFO - [2024-11-25T10:06:57.479+0000] {dag.py:3239} INFO - Sync 2 DAGs
[2024-11-25T10:06:57.500+0000] {logging_mixin.py:190} INFO - [2024-11-25T10:06:57.499+0000] {dag.py:4180} INFO - Setting next_dagrun for example_xcom_args to None, run_after=None
[2024-11-25T10:06:57.506+0000] {logging_mixin.py:190} INFO - [2024-11-25T10:06:57.506+0000] {dag.py:4180} INFO - Setting next_dagrun for example_xcom_args_with_operators to None, run_after=None
[2024-11-25T10:06:57.529+0000] {processor.py:208} INFO - Processing /home/airflow/.local/lib/python3.12/site-packages/airflow/example_dags/example_xcomargs.py took 0.109 seconds
[2024-11-25T10:07:27.743+0000] {processor.py:186} INFO - Started process (PID=10558) to work on /home/airflow/.local/lib/python3.12/site-packages/airflow/example_dags/example_xcomargs.py
[2024-11-25T10:07:27.744+0000] {processor.py:914} INFO - Processing file /home/airflow/.local/lib/python3.12/site-packages/airflow/example_dags/example_xcomargs.py for tasks to queue
[2024-11-25T10:07:27.747+0000] {logging_mixin.py:190} INFO - [2024-11-25T10:07:27.746+0000] {dagbag.py:588} INFO - Filling up the DagBag from /home/airflow/.local/lib/python3.12/site-packages/airflow/example_dags/example_xcomargs.py
[2024-11-25T10:07:27.758+0000] {processor.py:925} INFO - DAG(s) 'example_xcom_args_with_operators', 'example_xcom_args' retrieved from /home/airflow/.local/lib/python3.12/site-packages/airflow/example_dags/example_xcomargs.py
[2024-11-25T10:07:27.788+0000] {logging_mixin.py:190} INFO - [2024-11-25T10:07:27.787+0000] {dag.py:3239} INFO - Sync 2 DAGs
[2024-11-25T10:07:27.804+0000] {logging_mixin.py:190} INFO - [2024-11-25T10:07:27.804+0000] {dag.py:4180} INFO - Setting next_dagrun for example_xcom_args to None, run_after=None
[2024-11-25T10:07:27.808+0000] {logging_mixin.py:190} INFO - [2024-11-25T10:07:27.808+0000] {dag.py:4180} INFO - Setting next_dagrun for example_xcom_args_with_operators to None, run_after=None
[2024-11-25T10:07:27.828+0000] {processor.py:208} INFO - Processing /home/airflow/.local/lib/python3.12/site-packages/airflow/example_dags/example_xcomargs.py took 0.091 seconds
[2024-11-25T10:07:57.998+0000] {processor.py:186} INFO - Started process (PID=10854) to work on /home/airflow/.local/lib/python3.12/site-packages/airflow/example_dags/example_xcomargs.py
[2024-11-25T10:07:57.999+0000] {processor.py:914} INFO - Processing file /home/airflow/.local/lib/python3.12/site-packages/airflow/example_dags/example_xcomargs.py for tasks to queue
[2024-11-25T10:07:58.000+0000] {logging_mixin.py:190} INFO - [2024-11-25T10:07:58.000+0000] {dagbag.py:588} INFO - Filling up the DagBag from /home/airflow/.local/lib/python3.12/site-packages/airflow/example_dags/example_xcomargs.py
[2024-11-25T10:07:58.013+0000] {processor.py:925} INFO - DAG(s) 'example_xcom_args_with_operators', 'example_xcom_args' retrieved from /home/airflow/.local/lib/python3.12/site-packages/airflow/example_dags/example_xcomargs.py
[2024-11-25T10:07:58.044+0000] {logging_mixin.py:190} INFO - [2024-11-25T10:07:58.044+0000] {dag.py:3239} INFO - Sync 2 DAGs
[2024-11-25T10:07:58.060+0000] {logging_mixin.py:190} INFO - [2024-11-25T10:07:58.060+0000] {dag.py:4180} INFO - Setting next_dagrun for example_xcom_args to None, run_after=None
[2024-11-25T10:07:58.065+0000] {logging_mixin.py:190} INFO - [2024-11-25T10:07:58.065+0000] {dag.py:4180} INFO - Setting next_dagrun for example_xcom_args_with_operators to None, run_after=None
[2024-11-25T10:07:58.089+0000] {processor.py:208} INFO - Processing /home/airflow/.local/lib/python3.12/site-packages/airflow/example_dags/example_xcomargs.py took 0.098 seconds
[2024-11-25T10:08:28.407+0000] {processor.py:186} INFO - Started process (PID=11150) to work on /home/airflow/.local/lib/python3.12/site-packages/airflow/example_dags/example_xcomargs.py
[2024-11-25T10:08:28.408+0000] {processor.py:914} INFO - Processing file /home/airflow/.local/lib/python3.12/site-packages/airflow/example_dags/example_xcomargs.py for tasks to queue
[2024-11-25T10:08:28.410+0000] {logging_mixin.py:190} INFO - [2024-11-25T10:08:28.409+0000] {dagbag.py:588} INFO - Filling up the DagBag from /home/airflow/.local/lib/python3.12/site-packages/airflow/example_dags/example_xcomargs.py
[2024-11-25T10:08:28.424+0000] {processor.py:925} INFO - DAG(s) 'example_xcom_args_with_operators', 'example_xcom_args' retrieved from /home/airflow/.local/lib/python3.12/site-packages/airflow/example_dags/example_xcomargs.py
[2024-11-25T10:08:28.453+0000] {logging_mixin.py:190} INFO - [2024-11-25T10:08:28.453+0000] {dag.py:3239} INFO - Sync 2 DAGs
[2024-11-25T10:08:28.475+0000] {logging_mixin.py:190} INFO - [2024-11-25T10:08:28.475+0000] {dag.py:4180} INFO - Setting next_dagrun for example_xcom_args to None, run_after=None
[2024-11-25T10:08:28.480+0000] {logging_mixin.py:190} INFO - [2024-11-25T10:08:28.480+0000] {dag.py:4180} INFO - Setting next_dagrun for example_xcom_args_with_operators to None, run_after=None
[2024-11-25T10:08:28.502+0000] {processor.py:208} INFO - Processing /home/airflow/.local/lib/python3.12/site-packages/airflow/example_dags/example_xcomargs.py took 0.103 seconds
[2024-11-25T10:08:58.920+0000] {processor.py:186} INFO - Started process (PID=11449) to work on /home/airflow/.local/lib/python3.12/site-packages/airflow/example_dags/example_xcomargs.py
[2024-11-25T10:08:58.921+0000] {processor.py:914} INFO - Processing file /home/airflow/.local/lib/python3.12/site-packages/airflow/example_dags/example_xcomargs.py for tasks to queue
[2024-11-25T10:08:58.924+0000] {logging_mixin.py:190} INFO - [2024-11-25T10:08:58.923+0000] {dagbag.py:588} INFO - Filling up the DagBag from /home/airflow/.local/lib/python3.12/site-packages/airflow/example_dags/example_xcomargs.py
[2024-11-25T10:08:58.949+0000] {processor.py:925} INFO - DAG(s) 'example_xcom_args', 'example_xcom_args_with_operators' retrieved from /home/airflow/.local/lib/python3.12/site-packages/airflow/example_dags/example_xcomargs.py
[2024-11-25T10:08:58.987+0000] {logging_mixin.py:190} INFO - [2024-11-25T10:08:58.987+0000] {dag.py:3239} INFO - Sync 2 DAGs
[2024-11-25T10:08:59.013+0000] {logging_mixin.py:190} INFO - [2024-11-25T10:08:59.012+0000] {dag.py:4180} INFO - Setting next_dagrun for example_xcom_args to None, run_after=None
[2024-11-25T10:08:59.020+0000] {logging_mixin.py:190} INFO - [2024-11-25T10:08:59.020+0000] {dag.py:4180} INFO - Setting next_dagrun for example_xcom_args_with_operators to None, run_after=None
[2024-11-25T10:08:59.044+0000] {processor.py:208} INFO - Processing /home/airflow/.local/lib/python3.12/site-packages/airflow/example_dags/example_xcomargs.py took 0.141 seconds
[2024-11-25T10:09:29.200+0000] {processor.py:186} INFO - Started process (PID=11745) to work on /home/airflow/.local/lib/python3.12/site-packages/airflow/example_dags/example_xcomargs.py
[2024-11-25T10:09:29.201+0000] {processor.py:914} INFO - Processing file /home/airflow/.local/lib/python3.12/site-packages/airflow/example_dags/example_xcomargs.py for tasks to queue
[2024-11-25T10:09:29.204+0000] {logging_mixin.py:190} INFO - [2024-11-25T10:09:29.203+0000] {dagbag.py:588} INFO - Filling up the DagBag from /home/airflow/.local/lib/python3.12/site-packages/airflow/example_dags/example_xcomargs.py
[2024-11-25T10:09:29.217+0000] {processor.py:925} INFO - DAG(s) 'example_xcom_args_with_operators', 'example_xcom_args' retrieved from /home/airflow/.local/lib/python3.12/site-packages/airflow/example_dags/example_xcomargs.py
[2024-11-25T10:09:29.249+0000] {logging_mixin.py:190} INFO - [2024-11-25T10:09:29.249+0000] {dag.py:3239} INFO - Sync 2 DAGs
[2024-11-25T10:09:29.269+0000] {logging_mixin.py:190} INFO - [2024-11-25T10:09:29.268+0000] {dag.py:4180} INFO - Setting next_dagrun for example_xcom_args to None, run_after=None
[2024-11-25T10:09:29.275+0000] {logging_mixin.py:190} INFO - [2024-11-25T10:09:29.274+0000] {dag.py:4180} INFO - Setting next_dagrun for example_xcom_args_with_operators to None, run_after=None
[2024-11-25T10:09:29.298+0000] {processor.py:208} INFO - Processing /home/airflow/.local/lib/python3.12/site-packages/airflow/example_dags/example_xcomargs.py took 0.104 seconds
[2024-11-25T10:09:59.535+0000] {processor.py:186} INFO - Started process (PID=12044) to work on /home/airflow/.local/lib/python3.12/site-packages/airflow/example_dags/example_xcomargs.py
[2024-11-25T10:09:59.536+0000] {processor.py:914} INFO - Processing file /home/airflow/.local/lib/python3.12/site-packages/airflow/example_dags/example_xcomargs.py for tasks to queue
[2024-11-25T10:09:59.538+0000] {logging_mixin.py:190} INFO - [2024-11-25T10:09:59.538+0000] {dagbag.py:588} INFO - Filling up the DagBag from /home/airflow/.local/lib/python3.12/site-packages/airflow/example_dags/example_xcomargs.py
[2024-11-25T10:09:59.554+0000] {processor.py:925} INFO - DAG(s) 'example_xcom_args', 'example_xcom_args_with_operators' retrieved from /home/airflow/.local/lib/python3.12/site-packages/airflow/example_dags/example_xcomargs.py
[2024-11-25T10:09:59.583+0000] {logging_mixin.py:190} INFO - [2024-11-25T10:09:59.582+0000] {dag.py:3239} INFO - Sync 2 DAGs
[2024-11-25T10:09:59.603+0000] {logging_mixin.py:190} INFO - [2024-11-25T10:09:59.603+0000] {dag.py:4180} INFO - Setting next_dagrun for example_xcom_args to None, run_after=None
[2024-11-25T10:09:59.609+0000] {logging_mixin.py:190} INFO - [2024-11-25T10:09:59.609+0000] {dag.py:4180} INFO - Setting next_dagrun for example_xcom_args_with_operators to None, run_after=None
[2024-11-25T10:09:59.630+0000] {processor.py:208} INFO - Processing /home/airflow/.local/lib/python3.12/site-packages/airflow/example_dags/example_xcomargs.py took 0.103 seconds
[2024-11-25T10:10:29.935+0000] {processor.py:186} INFO - Started process (PID=12337) to work on /home/airflow/.local/lib/python3.12/site-packages/airflow/example_dags/example_xcomargs.py
[2024-11-25T10:10:29.936+0000] {processor.py:914} INFO - Processing file /home/airflow/.local/lib/python3.12/site-packages/airflow/example_dags/example_xcomargs.py for tasks to queue
[2024-11-25T10:10:29.938+0000] {logging_mixin.py:190} INFO - [2024-11-25T10:10:29.937+0000] {dagbag.py:588} INFO - Filling up the DagBag from /home/airflow/.local/lib/python3.12/site-packages/airflow/example_dags/example_xcomargs.py
[2024-11-25T10:10:29.951+0000] {processor.py:925} INFO - DAG(s) 'example_xcom_args', 'example_xcom_args_with_operators' retrieved from /home/airflow/.local/lib/python3.12/site-packages/airflow/example_dags/example_xcomargs.py
[2024-11-25T10:10:29.980+0000] {logging_mixin.py:190} INFO - [2024-11-25T10:10:29.979+0000] {dag.py:3239} INFO - Sync 2 DAGs
[2024-11-25T10:10:30.000+0000] {logging_mixin.py:190} INFO - [2024-11-25T10:10:29.999+0000] {dag.py:4180} INFO - Setting next_dagrun for example_xcom_args to None, run_after=None
[2024-11-25T10:10:30.007+0000] {logging_mixin.py:190} INFO - [2024-11-25T10:10:30.007+0000] {dag.py:4180} INFO - Setting next_dagrun for example_xcom_args_with_operators to None, run_after=None
[2024-11-25T10:10:30.036+0000] {processor.py:208} INFO - Processing /home/airflow/.local/lib/python3.12/site-packages/airflow/example_dags/example_xcomargs.py took 0.108 seconds
[2024-11-25T10:11:00.788+0000] {processor.py:186} INFO - Started process (PID=12621) to work on /home/airflow/.local/lib/python3.12/site-packages/airflow/example_dags/example_xcomargs.py
[2024-11-25T10:11:00.790+0000] {processor.py:914} INFO - Processing file /home/airflow/.local/lib/python3.12/site-packages/airflow/example_dags/example_xcomargs.py for tasks to queue
[2024-11-25T10:11:00.791+0000] {logging_mixin.py:190} INFO - [2024-11-25T10:11:00.791+0000] {dagbag.py:588} INFO - Filling up the DagBag from /home/airflow/.local/lib/python3.12/site-packages/airflow/example_dags/example_xcomargs.py
[2024-11-25T10:11:00.804+0000] {processor.py:925} INFO - DAG(s) 'example_xcom_args', 'example_xcom_args_with_operators' retrieved from /home/airflow/.local/lib/python3.12/site-packages/airflow/example_dags/example_xcomargs.py
[2024-11-25T10:11:00.835+0000] {logging_mixin.py:190} INFO - [2024-11-25T10:11:00.835+0000] {dag.py:3239} INFO - Sync 2 DAGs
[2024-11-25T10:11:00.852+0000] {logging_mixin.py:190} INFO - [2024-11-25T10:11:00.852+0000] {dag.py:4180} INFO - Setting next_dagrun for example_xcom_args to None, run_after=None
[2024-11-25T10:11:00.857+0000] {logging_mixin.py:190} INFO - [2024-11-25T10:11:00.857+0000] {dag.py:4180} INFO - Setting next_dagrun for example_xcom_args_with_operators to None, run_after=None
[2024-11-25T10:11:00.877+0000] {processor.py:208} INFO - Processing /home/airflow/.local/lib/python3.12/site-packages/airflow/example_dags/example_xcomargs.py took 0.095 seconds
[2024-11-25T10:11:31.153+0000] {processor.py:186} INFO - Started process (PID=12917) to work on /home/airflow/.local/lib/python3.12/site-packages/airflow/example_dags/example_xcomargs.py
[2024-11-25T10:11:31.156+0000] {processor.py:914} INFO - Processing file /home/airflow/.local/lib/python3.12/site-packages/airflow/example_dags/example_xcomargs.py for tasks to queue
[2024-11-25T10:11:31.159+0000] {logging_mixin.py:190} INFO - [2024-11-25T10:11:31.158+0000] {dagbag.py:588} INFO - Filling up the DagBag from /home/airflow/.local/lib/python3.12/site-packages/airflow/example_dags/example_xcomargs.py
[2024-11-25T10:11:31.204+0000] {processor.py:925} INFO - DAG(s) 'example_xcom_args', 'example_xcom_args_with_operators' retrieved from /home/airflow/.local/lib/python3.12/site-packages/airflow/example_dags/example_xcomargs.py
[2024-11-25T10:11:31.273+0000] {logging_mixin.py:190} INFO - [2024-11-25T10:11:31.272+0000] {dag.py:3239} INFO - Sync 2 DAGs
[2024-11-25T10:11:31.311+0000] {logging_mixin.py:190} INFO - [2024-11-25T10:11:31.311+0000] {dag.py:4180} INFO - Setting next_dagrun for example_xcom_args to None, run_after=None
[2024-11-25T10:11:31.321+0000] {logging_mixin.py:190} INFO - [2024-11-25T10:11:31.320+0000] {dag.py:4180} INFO - Setting next_dagrun for example_xcom_args_with_operators to None, run_after=None
[2024-11-25T10:11:31.362+0000] {processor.py:208} INFO - Processing /home/airflow/.local/lib/python3.12/site-packages/airflow/example_dags/example_xcomargs.py took 0.226 seconds
