[2024-11-25T09:49:33.592+0000] {processor.py:186} INFO - Started process (PID=210) to work on /home/airflow/.local/lib/python3.12/site-packages/airflow/example_dags/example_branch_python_dop_operator_3.py
[2024-11-25T09:49:33.608+0000] {processor.py:914} INFO - Processing file /home/airflow/.local/lib/python3.12/site-packages/airflow/example_dags/example_branch_python_dop_operator_3.py for tasks to queue
[2024-11-25T09:49:33.634+0000] {logging_mixin.py:190} INFO - [2024-11-25T09:49:33.632+0000] {dagbag.py:588} INFO - Filling up the DagBag from /home/airflow/.local/lib/python3.12/site-packages/airflow/example_dags/example_branch_python_dop_operator_3.py
[2024-11-25T09:49:33.727+0000] {processor.py:925} INFO - DAG(s) 'example_branch_dop_operator_v3' retrieved from /home/airflow/.local/lib/python3.12/site-packages/airflow/example_dags/example_branch_python_dop_operator_3.py
[2024-11-25T09:49:34.036+0000] {logging_mixin.py:190} INFO - [2024-11-25T09:49:34.031+0000] {dag.py:3239} INFO - Sync 1 DAGs
[2024-11-25T09:49:34.218+0000] {logging_mixin.py:190} INFO - [2024-11-25T09:49:34.217+0000] {dag.py:4180} INFO - Setting next_dagrun for example_branch_dop_operator_v3 to 2024-11-25 09:48:00+00:00, run_after=2024-11-25 09:49:00+00:00
[2024-11-25T09:49:34.354+0000] {processor.py:208} INFO - Processing /home/airflow/.local/lib/python3.12/site-packages/airflow/example_dags/example_branch_python_dop_operator_3.py took 0.856 seconds
[2024-11-25T09:50:04.940+0000] {processor.py:186} INFO - Started process (PID=506) to work on /home/airflow/.local/lib/python3.12/site-packages/airflow/example_dags/example_branch_python_dop_operator_3.py
[2024-11-25T09:50:04.941+0000] {processor.py:914} INFO - Processing file /home/airflow/.local/lib/python3.12/site-packages/airflow/example_dags/example_branch_python_dop_operator_3.py for tasks to queue
[2024-11-25T09:50:04.944+0000] {logging_mixin.py:190} INFO - [2024-11-25T09:50:04.944+0000] {dagbag.py:588} INFO - Filling up the DagBag from /home/airflow/.local/lib/python3.12/site-packages/airflow/example_dags/example_branch_python_dop_operator_3.py
[2024-11-25T09:50:04.979+0000] {processor.py:925} INFO - DAG(s) 'example_branch_dop_operator_v3' retrieved from /home/airflow/.local/lib/python3.12/site-packages/airflow/example_dags/example_branch_python_dop_operator_3.py
[2024-11-25T09:50:05.028+0000] {logging_mixin.py:190} INFO - [2024-11-25T09:50:05.027+0000] {dag.py:3239} INFO - Sync 1 DAGs
[2024-11-25T09:50:05.086+0000] {logging_mixin.py:190} INFO - [2024-11-25T09:50:05.085+0000] {dag.py:4180} INFO - Setting next_dagrun for example_branch_dop_operator_v3 to 2024-11-25 09:49:00+00:00, run_after=2024-11-25 09:50:00+00:00
[2024-11-25T09:50:05.117+0000] {processor.py:208} INFO - Processing /home/airflow/.local/lib/python3.12/site-packages/airflow/example_dags/example_branch_python_dop_operator_3.py took 0.182 seconds
[2024-11-25T09:50:35.563+0000] {processor.py:186} INFO - Started process (PID=802) to work on /home/airflow/.local/lib/python3.12/site-packages/airflow/example_dags/example_branch_python_dop_operator_3.py
[2024-11-25T09:50:35.565+0000] {processor.py:914} INFO - Processing file /home/airflow/.local/lib/python3.12/site-packages/airflow/example_dags/example_branch_python_dop_operator_3.py for tasks to queue
[2024-11-25T09:50:35.568+0000] {logging_mixin.py:190} INFO - [2024-11-25T09:50:35.567+0000] {dagbag.py:588} INFO - Filling up the DagBag from /home/airflow/.local/lib/python3.12/site-packages/airflow/example_dags/example_branch_python_dop_operator_3.py
[2024-11-25T09:50:35.605+0000] {processor.py:925} INFO - DAG(s) 'example_branch_dop_operator_v3' retrieved from /home/airflow/.local/lib/python3.12/site-packages/airflow/example_dags/example_branch_python_dop_operator_3.py
[2024-11-25T09:50:35.651+0000] {logging_mixin.py:190} INFO - [2024-11-25T09:50:35.651+0000] {dag.py:3239} INFO - Sync 1 DAGs
[2024-11-25T09:50:35.715+0000] {logging_mixin.py:190} INFO - [2024-11-25T09:50:35.715+0000] {dag.py:4180} INFO - Setting next_dagrun for example_branch_dop_operator_v3 to 2024-11-25 09:49:00+00:00, run_after=2024-11-25 09:50:00+00:00
[2024-11-25T09:50:35.744+0000] {processor.py:208} INFO - Processing /home/airflow/.local/lib/python3.12/site-packages/airflow/example_dags/example_branch_python_dop_operator_3.py took 0.189 seconds
[2024-11-25T09:51:06.173+0000] {processor.py:186} INFO - Started process (PID=1120) to work on /home/airflow/.local/lib/python3.12/site-packages/airflow/example_dags/example_branch_python_dop_operator_3.py
[2024-11-25T09:51:06.175+0000] {processor.py:914} INFO - Processing file /home/airflow/.local/lib/python3.12/site-packages/airflow/example_dags/example_branch_python_dop_operator_3.py for tasks to queue
[2024-11-25T09:51:06.177+0000] {logging_mixin.py:190} INFO - [2024-11-25T09:51:06.177+0000] {dagbag.py:588} INFO - Filling up the DagBag from /home/airflow/.local/lib/python3.12/site-packages/airflow/example_dags/example_branch_python_dop_operator_3.py
[2024-11-25T09:51:06.189+0000] {processor.py:925} INFO - DAG(s) 'example_branch_dop_operator_v3' retrieved from /home/airflow/.local/lib/python3.12/site-packages/airflow/example_dags/example_branch_python_dop_operator_3.py
[2024-11-25T09:51:06.216+0000] {logging_mixin.py:190} INFO - [2024-11-25T09:51:06.216+0000] {dag.py:3239} INFO - Sync 1 DAGs
[2024-11-25T09:51:06.253+0000] {logging_mixin.py:190} INFO - [2024-11-25T09:51:06.252+0000] {dag.py:4180} INFO - Setting next_dagrun for example_branch_dop_operator_v3 to 2024-11-25 09:50:00+00:00, run_after=2024-11-25 09:51:00+00:00
[2024-11-25T09:51:06.281+0000] {processor.py:208} INFO - Processing /home/airflow/.local/lib/python3.12/site-packages/airflow/example_dags/example_branch_python_dop_operator_3.py took 0.115 seconds
[2024-11-25T09:51:36.779+0000] {processor.py:186} INFO - Started process (PID=1421) to work on /home/airflow/.local/lib/python3.12/site-packages/airflow/example_dags/example_branch_python_dop_operator_3.py
[2024-11-25T09:51:36.780+0000] {processor.py:914} INFO - Processing file /home/airflow/.local/lib/python3.12/site-packages/airflow/example_dags/example_branch_python_dop_operator_3.py for tasks to queue
[2024-11-25T09:51:36.782+0000] {logging_mixin.py:190} INFO - [2024-11-25T09:51:36.782+0000] {dagbag.py:588} INFO - Filling up the DagBag from /home/airflow/.local/lib/python3.12/site-packages/airflow/example_dags/example_branch_python_dop_operator_3.py
[2024-11-25T09:51:36.797+0000] {processor.py:925} INFO - DAG(s) 'example_branch_dop_operator_v3' retrieved from /home/airflow/.local/lib/python3.12/site-packages/airflow/example_dags/example_branch_python_dop_operator_3.py
[2024-11-25T09:51:36.824+0000] {logging_mixin.py:190} INFO - [2024-11-25T09:51:36.824+0000] {dag.py:3239} INFO - Sync 1 DAGs
[2024-11-25T09:51:36.856+0000] {logging_mixin.py:190} INFO - [2024-11-25T09:51:36.856+0000] {dag.py:4180} INFO - Setting next_dagrun for example_branch_dop_operator_v3 to 2024-11-25 09:50:00+00:00, run_after=2024-11-25 09:51:00+00:00
[2024-11-25T09:51:36.882+0000] {processor.py:208} INFO - Processing /home/airflow/.local/lib/python3.12/site-packages/airflow/example_dags/example_branch_python_dop_operator_3.py took 0.111 seconds
[2024-11-25T09:52:07.397+0000] {processor.py:186} INFO - Started process (PID=1717) to work on /home/airflow/.local/lib/python3.12/site-packages/airflow/example_dags/example_branch_python_dop_operator_3.py
[2024-11-25T09:52:07.399+0000] {processor.py:914} INFO - Processing file /home/airflow/.local/lib/python3.12/site-packages/airflow/example_dags/example_branch_python_dop_operator_3.py for tasks to queue
[2024-11-25T09:52:07.400+0000] {logging_mixin.py:190} INFO - [2024-11-25T09:52:07.400+0000] {dagbag.py:588} INFO - Filling up the DagBag from /home/airflow/.local/lib/python3.12/site-packages/airflow/example_dags/example_branch_python_dop_operator_3.py
[2024-11-25T09:52:07.412+0000] {processor.py:925} INFO - DAG(s) 'example_branch_dop_operator_v3' retrieved from /home/airflow/.local/lib/python3.12/site-packages/airflow/example_dags/example_branch_python_dop_operator_3.py
[2024-11-25T09:52:07.437+0000] {logging_mixin.py:190} INFO - [2024-11-25T09:52:07.437+0000] {dag.py:3239} INFO - Sync 1 DAGs
[2024-11-25T09:52:07.468+0000] {logging_mixin.py:190} INFO - [2024-11-25T09:52:07.468+0000] {dag.py:4180} INFO - Setting next_dagrun for example_branch_dop_operator_v3 to 2024-11-25 09:51:00+00:00, run_after=2024-11-25 09:52:00+00:00
[2024-11-25T09:52:07.503+0000] {processor.py:208} INFO - Processing /home/airflow/.local/lib/python3.12/site-packages/airflow/example_dags/example_branch_python_dop_operator_3.py took 0.112 seconds
[2024-11-25T09:52:37.696+0000] {processor.py:186} INFO - Started process (PID=2013) to work on /home/airflow/.local/lib/python3.12/site-packages/airflow/example_dags/example_branch_python_dop_operator_3.py
[2024-11-25T09:52:37.698+0000] {processor.py:914} INFO - Processing file /home/airflow/.local/lib/python3.12/site-packages/airflow/example_dags/example_branch_python_dop_operator_3.py for tasks to queue
[2024-11-25T09:52:37.700+0000] {logging_mixin.py:190} INFO - [2024-11-25T09:52:37.699+0000] {dagbag.py:588} INFO - Filling up the DagBag from /home/airflow/.local/lib/python3.12/site-packages/airflow/example_dags/example_branch_python_dop_operator_3.py
[2024-11-25T09:52:37.722+0000] {processor.py:925} INFO - DAG(s) 'example_branch_dop_operator_v3' retrieved from /home/airflow/.local/lib/python3.12/site-packages/airflow/example_dags/example_branch_python_dop_operator_3.py
[2024-11-25T09:52:37.752+0000] {logging_mixin.py:190} INFO - [2024-11-25T09:52:37.752+0000] {dag.py:3239} INFO - Sync 1 DAGs
[2024-11-25T09:52:37.790+0000] {logging_mixin.py:190} INFO - [2024-11-25T09:52:37.789+0000] {dag.py:4180} INFO - Setting next_dagrun for example_branch_dop_operator_v3 to 2024-11-25 09:51:00+00:00, run_after=2024-11-25 09:52:00+00:00
[2024-11-25T09:52:37.823+0000] {processor.py:208} INFO - Processing /home/airflow/.local/lib/python3.12/site-packages/airflow/example_dags/example_branch_python_dop_operator_3.py took 0.137 seconds
[2024-11-25T09:53:08.791+0000] {processor.py:186} INFO - Started process (PID=2309) to work on /home/airflow/.local/lib/python3.12/site-packages/airflow/example_dags/example_branch_python_dop_operator_3.py
[2024-11-25T09:53:08.793+0000] {processor.py:914} INFO - Processing file /home/airflow/.local/lib/python3.12/site-packages/airflow/example_dags/example_branch_python_dop_operator_3.py for tasks to queue
[2024-11-25T09:53:08.795+0000] {logging_mixin.py:190} INFO - [2024-11-25T09:53:08.794+0000] {dagbag.py:588} INFO - Filling up the DagBag from /home/airflow/.local/lib/python3.12/site-packages/airflow/example_dags/example_branch_python_dop_operator_3.py
[2024-11-25T09:53:08.829+0000] {processor.py:925} INFO - DAG(s) 'example_branch_dop_operator_v3' retrieved from /home/airflow/.local/lib/python3.12/site-packages/airflow/example_dags/example_branch_python_dop_operator_3.py
[2024-11-25T09:53:08.966+0000] {logging_mixin.py:190} INFO - [2024-11-25T09:53:08.965+0000] {dag.py:3239} INFO - Sync 1 DAGs
[2024-11-25T09:53:09.106+0000] {logging_mixin.py:190} INFO - [2024-11-25T09:53:09.106+0000] {dag.py:4180} INFO - Setting next_dagrun for example_branch_dop_operator_v3 to 2024-11-25 09:52:00+00:00, run_after=2024-11-25 09:53:00+00:00
[2024-11-25T09:53:09.169+0000] {processor.py:208} INFO - Processing /home/airflow/.local/lib/python3.12/site-packages/airflow/example_dags/example_branch_python_dop_operator_3.py took 0.392 seconds
[2024-11-25T09:53:39.380+0000] {processor.py:186} INFO - Started process (PID=2605) to work on /home/airflow/.local/lib/python3.12/site-packages/airflow/example_dags/example_branch_python_dop_operator_3.py
[2024-11-25T09:53:39.390+0000] {processor.py:914} INFO - Processing file /home/airflow/.local/lib/python3.12/site-packages/airflow/example_dags/example_branch_python_dop_operator_3.py for tasks to queue
[2024-11-25T09:53:39.391+0000] {logging_mixin.py:190} INFO - [2024-11-25T09:53:39.391+0000] {dagbag.py:588} INFO - Filling up the DagBag from /home/airflow/.local/lib/python3.12/site-packages/airflow/example_dags/example_branch_python_dop_operator_3.py
[2024-11-25T09:53:39.409+0000] {processor.py:925} INFO - DAG(s) 'example_branch_dop_operator_v3' retrieved from /home/airflow/.local/lib/python3.12/site-packages/airflow/example_dags/example_branch_python_dop_operator_3.py
[2024-11-25T09:53:39.436+0000] {logging_mixin.py:190} INFO - [2024-11-25T09:53:39.436+0000] {dag.py:3239} INFO - Sync 1 DAGs
[2024-11-25T09:53:39.471+0000] {logging_mixin.py:190} INFO - [2024-11-25T09:53:39.471+0000] {dag.py:4180} INFO - Setting next_dagrun for example_branch_dop_operator_v3 to 2024-11-25 09:52:00+00:00, run_after=2024-11-25 09:53:00+00:00
[2024-11-25T09:53:39.494+0000] {processor.py:208} INFO - Processing /home/airflow/.local/lib/python3.12/site-packages/airflow/example_dags/example_branch_python_dop_operator_3.py took 0.123 seconds
[2024-11-25T09:54:09.808+0000] {processor.py:186} INFO - Started process (PID=2901) to work on /home/airflow/.local/lib/python3.12/site-packages/airflow/example_dags/example_branch_python_dop_operator_3.py
[2024-11-25T09:54:09.809+0000] {processor.py:914} INFO - Processing file /home/airflow/.local/lib/python3.12/site-packages/airflow/example_dags/example_branch_python_dop_operator_3.py for tasks to queue
[2024-11-25T09:54:09.810+0000] {logging_mixin.py:190} INFO - [2024-11-25T09:54:09.810+0000] {dagbag.py:588} INFO - Filling up the DagBag from /home/airflow/.local/lib/python3.12/site-packages/airflow/example_dags/example_branch_python_dop_operator_3.py
[2024-11-25T09:54:09.822+0000] {processor.py:925} INFO - DAG(s) 'example_branch_dop_operator_v3' retrieved from /home/airflow/.local/lib/python3.12/site-packages/airflow/example_dags/example_branch_python_dop_operator_3.py
[2024-11-25T09:54:09.845+0000] {logging_mixin.py:190} INFO - [2024-11-25T09:54:09.845+0000] {dag.py:3239} INFO - Sync 1 DAGs
[2024-11-25T09:54:09.875+0000] {logging_mixin.py:190} INFO - [2024-11-25T09:54:09.875+0000] {dag.py:4180} INFO - Setting next_dagrun for example_branch_dop_operator_v3 to 2024-11-25 09:53:00+00:00, run_after=2024-11-25 09:54:00+00:00
[2024-11-25T09:54:09.901+0000] {processor.py:208} INFO - Processing /home/airflow/.local/lib/python3.12/site-packages/airflow/example_dags/example_branch_python_dop_operator_3.py took 0.100 seconds
[2024-11-25T09:54:40.154+0000] {processor.py:186} INFO - Started process (PID=3197) to work on /home/airflow/.local/lib/python3.12/site-packages/airflow/example_dags/example_branch_python_dop_operator_3.py
[2024-11-25T09:54:40.155+0000] {processor.py:914} INFO - Processing file /home/airflow/.local/lib/python3.12/site-packages/airflow/example_dags/example_branch_python_dop_operator_3.py for tasks to queue
[2024-11-25T09:54:40.158+0000] {logging_mixin.py:190} INFO - [2024-11-25T09:54:40.157+0000] {dagbag.py:588} INFO - Filling up the DagBag from /home/airflow/.local/lib/python3.12/site-packages/airflow/example_dags/example_branch_python_dop_operator_3.py
[2024-11-25T09:54:40.172+0000] {processor.py:925} INFO - DAG(s) 'example_branch_dop_operator_v3' retrieved from /home/airflow/.local/lib/python3.12/site-packages/airflow/example_dags/example_branch_python_dop_operator_3.py
[2024-11-25T09:54:40.208+0000] {logging_mixin.py:190} INFO - [2024-11-25T09:54:40.208+0000] {dag.py:3239} INFO - Sync 1 DAGs
[2024-11-25T09:54:40.243+0000] {logging_mixin.py:190} INFO - [2024-11-25T09:54:40.243+0000] {dag.py:4180} INFO - Setting next_dagrun for example_branch_dop_operator_v3 to 2024-11-25 09:53:00+00:00, run_after=2024-11-25 09:54:00+00:00
[2024-11-25T09:54:40.267+0000] {processor.py:208} INFO - Processing /home/airflow/.local/lib/python3.12/site-packages/airflow/example_dags/example_branch_python_dop_operator_3.py took 0.120 seconds
[2024-11-25T09:55:10.986+0000] {processor.py:186} INFO - Started process (PID=3493) to work on /home/airflow/.local/lib/python3.12/site-packages/airflow/example_dags/example_branch_python_dop_operator_3.py
[2024-11-25T09:55:10.987+0000] {processor.py:914} INFO - Processing file /home/airflow/.local/lib/python3.12/site-packages/airflow/example_dags/example_branch_python_dop_operator_3.py for tasks to queue
[2024-11-25T09:55:10.990+0000] {logging_mixin.py:190} INFO - [2024-11-25T09:55:10.989+0000] {dagbag.py:588} INFO - Filling up the DagBag from /home/airflow/.local/lib/python3.12/site-packages/airflow/example_dags/example_branch_python_dop_operator_3.py
[2024-11-25T09:55:11.006+0000] {processor.py:925} INFO - DAG(s) 'example_branch_dop_operator_v3' retrieved from /home/airflow/.local/lib/python3.12/site-packages/airflow/example_dags/example_branch_python_dop_operator_3.py
[2024-11-25T09:55:11.028+0000] {logging_mixin.py:190} INFO - [2024-11-25T09:55:11.028+0000] {dag.py:3239} INFO - Sync 1 DAGs
[2024-11-25T09:55:11.056+0000] {logging_mixin.py:190} INFO - [2024-11-25T09:55:11.056+0000] {dag.py:4180} INFO - Setting next_dagrun for example_branch_dop_operator_v3 to 2024-11-25 09:54:00+00:00, run_after=2024-11-25 09:55:00+00:00
[2024-11-25T09:55:11.078+0000] {processor.py:208} INFO - Processing /home/airflow/.local/lib/python3.12/site-packages/airflow/example_dags/example_branch_python_dop_operator_3.py took 0.099 seconds
[2024-11-25T09:55:41.341+0000] {processor.py:186} INFO - Started process (PID=3790) to work on /home/airflow/.local/lib/python3.12/site-packages/airflow/example_dags/example_branch_python_dop_operator_3.py
[2024-11-25T09:55:41.342+0000] {processor.py:914} INFO - Processing file /home/airflow/.local/lib/python3.12/site-packages/airflow/example_dags/example_branch_python_dop_operator_3.py for tasks to queue
[2024-11-25T09:55:41.345+0000] {logging_mixin.py:190} INFO - [2024-11-25T09:55:41.344+0000] {dagbag.py:588} INFO - Filling up the DagBag from /home/airflow/.local/lib/python3.12/site-packages/airflow/example_dags/example_branch_python_dop_operator_3.py
[2024-11-25T09:55:41.360+0000] {processor.py:925} INFO - DAG(s) 'example_branch_dop_operator_v3' retrieved from /home/airflow/.local/lib/python3.12/site-packages/airflow/example_dags/example_branch_python_dop_operator_3.py
[2024-11-25T09:55:41.394+0000] {logging_mixin.py:190} INFO - [2024-11-25T09:55:41.394+0000] {dag.py:3239} INFO - Sync 1 DAGs
[2024-11-25T09:55:41.429+0000] {logging_mixin.py:190} INFO - [2024-11-25T09:55:41.429+0000] {dag.py:4180} INFO - Setting next_dagrun for example_branch_dop_operator_v3 to 2024-11-25 09:54:00+00:00, run_after=2024-11-25 09:55:00+00:00
[2024-11-25T09:55:41.454+0000] {processor.py:208} INFO - Processing /home/airflow/.local/lib/python3.12/site-packages/airflow/example_dags/example_branch_python_dop_operator_3.py took 0.121 seconds
[2024-11-25T09:56:12.285+0000] {processor.py:186} INFO - Started process (PID=4086) to work on /home/airflow/.local/lib/python3.12/site-packages/airflow/example_dags/example_branch_python_dop_operator_3.py
[2024-11-25T09:56:12.287+0000] {processor.py:914} INFO - Processing file /home/airflow/.local/lib/python3.12/site-packages/airflow/example_dags/example_branch_python_dop_operator_3.py for tasks to queue
[2024-11-25T09:56:12.289+0000] {logging_mixin.py:190} INFO - [2024-11-25T09:56:12.288+0000] {dagbag.py:588} INFO - Filling up the DagBag from /home/airflow/.local/lib/python3.12/site-packages/airflow/example_dags/example_branch_python_dop_operator_3.py
[2024-11-25T09:56:12.300+0000] {processor.py:925} INFO - DAG(s) 'example_branch_dop_operator_v3' retrieved from /home/airflow/.local/lib/python3.12/site-packages/airflow/example_dags/example_branch_python_dop_operator_3.py
[2024-11-25T09:56:12.327+0000] {logging_mixin.py:190} INFO - [2024-11-25T09:56:12.327+0000] {dag.py:3239} INFO - Sync 1 DAGs
[2024-11-25T09:56:12.357+0000] {logging_mixin.py:190} INFO - [2024-11-25T09:56:12.357+0000] {dag.py:4180} INFO - Setting next_dagrun for example_branch_dop_operator_v3 to 2024-11-25 09:55:00+00:00, run_after=2024-11-25 09:56:00+00:00
[2024-11-25T09:56:12.380+0000] {processor.py:208} INFO - Processing /home/airflow/.local/lib/python3.12/site-packages/airflow/example_dags/example_branch_python_dop_operator_3.py took 0.100 seconds
[2024-11-25T09:56:42.480+0000] {processor.py:186} INFO - Started process (PID=4382) to work on /home/airflow/.local/lib/python3.12/site-packages/airflow/example_dags/example_branch_python_dop_operator_3.py
[2024-11-25T09:56:42.482+0000] {processor.py:914} INFO - Processing file /home/airflow/.local/lib/python3.12/site-packages/airflow/example_dags/example_branch_python_dop_operator_3.py for tasks to queue
[2024-11-25T09:56:42.484+0000] {logging_mixin.py:190} INFO - [2024-11-25T09:56:42.484+0000] {dagbag.py:588} INFO - Filling up the DagBag from /home/airflow/.local/lib/python3.12/site-packages/airflow/example_dags/example_branch_python_dop_operator_3.py
[2024-11-25T09:56:42.505+0000] {processor.py:925} INFO - DAG(s) 'example_branch_dop_operator_v3' retrieved from /home/airflow/.local/lib/python3.12/site-packages/airflow/example_dags/example_branch_python_dop_operator_3.py
[2024-11-25T09:56:42.532+0000] {logging_mixin.py:190} INFO - [2024-11-25T09:56:42.532+0000] {dag.py:3239} INFO - Sync 1 DAGs
[2024-11-25T09:56:42.571+0000] {logging_mixin.py:190} INFO - [2024-11-25T09:56:42.570+0000] {dag.py:4180} INFO - Setting next_dagrun for example_branch_dop_operator_v3 to 2024-11-25 09:55:00+00:00, run_after=2024-11-25 09:56:00+00:00
[2024-11-25T09:56:42.600+0000] {processor.py:208} INFO - Processing /home/airflow/.local/lib/python3.12/site-packages/airflow/example_dags/example_branch_python_dop_operator_3.py took 0.133 seconds
[2024-11-25T09:57:13.334+0000] {processor.py:186} INFO - Started process (PID=4683) to work on /home/airflow/.local/lib/python3.12/site-packages/airflow/example_dags/example_branch_python_dop_operator_3.py
[2024-11-25T09:57:13.335+0000] {processor.py:914} INFO - Processing file /home/airflow/.local/lib/python3.12/site-packages/airflow/example_dags/example_branch_python_dop_operator_3.py for tasks to queue
[2024-11-25T09:57:13.337+0000] {logging_mixin.py:190} INFO - [2024-11-25T09:57:13.337+0000] {dagbag.py:588} INFO - Filling up the DagBag from /home/airflow/.local/lib/python3.12/site-packages/airflow/example_dags/example_branch_python_dop_operator_3.py
[2024-11-25T09:57:13.351+0000] {processor.py:925} INFO - DAG(s) 'example_branch_dop_operator_v3' retrieved from /home/airflow/.local/lib/python3.12/site-packages/airflow/example_dags/example_branch_python_dop_operator_3.py
[2024-11-25T09:57:13.377+0000] {logging_mixin.py:190} INFO - [2024-11-25T09:57:13.377+0000] {dag.py:3239} INFO - Sync 1 DAGs
[2024-11-25T09:57:13.412+0000] {logging_mixin.py:190} INFO - [2024-11-25T09:57:13.412+0000] {dag.py:4180} INFO - Setting next_dagrun for example_branch_dop_operator_v3 to 2024-11-25 09:56:00+00:00, run_after=2024-11-25 09:57:00+00:00
[2024-11-25T09:57:13.442+0000] {processor.py:208} INFO - Processing /home/airflow/.local/lib/python3.12/site-packages/airflow/example_dags/example_branch_python_dop_operator_3.py took 0.115 seconds
[2024-11-25T09:57:46.667+0000] {processor.py:186} INFO - Started process (PID=4942) to work on /home/airflow/.local/lib/python3.12/site-packages/airflow/example_dags/example_branch_python_dop_operator_3.py
[2024-11-25T09:57:46.668+0000] {processor.py:914} INFO - Processing file /home/airflow/.local/lib/python3.12/site-packages/airflow/example_dags/example_branch_python_dop_operator_3.py for tasks to queue
[2024-11-25T09:57:46.672+0000] {logging_mixin.py:190} INFO - [2024-11-25T09:57:46.671+0000] {dagbag.py:588} INFO - Filling up the DagBag from /home/airflow/.local/lib/python3.12/site-packages/airflow/example_dags/example_branch_python_dop_operator_3.py
[2024-11-25T09:57:46.690+0000] {processor.py:925} INFO - DAG(s) 'example_branch_dop_operator_v3' retrieved from /home/airflow/.local/lib/python3.12/site-packages/airflow/example_dags/example_branch_python_dop_operator_3.py
[2024-11-25T09:57:46.721+0000] {logging_mixin.py:190} INFO - [2024-11-25T09:57:46.720+0000] {dag.py:3239} INFO - Sync 1 DAGs
[2024-11-25T09:57:46.762+0000] {logging_mixin.py:190} INFO - [2024-11-25T09:57:46.761+0000] {dag.py:4180} INFO - Setting next_dagrun for example_branch_dop_operator_v3 to 2024-11-25 09:56:00+00:00, run_after=2024-11-25 09:57:00+00:00
[2024-11-25T09:57:46.788+0000] {processor.py:208} INFO - Processing /home/airflow/.local/lib/python3.12/site-packages/airflow/example_dags/example_branch_python_dop_operator_3.py took 0.129 seconds
[2024-11-25T09:58:18.821+0000] {processor.py:186} INFO - Started process (PID=5228) to work on /home/airflow/.local/lib/python3.12/site-packages/airflow/example_dags/example_branch_python_dop_operator_3.py
[2024-11-25T09:58:18.822+0000] {processor.py:914} INFO - Processing file /home/airflow/.local/lib/python3.12/site-packages/airflow/example_dags/example_branch_python_dop_operator_3.py for tasks to queue
[2024-11-25T09:58:18.824+0000] {logging_mixin.py:190} INFO - [2024-11-25T09:58:18.823+0000] {dagbag.py:588} INFO - Filling up the DagBag from /home/airflow/.local/lib/python3.12/site-packages/airflow/example_dags/example_branch_python_dop_operator_3.py
[2024-11-25T09:58:18.842+0000] {processor.py:925} INFO - DAG(s) 'example_branch_dop_operator_v3' retrieved from /home/airflow/.local/lib/python3.12/site-packages/airflow/example_dags/example_branch_python_dop_operator_3.py
[2024-11-25T09:58:18.871+0000] {logging_mixin.py:190} INFO - [2024-11-25T09:58:18.870+0000] {dag.py:3239} INFO - Sync 1 DAGs
[2024-11-25T09:58:18.911+0000] {logging_mixin.py:190} INFO - [2024-11-25T09:58:18.911+0000] {dag.py:4180} INFO - Setting next_dagrun for example_branch_dop_operator_v3 to 2024-11-25 09:57:00+00:00, run_after=2024-11-25 09:58:00+00:00
[2024-11-25T09:58:18.940+0000] {processor.py:208} INFO - Processing /home/airflow/.local/lib/python3.12/site-packages/airflow/example_dags/example_branch_python_dop_operator_3.py took 0.129 seconds
[2024-11-25T09:58:49.251+0000] {processor.py:186} INFO - Started process (PID=5512) to work on /home/airflow/.local/lib/python3.12/site-packages/airflow/example_dags/example_branch_python_dop_operator_3.py
[2024-11-25T09:58:49.252+0000] {processor.py:914} INFO - Processing file /home/airflow/.local/lib/python3.12/site-packages/airflow/example_dags/example_branch_python_dop_operator_3.py for tasks to queue
[2024-11-25T09:58:49.254+0000] {logging_mixin.py:190} INFO - [2024-11-25T09:58:49.254+0000] {dagbag.py:588} INFO - Filling up the DagBag from /home/airflow/.local/lib/python3.12/site-packages/airflow/example_dags/example_branch_python_dop_operator_3.py
[2024-11-25T09:58:49.269+0000] {processor.py:925} INFO - DAG(s) 'example_branch_dop_operator_v3' retrieved from /home/airflow/.local/lib/python3.12/site-packages/airflow/example_dags/example_branch_python_dop_operator_3.py
[2024-11-25T09:58:49.295+0000] {logging_mixin.py:190} INFO - [2024-11-25T09:58:49.295+0000] {dag.py:3239} INFO - Sync 1 DAGs
[2024-11-25T09:58:49.328+0000] {logging_mixin.py:190} INFO - [2024-11-25T09:58:49.328+0000] {dag.py:4180} INFO - Setting next_dagrun for example_branch_dop_operator_v3 to 2024-11-25 09:57:00+00:00, run_after=2024-11-25 09:58:00+00:00
[2024-11-25T09:58:49.350+0000] {processor.py:208} INFO - Processing /home/airflow/.local/lib/python3.12/site-packages/airflow/example_dags/example_branch_python_dop_operator_3.py took 0.108 seconds
[2024-11-25T09:59:19.616+0000] {processor.py:186} INFO - Started process (PID=5808) to work on /home/airflow/.local/lib/python3.12/site-packages/airflow/example_dags/example_branch_python_dop_operator_3.py
[2024-11-25T09:59:19.618+0000] {processor.py:914} INFO - Processing file /home/airflow/.local/lib/python3.12/site-packages/airflow/example_dags/example_branch_python_dop_operator_3.py for tasks to queue
[2024-11-25T09:59:19.623+0000] {logging_mixin.py:190} INFO - [2024-11-25T09:59:19.621+0000] {dagbag.py:588} INFO - Filling up the DagBag from /home/airflow/.local/lib/python3.12/site-packages/airflow/example_dags/example_branch_python_dop_operator_3.py
[2024-11-25T09:59:19.640+0000] {processor.py:925} INFO - DAG(s) 'example_branch_dop_operator_v3' retrieved from /home/airflow/.local/lib/python3.12/site-packages/airflow/example_dags/example_branch_python_dop_operator_3.py
[2024-11-25T09:59:19.670+0000] {logging_mixin.py:190} INFO - [2024-11-25T09:59:19.670+0000] {dag.py:3239} INFO - Sync 1 DAGs
[2024-11-25T09:59:19.708+0000] {logging_mixin.py:190} INFO - [2024-11-25T09:59:19.708+0000] {dag.py:4180} INFO - Setting next_dagrun for example_branch_dop_operator_v3 to 2024-11-25 09:58:00+00:00, run_after=2024-11-25 09:59:00+00:00
[2024-11-25T09:59:19.733+0000] {processor.py:208} INFO - Processing /home/airflow/.local/lib/python3.12/site-packages/airflow/example_dags/example_branch_python_dop_operator_3.py took 0.128 seconds
[2024-11-25T09:59:50.701+0000] {processor.py:186} INFO - Started process (PID=6104) to work on /home/airflow/.local/lib/python3.12/site-packages/airflow/example_dags/example_branch_python_dop_operator_3.py
[2024-11-25T09:59:50.703+0000] {processor.py:914} INFO - Processing file /home/airflow/.local/lib/python3.12/site-packages/airflow/example_dags/example_branch_python_dop_operator_3.py for tasks to queue
[2024-11-25T09:59:50.705+0000] {logging_mixin.py:190} INFO - [2024-11-25T09:59:50.705+0000] {dagbag.py:588} INFO - Filling up the DagBag from /home/airflow/.local/lib/python3.12/site-packages/airflow/example_dags/example_branch_python_dop_operator_3.py
[2024-11-25T09:59:50.727+0000] {processor.py:925} INFO - DAG(s) 'example_branch_dop_operator_v3' retrieved from /home/airflow/.local/lib/python3.12/site-packages/airflow/example_dags/example_branch_python_dop_operator_3.py
[2024-11-25T09:59:50.763+0000] {logging_mixin.py:190} INFO - [2024-11-25T09:59:50.762+0000] {dag.py:3239} INFO - Sync 1 DAGs
[2024-11-25T09:59:50.815+0000] {logging_mixin.py:190} INFO - [2024-11-25T09:59:50.815+0000] {dag.py:4180} INFO - Setting next_dagrun for example_branch_dop_operator_v3 to 2024-11-25 09:58:00+00:00, run_after=2024-11-25 09:59:00+00:00
[2024-11-25T09:59:50.842+0000] {processor.py:208} INFO - Processing /home/airflow/.local/lib/python3.12/site-packages/airflow/example_dags/example_branch_python_dop_operator_3.py took 0.154 seconds
[2024-11-25T10:00:21.406+0000] {processor.py:186} INFO - Started process (PID=6400) to work on /home/airflow/.local/lib/python3.12/site-packages/airflow/example_dags/example_branch_python_dop_operator_3.py
[2024-11-25T10:00:21.408+0000] {processor.py:914} INFO - Processing file /home/airflow/.local/lib/python3.12/site-packages/airflow/example_dags/example_branch_python_dop_operator_3.py for tasks to queue
[2024-11-25T10:00:21.410+0000] {logging_mixin.py:190} INFO - [2024-11-25T10:00:21.409+0000] {dagbag.py:588} INFO - Filling up the DagBag from /home/airflow/.local/lib/python3.12/site-packages/airflow/example_dags/example_branch_python_dop_operator_3.py
[2024-11-25T10:00:21.422+0000] {processor.py:925} INFO - DAG(s) 'example_branch_dop_operator_v3' retrieved from /home/airflow/.local/lib/python3.12/site-packages/airflow/example_dags/example_branch_python_dop_operator_3.py
[2024-11-25T10:00:21.450+0000] {logging_mixin.py:190} INFO - [2024-11-25T10:00:21.450+0000] {dag.py:3239} INFO - Sync 1 DAGs
[2024-11-25T10:00:21.483+0000] {logging_mixin.py:190} INFO - [2024-11-25T10:00:21.483+0000] {dag.py:4180} INFO - Setting next_dagrun for example_branch_dop_operator_v3 to 2024-11-25 09:59:00+00:00, run_after=2024-11-25 10:00:00+00:00
[2024-11-25T10:00:21.508+0000] {processor.py:208} INFO - Processing /home/airflow/.local/lib/python3.12/site-packages/airflow/example_dags/example_branch_python_dop_operator_3.py took 0.109 seconds
[2024-11-25T10:00:51.725+0000] {processor.py:186} INFO - Started process (PID=6696) to work on /home/airflow/.local/lib/python3.12/site-packages/airflow/example_dags/example_branch_python_dop_operator_3.py
[2024-11-25T10:00:51.727+0000] {processor.py:914} INFO - Processing file /home/airflow/.local/lib/python3.12/site-packages/airflow/example_dags/example_branch_python_dop_operator_3.py for tasks to queue
[2024-11-25T10:00:51.732+0000] {logging_mixin.py:190} INFO - [2024-11-25T10:00:51.731+0000] {dagbag.py:588} INFO - Filling up the DagBag from /home/airflow/.local/lib/python3.12/site-packages/airflow/example_dags/example_branch_python_dop_operator_3.py
[2024-11-25T10:00:51.757+0000] {processor.py:925} INFO - DAG(s) 'example_branch_dop_operator_v3' retrieved from /home/airflow/.local/lib/python3.12/site-packages/airflow/example_dags/example_branch_python_dop_operator_3.py
[2024-11-25T10:00:51.804+0000] {logging_mixin.py:190} INFO - [2024-11-25T10:00:51.804+0000] {dag.py:3239} INFO - Sync 1 DAGs
[2024-11-25T10:00:51.864+0000] {logging_mixin.py:190} INFO - [2024-11-25T10:00:51.863+0000] {dag.py:4180} INFO - Setting next_dagrun for example_branch_dop_operator_v3 to 2024-11-25 09:59:00+00:00, run_after=2024-11-25 10:00:00+00:00
[2024-11-25T10:00:51.911+0000] {processor.py:208} INFO - Processing /home/airflow/.local/lib/python3.12/site-packages/airflow/example_dags/example_branch_python_dop_operator_3.py took 0.202 seconds
[2024-11-25T10:01:22.188+0000] {processor.py:186} INFO - Started process (PID=6992) to work on /home/airflow/.local/lib/python3.12/site-packages/airflow/example_dags/example_branch_python_dop_operator_3.py
[2024-11-25T10:01:22.190+0000] {processor.py:914} INFO - Processing file /home/airflow/.local/lib/python3.12/site-packages/airflow/example_dags/example_branch_python_dop_operator_3.py for tasks to queue
[2024-11-25T10:01:22.191+0000] {logging_mixin.py:190} INFO - [2024-11-25T10:01:22.191+0000] {dagbag.py:588} INFO - Filling up the DagBag from /home/airflow/.local/lib/python3.12/site-packages/airflow/example_dags/example_branch_python_dop_operator_3.py
[2024-11-25T10:01:22.210+0000] {processor.py:925} INFO - DAG(s) 'example_branch_dop_operator_v3' retrieved from /home/airflow/.local/lib/python3.12/site-packages/airflow/example_dags/example_branch_python_dop_operator_3.py
[2024-11-25T10:01:22.235+0000] {logging_mixin.py:190} INFO - [2024-11-25T10:01:22.234+0000] {dag.py:3239} INFO - Sync 1 DAGs
[2024-11-25T10:01:22.267+0000] {logging_mixin.py:190} INFO - [2024-11-25T10:01:22.267+0000] {dag.py:4180} INFO - Setting next_dagrun for example_branch_dop_operator_v3 to 2024-11-25 10:00:00+00:00, run_after=2024-11-25 10:01:00+00:00
[2024-11-25T10:01:22.297+0000] {processor.py:208} INFO - Processing /home/airflow/.local/lib/python3.12/site-packages/airflow/example_dags/example_branch_python_dop_operator_3.py took 0.116 seconds
[2024-11-25T10:01:52.458+0000] {processor.py:186} INFO - Started process (PID=7288) to work on /home/airflow/.local/lib/python3.12/site-packages/airflow/example_dags/example_branch_python_dop_operator_3.py
[2024-11-25T10:01:52.462+0000] {processor.py:914} INFO - Processing file /home/airflow/.local/lib/python3.12/site-packages/airflow/example_dags/example_branch_python_dop_operator_3.py for tasks to queue
[2024-11-25T10:01:52.464+0000] {logging_mixin.py:190} INFO - [2024-11-25T10:01:52.464+0000] {dagbag.py:588} INFO - Filling up the DagBag from /home/airflow/.local/lib/python3.12/site-packages/airflow/example_dags/example_branch_python_dop_operator_3.py
[2024-11-25T10:01:52.486+0000] {processor.py:925} INFO - DAG(s) 'example_branch_dop_operator_v3' retrieved from /home/airflow/.local/lib/python3.12/site-packages/airflow/example_dags/example_branch_python_dop_operator_3.py
[2024-11-25T10:01:52.520+0000] {logging_mixin.py:190} INFO - [2024-11-25T10:01:52.520+0000] {dag.py:3239} INFO - Sync 1 DAGs
[2024-11-25T10:01:52.560+0000] {logging_mixin.py:190} INFO - [2024-11-25T10:01:52.560+0000] {dag.py:4180} INFO - Setting next_dagrun for example_branch_dop_operator_v3 to 2024-11-25 10:00:00+00:00, run_after=2024-11-25 10:01:00+00:00
[2024-11-25T10:01:52.591+0000] {processor.py:208} INFO - Processing /home/airflow/.local/lib/python3.12/site-packages/airflow/example_dags/example_branch_python_dop_operator_3.py took 0.140 seconds
[2024-11-25T10:02:22.667+0000] {processor.py:186} INFO - Started process (PID=7584) to work on /home/airflow/.local/lib/python3.12/site-packages/airflow/example_dags/example_branch_python_dop_operator_3.py
[2024-11-25T10:02:22.669+0000] {processor.py:914} INFO - Processing file /home/airflow/.local/lib/python3.12/site-packages/airflow/example_dags/example_branch_python_dop_operator_3.py for tasks to queue
[2024-11-25T10:02:22.671+0000] {logging_mixin.py:190} INFO - [2024-11-25T10:02:22.670+0000] {dagbag.py:588} INFO - Filling up the DagBag from /home/airflow/.local/lib/python3.12/site-packages/airflow/example_dags/example_branch_python_dop_operator_3.py
[2024-11-25T10:02:22.684+0000] {processor.py:925} INFO - DAG(s) 'example_branch_dop_operator_v3' retrieved from /home/airflow/.local/lib/python3.12/site-packages/airflow/example_dags/example_branch_python_dop_operator_3.py
[2024-11-25T10:02:22.710+0000] {logging_mixin.py:190} INFO - [2024-11-25T10:02:22.709+0000] {dag.py:3239} INFO - Sync 1 DAGs
[2024-11-25T10:02:22.740+0000] {logging_mixin.py:190} INFO - [2024-11-25T10:02:22.740+0000] {dag.py:4180} INFO - Setting next_dagrun for example_branch_dop_operator_v3 to 2024-11-25 10:01:00+00:00, run_after=2024-11-25 10:02:00+00:00
[2024-11-25T10:02:22.764+0000] {processor.py:208} INFO - Processing /home/airflow/.local/lib/python3.12/site-packages/airflow/example_dags/example_branch_python_dop_operator_3.py took 0.103 seconds
[2024-11-25T10:02:52.895+0000] {processor.py:186} INFO - Started process (PID=7893) to work on /home/airflow/.local/lib/python3.12/site-packages/airflow/example_dags/example_branch_python_dop_operator_3.py
[2024-11-25T10:02:52.896+0000] {processor.py:914} INFO - Processing file /home/airflow/.local/lib/python3.12/site-packages/airflow/example_dags/example_branch_python_dop_operator_3.py for tasks to queue
[2024-11-25T10:02:52.898+0000] {logging_mixin.py:190} INFO - [2024-11-25T10:02:52.898+0000] {dagbag.py:588} INFO - Filling up the DagBag from /home/airflow/.local/lib/python3.12/site-packages/airflow/example_dags/example_branch_python_dop_operator_3.py
[2024-11-25T10:02:52.957+0000] {processor.py:925} INFO - DAG(s) 'example_branch_dop_operator_v3' retrieved from /home/airflow/.local/lib/python3.12/site-packages/airflow/example_dags/example_branch_python_dop_operator_3.py
[2024-11-25T10:02:53.053+0000] {logging_mixin.py:190} INFO - [2024-11-25T10:02:53.052+0000] {dag.py:3239} INFO - Sync 1 DAGs
[2024-11-25T10:02:53.124+0000] {logging_mixin.py:190} INFO - [2024-11-25T10:02:53.124+0000] {dag.py:4180} INFO - Setting next_dagrun for example_branch_dop_operator_v3 to 2024-11-25 10:01:00+00:00, run_after=2024-11-25 10:02:00+00:00
[2024-11-25T10:02:53.166+0000] {processor.py:208} INFO - Processing /home/airflow/.local/lib/python3.12/site-packages/airflow/example_dags/example_branch_python_dop_operator_3.py took 0.280 seconds
[2024-11-25T10:03:23.225+0000] {processor.py:186} INFO - Started process (PID=8189) to work on /home/airflow/.local/lib/python3.12/site-packages/airflow/example_dags/example_branch_python_dop_operator_3.py
[2024-11-25T10:03:23.226+0000] {processor.py:914} INFO - Processing file /home/airflow/.local/lib/python3.12/site-packages/airflow/example_dags/example_branch_python_dop_operator_3.py for tasks to queue
[2024-11-25T10:03:23.228+0000] {logging_mixin.py:190} INFO - [2024-11-25T10:03:23.228+0000] {dagbag.py:588} INFO - Filling up the DagBag from /home/airflow/.local/lib/python3.12/site-packages/airflow/example_dags/example_branch_python_dop_operator_3.py
[2024-11-25T10:03:23.242+0000] {processor.py:925} INFO - DAG(s) 'example_branch_dop_operator_v3' retrieved from /home/airflow/.local/lib/python3.12/site-packages/airflow/example_dags/example_branch_python_dop_operator_3.py
[2024-11-25T10:03:23.265+0000] {logging_mixin.py:190} INFO - [2024-11-25T10:03:23.265+0000] {dag.py:3239} INFO - Sync 1 DAGs
[2024-11-25T10:03:23.299+0000] {logging_mixin.py:190} INFO - [2024-11-25T10:03:23.299+0000] {dag.py:4180} INFO - Setting next_dagrun for example_branch_dop_operator_v3 to 2024-11-25 10:02:00+00:00, run_after=2024-11-25 10:03:00+00:00
[2024-11-25T10:03:23.323+0000] {processor.py:208} INFO - Processing /home/airflow/.local/lib/python3.12/site-packages/airflow/example_dags/example_branch_python_dop_operator_3.py took 0.105 seconds
[2024-11-25T10:03:54.014+0000] {processor.py:186} INFO - Started process (PID=8486) to work on /home/airflow/.local/lib/python3.12/site-packages/airflow/example_dags/example_branch_python_dop_operator_3.py
[2024-11-25T10:03:54.016+0000] {processor.py:914} INFO - Processing file /home/airflow/.local/lib/python3.12/site-packages/airflow/example_dags/example_branch_python_dop_operator_3.py for tasks to queue
[2024-11-25T10:03:54.022+0000] {logging_mixin.py:190} INFO - [2024-11-25T10:03:54.021+0000] {dagbag.py:588} INFO - Filling up the DagBag from /home/airflow/.local/lib/python3.12/site-packages/airflow/example_dags/example_branch_python_dop_operator_3.py
[2024-11-25T10:03:54.054+0000] {processor.py:925} INFO - DAG(s) 'example_branch_dop_operator_v3' retrieved from /home/airflow/.local/lib/python3.12/site-packages/airflow/example_dags/example_branch_python_dop_operator_3.py
[2024-11-25T10:03:54.092+0000] {logging_mixin.py:190} INFO - [2024-11-25T10:03:54.092+0000] {dag.py:3239} INFO - Sync 1 DAGs
[2024-11-25T10:03:54.143+0000] {logging_mixin.py:190} INFO - [2024-11-25T10:03:54.142+0000] {dag.py:4180} INFO - Setting next_dagrun for example_branch_dop_operator_v3 to 2024-11-25 10:02:00+00:00, run_after=2024-11-25 10:03:00+00:00
[2024-11-25T10:03:54.194+0000] {processor.py:208} INFO - Processing /home/airflow/.local/lib/python3.12/site-packages/airflow/example_dags/example_branch_python_dop_operator_3.py took 0.197 seconds
[2024-11-25T10:04:24.393+0000] {processor.py:186} INFO - Started process (PID=8782) to work on /home/airflow/.local/lib/python3.12/site-packages/airflow/example_dags/example_branch_python_dop_operator_3.py
[2024-11-25T10:04:24.396+0000] {processor.py:914} INFO - Processing file /home/airflow/.local/lib/python3.12/site-packages/airflow/example_dags/example_branch_python_dop_operator_3.py for tasks to queue
[2024-11-25T10:04:24.398+0000] {logging_mixin.py:190} INFO - [2024-11-25T10:04:24.398+0000] {dagbag.py:588} INFO - Filling up the DagBag from /home/airflow/.local/lib/python3.12/site-packages/airflow/example_dags/example_branch_python_dop_operator_3.py
[2024-11-25T10:04:24.424+0000] {processor.py:925} INFO - DAG(s) 'example_branch_dop_operator_v3' retrieved from /home/airflow/.local/lib/python3.12/site-packages/airflow/example_dags/example_branch_python_dop_operator_3.py
[2024-11-25T10:04:24.467+0000] {logging_mixin.py:190} INFO - [2024-11-25T10:04:24.466+0000] {dag.py:3239} INFO - Sync 1 DAGs
[2024-11-25T10:04:24.523+0000] {logging_mixin.py:190} INFO - [2024-11-25T10:04:24.523+0000] {dag.py:4180} INFO - Setting next_dagrun for example_branch_dop_operator_v3 to 2024-11-25 10:03:00+00:00, run_after=2024-11-25 10:04:00+00:00
[2024-11-25T10:04:24.560+0000] {processor.py:208} INFO - Processing /home/airflow/.local/lib/python3.12/site-packages/airflow/example_dags/example_branch_python_dop_operator_3.py took 0.215 seconds
[2024-11-25T10:04:54.928+0000] {processor.py:186} INFO - Started process (PID=9075) to work on /home/airflow/.local/lib/python3.12/site-packages/airflow/example_dags/example_branch_python_dop_operator_3.py
[2024-11-25T10:04:54.930+0000] {processor.py:914} INFO - Processing file /home/airflow/.local/lib/python3.12/site-packages/airflow/example_dags/example_branch_python_dop_operator_3.py for tasks to queue
[2024-11-25T10:04:54.933+0000] {logging_mixin.py:190} INFO - [2024-11-25T10:04:54.932+0000] {dagbag.py:588} INFO - Filling up the DagBag from /home/airflow/.local/lib/python3.12/site-packages/airflow/example_dags/example_branch_python_dop_operator_3.py
[2024-11-25T10:04:54.955+0000] {processor.py:925} INFO - DAG(s) 'example_branch_dop_operator_v3' retrieved from /home/airflow/.local/lib/python3.12/site-packages/airflow/example_dags/example_branch_python_dop_operator_3.py
[2024-11-25T10:04:54.988+0000] {logging_mixin.py:190} INFO - [2024-11-25T10:04:54.988+0000] {dag.py:3239} INFO - Sync 1 DAGs
[2024-11-25T10:04:55.036+0000] {logging_mixin.py:190} INFO - [2024-11-25T10:04:55.035+0000] {dag.py:4180} INFO - Setting next_dagrun for example_branch_dop_operator_v3 to 2024-11-25 10:03:00+00:00, run_after=2024-11-25 10:04:00+00:00
[2024-11-25T10:04:55.065+0000] {processor.py:208} INFO - Processing /home/airflow/.local/lib/python3.12/site-packages/airflow/example_dags/example_branch_python_dop_operator_3.py took 0.154 seconds
[2024-11-25T10:05:25.693+0000] {processor.py:186} INFO - Started process (PID=9371) to work on /home/airflow/.local/lib/python3.12/site-packages/airflow/example_dags/example_branch_python_dop_operator_3.py
[2024-11-25T10:05:25.694+0000] {processor.py:914} INFO - Processing file /home/airflow/.local/lib/python3.12/site-packages/airflow/example_dags/example_branch_python_dop_operator_3.py for tasks to queue
[2024-11-25T10:05:25.696+0000] {logging_mixin.py:190} INFO - [2024-11-25T10:05:25.695+0000] {dagbag.py:588} INFO - Filling up the DagBag from /home/airflow/.local/lib/python3.12/site-packages/airflow/example_dags/example_branch_python_dop_operator_3.py
[2024-11-25T10:05:25.709+0000] {processor.py:925} INFO - DAG(s) 'example_branch_dop_operator_v3' retrieved from /home/airflow/.local/lib/python3.12/site-packages/airflow/example_dags/example_branch_python_dop_operator_3.py
[2024-11-25T10:05:25.735+0000] {logging_mixin.py:190} INFO - [2024-11-25T10:05:25.735+0000] {dag.py:3239} INFO - Sync 1 DAGs
[2024-11-25T10:05:25.767+0000] {logging_mixin.py:190} INFO - [2024-11-25T10:05:25.767+0000] {dag.py:4180} INFO - Setting next_dagrun for example_branch_dop_operator_v3 to 2024-11-25 10:04:00+00:00, run_after=2024-11-25 10:05:00+00:00
[2024-11-25T10:05:25.795+0000] {processor.py:208} INFO - Processing /home/airflow/.local/lib/python3.12/site-packages/airflow/example_dags/example_branch_python_dop_operator_3.py took 0.109 seconds
[2024-11-25T10:05:56.404+0000] {processor.py:186} INFO - Started process (PID=9667) to work on /home/airflow/.local/lib/python3.12/site-packages/airflow/example_dags/example_branch_python_dop_operator_3.py
[2024-11-25T10:05:56.406+0000] {processor.py:914} INFO - Processing file /home/airflow/.local/lib/python3.12/site-packages/airflow/example_dags/example_branch_python_dop_operator_3.py for tasks to queue
[2024-11-25T10:05:56.408+0000] {logging_mixin.py:190} INFO - [2024-11-25T10:05:56.408+0000] {dagbag.py:588} INFO - Filling up the DagBag from /home/airflow/.local/lib/python3.12/site-packages/airflow/example_dags/example_branch_python_dop_operator_3.py
[2024-11-25T10:05:56.432+0000] {processor.py:925} INFO - DAG(s) 'example_branch_dop_operator_v3' retrieved from /home/airflow/.local/lib/python3.12/site-packages/airflow/example_dags/example_branch_python_dop_operator_3.py
[2024-11-25T10:05:56.461+0000] {logging_mixin.py:190} INFO - [2024-11-25T10:05:56.461+0000] {dag.py:3239} INFO - Sync 1 DAGs
[2024-11-25T10:05:56.493+0000] {logging_mixin.py:190} INFO - [2024-11-25T10:05:56.493+0000] {dag.py:4180} INFO - Setting next_dagrun for example_branch_dop_operator_v3 to 2024-11-25 10:04:00+00:00, run_after=2024-11-25 10:05:00+00:00
[2024-11-25T10:05:56.517+0000] {processor.py:208} INFO - Processing /home/airflow/.local/lib/python3.12/site-packages/airflow/example_dags/example_branch_python_dop_operator_3.py took 0.121 seconds
[2024-11-25T10:06:26.796+0000] {processor.py:186} INFO - Started process (PID=9971) to work on /home/airflow/.local/lib/python3.12/site-packages/airflow/example_dags/example_branch_python_dop_operator_3.py
[2024-11-25T10:06:26.798+0000] {processor.py:914} INFO - Processing file /home/airflow/.local/lib/python3.12/site-packages/airflow/example_dags/example_branch_python_dop_operator_3.py for tasks to queue
[2024-11-25T10:06:26.801+0000] {logging_mixin.py:190} INFO - [2024-11-25T10:06:26.800+0000] {dagbag.py:588} INFO - Filling up the DagBag from /home/airflow/.local/lib/python3.12/site-packages/airflow/example_dags/example_branch_python_dop_operator_3.py
[2024-11-25T10:06:26.821+0000] {processor.py:925} INFO - DAG(s) 'example_branch_dop_operator_v3' retrieved from /home/airflow/.local/lib/python3.12/site-packages/airflow/example_dags/example_branch_python_dop_operator_3.py
[2024-11-25T10:06:26.860+0000] {logging_mixin.py:190} INFO - [2024-11-25T10:06:26.859+0000] {dag.py:3239} INFO - Sync 1 DAGs
[2024-11-25T10:06:26.920+0000] {logging_mixin.py:190} INFO - [2024-11-25T10:06:26.920+0000] {dag.py:4180} INFO - Setting next_dagrun for example_branch_dop_operator_v3 to 2024-11-25 10:05:00+00:00, run_after=2024-11-25 10:06:00+00:00
[2024-11-25T10:06:26.954+0000] {processor.py:208} INFO - Processing /home/airflow/.local/lib/python3.12/site-packages/airflow/example_dags/example_branch_python_dop_operator_3.py took 0.168 seconds
[2024-11-25T10:06:57.427+0000] {processor.py:186} INFO - Started process (PID=10259) to work on /home/airflow/.local/lib/python3.12/site-packages/airflow/example_dags/example_branch_python_dop_operator_3.py
[2024-11-25T10:06:57.429+0000] {processor.py:914} INFO - Processing file /home/airflow/.local/lib/python3.12/site-packages/airflow/example_dags/example_branch_python_dop_operator_3.py for tasks to queue
[2024-11-25T10:06:57.431+0000] {logging_mixin.py:190} INFO - [2024-11-25T10:06:57.431+0000] {dagbag.py:588} INFO - Filling up the DagBag from /home/airflow/.local/lib/python3.12/site-packages/airflow/example_dags/example_branch_python_dop_operator_3.py
[2024-11-25T10:06:57.447+0000] {processor.py:925} INFO - DAG(s) 'example_branch_dop_operator_v3' retrieved from /home/airflow/.local/lib/python3.12/site-packages/airflow/example_dags/example_branch_python_dop_operator_3.py
[2024-11-25T10:06:57.474+0000] {logging_mixin.py:190} INFO - [2024-11-25T10:06:57.474+0000] {dag.py:3239} INFO - Sync 1 DAGs
[2024-11-25T10:06:57.510+0000] {logging_mixin.py:190} INFO - [2024-11-25T10:06:57.509+0000] {dag.py:4180} INFO - Setting next_dagrun for example_branch_dop_operator_v3 to 2024-11-25 10:05:00+00:00, run_after=2024-11-25 10:06:00+00:00
[2024-11-25T10:06:57.538+0000] {processor.py:208} INFO - Processing /home/airflow/.local/lib/python3.12/site-packages/airflow/example_dags/example_branch_python_dop_operator_3.py took 0.119 seconds
[2024-11-25T10:07:27.742+0000] {processor.py:186} INFO - Started process (PID=10555) to work on /home/airflow/.local/lib/python3.12/site-packages/airflow/example_dags/example_branch_python_dop_operator_3.py
[2024-11-25T10:07:27.744+0000] {processor.py:914} INFO - Processing file /home/airflow/.local/lib/python3.12/site-packages/airflow/example_dags/example_branch_python_dop_operator_3.py for tasks to queue
[2024-11-25T10:07:27.746+0000] {logging_mixin.py:190} INFO - [2024-11-25T10:07:27.745+0000] {dagbag.py:588} INFO - Filling up the DagBag from /home/airflow/.local/lib/python3.12/site-packages/airflow/example_dags/example_branch_python_dop_operator_3.py
[2024-11-25T10:07:27.758+0000] {processor.py:925} INFO - DAG(s) 'example_branch_dop_operator_v3' retrieved from /home/airflow/.local/lib/python3.12/site-packages/airflow/example_dags/example_branch_python_dop_operator_3.py
[2024-11-25T10:07:27.783+0000] {logging_mixin.py:190} INFO - [2024-11-25T10:07:27.783+0000] {dag.py:3239} INFO - Sync 1 DAGs
[2024-11-25T10:07:27.813+0000] {logging_mixin.py:190} INFO - [2024-11-25T10:07:27.813+0000] {dag.py:4180} INFO - Setting next_dagrun for example_branch_dop_operator_v3 to 2024-11-25 10:06:00+00:00, run_after=2024-11-25 10:07:00+00:00
[2024-11-25T10:07:27.838+0000] {processor.py:208} INFO - Processing /home/airflow/.local/lib/python3.12/site-packages/airflow/example_dags/example_branch_python_dop_operator_3.py took 0.102 seconds
[2024-11-25T10:07:57.998+0000] {processor.py:186} INFO - Started process (PID=10851) to work on /home/airflow/.local/lib/python3.12/site-packages/airflow/example_dags/example_branch_python_dop_operator_3.py
[2024-11-25T10:07:57.999+0000] {processor.py:914} INFO - Processing file /home/airflow/.local/lib/python3.12/site-packages/airflow/example_dags/example_branch_python_dop_operator_3.py for tasks to queue
[2024-11-25T10:07:58.000+0000] {logging_mixin.py:190} INFO - [2024-11-25T10:07:58.000+0000] {dagbag.py:588} INFO - Filling up the DagBag from /home/airflow/.local/lib/python3.12/site-packages/airflow/example_dags/example_branch_python_dop_operator_3.py
[2024-11-25T10:07:58.013+0000] {processor.py:925} INFO - DAG(s) 'example_branch_dop_operator_v3' retrieved from /home/airflow/.local/lib/python3.12/site-packages/airflow/example_dags/example_branch_python_dop_operator_3.py
[2024-11-25T10:07:58.040+0000] {logging_mixin.py:190} INFO - [2024-11-25T10:07:58.039+0000] {dag.py:3239} INFO - Sync 1 DAGs
[2024-11-25T10:07:58.071+0000] {logging_mixin.py:190} INFO - [2024-11-25T10:07:58.071+0000] {dag.py:4180} INFO - Setting next_dagrun for example_branch_dop_operator_v3 to 2024-11-25 10:06:00+00:00, run_after=2024-11-25 10:07:00+00:00
[2024-11-25T10:07:58.098+0000] {processor.py:208} INFO - Processing /home/airflow/.local/lib/python3.12/site-packages/airflow/example_dags/example_branch_python_dop_operator_3.py took 0.106 seconds
[2024-11-25T10:08:28.402+0000] {processor.py:186} INFO - Started process (PID=11147) to work on /home/airflow/.local/lib/python3.12/site-packages/airflow/example_dags/example_branch_python_dop_operator_3.py
[2024-11-25T10:08:28.404+0000] {processor.py:914} INFO - Processing file /home/airflow/.local/lib/python3.12/site-packages/airflow/example_dags/example_branch_python_dop_operator_3.py for tasks to queue
[2024-11-25T10:08:28.406+0000] {logging_mixin.py:190} INFO - [2024-11-25T10:08:28.405+0000] {dagbag.py:588} INFO - Filling up the DagBag from /home/airflow/.local/lib/python3.12/site-packages/airflow/example_dags/example_branch_python_dop_operator_3.py
[2024-11-25T10:08:28.420+0000] {processor.py:925} INFO - DAG(s) 'example_branch_dop_operator_v3' retrieved from /home/airflow/.local/lib/python3.12/site-packages/airflow/example_dags/example_branch_python_dop_operator_3.py
[2024-11-25T10:08:28.447+0000] {logging_mixin.py:190} INFO - [2024-11-25T10:08:28.447+0000] {dag.py:3239} INFO - Sync 1 DAGs
[2024-11-25T10:08:28.486+0000] {logging_mixin.py:190} INFO - [2024-11-25T10:08:28.485+0000] {dag.py:4180} INFO - Setting next_dagrun for example_branch_dop_operator_v3 to 2024-11-25 10:07:00+00:00, run_after=2024-11-25 10:08:00+00:00
[2024-11-25T10:08:28.511+0000] {processor.py:208} INFO - Processing /home/airflow/.local/lib/python3.12/site-packages/airflow/example_dags/example_branch_python_dop_operator_3.py took 0.116 seconds
[2024-11-25T10:08:58.919+0000] {processor.py:186} INFO - Started process (PID=11446) to work on /home/airflow/.local/lib/python3.12/site-packages/airflow/example_dags/example_branch_python_dop_operator_3.py
[2024-11-25T10:08:58.921+0000] {processor.py:914} INFO - Processing file /home/airflow/.local/lib/python3.12/site-packages/airflow/example_dags/example_branch_python_dop_operator_3.py for tasks to queue
[2024-11-25T10:08:58.924+0000] {logging_mixin.py:190} INFO - [2024-11-25T10:08:58.923+0000] {dagbag.py:588} INFO - Filling up the DagBag from /home/airflow/.local/lib/python3.12/site-packages/airflow/example_dags/example_branch_python_dop_operator_3.py
[2024-11-25T10:08:58.949+0000] {processor.py:925} INFO - DAG(s) 'example_branch_dop_operator_v3' retrieved from /home/airflow/.local/lib/python3.12/site-packages/airflow/example_dags/example_branch_python_dop_operator_3.py
[2024-11-25T10:08:58.981+0000] {logging_mixin.py:190} INFO - [2024-11-25T10:08:58.980+0000] {dag.py:3239} INFO - Sync 1 DAGs
[2024-11-25T10:08:59.028+0000] {logging_mixin.py:190} INFO - [2024-11-25T10:08:59.028+0000] {dag.py:4180} INFO - Setting next_dagrun for example_branch_dop_operator_v3 to 2024-11-25 10:07:00+00:00, run_after=2024-11-25 10:08:00+00:00
[2024-11-25T10:08:59.054+0000] {processor.py:208} INFO - Processing /home/airflow/.local/lib/python3.12/site-packages/airflow/example_dags/example_branch_python_dop_operator_3.py took 0.152 seconds
[2024-11-25T10:09:29.200+0000] {processor.py:186} INFO - Started process (PID=11742) to work on /home/airflow/.local/lib/python3.12/site-packages/airflow/example_dags/example_branch_python_dop_operator_3.py
[2024-11-25T10:09:29.201+0000] {processor.py:914} INFO - Processing file /home/airflow/.local/lib/python3.12/site-packages/airflow/example_dags/example_branch_python_dop_operator_3.py for tasks to queue
[2024-11-25T10:09:29.203+0000] {logging_mixin.py:190} INFO - [2024-11-25T10:09:29.203+0000] {dagbag.py:588} INFO - Filling up the DagBag from /home/airflow/.local/lib/python3.12/site-packages/airflow/example_dags/example_branch_python_dop_operator_3.py
[2024-11-25T10:09:29.217+0000] {processor.py:925} INFO - DAG(s) 'example_branch_dop_operator_v3' retrieved from /home/airflow/.local/lib/python3.12/site-packages/airflow/example_dags/example_branch_python_dop_operator_3.py
[2024-11-25T10:09:29.245+0000] {logging_mixin.py:190} INFO - [2024-11-25T10:09:29.244+0000] {dag.py:3239} INFO - Sync 1 DAGs
[2024-11-25T10:09:29.279+0000] {logging_mixin.py:190} INFO - [2024-11-25T10:09:29.279+0000] {dag.py:4180} INFO - Setting next_dagrun for example_branch_dop_operator_v3 to 2024-11-25 10:08:00+00:00, run_after=2024-11-25 10:09:00+00:00
[2024-11-25T10:09:29.306+0000] {processor.py:208} INFO - Processing /home/airflow/.local/lib/python3.12/site-packages/airflow/example_dags/example_branch_python_dop_operator_3.py took 0.113 seconds
[2024-11-25T10:09:59.382+0000] {processor.py:186} INFO - Started process (PID=12039) to work on /home/airflow/.local/lib/python3.12/site-packages/airflow/example_dags/example_branch_python_dop_operator_3.py
[2024-11-25T10:09:59.383+0000] {processor.py:914} INFO - Processing file /home/airflow/.local/lib/python3.12/site-packages/airflow/example_dags/example_branch_python_dop_operator_3.py for tasks to queue
[2024-11-25T10:09:59.385+0000] {logging_mixin.py:190} INFO - [2024-11-25T10:09:59.385+0000] {dagbag.py:588} INFO - Filling up the DagBag from /home/airflow/.local/lib/python3.12/site-packages/airflow/example_dags/example_branch_python_dop_operator_3.py
[2024-11-25T10:09:59.401+0000] {processor.py:925} INFO - DAG(s) 'example_branch_dop_operator_v3' retrieved from /home/airflow/.local/lib/python3.12/site-packages/airflow/example_dags/example_branch_python_dop_operator_3.py
[2024-11-25T10:09:59.427+0000] {logging_mixin.py:190} INFO - [2024-11-25T10:09:59.427+0000] {dag.py:3239} INFO - Sync 1 DAGs
[2024-11-25T10:09:59.459+0000] {logging_mixin.py:190} INFO - [2024-11-25T10:09:59.459+0000] {dag.py:4180} INFO - Setting next_dagrun for example_branch_dop_operator_v3 to 2024-11-25 10:08:00+00:00, run_after=2024-11-25 10:09:00+00:00
[2024-11-25T10:09:59.486+0000] {processor.py:208} INFO - Processing /home/airflow/.local/lib/python3.12/site-packages/airflow/example_dags/example_branch_python_dop_operator_3.py took 0.112 seconds
[2024-11-25T10:10:29.791+0000] {processor.py:186} INFO - Started process (PID=12332) to work on /home/airflow/.local/lib/python3.12/site-packages/airflow/example_dags/example_branch_python_dop_operator_3.py
[2024-11-25T10:10:29.792+0000] {processor.py:914} INFO - Processing file /home/airflow/.local/lib/python3.12/site-packages/airflow/example_dags/example_branch_python_dop_operator_3.py for tasks to queue
[2024-11-25T10:10:29.794+0000] {logging_mixin.py:190} INFO - [2024-11-25T10:10:29.793+0000] {dagbag.py:588} INFO - Filling up the DagBag from /home/airflow/.local/lib/python3.12/site-packages/airflow/example_dags/example_branch_python_dop_operator_3.py
[2024-11-25T10:10:29.807+0000] {processor.py:925} INFO - DAG(s) 'example_branch_dop_operator_v3' retrieved from /home/airflow/.local/lib/python3.12/site-packages/airflow/example_dags/example_branch_python_dop_operator_3.py
[2024-11-25T10:10:29.834+0000] {logging_mixin.py:190} INFO - [2024-11-25T10:10:29.833+0000] {dag.py:3239} INFO - Sync 1 DAGs
[2024-11-25T10:10:29.863+0000] {logging_mixin.py:190} INFO - [2024-11-25T10:10:29.863+0000] {dag.py:4180} INFO - Setting next_dagrun for example_branch_dop_operator_v3 to 2024-11-25 10:09:00+00:00, run_after=2024-11-25 10:10:00+00:00
[2024-11-25T10:10:29.886+0000] {processor.py:208} INFO - Processing /home/airflow/.local/lib/python3.12/site-packages/airflow/example_dags/example_branch_python_dop_operator_3.py took 0.101 seconds
[2024-11-25T10:11:00.788+0000] {processor.py:186} INFO - Started process (PID=12618) to work on /home/airflow/.local/lib/python3.12/site-packages/airflow/example_dags/example_branch_python_dop_operator_3.py
[2024-11-25T10:11:00.789+0000] {processor.py:914} INFO - Processing file /home/airflow/.local/lib/python3.12/site-packages/airflow/example_dags/example_branch_python_dop_operator_3.py for tasks to queue
[2024-11-25T10:11:00.791+0000] {logging_mixin.py:190} INFO - [2024-11-25T10:11:00.791+0000] {dagbag.py:588} INFO - Filling up the DagBag from /home/airflow/.local/lib/python3.12/site-packages/airflow/example_dags/example_branch_python_dop_operator_3.py
[2024-11-25T10:11:00.804+0000] {processor.py:925} INFO - DAG(s) 'example_branch_dop_operator_v3' retrieved from /home/airflow/.local/lib/python3.12/site-packages/airflow/example_dags/example_branch_python_dop_operator_3.py
[2024-11-25T10:11:00.828+0000] {logging_mixin.py:190} INFO - [2024-11-25T10:11:00.827+0000] {dag.py:3239} INFO - Sync 1 DAGs
[2024-11-25T10:11:00.859+0000] {logging_mixin.py:190} INFO - [2024-11-25T10:11:00.858+0000] {dag.py:4180} INFO - Setting next_dagrun for example_branch_dop_operator_v3 to 2024-11-25 10:10:00+00:00, run_after=2024-11-25 10:11:00+00:00
[2024-11-25T10:11:00.882+0000] {processor.py:208} INFO - Processing /home/airflow/.local/lib/python3.12/site-packages/airflow/example_dags/example_branch_python_dop_operator_3.py took 0.100 seconds
[2024-11-25T10:11:31.153+0000] {processor.py:186} INFO - Started process (PID=12914) to work on /home/airflow/.local/lib/python3.12/site-packages/airflow/example_dags/example_branch_python_dop_operator_3.py
[2024-11-25T10:11:31.156+0000] {processor.py:914} INFO - Processing file /home/airflow/.local/lib/python3.12/site-packages/airflow/example_dags/example_branch_python_dop_operator_3.py for tasks to queue
[2024-11-25T10:11:31.159+0000] {logging_mixin.py:190} INFO - [2024-11-25T10:11:31.158+0000] {dagbag.py:588} INFO - Filling up the DagBag from /home/airflow/.local/lib/python3.12/site-packages/airflow/example_dags/example_branch_python_dop_operator_3.py
[2024-11-25T10:11:31.204+0000] {processor.py:925} INFO - DAG(s) 'example_branch_dop_operator_v3' retrieved from /home/airflow/.local/lib/python3.12/site-packages/airflow/example_dags/example_branch_python_dop_operator_3.py
[2024-11-25T10:11:31.257+0000] {logging_mixin.py:190} INFO - [2024-11-25T10:11:31.257+0000] {dag.py:3239} INFO - Sync 1 DAGs
[2024-11-25T10:11:31.340+0000] {logging_mixin.py:190} INFO - [2024-11-25T10:11:31.339+0000] {dag.py:4180} INFO - Setting next_dagrun for example_branch_dop_operator_v3 to 2024-11-25 10:10:00+00:00, run_after=2024-11-25 10:11:00+00:00
[2024-11-25T10:11:31.396+0000] {processor.py:208} INFO - Processing /home/airflow/.local/lib/python3.12/site-packages/airflow/example_dags/example_branch_python_dop_operator_3.py took 0.261 seconds
