[2024-11-25T09:49:42.769+0000] {processor.py:186} INFO - Started process (PID=340) to work on /home/airflow/.local/lib/python3.12/site-packages/airflow/example_dags/example_branch_operator.py
[2024-11-25T09:49:42.771+0000] {processor.py:914} INFO - Processing file /home/airflow/.local/lib/python3.12/site-packages/airflow/example_dags/example_branch_operator.py for tasks to queue
[2024-11-25T09:49:42.775+0000] {logging_mixin.py:190} INFO - [2024-11-25T09:49:42.774+0000] {dagbag.py:588} INFO - Filling up the DagBag from /home/airflow/.local/lib/python3.12/site-packages/airflow/example_dags/example_branch_operator.py
[2024-11-25T09:49:42.802+0000] {processor.py:925} INFO - DAG(s) 'example_branch_operator' retrieved from /home/airflow/.local/lib/python3.12/site-packages/airflow/example_dags/example_branch_operator.py
[2024-11-25T09:49:42.991+0000] {logging_mixin.py:190} INFO - [2024-11-25T09:49:42.991+0000] {dag.py:3239} INFO - Sync 1 DAGs
[2024-11-25T09:49:43.027+0000] {logging_mixin.py:190} INFO - [2024-11-25T09:49:43.026+0000] {dag.py:4180} INFO - Setting next_dagrun for example_branch_operator to 2024-11-24 00:00:00+00:00, run_after=2024-11-25 00:00:00+00:00
[2024-11-25T09:49:43.065+0000] {processor.py:208} INFO - Processing /home/airflow/.local/lib/python3.12/site-packages/airflow/example_dags/example_branch_operator.py took 0.306 seconds
[2024-11-25T09:50:13.861+0000] {processor.py:186} INFO - Started process (PID=636) to work on /home/airflow/.local/lib/python3.12/site-packages/airflow/example_dags/example_branch_operator.py
[2024-11-25T09:50:13.863+0000] {processor.py:914} INFO - Processing file /home/airflow/.local/lib/python3.12/site-packages/airflow/example_dags/example_branch_operator.py for tasks to queue
[2024-11-25T09:50:13.866+0000] {logging_mixin.py:190} INFO - [2024-11-25T09:50:13.865+0000] {dagbag.py:588} INFO - Filling up the DagBag from /home/airflow/.local/lib/python3.12/site-packages/airflow/example_dags/example_branch_operator.py
[2024-11-25T09:50:13.888+0000] {processor.py:925} INFO - DAG(s) 'example_branch_operator' retrieved from /home/airflow/.local/lib/python3.12/site-packages/airflow/example_dags/example_branch_operator.py
[2024-11-25T09:50:13.921+0000] {logging_mixin.py:190} INFO - [2024-11-25T09:50:13.921+0000] {dag.py:3239} INFO - Sync 1 DAGs
[2024-11-25T09:50:13.948+0000] {logging_mixin.py:190} INFO - [2024-11-25T09:50:13.948+0000] {dag.py:4180} INFO - Setting next_dagrun for example_branch_operator to 2024-11-24 00:00:00+00:00, run_after=2024-11-25 00:00:00+00:00
[2024-11-25T09:50:13.973+0000] {processor.py:208} INFO - Processing /home/airflow/.local/lib/python3.12/site-packages/airflow/example_dags/example_branch_operator.py took 0.119 seconds
[2024-11-25T09:50:44.633+0000] {processor.py:186} INFO - Started process (PID=942) to work on /home/airflow/.local/lib/python3.12/site-packages/airflow/example_dags/example_branch_operator.py
[2024-11-25T09:50:44.635+0000] {processor.py:914} INFO - Processing file /home/airflow/.local/lib/python3.12/site-packages/airflow/example_dags/example_branch_operator.py for tasks to queue
[2024-11-25T09:50:44.636+0000] {logging_mixin.py:190} INFO - [2024-11-25T09:50:44.636+0000] {dagbag.py:588} INFO - Filling up the DagBag from /home/airflow/.local/lib/python3.12/site-packages/airflow/example_dags/example_branch_operator.py
[2024-11-25T09:50:44.657+0000] {processor.py:925} INFO - DAG(s) 'example_branch_operator' retrieved from /home/airflow/.local/lib/python3.12/site-packages/airflow/example_dags/example_branch_operator.py
[2024-11-25T09:50:44.691+0000] {logging_mixin.py:190} INFO - [2024-11-25T09:50:44.690+0000] {dag.py:3239} INFO - Sync 1 DAGs
[2024-11-25T09:50:44.727+0000] {logging_mixin.py:190} INFO - [2024-11-25T09:50:44.727+0000] {dag.py:4180} INFO - Setting next_dagrun for example_branch_operator to 2024-11-24 00:00:00+00:00, run_after=2024-11-25 00:00:00+00:00
[2024-11-25T09:50:44.757+0000] {processor.py:208} INFO - Processing /home/airflow/.local/lib/python3.12/site-packages/airflow/example_dags/example_branch_operator.py took 0.130 seconds
[2024-11-25T09:51:15.718+0000] {processor.py:186} INFO - Started process (PID=1248) to work on /home/airflow/.local/lib/python3.12/site-packages/airflow/example_dags/example_branch_operator.py
[2024-11-25T09:51:15.721+0000] {processor.py:914} INFO - Processing file /home/airflow/.local/lib/python3.12/site-packages/airflow/example_dags/example_branch_operator.py for tasks to queue
[2024-11-25T09:51:15.723+0000] {logging_mixin.py:190} INFO - [2024-11-25T09:51:15.722+0000] {dagbag.py:588} INFO - Filling up the DagBag from /home/airflow/.local/lib/python3.12/site-packages/airflow/example_dags/example_branch_operator.py
[2024-11-25T09:51:15.751+0000] {processor.py:925} INFO - DAG(s) 'example_branch_operator' retrieved from /home/airflow/.local/lib/python3.12/site-packages/airflow/example_dags/example_branch_operator.py
[2024-11-25T09:51:15.801+0000] {logging_mixin.py:190} INFO - [2024-11-25T09:51:15.800+0000] {dag.py:3239} INFO - Sync 1 DAGs
[2024-11-25T09:51:15.840+0000] {logging_mixin.py:190} INFO - [2024-11-25T09:51:15.840+0000] {dag.py:4180} INFO - Setting next_dagrun for example_branch_operator to 2024-11-24 00:00:00+00:00, run_after=2024-11-25 00:00:00+00:00
[2024-11-25T09:51:15.869+0000] {processor.py:208} INFO - Processing /home/airflow/.local/lib/python3.12/site-packages/airflow/example_dags/example_branch_operator.py took 0.158 seconds
[2024-11-25T09:51:46.414+0000] {processor.py:186} INFO - Started process (PID=1549) to work on /home/airflow/.local/lib/python3.12/site-packages/airflow/example_dags/example_branch_operator.py
[2024-11-25T09:51:46.419+0000] {processor.py:914} INFO - Processing file /home/airflow/.local/lib/python3.12/site-packages/airflow/example_dags/example_branch_operator.py for tasks to queue
[2024-11-25T09:51:46.432+0000] {logging_mixin.py:190} INFO - [2024-11-25T09:51:46.429+0000] {dagbag.py:588} INFO - Filling up the DagBag from /home/airflow/.local/lib/python3.12/site-packages/airflow/example_dags/example_branch_operator.py
[2024-11-25T09:51:46.509+0000] {processor.py:925} INFO - DAG(s) 'example_branch_operator' retrieved from /home/airflow/.local/lib/python3.12/site-packages/airflow/example_dags/example_branch_operator.py
[2024-11-25T09:51:46.570+0000] {logging_mixin.py:190} INFO - [2024-11-25T09:51:46.570+0000] {dag.py:3239} INFO - Sync 1 DAGs
[2024-11-25T09:51:46.616+0000] {logging_mixin.py:190} INFO - [2024-11-25T09:51:46.616+0000] {dag.py:4180} INFO - Setting next_dagrun for example_branch_operator to 2024-11-24 00:00:00+00:00, run_after=2024-11-25 00:00:00+00:00
[2024-11-25T09:51:46.654+0000] {processor.py:208} INFO - Processing /home/airflow/.local/lib/python3.12/site-packages/airflow/example_dags/example_branch_operator.py took 0.249 seconds
[2024-11-25T09:52:19.486+0000] {processor.py:186} INFO - Started process (PID=1850) to work on /home/airflow/.local/lib/python3.12/site-packages/airflow/example_dags/example_branch_operator.py
[2024-11-25T09:52:19.488+0000] {processor.py:914} INFO - Processing file /home/airflow/.local/lib/python3.12/site-packages/airflow/example_dags/example_branch_operator.py for tasks to queue
[2024-11-25T09:52:19.490+0000] {logging_mixin.py:190} INFO - [2024-11-25T09:52:19.490+0000] {dagbag.py:588} INFO - Filling up the DagBag from /home/airflow/.local/lib/python3.12/site-packages/airflow/example_dags/example_branch_operator.py
[2024-11-25T09:52:19.516+0000] {processor.py:925} INFO - DAG(s) 'example_branch_operator' retrieved from /home/airflow/.local/lib/python3.12/site-packages/airflow/example_dags/example_branch_operator.py
[2024-11-25T09:52:19.552+0000] {logging_mixin.py:190} INFO - [2024-11-25T09:52:19.552+0000] {dag.py:3239} INFO - Sync 1 DAGs
[2024-11-25T09:52:19.599+0000] {logging_mixin.py:190} INFO - [2024-11-25T09:52:19.598+0000] {dag.py:4180} INFO - Setting next_dagrun for example_branch_operator to 2024-11-24 00:00:00+00:00, run_after=2024-11-25 00:00:00+00:00
[2024-11-25T09:52:19.627+0000] {processor.py:208} INFO - Processing /home/airflow/.local/lib/python3.12/site-packages/airflow/example_dags/example_branch_operator.py took 0.151 seconds
[2024-11-25T09:52:50.577+0000] {processor.py:186} INFO - Started process (PID=2141) to work on /home/airflow/.local/lib/python3.12/site-packages/airflow/example_dags/example_branch_operator.py
[2024-11-25T09:52:50.583+0000] {processor.py:914} INFO - Processing file /home/airflow/.local/lib/python3.12/site-packages/airflow/example_dags/example_branch_operator.py for tasks to queue
[2024-11-25T09:52:50.586+0000] {logging_mixin.py:190} INFO - [2024-11-25T09:52:50.585+0000] {dagbag.py:588} INFO - Filling up the DagBag from /home/airflow/.local/lib/python3.12/site-packages/airflow/example_dags/example_branch_operator.py
[2024-11-25T09:52:50.637+0000] {processor.py:925} INFO - DAG(s) 'example_branch_operator' retrieved from /home/airflow/.local/lib/python3.12/site-packages/airflow/example_dags/example_branch_operator.py
[2024-11-25T09:52:50.719+0000] {logging_mixin.py:190} INFO - [2024-11-25T09:52:50.718+0000] {dag.py:3239} INFO - Sync 1 DAGs
[2024-11-25T09:52:50.775+0000] {logging_mixin.py:190} INFO - [2024-11-25T09:52:50.774+0000] {dag.py:4180} INFO - Setting next_dagrun for example_branch_operator to 2024-11-24 00:00:00+00:00, run_after=2024-11-25 00:00:00+00:00
[2024-11-25T09:52:50.812+0000] {processor.py:208} INFO - Processing /home/airflow/.local/lib/python3.12/site-packages/airflow/example_dags/example_branch_operator.py took 0.250 seconds
[2024-11-25T09:53:21.331+0000] {processor.py:186} INFO - Started process (PID=2434) to work on /home/airflow/.local/lib/python3.12/site-packages/airflow/example_dags/example_branch_operator.py
[2024-11-25T09:53:21.333+0000] {processor.py:914} INFO - Processing file /home/airflow/.local/lib/python3.12/site-packages/airflow/example_dags/example_branch_operator.py for tasks to queue
[2024-11-25T09:53:21.335+0000] {logging_mixin.py:190} INFO - [2024-11-25T09:53:21.335+0000] {dagbag.py:588} INFO - Filling up the DagBag from /home/airflow/.local/lib/python3.12/site-packages/airflow/example_dags/example_branch_operator.py
[2024-11-25T09:53:21.366+0000] {processor.py:925} INFO - DAG(s) 'example_branch_operator' retrieved from /home/airflow/.local/lib/python3.12/site-packages/airflow/example_dags/example_branch_operator.py
[2024-11-25T09:53:21.414+0000] {logging_mixin.py:190} INFO - [2024-11-25T09:53:21.413+0000] {dag.py:3239} INFO - Sync 1 DAGs
[2024-11-25T09:53:21.458+0000] {logging_mixin.py:190} INFO - [2024-11-25T09:53:21.457+0000] {dag.py:4180} INFO - Setting next_dagrun for example_branch_operator to 2024-11-24 00:00:00+00:00, run_after=2024-11-25 00:00:00+00:00
[2024-11-25T09:53:21.489+0000] {processor.py:208} INFO - Processing /home/airflow/.local/lib/python3.12/site-packages/airflow/example_dags/example_branch_operator.py took 0.167 seconds
[2024-11-25T09:53:51.779+0000] {processor.py:186} INFO - Started process (PID=2730) to work on /home/airflow/.local/lib/python3.12/site-packages/airflow/example_dags/example_branch_operator.py
[2024-11-25T09:53:51.781+0000] {processor.py:914} INFO - Processing file /home/airflow/.local/lib/python3.12/site-packages/airflow/example_dags/example_branch_operator.py for tasks to queue
[2024-11-25T09:53:51.782+0000] {logging_mixin.py:190} INFO - [2024-11-25T09:53:51.782+0000] {dagbag.py:588} INFO - Filling up the DagBag from /home/airflow/.local/lib/python3.12/site-packages/airflow/example_dags/example_branch_operator.py
[2024-11-25T09:53:51.803+0000] {processor.py:925} INFO - DAG(s) 'example_branch_operator' retrieved from /home/airflow/.local/lib/python3.12/site-packages/airflow/example_dags/example_branch_operator.py
[2024-11-25T09:53:51.838+0000] {logging_mixin.py:190} INFO - [2024-11-25T09:53:51.837+0000] {dag.py:3239} INFO - Sync 1 DAGs
[2024-11-25T09:53:51.868+0000] {logging_mixin.py:190} INFO - [2024-11-25T09:53:51.868+0000] {dag.py:4180} INFO - Setting next_dagrun for example_branch_operator to 2024-11-24 00:00:00+00:00, run_after=2024-11-25 00:00:00+00:00
[2024-11-25T09:53:51.893+0000] {processor.py:208} INFO - Processing /home/airflow/.local/lib/python3.12/site-packages/airflow/example_dags/example_branch_operator.py took 0.122 seconds
[2024-11-25T09:54:22.521+0000] {processor.py:186} INFO - Started process (PID=3024) to work on /home/airflow/.local/lib/python3.12/site-packages/airflow/example_dags/example_branch_operator.py
[2024-11-25T09:54:22.523+0000] {processor.py:914} INFO - Processing file /home/airflow/.local/lib/python3.12/site-packages/airflow/example_dags/example_branch_operator.py for tasks to queue
[2024-11-25T09:54:22.525+0000] {logging_mixin.py:190} INFO - [2024-11-25T09:54:22.525+0000] {dagbag.py:588} INFO - Filling up the DagBag from /home/airflow/.local/lib/python3.12/site-packages/airflow/example_dags/example_branch_operator.py
[2024-11-25T09:54:22.561+0000] {processor.py:925} INFO - DAG(s) 'example_branch_operator' retrieved from /home/airflow/.local/lib/python3.12/site-packages/airflow/example_dags/example_branch_operator.py
[2024-11-25T09:54:22.595+0000] {logging_mixin.py:190} INFO - [2024-11-25T09:54:22.595+0000] {dag.py:3239} INFO - Sync 1 DAGs
[2024-11-25T09:54:22.623+0000] {logging_mixin.py:190} INFO - [2024-11-25T09:54:22.622+0000] {dag.py:4180} INFO - Setting next_dagrun for example_branch_operator to 2024-11-24 00:00:00+00:00, run_after=2024-11-25 00:00:00+00:00
[2024-11-25T09:54:22.644+0000] {processor.py:208} INFO - Processing /home/airflow/.local/lib/python3.12/site-packages/airflow/example_dags/example_branch_operator.py took 0.129 seconds
[2024-11-25T09:54:53.068+0000] {processor.py:186} INFO - Started process (PID=3320) to work on /home/airflow/.local/lib/python3.12/site-packages/airflow/example_dags/example_branch_operator.py
[2024-11-25T09:54:53.070+0000] {processor.py:914} INFO - Processing file /home/airflow/.local/lib/python3.12/site-packages/airflow/example_dags/example_branch_operator.py for tasks to queue
[2024-11-25T09:54:53.072+0000] {logging_mixin.py:190} INFO - [2024-11-25T09:54:53.071+0000] {dagbag.py:588} INFO - Filling up the DagBag from /home/airflow/.local/lib/python3.12/site-packages/airflow/example_dags/example_branch_operator.py
[2024-11-25T09:54:53.094+0000] {processor.py:925} INFO - DAG(s) 'example_branch_operator' retrieved from /home/airflow/.local/lib/python3.12/site-packages/airflow/example_dags/example_branch_operator.py
[2024-11-25T09:54:53.127+0000] {logging_mixin.py:190} INFO - [2024-11-25T09:54:53.126+0000] {dag.py:3239} INFO - Sync 1 DAGs
[2024-11-25T09:54:53.156+0000] {logging_mixin.py:190} INFO - [2024-11-25T09:54:53.156+0000] {dag.py:4180} INFO - Setting next_dagrun for example_branch_operator to 2024-11-24 00:00:00+00:00, run_after=2024-11-25 00:00:00+00:00
[2024-11-25T09:54:53.181+0000] {processor.py:208} INFO - Processing /home/airflow/.local/lib/python3.12/site-packages/airflow/example_dags/example_branch_operator.py took 0.124 seconds
[2024-11-25T09:55:23.958+0000] {processor.py:186} INFO - Started process (PID=3616) to work on /home/airflow/.local/lib/python3.12/site-packages/airflow/example_dags/example_branch_operator.py
[2024-11-25T09:55:23.960+0000] {processor.py:914} INFO - Processing file /home/airflow/.local/lib/python3.12/site-packages/airflow/example_dags/example_branch_operator.py for tasks to queue
[2024-11-25T09:55:23.969+0000] {logging_mixin.py:190} INFO - [2024-11-25T09:55:23.968+0000] {dagbag.py:588} INFO - Filling up the DagBag from /home/airflow/.local/lib/python3.12/site-packages/airflow/example_dags/example_branch_operator.py
[2024-11-25T09:55:24.017+0000] {processor.py:925} INFO - DAG(s) 'example_branch_operator' retrieved from /home/airflow/.local/lib/python3.12/site-packages/airflow/example_dags/example_branch_operator.py
[2024-11-25T09:55:24.083+0000] {logging_mixin.py:190} INFO - [2024-11-25T09:55:24.083+0000] {dag.py:3239} INFO - Sync 1 DAGs
[2024-11-25T09:55:24.133+0000] {logging_mixin.py:190} INFO - [2024-11-25T09:55:24.132+0000] {dag.py:4180} INFO - Setting next_dagrun for example_branch_operator to 2024-11-24 00:00:00+00:00, run_after=2024-11-25 00:00:00+00:00
[2024-11-25T09:55:24.171+0000] {processor.py:208} INFO - Processing /home/airflow/.local/lib/python3.12/site-packages/airflow/example_dags/example_branch_operator.py took 0.230 seconds
[2024-11-25T09:55:54.342+0000] {processor.py:186} INFO - Started process (PID=3910) to work on /home/airflow/.local/lib/python3.12/site-packages/airflow/example_dags/example_branch_operator.py
[2024-11-25T09:55:54.344+0000] {processor.py:914} INFO - Processing file /home/airflow/.local/lib/python3.12/site-packages/airflow/example_dags/example_branch_operator.py for tasks to queue
[2024-11-25T09:55:54.345+0000] {logging_mixin.py:190} INFO - [2024-11-25T09:55:54.345+0000] {dagbag.py:588} INFO - Filling up the DagBag from /home/airflow/.local/lib/python3.12/site-packages/airflow/example_dags/example_branch_operator.py
[2024-11-25T09:55:54.365+0000] {processor.py:925} INFO - DAG(s) 'example_branch_operator' retrieved from /home/airflow/.local/lib/python3.12/site-packages/airflow/example_dags/example_branch_operator.py
[2024-11-25T09:55:54.394+0000] {logging_mixin.py:190} INFO - [2024-11-25T09:55:54.393+0000] {dag.py:3239} INFO - Sync 1 DAGs
[2024-11-25T09:55:54.419+0000] {logging_mixin.py:190} INFO - [2024-11-25T09:55:54.419+0000] {dag.py:4180} INFO - Setting next_dagrun for example_branch_operator to 2024-11-24 00:00:00+00:00, run_after=2024-11-25 00:00:00+00:00
[2024-11-25T09:55:54.444+0000] {processor.py:208} INFO - Processing /home/airflow/.local/lib/python3.12/site-packages/airflow/example_dags/example_branch_operator.py took 0.108 seconds
[2024-11-25T09:56:25.135+0000] {processor.py:186} INFO - Started process (PID=4209) to work on /home/airflow/.local/lib/python3.12/site-packages/airflow/example_dags/example_branch_operator.py
[2024-11-25T09:56:25.136+0000] {processor.py:914} INFO - Processing file /home/airflow/.local/lib/python3.12/site-packages/airflow/example_dags/example_branch_operator.py for tasks to queue
[2024-11-25T09:56:25.138+0000] {logging_mixin.py:190} INFO - [2024-11-25T09:56:25.138+0000] {dagbag.py:588} INFO - Filling up the DagBag from /home/airflow/.local/lib/python3.12/site-packages/airflow/example_dags/example_branch_operator.py
[2024-11-25T09:56:25.159+0000] {processor.py:925} INFO - DAG(s) 'example_branch_operator' retrieved from /home/airflow/.local/lib/python3.12/site-packages/airflow/example_dags/example_branch_operator.py
[2024-11-25T09:56:25.190+0000] {logging_mixin.py:190} INFO - [2024-11-25T09:56:25.189+0000] {dag.py:3239} INFO - Sync 1 DAGs
[2024-11-25T09:56:25.215+0000] {logging_mixin.py:190} INFO - [2024-11-25T09:56:25.215+0000] {dag.py:4180} INFO - Setting next_dagrun for example_branch_operator to 2024-11-24 00:00:00+00:00, run_after=2024-11-25 00:00:00+00:00
[2024-11-25T09:56:25.239+0000] {processor.py:208} INFO - Processing /home/airflow/.local/lib/python3.12/site-packages/airflow/example_dags/example_branch_operator.py took 0.110 seconds
[2024-11-25T09:56:55.978+0000] {processor.py:186} INFO - Started process (PID=4505) to work on /home/airflow/.local/lib/python3.12/site-packages/airflow/example_dags/example_branch_operator.py
[2024-11-25T09:56:55.979+0000] {processor.py:914} INFO - Processing file /home/airflow/.local/lib/python3.12/site-packages/airflow/example_dags/example_branch_operator.py for tasks to queue
[2024-11-25T09:56:55.982+0000] {logging_mixin.py:190} INFO - [2024-11-25T09:56:55.981+0000] {dagbag.py:588} INFO - Filling up the DagBag from /home/airflow/.local/lib/python3.12/site-packages/airflow/example_dags/example_branch_operator.py
[2024-11-25T09:56:56.011+0000] {processor.py:925} INFO - DAG(s) 'example_branch_operator' retrieved from /home/airflow/.local/lib/python3.12/site-packages/airflow/example_dags/example_branch_operator.py
[2024-11-25T09:56:56.042+0000] {logging_mixin.py:190} INFO - [2024-11-25T09:56:56.041+0000] {dag.py:3239} INFO - Sync 1 DAGs
[2024-11-25T09:56:56.070+0000] {logging_mixin.py:190} INFO - [2024-11-25T09:56:56.069+0000] {dag.py:4180} INFO - Setting next_dagrun for example_branch_operator to 2024-11-24 00:00:00+00:00, run_after=2024-11-25 00:00:00+00:00
[2024-11-25T09:56:56.095+0000] {processor.py:208} INFO - Processing /home/airflow/.local/lib/python3.12/site-packages/airflow/example_dags/example_branch_operator.py took 0.124 seconds
[2024-11-25T09:57:26.230+0000] {processor.py:186} INFO - Started process (PID=4803) to work on /home/airflow/.local/lib/python3.12/site-packages/airflow/example_dags/example_branch_operator.py
[2024-11-25T09:57:26.231+0000] {processor.py:914} INFO - Processing file /home/airflow/.local/lib/python3.12/site-packages/airflow/example_dags/example_branch_operator.py for tasks to queue
[2024-11-25T09:57:26.233+0000] {logging_mixin.py:190} INFO - [2024-11-25T09:57:26.232+0000] {dagbag.py:588} INFO - Filling up the DagBag from /home/airflow/.local/lib/python3.12/site-packages/airflow/example_dags/example_branch_operator.py
[2024-11-25T09:57:26.252+0000] {processor.py:925} INFO - DAG(s) 'example_branch_operator' retrieved from /home/airflow/.local/lib/python3.12/site-packages/airflow/example_dags/example_branch_operator.py
[2024-11-25T09:57:26.287+0000] {logging_mixin.py:190} INFO - [2024-11-25T09:57:26.287+0000] {dag.py:3239} INFO - Sync 1 DAGs
[2024-11-25T09:57:26.320+0000] {logging_mixin.py:190} INFO - [2024-11-25T09:57:26.320+0000] {dag.py:4180} INFO - Setting next_dagrun for example_branch_operator to 2024-11-24 00:00:00+00:00, run_after=2024-11-25 00:00:00+00:00
[2024-11-25T09:57:26.344+0000] {processor.py:208} INFO - Processing /home/airflow/.local/lib/python3.12/site-packages/airflow/example_dags/example_branch_operator.py took 0.121 seconds
[2024-11-25T09:57:57.001+0000] {processor.py:186} INFO - Started process (PID=5102) to work on /home/airflow/.local/lib/python3.12/site-packages/airflow/example_dags/example_branch_operator.py
[2024-11-25T09:57:57.003+0000] {processor.py:914} INFO - Processing file /home/airflow/.local/lib/python3.12/site-packages/airflow/example_dags/example_branch_operator.py for tasks to queue
[2024-11-25T09:57:57.005+0000] {logging_mixin.py:190} INFO - [2024-11-25T09:57:57.004+0000] {dagbag.py:588} INFO - Filling up the DagBag from /home/airflow/.local/lib/python3.12/site-packages/airflow/example_dags/example_branch_operator.py
[2024-11-25T09:57:57.030+0000] {processor.py:925} INFO - DAG(s) 'example_branch_operator' retrieved from /home/airflow/.local/lib/python3.12/site-packages/airflow/example_dags/example_branch_operator.py
[2024-11-25T09:57:57.071+0000] {logging_mixin.py:190} INFO - [2024-11-25T09:57:57.070+0000] {dag.py:3239} INFO - Sync 1 DAGs
[2024-11-25T09:57:57.112+0000] {logging_mixin.py:190} INFO - [2024-11-25T09:57:57.112+0000] {dag.py:4180} INFO - Setting next_dagrun for example_branch_operator to 2024-11-24 00:00:00+00:00, run_after=2024-11-25 00:00:00+00:00
[2024-11-25T09:57:57.140+0000] {processor.py:208} INFO - Processing /home/airflow/.local/lib/python3.12/site-packages/airflow/example_dags/example_branch_operator.py took 0.146 seconds
[2024-11-25T09:58:27.364+0000] {processor.py:186} INFO - Started process (PID=5398) to work on /home/airflow/.local/lib/python3.12/site-packages/airflow/example_dags/example_branch_operator.py
[2024-11-25T09:58:27.365+0000] {processor.py:914} INFO - Processing file /home/airflow/.local/lib/python3.12/site-packages/airflow/example_dags/example_branch_operator.py for tasks to queue
[2024-11-25T09:58:27.367+0000] {logging_mixin.py:190} INFO - [2024-11-25T09:58:27.366+0000] {dagbag.py:588} INFO - Filling up the DagBag from /home/airflow/.local/lib/python3.12/site-packages/airflow/example_dags/example_branch_operator.py
[2024-11-25T09:58:27.397+0000] {processor.py:925} INFO - DAG(s) 'example_branch_operator' retrieved from /home/airflow/.local/lib/python3.12/site-packages/airflow/example_dags/example_branch_operator.py
[2024-11-25T09:58:27.432+0000] {logging_mixin.py:190} INFO - [2024-11-25T09:58:27.432+0000] {dag.py:3239} INFO - Sync 1 DAGs
[2024-11-25T09:58:27.465+0000] {logging_mixin.py:190} INFO - [2024-11-25T09:58:27.465+0000] {dag.py:4180} INFO - Setting next_dagrun for example_branch_operator to 2024-11-24 00:00:00+00:00, run_after=2024-11-25 00:00:00+00:00
[2024-11-25T09:58:27.493+0000] {processor.py:208} INFO - Processing /home/airflow/.local/lib/python3.12/site-packages/airflow/example_dags/example_branch_operator.py took 0.137 seconds
[2024-11-25T09:58:57.692+0000] {processor.py:186} INFO - Started process (PID=5697) to work on /home/airflow/.local/lib/python3.12/site-packages/airflow/example_dags/example_branch_operator.py
[2024-11-25T09:58:57.694+0000] {processor.py:914} INFO - Processing file /home/airflow/.local/lib/python3.12/site-packages/airflow/example_dags/example_branch_operator.py for tasks to queue
[2024-11-25T09:58:57.697+0000] {logging_mixin.py:190} INFO - [2024-11-25T09:58:57.696+0000] {dagbag.py:588} INFO - Filling up the DagBag from /home/airflow/.local/lib/python3.12/site-packages/airflow/example_dags/example_branch_operator.py
[2024-11-25T09:58:57.722+0000] {processor.py:925} INFO - DAG(s) 'example_branch_operator' retrieved from /home/airflow/.local/lib/python3.12/site-packages/airflow/example_dags/example_branch_operator.py
[2024-11-25T09:58:57.768+0000] {logging_mixin.py:190} INFO - [2024-11-25T09:58:57.768+0000] {dag.py:3239} INFO - Sync 1 DAGs
[2024-11-25T09:58:57.802+0000] {logging_mixin.py:190} INFO - [2024-11-25T09:58:57.802+0000] {dag.py:4180} INFO - Setting next_dagrun for example_branch_operator to 2024-11-24 00:00:00+00:00, run_after=2024-11-25 00:00:00+00:00
[2024-11-25T09:58:57.829+0000] {processor.py:208} INFO - Processing /home/airflow/.local/lib/python3.12/site-packages/airflow/example_dags/example_branch_operator.py took 0.145 seconds
[2024-11-25T09:59:28.076+0000] {processor.py:186} INFO - Started process (PID=5993) to work on /home/airflow/.local/lib/python3.12/site-packages/airflow/example_dags/example_branch_operator.py
[2024-11-25T09:59:28.078+0000] {processor.py:914} INFO - Processing file /home/airflow/.local/lib/python3.12/site-packages/airflow/example_dags/example_branch_operator.py for tasks to queue
[2024-11-25T09:59:28.079+0000] {logging_mixin.py:190} INFO - [2024-11-25T09:59:28.079+0000] {dagbag.py:588} INFO - Filling up the DagBag from /home/airflow/.local/lib/python3.12/site-packages/airflow/example_dags/example_branch_operator.py
[2024-11-25T09:59:28.106+0000] {processor.py:925} INFO - DAG(s) 'example_branch_operator' retrieved from /home/airflow/.local/lib/python3.12/site-packages/airflow/example_dags/example_branch_operator.py
[2024-11-25T09:59:28.147+0000] {logging_mixin.py:190} INFO - [2024-11-25T09:59:28.146+0000] {dag.py:3239} INFO - Sync 1 DAGs
[2024-11-25T09:59:28.180+0000] {logging_mixin.py:190} INFO - [2024-11-25T09:59:28.180+0000] {dag.py:4180} INFO - Setting next_dagrun for example_branch_operator to 2024-11-24 00:00:00+00:00, run_after=2024-11-25 00:00:00+00:00
[2024-11-25T09:59:28.209+0000] {processor.py:208} INFO - Processing /home/airflow/.local/lib/python3.12/site-packages/airflow/example_dags/example_branch_operator.py took 0.139 seconds
[2024-11-25T09:59:59.059+0000] {processor.py:186} INFO - Started process (PID=6289) to work on /home/airflow/.local/lib/python3.12/site-packages/airflow/example_dags/example_branch_operator.py
[2024-11-25T09:59:59.060+0000] {processor.py:914} INFO - Processing file /home/airflow/.local/lib/python3.12/site-packages/airflow/example_dags/example_branch_operator.py for tasks to queue
[2024-11-25T09:59:59.061+0000] {logging_mixin.py:190} INFO - [2024-11-25T09:59:59.061+0000] {dagbag.py:588} INFO - Filling up the DagBag from /home/airflow/.local/lib/python3.12/site-packages/airflow/example_dags/example_branch_operator.py
[2024-11-25T09:59:59.085+0000] {processor.py:925} INFO - DAG(s) 'example_branch_operator' retrieved from /home/airflow/.local/lib/python3.12/site-packages/airflow/example_dags/example_branch_operator.py
[2024-11-25T09:59:59.119+0000] {logging_mixin.py:190} INFO - [2024-11-25T09:59:59.119+0000] {dag.py:3239} INFO - Sync 1 DAGs
[2024-11-25T09:59:59.150+0000] {logging_mixin.py:190} INFO - [2024-11-25T09:59:59.150+0000] {dag.py:4180} INFO - Setting next_dagrun for example_branch_operator to 2024-11-24 00:00:00+00:00, run_after=2024-11-25 00:00:00+00:00
[2024-11-25T09:59:59.176+0000] {processor.py:208} INFO - Processing /home/airflow/.local/lib/python3.12/site-packages/airflow/example_dags/example_branch_operator.py took 0.124 seconds
[2024-11-25T10:00:29.566+0000] {processor.py:186} INFO - Started process (PID=6585) to work on /home/airflow/.local/lib/python3.12/site-packages/airflow/example_dags/example_branch_operator.py
[2024-11-25T10:00:29.567+0000] {processor.py:914} INFO - Processing file /home/airflow/.local/lib/python3.12/site-packages/airflow/example_dags/example_branch_operator.py for tasks to queue
[2024-11-25T10:00:29.569+0000] {logging_mixin.py:190} INFO - [2024-11-25T10:00:29.568+0000] {dagbag.py:588} INFO - Filling up the DagBag from /home/airflow/.local/lib/python3.12/site-packages/airflow/example_dags/example_branch_operator.py
[2024-11-25T10:00:29.592+0000] {processor.py:925} INFO - DAG(s) 'example_branch_operator' retrieved from /home/airflow/.local/lib/python3.12/site-packages/airflow/example_dags/example_branch_operator.py
[2024-11-25T10:00:29.627+0000] {logging_mixin.py:190} INFO - [2024-11-25T10:00:29.627+0000] {dag.py:3239} INFO - Sync 1 DAGs
[2024-11-25T10:00:29.658+0000] {logging_mixin.py:190} INFO - [2024-11-25T10:00:29.658+0000] {dag.py:4180} INFO - Setting next_dagrun for example_branch_operator to 2024-11-24 00:00:00+00:00, run_after=2024-11-25 00:00:00+00:00
[2024-11-25T10:00:29.691+0000] {processor.py:208} INFO - Processing /home/airflow/.local/lib/python3.12/site-packages/airflow/example_dags/example_branch_operator.py took 0.131 seconds
[2024-11-25T10:01:00.324+0000] {processor.py:186} INFO - Started process (PID=6881) to work on /home/airflow/.local/lib/python3.12/site-packages/airflow/example_dags/example_branch_operator.py
[2024-11-25T10:01:00.325+0000] {processor.py:914} INFO - Processing file /home/airflow/.local/lib/python3.12/site-packages/airflow/example_dags/example_branch_operator.py for tasks to queue
[2024-11-25T10:01:00.327+0000] {logging_mixin.py:190} INFO - [2024-11-25T10:01:00.327+0000] {dagbag.py:588} INFO - Filling up the DagBag from /home/airflow/.local/lib/python3.12/site-packages/airflow/example_dags/example_branch_operator.py
[2024-11-25T10:01:00.352+0000] {processor.py:925} INFO - DAG(s) 'example_branch_operator' retrieved from /home/airflow/.local/lib/python3.12/site-packages/airflow/example_dags/example_branch_operator.py
[2024-11-25T10:01:00.395+0000] {logging_mixin.py:190} INFO - [2024-11-25T10:01:00.395+0000] {dag.py:3239} INFO - Sync 1 DAGs
[2024-11-25T10:01:00.428+0000] {logging_mixin.py:190} INFO - [2024-11-25T10:01:00.428+0000] {dag.py:4180} INFO - Setting next_dagrun for example_branch_operator to 2024-11-24 00:00:00+00:00, run_after=2024-11-25 00:00:00+00:00
[2024-11-25T10:01:00.454+0000] {processor.py:208} INFO - Processing /home/airflow/.local/lib/python3.12/site-packages/airflow/example_dags/example_branch_operator.py took 0.137 seconds
[2024-11-25T10:01:30.690+0000] {processor.py:186} INFO - Started process (PID=7180) to work on /home/airflow/.local/lib/python3.12/site-packages/airflow/example_dags/example_branch_operator.py
[2024-11-25T10:01:30.692+0000] {processor.py:914} INFO - Processing file /home/airflow/.local/lib/python3.12/site-packages/airflow/example_dags/example_branch_operator.py for tasks to queue
[2024-11-25T10:01:30.695+0000] {logging_mixin.py:190} INFO - [2024-11-25T10:01:30.694+0000] {dagbag.py:588} INFO - Filling up the DagBag from /home/airflow/.local/lib/python3.12/site-packages/airflow/example_dags/example_branch_operator.py
[2024-11-25T10:01:30.752+0000] {processor.py:925} INFO - DAG(s) 'example_branch_operator' retrieved from /home/airflow/.local/lib/python3.12/site-packages/airflow/example_dags/example_branch_operator.py
[2024-11-25T10:01:30.833+0000] {logging_mixin.py:190} INFO - [2024-11-25T10:01:30.832+0000] {dag.py:3239} INFO - Sync 1 DAGs
[2024-11-25T10:01:30.896+0000] {logging_mixin.py:190} INFO - [2024-11-25T10:01:30.896+0000] {dag.py:4180} INFO - Setting next_dagrun for example_branch_operator to 2024-11-24 00:00:00+00:00, run_after=2024-11-25 00:00:00+00:00
[2024-11-25T10:01:30.942+0000] {processor.py:208} INFO - Processing /home/airflow/.local/lib/python3.12/site-packages/airflow/example_dags/example_branch_operator.py took 0.268 seconds
[2024-11-25T10:02:02.413+0000] {processor.py:186} INFO - Started process (PID=7477) to work on /home/airflow/.local/lib/python3.12/site-packages/airflow/example_dags/example_branch_operator.py
[2024-11-25T10:02:02.415+0000] {processor.py:914} INFO - Processing file /home/airflow/.local/lib/python3.12/site-packages/airflow/example_dags/example_branch_operator.py for tasks to queue
[2024-11-25T10:02:02.417+0000] {logging_mixin.py:190} INFO - [2024-11-25T10:02:02.417+0000] {dagbag.py:588} INFO - Filling up the DagBag from /home/airflow/.local/lib/python3.12/site-packages/airflow/example_dags/example_branch_operator.py
[2024-11-25T10:02:02.451+0000] {processor.py:925} INFO - DAG(s) 'example_branch_operator' retrieved from /home/airflow/.local/lib/python3.12/site-packages/airflow/example_dags/example_branch_operator.py
[2024-11-25T10:02:02.534+0000] {logging_mixin.py:190} INFO - [2024-11-25T10:02:02.533+0000] {dag.py:3239} INFO - Sync 1 DAGs
[2024-11-25T10:02:02.591+0000] {logging_mixin.py:190} INFO - [2024-11-25T10:02:02.590+0000] {dag.py:4180} INFO - Setting next_dagrun for example_branch_operator to 2024-11-24 00:00:00+00:00, run_after=2024-11-25 00:00:00+00:00
[2024-11-25T10:02:02.635+0000] {processor.py:208} INFO - Processing /home/airflow/.local/lib/python3.12/site-packages/airflow/example_dags/example_branch_operator.py took 0.231 seconds
[2024-11-25T10:02:33.522+0000] {processor.py:186} INFO - Started process (PID=7775) to work on /home/airflow/.local/lib/python3.12/site-packages/airflow/example_dags/example_branch_operator.py
[2024-11-25T10:02:33.524+0000] {processor.py:914} INFO - Processing file /home/airflow/.local/lib/python3.12/site-packages/airflow/example_dags/example_branch_operator.py for tasks to queue
[2024-11-25T10:02:33.526+0000] {logging_mixin.py:190} INFO - [2024-11-25T10:02:33.525+0000] {dagbag.py:588} INFO - Filling up the DagBag from /home/airflow/.local/lib/python3.12/site-packages/airflow/example_dags/example_branch_operator.py
[2024-11-25T10:02:33.558+0000] {processor.py:925} INFO - DAG(s) 'example_branch_operator' retrieved from /home/airflow/.local/lib/python3.12/site-packages/airflow/example_dags/example_branch_operator.py
[2024-11-25T10:02:33.609+0000] {logging_mixin.py:190} INFO - [2024-11-25T10:02:33.608+0000] {dag.py:3239} INFO - Sync 1 DAGs
[2024-11-25T10:02:33.645+0000] {logging_mixin.py:190} INFO - [2024-11-25T10:02:33.645+0000] {dag.py:4180} INFO - Setting next_dagrun for example_branch_operator to 2024-11-24 00:00:00+00:00, run_after=2024-11-25 00:00:00+00:00
[2024-11-25T10:02:33.675+0000] {processor.py:208} INFO - Processing /home/airflow/.local/lib/python3.12/site-packages/airflow/example_dags/example_branch_operator.py took 0.168 seconds
[2024-11-25T10:03:04.297+0000] {processor.py:186} INFO - Started process (PID=8072) to work on /home/airflow/.local/lib/python3.12/site-packages/airflow/example_dags/example_branch_operator.py
[2024-11-25T10:03:04.369+0000] {processor.py:914} INFO - Processing file /home/airflow/.local/lib/python3.12/site-packages/airflow/example_dags/example_branch_operator.py for tasks to queue
[2024-11-25T10:03:04.400+0000] {logging_mixin.py:190} INFO - [2024-11-25T10:03:04.388+0000] {dagbag.py:588} INFO - Filling up the DagBag from /home/airflow/.local/lib/python3.12/site-packages/airflow/example_dags/example_branch_operator.py
[2024-11-25T10:03:04.638+0000] {processor.py:925} INFO - DAG(s) 'example_branch_operator' retrieved from /home/airflow/.local/lib/python3.12/site-packages/airflow/example_dags/example_branch_operator.py
[2024-11-25T10:03:05.092+0000] {logging_mixin.py:190} INFO - [2024-11-25T10:03:05.091+0000] {dag.py:3239} INFO - Sync 1 DAGs
[2024-11-25T10:03:05.381+0000] {logging_mixin.py:190} INFO - [2024-11-25T10:03:05.381+0000] {dag.py:4180} INFO - Setting next_dagrun for example_branch_operator to 2024-11-24 00:00:00+00:00, run_after=2024-11-25 00:00:00+00:00
[2024-11-25T10:03:06.329+0000] {processor.py:208} INFO - Processing /home/airflow/.local/lib/python3.12/site-packages/airflow/example_dags/example_branch_operator.py took 2.096 seconds
[2024-11-25T10:03:36.716+0000] {processor.py:186} INFO - Started process (PID=8365) to work on /home/airflow/.local/lib/python3.12/site-packages/airflow/example_dags/example_branch_operator.py
[2024-11-25T10:03:36.717+0000] {processor.py:914} INFO - Processing file /home/airflow/.local/lib/python3.12/site-packages/airflow/example_dags/example_branch_operator.py for tasks to queue
[2024-11-25T10:03:36.719+0000] {logging_mixin.py:190} INFO - [2024-11-25T10:03:36.719+0000] {dagbag.py:588} INFO - Filling up the DagBag from /home/airflow/.local/lib/python3.12/site-packages/airflow/example_dags/example_branch_operator.py
[2024-11-25T10:03:36.740+0000] {processor.py:925} INFO - DAG(s) 'example_branch_operator' retrieved from /home/airflow/.local/lib/python3.12/site-packages/airflow/example_dags/example_branch_operator.py
[2024-11-25T10:03:36.772+0000] {logging_mixin.py:190} INFO - [2024-11-25T10:03:36.771+0000] {dag.py:3239} INFO - Sync 1 DAGs
[2024-11-25T10:03:36.800+0000] {logging_mixin.py:190} INFO - [2024-11-25T10:03:36.799+0000] {dag.py:4180} INFO - Setting next_dagrun for example_branch_operator to 2024-11-24 00:00:00+00:00, run_after=2024-11-25 00:00:00+00:00
[2024-11-25T10:03:36.824+0000] {processor.py:208} INFO - Processing /home/airflow/.local/lib/python3.12/site-packages/airflow/example_dags/example_branch_operator.py took 0.116 seconds
[2024-11-25T10:04:07.591+0000] {processor.py:186} INFO - Started process (PID=8664) to work on /home/airflow/.local/lib/python3.12/site-packages/airflow/example_dags/example_branch_operator.py
[2024-11-25T10:04:07.599+0000] {processor.py:914} INFO - Processing file /home/airflow/.local/lib/python3.12/site-packages/airflow/example_dags/example_branch_operator.py for tasks to queue
[2024-11-25T10:04:07.603+0000] {logging_mixin.py:190} INFO - [2024-11-25T10:04:07.603+0000] {dagbag.py:588} INFO - Filling up the DagBag from /home/airflow/.local/lib/python3.12/site-packages/airflow/example_dags/example_branch_operator.py
[2024-11-25T10:04:07.626+0000] {processor.py:925} INFO - DAG(s) 'example_branch_operator' retrieved from /home/airflow/.local/lib/python3.12/site-packages/airflow/example_dags/example_branch_operator.py
[2024-11-25T10:04:07.662+0000] {logging_mixin.py:190} INFO - [2024-11-25T10:04:07.662+0000] {dag.py:3239} INFO - Sync 1 DAGs
[2024-11-25T10:04:07.689+0000] {logging_mixin.py:190} INFO - [2024-11-25T10:04:07.688+0000] {dag.py:4180} INFO - Setting next_dagrun for example_branch_operator to 2024-11-24 00:00:00+00:00, run_after=2024-11-25 00:00:00+00:00
[2024-11-25T10:04:07.748+0000] {processor.py:208} INFO - Processing /home/airflow/.local/lib/python3.12/site-packages/airflow/example_dags/example_branch_operator.py took 0.180 seconds
[2024-11-25T10:04:38.713+0000] {processor.py:186} INFO - Started process (PID=8960) to work on /home/airflow/.local/lib/python3.12/site-packages/airflow/example_dags/example_branch_operator.py
[2024-11-25T10:04:38.714+0000] {processor.py:914} INFO - Processing file /home/airflow/.local/lib/python3.12/site-packages/airflow/example_dags/example_branch_operator.py for tasks to queue
[2024-11-25T10:04:38.715+0000] {logging_mixin.py:190} INFO - [2024-11-25T10:04:38.715+0000] {dagbag.py:588} INFO - Filling up the DagBag from /home/airflow/.local/lib/python3.12/site-packages/airflow/example_dags/example_branch_operator.py
[2024-11-25T10:04:38.734+0000] {processor.py:925} INFO - DAG(s) 'example_branch_operator' retrieved from /home/airflow/.local/lib/python3.12/site-packages/airflow/example_dags/example_branch_operator.py
[2024-11-25T10:04:38.765+0000] {logging_mixin.py:190} INFO - [2024-11-25T10:04:38.764+0000] {dag.py:3239} INFO - Sync 1 DAGs
[2024-11-25T10:04:38.792+0000] {logging_mixin.py:190} INFO - [2024-11-25T10:04:38.792+0000] {dag.py:4180} INFO - Setting next_dagrun for example_branch_operator to 2024-11-24 00:00:00+00:00, run_after=2024-11-25 00:00:00+00:00
[2024-11-25T10:04:38.814+0000] {processor.py:208} INFO - Processing /home/airflow/.local/lib/python3.12/site-packages/airflow/example_dags/example_branch_operator.py took 0.108 seconds
[2024-11-25T10:05:09.070+0000] {processor.py:186} INFO - Started process (PID=9256) to work on /home/airflow/.local/lib/python3.12/site-packages/airflow/example_dags/example_branch_operator.py
[2024-11-25T10:05:09.072+0000] {processor.py:914} INFO - Processing file /home/airflow/.local/lib/python3.12/site-packages/airflow/example_dags/example_branch_operator.py for tasks to queue
[2024-11-25T10:05:09.074+0000] {logging_mixin.py:190} INFO - [2024-11-25T10:05:09.073+0000] {dagbag.py:588} INFO - Filling up the DagBag from /home/airflow/.local/lib/python3.12/site-packages/airflow/example_dags/example_branch_operator.py
[2024-11-25T10:05:09.102+0000] {processor.py:925} INFO - DAG(s) 'example_branch_operator' retrieved from /home/airflow/.local/lib/python3.12/site-packages/airflow/example_dags/example_branch_operator.py
[2024-11-25T10:05:09.144+0000] {logging_mixin.py:190} INFO - [2024-11-25T10:05:09.144+0000] {dag.py:3239} INFO - Sync 1 DAGs
[2024-11-25T10:05:09.182+0000] {logging_mixin.py:190} INFO - [2024-11-25T10:05:09.181+0000] {dag.py:4180} INFO - Setting next_dagrun for example_branch_operator to 2024-11-24 00:00:00+00:00, run_after=2024-11-25 00:00:00+00:00
[2024-11-25T10:05:09.208+0000] {processor.py:208} INFO - Processing /home/airflow/.local/lib/python3.12/site-packages/airflow/example_dags/example_branch_operator.py took 0.147 seconds
[2024-11-25T10:05:39.710+0000] {processor.py:186} INFO - Started process (PID=9552) to work on /home/airflow/.local/lib/python3.12/site-packages/airflow/example_dags/example_branch_operator.py
[2024-11-25T10:05:39.711+0000] {processor.py:914} INFO - Processing file /home/airflow/.local/lib/python3.12/site-packages/airflow/example_dags/example_branch_operator.py for tasks to queue
[2024-11-25T10:05:39.712+0000] {logging_mixin.py:190} INFO - [2024-11-25T10:05:39.712+0000] {dagbag.py:588} INFO - Filling up the DagBag from /home/airflow/.local/lib/python3.12/site-packages/airflow/example_dags/example_branch_operator.py
[2024-11-25T10:05:39.735+0000] {processor.py:925} INFO - DAG(s) 'example_branch_operator' retrieved from /home/airflow/.local/lib/python3.12/site-packages/airflow/example_dags/example_branch_operator.py
[2024-11-25T10:05:39.766+0000] {logging_mixin.py:190} INFO - [2024-11-25T10:05:39.766+0000] {dag.py:3239} INFO - Sync 1 DAGs
[2024-11-25T10:05:39.792+0000] {logging_mixin.py:190} INFO - [2024-11-25T10:05:39.792+0000] {dag.py:4180} INFO - Setting next_dagrun for example_branch_operator to 2024-11-24 00:00:00+00:00, run_after=2024-11-25 00:00:00+00:00
[2024-11-25T10:05:39.814+0000] {processor.py:208} INFO - Processing /home/airflow/.local/lib/python3.12/site-packages/airflow/example_dags/example_branch_operator.py took 0.110 seconds
[2024-11-25T10:06:10.176+0000] {processor.py:186} INFO - Started process (PID=9858) to work on /home/airflow/.local/lib/python3.12/site-packages/airflow/example_dags/example_branch_operator.py
[2024-11-25T10:06:10.177+0000] {processor.py:914} INFO - Processing file /home/airflow/.local/lib/python3.12/site-packages/airflow/example_dags/example_branch_operator.py for tasks to queue
[2024-11-25T10:06:10.179+0000] {logging_mixin.py:190} INFO - [2024-11-25T10:06:10.178+0000] {dagbag.py:588} INFO - Filling up the DagBag from /home/airflow/.local/lib/python3.12/site-packages/airflow/example_dags/example_branch_operator.py
[2024-11-25T10:06:10.199+0000] {processor.py:925} INFO - DAG(s) 'example_branch_operator' retrieved from /home/airflow/.local/lib/python3.12/site-packages/airflow/example_dags/example_branch_operator.py
[2024-11-25T10:06:10.231+0000] {logging_mixin.py:190} INFO - [2024-11-25T10:06:10.230+0000] {dag.py:3239} INFO - Sync 1 DAGs
[2024-11-25T10:06:10.258+0000] {logging_mixin.py:190} INFO - [2024-11-25T10:06:10.258+0000] {dag.py:4180} INFO - Setting next_dagrun for example_branch_operator to 2024-11-24 00:00:00+00:00, run_after=2024-11-25 00:00:00+00:00
[2024-11-25T10:06:10.286+0000] {processor.py:208} INFO - Processing /home/airflow/.local/lib/python3.12/site-packages/airflow/example_dags/example_branch_operator.py took 0.116 seconds
[2024-11-25T10:06:40.619+0000] {processor.py:186} INFO - Started process (PID=10154) to work on /home/airflow/.local/lib/python3.12/site-packages/airflow/example_dags/example_branch_operator.py
[2024-11-25T10:06:40.621+0000] {processor.py:914} INFO - Processing file /home/airflow/.local/lib/python3.12/site-packages/airflow/example_dags/example_branch_operator.py for tasks to queue
[2024-11-25T10:06:40.625+0000] {logging_mixin.py:190} INFO - [2024-11-25T10:06:40.624+0000] {dagbag.py:588} INFO - Filling up the DagBag from /home/airflow/.local/lib/python3.12/site-packages/airflow/example_dags/example_branch_operator.py
[2024-11-25T10:06:40.661+0000] {processor.py:925} INFO - DAG(s) 'example_branch_operator' retrieved from /home/airflow/.local/lib/python3.12/site-packages/airflow/example_dags/example_branch_operator.py
[2024-11-25T10:06:40.709+0000] {logging_mixin.py:190} INFO - [2024-11-25T10:06:40.708+0000] {dag.py:3239} INFO - Sync 1 DAGs
[2024-11-25T10:06:40.749+0000] {logging_mixin.py:190} INFO - [2024-11-25T10:06:40.749+0000] {dag.py:4180} INFO - Setting next_dagrun for example_branch_operator to 2024-11-24 00:00:00+00:00, run_after=2024-11-25 00:00:00+00:00
[2024-11-25T10:06:40.777+0000] {processor.py:208} INFO - Processing /home/airflow/.local/lib/python3.12/site-packages/airflow/example_dags/example_branch_operator.py took 0.166 seconds
[2024-11-25T10:07:11.085+0000] {processor.py:186} INFO - Started process (PID=10450) to work on /home/airflow/.local/lib/python3.12/site-packages/airflow/example_dags/example_branch_operator.py
[2024-11-25T10:07:11.086+0000] {processor.py:914} INFO - Processing file /home/airflow/.local/lib/python3.12/site-packages/airflow/example_dags/example_branch_operator.py for tasks to queue
[2024-11-25T10:07:11.088+0000] {logging_mixin.py:190} INFO - [2024-11-25T10:07:11.087+0000] {dagbag.py:588} INFO - Filling up the DagBag from /home/airflow/.local/lib/python3.12/site-packages/airflow/example_dags/example_branch_operator.py
[2024-11-25T10:07:11.110+0000] {processor.py:925} INFO - DAG(s) 'example_branch_operator' retrieved from /home/airflow/.local/lib/python3.12/site-packages/airflow/example_dags/example_branch_operator.py
[2024-11-25T10:07:11.143+0000] {logging_mixin.py:190} INFO - [2024-11-25T10:07:11.142+0000] {dag.py:3239} INFO - Sync 1 DAGs
[2024-11-25T10:07:11.170+0000] {logging_mixin.py:190} INFO - [2024-11-25T10:07:11.170+0000] {dag.py:4180} INFO - Setting next_dagrun for example_branch_operator to 2024-11-24 00:00:00+00:00, run_after=2024-11-25 00:00:00+00:00
[2024-11-25T10:07:11.191+0000] {processor.py:208} INFO - Processing /home/airflow/.local/lib/python3.12/site-packages/airflow/example_dags/example_branch_operator.py took 0.114 seconds
[2024-11-25T10:07:41.807+0000] {processor.py:186} INFO - Started process (PID=10746) to work on /home/airflow/.local/lib/python3.12/site-packages/airflow/example_dags/example_branch_operator.py
[2024-11-25T10:07:41.809+0000] {processor.py:914} INFO - Processing file /home/airflow/.local/lib/python3.12/site-packages/airflow/example_dags/example_branch_operator.py for tasks to queue
[2024-11-25T10:07:41.810+0000] {logging_mixin.py:190} INFO - [2024-11-25T10:07:41.810+0000] {dagbag.py:588} INFO - Filling up the DagBag from /home/airflow/.local/lib/python3.12/site-packages/airflow/example_dags/example_branch_operator.py
[2024-11-25T10:07:41.829+0000] {processor.py:925} INFO - DAG(s) 'example_branch_operator' retrieved from /home/airflow/.local/lib/python3.12/site-packages/airflow/example_dags/example_branch_operator.py
[2024-11-25T10:07:41.857+0000] {logging_mixin.py:190} INFO - [2024-11-25T10:07:41.857+0000] {dag.py:3239} INFO - Sync 1 DAGs
[2024-11-25T10:07:41.882+0000] {logging_mixin.py:190} INFO - [2024-11-25T10:07:41.882+0000] {dag.py:4180} INFO - Setting next_dagrun for example_branch_operator to 2024-11-24 00:00:00+00:00, run_after=2024-11-25 00:00:00+00:00
[2024-11-25T10:07:41.903+0000] {processor.py:208} INFO - Processing /home/airflow/.local/lib/python3.12/site-packages/airflow/example_dags/example_branch_operator.py took 0.102 seconds
[2024-11-25T10:08:12.661+0000] {processor.py:186} INFO - Started process (PID=11042) to work on /home/airflow/.local/lib/python3.12/site-packages/airflow/example_dags/example_branch_operator.py
[2024-11-25T10:08:12.663+0000] {processor.py:914} INFO - Processing file /home/airflow/.local/lib/python3.12/site-packages/airflow/example_dags/example_branch_operator.py for tasks to queue
[2024-11-25T10:08:12.664+0000] {logging_mixin.py:190} INFO - [2024-11-25T10:08:12.664+0000] {dagbag.py:588} INFO - Filling up the DagBag from /home/airflow/.local/lib/python3.12/site-packages/airflow/example_dags/example_branch_operator.py
[2024-11-25T10:08:12.687+0000] {processor.py:925} INFO - DAG(s) 'example_branch_operator' retrieved from /home/airflow/.local/lib/python3.12/site-packages/airflow/example_dags/example_branch_operator.py
[2024-11-25T10:08:12.719+0000] {logging_mixin.py:190} INFO - [2024-11-25T10:08:12.719+0000] {dag.py:3239} INFO - Sync 1 DAGs
[2024-11-25T10:08:12.747+0000] {logging_mixin.py:190} INFO - [2024-11-25T10:08:12.747+0000] {dag.py:4180} INFO - Setting next_dagrun for example_branch_operator to 2024-11-24 00:00:00+00:00, run_after=2024-11-25 00:00:00+00:00
[2024-11-25T10:08:12.771+0000] {processor.py:208} INFO - Processing /home/airflow/.local/lib/python3.12/site-packages/airflow/example_dags/example_branch_operator.py took 0.119 seconds
[2024-11-25T10:08:43.605+0000] {processor.py:186} INFO - Started process (PID=11341) to work on /home/airflow/.local/lib/python3.12/site-packages/airflow/example_dags/example_branch_operator.py
[2024-11-25T10:08:43.607+0000] {processor.py:914} INFO - Processing file /home/airflow/.local/lib/python3.12/site-packages/airflow/example_dags/example_branch_operator.py for tasks to queue
[2024-11-25T10:08:43.609+0000] {logging_mixin.py:190} INFO - [2024-11-25T10:08:43.609+0000] {dagbag.py:588} INFO - Filling up the DagBag from /home/airflow/.local/lib/python3.12/site-packages/airflow/example_dags/example_branch_operator.py
[2024-11-25T10:08:43.643+0000] {processor.py:925} INFO - DAG(s) 'example_branch_operator' retrieved from /home/airflow/.local/lib/python3.12/site-packages/airflow/example_dags/example_branch_operator.py
[2024-11-25T10:08:43.692+0000] {logging_mixin.py:190} INFO - [2024-11-25T10:08:43.691+0000] {dag.py:3239} INFO - Sync 1 DAGs
[2024-11-25T10:08:43.773+0000] {logging_mixin.py:190} INFO - [2024-11-25T10:08:43.772+0000] {dag.py:4180} INFO - Setting next_dagrun for example_branch_operator to 2024-11-24 00:00:00+00:00, run_after=2024-11-25 00:00:00+00:00
[2024-11-25T10:08:43.805+0000] {processor.py:208} INFO - Processing /home/airflow/.local/lib/python3.12/site-packages/airflow/example_dags/example_branch_operator.py took 0.214 seconds
[2024-11-25T10:09:14.432+0000] {processor.py:186} INFO - Started process (PID=11637) to work on /home/airflow/.local/lib/python3.12/site-packages/airflow/example_dags/example_branch_operator.py
[2024-11-25T10:09:14.433+0000] {processor.py:914} INFO - Processing file /home/airflow/.local/lib/python3.12/site-packages/airflow/example_dags/example_branch_operator.py for tasks to queue
[2024-11-25T10:09:14.435+0000] {logging_mixin.py:190} INFO - [2024-11-25T10:09:14.434+0000] {dagbag.py:588} INFO - Filling up the DagBag from /home/airflow/.local/lib/python3.12/site-packages/airflow/example_dags/example_branch_operator.py
[2024-11-25T10:09:14.456+0000] {processor.py:925} INFO - DAG(s) 'example_branch_operator' retrieved from /home/airflow/.local/lib/python3.12/site-packages/airflow/example_dags/example_branch_operator.py
[2024-11-25T10:09:14.487+0000] {logging_mixin.py:190} INFO - [2024-11-25T10:09:14.487+0000] {dag.py:3239} INFO - Sync 1 DAGs
[2024-11-25T10:09:14.516+0000] {logging_mixin.py:190} INFO - [2024-11-25T10:09:14.516+0000] {dag.py:4180} INFO - Setting next_dagrun for example_branch_operator to 2024-11-24 00:00:00+00:00, run_after=2024-11-25 00:00:00+00:00
[2024-11-25T10:09:14.541+0000] {processor.py:208} INFO - Processing /home/airflow/.local/lib/python3.12/site-packages/airflow/example_dags/example_branch_operator.py took 0.115 seconds
[2024-11-25T10:09:45.011+0000] {processor.py:186} INFO - Started process (PID=11936) to work on /home/airflow/.local/lib/python3.12/site-packages/airflow/example_dags/example_branch_operator.py
[2024-11-25T10:09:45.013+0000] {processor.py:914} INFO - Processing file /home/airflow/.local/lib/python3.12/site-packages/airflow/example_dags/example_branch_operator.py for tasks to queue
[2024-11-25T10:09:45.015+0000] {logging_mixin.py:190} INFO - [2024-11-25T10:09:45.014+0000] {dagbag.py:588} INFO - Filling up the DagBag from /home/airflow/.local/lib/python3.12/site-packages/airflow/example_dags/example_branch_operator.py
[2024-11-25T10:09:45.037+0000] {processor.py:925} INFO - DAG(s) 'example_branch_operator' retrieved from /home/airflow/.local/lib/python3.12/site-packages/airflow/example_dags/example_branch_operator.py
[2024-11-25T10:09:45.070+0000] {logging_mixin.py:190} INFO - [2024-11-25T10:09:45.069+0000] {dag.py:3239} INFO - Sync 1 DAGs
[2024-11-25T10:09:45.100+0000] {logging_mixin.py:190} INFO - [2024-11-25T10:09:45.100+0000] {dag.py:4180} INFO - Setting next_dagrun for example_branch_operator to 2024-11-24 00:00:00+00:00, run_after=2024-11-25 00:00:00+00:00
[2024-11-25T10:09:45.122+0000] {processor.py:208} INFO - Processing /home/airflow/.local/lib/python3.12/site-packages/airflow/example_dags/example_branch_operator.py took 0.116 seconds
[2024-11-25T10:10:16.051+0000] {processor.py:186} INFO - Started process (PID=12232) to work on /home/airflow/.local/lib/python3.12/site-packages/airflow/example_dags/example_branch_operator.py
[2024-11-25T10:10:16.052+0000] {processor.py:914} INFO - Processing file /home/airflow/.local/lib/python3.12/site-packages/airflow/example_dags/example_branch_operator.py for tasks to queue
[2024-11-25T10:10:16.054+0000] {logging_mixin.py:190} INFO - [2024-11-25T10:10:16.053+0000] {dagbag.py:588} INFO - Filling up the DagBag from /home/airflow/.local/lib/python3.12/site-packages/airflow/example_dags/example_branch_operator.py
[2024-11-25T10:10:16.075+0000] {processor.py:925} INFO - DAG(s) 'example_branch_operator' retrieved from /home/airflow/.local/lib/python3.12/site-packages/airflow/example_dags/example_branch_operator.py
[2024-11-25T10:10:16.106+0000] {logging_mixin.py:190} INFO - [2024-11-25T10:10:16.105+0000] {dag.py:3239} INFO - Sync 1 DAGs
[2024-11-25T10:10:16.133+0000] {logging_mixin.py:190} INFO - [2024-11-25T10:10:16.132+0000] {dag.py:4180} INFO - Setting next_dagrun for example_branch_operator to 2024-11-24 00:00:00+00:00, run_after=2024-11-25 00:00:00+00:00
[2024-11-25T10:10:16.156+0000] {processor.py:208} INFO - Processing /home/airflow/.local/lib/python3.12/site-packages/airflow/example_dags/example_branch_operator.py took 0.112 seconds
[2024-11-25T10:10:46.276+0000] {processor.py:186} INFO - Started process (PID=12528) to work on /home/airflow/.local/lib/python3.12/site-packages/airflow/example_dags/example_branch_operator.py
[2024-11-25T10:10:46.277+0000] {processor.py:914} INFO - Processing file /home/airflow/.local/lib/python3.12/site-packages/airflow/example_dags/example_branch_operator.py for tasks to queue
[2024-11-25T10:10:46.279+0000] {logging_mixin.py:190} INFO - [2024-11-25T10:10:46.278+0000] {dagbag.py:588} INFO - Filling up the DagBag from /home/airflow/.local/lib/python3.12/site-packages/airflow/example_dags/example_branch_operator.py
[2024-11-25T10:10:46.300+0000] {processor.py:925} INFO - DAG(s) 'example_branch_operator' retrieved from /home/airflow/.local/lib/python3.12/site-packages/airflow/example_dags/example_branch_operator.py
[2024-11-25T10:10:46.333+0000] {logging_mixin.py:190} INFO - [2024-11-25T10:10:46.332+0000] {dag.py:3239} INFO - Sync 1 DAGs
[2024-11-25T10:10:46.359+0000] {logging_mixin.py:190} INFO - [2024-11-25T10:10:46.359+0000] {dag.py:4180} INFO - Setting next_dagrun for example_branch_operator to 2024-11-24 00:00:00+00:00, run_after=2024-11-25 00:00:00+00:00
[2024-11-25T10:10:46.381+0000] {processor.py:208} INFO - Processing /home/airflow/.local/lib/python3.12/site-packages/airflow/example_dags/example_branch_operator.py took 0.112 seconds
[2024-11-25T10:11:17.158+0000] {processor.py:186} INFO - Started process (PID=12824) to work on /home/airflow/.local/lib/python3.12/site-packages/airflow/example_dags/example_branch_operator.py
[2024-11-25T10:11:17.160+0000] {processor.py:914} INFO - Processing file /home/airflow/.local/lib/python3.12/site-packages/airflow/example_dags/example_branch_operator.py for tasks to queue
[2024-11-25T10:11:17.162+0000] {logging_mixin.py:190} INFO - [2024-11-25T10:11:17.161+0000] {dagbag.py:588} INFO - Filling up the DagBag from /home/airflow/.local/lib/python3.12/site-packages/airflow/example_dags/example_branch_operator.py
[2024-11-25T10:11:17.197+0000] {processor.py:925} INFO - DAG(s) 'example_branch_operator' retrieved from /home/airflow/.local/lib/python3.12/site-packages/airflow/example_dags/example_branch_operator.py
[2024-11-25T10:11:17.242+0000] {logging_mixin.py:190} INFO - [2024-11-25T10:11:17.241+0000] {dag.py:3239} INFO - Sync 1 DAGs
[2024-11-25T10:11:17.279+0000] {logging_mixin.py:190} INFO - [2024-11-25T10:11:17.279+0000] {dag.py:4180} INFO - Setting next_dagrun for example_branch_operator to 2024-11-24 00:00:00+00:00, run_after=2024-11-25 00:00:00+00:00
[2024-11-25T10:11:17.309+0000] {processor.py:208} INFO - Processing /home/airflow/.local/lib/python3.12/site-packages/airflow/example_dags/example_branch_operator.py took 0.161 seconds
