[2024-11-25T09:49:42.024+0000] {processor.py:186} INFO - Started process (PID=307) to work on /home/airflow/.local/lib/python3.12/site-packages/airflow/example_dags/example_external_task_marker_dag.py
[2024-11-25T09:49:42.025+0000] {processor.py:914} INFO - Processing file /home/airflow/.local/lib/python3.12/site-packages/airflow/example_dags/example_external_task_marker_dag.py for tasks to queue
[2024-11-25T09:49:42.028+0000] {logging_mixin.py:190} INFO - [2024-11-25T09:49:42.028+0000] {dagbag.py:588} INFO - Filling up the DagBag from /home/airflow/.local/lib/python3.12/site-packages/airflow/example_dags/example_external_task_marker_dag.py
[2024-11-25T09:49:42.044+0000] {processor.py:925} INFO - DAG(s) 'example_external_task_marker_child', 'example_external_task_marker_parent' retrieved from /home/airflow/.local/lib/python3.12/site-packages/airflow/example_dags/example_external_task_marker_dag.py
[2024-11-25T09:49:42.078+0000] {logging_mixin.py:190} INFO - [2024-11-25T09:49:42.078+0000] {dag.py:3239} INFO - Sync 2 DAGs
[2024-11-25T09:49:42.097+0000] {logging_mixin.py:190} INFO - [2024-11-25T09:49:42.097+0000] {dag.py:4180} INFO - Setting next_dagrun for example_external_task_marker_child to None, run_after=None
[2024-11-25T09:49:42.102+0000] {logging_mixin.py:190} INFO - [2024-11-25T09:49:42.102+0000] {dag.py:4180} INFO - Setting next_dagrun for example_external_task_marker_parent to None, run_after=None
[2024-11-25T09:49:42.126+0000] {processor.py:208} INFO - Processing /home/airflow/.local/lib/python3.12/site-packages/airflow/example_dags/example_external_task_marker_dag.py took 0.110 seconds
[2024-11-25T09:50:13.059+0000] {processor.py:186} INFO - Started process (PID=601) to work on /home/airflow/.local/lib/python3.12/site-packages/airflow/example_dags/example_external_task_marker_dag.py
[2024-11-25T09:50:13.061+0000] {processor.py:914} INFO - Processing file /home/airflow/.local/lib/python3.12/site-packages/airflow/example_dags/example_external_task_marker_dag.py for tasks to queue
[2024-11-25T09:50:13.064+0000] {logging_mixin.py:190} INFO - [2024-11-25T09:50:13.064+0000] {dagbag.py:588} INFO - Filling up the DagBag from /home/airflow/.local/lib/python3.12/site-packages/airflow/example_dags/example_external_task_marker_dag.py
[2024-11-25T09:50:13.081+0000] {processor.py:925} INFO - DAG(s) 'example_external_task_marker_parent', 'example_external_task_marker_child' retrieved from /home/airflow/.local/lib/python3.12/site-packages/airflow/example_dags/example_external_task_marker_dag.py
[2024-11-25T09:50:13.114+0000] {logging_mixin.py:190} INFO - [2024-11-25T09:50:13.114+0000] {dag.py:3239} INFO - Sync 2 DAGs
[2024-11-25T09:50:13.131+0000] {logging_mixin.py:190} INFO - [2024-11-25T09:50:13.131+0000] {dag.py:4180} INFO - Setting next_dagrun for example_external_task_marker_child to None, run_after=None
[2024-11-25T09:50:13.136+0000] {logging_mixin.py:190} INFO - [2024-11-25T09:50:13.135+0000] {dag.py:4180} INFO - Setting next_dagrun for example_external_task_marker_parent to None, run_after=None
[2024-11-25T09:50:13.168+0000] {processor.py:208} INFO - Processing /home/airflow/.local/lib/python3.12/site-packages/airflow/example_dags/example_external_task_marker_dag.py took 0.115 seconds
[2024-11-25T09:50:43.532+0000] {processor.py:186} INFO - Started process (PID=902) to work on /home/airflow/.local/lib/python3.12/site-packages/airflow/example_dags/example_external_task_marker_dag.py
[2024-11-25T09:50:43.534+0000] {processor.py:914} INFO - Processing file /home/airflow/.local/lib/python3.12/site-packages/airflow/example_dags/example_external_task_marker_dag.py for tasks to queue
[2024-11-25T09:50:43.537+0000] {logging_mixin.py:190} INFO - [2024-11-25T09:50:43.536+0000] {dagbag.py:588} INFO - Filling up the DagBag from /home/airflow/.local/lib/python3.12/site-packages/airflow/example_dags/example_external_task_marker_dag.py
[2024-11-25T09:50:43.560+0000] {processor.py:925} INFO - DAG(s) 'example_external_task_marker_child', 'example_external_task_marker_parent' retrieved from /home/airflow/.local/lib/python3.12/site-packages/airflow/example_dags/example_external_task_marker_dag.py
[2024-11-25T09:50:43.620+0000] {logging_mixin.py:190} INFO - [2024-11-25T09:50:43.620+0000] {dag.py:3239} INFO - Sync 2 DAGs
[2024-11-25T09:50:43.642+0000] {logging_mixin.py:190} INFO - [2024-11-25T09:50:43.641+0000] {dag.py:4180} INFO - Setting next_dagrun for example_external_task_marker_child to None, run_after=None
[2024-11-25T09:50:43.647+0000] {logging_mixin.py:190} INFO - [2024-11-25T09:50:43.647+0000] {dag.py:4180} INFO - Setting next_dagrun for example_external_task_marker_parent to None, run_after=None
[2024-11-25T09:50:43.669+0000] {processor.py:208} INFO - Processing /home/airflow/.local/lib/python3.12/site-packages/airflow/example_dags/example_external_task_marker_dag.py took 0.145 seconds
[2024-11-25T09:51:13.805+0000] {processor.py:186} INFO - Started process (PID=1203) to work on /home/airflow/.local/lib/python3.12/site-packages/airflow/example_dags/example_external_task_marker_dag.py
[2024-11-25T09:51:13.807+0000] {processor.py:914} INFO - Processing file /home/airflow/.local/lib/python3.12/site-packages/airflow/example_dags/example_external_task_marker_dag.py for tasks to queue
[2024-11-25T09:51:13.810+0000] {logging_mixin.py:190} INFO - [2024-11-25T09:51:13.809+0000] {dagbag.py:588} INFO - Filling up the DagBag from /home/airflow/.local/lib/python3.12/site-packages/airflow/example_dags/example_external_task_marker_dag.py
[2024-11-25T09:51:13.834+0000] {processor.py:925} INFO - DAG(s) 'example_external_task_marker_parent', 'example_external_task_marker_child' retrieved from /home/airflow/.local/lib/python3.12/site-packages/airflow/example_dags/example_external_task_marker_dag.py
[2024-11-25T09:51:13.884+0000] {logging_mixin.py:190} INFO - [2024-11-25T09:51:13.884+0000] {dag.py:3239} INFO - Sync 2 DAGs
[2024-11-25T09:51:13.919+0000] {logging_mixin.py:190} INFO - [2024-11-25T09:51:13.919+0000] {dag.py:4180} INFO - Setting next_dagrun for example_external_task_marker_child to None, run_after=None
[2024-11-25T09:51:13.930+0000] {logging_mixin.py:190} INFO - [2024-11-25T09:51:13.929+0000] {dag.py:4180} INFO - Setting next_dagrun for example_external_task_marker_parent to None, run_after=None
[2024-11-25T09:51:13.955+0000] {processor.py:208} INFO - Processing /home/airflow/.local/lib/python3.12/site-packages/airflow/example_dags/example_external_task_marker_dag.py took 0.165 seconds
[2024-11-25T09:51:44.289+0000] {processor.py:186} INFO - Started process (PID=1506) to work on /home/airflow/.local/lib/python3.12/site-packages/airflow/example_dags/example_external_task_marker_dag.py
[2024-11-25T09:51:44.290+0000] {processor.py:914} INFO - Processing file /home/airflow/.local/lib/python3.12/site-packages/airflow/example_dags/example_external_task_marker_dag.py for tasks to queue
[2024-11-25T09:51:44.292+0000] {logging_mixin.py:190} INFO - [2024-11-25T09:51:44.291+0000] {dagbag.py:588} INFO - Filling up the DagBag from /home/airflow/.local/lib/python3.12/site-packages/airflow/example_dags/example_external_task_marker_dag.py
[2024-11-25T09:51:44.301+0000] {processor.py:925} INFO - DAG(s) 'example_external_task_marker_child', 'example_external_task_marker_parent' retrieved from /home/airflow/.local/lib/python3.12/site-packages/airflow/example_dags/example_external_task_marker_dag.py
[2024-11-25T09:51:44.326+0000] {logging_mixin.py:190} INFO - [2024-11-25T09:51:44.326+0000] {dag.py:3239} INFO - Sync 2 DAGs
[2024-11-25T09:51:44.343+0000] {logging_mixin.py:190} INFO - [2024-11-25T09:51:44.342+0000] {dag.py:4180} INFO - Setting next_dagrun for example_external_task_marker_child to None, run_after=None
[2024-11-25T09:51:44.352+0000] {logging_mixin.py:190} INFO - [2024-11-25T09:51:44.351+0000] {dag.py:4180} INFO - Setting next_dagrun for example_external_task_marker_parent to None, run_after=None
[2024-11-25T09:51:44.380+0000] {processor.py:208} INFO - Processing /home/airflow/.local/lib/python3.12/site-packages/airflow/example_dags/example_external_task_marker_dag.py took 0.097 seconds
[2024-11-25T09:52:14.871+0000] {processor.py:186} INFO - Started process (PID=1800) to work on /home/airflow/.local/lib/python3.12/site-packages/airflow/example_dags/example_external_task_marker_dag.py
[2024-11-25T09:52:14.872+0000] {processor.py:914} INFO - Processing file /home/airflow/.local/lib/python3.12/site-packages/airflow/example_dags/example_external_task_marker_dag.py for tasks to queue
[2024-11-25T09:52:14.874+0000] {logging_mixin.py:190} INFO - [2024-11-25T09:52:14.874+0000] {dagbag.py:588} INFO - Filling up the DagBag from /home/airflow/.local/lib/python3.12/site-packages/airflow/example_dags/example_external_task_marker_dag.py
[2024-11-25T09:52:14.886+0000] {processor.py:925} INFO - DAG(s) 'example_external_task_marker_parent', 'example_external_task_marker_child' retrieved from /home/airflow/.local/lib/python3.12/site-packages/airflow/example_dags/example_external_task_marker_dag.py
[2024-11-25T09:52:14.924+0000] {logging_mixin.py:190} INFO - [2024-11-25T09:52:14.923+0000] {dag.py:3239} INFO - Sync 2 DAGs
[2024-11-25T09:52:14.976+0000] {logging_mixin.py:190} INFO - [2024-11-25T09:52:14.976+0000] {dag.py:4180} INFO - Setting next_dagrun for example_external_task_marker_child to None, run_after=None
[2024-11-25T09:52:14.986+0000] {logging_mixin.py:190} INFO - [2024-11-25T09:52:14.985+0000] {dag.py:4180} INFO - Setting next_dagrun for example_external_task_marker_parent to None, run_after=None
[2024-11-25T09:52:15.029+0000] {processor.py:208} INFO - Processing /home/airflow/.local/lib/python3.12/site-packages/airflow/example_dags/example_external_task_marker_dag.py took 0.166 seconds
[2024-11-25T09:52:45.420+0000] {processor.py:186} INFO - Started process (PID=2096) to work on /home/airflow/.local/lib/python3.12/site-packages/airflow/example_dags/example_external_task_marker_dag.py
[2024-11-25T09:52:45.422+0000] {processor.py:914} INFO - Processing file /home/airflow/.local/lib/python3.12/site-packages/airflow/example_dags/example_external_task_marker_dag.py for tasks to queue
[2024-11-25T09:52:45.424+0000] {logging_mixin.py:190} INFO - [2024-11-25T09:52:45.423+0000] {dagbag.py:588} INFO - Filling up the DagBag from /home/airflow/.local/lib/python3.12/site-packages/airflow/example_dags/example_external_task_marker_dag.py
[2024-11-25T09:52:45.440+0000] {processor.py:925} INFO - DAG(s) 'example_external_task_marker_child', 'example_external_task_marker_parent' retrieved from /home/airflow/.local/lib/python3.12/site-packages/airflow/example_dags/example_external_task_marker_dag.py
[2024-11-25T09:52:45.475+0000] {logging_mixin.py:190} INFO - [2024-11-25T09:52:45.475+0000] {dag.py:3239} INFO - Sync 2 DAGs
[2024-11-25T09:52:45.503+0000] {logging_mixin.py:190} INFO - [2024-11-25T09:52:45.502+0000] {dag.py:4180} INFO - Setting next_dagrun for example_external_task_marker_child to None, run_after=None
[2024-11-25T09:52:45.508+0000] {logging_mixin.py:190} INFO - [2024-11-25T09:52:45.508+0000] {dag.py:4180} INFO - Setting next_dagrun for example_external_task_marker_parent to None, run_after=None
[2024-11-25T09:52:45.533+0000] {processor.py:208} INFO - Processing /home/airflow/.local/lib/python3.12/site-packages/airflow/example_dags/example_external_task_marker_dag.py took 0.124 seconds
[2024-11-25T09:53:15.961+0000] {processor.py:186} INFO - Started process (PID=2392) to work on /home/airflow/.local/lib/python3.12/site-packages/airflow/example_dags/example_external_task_marker_dag.py
[2024-11-25T09:53:15.962+0000] {processor.py:914} INFO - Processing file /home/airflow/.local/lib/python3.12/site-packages/airflow/example_dags/example_external_task_marker_dag.py for tasks to queue
[2024-11-25T09:53:15.964+0000] {logging_mixin.py:190} INFO - [2024-11-25T09:53:15.963+0000] {dagbag.py:588} INFO - Filling up the DagBag from /home/airflow/.local/lib/python3.12/site-packages/airflow/example_dags/example_external_task_marker_dag.py
[2024-11-25T09:53:15.973+0000] {processor.py:925} INFO - DAG(s) 'example_external_task_marker_parent', 'example_external_task_marker_child' retrieved from /home/airflow/.local/lib/python3.12/site-packages/airflow/example_dags/example_external_task_marker_dag.py
[2024-11-25T09:53:15.999+0000] {logging_mixin.py:190} INFO - [2024-11-25T09:53:15.998+0000] {dag.py:3239} INFO - Sync 2 DAGs
[2024-11-25T09:53:16.016+0000] {logging_mixin.py:190} INFO - [2024-11-25T09:53:16.016+0000] {dag.py:4180} INFO - Setting next_dagrun for example_external_task_marker_child to None, run_after=None
[2024-11-25T09:53:16.021+0000] {logging_mixin.py:190} INFO - [2024-11-25T09:53:16.020+0000] {dag.py:4180} INFO - Setting next_dagrun for example_external_task_marker_parent to None, run_after=None
[2024-11-25T09:53:16.042+0000] {processor.py:208} INFO - Processing /home/airflow/.local/lib/python3.12/site-packages/airflow/example_dags/example_external_task_marker_dag.py took 0.087 seconds
[2024-11-25T09:53:46.788+0000] {processor.py:186} INFO - Started process (PID=2690) to work on /home/airflow/.local/lib/python3.12/site-packages/airflow/example_dags/example_external_task_marker_dag.py
[2024-11-25T09:53:46.789+0000] {processor.py:914} INFO - Processing file /home/airflow/.local/lib/python3.12/site-packages/airflow/example_dags/example_external_task_marker_dag.py for tasks to queue
[2024-11-25T09:53:46.790+0000] {logging_mixin.py:190} INFO - [2024-11-25T09:53:46.790+0000] {dagbag.py:588} INFO - Filling up the DagBag from /home/airflow/.local/lib/python3.12/site-packages/airflow/example_dags/example_external_task_marker_dag.py
[2024-11-25T09:53:46.799+0000] {processor.py:925} INFO - DAG(s) 'example_external_task_marker_parent', 'example_external_task_marker_child' retrieved from /home/airflow/.local/lib/python3.12/site-packages/airflow/example_dags/example_external_task_marker_dag.py
[2024-11-25T09:53:46.826+0000] {logging_mixin.py:190} INFO - [2024-11-25T09:53:46.826+0000] {dag.py:3239} INFO - Sync 2 DAGs
[2024-11-25T09:53:46.841+0000] {logging_mixin.py:190} INFO - [2024-11-25T09:53:46.841+0000] {dag.py:4180} INFO - Setting next_dagrun for example_external_task_marker_child to None, run_after=None
[2024-11-25T09:53:46.846+0000] {logging_mixin.py:190} INFO - [2024-11-25T09:53:46.846+0000] {dag.py:4180} INFO - Setting next_dagrun for example_external_task_marker_parent to None, run_after=None
[2024-11-25T09:53:46.870+0000] {processor.py:208} INFO - Processing /home/airflow/.local/lib/python3.12/site-packages/airflow/example_dags/example_external_task_marker_dag.py took 0.089 seconds
[2024-11-25T09:54:16.974+0000] {processor.py:186} INFO - Started process (PID=2984) to work on /home/airflow/.local/lib/python3.12/site-packages/airflow/example_dags/example_external_task_marker_dag.py
[2024-11-25T09:54:16.976+0000] {processor.py:914} INFO - Processing file /home/airflow/.local/lib/python3.12/site-packages/airflow/example_dags/example_external_task_marker_dag.py for tasks to queue
[2024-11-25T09:54:16.977+0000] {logging_mixin.py:190} INFO - [2024-11-25T09:54:16.977+0000] {dagbag.py:588} INFO - Filling up the DagBag from /home/airflow/.local/lib/python3.12/site-packages/airflow/example_dags/example_external_task_marker_dag.py
[2024-11-25T09:54:16.987+0000] {processor.py:925} INFO - DAG(s) 'example_external_task_marker_child', 'example_external_task_marker_parent' retrieved from /home/airflow/.local/lib/python3.12/site-packages/airflow/example_dags/example_external_task_marker_dag.py
[2024-11-25T09:54:17.012+0000] {logging_mixin.py:190} INFO - [2024-11-25T09:54:17.012+0000] {dag.py:3239} INFO - Sync 2 DAGs
[2024-11-25T09:54:17.029+0000] {logging_mixin.py:190} INFO - [2024-11-25T09:54:17.028+0000] {dag.py:4180} INFO - Setting next_dagrun for example_external_task_marker_child to None, run_after=None
[2024-11-25T09:54:17.034+0000] {logging_mixin.py:190} INFO - [2024-11-25T09:54:17.034+0000] {dag.py:4180} INFO - Setting next_dagrun for example_external_task_marker_parent to None, run_after=None
[2024-11-25T09:54:17.054+0000] {processor.py:208} INFO - Processing /home/airflow/.local/lib/python3.12/site-packages/airflow/example_dags/example_external_task_marker_dag.py took 0.086 seconds
[2024-11-25T09:54:47.450+0000] {processor.py:186} INFO - Started process (PID=3280) to work on /home/airflow/.local/lib/python3.12/site-packages/airflow/example_dags/example_external_task_marker_dag.py
[2024-11-25T09:54:47.451+0000] {processor.py:914} INFO - Processing file /home/airflow/.local/lib/python3.12/site-packages/airflow/example_dags/example_external_task_marker_dag.py for tasks to queue
[2024-11-25T09:54:47.452+0000] {logging_mixin.py:190} INFO - [2024-11-25T09:54:47.452+0000] {dagbag.py:588} INFO - Filling up the DagBag from /home/airflow/.local/lib/python3.12/site-packages/airflow/example_dags/example_external_task_marker_dag.py
[2024-11-25T09:54:47.463+0000] {processor.py:925} INFO - DAG(s) 'example_external_task_marker_child', 'example_external_task_marker_parent' retrieved from /home/airflow/.local/lib/python3.12/site-packages/airflow/example_dags/example_external_task_marker_dag.py
[2024-11-25T09:54:47.488+0000] {logging_mixin.py:190} INFO - [2024-11-25T09:54:47.487+0000] {dag.py:3239} INFO - Sync 2 DAGs
[2024-11-25T09:54:47.504+0000] {logging_mixin.py:190} INFO - [2024-11-25T09:54:47.504+0000] {dag.py:4180} INFO - Setting next_dagrun for example_external_task_marker_child to None, run_after=None
[2024-11-25T09:54:47.508+0000] {logging_mixin.py:190} INFO - [2024-11-25T09:54:47.508+0000] {dag.py:4180} INFO - Setting next_dagrun for example_external_task_marker_parent to None, run_after=None
[2024-11-25T09:54:47.529+0000] {processor.py:208} INFO - Processing /home/airflow/.local/lib/python3.12/site-packages/airflow/example_dags/example_external_task_marker_dag.py took 0.085 seconds
[2024-11-25T09:55:18.878+0000] {processor.py:186} INFO - Started process (PID=3576) to work on /home/airflow/.local/lib/python3.12/site-packages/airflow/example_dags/example_external_task_marker_dag.py
[2024-11-25T09:55:18.880+0000] {processor.py:914} INFO - Processing file /home/airflow/.local/lib/python3.12/site-packages/airflow/example_dags/example_external_task_marker_dag.py for tasks to queue
[2024-11-25T09:55:18.882+0000] {logging_mixin.py:190} INFO - [2024-11-25T09:55:18.882+0000] {dagbag.py:588} INFO - Filling up the DagBag from /home/airflow/.local/lib/python3.12/site-packages/airflow/example_dags/example_external_task_marker_dag.py
[2024-11-25T09:55:18.900+0000] {processor.py:925} INFO - DAG(s) 'example_external_task_marker_parent', 'example_external_task_marker_child' retrieved from /home/airflow/.local/lib/python3.12/site-packages/airflow/example_dags/example_external_task_marker_dag.py
[2024-11-25T09:55:18.933+0000] {logging_mixin.py:190} INFO - [2024-11-25T09:55:18.933+0000] {dag.py:3239} INFO - Sync 2 DAGs
[2024-11-25T09:55:18.955+0000] {logging_mixin.py:190} INFO - [2024-11-25T09:55:18.955+0000] {dag.py:4180} INFO - Setting next_dagrun for example_external_task_marker_child to None, run_after=None
[2024-11-25T09:55:18.961+0000] {logging_mixin.py:190} INFO - [2024-11-25T09:55:18.961+0000] {dag.py:4180} INFO - Setting next_dagrun for example_external_task_marker_parent to None, run_after=None
[2024-11-25T09:55:18.984+0000] {processor.py:208} INFO - Processing /home/airflow/.local/lib/python3.12/site-packages/airflow/example_dags/example_external_task_marker_dag.py took 0.117 seconds
[2024-11-25T09:55:49.612+0000] {processor.py:186} INFO - Started process (PID=3873) to work on /home/airflow/.local/lib/python3.12/site-packages/airflow/example_dags/example_external_task_marker_dag.py
[2024-11-25T09:55:49.613+0000] {processor.py:914} INFO - Processing file /home/airflow/.local/lib/python3.12/site-packages/airflow/example_dags/example_external_task_marker_dag.py for tasks to queue
[2024-11-25T09:55:49.615+0000] {logging_mixin.py:190} INFO - [2024-11-25T09:55:49.614+0000] {dagbag.py:588} INFO - Filling up the DagBag from /home/airflow/.local/lib/python3.12/site-packages/airflow/example_dags/example_external_task_marker_dag.py
[2024-11-25T09:55:49.627+0000] {processor.py:925} INFO - DAG(s) 'example_external_task_marker_child', 'example_external_task_marker_parent' retrieved from /home/airflow/.local/lib/python3.12/site-packages/airflow/example_dags/example_external_task_marker_dag.py
[2024-11-25T09:55:49.652+0000] {logging_mixin.py:190} INFO - [2024-11-25T09:55:49.652+0000] {dag.py:3239} INFO - Sync 2 DAGs
[2024-11-25T09:55:49.669+0000] {logging_mixin.py:190} INFO - [2024-11-25T09:55:49.669+0000] {dag.py:4180} INFO - Setting next_dagrun for example_external_task_marker_child to None, run_after=None
[2024-11-25T09:55:49.673+0000] {logging_mixin.py:190} INFO - [2024-11-25T09:55:49.673+0000] {dag.py:4180} INFO - Setting next_dagrun for example_external_task_marker_parent to None, run_after=None
[2024-11-25T09:55:49.694+0000] {processor.py:208} INFO - Processing /home/airflow/.local/lib/python3.12/site-packages/airflow/example_dags/example_external_task_marker_dag.py took 0.091 seconds
[2024-11-25T09:56:20.501+0000] {processor.py:186} INFO - Started process (PID=4169) to work on /home/airflow/.local/lib/python3.12/site-packages/airflow/example_dags/example_external_task_marker_dag.py
[2024-11-25T09:56:20.503+0000] {processor.py:914} INFO - Processing file /home/airflow/.local/lib/python3.12/site-packages/airflow/example_dags/example_external_task_marker_dag.py for tasks to queue
[2024-11-25T09:56:20.506+0000] {logging_mixin.py:190} INFO - [2024-11-25T09:56:20.505+0000] {dagbag.py:588} INFO - Filling up the DagBag from /home/airflow/.local/lib/python3.12/site-packages/airflow/example_dags/example_external_task_marker_dag.py
[2024-11-25T09:56:20.523+0000] {processor.py:925} INFO - DAG(s) 'example_external_task_marker_child', 'example_external_task_marker_parent' retrieved from /home/airflow/.local/lib/python3.12/site-packages/airflow/example_dags/example_external_task_marker_dag.py
[2024-11-25T09:56:20.561+0000] {logging_mixin.py:190} INFO - [2024-11-25T09:56:20.561+0000] {dag.py:3239} INFO - Sync 2 DAGs
[2024-11-25T09:56:20.591+0000] {logging_mixin.py:190} INFO - [2024-11-25T09:56:20.590+0000] {dag.py:4180} INFO - Setting next_dagrun for example_external_task_marker_child to None, run_after=None
[2024-11-25T09:56:20.598+0000] {logging_mixin.py:190} INFO - [2024-11-25T09:56:20.597+0000] {dag.py:4180} INFO - Setting next_dagrun for example_external_task_marker_parent to None, run_after=None
[2024-11-25T09:56:20.636+0000] {processor.py:208} INFO - Processing /home/airflow/.local/lib/python3.12/site-packages/airflow/example_dags/example_external_task_marker_dag.py took 0.145 seconds
[2024-11-25T09:56:51.220+0000] {processor.py:186} INFO - Started process (PID=4465) to work on /home/airflow/.local/lib/python3.12/site-packages/airflow/example_dags/example_external_task_marker_dag.py
[2024-11-25T09:56:51.221+0000] {processor.py:914} INFO - Processing file /home/airflow/.local/lib/python3.12/site-packages/airflow/example_dags/example_external_task_marker_dag.py for tasks to queue
[2024-11-25T09:56:51.223+0000] {logging_mixin.py:190} INFO - [2024-11-25T09:56:51.223+0000] {dagbag.py:588} INFO - Filling up the DagBag from /home/airflow/.local/lib/python3.12/site-packages/airflow/example_dags/example_external_task_marker_dag.py
[2024-11-25T09:56:51.238+0000] {processor.py:925} INFO - DAG(s) 'example_external_task_marker_child', 'example_external_task_marker_parent' retrieved from /home/airflow/.local/lib/python3.12/site-packages/airflow/example_dags/example_external_task_marker_dag.py
[2024-11-25T09:56:51.271+0000] {logging_mixin.py:190} INFO - [2024-11-25T09:56:51.270+0000] {dag.py:3239} INFO - Sync 2 DAGs
[2024-11-25T09:56:51.292+0000] {logging_mixin.py:190} INFO - [2024-11-25T09:56:51.291+0000] {dag.py:4180} INFO - Setting next_dagrun for example_external_task_marker_child to None, run_after=None
[2024-11-25T09:56:51.297+0000] {logging_mixin.py:190} INFO - [2024-11-25T09:56:51.297+0000] {dag.py:4180} INFO - Setting next_dagrun for example_external_task_marker_parent to None, run_after=None
[2024-11-25T09:56:51.326+0000] {processor.py:208} INFO - Processing /home/airflow/.local/lib/python3.12/site-packages/airflow/example_dags/example_external_task_marker_dag.py took 0.116 seconds
[2024-11-25T09:57:21.619+0000] {processor.py:186} INFO - Started process (PID=4766) to work on /home/airflow/.local/lib/python3.12/site-packages/airflow/example_dags/example_external_task_marker_dag.py
[2024-11-25T09:57:21.620+0000] {processor.py:914} INFO - Processing file /home/airflow/.local/lib/python3.12/site-packages/airflow/example_dags/example_external_task_marker_dag.py for tasks to queue
[2024-11-25T09:57:21.621+0000] {logging_mixin.py:190} INFO - [2024-11-25T09:57:21.621+0000] {dagbag.py:588} INFO - Filling up the DagBag from /home/airflow/.local/lib/python3.12/site-packages/airflow/example_dags/example_external_task_marker_dag.py
[2024-11-25T09:57:21.632+0000] {processor.py:925} INFO - DAG(s) 'example_external_task_marker_child', 'example_external_task_marker_parent' retrieved from /home/airflow/.local/lib/python3.12/site-packages/airflow/example_dags/example_external_task_marker_dag.py
[2024-11-25T09:57:21.657+0000] {logging_mixin.py:190} INFO - [2024-11-25T09:57:21.657+0000] {dag.py:3239} INFO - Sync 2 DAGs
[2024-11-25T09:57:21.674+0000] {logging_mixin.py:190} INFO - [2024-11-25T09:57:21.674+0000] {dag.py:4180} INFO - Setting next_dagrun for example_external_task_marker_child to None, run_after=None
[2024-11-25T09:57:21.679+0000] {logging_mixin.py:190} INFO - [2024-11-25T09:57:21.679+0000] {dag.py:4180} INFO - Setting next_dagrun for example_external_task_marker_parent to None, run_after=None
[2024-11-25T09:57:21.703+0000] {processor.py:208} INFO - Processing /home/airflow/.local/lib/python3.12/site-packages/airflow/example_dags/example_external_task_marker_dag.py took 0.091 seconds
[2024-11-25T09:57:52.322+0000] {processor.py:186} INFO - Started process (PID=5065) to work on /home/airflow/.local/lib/python3.12/site-packages/airflow/example_dags/example_external_task_marker_dag.py
[2024-11-25T09:57:52.323+0000] {processor.py:914} INFO - Processing file /home/airflow/.local/lib/python3.12/site-packages/airflow/example_dags/example_external_task_marker_dag.py for tasks to queue
[2024-11-25T09:57:52.326+0000] {logging_mixin.py:190} INFO - [2024-11-25T09:57:52.325+0000] {dagbag.py:588} INFO - Filling up the DagBag from /home/airflow/.local/lib/python3.12/site-packages/airflow/example_dags/example_external_task_marker_dag.py
[2024-11-25T09:57:52.343+0000] {processor.py:925} INFO - DAG(s) 'example_external_task_marker_parent', 'example_external_task_marker_child' retrieved from /home/airflow/.local/lib/python3.12/site-packages/airflow/example_dags/example_external_task_marker_dag.py
[2024-11-25T09:57:52.374+0000] {logging_mixin.py:190} INFO - [2024-11-25T09:57:52.373+0000] {dag.py:3239} INFO - Sync 2 DAGs
[2024-11-25T09:57:52.393+0000] {logging_mixin.py:190} INFO - [2024-11-25T09:57:52.392+0000] {dag.py:4180} INFO - Setting next_dagrun for example_external_task_marker_child to None, run_after=None
[2024-11-25T09:57:52.398+0000] {logging_mixin.py:190} INFO - [2024-11-25T09:57:52.398+0000] {dag.py:4180} INFO - Setting next_dagrun for example_external_task_marker_parent to None, run_after=None
[2024-11-25T09:57:52.444+0000] {processor.py:208} INFO - Processing /home/airflow/.local/lib/python3.12/site-packages/airflow/example_dags/example_external_task_marker_dag.py took 0.132 seconds
[2024-11-25T09:58:23.457+0000] {processor.py:186} INFO - Started process (PID=5361) to work on /home/airflow/.local/lib/python3.12/site-packages/airflow/example_dags/example_external_task_marker_dag.py
[2024-11-25T09:58:23.458+0000] {processor.py:914} INFO - Processing file /home/airflow/.local/lib/python3.12/site-packages/airflow/example_dags/example_external_task_marker_dag.py for tasks to queue
[2024-11-25T09:58:23.461+0000] {logging_mixin.py:190} INFO - [2024-11-25T09:58:23.460+0000] {dagbag.py:588} INFO - Filling up the DagBag from /home/airflow/.local/lib/python3.12/site-packages/airflow/example_dags/example_external_task_marker_dag.py
[2024-11-25T09:58:23.477+0000] {processor.py:925} INFO - DAG(s) 'example_external_task_marker_child', 'example_external_task_marker_parent' retrieved from /home/airflow/.local/lib/python3.12/site-packages/airflow/example_dags/example_external_task_marker_dag.py
[2024-11-25T09:58:23.529+0000] {logging_mixin.py:190} INFO - [2024-11-25T09:58:23.528+0000] {dag.py:3239} INFO - Sync 2 DAGs
[2024-11-25T09:58:23.560+0000] {logging_mixin.py:190} INFO - [2024-11-25T09:58:23.560+0000] {dag.py:4180} INFO - Setting next_dagrun for example_external_task_marker_child to None, run_after=None
[2024-11-25T09:58:23.568+0000] {logging_mixin.py:190} INFO - [2024-11-25T09:58:23.568+0000] {dag.py:4180} INFO - Setting next_dagrun for example_external_task_marker_parent to None, run_after=None
[2024-11-25T09:58:23.594+0000] {processor.py:208} INFO - Processing /home/airflow/.local/lib/python3.12/site-packages/airflow/example_dags/example_external_task_marker_dag.py took 0.149 seconds
[2024-11-25T09:58:53.987+0000] {processor.py:186} INFO - Started process (PID=5660) to work on /home/airflow/.local/lib/python3.12/site-packages/airflow/example_dags/example_external_task_marker_dag.py
[2024-11-25T09:58:53.988+0000] {processor.py:914} INFO - Processing file /home/airflow/.local/lib/python3.12/site-packages/airflow/example_dags/example_external_task_marker_dag.py for tasks to queue
[2024-11-25T09:58:53.990+0000] {logging_mixin.py:190} INFO - [2024-11-25T09:58:53.990+0000] {dagbag.py:588} INFO - Filling up the DagBag from /home/airflow/.local/lib/python3.12/site-packages/airflow/example_dags/example_external_task_marker_dag.py
[2024-11-25T09:58:54.002+0000] {processor.py:925} INFO - DAG(s) 'example_external_task_marker_child', 'example_external_task_marker_parent' retrieved from /home/airflow/.local/lib/python3.12/site-packages/airflow/example_dags/example_external_task_marker_dag.py
[2024-11-25T09:58:54.029+0000] {logging_mixin.py:190} INFO - [2024-11-25T09:58:54.029+0000] {dag.py:3239} INFO - Sync 2 DAGs
[2024-11-25T09:58:54.049+0000] {logging_mixin.py:190} INFO - [2024-11-25T09:58:54.049+0000] {dag.py:4180} INFO - Setting next_dagrun for example_external_task_marker_child to None, run_after=None
[2024-11-25T09:58:54.056+0000] {logging_mixin.py:190} INFO - [2024-11-25T09:58:54.055+0000] {dag.py:4180} INFO - Setting next_dagrun for example_external_task_marker_parent to None, run_after=None
[2024-11-25T09:58:54.076+0000] {processor.py:208} INFO - Processing /home/airflow/.local/lib/python3.12/site-packages/airflow/example_dags/example_external_task_marker_dag.py took 0.096 seconds
[2024-11-25T09:59:24.518+0000] {processor.py:186} INFO - Started process (PID=5951) to work on /home/airflow/.local/lib/python3.12/site-packages/airflow/example_dags/example_external_task_marker_dag.py
[2024-11-25T09:59:24.519+0000] {processor.py:914} INFO - Processing file /home/airflow/.local/lib/python3.12/site-packages/airflow/example_dags/example_external_task_marker_dag.py for tasks to queue
[2024-11-25T09:59:24.521+0000] {logging_mixin.py:190} INFO - [2024-11-25T09:59:24.520+0000] {dagbag.py:588} INFO - Filling up the DagBag from /home/airflow/.local/lib/python3.12/site-packages/airflow/example_dags/example_external_task_marker_dag.py
[2024-11-25T09:59:24.533+0000] {processor.py:925} INFO - DAG(s) 'example_external_task_marker_child', 'example_external_task_marker_parent' retrieved from /home/airflow/.local/lib/python3.12/site-packages/airflow/example_dags/example_external_task_marker_dag.py
[2024-11-25T09:59:24.560+0000] {logging_mixin.py:190} INFO - [2024-11-25T09:59:24.560+0000] {dag.py:3239} INFO - Sync 2 DAGs
[2024-11-25T09:59:24.578+0000] {logging_mixin.py:190} INFO - [2024-11-25T09:59:24.578+0000] {dag.py:4180} INFO - Setting next_dagrun for example_external_task_marker_child to None, run_after=None
[2024-11-25T09:59:24.583+0000] {logging_mixin.py:190} INFO - [2024-11-25T09:59:24.583+0000] {dag.py:4180} INFO - Setting next_dagrun for example_external_task_marker_parent to None, run_after=None
[2024-11-25T09:59:24.604+0000] {processor.py:208} INFO - Processing /home/airflow/.local/lib/python3.12/site-packages/airflow/example_dags/example_external_task_marker_dag.py took 0.092 seconds
[2024-11-25T09:59:54.812+0000] {processor.py:186} INFO - Started process (PID=6247) to work on /home/airflow/.local/lib/python3.12/site-packages/airflow/example_dags/example_external_task_marker_dag.py
[2024-11-25T09:59:54.813+0000] {processor.py:914} INFO - Processing file /home/airflow/.local/lib/python3.12/site-packages/airflow/example_dags/example_external_task_marker_dag.py for tasks to queue
[2024-11-25T09:59:54.815+0000] {logging_mixin.py:190} INFO - [2024-11-25T09:59:54.814+0000] {dagbag.py:588} INFO - Filling up the DagBag from /home/airflow/.local/lib/python3.12/site-packages/airflow/example_dags/example_external_task_marker_dag.py
[2024-11-25T09:59:54.828+0000] {processor.py:925} INFO - DAG(s) 'example_external_task_marker_parent', 'example_external_task_marker_child' retrieved from /home/airflow/.local/lib/python3.12/site-packages/airflow/example_dags/example_external_task_marker_dag.py
[2024-11-25T09:59:54.853+0000] {logging_mixin.py:190} INFO - [2024-11-25T09:59:54.853+0000] {dag.py:3239} INFO - Sync 2 DAGs
[2024-11-25T09:59:54.871+0000] {logging_mixin.py:190} INFO - [2024-11-25T09:59:54.871+0000] {dag.py:4180} INFO - Setting next_dagrun for example_external_task_marker_child to None, run_after=None
[2024-11-25T09:59:54.876+0000] {logging_mixin.py:190} INFO - [2024-11-25T09:59:54.876+0000] {dag.py:4180} INFO - Setting next_dagrun for example_external_task_marker_parent to None, run_after=None
[2024-11-25T09:59:54.898+0000] {processor.py:208} INFO - Processing /home/airflow/.local/lib/python3.12/site-packages/airflow/example_dags/example_external_task_marker_dag.py took 0.095 seconds
[2024-11-25T10:00:25.612+0000] {processor.py:186} INFO - Started process (PID=6498) to work on /home/airflow/.local/lib/python3.12/site-packages/airflow/example_dags/example_external_task_marker_dag.py
[2024-11-25T10:00:25.614+0000] {processor.py:914} INFO - Processing file /home/airflow/.local/lib/python3.12/site-packages/airflow/example_dags/example_external_task_marker_dag.py for tasks to queue
[2024-11-25T10:00:25.616+0000] {logging_mixin.py:190} INFO - [2024-11-25T10:00:25.615+0000] {dagbag.py:588} INFO - Filling up the DagBag from /home/airflow/.local/lib/python3.12/site-packages/airflow/example_dags/example_external_task_marker_dag.py
[2024-11-25T10:00:25.628+0000] {processor.py:925} INFO - DAG(s) 'example_external_task_marker_parent', 'example_external_task_marker_child' retrieved from /home/airflow/.local/lib/python3.12/site-packages/airflow/example_dags/example_external_task_marker_dag.py
[2024-11-25T10:00:25.664+0000] {logging_mixin.py:190} INFO - [2024-11-25T10:00:25.663+0000] {dag.py:3239} INFO - Sync 2 DAGs
[2024-11-25T10:00:25.686+0000] {logging_mixin.py:190} INFO - [2024-11-25T10:00:25.686+0000] {dag.py:4180} INFO - Setting next_dagrun for example_external_task_marker_child to None, run_after=None
[2024-11-25T10:00:25.692+0000] {logging_mixin.py:190} INFO - [2024-11-25T10:00:25.691+0000] {dag.py:4180} INFO - Setting next_dagrun for example_external_task_marker_parent to None, run_after=None
[2024-11-25T10:00:25.716+0000] {processor.py:208} INFO - Processing /home/airflow/.local/lib/python3.12/site-packages/airflow/example_dags/example_external_task_marker_dag.py took 0.115 seconds
[2024-11-25T10:00:56.473+0000] {processor.py:186} INFO - Started process (PID=6779) to work on /home/airflow/.local/lib/python3.12/site-packages/airflow/example_dags/example_external_task_marker_dag.py
[2024-11-25T10:00:56.474+0000] {processor.py:914} INFO - Processing file /home/airflow/.local/lib/python3.12/site-packages/airflow/example_dags/example_external_task_marker_dag.py for tasks to queue
[2024-11-25T10:00:56.476+0000] {logging_mixin.py:190} INFO - [2024-11-25T10:00:56.476+0000] {dagbag.py:588} INFO - Filling up the DagBag from /home/airflow/.local/lib/python3.12/site-packages/airflow/example_dags/example_external_task_marker_dag.py
[2024-11-25T10:00:56.490+0000] {processor.py:925} INFO - DAG(s) 'example_external_task_marker_child', 'example_external_task_marker_parent' retrieved from /home/airflow/.local/lib/python3.12/site-packages/airflow/example_dags/example_external_task_marker_dag.py
[2024-11-25T10:00:56.522+0000] {logging_mixin.py:190} INFO - [2024-11-25T10:00:56.522+0000] {dag.py:3239} INFO - Sync 2 DAGs
[2024-11-25T10:00:56.543+0000] {logging_mixin.py:190} INFO - [2024-11-25T10:00:56.543+0000] {dag.py:4180} INFO - Setting next_dagrun for example_external_task_marker_child to None, run_after=None
[2024-11-25T10:00:56.548+0000] {logging_mixin.py:190} INFO - [2024-11-25T10:00:56.548+0000] {dag.py:4180} INFO - Setting next_dagrun for example_external_task_marker_parent to None, run_after=None
[2024-11-25T10:00:56.571+0000] {processor.py:208} INFO - Processing /home/airflow/.local/lib/python3.12/site-packages/airflow/example_dags/example_external_task_marker_dag.py took 0.105 seconds
[2024-11-25T10:01:27.030+0000] {processor.py:186} INFO - Started process (PID=7075) to work on /home/airflow/.local/lib/python3.12/site-packages/airflow/example_dags/example_external_task_marker_dag.py
[2024-11-25T10:01:27.032+0000] {processor.py:914} INFO - Processing file /home/airflow/.local/lib/python3.12/site-packages/airflow/example_dags/example_external_task_marker_dag.py for tasks to queue
[2024-11-25T10:01:27.034+0000] {logging_mixin.py:190} INFO - [2024-11-25T10:01:27.033+0000] {dagbag.py:588} INFO - Filling up the DagBag from /home/airflow/.local/lib/python3.12/site-packages/airflow/example_dags/example_external_task_marker_dag.py
[2024-11-25T10:01:27.051+0000] {processor.py:925} INFO - DAG(s) 'example_external_task_marker_child', 'example_external_task_marker_parent' retrieved from /home/airflow/.local/lib/python3.12/site-packages/airflow/example_dags/example_external_task_marker_dag.py
[2024-11-25T10:01:27.082+0000] {logging_mixin.py:190} INFO - [2024-11-25T10:01:27.082+0000] {dag.py:3239} INFO - Sync 2 DAGs
[2024-11-25T10:01:27.103+0000] {logging_mixin.py:190} INFO - [2024-11-25T10:01:27.103+0000] {dag.py:4180} INFO - Setting next_dagrun for example_external_task_marker_child to None, run_after=None
[2024-11-25T10:01:27.109+0000] {logging_mixin.py:190} INFO - [2024-11-25T10:01:27.108+0000] {dag.py:4180} INFO - Setting next_dagrun for example_external_task_marker_parent to None, run_after=None
[2024-11-25T10:01:27.137+0000] {processor.py:208} INFO - Processing /home/airflow/.local/lib/python3.12/site-packages/airflow/example_dags/example_external_task_marker_dag.py took 0.116 seconds
[2024-11-25T10:01:57.266+0000] {processor.py:186} INFO - Started process (PID=7371) to work on /home/airflow/.local/lib/python3.12/site-packages/airflow/example_dags/example_external_task_marker_dag.py
[2024-11-25T10:01:57.267+0000] {processor.py:914} INFO - Processing file /home/airflow/.local/lib/python3.12/site-packages/airflow/example_dags/example_external_task_marker_dag.py for tasks to queue
[2024-11-25T10:01:57.269+0000] {logging_mixin.py:190} INFO - [2024-11-25T10:01:57.268+0000] {dagbag.py:588} INFO - Filling up the DagBag from /home/airflow/.local/lib/python3.12/site-packages/airflow/example_dags/example_external_task_marker_dag.py
[2024-11-25T10:01:57.279+0000] {processor.py:925} INFO - DAG(s) 'example_external_task_marker_parent', 'example_external_task_marker_child' retrieved from /home/airflow/.local/lib/python3.12/site-packages/airflow/example_dags/example_external_task_marker_dag.py
[2024-11-25T10:01:57.306+0000] {logging_mixin.py:190} INFO - [2024-11-25T10:01:57.306+0000] {dag.py:3239} INFO - Sync 2 DAGs
[2024-11-25T10:01:57.326+0000] {logging_mixin.py:190} INFO - [2024-11-25T10:01:57.326+0000] {dag.py:4180} INFO - Setting next_dagrun for example_external_task_marker_child to None, run_after=None
[2024-11-25T10:01:57.332+0000] {logging_mixin.py:190} INFO - [2024-11-25T10:01:57.331+0000] {dag.py:4180} INFO - Setting next_dagrun for example_external_task_marker_parent to None, run_after=None
[2024-11-25T10:01:57.357+0000] {processor.py:208} INFO - Processing /home/airflow/.local/lib/python3.12/site-packages/airflow/example_dags/example_external_task_marker_dag.py took 0.098 seconds
[2024-11-25T10:02:27.798+0000] {processor.py:186} INFO - Started process (PID=7667) to work on /home/airflow/.local/lib/python3.12/site-packages/airflow/example_dags/example_external_task_marker_dag.py
[2024-11-25T10:02:27.799+0000] {processor.py:914} INFO - Processing file /home/airflow/.local/lib/python3.12/site-packages/airflow/example_dags/example_external_task_marker_dag.py for tasks to queue
[2024-11-25T10:02:27.801+0000] {logging_mixin.py:190} INFO - [2024-11-25T10:02:27.800+0000] {dagbag.py:588} INFO - Filling up the DagBag from /home/airflow/.local/lib/python3.12/site-packages/airflow/example_dags/example_external_task_marker_dag.py
[2024-11-25T10:02:27.812+0000] {processor.py:925} INFO - DAG(s) 'example_external_task_marker_child', 'example_external_task_marker_parent' retrieved from /home/airflow/.local/lib/python3.12/site-packages/airflow/example_dags/example_external_task_marker_dag.py
[2024-11-25T10:02:27.839+0000] {logging_mixin.py:190} INFO - [2024-11-25T10:02:27.839+0000] {dag.py:3239} INFO - Sync 2 DAGs
[2024-11-25T10:02:27.858+0000] {logging_mixin.py:190} INFO - [2024-11-25T10:02:27.858+0000] {dag.py:4180} INFO - Setting next_dagrun for example_external_task_marker_child to None, run_after=None
[2024-11-25T10:02:27.863+0000] {logging_mixin.py:190} INFO - [2024-11-25T10:02:27.863+0000] {dag.py:4180} INFO - Setting next_dagrun for example_external_task_marker_parent to None, run_after=None
[2024-11-25T10:02:27.887+0000] {processor.py:208} INFO - Processing /home/airflow/.local/lib/python3.12/site-packages/airflow/example_dags/example_external_task_marker_dag.py took 0.097 seconds
[2024-11-25T10:02:58.147+0000] {processor.py:186} INFO - Started process (PID=7976) to work on /home/airflow/.local/lib/python3.12/site-packages/airflow/example_dags/example_external_task_marker_dag.py
[2024-11-25T10:02:58.149+0000] {processor.py:914} INFO - Processing file /home/airflow/.local/lib/python3.12/site-packages/airflow/example_dags/example_external_task_marker_dag.py for tasks to queue
[2024-11-25T10:02:58.151+0000] {logging_mixin.py:190} INFO - [2024-11-25T10:02:58.150+0000] {dagbag.py:588} INFO - Filling up the DagBag from /home/airflow/.local/lib/python3.12/site-packages/airflow/example_dags/example_external_task_marker_dag.py
[2024-11-25T10:02:58.163+0000] {processor.py:925} INFO - DAG(s) 'example_external_task_marker_child', 'example_external_task_marker_parent' retrieved from /home/airflow/.local/lib/python3.12/site-packages/airflow/example_dags/example_external_task_marker_dag.py
[2024-11-25T10:02:58.194+0000] {logging_mixin.py:190} INFO - [2024-11-25T10:02:58.194+0000] {dag.py:3239} INFO - Sync 2 DAGs
[2024-11-25T10:02:58.213+0000] {logging_mixin.py:190} INFO - [2024-11-25T10:02:58.212+0000] {dag.py:4180} INFO - Setting next_dagrun for example_external_task_marker_child to None, run_after=None
[2024-11-25T10:02:58.217+0000] {logging_mixin.py:190} INFO - [2024-11-25T10:02:58.217+0000] {dag.py:4180} INFO - Setting next_dagrun for example_external_task_marker_parent to None, run_after=None
[2024-11-25T10:02:58.237+0000] {processor.py:208} INFO - Processing /home/airflow/.local/lib/python3.12/site-packages/airflow/example_dags/example_external_task_marker_dag.py took 0.097 seconds
[2024-11-25T10:03:29.256+0000] {processor.py:186} INFO - Started process (PID=8272) to work on /home/airflow/.local/lib/python3.12/site-packages/airflow/example_dags/example_external_task_marker_dag.py
[2024-11-25T10:03:29.257+0000] {processor.py:914} INFO - Processing file /home/airflow/.local/lib/python3.12/site-packages/airflow/example_dags/example_external_task_marker_dag.py for tasks to queue
[2024-11-25T10:03:29.259+0000] {logging_mixin.py:190} INFO - [2024-11-25T10:03:29.258+0000] {dagbag.py:588} INFO - Filling up the DagBag from /home/airflow/.local/lib/python3.12/site-packages/airflow/example_dags/example_external_task_marker_dag.py
[2024-11-25T10:03:29.273+0000] {processor.py:925} INFO - DAG(s) 'example_external_task_marker_parent', 'example_external_task_marker_child' retrieved from /home/airflow/.local/lib/python3.12/site-packages/airflow/example_dags/example_external_task_marker_dag.py
[2024-11-25T10:03:29.308+0000] {logging_mixin.py:190} INFO - [2024-11-25T10:03:29.307+0000] {dag.py:3239} INFO - Sync 2 DAGs
[2024-11-25T10:03:29.328+0000] {logging_mixin.py:190} INFO - [2024-11-25T10:03:29.327+0000] {dag.py:4180} INFO - Setting next_dagrun for example_external_task_marker_child to None, run_after=None
[2024-11-25T10:03:29.332+0000] {logging_mixin.py:190} INFO - [2024-11-25T10:03:29.332+0000] {dag.py:4180} INFO - Setting next_dagrun for example_external_task_marker_parent to None, run_after=None
[2024-11-25T10:03:29.355+0000] {processor.py:208} INFO - Processing /home/airflow/.local/lib/python3.12/site-packages/airflow/example_dags/example_external_task_marker_dag.py took 0.109 seconds
[2024-11-25T10:03:59.541+0000] {processor.py:186} INFO - Started process (PID=8571) to work on /home/airflow/.local/lib/python3.12/site-packages/airflow/example_dags/example_external_task_marker_dag.py
[2024-11-25T10:03:59.552+0000] {processor.py:914} INFO - Processing file /home/airflow/.local/lib/python3.12/site-packages/airflow/example_dags/example_external_task_marker_dag.py for tasks to queue
[2024-11-25T10:03:59.558+0000] {logging_mixin.py:190} INFO - [2024-11-25T10:03:59.557+0000] {dagbag.py:588} INFO - Filling up the DagBag from /home/airflow/.local/lib/python3.12/site-packages/airflow/example_dags/example_external_task_marker_dag.py
[2024-11-25T10:03:59.594+0000] {processor.py:925} INFO - DAG(s) 'example_external_task_marker_parent', 'example_external_task_marker_child' retrieved from /home/airflow/.local/lib/python3.12/site-packages/airflow/example_dags/example_external_task_marker_dag.py
[2024-11-25T10:03:59.636+0000] {logging_mixin.py:190} INFO - [2024-11-25T10:03:59.636+0000] {dag.py:3239} INFO - Sync 2 DAGs
[2024-11-25T10:03:59.665+0000] {logging_mixin.py:190} INFO - [2024-11-25T10:03:59.664+0000] {dag.py:4180} INFO - Setting next_dagrun for example_external_task_marker_child to None, run_after=None
[2024-11-25T10:03:59.672+0000] {logging_mixin.py:190} INFO - [2024-11-25T10:03:59.672+0000] {dag.py:4180} INFO - Setting next_dagrun for example_external_task_marker_parent to None, run_after=None
[2024-11-25T10:03:59.704+0000] {processor.py:208} INFO - Processing /home/airflow/.local/lib/python3.12/site-packages/airflow/example_dags/example_external_task_marker_dag.py took 0.185 seconds
[2024-11-25T10:04:30.429+0000] {processor.py:186} INFO - Started process (PID=8867) to work on /home/airflow/.local/lib/python3.12/site-packages/airflow/example_dags/example_external_task_marker_dag.py
[2024-11-25T10:04:30.431+0000] {processor.py:914} INFO - Processing file /home/airflow/.local/lib/python3.12/site-packages/airflow/example_dags/example_external_task_marker_dag.py for tasks to queue
[2024-11-25T10:04:30.432+0000] {logging_mixin.py:190} INFO - [2024-11-25T10:04:30.432+0000] {dagbag.py:588} INFO - Filling up the DagBag from /home/airflow/.local/lib/python3.12/site-packages/airflow/example_dags/example_external_task_marker_dag.py
[2024-11-25T10:04:30.449+0000] {processor.py:925} INFO - DAG(s) 'example_external_task_marker_parent', 'example_external_task_marker_child' retrieved from /home/airflow/.local/lib/python3.12/site-packages/airflow/example_dags/example_external_task_marker_dag.py
[2024-11-25T10:04:30.486+0000] {logging_mixin.py:190} INFO - [2024-11-25T10:04:30.485+0000] {dag.py:3239} INFO - Sync 2 DAGs
[2024-11-25T10:04:30.512+0000] {logging_mixin.py:190} INFO - [2024-11-25T10:04:30.511+0000] {dag.py:4180} INFO - Setting next_dagrun for example_external_task_marker_child to None, run_after=None
[2024-11-25T10:04:30.518+0000] {logging_mixin.py:190} INFO - [2024-11-25T10:04:30.517+0000] {dag.py:4180} INFO - Setting next_dagrun for example_external_task_marker_parent to None, run_after=None
[2024-11-25T10:04:30.544+0000] {processor.py:208} INFO - Processing /home/airflow/.local/lib/python3.12/site-packages/airflow/example_dags/example_external_task_marker_dag.py took 0.123 seconds
[2024-11-25T10:05:01.807+0000] {processor.py:186} INFO - Started process (PID=9163) to work on /home/airflow/.local/lib/python3.12/site-packages/airflow/example_dags/example_external_task_marker_dag.py
[2024-11-25T10:05:01.809+0000] {processor.py:914} INFO - Processing file /home/airflow/.local/lib/python3.12/site-packages/airflow/example_dags/example_external_task_marker_dag.py for tasks to queue
[2024-11-25T10:05:01.811+0000] {logging_mixin.py:190} INFO - [2024-11-25T10:05:01.810+0000] {dagbag.py:588} INFO - Filling up the DagBag from /home/airflow/.local/lib/python3.12/site-packages/airflow/example_dags/example_external_task_marker_dag.py
[2024-11-25T10:05:01.825+0000] {processor.py:925} INFO - DAG(s) 'example_external_task_marker_parent', 'example_external_task_marker_child' retrieved from /home/airflow/.local/lib/python3.12/site-packages/airflow/example_dags/example_external_task_marker_dag.py
[2024-11-25T10:05:01.861+0000] {logging_mixin.py:190} INFO - [2024-11-25T10:05:01.860+0000] {dag.py:3239} INFO - Sync 2 DAGs
[2024-11-25T10:05:01.882+0000] {logging_mixin.py:190} INFO - [2024-11-25T10:05:01.882+0000] {dag.py:4180} INFO - Setting next_dagrun for example_external_task_marker_child to None, run_after=None
[2024-11-25T10:05:01.887+0000] {logging_mixin.py:190} INFO - [2024-11-25T10:05:01.887+0000] {dag.py:4180} INFO - Setting next_dagrun for example_external_task_marker_parent to None, run_after=None
[2024-11-25T10:05:01.912+0000] {processor.py:208} INFO - Processing /home/airflow/.local/lib/python3.12/site-packages/airflow/example_dags/example_external_task_marker_dag.py took 0.113 seconds
[2024-11-25T10:05:32.146+0000] {processor.py:186} INFO - Started process (PID=9459) to work on /home/airflow/.local/lib/python3.12/site-packages/airflow/example_dags/example_external_task_marker_dag.py
[2024-11-25T10:05:32.147+0000] {processor.py:914} INFO - Processing file /home/airflow/.local/lib/python3.12/site-packages/airflow/example_dags/example_external_task_marker_dag.py for tasks to queue
[2024-11-25T10:05:32.149+0000] {logging_mixin.py:190} INFO - [2024-11-25T10:05:32.148+0000] {dagbag.py:588} INFO - Filling up the DagBag from /home/airflow/.local/lib/python3.12/site-packages/airflow/example_dags/example_external_task_marker_dag.py
[2024-11-25T10:05:32.163+0000] {processor.py:925} INFO - DAG(s) 'example_external_task_marker_child', 'example_external_task_marker_parent' retrieved from /home/airflow/.local/lib/python3.12/site-packages/airflow/example_dags/example_external_task_marker_dag.py
[2024-11-25T10:05:32.197+0000] {logging_mixin.py:190} INFO - [2024-11-25T10:05:32.196+0000] {dag.py:3239} INFO - Sync 2 DAGs
[2024-11-25T10:05:32.221+0000] {logging_mixin.py:190} INFO - [2024-11-25T10:05:32.221+0000] {dag.py:4180} INFO - Setting next_dagrun for example_external_task_marker_child to None, run_after=None
[2024-11-25T10:05:32.227+0000] {logging_mixin.py:190} INFO - [2024-11-25T10:05:32.227+0000] {dag.py:4180} INFO - Setting next_dagrun for example_external_task_marker_parent to None, run_after=None
[2024-11-25T10:05:32.252+0000] {processor.py:208} INFO - Processing /home/airflow/.local/lib/python3.12/site-packages/airflow/example_dags/example_external_task_marker_dag.py took 0.115 seconds
[2024-11-25T10:06:03.073+0000] {processor.py:186} INFO - Started process (PID=9771) to work on /home/airflow/.local/lib/python3.12/site-packages/airflow/example_dags/example_external_task_marker_dag.py
[2024-11-25T10:06:03.075+0000] {processor.py:914} INFO - Processing file /home/airflow/.local/lib/python3.12/site-packages/airflow/example_dags/example_external_task_marker_dag.py for tasks to queue
[2024-11-25T10:06:03.079+0000] {logging_mixin.py:190} INFO - [2024-11-25T10:06:03.078+0000] {dagbag.py:588} INFO - Filling up the DagBag from /home/airflow/.local/lib/python3.12/site-packages/airflow/example_dags/example_external_task_marker_dag.py
[2024-11-25T10:06:03.093+0000] {processor.py:925} INFO - DAG(s) 'example_external_task_marker_parent', 'example_external_task_marker_child' retrieved from /home/airflow/.local/lib/python3.12/site-packages/airflow/example_dags/example_external_task_marker_dag.py
[2024-11-25T10:06:03.131+0000] {logging_mixin.py:190} INFO - [2024-11-25T10:06:03.131+0000] {dag.py:3239} INFO - Sync 2 DAGs
[2024-11-25T10:06:03.165+0000] {logging_mixin.py:190} INFO - [2024-11-25T10:06:03.165+0000] {dag.py:4180} INFO - Setting next_dagrun for example_external_task_marker_child to None, run_after=None
[2024-11-25T10:06:03.173+0000] {logging_mixin.py:190} INFO - [2024-11-25T10:06:03.173+0000] {dag.py:4180} INFO - Setting next_dagrun for example_external_task_marker_parent to None, run_after=None
[2024-11-25T10:06:03.196+0000] {processor.py:208} INFO - Processing /home/airflow/.local/lib/python3.12/site-packages/airflow/example_dags/example_external_task_marker_dag.py took 0.132 seconds
[2024-11-25T10:06:33.778+0000] {processor.py:186} INFO - Started process (PID=10067) to work on /home/airflow/.local/lib/python3.12/site-packages/airflow/example_dags/example_external_task_marker_dag.py
[2024-11-25T10:06:33.791+0000] {processor.py:914} INFO - Processing file /home/airflow/.local/lib/python3.12/site-packages/airflow/example_dags/example_external_task_marker_dag.py for tasks to queue
[2024-11-25T10:06:33.794+0000] {logging_mixin.py:190} INFO - [2024-11-25T10:06:33.793+0000] {dagbag.py:588} INFO - Filling up the DagBag from /home/airflow/.local/lib/python3.12/site-packages/airflow/example_dags/example_external_task_marker_dag.py
[2024-11-25T10:06:33.850+0000] {processor.py:925} INFO - DAG(s) 'example_external_task_marker_parent', 'example_external_task_marker_child' retrieved from /home/airflow/.local/lib/python3.12/site-packages/airflow/example_dags/example_external_task_marker_dag.py
[2024-11-25T10:06:33.908+0000] {logging_mixin.py:190} INFO - [2024-11-25T10:06:33.907+0000] {dag.py:3239} INFO - Sync 2 DAGs
[2024-11-25T10:06:33.979+0000] {logging_mixin.py:190} INFO - [2024-11-25T10:06:33.978+0000] {dag.py:4180} INFO - Setting next_dagrun for example_external_task_marker_child to None, run_after=None
[2024-11-25T10:06:33.988+0000] {logging_mixin.py:190} INFO - [2024-11-25T10:06:33.988+0000] {dag.py:4180} INFO - Setting next_dagrun for example_external_task_marker_parent to None, run_after=None
[2024-11-25T10:06:34.066+0000] {processor.py:208} INFO - Processing /home/airflow/.local/lib/python3.12/site-packages/airflow/example_dags/example_external_task_marker_dag.py took 0.320 seconds
[2024-11-25T10:07:04.874+0000] {processor.py:186} INFO - Started process (PID=10365) to work on /home/airflow/.local/lib/python3.12/site-packages/airflow/example_dags/example_external_task_marker_dag.py
[2024-11-25T10:07:04.875+0000] {processor.py:914} INFO - Processing file /home/airflow/.local/lib/python3.12/site-packages/airflow/example_dags/example_external_task_marker_dag.py for tasks to queue
[2024-11-25T10:07:04.877+0000] {logging_mixin.py:190} INFO - [2024-11-25T10:07:04.877+0000] {dagbag.py:588} INFO - Filling up the DagBag from /home/airflow/.local/lib/python3.12/site-packages/airflow/example_dags/example_external_task_marker_dag.py
[2024-11-25T10:07:04.891+0000] {processor.py:925} INFO - DAG(s) 'example_external_task_marker_parent', 'example_external_task_marker_child' retrieved from /home/airflow/.local/lib/python3.12/site-packages/airflow/example_dags/example_external_task_marker_dag.py
[2024-11-25T10:07:04.928+0000] {logging_mixin.py:190} INFO - [2024-11-25T10:07:04.928+0000] {dag.py:3239} INFO - Sync 2 DAGs
[2024-11-25T10:07:04.949+0000] {logging_mixin.py:190} INFO - [2024-11-25T10:07:04.949+0000] {dag.py:4180} INFO - Setting next_dagrun for example_external_task_marker_child to None, run_after=None
[2024-11-25T10:07:04.955+0000] {logging_mixin.py:190} INFO - [2024-11-25T10:07:04.955+0000] {dag.py:4180} INFO - Setting next_dagrun for example_external_task_marker_parent to None, run_after=None
[2024-11-25T10:07:04.982+0000] {processor.py:208} INFO - Processing /home/airflow/.local/lib/python3.12/site-packages/airflow/example_dags/example_external_task_marker_dag.py took 0.118 seconds
[2024-11-25T10:07:35.642+0000] {processor.py:186} INFO - Started process (PID=10661) to work on /home/airflow/.local/lib/python3.12/site-packages/airflow/example_dags/example_external_task_marker_dag.py
[2024-11-25T10:07:35.643+0000] {processor.py:914} INFO - Processing file /home/airflow/.local/lib/python3.12/site-packages/airflow/example_dags/example_external_task_marker_dag.py for tasks to queue
[2024-11-25T10:07:35.645+0000] {logging_mixin.py:190} INFO - [2024-11-25T10:07:35.645+0000] {dagbag.py:588} INFO - Filling up the DagBag from /home/airflow/.local/lib/python3.12/site-packages/airflow/example_dags/example_external_task_marker_dag.py
[2024-11-25T10:07:35.657+0000] {processor.py:925} INFO - DAG(s) 'example_external_task_marker_child', 'example_external_task_marker_parent' retrieved from /home/airflow/.local/lib/python3.12/site-packages/airflow/example_dags/example_external_task_marker_dag.py
[2024-11-25T10:07:35.688+0000] {logging_mixin.py:190} INFO - [2024-11-25T10:07:35.688+0000] {dag.py:3239} INFO - Sync 2 DAGs
[2024-11-25T10:07:35.710+0000] {logging_mixin.py:190} INFO - [2024-11-25T10:07:35.710+0000] {dag.py:4180} INFO - Setting next_dagrun for example_external_task_marker_child to None, run_after=None
[2024-11-25T10:07:35.715+0000] {logging_mixin.py:190} INFO - [2024-11-25T10:07:35.715+0000] {dag.py:4180} INFO - Setting next_dagrun for example_external_task_marker_parent to None, run_after=None
[2024-11-25T10:07:35.741+0000] {processor.py:208} INFO - Processing /home/airflow/.local/lib/python3.12/site-packages/airflow/example_dags/example_external_task_marker_dag.py took 0.109 seconds
[2024-11-25T10:08:06.371+0000] {processor.py:186} INFO - Started process (PID=10955) to work on /home/airflow/.local/lib/python3.12/site-packages/airflow/example_dags/example_external_task_marker_dag.py
[2024-11-25T10:08:06.372+0000] {processor.py:914} INFO - Processing file /home/airflow/.local/lib/python3.12/site-packages/airflow/example_dags/example_external_task_marker_dag.py for tasks to queue
[2024-11-25T10:08:06.374+0000] {logging_mixin.py:190} INFO - [2024-11-25T10:08:06.374+0000] {dagbag.py:588} INFO - Filling up the DagBag from /home/airflow/.local/lib/python3.12/site-packages/airflow/example_dags/example_external_task_marker_dag.py
[2024-11-25T10:08:06.387+0000] {processor.py:925} INFO - DAG(s) 'example_external_task_marker_child', 'example_external_task_marker_parent' retrieved from /home/airflow/.local/lib/python3.12/site-packages/airflow/example_dags/example_external_task_marker_dag.py
[2024-11-25T10:08:06.418+0000] {logging_mixin.py:190} INFO - [2024-11-25T10:08:06.418+0000] {dag.py:3239} INFO - Sync 2 DAGs
[2024-11-25T10:08:06.440+0000] {logging_mixin.py:190} INFO - [2024-11-25T10:08:06.440+0000] {dag.py:4180} INFO - Setting next_dagrun for example_external_task_marker_child to None, run_after=None
[2024-11-25T10:08:06.446+0000] {logging_mixin.py:190} INFO - [2024-11-25T10:08:06.446+0000] {dag.py:4180} INFO - Setting next_dagrun for example_external_task_marker_parent to None, run_after=None
[2024-11-25T10:08:06.469+0000] {processor.py:208} INFO - Processing /home/airflow/.local/lib/python3.12/site-packages/airflow/example_dags/example_external_task_marker_dag.py took 0.106 seconds
[2024-11-25T10:08:37.291+0000] {processor.py:186} INFO - Started process (PID=11251) to work on /home/airflow/.local/lib/python3.12/site-packages/airflow/example_dags/example_external_task_marker_dag.py
[2024-11-25T10:08:37.292+0000] {processor.py:914} INFO - Processing file /home/airflow/.local/lib/python3.12/site-packages/airflow/example_dags/example_external_task_marker_dag.py for tasks to queue
[2024-11-25T10:08:37.294+0000] {logging_mixin.py:190} INFO - [2024-11-25T10:08:37.293+0000] {dagbag.py:588} INFO - Filling up the DagBag from /home/airflow/.local/lib/python3.12/site-packages/airflow/example_dags/example_external_task_marker_dag.py
[2024-11-25T10:08:37.306+0000] {processor.py:925} INFO - DAG(s) 'example_external_task_marker_parent', 'example_external_task_marker_child' retrieved from /home/airflow/.local/lib/python3.12/site-packages/airflow/example_dags/example_external_task_marker_dag.py
[2024-11-25T10:08:37.335+0000] {logging_mixin.py:190} INFO - [2024-11-25T10:08:37.334+0000] {dag.py:3239} INFO - Sync 2 DAGs
[2024-11-25T10:08:37.355+0000] {logging_mixin.py:190} INFO - [2024-11-25T10:08:37.354+0000] {dag.py:4180} INFO - Setting next_dagrun for example_external_task_marker_child to None, run_after=None
[2024-11-25T10:08:37.360+0000] {logging_mixin.py:190} INFO - [2024-11-25T10:08:37.359+0000] {dag.py:4180} INFO - Setting next_dagrun for example_external_task_marker_parent to None, run_after=None
[2024-11-25T10:08:37.383+0000] {processor.py:208} INFO - Processing /home/airflow/.local/lib/python3.12/site-packages/airflow/example_dags/example_external_task_marker_dag.py took 0.101 seconds
[2024-11-25T10:09:07.927+0000] {processor.py:186} INFO - Started process (PID=11550) to work on /home/airflow/.local/lib/python3.12/site-packages/airflow/example_dags/example_external_task_marker_dag.py
[2024-11-25T10:09:07.928+0000] {processor.py:914} INFO - Processing file /home/airflow/.local/lib/python3.12/site-packages/airflow/example_dags/example_external_task_marker_dag.py for tasks to queue
[2024-11-25T10:09:07.930+0000] {logging_mixin.py:190} INFO - [2024-11-25T10:09:07.930+0000] {dagbag.py:588} INFO - Filling up the DagBag from /home/airflow/.local/lib/python3.12/site-packages/airflow/example_dags/example_external_task_marker_dag.py
[2024-11-25T10:09:07.944+0000] {processor.py:925} INFO - DAG(s) 'example_external_task_marker_parent', 'example_external_task_marker_child' retrieved from /home/airflow/.local/lib/python3.12/site-packages/airflow/example_dags/example_external_task_marker_dag.py
[2024-11-25T10:09:07.973+0000] {logging_mixin.py:190} INFO - [2024-11-25T10:09:07.973+0000] {dag.py:3239} INFO - Sync 2 DAGs
[2024-11-25T10:09:07.993+0000] {logging_mixin.py:190} INFO - [2024-11-25T10:09:07.993+0000] {dag.py:4180} INFO - Setting next_dagrun for example_external_task_marker_child to None, run_after=None
[2024-11-25T10:09:07.999+0000] {logging_mixin.py:190} INFO - [2024-11-25T10:09:07.998+0000] {dag.py:4180} INFO - Setting next_dagrun for example_external_task_marker_parent to None, run_after=None
[2024-11-25T10:09:08.026+0000] {processor.py:208} INFO - Processing /home/airflow/.local/lib/python3.12/site-packages/airflow/example_dags/example_external_task_marker_dag.py took 0.107 seconds
[2024-11-25T10:09:38.102+0000] {processor.py:186} INFO - Started process (PID=11843) to work on /home/airflow/.local/lib/python3.12/site-packages/airflow/example_dags/example_external_task_marker_dag.py
[2024-11-25T10:09:38.104+0000] {processor.py:914} INFO - Processing file /home/airflow/.local/lib/python3.12/site-packages/airflow/example_dags/example_external_task_marker_dag.py for tasks to queue
[2024-11-25T10:09:38.106+0000] {logging_mixin.py:190} INFO - [2024-11-25T10:09:38.105+0000] {dagbag.py:588} INFO - Filling up the DagBag from /home/airflow/.local/lib/python3.12/site-packages/airflow/example_dags/example_external_task_marker_dag.py
[2024-11-25T10:09:38.117+0000] {processor.py:925} INFO - DAG(s) 'example_external_task_marker_parent', 'example_external_task_marker_child' retrieved from /home/airflow/.local/lib/python3.12/site-packages/airflow/example_dags/example_external_task_marker_dag.py
[2024-11-25T10:09:38.144+0000] {logging_mixin.py:190} INFO - [2024-11-25T10:09:38.143+0000] {dag.py:3239} INFO - Sync 2 DAGs
[2024-11-25T10:09:38.161+0000] {logging_mixin.py:190} INFO - [2024-11-25T10:09:38.161+0000] {dag.py:4180} INFO - Setting next_dagrun for example_external_task_marker_child to None, run_after=None
[2024-11-25T10:09:38.166+0000] {logging_mixin.py:190} INFO - [2024-11-25T10:09:38.165+0000] {dag.py:4180} INFO - Setting next_dagrun for example_external_task_marker_parent to None, run_after=None
[2024-11-25T10:09:38.185+0000] {processor.py:208} INFO - Processing /home/airflow/.local/lib/python3.12/site-packages/airflow/example_dags/example_external_task_marker_dag.py took 0.089 seconds
[2024-11-25T10:10:08.380+0000] {processor.py:186} INFO - Started process (PID=12142) to work on /home/airflow/.local/lib/python3.12/site-packages/airflow/example_dags/example_external_task_marker_dag.py
[2024-11-25T10:10:08.381+0000] {processor.py:914} INFO - Processing file /home/airflow/.local/lib/python3.12/site-packages/airflow/example_dags/example_external_task_marker_dag.py for tasks to queue
[2024-11-25T10:10:08.383+0000] {logging_mixin.py:190} INFO - [2024-11-25T10:10:08.382+0000] {dagbag.py:588} INFO - Filling up the DagBag from /home/airflow/.local/lib/python3.12/site-packages/airflow/example_dags/example_external_task_marker_dag.py
[2024-11-25T10:10:08.395+0000] {processor.py:925} INFO - DAG(s) 'example_external_task_marker_parent', 'example_external_task_marker_child' retrieved from /home/airflow/.local/lib/python3.12/site-packages/airflow/example_dags/example_external_task_marker_dag.py
[2024-11-25T10:10:08.431+0000] {logging_mixin.py:190} INFO - [2024-11-25T10:10:08.431+0000] {dag.py:3239} INFO - Sync 2 DAGs
[2024-11-25T10:10:08.452+0000] {logging_mixin.py:190} INFO - [2024-11-25T10:10:08.452+0000] {dag.py:4180} INFO - Setting next_dagrun for example_external_task_marker_child to None, run_after=None
[2024-11-25T10:10:08.457+0000] {logging_mixin.py:190} INFO - [2024-11-25T10:10:08.457+0000] {dag.py:4180} INFO - Setting next_dagrun for example_external_task_marker_parent to None, run_after=None
[2024-11-25T10:10:08.480+0000] {processor.py:208} INFO - Processing /home/airflow/.local/lib/python3.12/site-packages/airflow/example_dags/example_external_task_marker_dag.py took 0.109 seconds
[2024-11-25T10:10:39.311+0000] {processor.py:186} INFO - Started process (PID=12438) to work on /home/airflow/.local/lib/python3.12/site-packages/airflow/example_dags/example_external_task_marker_dag.py
[2024-11-25T10:10:39.312+0000] {processor.py:914} INFO - Processing file /home/airflow/.local/lib/python3.12/site-packages/airflow/example_dags/example_external_task_marker_dag.py for tasks to queue
[2024-11-25T10:10:39.314+0000] {logging_mixin.py:190} INFO - [2024-11-25T10:10:39.314+0000] {dagbag.py:588} INFO - Filling up the DagBag from /home/airflow/.local/lib/python3.12/site-packages/airflow/example_dags/example_external_task_marker_dag.py
[2024-11-25T10:10:39.324+0000] {processor.py:925} INFO - DAG(s) 'example_external_task_marker_child', 'example_external_task_marker_parent' retrieved from /home/airflow/.local/lib/python3.12/site-packages/airflow/example_dags/example_external_task_marker_dag.py
[2024-11-25T10:10:39.348+0000] {logging_mixin.py:190} INFO - [2024-11-25T10:10:39.348+0000] {dag.py:3239} INFO - Sync 2 DAGs
[2024-11-25T10:10:39.366+0000] {logging_mixin.py:190} INFO - [2024-11-25T10:10:39.365+0000] {dag.py:4180} INFO - Setting next_dagrun for example_external_task_marker_child to None, run_after=None
[2024-11-25T10:10:39.372+0000] {logging_mixin.py:190} INFO - [2024-11-25T10:10:39.371+0000] {dag.py:4180} INFO - Setting next_dagrun for example_external_task_marker_parent to None, run_after=None
[2024-11-25T10:10:39.396+0000] {processor.py:208} INFO - Processing /home/airflow/.local/lib/python3.12/site-packages/airflow/example_dags/example_external_task_marker_dag.py took 0.092 seconds
[2024-11-25T10:11:10.374+0000] {processor.py:186} INFO - Started process (PID=12732) to work on /home/airflow/.local/lib/python3.12/site-packages/airflow/example_dags/example_external_task_marker_dag.py
[2024-11-25T10:11:10.376+0000] {processor.py:914} INFO - Processing file /home/airflow/.local/lib/python3.12/site-packages/airflow/example_dags/example_external_task_marker_dag.py for tasks to queue
[2024-11-25T10:11:10.379+0000] {logging_mixin.py:190} INFO - [2024-11-25T10:11:10.378+0000] {dagbag.py:588} INFO - Filling up the DagBag from /home/airflow/.local/lib/python3.12/site-packages/airflow/example_dags/example_external_task_marker_dag.py
[2024-11-25T10:11:10.399+0000] {processor.py:925} INFO - DAG(s) 'example_external_task_marker_child', 'example_external_task_marker_parent' retrieved from /home/airflow/.local/lib/python3.12/site-packages/airflow/example_dags/example_external_task_marker_dag.py
[2024-11-25T10:11:10.430+0000] {logging_mixin.py:190} INFO - [2024-11-25T10:11:10.430+0000] {dag.py:3239} INFO - Sync 2 DAGs
[2024-11-25T10:11:10.452+0000] {logging_mixin.py:190} INFO - [2024-11-25T10:11:10.451+0000] {dag.py:4180} INFO - Setting next_dagrun for example_external_task_marker_child to None, run_after=None
[2024-11-25T10:11:10.457+0000] {logging_mixin.py:190} INFO - [2024-11-25T10:11:10.457+0000] {dag.py:4180} INFO - Setting next_dagrun for example_external_task_marker_parent to None, run_after=None
[2024-11-25T10:11:10.483+0000] {processor.py:208} INFO - Processing /home/airflow/.local/lib/python3.12/site-packages/airflow/example_dags/example_external_task_marker_dag.py took 0.122 seconds
