[2024-11-25T09:49:40.272+0000] {processor.py:186} INFO - Started process (PID=275) to work on /home/airflow/.local/lib/python3.12/site-packages/airflow/example_dags/example_inlet_event_extra.py
[2024-11-25T09:49:40.275+0000] {processor.py:914} INFO - Processing file /home/airflow/.local/lib/python3.12/site-packages/airflow/example_dags/example_inlet_event_extra.py for tasks to queue
[2024-11-25T09:49:40.282+0000] {logging_mixin.py:190} INFO - [2024-11-25T09:49:40.281+0000] {dagbag.py:588} INFO - Filling up the DagBag from /home/airflow/.local/lib/python3.12/site-packages/airflow/example_dags/example_inlet_event_extra.py
[2024-11-25T09:49:41.786+0000] {processor.py:925} INFO - DAG(s) 'read_dataset_event_from_classic', 'read_dataset_event' retrieved from /home/airflow/.local/lib/python3.12/site-packages/airflow/example_dags/example_inlet_event_extra.py
[2024-11-25T09:49:41.826+0000] {logging_mixin.py:190} INFO - [2024-11-25T09:49:41.826+0000] {dag.py:3239} INFO - Sync 2 DAGs
[2024-11-25T09:49:41.869+0000] {logging_mixin.py:190} INFO - [2024-11-25T09:49:41.868+0000] {dag.py:4180} INFO - Setting next_dagrun for read_dataset_event to 2024-11-24 00:00:00+00:00, run_after=2024-11-25 00:00:00+00:00
[2024-11-25T09:49:41.877+0000] {logging_mixin.py:190} INFO - [2024-11-25T09:49:41.876+0000] {dag.py:4180} INFO - Setting next_dagrun for read_dataset_event_from_classic to 2024-11-24 00:00:00+00:00, run_after=2024-11-25 00:00:00+00:00
[2024-11-25T09:49:41.930+0000] {processor.py:208} INFO - Processing /home/airflow/.local/lib/python3.12/site-packages/airflow/example_dags/example_inlet_event_extra.py took 1.693 seconds
[2024-11-25T09:50:12.888+0000] {processor.py:186} INFO - Started process (PID=593) to work on /home/airflow/.local/lib/python3.12/site-packages/airflow/example_dags/example_inlet_event_extra.py
[2024-11-25T09:50:12.889+0000] {processor.py:914} INFO - Processing file /home/airflow/.local/lib/python3.12/site-packages/airflow/example_dags/example_inlet_event_extra.py for tasks to queue
[2024-11-25T09:50:12.891+0000] {logging_mixin.py:190} INFO - [2024-11-25T09:50:12.891+0000] {dagbag.py:588} INFO - Filling up the DagBag from /home/airflow/.local/lib/python3.12/site-packages/airflow/example_dags/example_inlet_event_extra.py
[2024-11-25T09:50:13.584+0000] {processor.py:925} INFO - DAG(s) 'read_dataset_event_from_classic', 'read_dataset_event' retrieved from /home/airflow/.local/lib/python3.12/site-packages/airflow/example_dags/example_inlet_event_extra.py
[2024-11-25T09:50:13.620+0000] {logging_mixin.py:190} INFO - [2024-11-25T09:50:13.619+0000] {dag.py:3239} INFO - Sync 2 DAGs
[2024-11-25T09:50:13.647+0000] {logging_mixin.py:190} INFO - [2024-11-25T09:50:13.647+0000] {dag.py:4180} INFO - Setting next_dagrun for read_dataset_event to 2024-11-24 00:00:00+00:00, run_after=2024-11-25 00:00:00+00:00
[2024-11-25T09:50:13.653+0000] {logging_mixin.py:190} INFO - [2024-11-25T09:50:13.653+0000] {dag.py:4180} INFO - Setting next_dagrun for read_dataset_event_from_classic to 2024-11-24 00:00:00+00:00, run_after=2024-11-25 00:00:00+00:00
[2024-11-25T09:50:13.673+0000] {processor.py:208} INFO - Processing /home/airflow/.local/lib/python3.12/site-packages/airflow/example_dags/example_inlet_event_extra.py took 0.791 seconds
[2024-11-25T09:50:43.922+0000] {processor.py:186} INFO - Started process (PID=917) to work on /home/airflow/.local/lib/python3.12/site-packages/airflow/example_dags/example_inlet_event_extra.py
[2024-11-25T09:50:43.923+0000] {processor.py:914} INFO - Processing file /home/airflow/.local/lib/python3.12/site-packages/airflow/example_dags/example_inlet_event_extra.py for tasks to queue
[2024-11-25T09:50:43.925+0000] {logging_mixin.py:190} INFO - [2024-11-25T09:50:43.924+0000] {dagbag.py:588} INFO - Filling up the DagBag from /home/airflow/.local/lib/python3.12/site-packages/airflow/example_dags/example_inlet_event_extra.py
[2024-11-25T09:50:44.660+0000] {processor.py:925} INFO - DAG(s) 'read_dataset_event_from_classic', 'read_dataset_event' retrieved from /home/airflow/.local/lib/python3.12/site-packages/airflow/example_dags/example_inlet_event_extra.py
[2024-11-25T09:50:44.684+0000] {logging_mixin.py:190} INFO - [2024-11-25T09:50:44.684+0000] {dag.py:3239} INFO - Sync 2 DAGs
[2024-11-25T09:50:44.721+0000] {logging_mixin.py:190} INFO - [2024-11-25T09:50:44.720+0000] {dag.py:4180} INFO - Setting next_dagrun for read_dataset_event to 2024-11-24 00:00:00+00:00, run_after=2024-11-25 00:00:00+00:00
[2024-11-25T09:50:44.727+0000] {logging_mixin.py:190} INFO - [2024-11-25T09:50:44.727+0000] {dag.py:4180} INFO - Setting next_dagrun for read_dataset_event_from_classic to 2024-11-24 00:00:00+00:00, run_after=2024-11-25 00:00:00+00:00
[2024-11-25T09:50:44.752+0000] {processor.py:208} INFO - Processing /home/airflow/.local/lib/python3.12/site-packages/airflow/example_dags/example_inlet_event_extra.py took 0.838 seconds
[2024-11-25T09:51:14.999+0000] {processor.py:186} INFO - Started process (PID=1223) to work on /home/airflow/.local/lib/python3.12/site-packages/airflow/example_dags/example_inlet_event_extra.py
[2024-11-25T09:51:15.000+0000] {processor.py:914} INFO - Processing file /home/airflow/.local/lib/python3.12/site-packages/airflow/example_dags/example_inlet_event_extra.py for tasks to queue
[2024-11-25T09:51:15.002+0000] {logging_mixin.py:190} INFO - [2024-11-25T09:51:15.002+0000] {dagbag.py:588} INFO - Filling up the DagBag from /home/airflow/.local/lib/python3.12/site-packages/airflow/example_dags/example_inlet_event_extra.py
[2024-11-25T09:51:15.784+0000] {processor.py:925} INFO - DAG(s) 'read_dataset_event_from_classic', 'read_dataset_event' retrieved from /home/airflow/.local/lib/python3.12/site-packages/airflow/example_dags/example_inlet_event_extra.py
[2024-11-25T09:51:15.817+0000] {logging_mixin.py:190} INFO - [2024-11-25T09:51:15.816+0000] {dag.py:3239} INFO - Sync 2 DAGs
[2024-11-25T09:51:15.851+0000] {logging_mixin.py:190} INFO - [2024-11-25T09:51:15.850+0000] {dag.py:4180} INFO - Setting next_dagrun for read_dataset_event to 2024-11-24 00:00:00+00:00, run_after=2024-11-25 00:00:00+00:00
[2024-11-25T09:51:15.857+0000] {logging_mixin.py:190} INFO - [2024-11-25T09:51:15.857+0000] {dag.py:4180} INFO - Setting next_dagrun for read_dataset_event_from_classic to 2024-11-24 00:00:00+00:00, run_after=2024-11-25 00:00:00+00:00
[2024-11-25T09:51:15.881+0000] {processor.py:208} INFO - Processing /home/airflow/.local/lib/python3.12/site-packages/airflow/example_dags/example_inlet_event_extra.py took 0.890 seconds
[2024-11-25T09:51:46.254+0000] {processor.py:186} INFO - Started process (PID=1544) to work on /home/airflow/.local/lib/python3.12/site-packages/airflow/example_dags/example_inlet_event_extra.py
[2024-11-25T09:51:46.255+0000] {processor.py:914} INFO - Processing file /home/airflow/.local/lib/python3.12/site-packages/airflow/example_dags/example_inlet_event_extra.py for tasks to queue
[2024-11-25T09:51:46.257+0000] {logging_mixin.py:190} INFO - [2024-11-25T09:51:46.257+0000] {dagbag.py:588} INFO - Filling up the DagBag from /home/airflow/.local/lib/python3.12/site-packages/airflow/example_dags/example_inlet_event_extra.py
[2024-11-25T09:51:47.501+0000] {processor.py:925} INFO - DAG(s) 'read_dataset_event_from_classic', 'read_dataset_event' retrieved from /home/airflow/.local/lib/python3.12/site-packages/airflow/example_dags/example_inlet_event_extra.py
[2024-11-25T09:51:47.531+0000] {logging_mixin.py:190} INFO - [2024-11-25T09:51:47.530+0000] {dag.py:3239} INFO - Sync 2 DAGs
[2024-11-25T09:51:47.560+0000] {logging_mixin.py:190} INFO - [2024-11-25T09:51:47.560+0000] {dag.py:4180} INFO - Setting next_dagrun for read_dataset_event to 2024-11-24 00:00:00+00:00, run_after=2024-11-25 00:00:00+00:00
[2024-11-25T09:51:47.567+0000] {logging_mixin.py:190} INFO - [2024-11-25T09:51:47.566+0000] {dag.py:4180} INFO - Setting next_dagrun for read_dataset_event_from_classic to 2024-11-24 00:00:00+00:00, run_after=2024-11-25 00:00:00+00:00
[2024-11-25T09:51:47.595+0000] {processor.py:208} INFO - Processing /home/airflow/.local/lib/python3.12/site-packages/airflow/example_dags/example_inlet_event_extra.py took 1.362 seconds
[2024-11-25T09:52:19.368+0000] {processor.py:186} INFO - Started process (PID=1845) to work on /home/airflow/.local/lib/python3.12/site-packages/airflow/example_dags/example_inlet_event_extra.py
[2024-11-25T09:52:19.369+0000] {processor.py:914} INFO - Processing file /home/airflow/.local/lib/python3.12/site-packages/airflow/example_dags/example_inlet_event_extra.py for tasks to queue
[2024-11-25T09:52:19.371+0000] {logging_mixin.py:190} INFO - [2024-11-25T09:52:19.371+0000] {dagbag.py:588} INFO - Filling up the DagBag from /home/airflow/.local/lib/python3.12/site-packages/airflow/example_dags/example_inlet_event_extra.py
[2024-11-25T09:52:20.206+0000] {processor.py:925} INFO - DAG(s) 'read_dataset_event_from_classic', 'read_dataset_event' retrieved from /home/airflow/.local/lib/python3.12/site-packages/airflow/example_dags/example_inlet_event_extra.py
[2024-11-25T09:52:20.257+0000] {logging_mixin.py:190} INFO - [2024-11-25T09:52:20.257+0000] {dag.py:3239} INFO - Sync 2 DAGs
[2024-11-25T09:52:20.333+0000] {logging_mixin.py:190} INFO - [2024-11-25T09:52:20.333+0000] {dag.py:4180} INFO - Setting next_dagrun for read_dataset_event to 2024-11-24 00:00:00+00:00, run_after=2024-11-25 00:00:00+00:00
[2024-11-25T09:52:20.351+0000] {logging_mixin.py:190} INFO - [2024-11-25T09:52:20.351+0000] {dag.py:4180} INFO - Setting next_dagrun for read_dataset_event_from_classic to 2024-11-24 00:00:00+00:00, run_after=2024-11-25 00:00:00+00:00
[2024-11-25T09:52:20.395+0000] {processor.py:208} INFO - Processing /home/airflow/.local/lib/python3.12/site-packages/airflow/example_dags/example_inlet_event_extra.py took 1.036 seconds
[2024-11-25T09:52:51.552+0000] {processor.py:186} INFO - Started process (PID=2151) to work on /home/airflow/.local/lib/python3.12/site-packages/airflow/example_dags/example_inlet_event_extra.py
[2024-11-25T09:52:51.561+0000] {processor.py:914} INFO - Processing file /home/airflow/.local/lib/python3.12/site-packages/airflow/example_dags/example_inlet_event_extra.py for tasks to queue
[2024-11-25T09:52:51.570+0000] {logging_mixin.py:190} INFO - [2024-11-25T09:52:51.568+0000] {dagbag.py:588} INFO - Filling up the DagBag from /home/airflow/.local/lib/python3.12/site-packages/airflow/example_dags/example_inlet_event_extra.py
[2024-11-25T09:52:53.420+0000] {processor.py:925} INFO - DAG(s) 'read_dataset_event', 'read_dataset_event_from_classic' retrieved from /home/airflow/.local/lib/python3.12/site-packages/airflow/example_dags/example_inlet_event_extra.py
[2024-11-25T09:52:53.493+0000] {logging_mixin.py:190} INFO - [2024-11-25T09:52:53.493+0000] {dag.py:3239} INFO - Sync 2 DAGs
[2024-11-25T09:52:53.582+0000] {logging_mixin.py:190} INFO - [2024-11-25T09:52:53.581+0000] {dag.py:4180} INFO - Setting next_dagrun for read_dataset_event to 2024-11-24 00:00:00+00:00, run_after=2024-11-25 00:00:00+00:00
[2024-11-25T09:52:53.599+0000] {logging_mixin.py:190} INFO - [2024-11-25T09:52:53.599+0000] {dag.py:4180} INFO - Setting next_dagrun for read_dataset_event_from_classic to 2024-11-24 00:00:00+00:00, run_after=2024-11-25 00:00:00+00:00
[2024-11-25T09:52:53.637+0000] {processor.py:208} INFO - Processing /home/airflow/.local/lib/python3.12/site-packages/airflow/example_dags/example_inlet_event_extra.py took 2.105 seconds
[2024-11-25T09:53:23.751+0000] {processor.py:186} INFO - Started process (PID=2454) to work on /home/airflow/.local/lib/python3.12/site-packages/airflow/example_dags/example_inlet_event_extra.py
[2024-11-25T09:53:23.755+0000] {processor.py:914} INFO - Processing file /home/airflow/.local/lib/python3.12/site-packages/airflow/example_dags/example_inlet_event_extra.py for tasks to queue
[2024-11-25T09:53:23.756+0000] {logging_mixin.py:190} INFO - [2024-11-25T09:53:23.756+0000] {dagbag.py:588} INFO - Filling up the DagBag from /home/airflow/.local/lib/python3.12/site-packages/airflow/example_dags/example_inlet_event_extra.py
[2024-11-25T09:53:24.442+0000] {processor.py:925} INFO - DAG(s) 'read_dataset_event', 'read_dataset_event_from_classic' retrieved from /home/airflow/.local/lib/python3.12/site-packages/airflow/example_dags/example_inlet_event_extra.py
[2024-11-25T09:53:24.500+0000] {logging_mixin.py:190} INFO - [2024-11-25T09:53:24.500+0000] {dag.py:3239} INFO - Sync 2 DAGs
[2024-11-25T09:53:24.538+0000] {logging_mixin.py:190} INFO - [2024-11-25T09:53:24.537+0000] {dag.py:4180} INFO - Setting next_dagrun for read_dataset_event to 2024-11-24 00:00:00+00:00, run_after=2024-11-25 00:00:00+00:00
[2024-11-25T09:53:24.546+0000] {logging_mixin.py:190} INFO - [2024-11-25T09:53:24.545+0000] {dag.py:4180} INFO - Setting next_dagrun for read_dataset_event_from_classic to 2024-11-24 00:00:00+00:00, run_after=2024-11-25 00:00:00+00:00
[2024-11-25T09:53:24.565+0000] {processor.py:208} INFO - Processing /home/airflow/.local/lib/python3.12/site-packages/airflow/example_dags/example_inlet_event_extra.py took 0.821 seconds
[2024-11-25T09:53:54.690+0000] {processor.py:186} INFO - Started process (PID=2768) to work on /home/airflow/.local/lib/python3.12/site-packages/airflow/example_dags/example_inlet_event_extra.py
[2024-11-25T09:53:54.692+0000] {processor.py:914} INFO - Processing file /home/airflow/.local/lib/python3.12/site-packages/airflow/example_dags/example_inlet_event_extra.py for tasks to queue
[2024-11-25T09:53:54.693+0000] {logging_mixin.py:190} INFO - [2024-11-25T09:53:54.693+0000] {dagbag.py:588} INFO - Filling up the DagBag from /home/airflow/.local/lib/python3.12/site-packages/airflow/example_dags/example_inlet_event_extra.py
[2024-11-25T09:53:55.368+0000] {processor.py:925} INFO - DAG(s) 'read_dataset_event_from_classic', 'read_dataset_event' retrieved from /home/airflow/.local/lib/python3.12/site-packages/airflow/example_dags/example_inlet_event_extra.py
[2024-11-25T09:53:55.392+0000] {logging_mixin.py:190} INFO - [2024-11-25T09:53:55.392+0000] {dag.py:3239} INFO - Sync 2 DAGs
[2024-11-25T09:53:55.418+0000] {logging_mixin.py:190} INFO - [2024-11-25T09:53:55.418+0000] {dag.py:4180} INFO - Setting next_dagrun for read_dataset_event to 2024-11-24 00:00:00+00:00, run_after=2024-11-25 00:00:00+00:00
[2024-11-25T09:53:55.424+0000] {logging_mixin.py:190} INFO - [2024-11-25T09:53:55.424+0000] {dag.py:4180} INFO - Setting next_dagrun for read_dataset_event_from_classic to 2024-11-24 00:00:00+00:00, run_after=2024-11-25 00:00:00+00:00
[2024-11-25T09:53:55.443+0000] {processor.py:208} INFO - Processing /home/airflow/.local/lib/python3.12/site-packages/airflow/example_dags/example_inlet_event_extra.py took 0.760 seconds
[2024-11-25T09:54:25.536+0000] {processor.py:186} INFO - Started process (PID=3064) to work on /home/airflow/.local/lib/python3.12/site-packages/airflow/example_dags/example_inlet_event_extra.py
[2024-11-25T09:54:25.538+0000] {processor.py:914} INFO - Processing file /home/airflow/.local/lib/python3.12/site-packages/airflow/example_dags/example_inlet_event_extra.py for tasks to queue
[2024-11-25T09:54:25.540+0000] {logging_mixin.py:190} INFO - [2024-11-25T09:54:25.539+0000] {dagbag.py:588} INFO - Filling up the DagBag from /home/airflow/.local/lib/python3.12/site-packages/airflow/example_dags/example_inlet_event_extra.py
[2024-11-25T09:54:26.173+0000] {processor.py:925} INFO - DAG(s) 'read_dataset_event_from_classic', 'read_dataset_event' retrieved from /home/airflow/.local/lib/python3.12/site-packages/airflow/example_dags/example_inlet_event_extra.py
[2024-11-25T09:54:26.195+0000] {logging_mixin.py:190} INFO - [2024-11-25T09:54:26.195+0000] {dag.py:3239} INFO - Sync 2 DAGs
[2024-11-25T09:54:26.222+0000] {logging_mixin.py:190} INFO - [2024-11-25T09:54:26.222+0000] {dag.py:4180} INFO - Setting next_dagrun for read_dataset_event to 2024-11-24 00:00:00+00:00, run_after=2024-11-25 00:00:00+00:00
[2024-11-25T09:54:26.227+0000] {logging_mixin.py:190} INFO - [2024-11-25T09:54:26.227+0000] {dag.py:4180} INFO - Setting next_dagrun for read_dataset_event_from_classic to 2024-11-24 00:00:00+00:00, run_after=2024-11-25 00:00:00+00:00
[2024-11-25T09:54:26.249+0000] {processor.py:208} INFO - Processing /home/airflow/.local/lib/python3.12/site-packages/airflow/example_dags/example_inlet_event_extra.py took 0.719 seconds
[2024-11-25T09:54:56.370+0000] {processor.py:186} INFO - Started process (PID=3375) to work on /home/airflow/.local/lib/python3.12/site-packages/airflow/example_dags/example_inlet_event_extra.py
[2024-11-25T09:54:56.371+0000] {processor.py:914} INFO - Processing file /home/airflow/.local/lib/python3.12/site-packages/airflow/example_dags/example_inlet_event_extra.py for tasks to queue
[2024-11-25T09:54:56.372+0000] {logging_mixin.py:190} INFO - [2024-11-25T09:54:56.372+0000] {dagbag.py:588} INFO - Filling up the DagBag from /home/airflow/.local/lib/python3.12/site-packages/airflow/example_dags/example_inlet_event_extra.py
[2024-11-25T09:54:56.992+0000] {processor.py:925} INFO - DAG(s) 'read_dataset_event', 'read_dataset_event_from_classic' retrieved from /home/airflow/.local/lib/python3.12/site-packages/airflow/example_dags/example_inlet_event_extra.py
[2024-11-25T09:54:57.016+0000] {logging_mixin.py:190} INFO - [2024-11-25T09:54:57.015+0000] {dag.py:3239} INFO - Sync 2 DAGs
[2024-11-25T09:54:57.045+0000] {logging_mixin.py:190} INFO - [2024-11-25T09:54:57.045+0000] {dag.py:4180} INFO - Setting next_dagrun for read_dataset_event to 2024-11-24 00:00:00+00:00, run_after=2024-11-25 00:00:00+00:00
[2024-11-25T09:54:57.052+0000] {logging_mixin.py:190} INFO - [2024-11-25T09:54:57.052+0000] {dag.py:4180} INFO - Setting next_dagrun for read_dataset_event_from_classic to 2024-11-24 00:00:00+00:00, run_after=2024-11-25 00:00:00+00:00
[2024-11-25T09:54:57.075+0000] {processor.py:208} INFO - Processing /home/airflow/.local/lib/python3.12/site-packages/airflow/example_dags/example_inlet_event_extra.py took 0.712 seconds
[2024-11-25T09:55:27.187+0000] {processor.py:186} INFO - Started process (PID=3671) to work on /home/airflow/.local/lib/python3.12/site-packages/airflow/example_dags/example_inlet_event_extra.py
[2024-11-25T09:55:27.189+0000] {processor.py:914} INFO - Processing file /home/airflow/.local/lib/python3.12/site-packages/airflow/example_dags/example_inlet_event_extra.py for tasks to queue
[2024-11-25T09:55:27.192+0000] {logging_mixin.py:190} INFO - [2024-11-25T09:55:27.192+0000] {dagbag.py:588} INFO - Filling up the DagBag from /home/airflow/.local/lib/python3.12/site-packages/airflow/example_dags/example_inlet_event_extra.py
[2024-11-25T09:55:27.960+0000] {processor.py:925} INFO - DAG(s) 'read_dataset_event', 'read_dataset_event_from_classic' retrieved from /home/airflow/.local/lib/python3.12/site-packages/airflow/example_dags/example_inlet_event_extra.py
[2024-11-25T09:55:27.982+0000] {logging_mixin.py:190} INFO - [2024-11-25T09:55:27.982+0000] {dag.py:3239} INFO - Sync 2 DAGs
[2024-11-25T09:55:28.007+0000] {logging_mixin.py:190} INFO - [2024-11-25T09:55:28.007+0000] {dag.py:4180} INFO - Setting next_dagrun for read_dataset_event to 2024-11-24 00:00:00+00:00, run_after=2024-11-25 00:00:00+00:00
[2024-11-25T09:55:28.013+0000] {logging_mixin.py:190} INFO - [2024-11-25T09:55:28.013+0000] {dag.py:4180} INFO - Setting next_dagrun for read_dataset_event_from_classic to 2024-11-24 00:00:00+00:00, run_after=2024-11-25 00:00:00+00:00
[2024-11-25T09:55:28.031+0000] {processor.py:208} INFO - Processing /home/airflow/.local/lib/python3.12/site-packages/airflow/example_dags/example_inlet_event_extra.py took 0.853 seconds
[2024-11-25T09:55:58.104+0000] {processor.py:186} INFO - Started process (PID=3955) to work on /home/airflow/.local/lib/python3.12/site-packages/airflow/example_dags/example_inlet_event_extra.py
[2024-11-25T09:55:58.106+0000] {processor.py:914} INFO - Processing file /home/airflow/.local/lib/python3.12/site-packages/airflow/example_dags/example_inlet_event_extra.py for tasks to queue
[2024-11-25T09:55:58.107+0000] {logging_mixin.py:190} INFO - [2024-11-25T09:55:58.107+0000] {dagbag.py:588} INFO - Filling up the DagBag from /home/airflow/.local/lib/python3.12/site-packages/airflow/example_dags/example_inlet_event_extra.py
[2024-11-25T09:55:58.690+0000] {processor.py:925} INFO - DAG(s) 'read_dataset_event', 'read_dataset_event_from_classic' retrieved from /home/airflow/.local/lib/python3.12/site-packages/airflow/example_dags/example_inlet_event_extra.py
[2024-11-25T09:55:58.717+0000] {logging_mixin.py:190} INFO - [2024-11-25T09:55:58.716+0000] {dag.py:3239} INFO - Sync 2 DAGs
[2024-11-25T09:55:58.749+0000] {logging_mixin.py:190} INFO - [2024-11-25T09:55:58.748+0000] {dag.py:4180} INFO - Setting next_dagrun for read_dataset_event to 2024-11-24 00:00:00+00:00, run_after=2024-11-25 00:00:00+00:00
[2024-11-25T09:55:58.755+0000] {logging_mixin.py:190} INFO - [2024-11-25T09:55:58.755+0000] {dag.py:4180} INFO - Setting next_dagrun for read_dataset_event_from_classic to 2024-11-24 00:00:00+00:00, run_after=2024-11-25 00:00:00+00:00
[2024-11-25T09:55:58.778+0000] {processor.py:208} INFO - Processing /home/airflow/.local/lib/python3.12/site-packages/airflow/example_dags/example_inlet_event_extra.py took 0.680 seconds
[2024-11-25T09:56:28.863+0000] {processor.py:186} INFO - Started process (PID=4251) to work on /home/airflow/.local/lib/python3.12/site-packages/airflow/example_dags/example_inlet_event_extra.py
[2024-11-25T09:56:28.865+0000] {processor.py:914} INFO - Processing file /home/airflow/.local/lib/python3.12/site-packages/airflow/example_dags/example_inlet_event_extra.py for tasks to queue
[2024-11-25T09:56:28.866+0000] {logging_mixin.py:190} INFO - [2024-11-25T09:56:28.866+0000] {dagbag.py:588} INFO - Filling up the DagBag from /home/airflow/.local/lib/python3.12/site-packages/airflow/example_dags/example_inlet_event_extra.py
[2024-11-25T09:56:29.444+0000] {processor.py:925} INFO - DAG(s) 'read_dataset_event', 'read_dataset_event_from_classic' retrieved from /home/airflow/.local/lib/python3.12/site-packages/airflow/example_dags/example_inlet_event_extra.py
[2024-11-25T09:56:29.467+0000] {logging_mixin.py:190} INFO - [2024-11-25T09:56:29.467+0000] {dag.py:3239} INFO - Sync 2 DAGs
[2024-11-25T09:56:29.495+0000] {logging_mixin.py:190} INFO - [2024-11-25T09:56:29.494+0000] {dag.py:4180} INFO - Setting next_dagrun for read_dataset_event to 2024-11-24 00:00:00+00:00, run_after=2024-11-25 00:00:00+00:00
[2024-11-25T09:56:29.500+0000] {logging_mixin.py:190} INFO - [2024-11-25T09:56:29.500+0000] {dag.py:4180} INFO - Setting next_dagrun for read_dataset_event_from_classic to 2024-11-24 00:00:00+00:00, run_after=2024-11-25 00:00:00+00:00
[2024-11-25T09:56:29.520+0000] {processor.py:208} INFO - Processing /home/airflow/.local/lib/python3.12/site-packages/airflow/example_dags/example_inlet_event_extra.py took 0.663 seconds
[2024-11-25T09:56:59.710+0000] {processor.py:186} INFO - Started process (PID=4547) to work on /home/airflow/.local/lib/python3.12/site-packages/airflow/example_dags/example_inlet_event_extra.py
[2024-11-25T09:56:59.711+0000] {processor.py:914} INFO - Processing file /home/airflow/.local/lib/python3.12/site-packages/airflow/example_dags/example_inlet_event_extra.py for tasks to queue
[2024-11-25T09:56:59.713+0000] {logging_mixin.py:190} INFO - [2024-11-25T09:56:59.713+0000] {dagbag.py:588} INFO - Filling up the DagBag from /home/airflow/.local/lib/python3.12/site-packages/airflow/example_dags/example_inlet_event_extra.py
[2024-11-25T09:57:00.397+0000] {processor.py:925} INFO - DAG(s) 'read_dataset_event', 'read_dataset_event_from_classic' retrieved from /home/airflow/.local/lib/python3.12/site-packages/airflow/example_dags/example_inlet_event_extra.py
[2024-11-25T09:57:00.448+0000] {logging_mixin.py:190} INFO - [2024-11-25T09:57:00.447+0000] {dag.py:3239} INFO - Sync 2 DAGs
[2024-11-25T09:57:00.558+0000] {logging_mixin.py:190} INFO - [2024-11-25T09:57:00.557+0000] {dag.py:4180} INFO - Setting next_dagrun for read_dataset_event to 2024-11-24 00:00:00+00:00, run_after=2024-11-25 00:00:00+00:00
[2024-11-25T09:57:00.568+0000] {logging_mixin.py:190} INFO - [2024-11-25T09:57:00.568+0000] {dag.py:4180} INFO - Setting next_dagrun for read_dataset_event_from_classic to 2024-11-24 00:00:00+00:00, run_after=2024-11-25 00:00:00+00:00
[2024-11-25T09:57:00.605+0000] {processor.py:208} INFO - Processing /home/airflow/.local/lib/python3.12/site-packages/airflow/example_dags/example_inlet_event_extra.py took 0.903 seconds
[2024-11-25T09:57:30.860+0000] {processor.py:186} INFO - Started process (PID=4869) to work on /home/airflow/.local/lib/python3.12/site-packages/airflow/example_dags/example_inlet_event_extra.py
[2024-11-25T09:57:30.862+0000] {processor.py:914} INFO - Processing file /home/airflow/.local/lib/python3.12/site-packages/airflow/example_dags/example_inlet_event_extra.py for tasks to queue
[2024-11-25T09:57:30.864+0000] {logging_mixin.py:190} INFO - [2024-11-25T09:57:30.863+0000] {dagbag.py:588} INFO - Filling up the DagBag from /home/airflow/.local/lib/python3.12/site-packages/airflow/example_dags/example_inlet_event_extra.py
[2024-11-25T09:57:31.560+0000] {processor.py:925} INFO - DAG(s) 'read_dataset_event_from_classic', 'read_dataset_event' retrieved from /home/airflow/.local/lib/python3.12/site-packages/airflow/example_dags/example_inlet_event_extra.py
[2024-11-25T09:57:31.637+0000] {logging_mixin.py:190} INFO - [2024-11-25T09:57:31.636+0000] {dag.py:3239} INFO - Sync 2 DAGs
[2024-11-25T09:57:31.795+0000] {logging_mixin.py:190} INFO - [2024-11-25T09:57:31.794+0000] {dag.py:4180} INFO - Setting next_dagrun for read_dataset_event to 2024-11-24 00:00:00+00:00, run_after=2024-11-25 00:00:00+00:00
[2024-11-25T09:57:31.806+0000] {logging_mixin.py:190} INFO - [2024-11-25T09:57:31.806+0000] {dag.py:4180} INFO - Setting next_dagrun for read_dataset_event_from_classic to 2024-11-24 00:00:00+00:00, run_after=2024-11-25 00:00:00+00:00
[2024-11-25T09:57:31.841+0000] {processor.py:208} INFO - Processing /home/airflow/.local/lib/python3.12/site-packages/airflow/example_dags/example_inlet_event_extra.py took 0.989 seconds
[2024-11-25T09:58:02.468+0000] {processor.py:186} INFO - Started process (PID=5176) to work on /home/airflow/.local/lib/python3.12/site-packages/airflow/example_dags/example_inlet_event_extra.py
[2024-11-25T09:58:02.470+0000] {processor.py:914} INFO - Processing file /home/airflow/.local/lib/python3.12/site-packages/airflow/example_dags/example_inlet_event_extra.py for tasks to queue
[2024-11-25T09:58:02.471+0000] {logging_mixin.py:190} INFO - [2024-11-25T09:58:02.471+0000] {dagbag.py:588} INFO - Filling up the DagBag from /home/airflow/.local/lib/python3.12/site-packages/airflow/example_dags/example_inlet_event_extra.py
[2024-11-25T09:58:03.324+0000] {processor.py:925} INFO - DAG(s) 'read_dataset_event_from_classic', 'read_dataset_event' retrieved from /home/airflow/.local/lib/python3.12/site-packages/airflow/example_dags/example_inlet_event_extra.py
[2024-11-25T09:58:03.350+0000] {logging_mixin.py:190} INFO - [2024-11-25T09:58:03.349+0000] {dag.py:3239} INFO - Sync 2 DAGs
[2024-11-25T09:58:03.394+0000] {logging_mixin.py:190} INFO - [2024-11-25T09:58:03.393+0000] {dag.py:4180} INFO - Setting next_dagrun for read_dataset_event to 2024-11-24 00:00:00+00:00, run_after=2024-11-25 00:00:00+00:00
[2024-11-25T09:58:03.407+0000] {logging_mixin.py:190} INFO - [2024-11-25T09:58:03.407+0000] {dag.py:4180} INFO - Setting next_dagrun for read_dataset_event_from_classic to 2024-11-24 00:00:00+00:00, run_after=2024-11-25 00:00:00+00:00
[2024-11-25T09:58:03.439+0000] {processor.py:208} INFO - Processing /home/airflow/.local/lib/python3.12/site-packages/airflow/example_dags/example_inlet_event_extra.py took 0.979 seconds
[2024-11-25T09:58:34.037+0000] {processor.py:186} INFO - Started process (PID=5489) to work on /home/airflow/.local/lib/python3.12/site-packages/airflow/example_dags/example_inlet_event_extra.py
[2024-11-25T09:58:34.038+0000] {processor.py:914} INFO - Processing file /home/airflow/.local/lib/python3.12/site-packages/airflow/example_dags/example_inlet_event_extra.py for tasks to queue
[2024-11-25T09:58:34.039+0000] {logging_mixin.py:190} INFO - [2024-11-25T09:58:34.039+0000] {dagbag.py:588} INFO - Filling up the DagBag from /home/airflow/.local/lib/python3.12/site-packages/airflow/example_dags/example_inlet_event_extra.py
[2024-11-25T09:58:34.855+0000] {processor.py:925} INFO - DAG(s) 'read_dataset_event', 'read_dataset_event_from_classic' retrieved from /home/airflow/.local/lib/python3.12/site-packages/airflow/example_dags/example_inlet_event_extra.py
[2024-11-25T09:58:34.893+0000] {logging_mixin.py:190} INFO - [2024-11-25T09:58:34.893+0000] {dag.py:3239} INFO - Sync 2 DAGs
[2024-11-25T09:58:34.940+0000] {logging_mixin.py:190} INFO - [2024-11-25T09:58:34.939+0000] {dag.py:4180} INFO - Setting next_dagrun for read_dataset_event to 2024-11-24 00:00:00+00:00, run_after=2024-11-25 00:00:00+00:00
[2024-11-25T09:58:34.950+0000] {logging_mixin.py:190} INFO - [2024-11-25T09:58:34.950+0000] {dag.py:4180} INFO - Setting next_dagrun for read_dataset_event_from_classic to 2024-11-24 00:00:00+00:00, run_after=2024-11-25 00:00:00+00:00
[2024-11-25T09:58:34.991+0000] {processor.py:208} INFO - Processing /home/airflow/.local/lib/python3.12/site-packages/airflow/example_dags/example_inlet_event_extra.py took 0.961 seconds
[2024-11-25T09:59:05.590+0000] {processor.py:186} INFO - Started process (PID=5788) to work on /home/airflow/.local/lib/python3.12/site-packages/airflow/example_dags/example_inlet_event_extra.py
[2024-11-25T09:59:05.592+0000] {processor.py:914} INFO - Processing file /home/airflow/.local/lib/python3.12/site-packages/airflow/example_dags/example_inlet_event_extra.py for tasks to queue
[2024-11-25T09:59:05.595+0000] {logging_mixin.py:190} INFO - [2024-11-25T09:59:05.595+0000] {dagbag.py:588} INFO - Filling up the DagBag from /home/airflow/.local/lib/python3.12/site-packages/airflow/example_dags/example_inlet_event_extra.py
[2024-11-25T09:59:06.386+0000] {processor.py:925} INFO - DAG(s) 'read_dataset_event_from_classic', 'read_dataset_event' retrieved from /home/airflow/.local/lib/python3.12/site-packages/airflow/example_dags/example_inlet_event_extra.py
[2024-11-25T09:59:06.419+0000] {logging_mixin.py:190} INFO - [2024-11-25T09:59:06.419+0000] {dag.py:3239} INFO - Sync 2 DAGs
[2024-11-25T09:59:06.452+0000] {logging_mixin.py:190} INFO - [2024-11-25T09:59:06.452+0000] {dag.py:4180} INFO - Setting next_dagrun for read_dataset_event to 2024-11-24 00:00:00+00:00, run_after=2024-11-25 00:00:00+00:00
[2024-11-25T09:59:06.459+0000] {logging_mixin.py:190} INFO - [2024-11-25T09:59:06.459+0000] {dag.py:4180} INFO - Setting next_dagrun for read_dataset_event_from_classic to 2024-11-24 00:00:00+00:00, run_after=2024-11-25 00:00:00+00:00
[2024-11-25T09:59:06.481+0000] {processor.py:208} INFO - Processing /home/airflow/.local/lib/python3.12/site-packages/airflow/example_dags/example_inlet_event_extra.py took 0.901 seconds
[2024-11-25T09:59:37.326+0000] {processor.py:186} INFO - Started process (PID=6089) to work on /home/airflow/.local/lib/python3.12/site-packages/airflow/example_dags/example_inlet_event_extra.py
[2024-11-25T09:59:37.328+0000] {processor.py:914} INFO - Processing file /home/airflow/.local/lib/python3.12/site-packages/airflow/example_dags/example_inlet_event_extra.py for tasks to queue
[2024-11-25T09:59:37.330+0000] {logging_mixin.py:190} INFO - [2024-11-25T09:59:37.329+0000] {dagbag.py:588} INFO - Filling up the DagBag from /home/airflow/.local/lib/python3.12/site-packages/airflow/example_dags/example_inlet_event_extra.py
[2024-11-25T09:59:37.935+0000] {processor.py:925} INFO - DAG(s) 'read_dataset_event_from_classic', 'read_dataset_event' retrieved from /home/airflow/.local/lib/python3.12/site-packages/airflow/example_dags/example_inlet_event_extra.py
[2024-11-25T09:59:37.957+0000] {logging_mixin.py:190} INFO - [2024-11-25T09:59:37.956+0000] {dag.py:3239} INFO - Sync 2 DAGs
[2024-11-25T09:59:37.983+0000] {logging_mixin.py:190} INFO - [2024-11-25T09:59:37.982+0000] {dag.py:4180} INFO - Setting next_dagrun for read_dataset_event to 2024-11-24 00:00:00+00:00, run_after=2024-11-25 00:00:00+00:00
[2024-11-25T09:59:37.989+0000] {logging_mixin.py:190} INFO - [2024-11-25T09:59:37.989+0000] {dag.py:4180} INFO - Setting next_dagrun for read_dataset_event_from_classic to 2024-11-24 00:00:00+00:00, run_after=2024-11-25 00:00:00+00:00
[2024-11-25T09:59:38.008+0000] {processor.py:208} INFO - Processing /home/airflow/.local/lib/python3.12/site-packages/airflow/example_dags/example_inlet_event_extra.py took 0.688 seconds
[2024-11-25T10:00:08.360+0000] {processor.py:186} INFO - Started process (PID=6385) to work on /home/airflow/.local/lib/python3.12/site-packages/airflow/example_dags/example_inlet_event_extra.py
[2024-11-25T10:00:08.362+0000] {processor.py:914} INFO - Processing file /home/airflow/.local/lib/python3.12/site-packages/airflow/example_dags/example_inlet_event_extra.py for tasks to queue
[2024-11-25T10:00:08.364+0000] {logging_mixin.py:190} INFO - [2024-11-25T10:00:08.364+0000] {dagbag.py:588} INFO - Filling up the DagBag from /home/airflow/.local/lib/python3.12/site-packages/airflow/example_dags/example_inlet_event_extra.py
[2024-11-25T10:00:09.169+0000] {processor.py:925} INFO - DAG(s) 'read_dataset_event', 'read_dataset_event_from_classic' retrieved from /home/airflow/.local/lib/python3.12/site-packages/airflow/example_dags/example_inlet_event_extra.py
[2024-11-25T10:00:09.192+0000] {logging_mixin.py:190} INFO - [2024-11-25T10:00:09.192+0000] {dag.py:3239} INFO - Sync 2 DAGs
[2024-11-25T10:00:09.221+0000] {logging_mixin.py:190} INFO - [2024-11-25T10:00:09.221+0000] {dag.py:4180} INFO - Setting next_dagrun for read_dataset_event to 2024-11-24 00:00:00+00:00, run_after=2024-11-25 00:00:00+00:00
[2024-11-25T10:00:09.229+0000] {logging_mixin.py:190} INFO - [2024-11-25T10:00:09.229+0000] {dag.py:4180} INFO - Setting next_dagrun for read_dataset_event_from_classic to 2024-11-24 00:00:00+00:00, run_after=2024-11-25 00:00:00+00:00
[2024-11-25T10:00:09.251+0000] {processor.py:208} INFO - Processing /home/airflow/.local/lib/python3.12/site-packages/airflow/example_dags/example_inlet_event_extra.py took 0.901 seconds
[2024-11-25T10:00:39.977+0000] {processor.py:186} INFO - Started process (PID=6686) to work on /home/airflow/.local/lib/python3.12/site-packages/airflow/example_dags/example_inlet_event_extra.py
[2024-11-25T10:00:39.979+0000] {processor.py:914} INFO - Processing file /home/airflow/.local/lib/python3.12/site-packages/airflow/example_dags/example_inlet_event_extra.py for tasks to queue
[2024-11-25T10:00:39.986+0000] {logging_mixin.py:190} INFO - [2024-11-25T10:00:39.984+0000] {dagbag.py:588} INFO - Filling up the DagBag from /home/airflow/.local/lib/python3.12/site-packages/airflow/example_dags/example_inlet_event_extra.py
[2024-11-25T10:00:41.441+0000] {processor.py:925} INFO - DAG(s) 'read_dataset_event', 'read_dataset_event_from_classic' retrieved from /home/airflow/.local/lib/python3.12/site-packages/airflow/example_dags/example_inlet_event_extra.py
[2024-11-25T10:00:41.492+0000] {logging_mixin.py:190} INFO - [2024-11-25T10:00:41.491+0000] {dag.py:3239} INFO - Sync 2 DAGs
[2024-11-25T10:00:41.563+0000] {logging_mixin.py:190} INFO - [2024-11-25T10:00:41.562+0000] {dag.py:4180} INFO - Setting next_dagrun for read_dataset_event to 2024-11-24 00:00:00+00:00, run_after=2024-11-25 00:00:00+00:00
[2024-11-25T10:00:41.573+0000] {logging_mixin.py:190} INFO - [2024-11-25T10:00:41.573+0000] {dag.py:4180} INFO - Setting next_dagrun for read_dataset_event_from_classic to 2024-11-24 00:00:00+00:00, run_after=2024-11-25 00:00:00+00:00
[2024-11-25T10:00:41.610+0000] {processor.py:208} INFO - Processing /home/airflow/.local/lib/python3.12/site-packages/airflow/example_dags/example_inlet_event_extra.py took 1.677 seconds
[2024-11-25T10:01:12.048+0000] {processor.py:186} INFO - Started process (PID=6982) to work on /home/airflow/.local/lib/python3.12/site-packages/airflow/example_dags/example_inlet_event_extra.py
[2024-11-25T10:01:12.050+0000] {processor.py:914} INFO - Processing file /home/airflow/.local/lib/python3.12/site-packages/airflow/example_dags/example_inlet_event_extra.py for tasks to queue
[2024-11-25T10:01:12.053+0000] {logging_mixin.py:190} INFO - [2024-11-25T10:01:12.052+0000] {dagbag.py:588} INFO - Filling up the DagBag from /home/airflow/.local/lib/python3.12/site-packages/airflow/example_dags/example_inlet_event_extra.py
[2024-11-25T10:01:12.660+0000] {processor.py:925} INFO - DAG(s) 'read_dataset_event', 'read_dataset_event_from_classic' retrieved from /home/airflow/.local/lib/python3.12/site-packages/airflow/example_dags/example_inlet_event_extra.py
[2024-11-25T10:01:12.684+0000] {logging_mixin.py:190} INFO - [2024-11-25T10:01:12.684+0000] {dag.py:3239} INFO - Sync 2 DAGs
[2024-11-25T10:01:12.710+0000] {logging_mixin.py:190} INFO - [2024-11-25T10:01:12.709+0000] {dag.py:4180} INFO - Setting next_dagrun for read_dataset_event to 2024-11-24 00:00:00+00:00, run_after=2024-11-25 00:00:00+00:00
[2024-11-25T10:01:12.716+0000] {logging_mixin.py:190} INFO - [2024-11-25T10:01:12.716+0000] {dag.py:4180} INFO - Setting next_dagrun for read_dataset_event_from_classic to 2024-11-24 00:00:00+00:00, run_after=2024-11-25 00:00:00+00:00
[2024-11-25T10:01:12.736+0000] {processor.py:208} INFO - Processing /home/airflow/.local/lib/python3.12/site-packages/airflow/example_dags/example_inlet_event_extra.py took 0.697 seconds
[2024-11-25T10:01:43.476+0000] {processor.py:186} INFO - Started process (PID=7278) to work on /home/airflow/.local/lib/python3.12/site-packages/airflow/example_dags/example_inlet_event_extra.py
[2024-11-25T10:01:43.478+0000] {processor.py:914} INFO - Processing file /home/airflow/.local/lib/python3.12/site-packages/airflow/example_dags/example_inlet_event_extra.py for tasks to queue
[2024-11-25T10:01:43.480+0000] {logging_mixin.py:190} INFO - [2024-11-25T10:01:43.479+0000] {dagbag.py:588} INFO - Filling up the DagBag from /home/airflow/.local/lib/python3.12/site-packages/airflow/example_dags/example_inlet_event_extra.py
[2024-11-25T10:01:44.224+0000] {processor.py:925} INFO - DAG(s) 'read_dataset_event_from_classic', 'read_dataset_event' retrieved from /home/airflow/.local/lib/python3.12/site-packages/airflow/example_dags/example_inlet_event_extra.py
[2024-11-25T10:01:44.251+0000] {logging_mixin.py:190} INFO - [2024-11-25T10:01:44.251+0000] {dag.py:3239} INFO - Sync 2 DAGs
[2024-11-25T10:01:44.279+0000] {logging_mixin.py:190} INFO - [2024-11-25T10:01:44.279+0000] {dag.py:4180} INFO - Setting next_dagrun for read_dataset_event to 2024-11-24 00:00:00+00:00, run_after=2024-11-25 00:00:00+00:00
[2024-11-25T10:01:44.285+0000] {logging_mixin.py:190} INFO - [2024-11-25T10:01:44.285+0000] {dag.py:4180} INFO - Setting next_dagrun for read_dataset_event_from_classic to 2024-11-24 00:00:00+00:00, run_after=2024-11-25 00:00:00+00:00
[2024-11-25T10:01:44.307+0000] {processor.py:208} INFO - Processing /home/airflow/.local/lib/python3.12/site-packages/airflow/example_dags/example_inlet_event_extra.py took 0.837 seconds
[2024-11-25T10:02:14.920+0000] {processor.py:186} INFO - Started process (PID=7574) to work on /home/airflow/.local/lib/python3.12/site-packages/airflow/example_dags/example_inlet_event_extra.py
[2024-11-25T10:02:14.923+0000] {processor.py:914} INFO - Processing file /home/airflow/.local/lib/python3.12/site-packages/airflow/example_dags/example_inlet_event_extra.py for tasks to queue
[2024-11-25T10:02:14.926+0000] {logging_mixin.py:190} INFO - [2024-11-25T10:02:14.926+0000] {dagbag.py:588} INFO - Filling up the DagBag from /home/airflow/.local/lib/python3.12/site-packages/airflow/example_dags/example_inlet_event_extra.py
[2024-11-25T10:02:15.588+0000] {processor.py:925} INFO - DAG(s) 'read_dataset_event_from_classic', 'read_dataset_event' retrieved from /home/airflow/.local/lib/python3.12/site-packages/airflow/example_dags/example_inlet_event_extra.py
[2024-11-25T10:02:15.613+0000] {logging_mixin.py:190} INFO - [2024-11-25T10:02:15.613+0000] {dag.py:3239} INFO - Sync 2 DAGs
[2024-11-25T10:02:15.643+0000] {logging_mixin.py:190} INFO - [2024-11-25T10:02:15.643+0000] {dag.py:4180} INFO - Setting next_dagrun for read_dataset_event to 2024-11-24 00:00:00+00:00, run_after=2024-11-25 00:00:00+00:00
[2024-11-25T10:02:15.649+0000] {logging_mixin.py:190} INFO - [2024-11-25T10:02:15.649+0000] {dag.py:4180} INFO - Setting next_dagrun for read_dataset_event_from_classic to 2024-11-24 00:00:00+00:00, run_after=2024-11-25 00:00:00+00:00
[2024-11-25T10:02:15.668+0000] {processor.py:208} INFO - Processing /home/airflow/.local/lib/python3.12/site-packages/airflow/example_dags/example_inlet_event_extra.py took 0.765 seconds
[2024-11-25T10:02:46.430+0000] {processor.py:186} INFO - Started process (PID=7878) to work on /home/airflow/.local/lib/python3.12/site-packages/airflow/example_dags/example_inlet_event_extra.py
[2024-11-25T10:02:46.433+0000] {processor.py:914} INFO - Processing file /home/airflow/.local/lib/python3.12/site-packages/airflow/example_dags/example_inlet_event_extra.py for tasks to queue
[2024-11-25T10:02:46.435+0000] {logging_mixin.py:190} INFO - [2024-11-25T10:02:46.434+0000] {dagbag.py:588} INFO - Filling up the DagBag from /home/airflow/.local/lib/python3.12/site-packages/airflow/example_dags/example_inlet_event_extra.py
[2024-11-25T10:02:47.139+0000] {processor.py:925} INFO - DAG(s) 'read_dataset_event_from_classic', 'read_dataset_event' retrieved from /home/airflow/.local/lib/python3.12/site-packages/airflow/example_dags/example_inlet_event_extra.py
[2024-11-25T10:02:47.168+0000] {logging_mixin.py:190} INFO - [2024-11-25T10:02:47.167+0000] {dag.py:3239} INFO - Sync 2 DAGs
[2024-11-25T10:02:47.198+0000] {logging_mixin.py:190} INFO - [2024-11-25T10:02:47.197+0000] {dag.py:4180} INFO - Setting next_dagrun for read_dataset_event to 2024-11-24 00:00:00+00:00, run_after=2024-11-25 00:00:00+00:00
[2024-11-25T10:02:47.204+0000] {logging_mixin.py:190} INFO - [2024-11-25T10:02:47.203+0000] {dag.py:4180} INFO - Setting next_dagrun for read_dataset_event_from_classic to 2024-11-24 00:00:00+00:00, run_after=2024-11-25 00:00:00+00:00
[2024-11-25T10:02:47.224+0000] {processor.py:208} INFO - Processing /home/airflow/.local/lib/python3.12/site-packages/airflow/example_dags/example_inlet_event_extra.py took 0.806 seconds
[2024-11-25T10:03:17.547+0000] {processor.py:186} INFO - Started process (PID=8177) to work on /home/airflow/.local/lib/python3.12/site-packages/airflow/example_dags/example_inlet_event_extra.py
[2024-11-25T10:03:17.550+0000] {processor.py:914} INFO - Processing file /home/airflow/.local/lib/python3.12/site-packages/airflow/example_dags/example_inlet_event_extra.py for tasks to queue
[2024-11-25T10:03:17.552+0000] {logging_mixin.py:190} INFO - [2024-11-25T10:03:17.551+0000] {dagbag.py:588} INFO - Filling up the DagBag from /home/airflow/.local/lib/python3.12/site-packages/airflow/example_dags/example_inlet_event_extra.py
[2024-11-25T10:03:18.640+0000] {processor.py:925} INFO - DAG(s) 'read_dataset_event', 'read_dataset_event_from_classic' retrieved from /home/airflow/.local/lib/python3.12/site-packages/airflow/example_dags/example_inlet_event_extra.py
[2024-11-25T10:03:18.669+0000] {logging_mixin.py:190} INFO - [2024-11-25T10:03:18.669+0000] {dag.py:3239} INFO - Sync 2 DAGs
[2024-11-25T10:03:18.706+0000] {logging_mixin.py:190} INFO - [2024-11-25T10:03:18.705+0000] {dag.py:4180} INFO - Setting next_dagrun for read_dataset_event to 2024-11-24 00:00:00+00:00, run_after=2024-11-25 00:00:00+00:00
[2024-11-25T10:03:18.714+0000] {logging_mixin.py:190} INFO - [2024-11-25T10:03:18.713+0000] {dag.py:4180} INFO - Setting next_dagrun for read_dataset_event_from_classic to 2024-11-24 00:00:00+00:00, run_after=2024-11-25 00:00:00+00:00
[2024-11-25T10:03:18.736+0000] {processor.py:208} INFO - Processing /home/airflow/.local/lib/python3.12/site-packages/airflow/example_dags/example_inlet_event_extra.py took 1.197 seconds
[2024-11-25T10:03:48.866+0000] {processor.py:186} INFO - Started process (PID=8475) to work on /home/airflow/.local/lib/python3.12/site-packages/airflow/example_dags/example_inlet_event_extra.py
[2024-11-25T10:03:48.868+0000] {processor.py:914} INFO - Processing file /home/airflow/.local/lib/python3.12/site-packages/airflow/example_dags/example_inlet_event_extra.py for tasks to queue
[2024-11-25T10:03:48.871+0000] {logging_mixin.py:190} INFO - [2024-11-25T10:03:48.870+0000] {dagbag.py:588} INFO - Filling up the DagBag from /home/airflow/.local/lib/python3.12/site-packages/airflow/example_dags/example_inlet_event_extra.py
[2024-11-25T10:03:50.002+0000] {processor.py:925} INFO - DAG(s) 'read_dataset_event', 'read_dataset_event_from_classic' retrieved from /home/airflow/.local/lib/python3.12/site-packages/airflow/example_dags/example_inlet_event_extra.py
[2024-11-25T10:03:50.046+0000] {logging_mixin.py:190} INFO - [2024-11-25T10:03:50.046+0000] {dag.py:3239} INFO - Sync 2 DAGs
[2024-11-25T10:03:50.098+0000] {logging_mixin.py:190} INFO - [2024-11-25T10:03:50.098+0000] {dag.py:4180} INFO - Setting next_dagrun for read_dataset_event to 2024-11-24 00:00:00+00:00, run_after=2024-11-25 00:00:00+00:00
[2024-11-25T10:03:50.108+0000] {logging_mixin.py:190} INFO - [2024-11-25T10:03:50.108+0000] {dag.py:4180} INFO - Setting next_dagrun for read_dataset_event_from_classic to 2024-11-24 00:00:00+00:00, run_after=2024-11-25 00:00:00+00:00
[2024-11-25T10:03:50.145+0000] {processor.py:208} INFO - Processing /home/airflow/.local/lib/python3.12/site-packages/airflow/example_dags/example_inlet_event_extra.py took 1.287 seconds
[2024-11-25T10:04:20.276+0000] {processor.py:186} INFO - Started process (PID=8774) to work on /home/airflow/.local/lib/python3.12/site-packages/airflow/example_dags/example_inlet_event_extra.py
[2024-11-25T10:04:20.278+0000] {processor.py:914} INFO - Processing file /home/airflow/.local/lib/python3.12/site-packages/airflow/example_dags/example_inlet_event_extra.py for tasks to queue
[2024-11-25T10:04:20.281+0000] {logging_mixin.py:190} INFO - [2024-11-25T10:04:20.280+0000] {dagbag.py:588} INFO - Filling up the DagBag from /home/airflow/.local/lib/python3.12/site-packages/airflow/example_dags/example_inlet_event_extra.py
[2024-11-25T10:04:21.078+0000] {processor.py:925} INFO - DAG(s) 'read_dataset_event_from_classic', 'read_dataset_event' retrieved from /home/airflow/.local/lib/python3.12/site-packages/airflow/example_dags/example_inlet_event_extra.py
[2024-11-25T10:04:21.170+0000] {logging_mixin.py:190} INFO - [2024-11-25T10:04:21.169+0000] {dag.py:3239} INFO - Sync 2 DAGs
[2024-11-25T10:04:21.232+0000] {logging_mixin.py:190} INFO - [2024-11-25T10:04:21.232+0000] {dag.py:4180} INFO - Setting next_dagrun for read_dataset_event to 2024-11-24 00:00:00+00:00, run_after=2024-11-25 00:00:00+00:00
[2024-11-25T10:04:21.238+0000] {logging_mixin.py:190} INFO - [2024-11-25T10:04:21.238+0000] {dag.py:4180} INFO - Setting next_dagrun for read_dataset_event_from_classic to 2024-11-24 00:00:00+00:00, run_after=2024-11-25 00:00:00+00:00
[2024-11-25T10:04:21.258+0000] {processor.py:208} INFO - Processing /home/airflow/.local/lib/python3.12/site-packages/airflow/example_dags/example_inlet_event_extra.py took 0.990 seconds
[2024-11-25T10:04:51.524+0000] {processor.py:186} INFO - Started process (PID=9070) to work on /home/airflow/.local/lib/python3.12/site-packages/airflow/example_dags/example_inlet_event_extra.py
[2024-11-25T10:04:51.525+0000] {processor.py:914} INFO - Processing file /home/airflow/.local/lib/python3.12/site-packages/airflow/example_dags/example_inlet_event_extra.py for tasks to queue
[2024-11-25T10:04:51.530+0000] {logging_mixin.py:190} INFO - [2024-11-25T10:04:51.529+0000] {dagbag.py:588} INFO - Filling up the DagBag from /home/airflow/.local/lib/python3.12/site-packages/airflow/example_dags/example_inlet_event_extra.py
[2024-11-25T10:04:52.719+0000] {processor.py:925} INFO - DAG(s) 'read_dataset_event_from_classic', 'read_dataset_event' retrieved from /home/airflow/.local/lib/python3.12/site-packages/airflow/example_dags/example_inlet_event_extra.py
[2024-11-25T10:04:52.771+0000] {logging_mixin.py:190} INFO - [2024-11-25T10:04:52.771+0000] {dag.py:3239} INFO - Sync 2 DAGs
[2024-11-25T10:04:52.847+0000] {logging_mixin.py:190} INFO - [2024-11-25T10:04:52.847+0000] {dag.py:4180} INFO - Setting next_dagrun for read_dataset_event to 2024-11-24 00:00:00+00:00, run_after=2024-11-25 00:00:00+00:00
[2024-11-25T10:04:52.870+0000] {logging_mixin.py:190} INFO - [2024-11-25T10:04:52.868+0000] {dag.py:4180} INFO - Setting next_dagrun for read_dataset_event_from_classic to 2024-11-24 00:00:00+00:00, run_after=2024-11-25 00:00:00+00:00
[2024-11-25T10:04:52.938+0000] {processor.py:208} INFO - Processing /home/airflow/.local/lib/python3.12/site-packages/airflow/example_dags/example_inlet_event_extra.py took 1.422 seconds
[2024-11-25T10:05:23.747+0000] {processor.py:186} INFO - Started process (PID=9366) to work on /home/airflow/.local/lib/python3.12/site-packages/airflow/example_dags/example_inlet_event_extra.py
[2024-11-25T10:05:23.749+0000] {processor.py:914} INFO - Processing file /home/airflow/.local/lib/python3.12/site-packages/airflow/example_dags/example_inlet_event_extra.py for tasks to queue
[2024-11-25T10:05:23.751+0000] {logging_mixin.py:190} INFO - [2024-11-25T10:05:23.751+0000] {dagbag.py:588} INFO - Filling up the DagBag from /home/airflow/.local/lib/python3.12/site-packages/airflow/example_dags/example_inlet_event_extra.py
[2024-11-25T10:05:24.537+0000] {processor.py:925} INFO - DAG(s) 'read_dataset_event', 'read_dataset_event_from_classic' retrieved from /home/airflow/.local/lib/python3.12/site-packages/airflow/example_dags/example_inlet_event_extra.py
[2024-11-25T10:05:24.562+0000] {logging_mixin.py:190} INFO - [2024-11-25T10:05:24.562+0000] {dag.py:3239} INFO - Sync 2 DAGs
[2024-11-25T10:05:24.589+0000] {logging_mixin.py:190} INFO - [2024-11-25T10:05:24.588+0000] {dag.py:4180} INFO - Setting next_dagrun for read_dataset_event to 2024-11-24 00:00:00+00:00, run_after=2024-11-25 00:00:00+00:00
[2024-11-25T10:05:24.595+0000] {logging_mixin.py:190} INFO - [2024-11-25T10:05:24.595+0000] {dag.py:4180} INFO - Setting next_dagrun for read_dataset_event_from_classic to 2024-11-24 00:00:00+00:00, run_after=2024-11-25 00:00:00+00:00
[2024-11-25T10:05:24.616+0000] {processor.py:208} INFO - Processing /home/airflow/.local/lib/python3.12/site-packages/airflow/example_dags/example_inlet_event_extra.py took 0.879 seconds
[2024-11-25T10:05:55.021+0000] {processor.py:186} INFO - Started process (PID=9662) to work on /home/airflow/.local/lib/python3.12/site-packages/airflow/example_dags/example_inlet_event_extra.py
[2024-11-25T10:05:55.022+0000] {processor.py:914} INFO - Processing file /home/airflow/.local/lib/python3.12/site-packages/airflow/example_dags/example_inlet_event_extra.py for tasks to queue
[2024-11-25T10:05:55.024+0000] {logging_mixin.py:190} INFO - [2024-11-25T10:05:55.023+0000] {dagbag.py:588} INFO - Filling up the DagBag from /home/airflow/.local/lib/python3.12/site-packages/airflow/example_dags/example_inlet_event_extra.py
[2024-11-25T10:05:55.630+0000] {processor.py:925} INFO - DAG(s) 'read_dataset_event', 'read_dataset_event_from_classic' retrieved from /home/airflow/.local/lib/python3.12/site-packages/airflow/example_dags/example_inlet_event_extra.py
[2024-11-25T10:05:55.652+0000] {logging_mixin.py:190} INFO - [2024-11-25T10:05:55.652+0000] {dag.py:3239} INFO - Sync 2 DAGs
[2024-11-25T10:05:55.683+0000] {logging_mixin.py:190} INFO - [2024-11-25T10:05:55.682+0000] {dag.py:4180} INFO - Setting next_dagrun for read_dataset_event to 2024-11-24 00:00:00+00:00, run_after=2024-11-25 00:00:00+00:00
[2024-11-25T10:05:55.689+0000] {logging_mixin.py:190} INFO - [2024-11-25T10:05:55.689+0000] {dag.py:4180} INFO - Setting next_dagrun for read_dataset_event_from_classic to 2024-11-24 00:00:00+00:00, run_after=2024-11-25 00:00:00+00:00
[2024-11-25T10:05:55.708+0000] {processor.py:208} INFO - Processing /home/airflow/.local/lib/python3.12/site-packages/airflow/example_dags/example_inlet_event_extra.py took 0.694 seconds
[2024-11-25T10:06:25.868+0000] {processor.py:186} INFO - Started process (PID=9963) to work on /home/airflow/.local/lib/python3.12/site-packages/airflow/example_dags/example_inlet_event_extra.py
[2024-11-25T10:06:25.870+0000] {processor.py:914} INFO - Processing file /home/airflow/.local/lib/python3.12/site-packages/airflow/example_dags/example_inlet_event_extra.py for tasks to queue
[2024-11-25T10:06:25.872+0000] {logging_mixin.py:190} INFO - [2024-11-25T10:06:25.872+0000] {dagbag.py:588} INFO - Filling up the DagBag from /home/airflow/.local/lib/python3.12/site-packages/airflow/example_dags/example_inlet_event_extra.py
[2024-11-25T10:06:26.757+0000] {processor.py:925} INFO - DAG(s) 'read_dataset_event', 'read_dataset_event_from_classic' retrieved from /home/airflow/.local/lib/python3.12/site-packages/airflow/example_dags/example_inlet_event_extra.py
[2024-11-25T10:06:26.796+0000] {logging_mixin.py:190} INFO - [2024-11-25T10:06:26.796+0000] {dag.py:3239} INFO - Sync 2 DAGs
[2024-11-25T10:06:26.843+0000] {logging_mixin.py:190} INFO - [2024-11-25T10:06:26.842+0000] {dag.py:4180} INFO - Setting next_dagrun for read_dataset_event to 2024-11-24 00:00:00+00:00, run_after=2024-11-25 00:00:00+00:00
[2024-11-25T10:06:26.853+0000] {logging_mixin.py:190} INFO - [2024-11-25T10:06:26.852+0000] {dag.py:4180} INFO - Setting next_dagrun for read_dataset_event_from_classic to 2024-11-24 00:00:00+00:00, run_after=2024-11-25 00:00:00+00:00
[2024-11-25T10:06:26.883+0000] {processor.py:208} INFO - Processing /home/airflow/.local/lib/python3.12/site-packages/airflow/example_dags/example_inlet_event_extra.py took 1.024 seconds
[2024-11-25T10:06:57.581+0000] {processor.py:186} INFO - Started process (PID=10269) to work on /home/airflow/.local/lib/python3.12/site-packages/airflow/example_dags/example_inlet_event_extra.py
[2024-11-25T10:06:57.582+0000] {processor.py:914} INFO - Processing file /home/airflow/.local/lib/python3.12/site-packages/airflow/example_dags/example_inlet_event_extra.py for tasks to queue
[2024-11-25T10:06:57.585+0000] {logging_mixin.py:190} INFO - [2024-11-25T10:06:57.584+0000] {dagbag.py:588} INFO - Filling up the DagBag from /home/airflow/.local/lib/python3.12/site-packages/airflow/example_dags/example_inlet_event_extra.py
[2024-11-25T10:06:58.225+0000] {processor.py:925} INFO - DAG(s) 'read_dataset_event', 'read_dataset_event_from_classic' retrieved from /home/airflow/.local/lib/python3.12/site-packages/airflow/example_dags/example_inlet_event_extra.py
[2024-11-25T10:06:58.254+0000] {logging_mixin.py:190} INFO - [2024-11-25T10:06:58.253+0000] {dag.py:3239} INFO - Sync 2 DAGs
[2024-11-25T10:06:58.286+0000] {logging_mixin.py:190} INFO - [2024-11-25T10:06:58.285+0000] {dag.py:4180} INFO - Setting next_dagrun for read_dataset_event to 2024-11-24 00:00:00+00:00, run_after=2024-11-25 00:00:00+00:00
[2024-11-25T10:06:58.293+0000] {logging_mixin.py:190} INFO - [2024-11-25T10:06:58.293+0000] {dag.py:4180} INFO - Setting next_dagrun for read_dataset_event_from_classic to 2024-11-24 00:00:00+00:00, run_after=2024-11-25 00:00:00+00:00
[2024-11-25T10:06:58.314+0000] {processor.py:208} INFO - Processing /home/airflow/.local/lib/python3.12/site-packages/airflow/example_dags/example_inlet_event_extra.py took 0.740 seconds
[2024-11-25T10:07:28.920+0000] {processor.py:186} INFO - Started process (PID=10568) to work on /home/airflow/.local/lib/python3.12/site-packages/airflow/example_dags/example_inlet_event_extra.py
[2024-11-25T10:07:28.922+0000] {processor.py:914} INFO - Processing file /home/airflow/.local/lib/python3.12/site-packages/airflow/example_dags/example_inlet_event_extra.py for tasks to queue
[2024-11-25T10:07:28.928+0000] {logging_mixin.py:190} INFO - [2024-11-25T10:07:28.927+0000] {dagbag.py:588} INFO - Filling up the DagBag from /home/airflow/.local/lib/python3.12/site-packages/airflow/example_dags/example_inlet_event_extra.py
[2024-11-25T10:07:29.738+0000] {processor.py:925} INFO - DAG(s) 'read_dataset_event_from_classic', 'read_dataset_event' retrieved from /home/airflow/.local/lib/python3.12/site-packages/airflow/example_dags/example_inlet_event_extra.py
[2024-11-25T10:07:29.779+0000] {logging_mixin.py:190} INFO - [2024-11-25T10:07:29.778+0000] {dag.py:3239} INFO - Sync 2 DAGs
[2024-11-25T10:07:29.839+0000] {logging_mixin.py:190} INFO - [2024-11-25T10:07:29.839+0000] {dag.py:4180} INFO - Setting next_dagrun for read_dataset_event to 2024-11-24 00:00:00+00:00, run_after=2024-11-25 00:00:00+00:00
[2024-11-25T10:07:29.848+0000] {logging_mixin.py:190} INFO - [2024-11-25T10:07:29.848+0000] {dag.py:4180} INFO - Setting next_dagrun for read_dataset_event_from_classic to 2024-11-24 00:00:00+00:00, run_after=2024-11-25 00:00:00+00:00
[2024-11-25T10:07:29.883+0000] {processor.py:208} INFO - Processing /home/airflow/.local/lib/python3.12/site-packages/airflow/example_dags/example_inlet_event_extra.py took 0.973 seconds
[2024-11-25T10:08:00.206+0000] {processor.py:186} INFO - Started process (PID=10866) to work on /home/airflow/.local/lib/python3.12/site-packages/airflow/example_dags/example_inlet_event_extra.py
[2024-11-25T10:08:00.207+0000] {processor.py:914} INFO - Processing file /home/airflow/.local/lib/python3.12/site-packages/airflow/example_dags/example_inlet_event_extra.py for tasks to queue
[2024-11-25T10:08:00.209+0000] {logging_mixin.py:190} INFO - [2024-11-25T10:08:00.208+0000] {dagbag.py:588} INFO - Filling up the DagBag from /home/airflow/.local/lib/python3.12/site-packages/airflow/example_dags/example_inlet_event_extra.py
[2024-11-25T10:08:00.809+0000] {processor.py:925} INFO - DAG(s) 'read_dataset_event_from_classic', 'read_dataset_event' retrieved from /home/airflow/.local/lib/python3.12/site-packages/airflow/example_dags/example_inlet_event_extra.py
[2024-11-25T10:08:00.832+0000] {logging_mixin.py:190} INFO - [2024-11-25T10:08:00.832+0000] {dag.py:3239} INFO - Sync 2 DAGs
[2024-11-25T10:08:00.857+0000] {logging_mixin.py:190} INFO - [2024-11-25T10:08:00.857+0000] {dag.py:4180} INFO - Setting next_dagrun for read_dataset_event to 2024-11-24 00:00:00+00:00, run_after=2024-11-25 00:00:00+00:00
[2024-11-25T10:08:00.863+0000] {logging_mixin.py:190} INFO - [2024-11-25T10:08:00.863+0000] {dag.py:4180} INFO - Setting next_dagrun for read_dataset_event_from_classic to 2024-11-24 00:00:00+00:00, run_after=2024-11-25 00:00:00+00:00
[2024-11-25T10:08:00.889+0000] {processor.py:208} INFO - Processing /home/airflow/.local/lib/python3.12/site-packages/airflow/example_dags/example_inlet_event_extra.py took 0.693 seconds
[2024-11-25T10:08:31.002+0000] {processor.py:186} INFO - Started process (PID=11170) to work on /home/airflow/.local/lib/python3.12/site-packages/airflow/example_dags/example_inlet_event_extra.py
[2024-11-25T10:08:31.004+0000] {processor.py:914} INFO - Processing file /home/airflow/.local/lib/python3.12/site-packages/airflow/example_dags/example_inlet_event_extra.py for tasks to queue
[2024-11-25T10:08:31.006+0000] {logging_mixin.py:190} INFO - [2024-11-25T10:08:31.006+0000] {dagbag.py:588} INFO - Filling up the DagBag from /home/airflow/.local/lib/python3.12/site-packages/airflow/example_dags/example_inlet_event_extra.py
[2024-11-25T10:08:31.793+0000] {processor.py:925} INFO - DAG(s) 'read_dataset_event', 'read_dataset_event_from_classic' retrieved from /home/airflow/.local/lib/python3.12/site-packages/airflow/example_dags/example_inlet_event_extra.py
[2024-11-25T10:08:31.816+0000] {logging_mixin.py:190} INFO - [2024-11-25T10:08:31.816+0000] {dag.py:3239} INFO - Sync 2 DAGs
[2024-11-25T10:08:31.843+0000] {logging_mixin.py:190} INFO - [2024-11-25T10:08:31.842+0000] {dag.py:4180} INFO - Setting next_dagrun for read_dataset_event to 2024-11-24 00:00:00+00:00, run_after=2024-11-25 00:00:00+00:00
[2024-11-25T10:08:31.849+0000] {logging_mixin.py:190} INFO - [2024-11-25T10:08:31.848+0000] {dag.py:4180} INFO - Setting next_dagrun for read_dataset_event_from_classic to 2024-11-24 00:00:00+00:00, run_after=2024-11-25 00:00:00+00:00
[2024-11-25T10:08:31.875+0000] {processor.py:208} INFO - Processing /home/airflow/.local/lib/python3.12/site-packages/airflow/example_dags/example_inlet_event_extra.py took 0.885 seconds
[2024-11-25T10:09:02.455+0000] {processor.py:186} INFO - Started process (PID=11471) to work on /home/airflow/.local/lib/python3.12/site-packages/airflow/example_dags/example_inlet_event_extra.py
[2024-11-25T10:09:02.456+0000] {processor.py:914} INFO - Processing file /home/airflow/.local/lib/python3.12/site-packages/airflow/example_dags/example_inlet_event_extra.py for tasks to queue
[2024-11-25T10:09:02.458+0000] {logging_mixin.py:190} INFO - [2024-11-25T10:09:02.457+0000] {dagbag.py:588} INFO - Filling up the DagBag from /home/airflow/.local/lib/python3.12/site-packages/airflow/example_dags/example_inlet_event_extra.py
[2024-11-25T10:09:03.139+0000] {processor.py:925} INFO - DAG(s) 'read_dataset_event', 'read_dataset_event_from_classic' retrieved from /home/airflow/.local/lib/python3.12/site-packages/airflow/example_dags/example_inlet_event_extra.py
[2024-11-25T10:09:03.163+0000] {logging_mixin.py:190} INFO - [2024-11-25T10:09:03.163+0000] {dag.py:3239} INFO - Sync 2 DAGs
[2024-11-25T10:09:03.191+0000] {logging_mixin.py:190} INFO - [2024-11-25T10:09:03.191+0000] {dag.py:4180} INFO - Setting next_dagrun for read_dataset_event to 2024-11-24 00:00:00+00:00, run_after=2024-11-25 00:00:00+00:00
[2024-11-25T10:09:03.197+0000] {logging_mixin.py:190} INFO - [2024-11-25T10:09:03.197+0000] {dag.py:4180} INFO - Setting next_dagrun for read_dataset_event_from_classic to 2024-11-24 00:00:00+00:00, run_after=2024-11-25 00:00:00+00:00
[2024-11-25T10:09:03.217+0000] {processor.py:208} INFO - Processing /home/airflow/.local/lib/python3.12/site-packages/airflow/example_dags/example_inlet_event_extra.py took 0.770 seconds
[2024-11-25T10:09:33.725+0000] {processor.py:186} INFO - Started process (PID=11776) to work on /home/airflow/.local/lib/python3.12/site-packages/airflow/example_dags/example_inlet_event_extra.py
[2024-11-25T10:09:33.726+0000] {processor.py:914} INFO - Processing file /home/airflow/.local/lib/python3.12/site-packages/airflow/example_dags/example_inlet_event_extra.py for tasks to queue
[2024-11-25T10:09:33.728+0000] {logging_mixin.py:190} INFO - [2024-11-25T10:09:33.727+0000] {dagbag.py:588} INFO - Filling up the DagBag from /home/airflow/.local/lib/python3.12/site-packages/airflow/example_dags/example_inlet_event_extra.py
[2024-11-25T10:09:34.743+0000] {processor.py:925} INFO - DAG(s) 'read_dataset_event_from_classic', 'read_dataset_event' retrieved from /home/airflow/.local/lib/python3.12/site-packages/airflow/example_dags/example_inlet_event_extra.py
[2024-11-25T10:09:34.795+0000] {logging_mixin.py:190} INFO - [2024-11-25T10:09:34.795+0000] {dag.py:3239} INFO - Sync 2 DAGs
[2024-11-25T10:09:34.844+0000] {logging_mixin.py:190} INFO - [2024-11-25T10:09:34.844+0000] {dag.py:4180} INFO - Setting next_dagrun for read_dataset_event to 2024-11-24 00:00:00+00:00, run_after=2024-11-25 00:00:00+00:00
[2024-11-25T10:09:34.854+0000] {logging_mixin.py:190} INFO - [2024-11-25T10:09:34.854+0000] {dag.py:4180} INFO - Setting next_dagrun for read_dataset_event_from_classic to 2024-11-24 00:00:00+00:00, run_after=2024-11-25 00:00:00+00:00
[2024-11-25T10:09:34.888+0000] {processor.py:208} INFO - Processing /home/airflow/.local/lib/python3.12/site-packages/airflow/example_dags/example_inlet_event_extra.py took 1.171 seconds
[2024-11-25T10:10:05.156+0000] {processor.py:186} INFO - Started process (PID=12077) to work on /home/airflow/.local/lib/python3.12/site-packages/airflow/example_dags/example_inlet_event_extra.py
[2024-11-25T10:10:05.157+0000] {processor.py:914} INFO - Processing file /home/airflow/.local/lib/python3.12/site-packages/airflow/example_dags/example_inlet_event_extra.py for tasks to queue
[2024-11-25T10:10:05.160+0000] {logging_mixin.py:190} INFO - [2024-11-25T10:10:05.159+0000] {dagbag.py:588} INFO - Filling up the DagBag from /home/airflow/.local/lib/python3.12/site-packages/airflow/example_dags/example_inlet_event_extra.py
[2024-11-25T10:10:06.098+0000] {processor.py:925} INFO - DAG(s) 'read_dataset_event', 'read_dataset_event_from_classic' retrieved from /home/airflow/.local/lib/python3.12/site-packages/airflow/example_dags/example_inlet_event_extra.py
[2024-11-25T10:10:06.124+0000] {logging_mixin.py:190} INFO - [2024-11-25T10:10:06.123+0000] {dag.py:3239} INFO - Sync 2 DAGs
[2024-11-25T10:10:06.156+0000] {logging_mixin.py:190} INFO - [2024-11-25T10:10:06.156+0000] {dag.py:4180} INFO - Setting next_dagrun for read_dataset_event to 2024-11-24 00:00:00+00:00, run_after=2024-11-25 00:00:00+00:00
[2024-11-25T10:10:06.162+0000] {logging_mixin.py:190} INFO - [2024-11-25T10:10:06.162+0000] {dag.py:4180} INFO - Setting next_dagrun for read_dataset_event_from_classic to 2024-11-24 00:00:00+00:00, run_after=2024-11-25 00:00:00+00:00
[2024-11-25T10:10:06.189+0000] {processor.py:208} INFO - Processing /home/airflow/.local/lib/python3.12/site-packages/airflow/example_dags/example_inlet_event_extra.py took 1.051 seconds
[2024-11-25T10:10:36.740+0000] {processor.py:186} INFO - Started process (PID=12393) to work on /home/airflow/.local/lib/python3.12/site-packages/airflow/example_dags/example_inlet_event_extra.py
[2024-11-25T10:10:36.741+0000] {processor.py:914} INFO - Processing file /home/airflow/.local/lib/python3.12/site-packages/airflow/example_dags/example_inlet_event_extra.py for tasks to queue
[2024-11-25T10:10:36.742+0000] {logging_mixin.py:190} INFO - [2024-11-25T10:10:36.742+0000] {dagbag.py:588} INFO - Filling up the DagBag from /home/airflow/.local/lib/python3.12/site-packages/airflow/example_dags/example_inlet_event_extra.py
[2024-11-25T10:10:37.430+0000] {processor.py:925} INFO - DAG(s) 'read_dataset_event_from_classic', 'read_dataset_event' retrieved from /home/airflow/.local/lib/python3.12/site-packages/airflow/example_dags/example_inlet_event_extra.py
[2024-11-25T10:10:37.453+0000] {logging_mixin.py:190} INFO - [2024-11-25T10:10:37.453+0000] {dag.py:3239} INFO - Sync 2 DAGs
[2024-11-25T10:10:37.479+0000] {logging_mixin.py:190} INFO - [2024-11-25T10:10:37.479+0000] {dag.py:4180} INFO - Setting next_dagrun for read_dataset_event to 2024-11-24 00:00:00+00:00, run_after=2024-11-25 00:00:00+00:00
[2024-11-25T10:10:37.486+0000] {logging_mixin.py:190} INFO - [2024-11-25T10:10:37.485+0000] {dag.py:4180} INFO - Setting next_dagrun for read_dataset_event_from_classic to 2024-11-24 00:00:00+00:00, run_after=2024-11-25 00:00:00+00:00
[2024-11-25T10:10:37.506+0000] {processor.py:208} INFO - Processing /home/airflow/.local/lib/python3.12/site-packages/airflow/example_dags/example_inlet_event_extra.py took 0.773 seconds
[2024-11-25T10:11:08.601+0000] {processor.py:186} INFO - Started process (PID=12699) to work on /home/airflow/.local/lib/python3.12/site-packages/airflow/example_dags/example_inlet_event_extra.py
[2024-11-25T10:11:08.602+0000] {processor.py:914} INFO - Processing file /home/airflow/.local/lib/python3.12/site-packages/airflow/example_dags/example_inlet_event_extra.py for tasks to queue
[2024-11-25T10:11:08.603+0000] {logging_mixin.py:190} INFO - [2024-11-25T10:11:08.603+0000] {dagbag.py:588} INFO - Filling up the DagBag from /home/airflow/.local/lib/python3.12/site-packages/airflow/example_dags/example_inlet_event_extra.py
[2024-11-25T10:11:09.411+0000] {processor.py:925} INFO - DAG(s) 'read_dataset_event_from_classic', 'read_dataset_event' retrieved from /home/airflow/.local/lib/python3.12/site-packages/airflow/example_dags/example_inlet_event_extra.py
[2024-11-25T10:11:09.436+0000] {logging_mixin.py:190} INFO - [2024-11-25T10:11:09.436+0000] {dag.py:3239} INFO - Sync 2 DAGs
[2024-11-25T10:11:09.464+0000] {logging_mixin.py:190} INFO - [2024-11-25T10:11:09.464+0000] {dag.py:4180} INFO - Setting next_dagrun for read_dataset_event to 2024-11-24 00:00:00+00:00, run_after=2024-11-25 00:00:00+00:00
[2024-11-25T10:11:09.475+0000] {logging_mixin.py:190} INFO - [2024-11-25T10:11:09.474+0000] {dag.py:4180} INFO - Setting next_dagrun for read_dataset_event_from_classic to 2024-11-24 00:00:00+00:00, run_after=2024-11-25 00:00:00+00:00
[2024-11-25T10:11:09.508+0000] {processor.py:208} INFO - Processing /home/airflow/.local/lib/python3.12/site-packages/airflow/example_dags/example_inlet_event_extra.py took 0.913 seconds
