[2024-11-25T09:49:42.392+0000] {processor.py:186} INFO - Started process (PID=325) to work on /home/airflow/.local/lib/python3.12/site-packages/airflow/example_dags/example_complex.py
[2024-11-25T09:49:42.394+0000] {processor.py:914} INFO - Processing file /home/airflow/.local/lib/python3.12/site-packages/airflow/example_dags/example_complex.py for tasks to queue
[2024-11-25T09:49:42.398+0000] {logging_mixin.py:190} INFO - [2024-11-25T09:49:42.397+0000] {dagbag.py:588} INFO - Filling up the DagBag from /home/airflow/.local/lib/python3.12/site-packages/airflow/example_dags/example_complex.py
[2024-11-25T09:49:42.417+0000] {processor.py:925} INFO - DAG(s) 'example_complex' retrieved from /home/airflow/.local/lib/python3.12/site-packages/airflow/example_dags/example_complex.py
[2024-11-25T09:49:42.484+0000] {logging_mixin.py:190} INFO - [2024-11-25T09:49:42.484+0000] {dag.py:3239} INFO - Sync 1 DAGs
[2024-11-25T09:49:42.509+0000] {logging_mixin.py:190} INFO - [2024-11-25T09:49:42.509+0000] {dag.py:4180} INFO - Setting next_dagrun for example_complex to None, run_after=None
[2024-11-25T09:49:42.547+0000] {processor.py:208} INFO - Processing /home/airflow/.local/lib/python3.12/site-packages/airflow/example_dags/example_complex.py took 0.162 seconds
[2024-11-25T09:50:13.646+0000] {processor.py:186} INFO - Started process (PID=621) to work on /home/airflow/.local/lib/python3.12/site-packages/airflow/example_dags/example_complex.py
[2024-11-25T09:50:13.648+0000] {processor.py:914} INFO - Processing file /home/airflow/.local/lib/python3.12/site-packages/airflow/example_dags/example_complex.py for tasks to queue
[2024-11-25T09:50:13.650+0000] {logging_mixin.py:190} INFO - [2024-11-25T09:50:13.650+0000] {dagbag.py:588} INFO - Filling up the DagBag from /home/airflow/.local/lib/python3.12/site-packages/airflow/example_dags/example_complex.py
[2024-11-25T09:50:13.665+0000] {processor.py:925} INFO - DAG(s) 'example_complex' retrieved from /home/airflow/.local/lib/python3.12/site-packages/airflow/example_dags/example_complex.py
[2024-11-25T09:50:13.704+0000] {logging_mixin.py:190} INFO - [2024-11-25T09:50:13.703+0000] {dag.py:3239} INFO - Sync 1 DAGs
[2024-11-25T09:50:13.719+0000] {logging_mixin.py:190} INFO - [2024-11-25T09:50:13.719+0000] {dag.py:4180} INFO - Setting next_dagrun for example_complex to None, run_after=None
[2024-11-25T09:50:13.742+0000] {processor.py:208} INFO - Processing /home/airflow/.local/lib/python3.12/site-packages/airflow/example_dags/example_complex.py took 0.102 seconds
[2024-11-25T09:50:44.173+0000] {processor.py:186} INFO - Started process (PID=927) to work on /home/airflow/.local/lib/python3.12/site-packages/airflow/example_dags/example_complex.py
[2024-11-25T09:50:44.178+0000] {processor.py:914} INFO - Processing file /home/airflow/.local/lib/python3.12/site-packages/airflow/example_dags/example_complex.py for tasks to queue
[2024-11-25T09:50:44.180+0000] {logging_mixin.py:190} INFO - [2024-11-25T09:50:44.180+0000] {dagbag.py:588} INFO - Filling up the DagBag from /home/airflow/.local/lib/python3.12/site-packages/airflow/example_dags/example_complex.py
[2024-11-25T09:50:44.200+0000] {processor.py:925} INFO - DAG(s) 'example_complex' retrieved from /home/airflow/.local/lib/python3.12/site-packages/airflow/example_dags/example_complex.py
[2024-11-25T09:50:44.245+0000] {logging_mixin.py:190} INFO - [2024-11-25T09:50:44.245+0000] {dag.py:3239} INFO - Sync 1 DAGs
[2024-11-25T09:50:44.267+0000] {logging_mixin.py:190} INFO - [2024-11-25T09:50:44.267+0000] {dag.py:4180} INFO - Setting next_dagrun for example_complex to None, run_after=None
[2024-11-25T09:50:44.297+0000] {processor.py:208} INFO - Processing /home/airflow/.local/lib/python3.12/site-packages/airflow/example_dags/example_complex.py took 0.133 seconds
[2024-11-25T09:51:15.218+0000] {processor.py:186} INFO - Started process (PID=1233) to work on /home/airflow/.local/lib/python3.12/site-packages/airflow/example_dags/example_complex.py
[2024-11-25T09:51:15.225+0000] {processor.py:914} INFO - Processing file /home/airflow/.local/lib/python3.12/site-packages/airflow/example_dags/example_complex.py for tasks to queue
[2024-11-25T09:51:15.227+0000] {logging_mixin.py:190} INFO - [2024-11-25T09:51:15.226+0000] {dagbag.py:588} INFO - Filling up the DagBag from /home/airflow/.local/lib/python3.12/site-packages/airflow/example_dags/example_complex.py
[2024-11-25T09:51:15.244+0000] {processor.py:925} INFO - DAG(s) 'example_complex' retrieved from /home/airflow/.local/lib/python3.12/site-packages/airflow/example_dags/example_complex.py
[2024-11-25T09:51:15.291+0000] {logging_mixin.py:190} INFO - [2024-11-25T09:51:15.291+0000] {dag.py:3239} INFO - Sync 1 DAGs
[2024-11-25T09:51:15.313+0000] {logging_mixin.py:190} INFO - [2024-11-25T09:51:15.313+0000] {dag.py:4180} INFO - Setting next_dagrun for example_complex to None, run_after=None
[2024-11-25T09:51:15.345+0000] {processor.py:208} INFO - Processing /home/airflow/.local/lib/python3.12/site-packages/airflow/example_dags/example_complex.py took 0.136 seconds
[2024-11-25T09:51:45.776+0000] {processor.py:186} INFO - Started process (PID=1529) to work on /home/airflow/.local/lib/python3.12/site-packages/airflow/example_dags/example_complex.py
[2024-11-25T09:51:45.777+0000] {processor.py:914} INFO - Processing file /home/airflow/.local/lib/python3.12/site-packages/airflow/example_dags/example_complex.py for tasks to queue
[2024-11-25T09:51:45.779+0000] {logging_mixin.py:190} INFO - [2024-11-25T09:51:45.778+0000] {dagbag.py:588} INFO - Filling up the DagBag from /home/airflow/.local/lib/python3.12/site-packages/airflow/example_dags/example_complex.py
[2024-11-25T09:51:45.795+0000] {processor.py:925} INFO - DAG(s) 'example_complex' retrieved from /home/airflow/.local/lib/python3.12/site-packages/airflow/example_dags/example_complex.py
[2024-11-25T09:51:45.835+0000] {logging_mixin.py:190} INFO - [2024-11-25T09:51:45.835+0000] {dag.py:3239} INFO - Sync 1 DAGs
[2024-11-25T09:51:45.853+0000] {logging_mixin.py:190} INFO - [2024-11-25T09:51:45.852+0000] {dag.py:4180} INFO - Setting next_dagrun for example_complex to None, run_after=None
[2024-11-25T09:51:45.878+0000] {processor.py:208} INFO - Processing /home/airflow/.local/lib/python3.12/site-packages/airflow/example_dags/example_complex.py took 0.110 seconds
[2024-11-25T09:52:16.466+0000] {processor.py:186} INFO - Started process (PID=1820) to work on /home/airflow/.local/lib/python3.12/site-packages/airflow/example_dags/example_complex.py
[2024-11-25T09:52:16.469+0000] {processor.py:914} INFO - Processing file /home/airflow/.local/lib/python3.12/site-packages/airflow/example_dags/example_complex.py for tasks to queue
[2024-11-25T09:52:16.471+0000] {logging_mixin.py:190} INFO - [2024-11-25T09:52:16.470+0000] {dagbag.py:588} INFO - Filling up the DagBag from /home/airflow/.local/lib/python3.12/site-packages/airflow/example_dags/example_complex.py
[2024-11-25T09:52:16.499+0000] {processor.py:925} INFO - DAG(s) 'example_complex' retrieved from /home/airflow/.local/lib/python3.12/site-packages/airflow/example_dags/example_complex.py
[2024-11-25T09:52:16.617+0000] {logging_mixin.py:190} INFO - [2024-11-25T09:52:16.617+0000] {dag.py:3239} INFO - Sync 1 DAGs
[2024-11-25T09:52:16.649+0000] {logging_mixin.py:190} INFO - [2024-11-25T09:52:16.648+0000] {dag.py:4180} INFO - Setting next_dagrun for example_complex to None, run_after=None
[2024-11-25T09:52:16.698+0000] {processor.py:208} INFO - Processing /home/airflow/.local/lib/python3.12/site-packages/airflow/example_dags/example_complex.py took 0.244 seconds
[2024-11-25T09:52:46.790+0000] {processor.py:186} INFO - Started process (PID=2118) to work on /home/airflow/.local/lib/python3.12/site-packages/airflow/example_dags/example_complex.py
[2024-11-25T09:52:46.792+0000] {processor.py:914} INFO - Processing file /home/airflow/.local/lib/python3.12/site-packages/airflow/example_dags/example_complex.py for tasks to queue
[2024-11-25T09:52:46.795+0000] {logging_mixin.py:190} INFO - [2024-11-25T09:52:46.794+0000] {dagbag.py:588} INFO - Filling up the DagBag from /home/airflow/.local/lib/python3.12/site-packages/airflow/example_dags/example_complex.py
[2024-11-25T09:52:46.813+0000] {processor.py:925} INFO - DAG(s) 'example_complex' retrieved from /home/airflow/.local/lib/python3.12/site-packages/airflow/example_dags/example_complex.py
[2024-11-25T09:52:46.875+0000] {logging_mixin.py:190} INFO - [2024-11-25T09:52:46.874+0000] {dag.py:3239} INFO - Sync 1 DAGs
[2024-11-25T09:52:46.894+0000] {logging_mixin.py:190} INFO - [2024-11-25T09:52:46.894+0000] {dag.py:4180} INFO - Setting next_dagrun for example_complex to None, run_after=None
[2024-11-25T09:52:46.922+0000] {processor.py:208} INFO - Processing /home/airflow/.local/lib/python3.12/site-packages/airflow/example_dags/example_complex.py took 0.140 seconds
[2024-11-25T09:53:17.153+0000] {processor.py:186} INFO - Started process (PID=2412) to work on /home/airflow/.local/lib/python3.12/site-packages/airflow/example_dags/example_complex.py
[2024-11-25T09:53:17.154+0000] {processor.py:914} INFO - Processing file /home/airflow/.local/lib/python3.12/site-packages/airflow/example_dags/example_complex.py for tasks to queue
[2024-11-25T09:53:17.157+0000] {logging_mixin.py:190} INFO - [2024-11-25T09:53:17.156+0000] {dagbag.py:588} INFO - Filling up the DagBag from /home/airflow/.local/lib/python3.12/site-packages/airflow/example_dags/example_complex.py
[2024-11-25T09:53:17.173+0000] {processor.py:925} INFO - DAG(s) 'example_complex' retrieved from /home/airflow/.local/lib/python3.12/site-packages/airflow/example_dags/example_complex.py
[2024-11-25T09:53:17.214+0000] {logging_mixin.py:190} INFO - [2024-11-25T09:53:17.214+0000] {dag.py:3239} INFO - Sync 1 DAGs
[2024-11-25T09:53:17.237+0000] {logging_mixin.py:190} INFO - [2024-11-25T09:53:17.236+0000] {dag.py:4180} INFO - Setting next_dagrun for example_complex to None, run_after=None
[2024-11-25T09:53:17.260+0000] {processor.py:208} INFO - Processing /home/airflow/.local/lib/python3.12/site-packages/airflow/example_dags/example_complex.py took 0.116 seconds
[2024-11-25T09:53:48.083+0000] {processor.py:186} INFO - Started process (PID=2710) to work on /home/airflow/.local/lib/python3.12/site-packages/airflow/example_dags/example_complex.py
[2024-11-25T09:53:48.084+0000] {processor.py:914} INFO - Processing file /home/airflow/.local/lib/python3.12/site-packages/airflow/example_dags/example_complex.py for tasks to queue
[2024-11-25T09:53:48.086+0000] {logging_mixin.py:190} INFO - [2024-11-25T09:53:48.086+0000] {dagbag.py:588} INFO - Filling up the DagBag from /home/airflow/.local/lib/python3.12/site-packages/airflow/example_dags/example_complex.py
[2024-11-25T09:53:48.099+0000] {processor.py:925} INFO - DAG(s) 'example_complex' retrieved from /home/airflow/.local/lib/python3.12/site-packages/airflow/example_dags/example_complex.py
[2024-11-25T09:53:48.133+0000] {logging_mixin.py:190} INFO - [2024-11-25T09:53:48.133+0000] {dag.py:3239} INFO - Sync 1 DAGs
[2024-11-25T09:53:48.150+0000] {logging_mixin.py:190} INFO - [2024-11-25T09:53:48.150+0000] {dag.py:4180} INFO - Setting next_dagrun for example_complex to None, run_after=None
[2024-11-25T09:53:48.179+0000] {processor.py:208} INFO - Processing /home/airflow/.local/lib/python3.12/site-packages/airflow/example_dags/example_complex.py took 0.102 seconds
[2024-11-25T09:54:18.269+0000] {processor.py:186} INFO - Started process (PID=3006) to work on /home/airflow/.local/lib/python3.12/site-packages/airflow/example_dags/example_complex.py
[2024-11-25T09:54:18.270+0000] {processor.py:914} INFO - Processing file /home/airflow/.local/lib/python3.12/site-packages/airflow/example_dags/example_complex.py for tasks to queue
[2024-11-25T09:54:18.272+0000] {logging_mixin.py:190} INFO - [2024-11-25T09:54:18.271+0000] {dagbag.py:588} INFO - Filling up the DagBag from /home/airflow/.local/lib/python3.12/site-packages/airflow/example_dags/example_complex.py
[2024-11-25T09:54:18.285+0000] {processor.py:925} INFO - DAG(s) 'example_complex' retrieved from /home/airflow/.local/lib/python3.12/site-packages/airflow/example_dags/example_complex.py
[2024-11-25T09:54:18.316+0000] {logging_mixin.py:190} INFO - [2024-11-25T09:54:18.316+0000] {dag.py:3239} INFO - Sync 1 DAGs
[2024-11-25T09:54:18.332+0000] {logging_mixin.py:190} INFO - [2024-11-25T09:54:18.332+0000] {dag.py:4180} INFO - Setting next_dagrun for example_complex to None, run_after=None
[2024-11-25T09:54:18.355+0000] {processor.py:208} INFO - Processing /home/airflow/.local/lib/python3.12/site-packages/airflow/example_dags/example_complex.py took 0.092 seconds
[2024-11-25T09:54:48.742+0000] {processor.py:186} INFO - Started process (PID=3300) to work on /home/airflow/.local/lib/python3.12/site-packages/airflow/example_dags/example_complex.py
[2024-11-25T09:54:48.743+0000] {processor.py:914} INFO - Processing file /home/airflow/.local/lib/python3.12/site-packages/airflow/example_dags/example_complex.py for tasks to queue
[2024-11-25T09:54:48.745+0000] {logging_mixin.py:190} INFO - [2024-11-25T09:54:48.744+0000] {dagbag.py:588} INFO - Filling up the DagBag from /home/airflow/.local/lib/python3.12/site-packages/airflow/example_dags/example_complex.py
[2024-11-25T09:54:48.760+0000] {processor.py:925} INFO - DAG(s) 'example_complex' retrieved from /home/airflow/.local/lib/python3.12/site-packages/airflow/example_dags/example_complex.py
[2024-11-25T09:54:48.794+0000] {logging_mixin.py:190} INFO - [2024-11-25T09:54:48.794+0000] {dag.py:3239} INFO - Sync 1 DAGs
[2024-11-25T09:54:48.812+0000] {logging_mixin.py:190} INFO - [2024-11-25T09:54:48.811+0000] {dag.py:4180} INFO - Setting next_dagrun for example_complex to None, run_after=None
[2024-11-25T09:54:48.835+0000] {processor.py:208} INFO - Processing /home/airflow/.local/lib/python3.12/site-packages/airflow/example_dags/example_complex.py took 0.100 seconds
[2024-11-25T09:55:19.406+0000] {processor.py:186} INFO - Started process (PID=3598) to work on /home/airflow/.local/lib/python3.12/site-packages/airflow/example_dags/example_complex.py
[2024-11-25T09:55:19.409+0000] {processor.py:914} INFO - Processing file /home/airflow/.local/lib/python3.12/site-packages/airflow/example_dags/example_complex.py for tasks to queue
[2024-11-25T09:55:19.413+0000] {logging_mixin.py:190} INFO - [2024-11-25T09:55:19.412+0000] {dagbag.py:588} INFO - Filling up the DagBag from /home/airflow/.local/lib/python3.12/site-packages/airflow/example_dags/example_complex.py
[2024-11-25T09:55:19.442+0000] {processor.py:925} INFO - DAG(s) 'example_complex' retrieved from /home/airflow/.local/lib/python3.12/site-packages/airflow/example_dags/example_complex.py
[2024-11-25T09:55:19.531+0000] {logging_mixin.py:190} INFO - [2024-11-25T09:55:19.531+0000] {dag.py:3239} INFO - Sync 1 DAGs
[2024-11-25T09:55:19.559+0000] {logging_mixin.py:190} INFO - [2024-11-25T09:55:19.558+0000] {dag.py:4180} INFO - Setting next_dagrun for example_complex to None, run_after=None
[2024-11-25T09:55:19.590+0000] {processor.py:208} INFO - Processing /home/airflow/.local/lib/python3.12/site-packages/airflow/example_dags/example_complex.py took 0.193 seconds
[2024-11-25T09:55:50.008+0000] {processor.py:186} INFO - Started process (PID=3895) to work on /home/airflow/.local/lib/python3.12/site-packages/airflow/example_dags/example_complex.py
[2024-11-25T09:55:50.009+0000] {processor.py:914} INFO - Processing file /home/airflow/.local/lib/python3.12/site-packages/airflow/example_dags/example_complex.py for tasks to queue
[2024-11-25T09:55:50.010+0000] {logging_mixin.py:190} INFO - [2024-11-25T09:55:50.010+0000] {dagbag.py:588} INFO - Filling up the DagBag from /home/airflow/.local/lib/python3.12/site-packages/airflow/example_dags/example_complex.py
[2024-11-25T09:55:50.025+0000] {processor.py:925} INFO - DAG(s) 'example_complex' retrieved from /home/airflow/.local/lib/python3.12/site-packages/airflow/example_dags/example_complex.py
[2024-11-25T09:55:50.057+0000] {logging_mixin.py:190} INFO - [2024-11-25T09:55:50.056+0000] {dag.py:3239} INFO - Sync 1 DAGs
[2024-11-25T09:55:50.072+0000] {logging_mixin.py:190} INFO - [2024-11-25T09:55:50.072+0000] {dag.py:4180} INFO - Setting next_dagrun for example_complex to None, run_after=None
[2024-11-25T09:55:50.097+0000] {processor.py:208} INFO - Processing /home/airflow/.local/lib/python3.12/site-packages/airflow/example_dags/example_complex.py took 0.095 seconds
[2024-11-25T09:56:20.922+0000] {processor.py:186} INFO - Started process (PID=4191) to work on /home/airflow/.local/lib/python3.12/site-packages/airflow/example_dags/example_complex.py
[2024-11-25T09:56:20.923+0000] {processor.py:914} INFO - Processing file /home/airflow/.local/lib/python3.12/site-packages/airflow/example_dags/example_complex.py for tasks to queue
[2024-11-25T09:56:20.924+0000] {logging_mixin.py:190} INFO - [2024-11-25T09:56:20.924+0000] {dagbag.py:588} INFO - Filling up the DagBag from /home/airflow/.local/lib/python3.12/site-packages/airflow/example_dags/example_complex.py
[2024-11-25T09:56:20.937+0000] {processor.py:925} INFO - DAG(s) 'example_complex' retrieved from /home/airflow/.local/lib/python3.12/site-packages/airflow/example_dags/example_complex.py
[2024-11-25T09:56:20.969+0000] {logging_mixin.py:190} INFO - [2024-11-25T09:56:20.969+0000] {dag.py:3239} INFO - Sync 1 DAGs
[2024-11-25T09:56:20.986+0000] {logging_mixin.py:190} INFO - [2024-11-25T09:56:20.986+0000] {dag.py:4180} INFO - Setting next_dagrun for example_complex to None, run_after=None
[2024-11-25T09:56:21.011+0000] {processor.py:208} INFO - Processing /home/airflow/.local/lib/python3.12/site-packages/airflow/example_dags/example_complex.py took 0.096 seconds
[2024-11-25T09:56:51.566+0000] {processor.py:186} INFO - Started process (PID=4485) to work on /home/airflow/.local/lib/python3.12/site-packages/airflow/example_dags/example_complex.py
[2024-11-25T09:56:51.567+0000] {processor.py:914} INFO - Processing file /home/airflow/.local/lib/python3.12/site-packages/airflow/example_dags/example_complex.py for tasks to queue
[2024-11-25T09:56:51.569+0000] {logging_mixin.py:190} INFO - [2024-11-25T09:56:51.569+0000] {dagbag.py:588} INFO - Filling up the DagBag from /home/airflow/.local/lib/python3.12/site-packages/airflow/example_dags/example_complex.py
[2024-11-25T09:56:51.586+0000] {processor.py:925} INFO - DAG(s) 'example_complex' retrieved from /home/airflow/.local/lib/python3.12/site-packages/airflow/example_dags/example_complex.py
[2024-11-25T09:56:51.636+0000] {logging_mixin.py:190} INFO - [2024-11-25T09:56:51.636+0000] {dag.py:3239} INFO - Sync 1 DAGs
[2024-11-25T09:56:51.670+0000] {logging_mixin.py:190} INFO - [2024-11-25T09:56:51.670+0000] {dag.py:4180} INFO - Setting next_dagrun for example_complex to None, run_after=None
[2024-11-25T09:56:51.707+0000] {processor.py:208} INFO - Processing /home/airflow/.local/lib/python3.12/site-packages/airflow/example_dags/example_complex.py took 0.149 seconds
[2024-11-25T09:57:22.011+0000] {processor.py:186} INFO - Started process (PID=4788) to work on /home/airflow/.local/lib/python3.12/site-packages/airflow/example_dags/example_complex.py
[2024-11-25T09:57:22.012+0000] {processor.py:914} INFO - Processing file /home/airflow/.local/lib/python3.12/site-packages/airflow/example_dags/example_complex.py for tasks to queue
[2024-11-25T09:57:22.013+0000] {logging_mixin.py:190} INFO - [2024-11-25T09:57:22.013+0000] {dagbag.py:588} INFO - Filling up the DagBag from /home/airflow/.local/lib/python3.12/site-packages/airflow/example_dags/example_complex.py
[2024-11-25T09:57:22.028+0000] {processor.py:925} INFO - DAG(s) 'example_complex' retrieved from /home/airflow/.local/lib/python3.12/site-packages/airflow/example_dags/example_complex.py
[2024-11-25T09:57:22.061+0000] {logging_mixin.py:190} INFO - [2024-11-25T09:57:22.060+0000] {dag.py:3239} INFO - Sync 1 DAGs
[2024-11-25T09:57:22.078+0000] {logging_mixin.py:190} INFO - [2024-11-25T09:57:22.078+0000] {dag.py:4180} INFO - Setting next_dagrun for example_complex to None, run_after=None
[2024-11-25T09:57:22.102+0000] {processor.py:208} INFO - Processing /home/airflow/.local/lib/python3.12/site-packages/airflow/example_dags/example_complex.py took 0.097 seconds
[2024-11-25T09:57:52.695+0000] {processor.py:186} INFO - Started process (PID=5085) to work on /home/airflow/.local/lib/python3.12/site-packages/airflow/example_dags/example_complex.py
[2024-11-25T09:57:52.697+0000] {processor.py:914} INFO - Processing file /home/airflow/.local/lib/python3.12/site-packages/airflow/example_dags/example_complex.py for tasks to queue
[2024-11-25T09:57:52.699+0000] {logging_mixin.py:190} INFO - [2024-11-25T09:57:52.698+0000] {dagbag.py:588} INFO - Filling up the DagBag from /home/airflow/.local/lib/python3.12/site-packages/airflow/example_dags/example_complex.py
[2024-11-25T09:57:52.723+0000] {processor.py:925} INFO - DAG(s) 'example_complex' retrieved from /home/airflow/.local/lib/python3.12/site-packages/airflow/example_dags/example_complex.py
[2024-11-25T09:57:52.771+0000] {logging_mixin.py:190} INFO - [2024-11-25T09:57:52.770+0000] {dag.py:3239} INFO - Sync 1 DAGs
[2024-11-25T09:57:52.788+0000] {logging_mixin.py:190} INFO - [2024-11-25T09:57:52.788+0000] {dag.py:4180} INFO - Setting next_dagrun for example_complex to None, run_after=None
[2024-11-25T09:57:52.811+0000] {processor.py:208} INFO - Processing /home/airflow/.local/lib/python3.12/site-packages/airflow/example_dags/example_complex.py took 0.124 seconds
[2024-11-25T09:58:24.034+0000] {processor.py:186} INFO - Started process (PID=5383) to work on /home/airflow/.local/lib/python3.12/site-packages/airflow/example_dags/example_complex.py
[2024-11-25T09:58:24.035+0000] {processor.py:914} INFO - Processing file /home/airflow/.local/lib/python3.12/site-packages/airflow/example_dags/example_complex.py for tasks to queue
[2024-11-25T09:58:24.037+0000] {logging_mixin.py:190} INFO - [2024-11-25T09:58:24.036+0000] {dagbag.py:588} INFO - Filling up the DagBag from /home/airflow/.local/lib/python3.12/site-packages/airflow/example_dags/example_complex.py
[2024-11-25T09:58:24.051+0000] {processor.py:925} INFO - DAG(s) 'example_complex' retrieved from /home/airflow/.local/lib/python3.12/site-packages/airflow/example_dags/example_complex.py
[2024-11-25T09:58:24.088+0000] {logging_mixin.py:190} INFO - [2024-11-25T09:58:24.087+0000] {dag.py:3239} INFO - Sync 1 DAGs
[2024-11-25T09:58:24.105+0000] {logging_mixin.py:190} INFO - [2024-11-25T09:58:24.105+0000] {dag.py:4180} INFO - Setting next_dagrun for example_complex to None, run_after=None
[2024-11-25T09:58:24.131+0000] {processor.py:208} INFO - Processing /home/airflow/.local/lib/python3.12/site-packages/airflow/example_dags/example_complex.py took 0.104 seconds
[2024-11-25T09:58:54.383+0000] {processor.py:186} INFO - Started process (PID=5682) to work on /home/airflow/.local/lib/python3.12/site-packages/airflow/example_dags/example_complex.py
[2024-11-25T09:58:54.384+0000] {processor.py:914} INFO - Processing file /home/airflow/.local/lib/python3.12/site-packages/airflow/example_dags/example_complex.py for tasks to queue
[2024-11-25T09:58:54.385+0000] {logging_mixin.py:190} INFO - [2024-11-25T09:58:54.385+0000] {dagbag.py:588} INFO - Filling up the DagBag from /home/airflow/.local/lib/python3.12/site-packages/airflow/example_dags/example_complex.py
[2024-11-25T09:58:54.399+0000] {processor.py:925} INFO - DAG(s) 'example_complex' retrieved from /home/airflow/.local/lib/python3.12/site-packages/airflow/example_dags/example_complex.py
[2024-11-25T09:58:54.432+0000] {logging_mixin.py:190} INFO - [2024-11-25T09:58:54.432+0000] {dag.py:3239} INFO - Sync 1 DAGs
[2024-11-25T09:58:54.447+0000] {logging_mixin.py:190} INFO - [2024-11-25T09:58:54.447+0000] {dag.py:4180} INFO - Setting next_dagrun for example_complex to None, run_after=None
[2024-11-25T09:58:54.469+0000] {processor.py:208} INFO - Processing /home/airflow/.local/lib/python3.12/site-packages/airflow/example_dags/example_complex.py took 0.093 seconds
[2024-11-25T09:59:25.757+0000] {processor.py:186} INFO - Started process (PID=5978) to work on /home/airflow/.local/lib/python3.12/site-packages/airflow/example_dags/example_complex.py
[2024-11-25T09:59:25.759+0000] {processor.py:914} INFO - Processing file /home/airflow/.local/lib/python3.12/site-packages/airflow/example_dags/example_complex.py for tasks to queue
[2024-11-25T09:59:25.760+0000] {logging_mixin.py:190} INFO - [2024-11-25T09:59:25.760+0000] {dagbag.py:588} INFO - Filling up the DagBag from /home/airflow/.local/lib/python3.12/site-packages/airflow/example_dags/example_complex.py
[2024-11-25T09:59:25.774+0000] {processor.py:925} INFO - DAG(s) 'example_complex' retrieved from /home/airflow/.local/lib/python3.12/site-packages/airflow/example_dags/example_complex.py
[2024-11-25T09:59:25.807+0000] {logging_mixin.py:190} INFO - [2024-11-25T09:59:25.806+0000] {dag.py:3239} INFO - Sync 1 DAGs
[2024-11-25T09:59:25.823+0000] {logging_mixin.py:190} INFO - [2024-11-25T09:59:25.823+0000] {dag.py:4180} INFO - Setting next_dagrun for example_complex to None, run_after=None
[2024-11-25T09:59:25.845+0000] {processor.py:208} INFO - Processing /home/airflow/.local/lib/python3.12/site-packages/airflow/example_dags/example_complex.py took 0.095 seconds
[2024-11-25T09:59:56.112+0000] {processor.py:186} INFO - Started process (PID=6269) to work on /home/airflow/.local/lib/python3.12/site-packages/airflow/example_dags/example_complex.py
[2024-11-25T09:59:56.113+0000] {processor.py:914} INFO - Processing file /home/airflow/.local/lib/python3.12/site-packages/airflow/example_dags/example_complex.py for tasks to queue
[2024-11-25T09:59:56.114+0000] {logging_mixin.py:190} INFO - [2024-11-25T09:59:56.114+0000] {dagbag.py:588} INFO - Filling up the DagBag from /home/airflow/.local/lib/python3.12/site-packages/airflow/example_dags/example_complex.py
[2024-11-25T09:59:56.128+0000] {processor.py:925} INFO - DAG(s) 'example_complex' retrieved from /home/airflow/.local/lib/python3.12/site-packages/airflow/example_dags/example_complex.py
[2024-11-25T09:59:56.165+0000] {logging_mixin.py:190} INFO - [2024-11-25T09:59:56.165+0000] {dag.py:3239} INFO - Sync 1 DAGs
[2024-11-25T09:59:56.182+0000] {logging_mixin.py:190} INFO - [2024-11-25T09:59:56.182+0000] {dag.py:4180} INFO - Setting next_dagrun for example_complex to None, run_after=None
[2024-11-25T09:59:56.203+0000] {processor.py:208} INFO - Processing /home/airflow/.local/lib/python3.12/site-packages/airflow/example_dags/example_complex.py took 0.098 seconds
[2024-11-25T10:00:26.412+0000] {processor.py:186} INFO - Started process (PID=6563) to work on /home/airflow/.local/lib/python3.12/site-packages/airflow/example_dags/example_complex.py
[2024-11-25T10:00:26.413+0000] {processor.py:914} INFO - Processing file /home/airflow/.local/lib/python3.12/site-packages/airflow/example_dags/example_complex.py for tasks to queue
[2024-11-25T10:00:26.414+0000] {logging_mixin.py:190} INFO - [2024-11-25T10:00:26.414+0000] {dagbag.py:588} INFO - Filling up the DagBag from /home/airflow/.local/lib/python3.12/site-packages/airflow/example_dags/example_complex.py
[2024-11-25T10:00:26.430+0000] {processor.py:925} INFO - DAG(s) 'example_complex' retrieved from /home/airflow/.local/lib/python3.12/site-packages/airflow/example_dags/example_complex.py
[2024-11-25T10:00:26.470+0000] {logging_mixin.py:190} INFO - [2024-11-25T10:00:26.470+0000] {dag.py:3239} INFO - Sync 1 DAGs
[2024-11-25T10:00:26.489+0000] {logging_mixin.py:190} INFO - [2024-11-25T10:00:26.488+0000] {dag.py:4180} INFO - Setting next_dagrun for example_complex to None, run_after=None
[2024-11-25T10:00:26.517+0000] {processor.py:208} INFO - Processing /home/airflow/.local/lib/python3.12/site-packages/airflow/example_dags/example_complex.py took 0.113 seconds
[2024-11-25T10:00:58.136+0000] {processor.py:186} INFO - Started process (PID=6814) to work on /home/airflow/.local/lib/python3.12/site-packages/airflow/example_dags/example_complex.py
[2024-11-25T10:00:58.137+0000] {processor.py:914} INFO - Processing file /home/airflow/.local/lib/python3.12/site-packages/airflow/example_dags/example_complex.py for tasks to queue
[2024-11-25T10:00:58.138+0000] {logging_mixin.py:190} INFO - [2024-11-25T10:00:58.138+0000] {dagbag.py:588} INFO - Filling up the DagBag from /home/airflow/.local/lib/python3.12/site-packages/airflow/example_dags/example_complex.py
[2024-11-25T10:00:58.152+0000] {processor.py:925} INFO - DAG(s) 'example_complex' retrieved from /home/airflow/.local/lib/python3.12/site-packages/airflow/example_dags/example_complex.py
[2024-11-25T10:00:58.196+0000] {logging_mixin.py:190} INFO - [2024-11-25T10:00:58.196+0000] {dag.py:3239} INFO - Sync 1 DAGs
[2024-11-25T10:00:58.229+0000] {logging_mixin.py:190} INFO - [2024-11-25T10:00:58.229+0000] {dag.py:4180} INFO - Setting next_dagrun for example_complex to None, run_after=None
[2024-11-25T10:00:58.262+0000] {processor.py:208} INFO - Processing /home/airflow/.local/lib/python3.12/site-packages/airflow/example_dags/example_complex.py took 0.135 seconds
[2024-11-25T10:01:28.653+0000] {processor.py:186} INFO - Started process (PID=7105) to work on /home/airflow/.local/lib/python3.12/site-packages/airflow/example_dags/example_complex.py
[2024-11-25T10:01:28.655+0000] {processor.py:914} INFO - Processing file /home/airflow/.local/lib/python3.12/site-packages/airflow/example_dags/example_complex.py for tasks to queue
[2024-11-25T10:01:28.657+0000] {logging_mixin.py:190} INFO - [2024-11-25T10:01:28.656+0000] {dagbag.py:588} INFO - Filling up the DagBag from /home/airflow/.local/lib/python3.12/site-packages/airflow/example_dags/example_complex.py
[2024-11-25T10:01:28.673+0000] {processor.py:925} INFO - DAG(s) 'example_complex' retrieved from /home/airflow/.local/lib/python3.12/site-packages/airflow/example_dags/example_complex.py
[2024-11-25T10:01:28.726+0000] {logging_mixin.py:190} INFO - [2024-11-25T10:01:28.725+0000] {dag.py:3239} INFO - Sync 1 DAGs
[2024-11-25T10:01:28.755+0000] {logging_mixin.py:190} INFO - [2024-11-25T10:01:28.754+0000] {dag.py:4180} INFO - Setting next_dagrun for example_complex to None, run_after=None
[2024-11-25T10:01:28.787+0000] {processor.py:208} INFO - Processing /home/airflow/.local/lib/python3.12/site-packages/airflow/example_dags/example_complex.py took 0.143 seconds
[2024-11-25T10:01:59.721+0000] {processor.py:186} INFO - Started process (PID=7398) to work on /home/airflow/.local/lib/python3.12/site-packages/airflow/example_dags/example_complex.py
[2024-11-25T10:01:59.723+0000] {processor.py:914} INFO - Processing file /home/airflow/.local/lib/python3.12/site-packages/airflow/example_dags/example_complex.py for tasks to queue
[2024-11-25T10:01:59.725+0000] {logging_mixin.py:190} INFO - [2024-11-25T10:01:59.724+0000] {dagbag.py:588} INFO - Filling up the DagBag from /home/airflow/.local/lib/python3.12/site-packages/airflow/example_dags/example_complex.py
[2024-11-25T10:01:59.742+0000] {processor.py:925} INFO - DAG(s) 'example_complex' retrieved from /home/airflow/.local/lib/python3.12/site-packages/airflow/example_dags/example_complex.py
[2024-11-25T10:01:59.789+0000] {logging_mixin.py:190} INFO - [2024-11-25T10:01:59.789+0000] {dag.py:3239} INFO - Sync 1 DAGs
[2024-11-25T10:01:59.812+0000] {logging_mixin.py:190} INFO - [2024-11-25T10:01:59.811+0000] {dag.py:4180} INFO - Setting next_dagrun for example_complex to None, run_after=None
[2024-11-25T10:01:59.843+0000] {processor.py:208} INFO - Processing /home/airflow/.local/lib/python3.12/site-packages/airflow/example_dags/example_complex.py took 0.131 seconds
[2024-11-25T10:02:30.210+0000] {processor.py:186} INFO - Started process (PID=7694) to work on /home/airflow/.local/lib/python3.12/site-packages/airflow/example_dags/example_complex.py
[2024-11-25T10:02:30.211+0000] {processor.py:914} INFO - Processing file /home/airflow/.local/lib/python3.12/site-packages/airflow/example_dags/example_complex.py for tasks to queue
[2024-11-25T10:02:30.213+0000] {logging_mixin.py:190} INFO - [2024-11-25T10:02:30.212+0000] {dagbag.py:588} INFO - Filling up the DagBag from /home/airflow/.local/lib/python3.12/site-packages/airflow/example_dags/example_complex.py
[2024-11-25T10:02:30.229+0000] {processor.py:925} INFO - DAG(s) 'example_complex' retrieved from /home/airflow/.local/lib/python3.12/site-packages/airflow/example_dags/example_complex.py
[2024-11-25T10:02:30.271+0000] {logging_mixin.py:190} INFO - [2024-11-25T10:02:30.271+0000] {dag.py:3239} INFO - Sync 1 DAGs
[2024-11-25T10:02:30.290+0000] {logging_mixin.py:190} INFO - [2024-11-25T10:02:30.290+0000] {dag.py:4180} INFO - Setting next_dagrun for example_complex to None, run_after=None
[2024-11-25T10:02:30.320+0000] {processor.py:208} INFO - Processing /home/airflow/.local/lib/python3.12/site-packages/airflow/example_dags/example_complex.py took 0.118 seconds
[2024-11-25T10:03:00.545+0000] {processor.py:186} INFO - Started process (PID=8003) to work on /home/airflow/.local/lib/python3.12/site-packages/airflow/example_dags/example_complex.py
[2024-11-25T10:03:00.547+0000] {processor.py:914} INFO - Processing file /home/airflow/.local/lib/python3.12/site-packages/airflow/example_dags/example_complex.py for tasks to queue
[2024-11-25T10:03:00.548+0000] {logging_mixin.py:190} INFO - [2024-11-25T10:03:00.548+0000] {dagbag.py:588} INFO - Filling up the DagBag from /home/airflow/.local/lib/python3.12/site-packages/airflow/example_dags/example_complex.py
[2024-11-25T10:03:00.565+0000] {processor.py:925} INFO - DAG(s) 'example_complex' retrieved from /home/airflow/.local/lib/python3.12/site-packages/airflow/example_dags/example_complex.py
[2024-11-25T10:03:00.619+0000] {logging_mixin.py:190} INFO - [2024-11-25T10:03:00.619+0000] {dag.py:3239} INFO - Sync 1 DAGs
[2024-11-25T10:03:00.663+0000] {logging_mixin.py:190} INFO - [2024-11-25T10:03:00.663+0000] {dag.py:4180} INFO - Setting next_dagrun for example_complex to None, run_after=None
[2024-11-25T10:03:00.738+0000] {processor.py:208} INFO - Processing /home/airflow/.local/lib/python3.12/site-packages/airflow/example_dags/example_complex.py took 0.200 seconds
[2024-11-25T10:03:31.757+0000] {processor.py:186} INFO - Started process (PID=8299) to work on /home/airflow/.local/lib/python3.12/site-packages/airflow/example_dags/example_complex.py
[2024-11-25T10:03:31.758+0000] {processor.py:914} INFO - Processing file /home/airflow/.local/lib/python3.12/site-packages/airflow/example_dags/example_complex.py for tasks to queue
[2024-11-25T10:03:31.760+0000] {logging_mixin.py:190} INFO - [2024-11-25T10:03:31.760+0000] {dagbag.py:588} INFO - Filling up the DagBag from /home/airflow/.local/lib/python3.12/site-packages/airflow/example_dags/example_complex.py
[2024-11-25T10:03:31.778+0000] {processor.py:925} INFO - DAG(s) 'example_complex' retrieved from /home/airflow/.local/lib/python3.12/site-packages/airflow/example_dags/example_complex.py
[2024-11-25T10:03:31.824+0000] {logging_mixin.py:190} INFO - [2024-11-25T10:03:31.824+0000] {dag.py:3239} INFO - Sync 1 DAGs
[2024-11-25T10:03:31.847+0000] {logging_mixin.py:190} INFO - [2024-11-25T10:03:31.847+0000] {dag.py:4180} INFO - Setting next_dagrun for example_complex to None, run_after=None
[2024-11-25T10:03:31.877+0000] {processor.py:208} INFO - Processing /home/airflow/.local/lib/python3.12/site-packages/airflow/example_dags/example_complex.py took 0.130 seconds
[2024-11-25T10:04:02.023+0000] {processor.py:186} INFO - Started process (PID=8598) to work on /home/airflow/.local/lib/python3.12/site-packages/airflow/example_dags/example_complex.py
[2024-11-25T10:04:02.025+0000] {processor.py:914} INFO - Processing file /home/airflow/.local/lib/python3.12/site-packages/airflow/example_dags/example_complex.py for tasks to queue
[2024-11-25T10:04:02.027+0000] {logging_mixin.py:190} INFO - [2024-11-25T10:04:02.027+0000] {dagbag.py:588} INFO - Filling up the DagBag from /home/airflow/.local/lib/python3.12/site-packages/airflow/example_dags/example_complex.py
[2024-11-25T10:04:02.043+0000] {processor.py:925} INFO - DAG(s) 'example_complex' retrieved from /home/airflow/.local/lib/python3.12/site-packages/airflow/example_dags/example_complex.py
[2024-11-25T10:04:02.083+0000] {logging_mixin.py:190} INFO - [2024-11-25T10:04:02.083+0000] {dag.py:3239} INFO - Sync 1 DAGs
[2024-11-25T10:04:02.103+0000] {logging_mixin.py:190} INFO - [2024-11-25T10:04:02.103+0000] {dag.py:4180} INFO - Setting next_dagrun for example_complex to None, run_after=None
[2024-11-25T10:04:02.131+0000] {processor.py:208} INFO - Processing /home/airflow/.local/lib/python3.12/site-packages/airflow/example_dags/example_complex.py took 0.114 seconds
[2024-11-25T10:04:32.846+0000] {processor.py:186} INFO - Started process (PID=8900) to work on /home/airflow/.local/lib/python3.12/site-packages/airflow/example_dags/example_complex.py
[2024-11-25T10:04:32.848+0000] {processor.py:914} INFO - Processing file /home/airflow/.local/lib/python3.12/site-packages/airflow/example_dags/example_complex.py for tasks to queue
[2024-11-25T10:04:32.852+0000] {logging_mixin.py:190} INFO - [2024-11-25T10:04:32.851+0000] {dagbag.py:588} INFO - Filling up the DagBag from /home/airflow/.local/lib/python3.12/site-packages/airflow/example_dags/example_complex.py
[2024-11-25T10:04:32.872+0000] {processor.py:925} INFO - DAG(s) 'example_complex' retrieved from /home/airflow/.local/lib/python3.12/site-packages/airflow/example_dags/example_complex.py
[2024-11-25T10:04:32.938+0000] {logging_mixin.py:190} INFO - [2024-11-25T10:04:32.937+0000] {dag.py:3239} INFO - Sync 1 DAGs
[2024-11-25T10:04:32.961+0000] {logging_mixin.py:190} INFO - [2024-11-25T10:04:32.961+0000] {dag.py:4180} INFO - Setting next_dagrun for example_complex to None, run_after=None
[2024-11-25T10:04:32.984+0000] {processor.py:208} INFO - Processing /home/airflow/.local/lib/python3.12/site-packages/airflow/example_dags/example_complex.py took 0.154 seconds
[2024-11-25T10:05:03.196+0000] {processor.py:186} INFO - Started process (PID=9196) to work on /home/airflow/.local/lib/python3.12/site-packages/airflow/example_dags/example_complex.py
[2024-11-25T10:05:03.199+0000] {processor.py:914} INFO - Processing file /home/airflow/.local/lib/python3.12/site-packages/airflow/example_dags/example_complex.py for tasks to queue
[2024-11-25T10:05:03.202+0000] {logging_mixin.py:190} INFO - [2024-11-25T10:05:03.202+0000] {dagbag.py:588} INFO - Filling up the DagBag from /home/airflow/.local/lib/python3.12/site-packages/airflow/example_dags/example_complex.py
[2024-11-25T10:05:03.237+0000] {processor.py:925} INFO - DAG(s) 'example_complex' retrieved from /home/airflow/.local/lib/python3.12/site-packages/airflow/example_dags/example_complex.py
[2024-11-25T10:05:03.299+0000] {logging_mixin.py:190} INFO - [2024-11-25T10:05:03.298+0000] {dag.py:3239} INFO - Sync 1 DAGs
[2024-11-25T10:05:03.341+0000] {logging_mixin.py:190} INFO - [2024-11-25T10:05:03.340+0000] {dag.py:4180} INFO - Setting next_dagrun for example_complex to None, run_after=None
[2024-11-25T10:05:03.368+0000] {processor.py:208} INFO - Processing /home/airflow/.local/lib/python3.12/site-packages/airflow/example_dags/example_complex.py took 0.187 seconds
[2024-11-25T10:05:33.647+0000] {processor.py:186} INFO - Started process (PID=9492) to work on /home/airflow/.local/lib/python3.12/site-packages/airflow/example_dags/example_complex.py
[2024-11-25T10:05:33.651+0000] {processor.py:914} INFO - Processing file /home/airflow/.local/lib/python3.12/site-packages/airflow/example_dags/example_complex.py for tasks to queue
[2024-11-25T10:05:33.655+0000] {logging_mixin.py:190} INFO - [2024-11-25T10:05:33.654+0000] {dagbag.py:588} INFO - Filling up the DagBag from /home/airflow/.local/lib/python3.12/site-packages/airflow/example_dags/example_complex.py
[2024-11-25T10:05:33.695+0000] {processor.py:925} INFO - DAG(s) 'example_complex' retrieved from /home/airflow/.local/lib/python3.12/site-packages/airflow/example_dags/example_complex.py
[2024-11-25T10:05:33.762+0000] {logging_mixin.py:190} INFO - [2024-11-25T10:05:33.762+0000] {dag.py:3239} INFO - Sync 1 DAGs
[2024-11-25T10:05:33.796+0000] {logging_mixin.py:190} INFO - [2024-11-25T10:05:33.795+0000] {dag.py:4180} INFO - Setting next_dagrun for example_complex to None, run_after=None
[2024-11-25T10:05:33.860+0000] {processor.py:208} INFO - Processing /home/airflow/.local/lib/python3.12/site-packages/airflow/example_dags/example_complex.py took 0.234 seconds
[2024-11-25T10:06:04.461+0000] {processor.py:186} INFO - Started process (PID=9798) to work on /home/airflow/.local/lib/python3.12/site-packages/airflow/example_dags/example_complex.py
[2024-11-25T10:06:04.462+0000] {processor.py:914} INFO - Processing file /home/airflow/.local/lib/python3.12/site-packages/airflow/example_dags/example_complex.py for tasks to queue
[2024-11-25T10:06:04.463+0000] {logging_mixin.py:190} INFO - [2024-11-25T10:06:04.463+0000] {dagbag.py:588} INFO - Filling up the DagBag from /home/airflow/.local/lib/python3.12/site-packages/airflow/example_dags/example_complex.py
[2024-11-25T10:06:04.478+0000] {processor.py:925} INFO - DAG(s) 'example_complex' retrieved from /home/airflow/.local/lib/python3.12/site-packages/airflow/example_dags/example_complex.py
[2024-11-25T10:06:04.515+0000] {logging_mixin.py:190} INFO - [2024-11-25T10:06:04.514+0000] {dag.py:3239} INFO - Sync 1 DAGs
[2024-11-25T10:06:04.532+0000] {logging_mixin.py:190} INFO - [2024-11-25T10:06:04.532+0000] {dag.py:4180} INFO - Setting next_dagrun for example_complex to None, run_after=None
[2024-11-25T10:06:04.557+0000] {processor.py:208} INFO - Processing /home/airflow/.local/lib/python3.12/site-packages/airflow/example_dags/example_complex.py took 0.102 seconds
[2024-11-25T10:06:35.491+0000] {processor.py:186} INFO - Started process (PID=10094) to work on /home/airflow/.local/lib/python3.12/site-packages/airflow/example_dags/example_complex.py
[2024-11-25T10:06:35.492+0000] {processor.py:914} INFO - Processing file /home/airflow/.local/lib/python3.12/site-packages/airflow/example_dags/example_complex.py for tasks to queue
[2024-11-25T10:06:35.494+0000] {logging_mixin.py:190} INFO - [2024-11-25T10:06:35.494+0000] {dagbag.py:588} INFO - Filling up the DagBag from /home/airflow/.local/lib/python3.12/site-packages/airflow/example_dags/example_complex.py
[2024-11-25T10:06:35.509+0000] {processor.py:925} INFO - DAG(s) 'example_complex' retrieved from /home/airflow/.local/lib/python3.12/site-packages/airflow/example_dags/example_complex.py
[2024-11-25T10:06:35.543+0000] {logging_mixin.py:190} INFO - [2024-11-25T10:06:35.543+0000] {dag.py:3239} INFO - Sync 1 DAGs
[2024-11-25T10:06:35.559+0000] {logging_mixin.py:190} INFO - [2024-11-25T10:06:35.559+0000] {dag.py:4180} INFO - Setting next_dagrun for example_complex to None, run_after=None
[2024-11-25T10:06:35.588+0000] {processor.py:208} INFO - Processing /home/airflow/.local/lib/python3.12/site-packages/airflow/example_dags/example_complex.py took 0.103 seconds
[2024-11-25T10:07:06.216+0000] {processor.py:186} INFO - Started process (PID=10390) to work on /home/airflow/.local/lib/python3.12/site-packages/airflow/example_dags/example_complex.py
[2024-11-25T10:07:06.218+0000] {processor.py:914} INFO - Processing file /home/airflow/.local/lib/python3.12/site-packages/airflow/example_dags/example_complex.py for tasks to queue
[2024-11-25T10:07:06.219+0000] {logging_mixin.py:190} INFO - [2024-11-25T10:07:06.219+0000] {dagbag.py:588} INFO - Filling up the DagBag from /home/airflow/.local/lib/python3.12/site-packages/airflow/example_dags/example_complex.py
[2024-11-25T10:07:06.233+0000] {processor.py:925} INFO - DAG(s) 'example_complex' retrieved from /home/airflow/.local/lib/python3.12/site-packages/airflow/example_dags/example_complex.py
[2024-11-25T10:07:06.271+0000] {logging_mixin.py:190} INFO - [2024-11-25T10:07:06.271+0000] {dag.py:3239} INFO - Sync 1 DAGs
[2024-11-25T10:07:06.289+0000] {logging_mixin.py:190} INFO - [2024-11-25T10:07:06.288+0000] {dag.py:4180} INFO - Setting next_dagrun for example_complex to None, run_after=None
[2024-11-25T10:07:06.313+0000] {processor.py:208} INFO - Processing /home/airflow/.local/lib/python3.12/site-packages/airflow/example_dags/example_complex.py took 0.105 seconds
[2024-11-25T10:07:36.970+0000] {processor.py:186} INFO - Started process (PID=10686) to work on /home/airflow/.local/lib/python3.12/site-packages/airflow/example_dags/example_complex.py
[2024-11-25T10:07:36.972+0000] {processor.py:914} INFO - Processing file /home/airflow/.local/lib/python3.12/site-packages/airflow/example_dags/example_complex.py for tasks to queue
[2024-11-25T10:07:36.973+0000] {logging_mixin.py:190} INFO - [2024-11-25T10:07:36.973+0000] {dagbag.py:588} INFO - Filling up the DagBag from /home/airflow/.local/lib/python3.12/site-packages/airflow/example_dags/example_complex.py
[2024-11-25T10:07:36.988+0000] {processor.py:925} INFO - DAG(s) 'example_complex' retrieved from /home/airflow/.local/lib/python3.12/site-packages/airflow/example_dags/example_complex.py
[2024-11-25T10:07:37.026+0000] {logging_mixin.py:190} INFO - [2024-11-25T10:07:37.025+0000] {dag.py:3239} INFO - Sync 1 DAGs
[2024-11-25T10:07:37.044+0000] {logging_mixin.py:190} INFO - [2024-11-25T10:07:37.043+0000] {dag.py:4180} INFO - Setting next_dagrun for example_complex to None, run_after=None
[2024-11-25T10:07:37.069+0000] {processor.py:208} INFO - Processing /home/airflow/.local/lib/python3.12/site-packages/airflow/example_dags/example_complex.py took 0.105 seconds
[2024-11-25T10:08:07.761+0000] {processor.py:186} INFO - Started process (PID=10982) to work on /home/airflow/.local/lib/python3.12/site-packages/airflow/example_dags/example_complex.py
[2024-11-25T10:08:07.763+0000] {processor.py:914} INFO - Processing file /home/airflow/.local/lib/python3.12/site-packages/airflow/example_dags/example_complex.py for tasks to queue
[2024-11-25T10:08:07.764+0000] {logging_mixin.py:190} INFO - [2024-11-25T10:08:07.764+0000] {dagbag.py:588} INFO - Filling up the DagBag from /home/airflow/.local/lib/python3.12/site-packages/airflow/example_dags/example_complex.py
[2024-11-25T10:08:07.785+0000] {processor.py:925} INFO - DAG(s) 'example_complex' retrieved from /home/airflow/.local/lib/python3.12/site-packages/airflow/example_dags/example_complex.py
[2024-11-25T10:08:07.823+0000] {logging_mixin.py:190} INFO - [2024-11-25T10:08:07.822+0000] {dag.py:3239} INFO - Sync 1 DAGs
[2024-11-25T10:08:07.842+0000] {logging_mixin.py:190} INFO - [2024-11-25T10:08:07.842+0000] {dag.py:4180} INFO - Setting next_dagrun for example_complex to None, run_after=None
[2024-11-25T10:08:07.870+0000] {processor.py:208} INFO - Processing /home/airflow/.local/lib/python3.12/site-packages/airflow/example_dags/example_complex.py took 0.115 seconds
[2024-11-25T10:08:38.736+0000] {processor.py:186} INFO - Started process (PID=11278) to work on /home/airflow/.local/lib/python3.12/site-packages/airflow/example_dags/example_complex.py
[2024-11-25T10:08:38.738+0000] {processor.py:914} INFO - Processing file /home/airflow/.local/lib/python3.12/site-packages/airflow/example_dags/example_complex.py for tasks to queue
[2024-11-25T10:08:38.739+0000] {logging_mixin.py:190} INFO - [2024-11-25T10:08:38.739+0000] {dagbag.py:588} INFO - Filling up the DagBag from /home/airflow/.local/lib/python3.12/site-packages/airflow/example_dags/example_complex.py
[2024-11-25T10:08:38.755+0000] {processor.py:925} INFO - DAG(s) 'example_complex' retrieved from /home/airflow/.local/lib/python3.12/site-packages/airflow/example_dags/example_complex.py
[2024-11-25T10:08:38.797+0000] {logging_mixin.py:190} INFO - [2024-11-25T10:08:38.796+0000] {dag.py:3239} INFO - Sync 1 DAGs
[2024-11-25T10:08:38.814+0000] {logging_mixin.py:190} INFO - [2024-11-25T10:08:38.813+0000] {dag.py:4180} INFO - Setting next_dagrun for example_complex to None, run_after=None
[2024-11-25T10:08:38.837+0000] {processor.py:208} INFO - Processing /home/airflow/.local/lib/python3.12/site-packages/airflow/example_dags/example_complex.py took 0.107 seconds
[2024-11-25T10:09:09.558+0000] {processor.py:186} INFO - Started process (PID=11577) to work on /home/airflow/.local/lib/python3.12/site-packages/airflow/example_dags/example_complex.py
[2024-11-25T10:09:09.559+0000] {processor.py:914} INFO - Processing file /home/airflow/.local/lib/python3.12/site-packages/airflow/example_dags/example_complex.py for tasks to queue
[2024-11-25T10:09:09.561+0000] {logging_mixin.py:190} INFO - [2024-11-25T10:09:09.561+0000] {dagbag.py:588} INFO - Filling up the DagBag from /home/airflow/.local/lib/python3.12/site-packages/airflow/example_dags/example_complex.py
[2024-11-25T10:09:09.576+0000] {processor.py:925} INFO - DAG(s) 'example_complex' retrieved from /home/airflow/.local/lib/python3.12/site-packages/airflow/example_dags/example_complex.py
[2024-11-25T10:09:09.614+0000] {logging_mixin.py:190} INFO - [2024-11-25T10:09:09.613+0000] {dag.py:3239} INFO - Sync 1 DAGs
[2024-11-25T10:09:09.631+0000] {logging_mixin.py:190} INFO - [2024-11-25T10:09:09.631+0000] {dag.py:4180} INFO - Setting next_dagrun for example_complex to None, run_after=None
[2024-11-25T10:09:09.661+0000] {processor.py:208} INFO - Processing /home/airflow/.local/lib/python3.12/site-packages/airflow/example_dags/example_complex.py took 0.111 seconds
[2024-11-25T10:09:39.978+0000] {processor.py:186} INFO - Started process (PID=11873) to work on /home/airflow/.local/lib/python3.12/site-packages/airflow/example_dags/example_complex.py
[2024-11-25T10:09:39.979+0000] {processor.py:914} INFO - Processing file /home/airflow/.local/lib/python3.12/site-packages/airflow/example_dags/example_complex.py for tasks to queue
[2024-11-25T10:09:39.980+0000] {logging_mixin.py:190} INFO - [2024-11-25T10:09:39.980+0000] {dagbag.py:588} INFO - Filling up the DagBag from /home/airflow/.local/lib/python3.12/site-packages/airflow/example_dags/example_complex.py
[2024-11-25T10:09:39.995+0000] {processor.py:925} INFO - DAG(s) 'example_complex' retrieved from /home/airflow/.local/lib/python3.12/site-packages/airflow/example_dags/example_complex.py
[2024-11-25T10:09:40.039+0000] {logging_mixin.py:190} INFO - [2024-11-25T10:09:40.038+0000] {dag.py:3239} INFO - Sync 1 DAGs
[2024-11-25T10:09:40.056+0000] {logging_mixin.py:190} INFO - [2024-11-25T10:09:40.055+0000] {dag.py:4180} INFO - Setting next_dagrun for example_complex to None, run_after=None
[2024-11-25T10:09:40.081+0000] {processor.py:208} INFO - Processing /home/airflow/.local/lib/python3.12/site-packages/airflow/example_dags/example_complex.py took 0.110 seconds
[2024-11-25T10:10:10.846+0000] {processor.py:186} INFO - Started process (PID=12172) to work on /home/airflow/.local/lib/python3.12/site-packages/airflow/example_dags/example_complex.py
[2024-11-25T10:10:10.847+0000] {processor.py:914} INFO - Processing file /home/airflow/.local/lib/python3.12/site-packages/airflow/example_dags/example_complex.py for tasks to queue
[2024-11-25T10:10:10.848+0000] {logging_mixin.py:190} INFO - [2024-11-25T10:10:10.848+0000] {dagbag.py:588} INFO - Filling up the DagBag from /home/airflow/.local/lib/python3.12/site-packages/airflow/example_dags/example_complex.py
[2024-11-25T10:10:10.863+0000] {processor.py:925} INFO - DAG(s) 'example_complex' retrieved from /home/airflow/.local/lib/python3.12/site-packages/airflow/example_dags/example_complex.py
[2024-11-25T10:10:10.902+0000] {logging_mixin.py:190} INFO - [2024-11-25T10:10:10.901+0000] {dag.py:3239} INFO - Sync 1 DAGs
[2024-11-25T10:10:10.922+0000] {logging_mixin.py:190} INFO - [2024-11-25T10:10:10.922+0000] {dag.py:4180} INFO - Setting next_dagrun for example_complex to None, run_after=None
[2024-11-25T10:10:10.953+0000] {processor.py:208} INFO - Processing /home/airflow/.local/lib/python3.12/site-packages/airflow/example_dags/example_complex.py took 0.115 seconds
[2024-11-25T10:10:41.689+0000] {processor.py:186} INFO - Started process (PID=12466) to work on /home/airflow/.local/lib/python3.12/site-packages/airflow/example_dags/example_complex.py
[2024-11-25T10:10:41.690+0000] {processor.py:914} INFO - Processing file /home/airflow/.local/lib/python3.12/site-packages/airflow/example_dags/example_complex.py for tasks to queue
[2024-11-25T10:10:41.692+0000] {logging_mixin.py:190} INFO - [2024-11-25T10:10:41.692+0000] {dagbag.py:588} INFO - Filling up the DagBag from /home/airflow/.local/lib/python3.12/site-packages/airflow/example_dags/example_complex.py
[2024-11-25T10:10:41.714+0000] {processor.py:925} INFO - DAG(s) 'example_complex' retrieved from /home/airflow/.local/lib/python3.12/site-packages/airflow/example_dags/example_complex.py
[2024-11-25T10:10:41.769+0000] {logging_mixin.py:190} INFO - [2024-11-25T10:10:41.769+0000] {dag.py:3239} INFO - Sync 1 DAGs
[2024-11-25T10:10:41.792+0000] {logging_mixin.py:190} INFO - [2024-11-25T10:10:41.792+0000] {dag.py:4180} INFO - Setting next_dagrun for example_complex to None, run_after=None
[2024-11-25T10:10:41.822+0000] {processor.py:208} INFO - Processing /home/airflow/.local/lib/python3.12/site-packages/airflow/example_dags/example_complex.py took 0.142 seconds
[2024-11-25T10:11:12.670+0000] {processor.py:186} INFO - Started process (PID=12759) to work on /home/airflow/.local/lib/python3.12/site-packages/airflow/example_dags/example_complex.py
[2024-11-25T10:11:12.672+0000] {processor.py:914} INFO - Processing file /home/airflow/.local/lib/python3.12/site-packages/airflow/example_dags/example_complex.py for tasks to queue
[2024-11-25T10:11:12.673+0000] {logging_mixin.py:190} INFO - [2024-11-25T10:11:12.673+0000] {dagbag.py:588} INFO - Filling up the DagBag from /home/airflow/.local/lib/python3.12/site-packages/airflow/example_dags/example_complex.py
[2024-11-25T10:11:12.692+0000] {processor.py:925} INFO - DAG(s) 'example_complex' retrieved from /home/airflow/.local/lib/python3.12/site-packages/airflow/example_dags/example_complex.py
[2024-11-25T10:11:12.731+0000] {logging_mixin.py:190} INFO - [2024-11-25T10:11:12.730+0000] {dag.py:3239} INFO - Sync 1 DAGs
[2024-11-25T10:11:12.749+0000] {logging_mixin.py:190} INFO - [2024-11-25T10:11:12.748+0000] {dag.py:4180} INFO - Setting next_dagrun for example_complex to None, run_after=None
[2024-11-25T10:11:12.772+0000] {processor.py:208} INFO - Processing /home/airflow/.local/lib/python3.12/site-packages/airflow/example_dags/example_complex.py took 0.108 seconds
