[2024-11-25T09:49:36.741+0000] {processor.py:186} INFO - Started process (PID=235) to work on /home/airflow/.local/lib/python3.12/site-packages/airflow/example_dags/example_sensors.py
[2024-11-25T09:49:36.743+0000] {processor.py:914} INFO - Processing file /home/airflow/.local/lib/python3.12/site-packages/airflow/example_dags/example_sensors.py for tasks to queue
[2024-11-25T09:49:36.749+0000] {logging_mixin.py:190} INFO - [2024-11-25T09:49:36.748+0000] {dagbag.py:588} INFO - Filling up the DagBag from /home/airflow/.local/lib/python3.12/site-packages/airflow/example_dags/example_sensors.py
[2024-11-25T09:49:36.779+0000] {processor.py:925} INFO - DAG(s) 'example_sensors' retrieved from /home/airflow/.local/lib/python3.12/site-packages/airflow/example_dags/example_sensors.py
[2024-11-25T09:49:36.863+0000] {logging_mixin.py:190} INFO - [2024-11-25T09:49:36.862+0000] {dag.py:3239} INFO - Sync 1 DAGs
[2024-11-25T09:49:36.906+0000] {logging_mixin.py:190} INFO - [2024-11-25T09:49:36.906+0000] {dag.py:4180} INFO - Setting next_dagrun for example_sensors to None, run_after=None
[2024-11-25T09:49:36.955+0000] {processor.py:208} INFO - Processing /home/airflow/.local/lib/python3.12/site-packages/airflow/example_dags/example_sensors.py took 0.228 seconds
[2024-11-25T09:50:07.062+0000] {processor.py:186} INFO - Started process (PID=528) to work on /home/airflow/.local/lib/python3.12/site-packages/airflow/example_dags/example_sensors.py
[2024-11-25T09:50:07.063+0000] {processor.py:914} INFO - Processing file /home/airflow/.local/lib/python3.12/site-packages/airflow/example_dags/example_sensors.py for tasks to queue
[2024-11-25T09:50:07.065+0000] {logging_mixin.py:190} INFO - [2024-11-25T09:50:07.065+0000] {dagbag.py:588} INFO - Filling up the DagBag from /home/airflow/.local/lib/python3.12/site-packages/airflow/example_dags/example_sensors.py
[2024-11-25T09:50:07.079+0000] {processor.py:925} INFO - DAG(s) 'example_sensors' retrieved from /home/airflow/.local/lib/python3.12/site-packages/airflow/example_dags/example_sensors.py
[2024-11-25T09:50:07.111+0000] {logging_mixin.py:190} INFO - [2024-11-25T09:50:07.111+0000] {dag.py:3239} INFO - Sync 1 DAGs
[2024-11-25T09:50:07.133+0000] {logging_mixin.py:190} INFO - [2024-11-25T09:50:07.132+0000] {dag.py:4180} INFO - Setting next_dagrun for example_sensors to None, run_after=None
[2024-11-25T09:50:07.167+0000] {processor.py:208} INFO - Processing /home/airflow/.local/lib/python3.12/site-packages/airflow/example_dags/example_sensors.py took 0.111 seconds
[2024-11-25T09:50:37.439+0000] {processor.py:186} INFO - Started process (PID=824) to work on /home/airflow/.local/lib/python3.12/site-packages/airflow/example_dags/example_sensors.py
[2024-11-25T09:50:37.440+0000] {processor.py:914} INFO - Processing file /home/airflow/.local/lib/python3.12/site-packages/airflow/example_dags/example_sensors.py for tasks to queue
[2024-11-25T09:50:37.442+0000] {logging_mixin.py:190} INFO - [2024-11-25T09:50:37.442+0000] {dagbag.py:588} INFO - Filling up the DagBag from /home/airflow/.local/lib/python3.12/site-packages/airflow/example_dags/example_sensors.py
[2024-11-25T09:50:37.455+0000] {processor.py:925} INFO - DAG(s) 'example_sensors' retrieved from /home/airflow/.local/lib/python3.12/site-packages/airflow/example_dags/example_sensors.py
[2024-11-25T09:50:37.483+0000] {logging_mixin.py:190} INFO - [2024-11-25T09:50:37.482+0000] {dag.py:3239} INFO - Sync 1 DAGs
[2024-11-25T09:50:37.500+0000] {logging_mixin.py:190} INFO - [2024-11-25T09:50:37.500+0000] {dag.py:4180} INFO - Setting next_dagrun for example_sensors to None, run_after=None
[2024-11-25T09:50:37.525+0000] {processor.py:208} INFO - Processing /home/airflow/.local/lib/python3.12/site-packages/airflow/example_dags/example_sensors.py took 0.093 seconds
[2024-11-25T09:51:08.358+0000] {processor.py:186} INFO - Started process (PID=1138) to work on /home/airflow/.local/lib/python3.12/site-packages/airflow/example_dags/example_sensors.py
[2024-11-25T09:51:08.361+0000] {processor.py:914} INFO - Processing file /home/airflow/.local/lib/python3.12/site-packages/airflow/example_dags/example_sensors.py for tasks to queue
[2024-11-25T09:51:08.366+0000] {logging_mixin.py:190} INFO - [2024-11-25T09:51:08.363+0000] {dagbag.py:588} INFO - Filling up the DagBag from /home/airflow/.local/lib/python3.12/site-packages/airflow/example_dags/example_sensors.py
[2024-11-25T09:51:08.413+0000] {processor.py:925} INFO - DAG(s) 'example_sensors' retrieved from /home/airflow/.local/lib/python3.12/site-packages/airflow/example_dags/example_sensors.py
[2024-11-25T09:51:08.543+0000] {logging_mixin.py:190} INFO - [2024-11-25T09:51:08.543+0000] {dag.py:3239} INFO - Sync 1 DAGs
[2024-11-25T09:51:08.639+0000] {logging_mixin.py:190} INFO - [2024-11-25T09:51:08.638+0000] {dag.py:4180} INFO - Setting next_dagrun for example_sensors to None, run_after=None
[2024-11-25T09:51:08.701+0000] {processor.py:208} INFO - Processing /home/airflow/.local/lib/python3.12/site-packages/airflow/example_dags/example_sensors.py took 0.351 seconds
[2024-11-25T09:51:38.827+0000] {processor.py:186} INFO - Started process (PID=1436) to work on /home/airflow/.local/lib/python3.12/site-packages/airflow/example_dags/example_sensors.py
[2024-11-25T09:51:38.828+0000] {processor.py:914} INFO - Processing file /home/airflow/.local/lib/python3.12/site-packages/airflow/example_dags/example_sensors.py for tasks to queue
[2024-11-25T09:51:38.830+0000] {logging_mixin.py:190} INFO - [2024-11-25T09:51:38.829+0000] {dagbag.py:588} INFO - Filling up the DagBag from /home/airflow/.local/lib/python3.12/site-packages/airflow/example_dags/example_sensors.py
[2024-11-25T09:51:38.848+0000] {processor.py:925} INFO - DAG(s) 'example_sensors' retrieved from /home/airflow/.local/lib/python3.12/site-packages/airflow/example_dags/example_sensors.py
[2024-11-25T09:51:38.877+0000] {logging_mixin.py:190} INFO - [2024-11-25T09:51:38.876+0000] {dag.py:3239} INFO - Sync 1 DAGs
[2024-11-25T09:51:38.896+0000] {logging_mixin.py:190} INFO - [2024-11-25T09:51:38.895+0000] {dag.py:4180} INFO - Setting next_dagrun for example_sensors to None, run_after=None
[2024-11-25T09:51:38.922+0000] {processor.py:208} INFO - Processing /home/airflow/.local/lib/python3.12/site-packages/airflow/example_dags/example_sensors.py took 0.102 seconds
[2024-11-25T09:52:09.586+0000] {processor.py:186} INFO - Started process (PID=1735) to work on /home/airflow/.local/lib/python3.12/site-packages/airflow/example_dags/example_sensors.py
[2024-11-25T09:52:09.587+0000] {processor.py:914} INFO - Processing file /home/airflow/.local/lib/python3.12/site-packages/airflow/example_dags/example_sensors.py for tasks to queue
[2024-11-25T09:52:09.589+0000] {logging_mixin.py:190} INFO - [2024-11-25T09:52:09.589+0000] {dagbag.py:588} INFO - Filling up the DagBag from /home/airflow/.local/lib/python3.12/site-packages/airflow/example_dags/example_sensors.py
[2024-11-25T09:52:09.605+0000] {processor.py:925} INFO - DAG(s) 'example_sensors' retrieved from /home/airflow/.local/lib/python3.12/site-packages/airflow/example_dags/example_sensors.py
[2024-11-25T09:52:09.648+0000] {logging_mixin.py:190} INFO - [2024-11-25T09:52:09.646+0000] {dag.py:3239} INFO - Sync 1 DAGs
[2024-11-25T09:52:09.693+0000] {logging_mixin.py:190} INFO - [2024-11-25T09:52:09.692+0000] {dag.py:4180} INFO - Setting next_dagrun for example_sensors to None, run_after=None
[2024-11-25T09:52:09.727+0000] {processor.py:208} INFO - Processing /home/airflow/.local/lib/python3.12/site-packages/airflow/example_dags/example_sensors.py took 0.149 seconds
[2024-11-25T09:52:39.925+0000] {processor.py:186} INFO - Started process (PID=2028) to work on /home/airflow/.local/lib/python3.12/site-packages/airflow/example_dags/example_sensors.py
[2024-11-25T09:52:39.928+0000] {processor.py:914} INFO - Processing file /home/airflow/.local/lib/python3.12/site-packages/airflow/example_dags/example_sensors.py for tasks to queue
[2024-11-25T09:52:39.930+0000] {logging_mixin.py:190} INFO - [2024-11-25T09:52:39.929+0000] {dagbag.py:588} INFO - Filling up the DagBag from /home/airflow/.local/lib/python3.12/site-packages/airflow/example_dags/example_sensors.py
[2024-11-25T09:52:39.944+0000] {processor.py:925} INFO - DAG(s) 'example_sensors' retrieved from /home/airflow/.local/lib/python3.12/site-packages/airflow/example_dags/example_sensors.py
[2024-11-25T09:52:39.974+0000] {logging_mixin.py:190} INFO - [2024-11-25T09:52:39.974+0000] {dag.py:3239} INFO - Sync 1 DAGs
[2024-11-25T09:52:39.991+0000] {logging_mixin.py:190} INFO - [2024-11-25T09:52:39.990+0000] {dag.py:4180} INFO - Setting next_dagrun for example_sensors to None, run_after=None
[2024-11-25T09:52:40.015+0000] {processor.py:208} INFO - Processing /home/airflow/.local/lib/python3.12/site-packages/airflow/example_dags/example_sensors.py took 0.097 seconds
[2024-11-25T09:53:10.334+0000] {processor.py:186} INFO - Started process (PID=2324) to work on /home/airflow/.local/lib/python3.12/site-packages/airflow/example_dags/example_sensors.py
[2024-11-25T09:53:10.338+0000] {processor.py:914} INFO - Processing file /home/airflow/.local/lib/python3.12/site-packages/airflow/example_dags/example_sensors.py for tasks to queue
[2024-11-25T09:53:10.346+0000] {logging_mixin.py:190} INFO - [2024-11-25T09:53:10.344+0000] {dagbag.py:588} INFO - Filling up the DagBag from /home/airflow/.local/lib/python3.12/site-packages/airflow/example_dags/example_sensors.py
[2024-11-25T09:53:10.381+0000] {processor.py:925} INFO - DAG(s) 'example_sensors' retrieved from /home/airflow/.local/lib/python3.12/site-packages/airflow/example_dags/example_sensors.py
[2024-11-25T09:53:10.449+0000] {logging_mixin.py:190} INFO - [2024-11-25T09:53:10.449+0000] {dag.py:3239} INFO - Sync 1 DAGs
[2024-11-25T09:53:10.491+0000] {logging_mixin.py:190} INFO - [2024-11-25T09:53:10.491+0000] {dag.py:4180} INFO - Setting next_dagrun for example_sensors to None, run_after=None
[2024-11-25T09:53:10.540+0000] {processor.py:208} INFO - Processing /home/airflow/.local/lib/python3.12/site-packages/airflow/example_dags/example_sensors.py took 0.226 seconds
[2024-11-25T09:53:40.724+0000] {processor.py:186} INFO - Started process (PID=2620) to work on /home/airflow/.local/lib/python3.12/site-packages/airflow/example_dags/example_sensors.py
[2024-11-25T09:53:40.725+0000] {processor.py:914} INFO - Processing file /home/airflow/.local/lib/python3.12/site-packages/airflow/example_dags/example_sensors.py for tasks to queue
[2024-11-25T09:53:40.727+0000] {logging_mixin.py:190} INFO - [2024-11-25T09:53:40.726+0000] {dagbag.py:588} INFO - Filling up the DagBag from /home/airflow/.local/lib/python3.12/site-packages/airflow/example_dags/example_sensors.py
[2024-11-25T09:53:40.740+0000] {processor.py:925} INFO - DAG(s) 'example_sensors' retrieved from /home/airflow/.local/lib/python3.12/site-packages/airflow/example_dags/example_sensors.py
[2024-11-25T09:53:40.773+0000] {logging_mixin.py:190} INFO - [2024-11-25T09:53:40.772+0000] {dag.py:3239} INFO - Sync 1 DAGs
[2024-11-25T09:53:40.791+0000] {logging_mixin.py:190} INFO - [2024-11-25T09:53:40.791+0000] {dag.py:4180} INFO - Setting next_dagrun for example_sensors to None, run_after=None
[2024-11-25T09:53:40.821+0000] {processor.py:208} INFO - Processing /home/airflow/.local/lib/python3.12/site-packages/airflow/example_dags/example_sensors.py took 0.104 seconds
[2024-11-25T09:54:10.971+0000] {processor.py:186} INFO - Started process (PID=2916) to work on /home/airflow/.local/lib/python3.12/site-packages/airflow/example_dags/example_sensors.py
[2024-11-25T09:54:10.972+0000] {processor.py:914} INFO - Processing file /home/airflow/.local/lib/python3.12/site-packages/airflow/example_dags/example_sensors.py for tasks to queue
[2024-11-25T09:54:10.974+0000] {logging_mixin.py:190} INFO - [2024-11-25T09:54:10.974+0000] {dagbag.py:588} INFO - Filling up the DagBag from /home/airflow/.local/lib/python3.12/site-packages/airflow/example_dags/example_sensors.py
[2024-11-25T09:54:10.988+0000] {processor.py:925} INFO - DAG(s) 'example_sensors' retrieved from /home/airflow/.local/lib/python3.12/site-packages/airflow/example_dags/example_sensors.py
[2024-11-25T09:54:11.019+0000] {logging_mixin.py:190} INFO - [2024-11-25T09:54:11.019+0000] {dag.py:3239} INFO - Sync 1 DAGs
[2024-11-25T09:54:11.034+0000] {logging_mixin.py:190} INFO - [2024-11-25T09:54:11.034+0000] {dag.py:4180} INFO - Setting next_dagrun for example_sensors to None, run_after=None
[2024-11-25T09:54:11.056+0000] {processor.py:208} INFO - Processing /home/airflow/.local/lib/python3.12/site-packages/airflow/example_dags/example_sensors.py took 0.092 seconds
[2024-11-25T09:54:41.376+0000] {processor.py:186} INFO - Started process (PID=3212) to work on /home/airflow/.local/lib/python3.12/site-packages/airflow/example_dags/example_sensors.py
[2024-11-25T09:54:41.378+0000] {processor.py:914} INFO - Processing file /home/airflow/.local/lib/python3.12/site-packages/airflow/example_dags/example_sensors.py for tasks to queue
[2024-11-25T09:54:41.380+0000] {logging_mixin.py:190} INFO - [2024-11-25T09:54:41.379+0000] {dagbag.py:588} INFO - Filling up the DagBag from /home/airflow/.local/lib/python3.12/site-packages/airflow/example_dags/example_sensors.py
[2024-11-25T09:54:41.395+0000] {processor.py:925} INFO - DAG(s) 'example_sensors' retrieved from /home/airflow/.local/lib/python3.12/site-packages/airflow/example_dags/example_sensors.py
[2024-11-25T09:54:41.439+0000] {logging_mixin.py:190} INFO - [2024-11-25T09:54:41.439+0000] {dag.py:3239} INFO - Sync 1 DAGs
[2024-11-25T09:54:41.462+0000] {logging_mixin.py:190} INFO - [2024-11-25T09:54:41.462+0000] {dag.py:4180} INFO - Setting next_dagrun for example_sensors to None, run_after=None
[2024-11-25T09:54:41.486+0000] {processor.py:208} INFO - Processing /home/airflow/.local/lib/python3.12/site-packages/airflow/example_dags/example_sensors.py took 0.119 seconds
[2024-11-25T09:55:12.137+0000] {processor.py:186} INFO - Started process (PID=3508) to work on /home/airflow/.local/lib/python3.12/site-packages/airflow/example_dags/example_sensors.py
[2024-11-25T09:55:12.138+0000] {processor.py:914} INFO - Processing file /home/airflow/.local/lib/python3.12/site-packages/airflow/example_dags/example_sensors.py for tasks to queue
[2024-11-25T09:55:12.140+0000] {logging_mixin.py:190} INFO - [2024-11-25T09:55:12.139+0000] {dagbag.py:588} INFO - Filling up the DagBag from /home/airflow/.local/lib/python3.12/site-packages/airflow/example_dags/example_sensors.py
[2024-11-25T09:55:12.152+0000] {processor.py:925} INFO - DAG(s) 'example_sensors' retrieved from /home/airflow/.local/lib/python3.12/site-packages/airflow/example_dags/example_sensors.py
[2024-11-25T09:55:12.186+0000] {logging_mixin.py:190} INFO - [2024-11-25T09:55:12.186+0000] {dag.py:3239} INFO - Sync 1 DAGs
[2024-11-25T09:55:12.204+0000] {logging_mixin.py:190} INFO - [2024-11-25T09:55:12.203+0000] {dag.py:4180} INFO - Setting next_dagrun for example_sensors to None, run_after=None
[2024-11-25T09:55:12.230+0000] {processor.py:208} INFO - Processing /home/airflow/.local/lib/python3.12/site-packages/airflow/example_dags/example_sensors.py took 0.099 seconds
[2024-11-25T09:55:42.523+0000] {processor.py:186} INFO - Started process (PID=3805) to work on /home/airflow/.local/lib/python3.12/site-packages/airflow/example_dags/example_sensors.py
[2024-11-25T09:55:42.524+0000] {processor.py:914} INFO - Processing file /home/airflow/.local/lib/python3.12/site-packages/airflow/example_dags/example_sensors.py for tasks to queue
[2024-11-25T09:55:42.526+0000] {logging_mixin.py:190} INFO - [2024-11-25T09:55:42.526+0000] {dagbag.py:588} INFO - Filling up the DagBag from /home/airflow/.local/lib/python3.12/site-packages/airflow/example_dags/example_sensors.py
[2024-11-25T09:55:42.546+0000] {processor.py:925} INFO - DAG(s) 'example_sensors' retrieved from /home/airflow/.local/lib/python3.12/site-packages/airflow/example_dags/example_sensors.py
[2024-11-25T09:55:42.591+0000] {logging_mixin.py:190} INFO - [2024-11-25T09:55:42.591+0000] {dag.py:3239} INFO - Sync 1 DAGs
[2024-11-25T09:55:42.610+0000] {logging_mixin.py:190} INFO - [2024-11-25T09:55:42.609+0000] {dag.py:4180} INFO - Setting next_dagrun for example_sensors to None, run_after=None
[2024-11-25T09:55:42.636+0000] {processor.py:208} INFO - Processing /home/airflow/.local/lib/python3.12/site-packages/airflow/example_dags/example_sensors.py took 0.122 seconds
[2024-11-25T09:56:13.446+0000] {processor.py:186} INFO - Started process (PID=4101) to work on /home/airflow/.local/lib/python3.12/site-packages/airflow/example_dags/example_sensors.py
[2024-11-25T09:56:13.448+0000] {processor.py:914} INFO - Processing file /home/airflow/.local/lib/python3.12/site-packages/airflow/example_dags/example_sensors.py for tasks to queue
[2024-11-25T09:56:13.450+0000] {logging_mixin.py:190} INFO - [2024-11-25T09:56:13.450+0000] {dagbag.py:588} INFO - Filling up the DagBag from /home/airflow/.local/lib/python3.12/site-packages/airflow/example_dags/example_sensors.py
[2024-11-25T09:56:13.465+0000] {processor.py:925} INFO - DAG(s) 'example_sensors' retrieved from /home/airflow/.local/lib/python3.12/site-packages/airflow/example_dags/example_sensors.py
[2024-11-25T09:56:13.497+0000] {logging_mixin.py:190} INFO - [2024-11-25T09:56:13.496+0000] {dag.py:3239} INFO - Sync 1 DAGs
[2024-11-25T09:56:13.514+0000] {logging_mixin.py:190} INFO - [2024-11-25T09:56:13.513+0000] {dag.py:4180} INFO - Setting next_dagrun for example_sensors to None, run_after=None
[2024-11-25T09:56:13.535+0000] {processor.py:208} INFO - Processing /home/airflow/.local/lib/python3.12/site-packages/airflow/example_dags/example_sensors.py took 0.096 seconds
[2024-11-25T09:56:43.711+0000] {processor.py:186} INFO - Started process (PID=4397) to work on /home/airflow/.local/lib/python3.12/site-packages/airflow/example_dags/example_sensors.py
[2024-11-25T09:56:43.713+0000] {processor.py:914} INFO - Processing file /home/airflow/.local/lib/python3.12/site-packages/airflow/example_dags/example_sensors.py for tasks to queue
[2024-11-25T09:56:43.717+0000] {logging_mixin.py:190} INFO - [2024-11-25T09:56:43.716+0000] {dagbag.py:588} INFO - Filling up the DagBag from /home/airflow/.local/lib/python3.12/site-packages/airflow/example_dags/example_sensors.py
[2024-11-25T09:56:43.768+0000] {processor.py:925} INFO - DAG(s) 'example_sensors' retrieved from /home/airflow/.local/lib/python3.12/site-packages/airflow/example_dags/example_sensors.py
[2024-11-25T09:56:43.837+0000] {logging_mixin.py:190} INFO - [2024-11-25T09:56:43.836+0000] {dag.py:3239} INFO - Sync 1 DAGs
[2024-11-25T09:56:43.862+0000] {logging_mixin.py:190} INFO - [2024-11-25T09:56:43.862+0000] {dag.py:4180} INFO - Setting next_dagrun for example_sensors to None, run_after=None
[2024-11-25T09:56:43.891+0000] {processor.py:208} INFO - Processing /home/airflow/.local/lib/python3.12/site-packages/airflow/example_dags/example_sensors.py took 0.197 seconds
[2024-11-25T09:57:14.502+0000] {processor.py:186} INFO - Started process (PID=4698) to work on /home/airflow/.local/lib/python3.12/site-packages/airflow/example_dags/example_sensors.py
[2024-11-25T09:57:14.503+0000] {processor.py:914} INFO - Processing file /home/airflow/.local/lib/python3.12/site-packages/airflow/example_dags/example_sensors.py for tasks to queue
[2024-11-25T09:57:14.505+0000] {logging_mixin.py:190} INFO - [2024-11-25T09:57:14.505+0000] {dagbag.py:588} INFO - Filling up the DagBag from /home/airflow/.local/lib/python3.12/site-packages/airflow/example_dags/example_sensors.py
[2024-11-25T09:57:14.520+0000] {processor.py:925} INFO - DAG(s) 'example_sensors' retrieved from /home/airflow/.local/lib/python3.12/site-packages/airflow/example_dags/example_sensors.py
[2024-11-25T09:57:14.557+0000] {logging_mixin.py:190} INFO - [2024-11-25T09:57:14.557+0000] {dag.py:3239} INFO - Sync 1 DAGs
[2024-11-25T09:57:14.575+0000] {logging_mixin.py:190} INFO - [2024-11-25T09:57:14.575+0000] {dag.py:4180} INFO - Setting next_dagrun for example_sensors to None, run_after=None
[2024-11-25T09:57:14.604+0000] {processor.py:208} INFO - Processing /home/airflow/.local/lib/python3.12/site-packages/airflow/example_dags/example_sensors.py took 0.109 seconds
[2024-11-25T09:57:47.010+0000] {processor.py:186} INFO - Started process (PID=4960) to work on /home/airflow/.local/lib/python3.12/site-packages/airflow/example_dags/example_sensors.py
[2024-11-25T09:57:47.012+0000] {processor.py:914} INFO - Processing file /home/airflow/.local/lib/python3.12/site-packages/airflow/example_dags/example_sensors.py for tasks to queue
[2024-11-25T09:57:47.015+0000] {logging_mixin.py:190} INFO - [2024-11-25T09:57:47.014+0000] {dagbag.py:588} INFO - Filling up the DagBag from /home/airflow/.local/lib/python3.12/site-packages/airflow/example_dags/example_sensors.py
[2024-11-25T09:57:47.042+0000] {processor.py:925} INFO - DAG(s) 'example_sensors' retrieved from /home/airflow/.local/lib/python3.12/site-packages/airflow/example_dags/example_sensors.py
[2024-11-25T09:57:47.089+0000] {logging_mixin.py:190} INFO - [2024-11-25T09:57:47.089+0000] {dag.py:3239} INFO - Sync 1 DAGs
[2024-11-25T09:57:47.114+0000] {logging_mixin.py:190} INFO - [2024-11-25T09:57:47.114+0000] {dag.py:4180} INFO - Setting next_dagrun for example_sensors to None, run_after=None
[2024-11-25T09:57:47.149+0000] {processor.py:208} INFO - Processing /home/airflow/.local/lib/python3.12/site-packages/airflow/example_dags/example_sensors.py took 0.150 seconds
[2024-11-25T09:58:19.243+0000] {processor.py:186} INFO - Started process (PID=5246) to work on /home/airflow/.local/lib/python3.12/site-packages/airflow/example_dags/example_sensors.py
[2024-11-25T09:58:19.244+0000] {processor.py:914} INFO - Processing file /home/airflow/.local/lib/python3.12/site-packages/airflow/example_dags/example_sensors.py for tasks to queue
[2024-11-25T09:58:19.246+0000] {logging_mixin.py:190} INFO - [2024-11-25T09:58:19.246+0000] {dagbag.py:588} INFO - Filling up the DagBag from /home/airflow/.local/lib/python3.12/site-packages/airflow/example_dags/example_sensors.py
[2024-11-25T09:58:19.270+0000] {processor.py:925} INFO - DAG(s) 'example_sensors' retrieved from /home/airflow/.local/lib/python3.12/site-packages/airflow/example_dags/example_sensors.py
[2024-11-25T09:58:19.323+0000] {logging_mixin.py:190} INFO - [2024-11-25T09:58:19.322+0000] {dag.py:3239} INFO - Sync 1 DAGs
[2024-11-25T09:58:19.357+0000] {logging_mixin.py:190} INFO - [2024-11-25T09:58:19.356+0000] {dag.py:4180} INFO - Setting next_dagrun for example_sensors to None, run_after=None
[2024-11-25T09:58:19.397+0000] {processor.py:208} INFO - Processing /home/airflow/.local/lib/python3.12/site-packages/airflow/example_dags/example_sensors.py took 0.163 seconds
[2024-11-25T09:58:50.464+0000] {processor.py:186} INFO - Started process (PID=5545) to work on /home/airflow/.local/lib/python3.12/site-packages/airflow/example_dags/example_sensors.py
[2024-11-25T09:58:50.465+0000] {processor.py:914} INFO - Processing file /home/airflow/.local/lib/python3.12/site-packages/airflow/example_dags/example_sensors.py for tasks to queue
[2024-11-25T09:58:50.468+0000] {logging_mixin.py:190} INFO - [2024-11-25T09:58:50.467+0000] {dagbag.py:588} INFO - Filling up the DagBag from /home/airflow/.local/lib/python3.12/site-packages/airflow/example_dags/example_sensors.py
[2024-11-25T09:58:50.490+0000] {processor.py:925} INFO - DAG(s) 'example_sensors' retrieved from /home/airflow/.local/lib/python3.12/site-packages/airflow/example_dags/example_sensors.py
[2024-11-25T09:58:50.540+0000] {logging_mixin.py:190} INFO - [2024-11-25T09:58:50.540+0000] {dag.py:3239} INFO - Sync 1 DAGs
[2024-11-25T09:58:50.572+0000] {logging_mixin.py:190} INFO - [2024-11-25T09:58:50.571+0000] {dag.py:4180} INFO - Setting next_dagrun for example_sensors to None, run_after=None
[2024-11-25T09:58:50.612+0000] {processor.py:208} INFO - Processing /home/airflow/.local/lib/python3.12/site-packages/airflow/example_dags/example_sensors.py took 0.155 seconds
[2024-11-25T09:59:20.831+0000] {processor.py:186} INFO - Started process (PID=5826) to work on /home/airflow/.local/lib/python3.12/site-packages/airflow/example_dags/example_sensors.py
[2024-11-25T09:59:20.833+0000] {processor.py:914} INFO - Processing file /home/airflow/.local/lib/python3.12/site-packages/airflow/example_dags/example_sensors.py for tasks to queue
[2024-11-25T09:59:20.835+0000] {logging_mixin.py:190} INFO - [2024-11-25T09:59:20.835+0000] {dagbag.py:588} INFO - Filling up the DagBag from /home/airflow/.local/lib/python3.12/site-packages/airflow/example_dags/example_sensors.py
[2024-11-25T09:59:20.861+0000] {processor.py:925} INFO - DAG(s) 'example_sensors' retrieved from /home/airflow/.local/lib/python3.12/site-packages/airflow/example_dags/example_sensors.py
[2024-11-25T09:59:20.895+0000] {logging_mixin.py:190} INFO - [2024-11-25T09:59:20.895+0000] {dag.py:3239} INFO - Sync 1 DAGs
[2024-11-25T09:59:20.914+0000] {logging_mixin.py:190} INFO - [2024-11-25T09:59:20.913+0000] {dag.py:4180} INFO - Setting next_dagrun for example_sensors to None, run_after=None
[2024-11-25T09:59:20.940+0000] {processor.py:208} INFO - Processing /home/airflow/.local/lib/python3.12/site-packages/airflow/example_dags/example_sensors.py took 0.124 seconds
[2024-11-25T09:59:51.033+0000] {processor.py:186} INFO - Started process (PID=6119) to work on /home/airflow/.local/lib/python3.12/site-packages/airflow/example_dags/example_sensors.py
[2024-11-25T09:59:51.035+0000] {processor.py:914} INFO - Processing file /home/airflow/.local/lib/python3.12/site-packages/airflow/example_dags/example_sensors.py for tasks to queue
[2024-11-25T09:59:51.036+0000] {logging_mixin.py:190} INFO - [2024-11-25T09:59:51.036+0000] {dagbag.py:588} INFO - Filling up the DagBag from /home/airflow/.local/lib/python3.12/site-packages/airflow/example_dags/example_sensors.py
[2024-11-25T09:59:51.050+0000] {processor.py:925} INFO - DAG(s) 'example_sensors' retrieved from /home/airflow/.local/lib/python3.12/site-packages/airflow/example_dags/example_sensors.py
[2024-11-25T09:59:51.077+0000] {logging_mixin.py:190} INFO - [2024-11-25T09:59:51.077+0000] {dag.py:3239} INFO - Sync 1 DAGs
[2024-11-25T09:59:51.092+0000] {logging_mixin.py:190} INFO - [2024-11-25T09:59:51.091+0000] {dag.py:4180} INFO - Setting next_dagrun for example_sensors to None, run_after=None
[2024-11-25T09:59:51.118+0000] {processor.py:208} INFO - Processing /home/airflow/.local/lib/python3.12/site-packages/airflow/example_dags/example_sensors.py took 0.091 seconds
[2024-11-25T10:00:21.690+0000] {processor.py:186} INFO - Started process (PID=6415) to work on /home/airflow/.local/lib/python3.12/site-packages/airflow/example_dags/example_sensors.py
[2024-11-25T10:00:21.691+0000] {processor.py:914} INFO - Processing file /home/airflow/.local/lib/python3.12/site-packages/airflow/example_dags/example_sensors.py for tasks to queue
[2024-11-25T10:00:21.692+0000] {logging_mixin.py:190} INFO - [2024-11-25T10:00:21.692+0000] {dagbag.py:588} INFO - Filling up the DagBag from /home/airflow/.local/lib/python3.12/site-packages/airflow/example_dags/example_sensors.py
[2024-11-25T10:00:21.706+0000] {processor.py:925} INFO - DAG(s) 'example_sensors' retrieved from /home/airflow/.local/lib/python3.12/site-packages/airflow/example_dags/example_sensors.py
[2024-11-25T10:00:21.736+0000] {logging_mixin.py:190} INFO - [2024-11-25T10:00:21.735+0000] {dag.py:3239} INFO - Sync 1 DAGs
[2024-11-25T10:00:21.751+0000] {logging_mixin.py:190} INFO - [2024-11-25T10:00:21.751+0000] {dag.py:4180} INFO - Setting next_dagrun for example_sensors to None, run_after=None
[2024-11-25T10:00:21.774+0000] {processor.py:208} INFO - Processing /home/airflow/.local/lib/python3.12/site-packages/airflow/example_dags/example_sensors.py took 0.091 seconds
[2024-11-25T10:00:52.194+0000] {processor.py:186} INFO - Started process (PID=6714) to work on /home/airflow/.local/lib/python3.12/site-packages/airflow/example_dags/example_sensors.py
[2024-11-25T10:00:52.197+0000] {processor.py:914} INFO - Processing file /home/airflow/.local/lib/python3.12/site-packages/airflow/example_dags/example_sensors.py for tasks to queue
[2024-11-25T10:00:52.199+0000] {logging_mixin.py:190} INFO - [2024-11-25T10:00:52.199+0000] {dagbag.py:588} INFO - Filling up the DagBag from /home/airflow/.local/lib/python3.12/site-packages/airflow/example_dags/example_sensors.py
[2024-11-25T10:00:52.219+0000] {processor.py:925} INFO - DAG(s) 'example_sensors' retrieved from /home/airflow/.local/lib/python3.12/site-packages/airflow/example_dags/example_sensors.py
[2024-11-25T10:00:52.271+0000] {logging_mixin.py:190} INFO - [2024-11-25T10:00:52.270+0000] {dag.py:3239} INFO - Sync 1 DAGs
[2024-11-25T10:00:52.294+0000] {logging_mixin.py:190} INFO - [2024-11-25T10:00:52.293+0000] {dag.py:4180} INFO - Setting next_dagrun for example_sensors to None, run_after=None
[2024-11-25T10:00:52.332+0000] {processor.py:208} INFO - Processing /home/airflow/.local/lib/python3.12/site-packages/airflow/example_dags/example_sensors.py took 0.155 seconds
[2024-11-25T10:01:22.496+0000] {processor.py:186} INFO - Started process (PID=7010) to work on /home/airflow/.local/lib/python3.12/site-packages/airflow/example_dags/example_sensors.py
[2024-11-25T10:01:22.497+0000] {processor.py:914} INFO - Processing file /home/airflow/.local/lib/python3.12/site-packages/airflow/example_dags/example_sensors.py for tasks to queue
[2024-11-25T10:01:22.498+0000] {logging_mixin.py:190} INFO - [2024-11-25T10:01:22.498+0000] {dagbag.py:588} INFO - Filling up the DagBag from /home/airflow/.local/lib/python3.12/site-packages/airflow/example_dags/example_sensors.py
[2024-11-25T10:01:22.512+0000] {processor.py:925} INFO - DAG(s) 'example_sensors' retrieved from /home/airflow/.local/lib/python3.12/site-packages/airflow/example_dags/example_sensors.py
[2024-11-25T10:01:22.545+0000] {logging_mixin.py:190} INFO - [2024-11-25T10:01:22.544+0000] {dag.py:3239} INFO - Sync 1 DAGs
[2024-11-25T10:01:22.566+0000] {logging_mixin.py:190} INFO - [2024-11-25T10:01:22.565+0000] {dag.py:4180} INFO - Setting next_dagrun for example_sensors to None, run_after=None
[2024-11-25T10:01:22.590+0000] {processor.py:208} INFO - Processing /home/airflow/.local/lib/python3.12/site-packages/airflow/example_dags/example_sensors.py took 0.101 seconds
[2024-11-25T10:01:52.840+0000] {processor.py:186} INFO - Started process (PID=7306) to work on /home/airflow/.local/lib/python3.12/site-packages/airflow/example_dags/example_sensors.py
[2024-11-25T10:01:52.842+0000] {processor.py:914} INFO - Processing file /home/airflow/.local/lib/python3.12/site-packages/airflow/example_dags/example_sensors.py for tasks to queue
[2024-11-25T10:01:52.846+0000] {logging_mixin.py:190} INFO - [2024-11-25T10:01:52.845+0000] {dagbag.py:588} INFO - Filling up the DagBag from /home/airflow/.local/lib/python3.12/site-packages/airflow/example_dags/example_sensors.py
[2024-11-25T10:01:52.865+0000] {processor.py:925} INFO - DAG(s) 'example_sensors' retrieved from /home/airflow/.local/lib/python3.12/site-packages/airflow/example_dags/example_sensors.py
[2024-11-25T10:01:52.907+0000] {logging_mixin.py:190} INFO - [2024-11-25T10:01:52.907+0000] {dag.py:3239} INFO - Sync 1 DAGs
[2024-11-25T10:01:52.948+0000] {logging_mixin.py:190} INFO - [2024-11-25T10:01:52.947+0000] {dag.py:4180} INFO - Setting next_dagrun for example_sensors to None, run_after=None
[2024-11-25T10:01:52.995+0000] {processor.py:208} INFO - Processing /home/airflow/.local/lib/python3.12/site-packages/airflow/example_dags/example_sensors.py took 0.167 seconds
[2024-11-25T10:02:23.834+0000] {processor.py:186} INFO - Started process (PID=7602) to work on /home/airflow/.local/lib/python3.12/site-packages/airflow/example_dags/example_sensors.py
[2024-11-25T10:02:23.835+0000] {processor.py:914} INFO - Processing file /home/airflow/.local/lib/python3.12/site-packages/airflow/example_dags/example_sensors.py for tasks to queue
[2024-11-25T10:02:23.837+0000] {logging_mixin.py:190} INFO - [2024-11-25T10:02:23.836+0000] {dagbag.py:588} INFO - Filling up the DagBag from /home/airflow/.local/lib/python3.12/site-packages/airflow/example_dags/example_sensors.py
[2024-11-25T10:02:23.852+0000] {processor.py:925} INFO - DAG(s) 'example_sensors' retrieved from /home/airflow/.local/lib/python3.12/site-packages/airflow/example_dags/example_sensors.py
[2024-11-25T10:02:23.882+0000] {logging_mixin.py:190} INFO - [2024-11-25T10:02:23.882+0000] {dag.py:3239} INFO - Sync 1 DAGs
[2024-11-25T10:02:23.905+0000] {logging_mixin.py:190} INFO - [2024-11-25T10:02:23.905+0000] {dag.py:4180} INFO - Setting next_dagrun for example_sensors to None, run_after=None
[2024-11-25T10:02:23.932+0000] {processor.py:208} INFO - Processing /home/airflow/.local/lib/python3.12/site-packages/airflow/example_dags/example_sensors.py took 0.105 seconds
[2024-11-25T10:02:54.350+0000] {processor.py:186} INFO - Started process (PID=7911) to work on /home/airflow/.local/lib/python3.12/site-packages/airflow/example_dags/example_sensors.py
[2024-11-25T10:02:54.357+0000] {processor.py:914} INFO - Processing file /home/airflow/.local/lib/python3.12/site-packages/airflow/example_dags/example_sensors.py for tasks to queue
[2024-11-25T10:02:54.362+0000] {logging_mixin.py:190} INFO - [2024-11-25T10:02:54.361+0000] {dagbag.py:588} INFO - Filling up the DagBag from /home/airflow/.local/lib/python3.12/site-packages/airflow/example_dags/example_sensors.py
[2024-11-25T10:02:54.429+0000] {processor.py:925} INFO - DAG(s) 'example_sensors' retrieved from /home/airflow/.local/lib/python3.12/site-packages/airflow/example_dags/example_sensors.py
[2024-11-25T10:02:54.550+0000] {logging_mixin.py:190} INFO - [2024-11-25T10:02:54.549+0000] {dag.py:3239} INFO - Sync 1 DAGs
[2024-11-25T10:02:54.596+0000] {logging_mixin.py:190} INFO - [2024-11-25T10:02:54.595+0000] {dag.py:4180} INFO - Setting next_dagrun for example_sensors to None, run_after=None
[2024-11-25T10:02:54.637+0000] {processor.py:208} INFO - Processing /home/airflow/.local/lib/python3.12/site-packages/airflow/example_dags/example_sensors.py took 0.328 seconds
[2024-11-25T10:03:24.716+0000] {processor.py:186} INFO - Started process (PID=8204) to work on /home/airflow/.local/lib/python3.12/site-packages/airflow/example_dags/example_sensors.py
[2024-11-25T10:03:24.717+0000] {processor.py:914} INFO - Processing file /home/airflow/.local/lib/python3.12/site-packages/airflow/example_dags/example_sensors.py for tasks to queue
[2024-11-25T10:03:24.719+0000] {logging_mixin.py:190} INFO - [2024-11-25T10:03:24.719+0000] {dagbag.py:588} INFO - Filling up the DagBag from /home/airflow/.local/lib/python3.12/site-packages/airflow/example_dags/example_sensors.py
[2024-11-25T10:03:24.734+0000] {processor.py:925} INFO - DAG(s) 'example_sensors' retrieved from /home/airflow/.local/lib/python3.12/site-packages/airflow/example_dags/example_sensors.py
[2024-11-25T10:03:24.766+0000] {logging_mixin.py:190} INFO - [2024-11-25T10:03:24.766+0000] {dag.py:3239} INFO - Sync 1 DAGs
[2024-11-25T10:03:24.784+0000] {logging_mixin.py:190} INFO - [2024-11-25T10:03:24.784+0000] {dag.py:4180} INFO - Setting next_dagrun for example_sensors to None, run_after=None
[2024-11-25T10:03:24.811+0000] {processor.py:208} INFO - Processing /home/airflow/.local/lib/python3.12/site-packages/airflow/example_dags/example_sensors.py took 0.103 seconds
[2024-11-25T10:03:55.292+0000] {processor.py:186} INFO - Started process (PID=8504) to work on /home/airflow/.local/lib/python3.12/site-packages/airflow/example_dags/example_sensors.py
[2024-11-25T10:03:55.293+0000] {processor.py:914} INFO - Processing file /home/airflow/.local/lib/python3.12/site-packages/airflow/example_dags/example_sensors.py for tasks to queue
[2024-11-25T10:03:55.295+0000] {logging_mixin.py:190} INFO - [2024-11-25T10:03:55.295+0000] {dagbag.py:588} INFO - Filling up the DagBag from /home/airflow/.local/lib/python3.12/site-packages/airflow/example_dags/example_sensors.py
[2024-11-25T10:03:55.319+0000] {processor.py:925} INFO - DAG(s) 'example_sensors' retrieved from /home/airflow/.local/lib/python3.12/site-packages/airflow/example_dags/example_sensors.py
[2024-11-25T10:03:55.364+0000] {logging_mixin.py:190} INFO - [2024-11-25T10:03:55.364+0000] {dag.py:3239} INFO - Sync 1 DAGs
[2024-11-25T10:03:55.389+0000] {logging_mixin.py:190} INFO - [2024-11-25T10:03:55.388+0000] {dag.py:4180} INFO - Setting next_dagrun for example_sensors to None, run_after=None
[2024-11-25T10:03:55.416+0000] {processor.py:208} INFO - Processing /home/airflow/.local/lib/python3.12/site-packages/airflow/example_dags/example_sensors.py took 0.139 seconds
[2024-11-25T10:04:26.012+0000] {processor.py:186} INFO - Started process (PID=8802) to work on /home/airflow/.local/lib/python3.12/site-packages/airflow/example_dags/example_sensors.py
[2024-11-25T10:04:26.016+0000] {processor.py:914} INFO - Processing file /home/airflow/.local/lib/python3.12/site-packages/airflow/example_dags/example_sensors.py for tasks to queue
[2024-11-25T10:04:26.020+0000] {logging_mixin.py:190} INFO - [2024-11-25T10:04:26.020+0000] {dagbag.py:588} INFO - Filling up the DagBag from /home/airflow/.local/lib/python3.12/site-packages/airflow/example_dags/example_sensors.py
[2024-11-25T10:04:26.057+0000] {processor.py:925} INFO - DAG(s) 'example_sensors' retrieved from /home/airflow/.local/lib/python3.12/site-packages/airflow/example_dags/example_sensors.py
[2024-11-25T10:04:26.153+0000] {logging_mixin.py:190} INFO - [2024-11-25T10:04:26.152+0000] {dag.py:3239} INFO - Sync 1 DAGs
[2024-11-25T10:04:26.214+0000] {logging_mixin.py:190} INFO - [2024-11-25T10:04:26.214+0000] {dag.py:4180} INFO - Setting next_dagrun for example_sensors to None, run_after=None
[2024-11-25T10:04:26.304+0000] {processor.py:208} INFO - Processing /home/airflow/.local/lib/python3.12/site-packages/airflow/example_dags/example_sensors.py took 0.309 seconds
[2024-11-25T10:04:57.145+0000] {processor.py:186} INFO - Started process (PID=9098) to work on /home/airflow/.local/lib/python3.12/site-packages/airflow/example_dags/example_sensors.py
[2024-11-25T10:04:57.147+0000] {processor.py:914} INFO - Processing file /home/airflow/.local/lib/python3.12/site-packages/airflow/example_dags/example_sensors.py for tasks to queue
[2024-11-25T10:04:57.149+0000] {logging_mixin.py:190} INFO - [2024-11-25T10:04:57.149+0000] {dagbag.py:588} INFO - Filling up the DagBag from /home/airflow/.local/lib/python3.12/site-packages/airflow/example_dags/example_sensors.py
[2024-11-25T10:04:57.168+0000] {processor.py:925} INFO - DAG(s) 'example_sensors' retrieved from /home/airflow/.local/lib/python3.12/site-packages/airflow/example_dags/example_sensors.py
[2024-11-25T10:04:57.204+0000] {logging_mixin.py:190} INFO - [2024-11-25T10:04:57.203+0000] {dag.py:3239} INFO - Sync 1 DAGs
[2024-11-25T10:04:57.229+0000] {logging_mixin.py:190} INFO - [2024-11-25T10:04:57.228+0000] {dag.py:4180} INFO - Setting next_dagrun for example_sensors to None, run_after=None
[2024-11-25T10:04:57.258+0000] {processor.py:208} INFO - Processing /home/airflow/.local/lib/python3.12/site-packages/airflow/example_dags/example_sensors.py took 0.121 seconds
[2024-11-25T10:05:27.515+0000] {processor.py:186} INFO - Started process (PID=9394) to work on /home/airflow/.local/lib/python3.12/site-packages/airflow/example_dags/example_sensors.py
[2024-11-25T10:05:27.517+0000] {processor.py:914} INFO - Processing file /home/airflow/.local/lib/python3.12/site-packages/airflow/example_dags/example_sensors.py for tasks to queue
[2024-11-25T10:05:27.518+0000] {logging_mixin.py:190} INFO - [2024-11-25T10:05:27.518+0000] {dagbag.py:588} INFO - Filling up the DagBag from /home/airflow/.local/lib/python3.12/site-packages/airflow/example_dags/example_sensors.py
[2024-11-25T10:05:27.533+0000] {processor.py:925} INFO - DAG(s) 'example_sensors' retrieved from /home/airflow/.local/lib/python3.12/site-packages/airflow/example_dags/example_sensors.py
[2024-11-25T10:05:27.564+0000] {logging_mixin.py:190} INFO - [2024-11-25T10:05:27.564+0000] {dag.py:3239} INFO - Sync 1 DAGs
[2024-11-25T10:05:27.584+0000] {logging_mixin.py:190} INFO - [2024-11-25T10:05:27.584+0000] {dag.py:4180} INFO - Setting next_dagrun for example_sensors to None, run_after=None
[2024-11-25T10:05:27.609+0000] {processor.py:208} INFO - Processing /home/airflow/.local/lib/python3.12/site-packages/airflow/example_dags/example_sensors.py took 0.100 seconds
[2024-11-25T10:05:58.386+0000] {processor.py:186} INFO - Started process (PID=9695) to work on /home/airflow/.local/lib/python3.12/site-packages/airflow/example_dags/example_sensors.py
[2024-11-25T10:05:58.388+0000] {processor.py:914} INFO - Processing file /home/airflow/.local/lib/python3.12/site-packages/airflow/example_dags/example_sensors.py for tasks to queue
[2024-11-25T10:05:58.390+0000] {logging_mixin.py:190} INFO - [2024-11-25T10:05:58.390+0000] {dagbag.py:588} INFO - Filling up the DagBag from /home/airflow/.local/lib/python3.12/site-packages/airflow/example_dags/example_sensors.py
[2024-11-25T10:05:58.408+0000] {processor.py:925} INFO - DAG(s) 'example_sensors' retrieved from /home/airflow/.local/lib/python3.12/site-packages/airflow/example_dags/example_sensors.py
[2024-11-25T10:05:58.448+0000] {logging_mixin.py:190} INFO - [2024-11-25T10:05:58.448+0000] {dag.py:3239} INFO - Sync 1 DAGs
[2024-11-25T10:05:58.470+0000] {logging_mixin.py:190} INFO - [2024-11-25T10:05:58.470+0000] {dag.py:4180} INFO - Setting next_dagrun for example_sensors to None, run_after=None
[2024-11-25T10:05:58.508+0000] {processor.py:208} INFO - Processing /home/airflow/.local/lib/python3.12/site-packages/airflow/example_dags/example_sensors.py took 0.131 seconds
[2024-11-25T10:06:29.408+0000] {processor.py:186} INFO - Started process (PID=9991) to work on /home/airflow/.local/lib/python3.12/site-packages/airflow/example_dags/example_sensors.py
[2024-11-25T10:06:29.410+0000] {processor.py:914} INFO - Processing file /home/airflow/.local/lib/python3.12/site-packages/airflow/example_dags/example_sensors.py for tasks to queue
[2024-11-25T10:06:29.412+0000] {logging_mixin.py:190} INFO - [2024-11-25T10:06:29.411+0000] {dagbag.py:588} INFO - Filling up the DagBag from /home/airflow/.local/lib/python3.12/site-packages/airflow/example_dags/example_sensors.py
[2024-11-25T10:06:29.428+0000] {processor.py:925} INFO - DAG(s) 'example_sensors' retrieved from /home/airflow/.local/lib/python3.12/site-packages/airflow/example_dags/example_sensors.py
[2024-11-25T10:06:29.460+0000] {logging_mixin.py:190} INFO - [2024-11-25T10:06:29.460+0000] {dag.py:3239} INFO - Sync 1 DAGs
[2024-11-25T10:06:29.482+0000] {logging_mixin.py:190} INFO - [2024-11-25T10:06:29.481+0000] {dag.py:4180} INFO - Setting next_dagrun for example_sensors to None, run_after=None
[2024-11-25T10:06:29.508+0000] {processor.py:208} INFO - Processing /home/airflow/.local/lib/python3.12/site-packages/airflow/example_dags/example_sensors.py took 0.109 seconds
[2024-11-25T10:06:59.576+0000] {processor.py:186} INFO - Started process (PID=10282) to work on /home/airflow/.local/lib/python3.12/site-packages/airflow/example_dags/example_sensors.py
[2024-11-25T10:06:59.577+0000] {processor.py:914} INFO - Processing file /home/airflow/.local/lib/python3.12/site-packages/airflow/example_dags/example_sensors.py for tasks to queue
[2024-11-25T10:06:59.578+0000] {logging_mixin.py:190} INFO - [2024-11-25T10:06:59.578+0000] {dagbag.py:588} INFO - Filling up the DagBag from /home/airflow/.local/lib/python3.12/site-packages/airflow/example_dags/example_sensors.py
[2024-11-25T10:06:59.592+0000] {processor.py:925} INFO - DAG(s) 'example_sensors' retrieved from /home/airflow/.local/lib/python3.12/site-packages/airflow/example_dags/example_sensors.py
[2024-11-25T10:06:59.623+0000] {logging_mixin.py:190} INFO - [2024-11-25T10:06:59.623+0000] {dag.py:3239} INFO - Sync 1 DAGs
[2024-11-25T10:06:59.640+0000] {logging_mixin.py:190} INFO - [2024-11-25T10:06:59.639+0000] {dag.py:4180} INFO - Setting next_dagrun for example_sensors to None, run_after=None
[2024-11-25T10:06:59.665+0000] {processor.py:208} INFO - Processing /home/airflow/.local/lib/python3.12/site-packages/airflow/example_dags/example_sensors.py took 0.096 seconds
[2024-11-25T10:07:30.124+0000] {processor.py:186} INFO - Started process (PID=10578) to work on /home/airflow/.local/lib/python3.12/site-packages/airflow/example_dags/example_sensors.py
[2024-11-25T10:07:30.126+0000] {processor.py:914} INFO - Processing file /home/airflow/.local/lib/python3.12/site-packages/airflow/example_dags/example_sensors.py for tasks to queue
[2024-11-25T10:07:30.127+0000] {logging_mixin.py:190} INFO - [2024-11-25T10:07:30.127+0000] {dagbag.py:588} INFO - Filling up the DagBag from /home/airflow/.local/lib/python3.12/site-packages/airflow/example_dags/example_sensors.py
[2024-11-25T10:07:30.152+0000] {processor.py:925} INFO - DAG(s) 'example_sensors' retrieved from /home/airflow/.local/lib/python3.12/site-packages/airflow/example_dags/example_sensors.py
[2024-11-25T10:07:30.195+0000] {logging_mixin.py:190} INFO - [2024-11-25T10:07:30.194+0000] {dag.py:3239} INFO - Sync 1 DAGs
[2024-11-25T10:07:30.222+0000] {logging_mixin.py:190} INFO - [2024-11-25T10:07:30.222+0000] {dag.py:4180} INFO - Setting next_dagrun for example_sensors to None, run_after=None
[2024-11-25T10:07:30.259+0000] {processor.py:208} INFO - Processing /home/airflow/.local/lib/python3.12/site-packages/airflow/example_dags/example_sensors.py took 0.147 seconds
[2024-11-25T10:08:00.659+0000] {processor.py:186} INFO - Started process (PID=10874) to work on /home/airflow/.local/lib/python3.12/site-packages/airflow/example_dags/example_sensors.py
[2024-11-25T10:08:00.661+0000] {processor.py:914} INFO - Processing file /home/airflow/.local/lib/python3.12/site-packages/airflow/example_dags/example_sensors.py for tasks to queue
[2024-11-25T10:08:00.663+0000] {logging_mixin.py:190} INFO - [2024-11-25T10:08:00.662+0000] {dagbag.py:588} INFO - Filling up the DagBag from /home/airflow/.local/lib/python3.12/site-packages/airflow/example_dags/example_sensors.py
[2024-11-25T10:08:00.679+0000] {processor.py:925} INFO - DAG(s) 'example_sensors' retrieved from /home/airflow/.local/lib/python3.12/site-packages/airflow/example_dags/example_sensors.py
[2024-11-25T10:08:00.710+0000] {logging_mixin.py:190} INFO - [2024-11-25T10:08:00.710+0000] {dag.py:3239} INFO - Sync 1 DAGs
[2024-11-25T10:08:00.727+0000] {logging_mixin.py:190} INFO - [2024-11-25T10:08:00.726+0000] {dag.py:4180} INFO - Setting next_dagrun for example_sensors to None, run_after=None
[2024-11-25T10:08:00.747+0000] {processor.py:208} INFO - Processing /home/airflow/.local/lib/python3.12/site-packages/airflow/example_dags/example_sensors.py took 0.094 seconds
[2024-11-25T10:08:31.000+0000] {processor.py:186} INFO - Started process (PID=11167) to work on /home/airflow/.local/lib/python3.12/site-packages/airflow/example_dags/example_sensors.py
[2024-11-25T10:08:31.002+0000] {processor.py:914} INFO - Processing file /home/airflow/.local/lib/python3.12/site-packages/airflow/example_dags/example_sensors.py for tasks to queue
[2024-11-25T10:08:31.005+0000] {logging_mixin.py:190} INFO - [2024-11-25T10:08:31.004+0000] {dagbag.py:588} INFO - Filling up the DagBag from /home/airflow/.local/lib/python3.12/site-packages/airflow/example_dags/example_sensors.py
[2024-11-25T10:08:31.030+0000] {processor.py:925} INFO - DAG(s) 'example_sensors' retrieved from /home/airflow/.local/lib/python3.12/site-packages/airflow/example_dags/example_sensors.py
[2024-11-25T10:08:31.081+0000] {logging_mixin.py:190} INFO - [2024-11-25T10:08:31.081+0000] {dag.py:3239} INFO - Sync 1 DAGs
[2024-11-25T10:08:31.112+0000] {logging_mixin.py:190} INFO - [2024-11-25T10:08:31.112+0000] {dag.py:4180} INFO - Setting next_dagrun for example_sensors to None, run_after=None
[2024-11-25T10:08:31.149+0000] {processor.py:208} INFO - Processing /home/airflow/.local/lib/python3.12/site-packages/airflow/example_dags/example_sensors.py took 0.160 seconds
[2024-11-25T10:09:01.288+0000] {processor.py:186} INFO - Started process (PID=11464) to work on /home/airflow/.local/lib/python3.12/site-packages/airflow/example_dags/example_sensors.py
[2024-11-25T10:09:01.289+0000] {processor.py:914} INFO - Processing file /home/airflow/.local/lib/python3.12/site-packages/airflow/example_dags/example_sensors.py for tasks to queue
[2024-11-25T10:09:01.291+0000] {logging_mixin.py:190} INFO - [2024-11-25T10:09:01.290+0000] {dagbag.py:588} INFO - Filling up the DagBag from /home/airflow/.local/lib/python3.12/site-packages/airflow/example_dags/example_sensors.py
[2024-11-25T10:09:01.310+0000] {processor.py:925} INFO - DAG(s) 'example_sensors' retrieved from /home/airflow/.local/lib/python3.12/site-packages/airflow/example_dags/example_sensors.py
[2024-11-25T10:09:01.342+0000] {logging_mixin.py:190} INFO - [2024-11-25T10:09:01.342+0000] {dag.py:3239} INFO - Sync 1 DAGs
[2024-11-25T10:09:01.361+0000] {logging_mixin.py:190} INFO - [2024-11-25T10:09:01.361+0000] {dag.py:4180} INFO - Setting next_dagrun for example_sensors to None, run_after=None
[2024-11-25T10:09:01.386+0000] {processor.py:208} INFO - Processing /home/airflow/.local/lib/python3.12/site-packages/airflow/example_dags/example_sensors.py took 0.108 seconds
[2024-11-25T10:09:31.539+0000] {processor.py:186} INFO - Started process (PID=11760) to work on /home/airflow/.local/lib/python3.12/site-packages/airflow/example_dags/example_sensors.py
[2024-11-25T10:09:31.541+0000] {processor.py:914} INFO - Processing file /home/airflow/.local/lib/python3.12/site-packages/airflow/example_dags/example_sensors.py for tasks to queue
[2024-11-25T10:09:31.543+0000] {logging_mixin.py:190} INFO - [2024-11-25T10:09:31.543+0000] {dagbag.py:588} INFO - Filling up the DagBag from /home/airflow/.local/lib/python3.12/site-packages/airflow/example_dags/example_sensors.py
[2024-11-25T10:09:31.560+0000] {processor.py:925} INFO - DAG(s) 'example_sensors' retrieved from /home/airflow/.local/lib/python3.12/site-packages/airflow/example_dags/example_sensors.py
[2024-11-25T10:09:31.597+0000] {logging_mixin.py:190} INFO - [2024-11-25T10:09:31.597+0000] {dag.py:3239} INFO - Sync 1 DAGs
[2024-11-25T10:09:31.616+0000] {logging_mixin.py:190} INFO - [2024-11-25T10:09:31.616+0000] {dag.py:4180} INFO - Setting next_dagrun for example_sensors to None, run_after=None
[2024-11-25T10:09:31.647+0000] {processor.py:208} INFO - Processing /home/airflow/.local/lib/python3.12/site-packages/airflow/example_dags/example_sensors.py took 0.115 seconds
[2024-11-25T10:10:01.746+0000] {processor.py:186} INFO - Started process (PID=12056) to work on /home/airflow/.local/lib/python3.12/site-packages/airflow/example_dags/example_sensors.py
[2024-11-25T10:10:01.747+0000] {processor.py:914} INFO - Processing file /home/airflow/.local/lib/python3.12/site-packages/airflow/example_dags/example_sensors.py for tasks to queue
[2024-11-25T10:10:01.748+0000] {logging_mixin.py:190} INFO - [2024-11-25T10:10:01.748+0000] {dagbag.py:588} INFO - Filling up the DagBag from /home/airflow/.local/lib/python3.12/site-packages/airflow/example_dags/example_sensors.py
[2024-11-25T10:10:01.762+0000] {processor.py:925} INFO - DAG(s) 'example_sensors' retrieved from /home/airflow/.local/lib/python3.12/site-packages/airflow/example_dags/example_sensors.py
[2024-11-25T10:10:01.794+0000] {logging_mixin.py:190} INFO - [2024-11-25T10:10:01.794+0000] {dag.py:3239} INFO - Sync 1 DAGs
[2024-11-25T10:10:01.810+0000] {logging_mixin.py:190} INFO - [2024-11-25T10:10:01.809+0000] {dag.py:4180} INFO - Setting next_dagrun for example_sensors to None, run_after=None
[2024-11-25T10:10:01.837+0000] {processor.py:208} INFO - Processing /home/airflow/.local/lib/python3.12/site-packages/airflow/example_dags/example_sensors.py took 0.098 seconds
[2024-11-25T10:10:32.131+0000] {processor.py:186} INFO - Started process (PID=12355) to work on /home/airflow/.local/lib/python3.12/site-packages/airflow/example_dags/example_sensors.py
[2024-11-25T10:10:32.132+0000] {processor.py:914} INFO - Processing file /home/airflow/.local/lib/python3.12/site-packages/airflow/example_dags/example_sensors.py for tasks to queue
[2024-11-25T10:10:32.133+0000] {logging_mixin.py:190} INFO - [2024-11-25T10:10:32.133+0000] {dagbag.py:588} INFO - Filling up the DagBag from /home/airflow/.local/lib/python3.12/site-packages/airflow/example_dags/example_sensors.py
[2024-11-25T10:10:32.148+0000] {processor.py:925} INFO - DAG(s) 'example_sensors' retrieved from /home/airflow/.local/lib/python3.12/site-packages/airflow/example_dags/example_sensors.py
[2024-11-25T10:10:32.186+0000] {logging_mixin.py:190} INFO - [2024-11-25T10:10:32.186+0000] {dag.py:3239} INFO - Sync 1 DAGs
[2024-11-25T10:10:32.207+0000] {logging_mixin.py:190} INFO - [2024-11-25T10:10:32.206+0000] {dag.py:4180} INFO - Setting next_dagrun for example_sensors to None, run_after=None
[2024-11-25T10:10:32.230+0000] {processor.py:208} INFO - Processing /home/airflow/.local/lib/python3.12/site-packages/airflow/example_dags/example_sensors.py took 0.106 seconds
[2024-11-25T10:11:02.906+0000] {processor.py:186} INFO - Started process (PID=12657) to work on /home/airflow/.local/lib/python3.12/site-packages/airflow/example_dags/example_sensors.py
[2024-11-25T10:11:02.907+0000] {processor.py:914} INFO - Processing file /home/airflow/.local/lib/python3.12/site-packages/airflow/example_dags/example_sensors.py for tasks to queue
[2024-11-25T10:11:02.909+0000] {logging_mixin.py:190} INFO - [2024-11-25T10:11:02.909+0000] {dagbag.py:588} INFO - Filling up the DagBag from /home/airflow/.local/lib/python3.12/site-packages/airflow/example_dags/example_sensors.py
[2024-11-25T10:11:02.926+0000] {processor.py:925} INFO - DAG(s) 'example_sensors' retrieved from /home/airflow/.local/lib/python3.12/site-packages/airflow/example_dags/example_sensors.py
[2024-11-25T10:11:02.958+0000] {logging_mixin.py:190} INFO - [2024-11-25T10:11:02.957+0000] {dag.py:3239} INFO - Sync 1 DAGs
[2024-11-25T10:11:02.977+0000] {logging_mixin.py:190} INFO - [2024-11-25T10:11:02.977+0000] {dag.py:4180} INFO - Setting next_dagrun for example_sensors to None, run_after=None
[2024-11-25T10:11:02.999+0000] {processor.py:208} INFO - Processing /home/airflow/.local/lib/python3.12/site-packages/airflow/example_dags/example_sensors.py took 0.101 seconds
[2024-11-25T10:11:33.410+0000] {processor.py:186} INFO - Started process (PID=12943) to work on /home/airflow/.local/lib/python3.12/site-packages/airflow/example_dags/example_sensors.py
[2024-11-25T10:11:33.412+0000] {processor.py:914} INFO - Processing file /home/airflow/.local/lib/python3.12/site-packages/airflow/example_dags/example_sensors.py for tasks to queue
[2024-11-25T10:11:33.413+0000] {logging_mixin.py:190} INFO - [2024-11-25T10:11:33.413+0000] {dagbag.py:588} INFO - Filling up the DagBag from /home/airflow/.local/lib/python3.12/site-packages/airflow/example_dags/example_sensors.py
[2024-11-25T10:11:33.453+0000] {processor.py:925} INFO - DAG(s) 'example_sensors' retrieved from /home/airflow/.local/lib/python3.12/site-packages/airflow/example_dags/example_sensors.py
[2024-11-25T10:11:33.545+0000] {logging_mixin.py:190} INFO - [2024-11-25T10:11:33.545+0000] {dag.py:3239} INFO - Sync 1 DAGs
[2024-11-25T10:11:33.636+0000] {logging_mixin.py:190} INFO - [2024-11-25T10:11:33.624+0000] {dag.py:4180} INFO - Setting next_dagrun for example_sensors to None, run_after=None
[2024-11-25T10:11:33.738+0000] {processor.py:208} INFO - Processing /home/airflow/.local/lib/python3.12/site-packages/airflow/example_dags/example_sensors.py took 0.337 seconds
