[2024-11-25T09:49:39.964+0000] {processor.py:186} INFO - Started process (PID=265) to work on /home/airflow/.local/lib/python3.12/site-packages/airflow/example_dags/tutorial_dag.py
[2024-11-25T09:49:39.965+0000] {processor.py:914} INFO - Processing file /home/airflow/.local/lib/python3.12/site-packages/airflow/example_dags/tutorial_dag.py for tasks to queue
[2024-11-25T09:49:39.972+0000] {logging_mixin.py:190} INFO - [2024-11-25T09:49:39.970+0000] {dagbag.py:588} INFO - Filling up the DagBag from /home/airflow/.local/lib/python3.12/site-packages/airflow/example_dags/tutorial_dag.py
[2024-11-25T09:49:39.990+0000] {processor.py:925} INFO - DAG(s) 'tutorial_dag' retrieved from /home/airflow/.local/lib/python3.12/site-packages/airflow/example_dags/tutorial_dag.py
[2024-11-25T09:49:40.035+0000] {logging_mixin.py:190} INFO - [2024-11-25T09:49:40.035+0000] {dag.py:3239} INFO - Sync 1 DAGs
[2024-11-25T09:49:40.067+0000] {logging_mixin.py:190} INFO - [2024-11-25T09:49:40.066+0000] {dag.py:4180} INFO - Setting next_dagrun for tutorial_dag to None, run_after=None
[2024-11-25T09:49:40.139+0000] {processor.py:208} INFO - Processing /home/airflow/.local/lib/python3.12/site-packages/airflow/example_dags/tutorial_dag.py took 0.186 seconds
[2024-11-25T09:50:10.653+0000] {processor.py:186} INFO - Started process (PID=561) to work on /home/airflow/.local/lib/python3.12/site-packages/airflow/example_dags/tutorial_dag.py
[2024-11-25T09:50:10.654+0000] {processor.py:914} INFO - Processing file /home/airflow/.local/lib/python3.12/site-packages/airflow/example_dags/tutorial_dag.py for tasks to queue
[2024-11-25T09:50:10.661+0000] {logging_mixin.py:190} INFO - [2024-11-25T09:50:10.660+0000] {dagbag.py:588} INFO - Filling up the DagBag from /home/airflow/.local/lib/python3.12/site-packages/airflow/example_dags/tutorial_dag.py
[2024-11-25T09:50:10.683+0000] {processor.py:925} INFO - DAG(s) 'tutorial_dag' retrieved from /home/airflow/.local/lib/python3.12/site-packages/airflow/example_dags/tutorial_dag.py
[2024-11-25T09:50:10.722+0000] {logging_mixin.py:190} INFO - [2024-11-25T09:50:10.721+0000] {dag.py:3239} INFO - Sync 1 DAGs
[2024-11-25T09:50:10.753+0000] {logging_mixin.py:190} INFO - [2024-11-25T09:50:10.753+0000] {dag.py:4180} INFO - Setting next_dagrun for tutorial_dag to None, run_after=None
[2024-11-25T09:50:10.787+0000] {processor.py:208} INFO - Processing /home/airflow/.local/lib/python3.12/site-packages/airflow/example_dags/tutorial_dag.py took 0.140 seconds
[2024-11-25T09:50:41.308+0000] {processor.py:186} INFO - Started process (PID=859) to work on /home/airflow/.local/lib/python3.12/site-packages/airflow/example_dags/tutorial_dag.py
[2024-11-25T09:50:41.310+0000] {processor.py:914} INFO - Processing file /home/airflow/.local/lib/python3.12/site-packages/airflow/example_dags/tutorial_dag.py for tasks to queue
[2024-11-25T09:50:41.313+0000] {logging_mixin.py:190} INFO - [2024-11-25T09:50:41.312+0000] {dagbag.py:588} INFO - Filling up the DagBag from /home/airflow/.local/lib/python3.12/site-packages/airflow/example_dags/tutorial_dag.py
[2024-11-25T09:50:41.333+0000] {processor.py:925} INFO - DAG(s) 'tutorial_dag' retrieved from /home/airflow/.local/lib/python3.12/site-packages/airflow/example_dags/tutorial_dag.py
[2024-11-25T09:50:41.376+0000] {logging_mixin.py:190} INFO - [2024-11-25T09:50:41.375+0000] {dag.py:3239} INFO - Sync 1 DAGs
[2024-11-25T09:50:41.411+0000] {logging_mixin.py:190} INFO - [2024-11-25T09:50:41.411+0000] {dag.py:4180} INFO - Setting next_dagrun for tutorial_dag to None, run_after=None
[2024-11-25T09:50:41.451+0000] {processor.py:208} INFO - Processing /home/airflow/.local/lib/python3.12/site-packages/airflow/example_dags/tutorial_dag.py took 0.169 seconds
[2024-11-25T09:51:12.434+0000] {processor.py:186} INFO - Started process (PID=1170) to work on /home/airflow/.local/lib/python3.12/site-packages/airflow/example_dags/tutorial_dag.py
[2024-11-25T09:51:12.437+0000] {processor.py:914} INFO - Processing file /home/airflow/.local/lib/python3.12/site-packages/airflow/example_dags/tutorial_dag.py for tasks to queue
[2024-11-25T09:51:12.440+0000] {logging_mixin.py:190} INFO - [2024-11-25T09:51:12.440+0000] {dagbag.py:588} INFO - Filling up the DagBag from /home/airflow/.local/lib/python3.12/site-packages/airflow/example_dags/tutorial_dag.py
[2024-11-25T09:51:12.453+0000] {processor.py:925} INFO - DAG(s) 'tutorial_dag' retrieved from /home/airflow/.local/lib/python3.12/site-packages/airflow/example_dags/tutorial_dag.py
[2024-11-25T09:51:12.479+0000] {logging_mixin.py:190} INFO - [2024-11-25T09:51:12.479+0000] {dag.py:3239} INFO - Sync 1 DAGs
[2024-11-25T09:51:12.495+0000] {logging_mixin.py:190} INFO - [2024-11-25T09:51:12.495+0000] {dag.py:4180} INFO - Setting next_dagrun for tutorial_dag to None, run_after=None
[2024-11-25T09:51:12.521+0000] {processor.py:208} INFO - Processing /home/airflow/.local/lib/python3.12/site-packages/airflow/example_dags/tutorial_dag.py took 0.099 seconds
[2024-11-25T09:51:42.652+0000] {processor.py:186} INFO - Started process (PID=1471) to work on /home/airflow/.local/lib/python3.12/site-packages/airflow/example_dags/tutorial_dag.py
[2024-11-25T09:51:42.653+0000] {processor.py:914} INFO - Processing file /home/airflow/.local/lib/python3.12/site-packages/airflow/example_dags/tutorial_dag.py for tasks to queue
[2024-11-25T09:51:42.655+0000] {logging_mixin.py:190} INFO - [2024-11-25T09:51:42.655+0000] {dagbag.py:588} INFO - Filling up the DagBag from /home/airflow/.local/lib/python3.12/site-packages/airflow/example_dags/tutorial_dag.py
[2024-11-25T09:51:42.676+0000] {processor.py:925} INFO - DAG(s) 'tutorial_dag' retrieved from /home/airflow/.local/lib/python3.12/site-packages/airflow/example_dags/tutorial_dag.py
[2024-11-25T09:51:42.704+0000] {logging_mixin.py:190} INFO - [2024-11-25T09:51:42.704+0000] {dag.py:3239} INFO - Sync 1 DAGs
[2024-11-25T09:51:42.725+0000] {logging_mixin.py:190} INFO - [2024-11-25T09:51:42.725+0000] {dag.py:4180} INFO - Setting next_dagrun for tutorial_dag to None, run_after=None
[2024-11-25T09:51:42.758+0000] {processor.py:208} INFO - Processing /home/airflow/.local/lib/python3.12/site-packages/airflow/example_dags/tutorial_dag.py took 0.113 seconds
[2024-11-25T09:52:13.401+0000] {processor.py:186} INFO - Started process (PID=1767) to work on /home/airflow/.local/lib/python3.12/site-packages/airflow/example_dags/tutorial_dag.py
[2024-11-25T09:52:13.405+0000] {processor.py:914} INFO - Processing file /home/airflow/.local/lib/python3.12/site-packages/airflow/example_dags/tutorial_dag.py for tasks to queue
[2024-11-25T09:52:13.408+0000] {logging_mixin.py:190} INFO - [2024-11-25T09:52:13.408+0000] {dagbag.py:588} INFO - Filling up the DagBag from /home/airflow/.local/lib/python3.12/site-packages/airflow/example_dags/tutorial_dag.py
[2024-11-25T09:52:13.436+0000] {processor.py:925} INFO - DAG(s) 'tutorial_dag' retrieved from /home/airflow/.local/lib/python3.12/site-packages/airflow/example_dags/tutorial_dag.py
[2024-11-25T09:52:13.477+0000] {logging_mixin.py:190} INFO - [2024-11-25T09:52:13.476+0000] {dag.py:3239} INFO - Sync 1 DAGs
[2024-11-25T09:52:13.526+0000] {logging_mixin.py:190} INFO - [2024-11-25T09:52:13.525+0000] {dag.py:4180} INFO - Setting next_dagrun for tutorial_dag to None, run_after=None
[2024-11-25T09:52:13.575+0000] {processor.py:208} INFO - Processing /home/airflow/.local/lib/python3.12/site-packages/airflow/example_dags/tutorial_dag.py took 0.183 seconds
[2024-11-25T09:52:43.833+0000] {processor.py:186} INFO - Started process (PID=2063) to work on /home/airflow/.local/lib/python3.12/site-packages/airflow/example_dags/tutorial_dag.py
[2024-11-25T09:52:43.835+0000] {processor.py:914} INFO - Processing file /home/airflow/.local/lib/python3.12/site-packages/airflow/example_dags/tutorial_dag.py for tasks to queue
[2024-11-25T09:52:43.837+0000] {logging_mixin.py:190} INFO - [2024-11-25T09:52:43.836+0000] {dagbag.py:588} INFO - Filling up the DagBag from /home/airflow/.local/lib/python3.12/site-packages/airflow/example_dags/tutorial_dag.py
[2024-11-25T09:52:43.857+0000] {processor.py:925} INFO - DAG(s) 'tutorial_dag' retrieved from /home/airflow/.local/lib/python3.12/site-packages/airflow/example_dags/tutorial_dag.py
[2024-11-25T09:52:43.900+0000] {logging_mixin.py:190} INFO - [2024-11-25T09:52:43.899+0000] {dag.py:3239} INFO - Sync 1 DAGs
[2024-11-25T09:52:43.924+0000] {logging_mixin.py:190} INFO - [2024-11-25T09:52:43.924+0000] {dag.py:4180} INFO - Setting next_dagrun for tutorial_dag to None, run_after=None
[2024-11-25T09:52:43.969+0000] {processor.py:208} INFO - Processing /home/airflow/.local/lib/python3.12/site-packages/airflow/example_dags/tutorial_dag.py took 0.149 seconds
[2024-11-25T09:53:14.468+0000] {processor.py:186} INFO - Started process (PID=2359) to work on /home/airflow/.local/lib/python3.12/site-packages/airflow/example_dags/tutorial_dag.py
[2024-11-25T09:53:14.470+0000] {processor.py:914} INFO - Processing file /home/airflow/.local/lib/python3.12/site-packages/airflow/example_dags/tutorial_dag.py for tasks to queue
[2024-11-25T09:53:14.472+0000] {logging_mixin.py:190} INFO - [2024-11-25T09:53:14.472+0000] {dagbag.py:588} INFO - Filling up the DagBag from /home/airflow/.local/lib/python3.12/site-packages/airflow/example_dags/tutorial_dag.py
[2024-11-25T09:53:14.482+0000] {processor.py:925} INFO - DAG(s) 'tutorial_dag' retrieved from /home/airflow/.local/lib/python3.12/site-packages/airflow/example_dags/tutorial_dag.py
[2024-11-25T09:53:14.506+0000] {logging_mixin.py:190} INFO - [2024-11-25T09:53:14.506+0000] {dag.py:3239} INFO - Sync 1 DAGs
[2024-11-25T09:53:14.523+0000] {logging_mixin.py:190} INFO - [2024-11-25T09:53:14.523+0000] {dag.py:4180} INFO - Setting next_dagrun for tutorial_dag to None, run_after=None
[2024-11-25T09:53:14.551+0000] {processor.py:208} INFO - Processing /home/airflow/.local/lib/python3.12/site-packages/airflow/example_dags/tutorial_dag.py took 0.089 seconds
[2024-11-25T09:53:45.183+0000] {processor.py:186} INFO - Started process (PID=2655) to work on /home/airflow/.local/lib/python3.12/site-packages/airflow/example_dags/tutorial_dag.py
[2024-11-25T09:53:45.184+0000] {processor.py:914} INFO - Processing file /home/airflow/.local/lib/python3.12/site-packages/airflow/example_dags/tutorial_dag.py for tasks to queue
[2024-11-25T09:53:45.186+0000] {logging_mixin.py:190} INFO - [2024-11-25T09:53:45.185+0000] {dagbag.py:588} INFO - Filling up the DagBag from /home/airflow/.local/lib/python3.12/site-packages/airflow/example_dags/tutorial_dag.py
[2024-11-25T09:53:45.195+0000] {processor.py:925} INFO - DAG(s) 'tutorial_dag' retrieved from /home/airflow/.local/lib/python3.12/site-packages/airflow/example_dags/tutorial_dag.py
[2024-11-25T09:53:45.221+0000] {logging_mixin.py:190} INFO - [2024-11-25T09:53:45.221+0000] {dag.py:3239} INFO - Sync 1 DAGs
[2024-11-25T09:53:45.238+0000] {logging_mixin.py:190} INFO - [2024-11-25T09:53:45.238+0000] {dag.py:4180} INFO - Setting next_dagrun for tutorial_dag to None, run_after=None
[2024-11-25T09:53:45.272+0000] {processor.py:208} INFO - Processing /home/airflow/.local/lib/python3.12/site-packages/airflow/example_dags/tutorial_dag.py took 0.096 seconds
[2024-11-25T09:54:15.520+0000] {processor.py:186} INFO - Started process (PID=2951) to work on /home/airflow/.local/lib/python3.12/site-packages/airflow/example_dags/tutorial_dag.py
[2024-11-25T09:54:15.522+0000] {processor.py:914} INFO - Processing file /home/airflow/.local/lib/python3.12/site-packages/airflow/example_dags/tutorial_dag.py for tasks to queue
[2024-11-25T09:54:15.524+0000] {logging_mixin.py:190} INFO - [2024-11-25T09:54:15.523+0000] {dagbag.py:588} INFO - Filling up the DagBag from /home/airflow/.local/lib/python3.12/site-packages/airflow/example_dags/tutorial_dag.py
[2024-11-25T09:54:15.533+0000] {processor.py:925} INFO - DAG(s) 'tutorial_dag' retrieved from /home/airflow/.local/lib/python3.12/site-packages/airflow/example_dags/tutorial_dag.py
[2024-11-25T09:54:15.558+0000] {logging_mixin.py:190} INFO - [2024-11-25T09:54:15.558+0000] {dag.py:3239} INFO - Sync 1 DAGs
[2024-11-25T09:54:15.575+0000] {logging_mixin.py:190} INFO - [2024-11-25T09:54:15.574+0000] {dag.py:4180} INFO - Setting next_dagrun for tutorial_dag to None, run_after=None
[2024-11-25T09:54:15.599+0000] {processor.py:208} INFO - Processing /home/airflow/.local/lib/python3.12/site-packages/airflow/example_dags/tutorial_dag.py took 0.084 seconds
[2024-11-25T09:54:46.018+0000] {processor.py:186} INFO - Started process (PID=3247) to work on /home/airflow/.local/lib/python3.12/site-packages/airflow/example_dags/tutorial_dag.py
[2024-11-25T09:54:46.020+0000] {processor.py:914} INFO - Processing file /home/airflow/.local/lib/python3.12/site-packages/airflow/example_dags/tutorial_dag.py for tasks to queue
[2024-11-25T09:54:46.021+0000] {logging_mixin.py:190} INFO - [2024-11-25T09:54:46.021+0000] {dagbag.py:588} INFO - Filling up the DagBag from /home/airflow/.local/lib/python3.12/site-packages/airflow/example_dags/tutorial_dag.py
[2024-11-25T09:54:46.030+0000] {processor.py:925} INFO - DAG(s) 'tutorial_dag' retrieved from /home/airflow/.local/lib/python3.12/site-packages/airflow/example_dags/tutorial_dag.py
[2024-11-25T09:54:46.056+0000] {logging_mixin.py:190} INFO - [2024-11-25T09:54:46.056+0000] {dag.py:3239} INFO - Sync 1 DAGs
[2024-11-25T09:54:46.073+0000] {logging_mixin.py:190} INFO - [2024-11-25T09:54:46.073+0000] {dag.py:4180} INFO - Setting next_dagrun for tutorial_dag to None, run_after=None
[2024-11-25T09:54:46.094+0000] {processor.py:208} INFO - Processing /home/airflow/.local/lib/python3.12/site-packages/airflow/example_dags/tutorial_dag.py took 0.082 seconds
[2024-11-25T09:55:16.773+0000] {processor.py:186} INFO - Started process (PID=3543) to work on /home/airflow/.local/lib/python3.12/site-packages/airflow/example_dags/tutorial_dag.py
[2024-11-25T09:55:16.774+0000] {processor.py:914} INFO - Processing file /home/airflow/.local/lib/python3.12/site-packages/airflow/example_dags/tutorial_dag.py for tasks to queue
[2024-11-25T09:55:16.776+0000] {logging_mixin.py:190} INFO - [2024-11-25T09:55:16.776+0000] {dagbag.py:588} INFO - Filling up the DagBag from /home/airflow/.local/lib/python3.12/site-packages/airflow/example_dags/tutorial_dag.py
[2024-11-25T09:55:16.790+0000] {processor.py:925} INFO - DAG(s) 'tutorial_dag' retrieved from /home/airflow/.local/lib/python3.12/site-packages/airflow/example_dags/tutorial_dag.py
[2024-11-25T09:55:16.821+0000] {logging_mixin.py:190} INFO - [2024-11-25T09:55:16.820+0000] {dag.py:3239} INFO - Sync 1 DAGs
[2024-11-25T09:55:16.840+0000] {logging_mixin.py:190} INFO - [2024-11-25T09:55:16.840+0000] {dag.py:4180} INFO - Setting next_dagrun for tutorial_dag to None, run_after=None
[2024-11-25T09:55:16.871+0000] {processor.py:208} INFO - Processing /home/airflow/.local/lib/python3.12/site-packages/airflow/example_dags/tutorial_dag.py took 0.106 seconds
[2024-11-25T09:55:47.149+0000] {processor.py:186} INFO - Started process (PID=3840) to work on /home/airflow/.local/lib/python3.12/site-packages/airflow/example_dags/tutorial_dag.py
[2024-11-25T09:55:47.150+0000] {processor.py:914} INFO - Processing file /home/airflow/.local/lib/python3.12/site-packages/airflow/example_dags/tutorial_dag.py for tasks to queue
[2024-11-25T09:55:47.151+0000] {logging_mixin.py:190} INFO - [2024-11-25T09:55:47.151+0000] {dagbag.py:588} INFO - Filling up the DagBag from /home/airflow/.local/lib/python3.12/site-packages/airflow/example_dags/tutorial_dag.py
[2024-11-25T09:55:47.160+0000] {processor.py:925} INFO - DAG(s) 'tutorial_dag' retrieved from /home/airflow/.local/lib/python3.12/site-packages/airflow/example_dags/tutorial_dag.py
[2024-11-25T09:55:47.183+0000] {logging_mixin.py:190} INFO - [2024-11-25T09:55:47.183+0000] {dag.py:3239} INFO - Sync 1 DAGs
[2024-11-25T09:55:47.199+0000] {logging_mixin.py:190} INFO - [2024-11-25T09:55:47.199+0000] {dag.py:4180} INFO - Setting next_dagrun for tutorial_dag to None, run_after=None
[2024-11-25T09:55:47.223+0000] {processor.py:208} INFO - Processing /home/airflow/.local/lib/python3.12/site-packages/airflow/example_dags/tutorial_dag.py took 0.080 seconds
[2024-11-25T09:56:18.013+0000] {processor.py:186} INFO - Started process (PID=4136) to work on /home/airflow/.local/lib/python3.12/site-packages/airflow/example_dags/tutorial_dag.py
[2024-11-25T09:56:18.014+0000] {processor.py:914} INFO - Processing file /home/airflow/.local/lib/python3.12/site-packages/airflow/example_dags/tutorial_dag.py for tasks to queue
[2024-11-25T09:56:18.015+0000] {logging_mixin.py:190} INFO - [2024-11-25T09:56:18.015+0000] {dagbag.py:588} INFO - Filling up the DagBag from /home/airflow/.local/lib/python3.12/site-packages/airflow/example_dags/tutorial_dag.py
[2024-11-25T09:56:18.024+0000] {processor.py:925} INFO - DAG(s) 'tutorial_dag' retrieved from /home/airflow/.local/lib/python3.12/site-packages/airflow/example_dags/tutorial_dag.py
[2024-11-25T09:56:18.049+0000] {logging_mixin.py:190} INFO - [2024-11-25T09:56:18.049+0000] {dag.py:3239} INFO - Sync 1 DAGs
[2024-11-25T09:56:18.066+0000] {logging_mixin.py:190} INFO - [2024-11-25T09:56:18.066+0000] {dag.py:4180} INFO - Setting next_dagrun for tutorial_dag to None, run_after=None
[2024-11-25T09:56:18.090+0000] {processor.py:208} INFO - Processing /home/airflow/.local/lib/python3.12/site-packages/airflow/example_dags/tutorial_dag.py took 0.083 seconds
[2024-11-25T09:56:48.547+0000] {processor.py:186} INFO - Started process (PID=4432) to work on /home/airflow/.local/lib/python3.12/site-packages/airflow/example_dags/tutorial_dag.py
[2024-11-25T09:56:48.553+0000] {processor.py:914} INFO - Processing file /home/airflow/.local/lib/python3.12/site-packages/airflow/example_dags/tutorial_dag.py for tasks to queue
[2024-11-25T09:56:48.555+0000] {logging_mixin.py:190} INFO - [2024-11-25T09:56:48.555+0000] {dagbag.py:588} INFO - Filling up the DagBag from /home/airflow/.local/lib/python3.12/site-packages/airflow/example_dags/tutorial_dag.py
[2024-11-25T09:56:48.571+0000] {processor.py:925} INFO - DAG(s) 'tutorial_dag' retrieved from /home/airflow/.local/lib/python3.12/site-packages/airflow/example_dags/tutorial_dag.py
[2024-11-25T09:56:48.611+0000] {logging_mixin.py:190} INFO - [2024-11-25T09:56:48.610+0000] {dag.py:3239} INFO - Sync 1 DAGs
[2024-11-25T09:56:48.637+0000] {logging_mixin.py:190} INFO - [2024-11-25T09:56:48.637+0000] {dag.py:4180} INFO - Setting next_dagrun for tutorial_dag to None, run_after=None
[2024-11-25T09:56:48.671+0000] {processor.py:208} INFO - Processing /home/airflow/.local/lib/python3.12/site-packages/airflow/example_dags/tutorial_dag.py took 0.132 seconds
[2024-11-25T09:57:19.124+0000] {processor.py:186} INFO - Started process (PID=4733) to work on /home/airflow/.local/lib/python3.12/site-packages/airflow/example_dags/tutorial_dag.py
[2024-11-25T09:57:19.125+0000] {processor.py:914} INFO - Processing file /home/airflow/.local/lib/python3.12/site-packages/airflow/example_dags/tutorial_dag.py for tasks to queue
[2024-11-25T09:57:19.126+0000] {logging_mixin.py:190} INFO - [2024-11-25T09:57:19.126+0000] {dagbag.py:588} INFO - Filling up the DagBag from /home/airflow/.local/lib/python3.12/site-packages/airflow/example_dags/tutorial_dag.py
[2024-11-25T09:57:19.136+0000] {processor.py:925} INFO - DAG(s) 'tutorial_dag' retrieved from /home/airflow/.local/lib/python3.12/site-packages/airflow/example_dags/tutorial_dag.py
[2024-11-25T09:57:19.163+0000] {logging_mixin.py:190} INFO - [2024-11-25T09:57:19.162+0000] {dag.py:3239} INFO - Sync 1 DAGs
[2024-11-25T09:57:19.184+0000] {logging_mixin.py:190} INFO - [2024-11-25T09:57:19.184+0000] {dag.py:4180} INFO - Setting next_dagrun for tutorial_dag to None, run_after=None
[2024-11-25T09:57:19.214+0000] {processor.py:208} INFO - Processing /home/airflow/.local/lib/python3.12/site-packages/airflow/example_dags/tutorial_dag.py took 0.098 seconds
[2024-11-25T09:57:49.738+0000] {processor.py:186} INFO - Started process (PID=5032) to work on /home/airflow/.local/lib/python3.12/site-packages/airflow/example_dags/tutorial_dag.py
[2024-11-25T09:57:49.739+0000] {processor.py:914} INFO - Processing file /home/airflow/.local/lib/python3.12/site-packages/airflow/example_dags/tutorial_dag.py for tasks to queue
[2024-11-25T09:57:49.740+0000] {logging_mixin.py:190} INFO - [2024-11-25T09:57:49.740+0000] {dagbag.py:588} INFO - Filling up the DagBag from /home/airflow/.local/lib/python3.12/site-packages/airflow/example_dags/tutorial_dag.py
[2024-11-25T09:57:49.753+0000] {processor.py:925} INFO - DAG(s) 'tutorial_dag' retrieved from /home/airflow/.local/lib/python3.12/site-packages/airflow/example_dags/tutorial_dag.py
[2024-11-25T09:57:49.778+0000] {logging_mixin.py:190} INFO - [2024-11-25T09:57:49.777+0000] {dag.py:3239} INFO - Sync 1 DAGs
[2024-11-25T09:57:49.808+0000] {logging_mixin.py:190} INFO - [2024-11-25T09:57:49.807+0000] {dag.py:4180} INFO - Setting next_dagrun for tutorial_dag to None, run_after=None
[2024-11-25T09:57:49.842+0000] {processor.py:208} INFO - Processing /home/airflow/.local/lib/python3.12/site-packages/airflow/example_dags/tutorial_dag.py took 0.113 seconds
[2024-11-25T09:58:21.877+0000] {processor.py:186} INFO - Started process (PID=5326) to work on /home/airflow/.local/lib/python3.12/site-packages/airflow/example_dags/tutorial_dag.py
[2024-11-25T09:58:21.878+0000] {processor.py:914} INFO - Processing file /home/airflow/.local/lib/python3.12/site-packages/airflow/example_dags/tutorial_dag.py for tasks to queue
[2024-11-25T09:58:21.882+0000] {logging_mixin.py:190} INFO - [2024-11-25T09:58:21.881+0000] {dagbag.py:588} INFO - Filling up the DagBag from /home/airflow/.local/lib/python3.12/site-packages/airflow/example_dags/tutorial_dag.py
[2024-11-25T09:58:21.894+0000] {processor.py:925} INFO - DAG(s) 'tutorial_dag' retrieved from /home/airflow/.local/lib/python3.12/site-packages/airflow/example_dags/tutorial_dag.py
[2024-11-25T09:58:21.918+0000] {logging_mixin.py:190} INFO - [2024-11-25T09:58:21.917+0000] {dag.py:3239} INFO - Sync 1 DAGs
[2024-11-25T09:58:21.939+0000] {logging_mixin.py:190} INFO - [2024-11-25T09:58:21.939+0000] {dag.py:4180} INFO - Setting next_dagrun for tutorial_dag to None, run_after=None
[2024-11-25T09:58:21.969+0000] {processor.py:208} INFO - Processing /home/airflow/.local/lib/python3.12/site-packages/airflow/example_dags/tutorial_dag.py took 0.100 seconds
[2024-11-25T09:58:52.761+0000] {processor.py:186} INFO - Started process (PID=5607) to work on /home/airflow/.local/lib/python3.12/site-packages/airflow/example_dags/tutorial_dag.py
[2024-11-25T09:58:52.763+0000] {processor.py:914} INFO - Processing file /home/airflow/.local/lib/python3.12/site-packages/airflow/example_dags/tutorial_dag.py for tasks to queue
[2024-11-25T09:58:52.764+0000] {logging_mixin.py:190} INFO - [2024-11-25T09:58:52.764+0000] {dagbag.py:588} INFO - Filling up the DagBag from /home/airflow/.local/lib/python3.12/site-packages/airflow/example_dags/tutorial_dag.py
[2024-11-25T09:58:52.774+0000] {processor.py:925} INFO - DAG(s) 'tutorial_dag' retrieved from /home/airflow/.local/lib/python3.12/site-packages/airflow/example_dags/tutorial_dag.py
[2024-11-25T09:58:52.810+0000] {logging_mixin.py:190} INFO - [2024-11-25T09:58:52.809+0000] {dag.py:3239} INFO - Sync 1 DAGs
[2024-11-25T09:58:52.826+0000] {logging_mixin.py:190} INFO - [2024-11-25T09:58:52.826+0000] {dag.py:4180} INFO - Setting next_dagrun for tutorial_dag to None, run_after=None
[2024-11-25T09:58:52.849+0000] {processor.py:208} INFO - Processing /home/airflow/.local/lib/python3.12/site-packages/airflow/example_dags/tutorial_dag.py took 0.094 seconds
[2024-11-25T09:59:22.954+0000] {processor.py:186} INFO - Started process (PID=5903) to work on /home/airflow/.local/lib/python3.12/site-packages/airflow/example_dags/tutorial_dag.py
[2024-11-25T09:59:22.955+0000] {processor.py:914} INFO - Processing file /home/airflow/.local/lib/python3.12/site-packages/airflow/example_dags/tutorial_dag.py for tasks to queue
[2024-11-25T09:59:22.956+0000] {logging_mixin.py:190} INFO - [2024-11-25T09:59:22.956+0000] {dagbag.py:588} INFO - Filling up the DagBag from /home/airflow/.local/lib/python3.12/site-packages/airflow/example_dags/tutorial_dag.py
[2024-11-25T09:59:22.967+0000] {processor.py:925} INFO - DAG(s) 'tutorial_dag' retrieved from /home/airflow/.local/lib/python3.12/site-packages/airflow/example_dags/tutorial_dag.py
[2024-11-25T09:59:22.992+0000] {logging_mixin.py:190} INFO - [2024-11-25T09:59:22.992+0000] {dag.py:3239} INFO - Sync 1 DAGs
[2024-11-25T09:59:23.013+0000] {logging_mixin.py:190} INFO - [2024-11-25T09:59:23.013+0000] {dag.py:4180} INFO - Setting next_dagrun for tutorial_dag to None, run_after=None
[2024-11-25T09:59:23.041+0000] {processor.py:208} INFO - Processing /home/airflow/.local/lib/python3.12/site-packages/airflow/example_dags/tutorial_dag.py took 0.094 seconds
[2024-11-25T09:59:53.843+0000] {processor.py:186} INFO - Started process (PID=6169) to work on /home/airflow/.local/lib/python3.12/site-packages/airflow/example_dags/tutorial_dag.py
[2024-11-25T09:59:53.844+0000] {processor.py:914} INFO - Processing file /home/airflow/.local/lib/python3.12/site-packages/airflow/example_dags/tutorial_dag.py for tasks to queue
[2024-11-25T09:59:53.845+0000] {logging_mixin.py:190} INFO - [2024-11-25T09:59:53.845+0000] {dagbag.py:588} INFO - Filling up the DagBag from /home/airflow/.local/lib/python3.12/site-packages/airflow/example_dags/tutorial_dag.py
[2024-11-25T09:59:53.854+0000] {processor.py:925} INFO - DAG(s) 'tutorial_dag' retrieved from /home/airflow/.local/lib/python3.12/site-packages/airflow/example_dags/tutorial_dag.py
[2024-11-25T09:59:53.874+0000] {logging_mixin.py:190} INFO - [2024-11-25T09:59:53.874+0000] {dag.py:3239} INFO - Sync 1 DAGs
[2024-11-25T09:59:53.890+0000] {logging_mixin.py:190} INFO - [2024-11-25T09:59:53.890+0000] {dag.py:4180} INFO - Setting next_dagrun for tutorial_dag to None, run_after=None
[2024-11-25T09:59:53.911+0000] {processor.py:208} INFO - Processing /home/airflow/.local/lib/python3.12/site-packages/airflow/example_dags/tutorial_dag.py took 0.075 seconds
[2024-11-25T10:00:25.157+0000] {processor.py:186} INFO - Started process (PID=6463) to work on /home/airflow/.local/lib/python3.12/site-packages/airflow/example_dags/tutorial_dag.py
[2024-11-25T10:00:25.158+0000] {processor.py:914} INFO - Processing file /home/airflow/.local/lib/python3.12/site-packages/airflow/example_dags/tutorial_dag.py for tasks to queue
[2024-11-25T10:00:25.160+0000] {logging_mixin.py:190} INFO - [2024-11-25T10:00:25.160+0000] {dagbag.py:588} INFO - Filling up the DagBag from /home/airflow/.local/lib/python3.12/site-packages/airflow/example_dags/tutorial_dag.py
[2024-11-25T10:00:25.171+0000] {processor.py:925} INFO - DAG(s) 'tutorial_dag' retrieved from /home/airflow/.local/lib/python3.12/site-packages/airflow/example_dags/tutorial_dag.py
[2024-11-25T10:00:25.196+0000] {logging_mixin.py:190} INFO - [2024-11-25T10:00:25.195+0000] {dag.py:3239} INFO - Sync 1 DAGs
[2024-11-25T10:00:25.212+0000] {logging_mixin.py:190} INFO - [2024-11-25T10:00:25.212+0000] {dag.py:4180} INFO - Setting next_dagrun for tutorial_dag to None, run_after=None
[2024-11-25T10:00:25.237+0000] {processor.py:208} INFO - Processing /home/airflow/.local/lib/python3.12/site-packages/airflow/example_dags/tutorial_dag.py took 0.087 seconds
[2024-11-25T10:00:55.805+0000] {processor.py:186} INFO - Started process (PID=6746) to work on /home/airflow/.local/lib/python3.12/site-packages/airflow/example_dags/tutorial_dag.py
[2024-11-25T10:00:55.806+0000] {processor.py:914} INFO - Processing file /home/airflow/.local/lib/python3.12/site-packages/airflow/example_dags/tutorial_dag.py for tasks to queue
[2024-11-25T10:00:55.808+0000] {logging_mixin.py:190} INFO - [2024-11-25T10:00:55.808+0000] {dagbag.py:588} INFO - Filling up the DagBag from /home/airflow/.local/lib/python3.12/site-packages/airflow/example_dags/tutorial_dag.py
[2024-11-25T10:00:55.822+0000] {processor.py:925} INFO - DAG(s) 'tutorial_dag' retrieved from /home/airflow/.local/lib/python3.12/site-packages/airflow/example_dags/tutorial_dag.py
[2024-11-25T10:00:55.847+0000] {logging_mixin.py:190} INFO - [2024-11-25T10:00:55.847+0000] {dag.py:3239} INFO - Sync 1 DAGs
[2024-11-25T10:00:55.869+0000] {logging_mixin.py:190} INFO - [2024-11-25T10:00:55.869+0000] {dag.py:4180} INFO - Setting next_dagrun for tutorial_dag to None, run_after=None
[2024-11-25T10:00:55.961+0000] {processor.py:208} INFO - Processing /home/airflow/.local/lib/python3.12/site-packages/airflow/example_dags/tutorial_dag.py took 0.164 seconds
[2024-11-25T10:01:26.290+0000] {processor.py:186} INFO - Started process (PID=7042) to work on /home/airflow/.local/lib/python3.12/site-packages/airflow/example_dags/tutorial_dag.py
[2024-11-25T10:01:26.291+0000] {processor.py:914} INFO - Processing file /home/airflow/.local/lib/python3.12/site-packages/airflow/example_dags/tutorial_dag.py for tasks to queue
[2024-11-25T10:01:26.294+0000] {logging_mixin.py:190} INFO - [2024-11-25T10:01:26.293+0000] {dagbag.py:588} INFO - Filling up the DagBag from /home/airflow/.local/lib/python3.12/site-packages/airflow/example_dags/tutorial_dag.py
[2024-11-25T10:01:26.313+0000] {processor.py:925} INFO - DAG(s) 'tutorial_dag' retrieved from /home/airflow/.local/lib/python3.12/site-packages/airflow/example_dags/tutorial_dag.py
[2024-11-25T10:01:26.355+0000] {logging_mixin.py:190} INFO - [2024-11-25T10:01:26.354+0000] {dag.py:3239} INFO - Sync 1 DAGs
[2024-11-25T10:01:26.387+0000] {logging_mixin.py:190} INFO - [2024-11-25T10:01:26.387+0000] {dag.py:4180} INFO - Setting next_dagrun for tutorial_dag to None, run_after=None
[2024-11-25T10:01:26.430+0000] {processor.py:208} INFO - Processing /home/airflow/.local/lib/python3.12/site-packages/airflow/example_dags/tutorial_dag.py took 0.152 seconds
[2024-11-25T10:01:56.532+0000] {processor.py:186} INFO - Started process (PID=7338) to work on /home/airflow/.local/lib/python3.12/site-packages/airflow/example_dags/tutorial_dag.py
[2024-11-25T10:01:56.533+0000] {processor.py:914} INFO - Processing file /home/airflow/.local/lib/python3.12/site-packages/airflow/example_dags/tutorial_dag.py for tasks to queue
[2024-11-25T10:01:56.535+0000] {logging_mixin.py:190} INFO - [2024-11-25T10:01:56.535+0000] {dagbag.py:588} INFO - Filling up the DagBag from /home/airflow/.local/lib/python3.12/site-packages/airflow/example_dags/tutorial_dag.py
[2024-11-25T10:01:56.544+0000] {processor.py:925} INFO - DAG(s) 'tutorial_dag' retrieved from /home/airflow/.local/lib/python3.12/site-packages/airflow/example_dags/tutorial_dag.py
[2024-11-25T10:01:56.565+0000] {logging_mixin.py:190} INFO - [2024-11-25T10:01:56.565+0000] {dag.py:3239} INFO - Sync 1 DAGs
[2024-11-25T10:01:56.581+0000] {logging_mixin.py:190} INFO - [2024-11-25T10:01:56.581+0000] {dag.py:4180} INFO - Setting next_dagrun for tutorial_dag to None, run_after=None
[2024-11-25T10:01:56.609+0000] {processor.py:208} INFO - Processing /home/airflow/.local/lib/python3.12/site-packages/airflow/example_dags/tutorial_dag.py took 0.083 seconds
[2024-11-25T10:02:27.366+0000] {processor.py:186} INFO - Started process (PID=7634) to work on /home/airflow/.local/lib/python3.12/site-packages/airflow/example_dags/tutorial_dag.py
[2024-11-25T10:02:27.367+0000] {processor.py:914} INFO - Processing file /home/airflow/.local/lib/python3.12/site-packages/airflow/example_dags/tutorial_dag.py for tasks to queue
[2024-11-25T10:02:27.369+0000] {logging_mixin.py:190} INFO - [2024-11-25T10:02:27.369+0000] {dagbag.py:588} INFO - Filling up the DagBag from /home/airflow/.local/lib/python3.12/site-packages/airflow/example_dags/tutorial_dag.py
[2024-11-25T10:02:27.378+0000] {processor.py:925} INFO - DAG(s) 'tutorial_dag' retrieved from /home/airflow/.local/lib/python3.12/site-packages/airflow/example_dags/tutorial_dag.py
[2024-11-25T10:02:27.406+0000] {logging_mixin.py:190} INFO - [2024-11-25T10:02:27.406+0000] {dag.py:3239} INFO - Sync 1 DAGs
[2024-11-25T10:02:27.424+0000] {logging_mixin.py:190} INFO - [2024-11-25T10:02:27.423+0000] {dag.py:4180} INFO - Setting next_dagrun for tutorial_dag to None, run_after=None
[2024-11-25T10:02:27.448+0000] {processor.py:208} INFO - Processing /home/airflow/.local/lib/python3.12/site-packages/airflow/example_dags/tutorial_dag.py took 0.088 seconds
[2024-11-25T10:02:57.528+0000] {processor.py:186} INFO - Started process (PID=7941) to work on /home/airflow/.local/lib/python3.12/site-packages/airflow/example_dags/tutorial_dag.py
[2024-11-25T10:02:57.529+0000] {processor.py:914} INFO - Processing file /home/airflow/.local/lib/python3.12/site-packages/airflow/example_dags/tutorial_dag.py for tasks to queue
[2024-11-25T10:02:57.531+0000] {logging_mixin.py:190} INFO - [2024-11-25T10:02:57.531+0000] {dagbag.py:588} INFO - Filling up the DagBag from /home/airflow/.local/lib/python3.12/site-packages/airflow/example_dags/tutorial_dag.py
[2024-11-25T10:02:57.544+0000] {processor.py:925} INFO - DAG(s) 'tutorial_dag' retrieved from /home/airflow/.local/lib/python3.12/site-packages/airflow/example_dags/tutorial_dag.py
[2024-11-25T10:02:57.569+0000] {logging_mixin.py:190} INFO - [2024-11-25T10:02:57.569+0000] {dag.py:3239} INFO - Sync 1 DAGs
[2024-11-25T10:02:57.596+0000] {logging_mixin.py:190} INFO - [2024-11-25T10:02:57.596+0000] {dag.py:4180} INFO - Setting next_dagrun for tutorial_dag to None, run_after=None
[2024-11-25T10:02:57.623+0000] {processor.py:208} INFO - Processing /home/airflow/.local/lib/python3.12/site-packages/airflow/example_dags/tutorial_dag.py took 0.104 seconds
[2024-11-25T10:03:28.644+0000] {processor.py:186} INFO - Started process (PID=8237) to work on /home/airflow/.local/lib/python3.12/site-packages/airflow/example_dags/tutorial_dag.py
[2024-11-25T10:03:28.646+0000] {processor.py:914} INFO - Processing file /home/airflow/.local/lib/python3.12/site-packages/airflow/example_dags/tutorial_dag.py for tasks to queue
[2024-11-25T10:03:28.648+0000] {logging_mixin.py:190} INFO - [2024-11-25T10:03:28.647+0000] {dagbag.py:588} INFO - Filling up the DagBag from /home/airflow/.local/lib/python3.12/site-packages/airflow/example_dags/tutorial_dag.py
[2024-11-25T10:03:28.667+0000] {processor.py:925} INFO - DAG(s) 'tutorial_dag' retrieved from /home/airflow/.local/lib/python3.12/site-packages/airflow/example_dags/tutorial_dag.py
[2024-11-25T10:03:28.711+0000] {logging_mixin.py:190} INFO - [2024-11-25T10:03:28.710+0000] {dag.py:3239} INFO - Sync 1 DAGs
[2024-11-25T10:03:28.732+0000] {logging_mixin.py:190} INFO - [2024-11-25T10:03:28.731+0000] {dag.py:4180} INFO - Setting next_dagrun for tutorial_dag to None, run_after=None
[2024-11-25T10:03:28.763+0000] {processor.py:208} INFO - Processing /home/airflow/.local/lib/python3.12/site-packages/airflow/example_dags/tutorial_dag.py took 0.135 seconds
[2024-11-25T10:03:58.864+0000] {processor.py:186} INFO - Started process (PID=8536) to work on /home/airflow/.local/lib/python3.12/site-packages/airflow/example_dags/tutorial_dag.py
[2024-11-25T10:03:58.865+0000] {processor.py:914} INFO - Processing file /home/airflow/.local/lib/python3.12/site-packages/airflow/example_dags/tutorial_dag.py for tasks to queue
[2024-11-25T10:03:58.866+0000] {logging_mixin.py:190} INFO - [2024-11-25T10:03:58.866+0000] {dagbag.py:588} INFO - Filling up the DagBag from /home/airflow/.local/lib/python3.12/site-packages/airflow/example_dags/tutorial_dag.py
[2024-11-25T10:03:58.878+0000] {processor.py:925} INFO - DAG(s) 'tutorial_dag' retrieved from /home/airflow/.local/lib/python3.12/site-packages/airflow/example_dags/tutorial_dag.py
[2024-11-25T10:03:58.907+0000] {logging_mixin.py:190} INFO - [2024-11-25T10:03:58.907+0000] {dag.py:3239} INFO - Sync 1 DAGs
[2024-11-25T10:03:58.929+0000] {logging_mixin.py:190} INFO - [2024-11-25T10:03:58.928+0000] {dag.py:4180} INFO - Setting next_dagrun for tutorial_dag to None, run_after=None
[2024-11-25T10:03:58.959+0000] {processor.py:208} INFO - Processing /home/airflow/.local/lib/python3.12/site-packages/airflow/example_dags/tutorial_dag.py took 0.103 seconds
[2024-11-25T10:04:29.772+0000] {processor.py:186} INFO - Started process (PID=8832) to work on /home/airflow/.local/lib/python3.12/site-packages/airflow/example_dags/tutorial_dag.py
[2024-11-25T10:04:29.774+0000] {processor.py:914} INFO - Processing file /home/airflow/.local/lib/python3.12/site-packages/airflow/example_dags/tutorial_dag.py for tasks to queue
[2024-11-25T10:04:29.776+0000] {logging_mixin.py:190} INFO - [2024-11-25T10:04:29.775+0000] {dagbag.py:588} INFO - Filling up the DagBag from /home/airflow/.local/lib/python3.12/site-packages/airflow/example_dags/tutorial_dag.py
[2024-11-25T10:04:29.787+0000] {processor.py:925} INFO - DAG(s) 'tutorial_dag' retrieved from /home/airflow/.local/lib/python3.12/site-packages/airflow/example_dags/tutorial_dag.py
[2024-11-25T10:04:29.816+0000] {logging_mixin.py:190} INFO - [2024-11-25T10:04:29.816+0000] {dag.py:3239} INFO - Sync 1 DAGs
[2024-11-25T10:04:29.838+0000] {logging_mixin.py:190} INFO - [2024-11-25T10:04:29.838+0000] {dag.py:4180} INFO - Setting next_dagrun for tutorial_dag to None, run_after=None
[2024-11-25T10:04:29.879+0000] {processor.py:208} INFO - Processing /home/airflow/.local/lib/python3.12/site-packages/airflow/example_dags/tutorial_dag.py took 0.113 seconds
[2024-11-25T10:05:00.992+0000] {processor.py:186} INFO - Started process (PID=9128) to work on /home/airflow/.local/lib/python3.12/site-packages/airflow/example_dags/tutorial_dag.py
[2024-11-25T10:05:00.995+0000] {processor.py:914} INFO - Processing file /home/airflow/.local/lib/python3.12/site-packages/airflow/example_dags/tutorial_dag.py for tasks to queue
[2024-11-25T10:05:01.000+0000] {logging_mixin.py:190} INFO - [2024-11-25T10:05:00.999+0000] {dagbag.py:588} INFO - Filling up the DagBag from /home/airflow/.local/lib/python3.12/site-packages/airflow/example_dags/tutorial_dag.py
[2024-11-25T10:05:01.025+0000] {processor.py:925} INFO - DAG(s) 'tutorial_dag' retrieved from /home/airflow/.local/lib/python3.12/site-packages/airflow/example_dags/tutorial_dag.py
[2024-11-25T10:05:01.077+0000] {logging_mixin.py:190} INFO - [2024-11-25T10:05:01.076+0000] {dag.py:3239} INFO - Sync 1 DAGs
[2024-11-25T10:05:01.114+0000] {logging_mixin.py:190} INFO - [2024-11-25T10:05:01.113+0000] {dag.py:4180} INFO - Setting next_dagrun for tutorial_dag to None, run_after=None
[2024-11-25T10:05:01.161+0000] {processor.py:208} INFO - Processing /home/airflow/.local/lib/python3.12/site-packages/airflow/example_dags/tutorial_dag.py took 0.188 seconds
[2024-11-25T10:05:31.334+0000] {processor.py:186} INFO - Started process (PID=9424) to work on /home/airflow/.local/lib/python3.12/site-packages/airflow/example_dags/tutorial_dag.py
[2024-11-25T10:05:31.335+0000] {processor.py:914} INFO - Processing file /home/airflow/.local/lib/python3.12/site-packages/airflow/example_dags/tutorial_dag.py for tasks to queue
[2024-11-25T10:05:31.336+0000] {logging_mixin.py:190} INFO - [2024-11-25T10:05:31.336+0000] {dagbag.py:588} INFO - Filling up the DagBag from /home/airflow/.local/lib/python3.12/site-packages/airflow/example_dags/tutorial_dag.py
[2024-11-25T10:05:31.347+0000] {processor.py:925} INFO - DAG(s) 'tutorial_dag' retrieved from /home/airflow/.local/lib/python3.12/site-packages/airflow/example_dags/tutorial_dag.py
[2024-11-25T10:05:31.371+0000] {logging_mixin.py:190} INFO - [2024-11-25T10:05:31.371+0000] {dag.py:3239} INFO - Sync 1 DAGs
[2024-11-25T10:05:31.391+0000] {logging_mixin.py:190} INFO - [2024-11-25T10:05:31.391+0000] {dag.py:4180} INFO - Setting next_dagrun for tutorial_dag to None, run_after=None
[2024-11-25T10:05:31.421+0000] {processor.py:208} INFO - Processing /home/airflow/.local/lib/python3.12/site-packages/airflow/example_dags/tutorial_dag.py took 0.094 seconds
[2024-11-25T10:06:02.223+0000] {processor.py:186} INFO - Started process (PID=9730) to work on /home/airflow/.local/lib/python3.12/site-packages/airflow/example_dags/tutorial_dag.py
[2024-11-25T10:06:02.224+0000] {processor.py:914} INFO - Processing file /home/airflow/.local/lib/python3.12/site-packages/airflow/example_dags/tutorial_dag.py for tasks to queue
[2024-11-25T10:06:02.226+0000] {logging_mixin.py:190} INFO - [2024-11-25T10:06:02.225+0000] {dagbag.py:588} INFO - Filling up the DagBag from /home/airflow/.local/lib/python3.12/site-packages/airflow/example_dags/tutorial_dag.py
[2024-11-25T10:06:02.236+0000] {processor.py:925} INFO - DAG(s) 'tutorial_dag' retrieved from /home/airflow/.local/lib/python3.12/site-packages/airflow/example_dags/tutorial_dag.py
[2024-11-25T10:06:02.260+0000] {logging_mixin.py:190} INFO - [2024-11-25T10:06:02.260+0000] {dag.py:3239} INFO - Sync 1 DAGs
[2024-11-25T10:06:02.280+0000] {logging_mixin.py:190} INFO - [2024-11-25T10:06:02.279+0000] {dag.py:4180} INFO - Setting next_dagrun for tutorial_dag to None, run_after=None
[2024-11-25T10:06:02.312+0000] {processor.py:208} INFO - Processing /home/airflow/.local/lib/python3.12/site-packages/airflow/example_dags/tutorial_dag.py took 0.097 seconds
[2024-11-25T10:06:32.897+0000] {processor.py:186} INFO - Started process (PID=10032) to work on /home/airflow/.local/lib/python3.12/site-packages/airflow/example_dags/tutorial_dag.py
[2024-11-25T10:06:32.899+0000] {processor.py:914} INFO - Processing file /home/airflow/.local/lib/python3.12/site-packages/airflow/example_dags/tutorial_dag.py for tasks to queue
[2024-11-25T10:06:32.901+0000] {logging_mixin.py:190} INFO - [2024-11-25T10:06:32.901+0000] {dagbag.py:588} INFO - Filling up the DagBag from /home/airflow/.local/lib/python3.12/site-packages/airflow/example_dags/tutorial_dag.py
[2024-11-25T10:06:32.914+0000] {processor.py:925} INFO - DAG(s) 'tutorial_dag' retrieved from /home/airflow/.local/lib/python3.12/site-packages/airflow/example_dags/tutorial_dag.py
[2024-11-25T10:06:32.940+0000] {logging_mixin.py:190} INFO - [2024-11-25T10:06:32.940+0000] {dag.py:3239} INFO - Sync 1 DAGs
[2024-11-25T10:06:32.957+0000] {logging_mixin.py:190} INFO - [2024-11-25T10:06:32.957+0000] {dag.py:4180} INFO - Setting next_dagrun for tutorial_dag to None, run_after=None
[2024-11-25T10:06:33.008+0000] {processor.py:208} INFO - Processing /home/airflow/.local/lib/python3.12/site-packages/airflow/example_dags/tutorial_dag.py took 0.120 seconds
[2024-11-25T10:07:04.004+0000] {processor.py:186} INFO - Started process (PID=10328) to work on /home/airflow/.local/lib/python3.12/site-packages/airflow/example_dags/tutorial_dag.py
[2024-11-25T10:07:04.005+0000] {processor.py:914} INFO - Processing file /home/airflow/.local/lib/python3.12/site-packages/airflow/example_dags/tutorial_dag.py for tasks to queue
[2024-11-25T10:07:04.006+0000] {logging_mixin.py:190} INFO - [2024-11-25T10:07:04.006+0000] {dagbag.py:588} INFO - Filling up the DagBag from /home/airflow/.local/lib/python3.12/site-packages/airflow/example_dags/tutorial_dag.py
[2024-11-25T10:07:04.017+0000] {processor.py:925} INFO - DAG(s) 'tutorial_dag' retrieved from /home/airflow/.local/lib/python3.12/site-packages/airflow/example_dags/tutorial_dag.py
[2024-11-25T10:07:04.038+0000] {logging_mixin.py:190} INFO - [2024-11-25T10:07:04.038+0000] {dag.py:3239} INFO - Sync 1 DAGs
[2024-11-25T10:07:04.055+0000] {logging_mixin.py:190} INFO - [2024-11-25T10:07:04.055+0000] {dag.py:4180} INFO - Setting next_dagrun for tutorial_dag to None, run_after=None
[2024-11-25T10:07:04.077+0000] {processor.py:208} INFO - Processing /home/airflow/.local/lib/python3.12/site-packages/airflow/example_dags/tutorial_dag.py took 0.081 seconds
[2024-11-25T10:07:34.422+0000] {processor.py:186} INFO - Started process (PID=10624) to work on /home/airflow/.local/lib/python3.12/site-packages/airflow/example_dags/tutorial_dag.py
[2024-11-25T10:07:34.423+0000] {processor.py:914} INFO - Processing file /home/airflow/.local/lib/python3.12/site-packages/airflow/example_dags/tutorial_dag.py for tasks to queue
[2024-11-25T10:07:34.425+0000] {logging_mixin.py:190} INFO - [2024-11-25T10:07:34.425+0000] {dagbag.py:588} INFO - Filling up the DagBag from /home/airflow/.local/lib/python3.12/site-packages/airflow/example_dags/tutorial_dag.py
[2024-11-25T10:07:34.442+0000] {processor.py:925} INFO - DAG(s) 'tutorial_dag' retrieved from /home/airflow/.local/lib/python3.12/site-packages/airflow/example_dags/tutorial_dag.py
[2024-11-25T10:07:34.486+0000] {logging_mixin.py:190} INFO - [2024-11-25T10:07:34.485+0000] {dag.py:3239} INFO - Sync 1 DAGs
[2024-11-25T10:07:34.515+0000] {logging_mixin.py:190} INFO - [2024-11-25T10:07:34.515+0000] {dag.py:4180} INFO - Setting next_dagrun for tutorial_dag to None, run_after=None
[2024-11-25T10:07:34.554+0000] {processor.py:208} INFO - Processing /home/airflow/.local/lib/python3.12/site-packages/airflow/example_dags/tutorial_dag.py took 0.145 seconds
[2024-11-25T10:08:05.534+0000] {processor.py:186} INFO - Started process (PID=10920) to work on /home/airflow/.local/lib/python3.12/site-packages/airflow/example_dags/tutorial_dag.py
[2024-11-25T10:08:05.535+0000] {processor.py:914} INFO - Processing file /home/airflow/.local/lib/python3.12/site-packages/airflow/example_dags/tutorial_dag.py for tasks to queue
[2024-11-25T10:08:05.537+0000] {logging_mixin.py:190} INFO - [2024-11-25T10:08:05.537+0000] {dagbag.py:588} INFO - Filling up the DagBag from /home/airflow/.local/lib/python3.12/site-packages/airflow/example_dags/tutorial_dag.py
[2024-11-25T10:08:05.549+0000] {processor.py:925} INFO - DAG(s) 'tutorial_dag' retrieved from /home/airflow/.local/lib/python3.12/site-packages/airflow/example_dags/tutorial_dag.py
[2024-11-25T10:08:05.575+0000] {logging_mixin.py:190} INFO - [2024-11-25T10:08:05.574+0000] {dag.py:3239} INFO - Sync 1 DAGs
[2024-11-25T10:08:05.594+0000] {logging_mixin.py:190} INFO - [2024-11-25T10:08:05.594+0000] {dag.py:4180} INFO - Setting next_dagrun for tutorial_dag to None, run_after=None
[2024-11-25T10:08:05.619+0000] {processor.py:208} INFO - Processing /home/airflow/.local/lib/python3.12/site-packages/airflow/example_dags/tutorial_dag.py took 0.093 seconds
[2024-11-25T10:08:35.864+0000] {processor.py:186} INFO - Started process (PID=11213) to work on /home/airflow/.local/lib/python3.12/site-packages/airflow/example_dags/tutorial_dag.py
[2024-11-25T10:08:35.865+0000] {processor.py:914} INFO - Processing file /home/airflow/.local/lib/python3.12/site-packages/airflow/example_dags/tutorial_dag.py for tasks to queue
[2024-11-25T10:08:35.867+0000] {logging_mixin.py:190} INFO - [2024-11-25T10:08:35.866+0000] {dagbag.py:588} INFO - Filling up the DagBag from /home/airflow/.local/lib/python3.12/site-packages/airflow/example_dags/tutorial_dag.py
[2024-11-25T10:08:35.881+0000] {processor.py:925} INFO - DAG(s) 'tutorial_dag' retrieved from /home/airflow/.local/lib/python3.12/site-packages/airflow/example_dags/tutorial_dag.py
[2024-11-25T10:08:35.906+0000] {logging_mixin.py:190} INFO - [2024-11-25T10:08:35.906+0000] {dag.py:3239} INFO - Sync 1 DAGs
[2024-11-25T10:08:35.924+0000] {logging_mixin.py:190} INFO - [2024-11-25T10:08:35.924+0000] {dag.py:4180} INFO - Setting next_dagrun for tutorial_dag to None, run_after=None
[2024-11-25T10:08:35.948+0000] {processor.py:208} INFO - Processing /home/airflow/.local/lib/python3.12/site-packages/airflow/example_dags/tutorial_dag.py took 0.091 seconds
[2024-11-25T10:09:06.190+0000] {processor.py:186} INFO - Started process (PID=11512) to work on /home/airflow/.local/lib/python3.12/site-packages/airflow/example_dags/tutorial_dag.py
[2024-11-25T10:09:06.191+0000] {processor.py:914} INFO - Processing file /home/airflow/.local/lib/python3.12/site-packages/airflow/example_dags/tutorial_dag.py for tasks to queue
[2024-11-25T10:09:06.192+0000] {logging_mixin.py:190} INFO - [2024-11-25T10:09:06.192+0000] {dagbag.py:588} INFO - Filling up the DagBag from /home/airflow/.local/lib/python3.12/site-packages/airflow/example_dags/tutorial_dag.py
[2024-11-25T10:09:06.203+0000] {processor.py:925} INFO - DAG(s) 'tutorial_dag' retrieved from /home/airflow/.local/lib/python3.12/site-packages/airflow/example_dags/tutorial_dag.py
[2024-11-25T10:09:06.229+0000] {logging_mixin.py:190} INFO - [2024-11-25T10:09:06.229+0000] {dag.py:3239} INFO - Sync 1 DAGs
[2024-11-25T10:09:06.246+0000] {logging_mixin.py:190} INFO - [2024-11-25T10:09:06.246+0000] {dag.py:4180} INFO - Setting next_dagrun for tutorial_dag to None, run_after=None
[2024-11-25T10:09:06.272+0000] {processor.py:208} INFO - Processing /home/airflow/.local/lib/python3.12/site-packages/airflow/example_dags/tutorial_dag.py took 0.089 seconds
[2024-11-25T10:09:36.369+0000] {processor.py:186} INFO - Started process (PID=11806) to work on /home/airflow/.local/lib/python3.12/site-packages/airflow/example_dags/tutorial_dag.py
[2024-11-25T10:09:36.370+0000] {processor.py:914} INFO - Processing file /home/airflow/.local/lib/python3.12/site-packages/airflow/example_dags/tutorial_dag.py for tasks to queue
[2024-11-25T10:09:36.372+0000] {logging_mixin.py:190} INFO - [2024-11-25T10:09:36.371+0000] {dagbag.py:588} INFO - Filling up the DagBag from /home/airflow/.local/lib/python3.12/site-packages/airflow/example_dags/tutorial_dag.py
[2024-11-25T10:09:36.383+0000] {processor.py:925} INFO - DAG(s) 'tutorial_dag' retrieved from /home/airflow/.local/lib/python3.12/site-packages/airflow/example_dags/tutorial_dag.py
[2024-11-25T10:09:36.408+0000] {logging_mixin.py:190} INFO - [2024-11-25T10:09:36.408+0000] {dag.py:3239} INFO - Sync 1 DAGs
[2024-11-25T10:09:36.427+0000] {logging_mixin.py:190} INFO - [2024-11-25T10:09:36.426+0000] {dag.py:4180} INFO - Setting next_dagrun for tutorial_dag to None, run_after=None
[2024-11-25T10:09:36.452+0000] {processor.py:208} INFO - Processing /home/airflow/.local/lib/python3.12/site-packages/airflow/example_dags/tutorial_dag.py took 0.092 seconds
[2024-11-25T10:10:07.149+0000] {processor.py:186} INFO - Started process (PID=12105) to work on /home/airflow/.local/lib/python3.12/site-packages/airflow/example_dags/tutorial_dag.py
[2024-11-25T10:10:07.151+0000] {processor.py:914} INFO - Processing file /home/airflow/.local/lib/python3.12/site-packages/airflow/example_dags/tutorial_dag.py for tasks to queue
[2024-11-25T10:10:07.154+0000] {logging_mixin.py:190} INFO - [2024-11-25T10:10:07.153+0000] {dagbag.py:588} INFO - Filling up the DagBag from /home/airflow/.local/lib/python3.12/site-packages/airflow/example_dags/tutorial_dag.py
[2024-11-25T10:10:07.169+0000] {processor.py:925} INFO - DAG(s) 'tutorial_dag' retrieved from /home/airflow/.local/lib/python3.12/site-packages/airflow/example_dags/tutorial_dag.py
[2024-11-25T10:10:07.207+0000] {logging_mixin.py:190} INFO - [2024-11-25T10:10:07.206+0000] {dag.py:3239} INFO - Sync 1 DAGs
[2024-11-25T10:10:07.235+0000] {logging_mixin.py:190} INFO - [2024-11-25T10:10:07.235+0000] {dag.py:4180} INFO - Setting next_dagrun for tutorial_dag to None, run_after=None
[2024-11-25T10:10:07.267+0000] {processor.py:208} INFO - Processing /home/airflow/.local/lib/python3.12/site-packages/airflow/example_dags/tutorial_dag.py took 0.130 seconds
[2024-11-25T10:10:37.574+0000] {processor.py:186} INFO - Started process (PID=12398) to work on /home/airflow/.local/lib/python3.12/site-packages/airflow/example_dags/tutorial_dag.py
[2024-11-25T10:10:37.576+0000] {processor.py:914} INFO - Processing file /home/airflow/.local/lib/python3.12/site-packages/airflow/example_dags/tutorial_dag.py for tasks to queue
[2024-11-25T10:10:37.577+0000] {logging_mixin.py:190} INFO - [2024-11-25T10:10:37.577+0000] {dagbag.py:588} INFO - Filling up the DagBag from /home/airflow/.local/lib/python3.12/site-packages/airflow/example_dags/tutorial_dag.py
[2024-11-25T10:10:37.587+0000] {processor.py:925} INFO - DAG(s) 'tutorial_dag' retrieved from /home/airflow/.local/lib/python3.12/site-packages/airflow/example_dags/tutorial_dag.py
[2024-11-25T10:10:37.613+0000] {logging_mixin.py:190} INFO - [2024-11-25T10:10:37.613+0000] {dag.py:3239} INFO - Sync 1 DAGs
[2024-11-25T10:10:37.631+0000] {logging_mixin.py:190} INFO - [2024-11-25T10:10:37.631+0000] {dag.py:4180} INFO - Setting next_dagrun for tutorial_dag to None, run_after=None
[2024-11-25T10:10:37.656+0000] {processor.py:208} INFO - Processing /home/airflow/.local/lib/python3.12/site-packages/airflow/example_dags/tutorial_dag.py took 0.088 seconds
[2024-11-25T10:11:08.461+0000] {processor.py:186} INFO - Started process (PID=12689) to work on /home/airflow/.local/lib/python3.12/site-packages/airflow/example_dags/tutorial_dag.py
[2024-11-25T10:11:08.463+0000] {processor.py:914} INFO - Processing file /home/airflow/.local/lib/python3.12/site-packages/airflow/example_dags/tutorial_dag.py for tasks to queue
[2024-11-25T10:11:08.465+0000] {logging_mixin.py:190} INFO - [2024-11-25T10:11:08.464+0000] {dagbag.py:588} INFO - Filling up the DagBag from /home/airflow/.local/lib/python3.12/site-packages/airflow/example_dags/tutorial_dag.py
[2024-11-25T10:11:08.476+0000] {processor.py:925} INFO - DAG(s) 'tutorial_dag' retrieved from /home/airflow/.local/lib/python3.12/site-packages/airflow/example_dags/tutorial_dag.py
[2024-11-25T10:11:08.502+0000] {logging_mixin.py:190} INFO - [2024-11-25T10:11:08.501+0000] {dag.py:3239} INFO - Sync 1 DAGs
[2024-11-25T10:11:08.520+0000] {logging_mixin.py:190} INFO - [2024-11-25T10:11:08.520+0000] {dag.py:4180} INFO - Setting next_dagrun for tutorial_dag to None, run_after=None
[2024-11-25T10:11:08.547+0000] {processor.py:208} INFO - Processing /home/airflow/.local/lib/python3.12/site-packages/airflow/example_dags/tutorial_dag.py took 0.093 seconds
