[2024-12-01T11:33:35.404+0000] {local_task_job_runner.py:123} INFO - ::group::Pre task execution logs
[2024-12-01T11:33:35.430+0000] {taskinstance.py:2613} INFO - Dependencies all met for dep_context=non-requeueable deps ti=<TaskInstance: NEPSE_DAG.extract_data manual__2024-12-01T11:33:31.988521+00:00 [queued]>
[2024-12-01T11:33:35.442+0000] {taskinstance.py:2613} INFO - Dependencies all met for dep_context=requeueable deps ti=<TaskInstance: NEPSE_DAG.extract_data manual__2024-12-01T11:33:31.988521+00:00 [queued]>
[2024-12-01T11:33:35.443+0000] {taskinstance.py:2866} INFO - Starting attempt 1 of 3
[2024-12-01T11:33:35.461+0000] {taskinstance.py:2889} INFO - Executing <Task(PythonOperator): extract_data> on 2024-12-01 11:33:31.988521+00:00
[2024-12-01T11:33:35.474+0000] {standard_task_runner.py:104} INFO - Running: ['***', 'tasks', 'run', 'NEPSE_DAG', 'extract_data', 'manual__2024-12-01T11:33:31.988521+00:00', '--job-id', '106', '--raw', '--subdir', 'DAGS_FOLDER/etl.py', '--cfg-path', '/tmp/tmphqqcnhwo']
[2024-12-01T11:33:35.474+0000] {logging_mixin.py:190} WARNING - /home/***/.local/lib/python3.12/site-packages/***/task/task_runner/standard_task_runner.py:70 DeprecationWarning: This process (pid=15651) is multi-threaded, use of fork() may lead to deadlocks in the child.
[2024-12-01T11:33:35.476+0000] {standard_task_runner.py:105} INFO - Job 106: Subtask extract_data
[2024-12-01T11:33:35.477+0000] {standard_task_runner.py:72} INFO - Started process 15705 to run task
[2024-12-01T11:33:35.537+0000] {task_command.py:467} INFO - Running <TaskInstance: NEPSE_DAG.extract_data manual__2024-12-01T11:33:31.988521+00:00 [running]> on host 3ea3626af2da
[2024-12-01T11:33:35.683+0000] {taskinstance.py:3132} INFO - Exporting env vars: AIRFLOW_CTX_DAG_OWNER='***' AIRFLOW_CTX_DAG_ID='NEPSE_DAG' AIRFLOW_CTX_TASK_ID='extract_data' AIRFLOW_CTX_EXECUTION_DATE='2024-12-01T11:33:31.988521+00:00' AIRFLOW_CTX_TRY_NUMBER='1' AIRFLOW_CTX_DAG_RUN_ID='manual__2024-12-01T11:33:31.988521+00:00'
[2024-12-01T11:33:35.687+0000] {logging_mixin.py:190} INFO - Task instance is in running state
[2024-12-01T11:33:35.688+0000] {logging_mixin.py:190} INFO -  Previous state of the Task instance: queued
[2024-12-01T11:33:35.689+0000] {logging_mixin.py:190} INFO - Current task name:extract_data state:running start_date:2024-12-01 11:33:35.431147+00:00
[2024-12-01T11:33:35.690+0000] {logging_mixin.py:190} INFO - Dag name:NEPSE_DAG and current dag run status:running
[2024-12-01T11:33:35.691+0000] {taskinstance.py:731} INFO - ::endgroup::
[2024-12-01T11:33:38.348+0000] {logging_mixin.py:190} INFO - Table located
[2024-12-01T11:33:38.391+0000] {logging_mixin.py:190} INFO - Header extracted
[2024-12-01T11:33:38.586+0000] {logging_mixin.py:190} INFO - Next button clicked
[2024-12-01T11:33:40.610+0000] {logging_mixin.py:190} INFO - Table located
[2024-12-01T11:33:40.784+0000] {logging_mixin.py:190} INFO - Next button clicked
[2024-12-01T11:33:42.812+0000] {logging_mixin.py:190} INFO - Table located
[2024-12-01T11:33:43.046+0000] {logging_mixin.py:190} INFO - Next button clicked
[2024-12-01T11:33:45.071+0000] {logging_mixin.py:190} INFO - Table located
[2024-12-01T11:33:45.280+0000] {logging_mixin.py:190} INFO - Next button clicked
[2024-12-01T11:33:47.308+0000] {logging_mixin.py:190} INFO - Table located
[2024-12-01T11:33:47.488+0000] {logging_mixin.py:190} INFO - Next button clicked
[2024-12-01T11:33:49.507+0000] {logging_mixin.py:190} INFO - Table located
[2024-12-01T11:33:49.715+0000] {logging_mixin.py:190} INFO - Next button clicked
[2024-12-01T11:33:51.738+0000] {logging_mixin.py:190} INFO - Table located
[2024-12-01T11:33:51.548+0000] {logging_mixin.py:190} INFO - Next button clicked
[2024-12-01T11:33:52.524+0000] {logging_mixin.py:190} INFO - Table located
[2024-12-01T11:33:52.686+0000] {logging_mixin.py:190} INFO - Next button clicked
[2024-12-01T11:33:54.704+0000] {logging_mixin.py:190} INFO - Table located
[2024-12-01T11:33:54.880+0000] {logging_mixin.py:190} INFO - Next button clicked
[2024-12-01T11:33:56.906+0000] {logging_mixin.py:190} INFO - Table located
[2024-12-01T11:33:57.093+0000] {logging_mixin.py:190} INFO - Next button clicked
[2024-12-01T11:33:59.113+0000] {logging_mixin.py:190} INFO - Table located
[2024-12-01T11:33:59.374+0000] {logging_mixin.py:190} INFO - Next button clicked
[2024-12-01T11:34:01.394+0000] {logging_mixin.py:190} INFO - Table located
[2024-12-01T11:34:01.607+0000] {logging_mixin.py:190} INFO - Next button clicked
[2024-12-01T11:34:03.632+0000] {logging_mixin.py:190} INFO - Table located
[2024-12-01T11:34:03.794+0000] {logging_mixin.py:190} INFO - Next button clicked
[2024-12-01T11:34:05.817+0000] {logging_mixin.py:190} INFO - Table located
[2024-12-01T11:34:06.102+0000] {logging_mixin.py:190} INFO - Next button clicked
[2024-12-01T11:34:08.121+0000] {logging_mixin.py:190} INFO - Table located
[2024-12-01T11:34:08.314+0000] {logging_mixin.py:190} INFO - Next button clicked
[2024-12-01T11:34:10.339+0000] {logging_mixin.py:190} INFO - Table located
[2024-12-01T11:34:28.926+0000] {logging_mixin.py:190} INFO - No more pages
[2024-12-01T11:34:28.927+0000] {logging_mixin.py:190} INFO - Data extraction completed
[2024-12-01T11:34:28.932+0000] {logging_mixin.py:190} INFO - 2024-12-01
[2024-12-01T11:34:29.211+0000] {logging_mixin.py:190} INFO - Data loading successful.
[2024-12-01T11:34:29.225+0000] {python.py:240} INFO - Done. Returned value was: None
[2024-12-01T11:34:29.244+0000] {taskinstance.py:340} INFO - ::group::Post task execution logs
[2024-12-01T11:34:29.245+0000] {taskinstance.py:352} INFO - Marking task as SUCCESS. dag_id=NEPSE_DAG, task_id=extract_data, run_id=manual__2024-12-01T11:33:31.988521+00:00, execution_date=20241201T113331, start_date=20241201T113335, end_date=20241201T113429
[2024-12-01T11:34:29.263+0000] {logging_mixin.py:190} INFO - Task instance in success state
[2024-12-01T11:34:29.264+0000] {logging_mixin.py:190} INFO -  Previous state of the Task instance: running
[2024-12-01T11:34:29.265+0000] {logging_mixin.py:190} INFO - Dag name:NEPSE_DAG queued_at:2024-12-01 11:33:32.087480+00:00
[2024-12-01T11:34:29.265+0000] {logging_mixin.py:190} INFO - Task hostname:3ea3626af2da operator:PythonOperator
[2024-12-01T11:34:29.319+0000] {local_task_job_runner.py:266} INFO - Task exited with return code 0
[2024-12-01T11:34:29.358+0000] {taskinstance.py:3895} INFO - 1 downstream tasks scheduled from follow-on schedule check
[2024-12-01T11:34:29.363+0000] {local_task_job_runner.py:245} INFO - ::endgroup::
