[2024-12-01T11:13:38.717+0000] {local_task_job_runner.py:123} INFO - ::group::Pre task execution logs
[2024-12-01T11:13:38.742+0000] {taskinstance.py:2613} INFO - Dependencies all met for dep_context=non-requeueable deps ti=<TaskInstance: NEPSE_DAG.extract_data manual__2024-12-01T11:13:32.201761+00:00 [queued]>
[2024-12-01T11:13:38.756+0000] {taskinstance.py:2613} INFO - Dependencies all met for dep_context=requeueable deps ti=<TaskInstance: NEPSE_DAG.extract_data manual__2024-12-01T11:13:32.201761+00:00 [queued]>
[2024-12-01T11:13:38.757+0000] {taskinstance.py:2866} INFO - Starting attempt 1 of 3
[2024-12-01T11:13:38.782+0000] {taskinstance.py:2889} INFO - Executing <Task(PythonOperator): extract_data> on 2024-12-01 11:13:32.201761+00:00
[2024-12-01T11:13:38.795+0000] {logging_mixin.py:190} WARNING - /home/***/.local/lib/python3.12/site-packages/***/task/task_runner/standard_task_runner.py:70 DeprecationWarning: This process (pid=4134) is multi-threaded, use of fork() may lead to deadlocks in the child.
[2024-12-01T11:13:38.795+0000] {standard_task_runner.py:104} INFO - Running: ['***', 'tasks', 'run', 'NEPSE_DAG', 'extract_data', 'manual__2024-12-01T11:13:32.201761+00:00', '--job-id', '94', '--raw', '--subdir', 'DAGS_FOLDER/etl.py', '--cfg-path', '/tmp/tmpcgaiftc_']
[2024-12-01T11:13:38.797+0000] {standard_task_runner.py:72} INFO - Started process 4204 to run task
[2024-12-01T11:13:38.797+0000] {standard_task_runner.py:105} INFO - Job 94: Subtask extract_data
[2024-12-01T11:13:38.860+0000] {task_command.py:467} INFO - Running <TaskInstance: NEPSE_DAG.extract_data manual__2024-12-01T11:13:32.201761+00:00 [running]> on host 3ea3626af2da
[2024-12-01T11:13:38.981+0000] {taskinstance.py:3132} INFO - Exporting env vars: AIRFLOW_CTX_DAG_OWNER='***' AIRFLOW_CTX_DAG_ID='NEPSE_DAG' AIRFLOW_CTX_TASK_ID='extract_data' AIRFLOW_CTX_EXECUTION_DATE='2024-12-01T11:13:32.201761+00:00' AIRFLOW_CTX_TRY_NUMBER='1' AIRFLOW_CTX_DAG_RUN_ID='manual__2024-12-01T11:13:32.201761+00:00'
[2024-12-01T11:13:38.986+0000] {logging_mixin.py:190} INFO - Task instance is in running state
[2024-12-01T11:13:38.987+0000] {logging_mixin.py:190} INFO -  Previous state of the Task instance: queued
[2024-12-01T11:13:38.988+0000] {logging_mixin.py:190} INFO - Current task name:extract_data state:running start_date:2024-12-01 11:13:38.743293+00:00
[2024-12-01T11:13:38.989+0000] {logging_mixin.py:190} INFO - Dag name:NEPSE_DAG and current dag run status:running
[2024-12-01T11:13:38.989+0000] {taskinstance.py:731} INFO - ::endgroup::
[2024-12-01T11:13:44.406+0000] {logging_mixin.py:190} INFO - Table located
[2024-12-01T11:13:44.749+0000] {logging_mixin.py:190} INFO - Header extracted
[2024-12-01T11:13:45.172+0000] {logging_mixin.py:190} INFO - Next button clicked
[2024-12-01T11:13:47.204+0000] {logging_mixin.py:190} INFO - Table located
[2024-12-01T11:13:47.542+0000] {logging_mixin.py:190} INFO - Next button clicked
[2024-12-01T11:13:49.573+0000] {logging_mixin.py:190} INFO - Table located
[2024-12-01T11:13:49.762+0000] {logging_mixin.py:190} INFO - Next button clicked
[2024-12-01T11:13:50.520+0000] {logging_mixin.py:190} INFO - Table located
[2024-12-01T11:13:50.789+0000] {logging_mixin.py:190} INFO - Next button clicked
[2024-12-01T11:13:52.825+0000] {logging_mixin.py:190} INFO - Table located
[2024-12-01T11:13:53.080+0000] {logging_mixin.py:190} INFO - Next button clicked
[2024-12-01T11:13:55.111+0000] {logging_mixin.py:190} INFO - Table located
[2024-12-01T11:13:55.318+0000] {logging_mixin.py:190} INFO - Next button clicked
[2024-12-01T11:13:57.344+0000] {logging_mixin.py:190} INFO - Table located
[2024-12-01T11:13:57.550+0000] {logging_mixin.py:190} INFO - Next button clicked
[2024-12-01T11:13:59.577+0000] {logging_mixin.py:190} INFO - Table located
[2024-12-01T11:13:59.779+0000] {logging_mixin.py:190} INFO - Next button clicked
[2024-12-01T11:14:01.820+0000] {logging_mixin.py:190} INFO - Table located
[2024-12-01T11:14:02.001+0000] {logging_mixin.py:190} INFO - Next button clicked
[2024-12-01T11:14:04.052+0000] {logging_mixin.py:190} INFO - Table located
[2024-12-01T11:14:04.238+0000] {logging_mixin.py:190} INFO - Next button clicked
[2024-12-01T11:14:06.267+0000] {logging_mixin.py:190} INFO - Table located
[2024-12-01T11:14:06.448+0000] {logging_mixin.py:190} INFO - Next button clicked
[2024-12-01T11:14:08.479+0000] {logging_mixin.py:190} INFO - Table located
[2024-12-01T11:14:08.772+0000] {logging_mixin.py:190} INFO - Next button clicked
[2024-12-01T11:14:10.794+0000] {logging_mixin.py:190} INFO - Table located
[2024-12-01T11:14:10.965+0000] {logging_mixin.py:190} INFO - Next button clicked
[2024-12-01T11:14:12.991+0000] {logging_mixin.py:190} INFO - Table located
[2024-12-01T11:14:13.231+0000] {logging_mixin.py:190} INFO - Next button clicked
[2024-12-01T11:14:15.287+0000] {logging_mixin.py:190} INFO - Table located
[2024-12-01T11:14:15.641+0000] {logging_mixin.py:190} INFO - Next button clicked
[2024-12-01T11:14:17.664+0000] {logging_mixin.py:190} INFO - Table located
[2024-12-01T11:14:37.021+0000] {logging_mixin.py:190} INFO - No more pages
[2024-12-01T11:14:37.023+0000] {logging_mixin.py:190} INFO - Data extraction completed
[2024-12-01T11:14:37.027+0000] {logging_mixin.py:190} INFO - 2024-12-01
[2024-12-01T11:14:37.257+0000] {logging_mixin.py:190} INFO - Data loading successful.
[2024-12-01T11:14:37.273+0000] {python.py:240} INFO - Done. Returned value was: None
[2024-12-01T11:14:37.287+0000] {taskinstance.py:340} INFO - ::group::Post task execution logs
[2024-12-01T11:14:37.288+0000] {taskinstance.py:352} INFO - Marking task as SUCCESS. dag_id=NEPSE_DAG, task_id=extract_data, run_id=manual__2024-12-01T11:13:32.201761+00:00, execution_date=20241201T111332, start_date=20241201T111338, end_date=20241201T111437
[2024-12-01T11:14:37.305+0000] {logging_mixin.py:190} INFO - Task instance in success state
[2024-12-01T11:14:37.307+0000] {logging_mixin.py:190} INFO -  Previous state of the Task instance: running
[2024-12-01T11:14:37.308+0000] {logging_mixin.py:190} INFO - Dag name:NEPSE_DAG queued_at:2024-12-01 11:13:32.370546+00:00
[2024-12-01T11:14:37.309+0000] {logging_mixin.py:190} INFO - Task hostname:3ea3626af2da operator:PythonOperator
[2024-12-01T11:14:37.342+0000] {local_task_job_runner.py:266} INFO - Task exited with return code 0
[2024-12-01T11:14:37.371+0000] {taskinstance.py:3895} INFO - 1 downstream tasks scheduled from follow-on schedule check
[2024-12-01T11:14:37.375+0000] {local_task_job_runner.py:245} INFO - ::endgroup::
