[2024-11-25T10:02:49.102+0000] {local_task_job_runner.py:123} INFO - ::group::Pre task execution logs
[2024-11-25T10:02:49.119+0000] {taskinstance.py:2613} INFO - Dependencies all met for dep_context=non-requeueable deps ti=<TaskInstance: NEPSE_DAG.extract_data scheduled__2024-11-24T00:00:00+00:00 [queued]>
[2024-11-25T10:02:49.127+0000] {taskinstance.py:2613} INFO - Dependencies all met for dep_context=requeueable deps ti=<TaskInstance: NEPSE_DAG.extract_data scheduled__2024-11-24T00:00:00+00:00 [queued]>
[2024-11-25T10:02:49.128+0000] {taskinstance.py:2866} INFO - Starting attempt 1 of 6
[2024-11-25T10:02:49.143+0000] {taskinstance.py:2889} INFO - Executing <Task(PythonOperator): extract_data> on 2024-11-24 00:00:00+00:00
[2024-11-25T10:02:49.154+0000] {standard_task_runner.py:104} INFO - Running: ['***', 'tasks', 'run', 'NEPSE_DAG', 'extract_data', 'scheduled__2024-11-24T00:00:00+00:00', '--job-id', '84', '--raw', '--subdir', 'DAGS_FOLDER/etl.py', '--cfg-path', '/tmp/tmpytg28a59']
[2024-11-25T10:02:49.154+0000] {logging_mixin.py:190} WARNING - /home/***/.local/lib/python3.12/site-packages/***/task/task_runner/standard_task_runner.py:70 DeprecationWarning: This process (pid=7885) is multi-threaded, use of fork() may lead to deadlocks in the child.
[2024-11-25T10:02:49.156+0000] {standard_task_runner.py:105} INFO - Job 84: Subtask extract_data
[2024-11-25T10:02:49.156+0000] {standard_task_runner.py:72} INFO - Started process 7891 to run task
[2024-11-25T10:02:49.207+0000] {task_command.py:467} INFO - Running <TaskInstance: NEPSE_DAG.extract_data scheduled__2024-11-24T00:00:00+00:00 [running]> on host 1f1ac52b5dc6
[2024-11-25T10:02:49.303+0000] {taskinstance.py:3132} INFO - Exporting env vars: AIRFLOW_CTX_DAG_OWNER='***' AIRFLOW_CTX_DAG_ID='NEPSE_DAG' AIRFLOW_CTX_TASK_ID='extract_data' AIRFLOW_CTX_EXECUTION_DATE='2024-11-24T00:00:00+00:00' AIRFLOW_CTX_TRY_NUMBER='1' AIRFLOW_CTX_DAG_RUN_ID='scheduled__2024-11-24T00:00:00+00:00'
[2024-11-25T10:02:49.304+0000] {logging_mixin.py:190} INFO - Task instance is in running state
[2024-11-25T10:02:49.305+0000] {logging_mixin.py:190} INFO -  Previous state of the Task instance: queued
[2024-11-25T10:02:49.306+0000] {logging_mixin.py:190} INFO - Current task name:extract_data state:running start_date:2024-11-25 10:02:49.120104+00:00
[2024-11-25T10:02:49.307+0000] {logging_mixin.py:190} INFO - Dag name:NEPSE_DAG and current dag run status:running
[2024-11-25T10:02:49.307+0000] {taskinstance.py:731} INFO - ::endgroup::
[2024-11-25T10:02:55.536+0000] {logging_mixin.py:190} INFO - Table located
[2024-11-25T10:02:55.627+0000] {logging_mixin.py:190} INFO - Header extracted
[2024-11-25T10:02:55.835+0000] {logging_mixin.py:190} INFO - Next button clicked
[2024-11-25T10:02:57.857+0000] {logging_mixin.py:190} INFO - Table located
[2024-11-25T10:02:58.057+0000] {logging_mixin.py:190} INFO - Next button clicked
[2024-11-25T10:03:00.083+0000] {logging_mixin.py:190} INFO - Table located
[2024-11-25T10:03:00.254+0000] {logging_mixin.py:190} INFO - Next button clicked
[2024-11-25T10:03:02.279+0000] {logging_mixin.py:190} INFO - Table located
[2024-11-25T10:03:02.494+0000] {logging_mixin.py:190} INFO - Next button clicked
[2024-11-25T10:03:04.583+0000] {logging_mixin.py:190} INFO - Table located
[2024-11-25T10:03:05.390+0000] {logging_mixin.py:190} INFO - Next button clicked
[2024-11-25T10:03:07.421+0000] {logging_mixin.py:190} INFO - Table located
[2024-11-25T10:03:07.759+0000] {logging_mixin.py:190} INFO - Next button clicked
[2024-11-25T10:03:09.784+0000] {logging_mixin.py:190} INFO - Table located
[2024-11-25T10:03:10.320+0000] {logging_mixin.py:190} INFO - Next button clicked
[2024-11-25T10:03:12.325+0000] {logging_mixin.py:190} INFO - Table located
[2024-11-25T10:03:12.618+0000] {logging_mixin.py:190} INFO - Next button clicked
[2024-11-25T10:03:14.675+0000] {logging_mixin.py:190} INFO - Table located
[2024-11-25T10:03:15.049+0000] {logging_mixin.py:190} INFO - Next button clicked
[2024-11-25T10:03:17.072+0000] {logging_mixin.py:190} INFO - Table located
[2024-11-25T10:03:17.256+0000] {logging_mixin.py:190} INFO - Next button clicked
[2024-11-25T10:03:19.289+0000] {logging_mixin.py:190} INFO - Table located
[2024-11-25T10:03:19.503+0000] {logging_mixin.py:190} INFO - Next button clicked
[2024-11-25T10:03:21.525+0000] {logging_mixin.py:190} INFO - Table located
[2024-11-25T10:03:21.717+0000] {logging_mixin.py:190} INFO - Next button clicked
[2024-11-25T10:03:23.740+0000] {logging_mixin.py:190} INFO - Table located
[2024-11-25T10:03:23.970+0000] {logging_mixin.py:190} INFO - Next button clicked
[2024-11-25T10:03:25.988+0000] {logging_mixin.py:190} INFO - Table located
[2024-11-25T10:03:26.133+0000] {logging_mixin.py:190} INFO - Next button clicked
[2024-11-25T10:03:28.156+0000] {logging_mixin.py:190} INFO - Table located
[2024-11-25T10:03:28.326+0000] {logging_mixin.py:190} INFO - Next button clicked
[2024-11-25T10:03:30.352+0000] {logging_mixin.py:190} INFO - Table located
[2024-11-25T10:03:50.923+0000] {logging_mixin.py:190} INFO - No more pages
[2024-11-25T10:03:50.925+0000] {logging_mixin.py:190} INFO - Data extraction completed
[2024-11-25T10:03:50.934+0000] {logging_mixin.py:190} INFO - 2024-11-25
[2024-11-25T10:03:51.981+0000] {logging_mixin.py:190} INFO - Data loading successful.
[2024-11-25T10:03:52.009+0000] {python.py:240} INFO - Done. Returned value was: None
[2024-11-25T10:03:52.090+0000] {taskinstance.py:340} INFO - ::group::Post task execution logs
[2024-11-25T10:03:52.092+0000] {taskinstance.py:352} INFO - Marking task as SUCCESS. dag_id=NEPSE_DAG, task_id=extract_data, run_id=scheduled__2024-11-24T00:00:00+00:00, execution_date=20241124T000000, start_date=20241125T100249, end_date=20241125T100352
[2024-11-25T10:03:52.130+0000] {logging_mixin.py:190} INFO - Task instance in success state
[2024-11-25T10:03:52.131+0000] {logging_mixin.py:190} INFO -  Previous state of the Task instance: running
[2024-11-25T10:03:52.132+0000] {logging_mixin.py:190} INFO - Dag name:NEPSE_DAG queued_at:2024-11-25 10:02:47.450302+00:00
[2024-11-25T10:03:52.133+0000] {logging_mixin.py:190} INFO - Task hostname:1f1ac52b5dc6 operator:PythonOperator
[2024-11-25T10:03:52.197+0000] {local_task_job_runner.py:266} INFO - Task exited with return code 0
[2024-11-25T10:03:52.374+0000] {taskinstance.py:3895} INFO - 1 downstream tasks scheduled from follow-on schedule check
[2024-11-25T10:03:52.380+0000] {local_task_job_runner.py:245} INFO - ::endgroup::
