[2024-11-25T10:03:55.377+0000] {local_task_job_runner.py:123} INFO - ::group::Pre task execution logs
[2024-11-25T10:03:55.398+0000] {taskinstance.py:2613} INFO - Dependencies all met for dep_context=non-requeueable deps ti=<TaskInstance: NEPSE_DAG.transform_data scheduled__2024-11-24T00:00:00+00:00 [queued]>
[2024-11-25T10:03:55.410+0000] {taskinstance.py:2613} INFO - Dependencies all met for dep_context=requeueable deps ti=<TaskInstance: NEPSE_DAG.transform_data scheduled__2024-11-24T00:00:00+00:00 [queued]>
[2024-11-25T10:03:55.411+0000] {taskinstance.py:2866} INFO - Starting attempt 1 of 6
[2024-11-25T10:03:55.431+0000] {taskinstance.py:2889} INFO - Executing <Task(PythonOperator): transform_data> on 2024-11-24 00:00:00+00:00
[2024-11-25T10:03:55.447+0000] {standard_task_runner.py:104} INFO - Running: ['***', 'tasks', 'run', 'NEPSE_DAG', 'transform_data', 'scheduled__2024-11-24T00:00:00+00:00', '--job-id', '85', '--raw', '--subdir', 'DAGS_FOLDER/etl.py', '--cfg-path', '/tmp/tmplp887xgv']
[2024-11-25T10:03:55.449+0000] {logging_mixin.py:190} WARNING - /home/***/.local/lib/python3.12/site-packages/***/task/task_runner/standard_task_runner.py:70 DeprecationWarning: This process (pid=8485) is multi-threaded, use of fork() may lead to deadlocks in the child.
[2024-11-25T10:03:55.449+0000] {standard_task_runner.py:105} INFO - Job 85: Subtask transform_data
[2024-11-25T10:03:55.450+0000] {standard_task_runner.py:72} INFO - Started process 8509 to run task
[2024-11-25T10:03:55.503+0000] {task_command.py:467} INFO - Running <TaskInstance: NEPSE_DAG.transform_data scheduled__2024-11-24T00:00:00+00:00 [running]> on host 1f1ac52b5dc6
[2024-11-25T10:03:55.627+0000] {taskinstance.py:3132} INFO - Exporting env vars: AIRFLOW_CTX_DAG_OWNER='***' AIRFLOW_CTX_DAG_ID='NEPSE_DAG' AIRFLOW_CTX_TASK_ID='transform_data' AIRFLOW_CTX_EXECUTION_DATE='2024-11-24T00:00:00+00:00' AIRFLOW_CTX_TRY_NUMBER='1' AIRFLOW_CTX_DAG_RUN_ID='scheduled__2024-11-24T00:00:00+00:00'
[2024-11-25T10:03:55.629+0000] {logging_mixin.py:190} INFO - Task instance is in running state
[2024-11-25T10:03:55.630+0000] {logging_mixin.py:190} INFO -  Previous state of the Task instance: queued
[2024-11-25T10:03:55.631+0000] {logging_mixin.py:190} INFO - Current task name:transform_data state:running start_date:2024-11-25 10:03:55.399635+00:00
[2024-11-25T10:03:55.632+0000] {logging_mixin.py:190} INFO - Dag name:NEPSE_DAG and current dag run status:running
[2024-11-25T10:03:55.632+0000] {taskinstance.py:731} INFO - ::endgroup::
[2024-11-25T10:03:56.219+0000] {python.py:240} INFO - Done. Returned value was: None
[2024-11-25T10:03:56.234+0000] {taskinstance.py:340} INFO - ::group::Post task execution logs
[2024-11-25T10:03:56.235+0000] {taskinstance.py:352} INFO - Marking task as SUCCESS. dag_id=NEPSE_DAG, task_id=transform_data, run_id=scheduled__2024-11-24T00:00:00+00:00, execution_date=20241124T000000, start_date=20241125T100355, end_date=20241125T100356
[2024-11-25T10:03:56.252+0000] {logging_mixin.py:190} INFO - Task instance in success state
[2024-11-25T10:03:56.253+0000] {logging_mixin.py:190} INFO -  Previous state of the Task instance: running
[2024-11-25T10:03:56.256+0000] {logging_mixin.py:190} INFO - Dag name:NEPSE_DAG queued_at:2024-11-25 10:02:47.450302+00:00
[2024-11-25T10:03:56.258+0000] {logging_mixin.py:190} INFO - Task hostname:1f1ac52b5dc6 operator:PythonOperator
[2024-11-25T10:03:56.310+0000] {local_task_job_runner.py:266} INFO - Task exited with return code 0
[2024-11-25T10:03:56.336+0000] {taskinstance.py:3895} INFO - 0 downstream tasks scheduled from follow-on schedule check
[2024-11-25T10:03:56.343+0000] {local_task_job_runner.py:245} INFO - ::endgroup::
