[2024-12-01T11:06:51.168+0000] {local_task_job_runner.py:123} INFO - ::group::Pre task execution logs
[2024-12-01T11:06:51.235+0000] {taskinstance.py:2613} INFO - Dependencies all met for dep_context=non-requeueable deps ti=<TaskInstance: NEPSE_DAG.extract_data scheduled__2024-11-30T00:00:00+00:00 [queued]>
[2024-12-01T11:06:51.272+0000] {taskinstance.py:2613} INFO - Dependencies all met for dep_context=requeueable deps ti=<TaskInstance: NEPSE_DAG.extract_data scheduled__2024-11-30T00:00:00+00:00 [queued]>
[2024-12-01T11:06:51.274+0000] {taskinstance.py:2866} INFO - Starting attempt 1 of 3
[2024-12-01T11:06:51.310+0000] {taskinstance.py:2889} INFO - Executing <Task(PythonOperator): extract_data> on 2024-11-30 00:00:00+00:00
[2024-12-01T11:06:51.342+0000] {logging_mixin.py:190} WARNING - /home/***/.local/lib/python3.12/site-packages/***/task/task_runner/standard_task_runner.py:70 DeprecationWarning: This process (pid=210) is multi-threaded, use of fork() may lead to deadlocks in the child.
[2024-12-01T11:06:51.345+0000] {standard_task_runner.py:72} INFO - Started process 284 to run task
[2024-12-01T11:06:51.341+0000] {standard_task_runner.py:104} INFO - Running: ['***', 'tasks', 'run', 'NEPSE_DAG', 'extract_data', 'scheduled__2024-11-30T00:00:00+00:00', '--job-id', '90', '--raw', '--subdir', 'DAGS_FOLDER/etl.py', '--cfg-path', '/tmp/tmpzwuoc7i7']
[2024-12-01T11:06:51.349+0000] {standard_task_runner.py:105} INFO - Job 90: Subtask extract_data
[2024-12-01T11:06:51.454+0000] {task_command.py:467} INFO - Running <TaskInstance: NEPSE_DAG.extract_data scheduled__2024-11-30T00:00:00+00:00 [running]> on host 3ea3626af2da
[2024-12-01T11:06:51.710+0000] {taskinstance.py:3132} INFO - Exporting env vars: AIRFLOW_CTX_DAG_OWNER='***' AIRFLOW_CTX_DAG_ID='NEPSE_DAG' AIRFLOW_CTX_TASK_ID='extract_data' AIRFLOW_CTX_EXECUTION_DATE='2024-11-30T00:00:00+00:00' AIRFLOW_CTX_TRY_NUMBER='1' AIRFLOW_CTX_DAG_RUN_ID='scheduled__2024-11-30T00:00:00+00:00'
[2024-12-01T11:06:51.722+0000] {logging_mixin.py:190} INFO - Task instance is in running state
[2024-12-01T11:06:51.725+0000] {logging_mixin.py:190} INFO -  Previous state of the Task instance: queued
[2024-12-01T11:06:51.726+0000] {logging_mixin.py:190} INFO - Current task name:extract_data state:running start_date:2024-12-01 11:06:51.237553+00:00
[2024-12-01T11:06:51.727+0000] {logging_mixin.py:190} INFO - Dag name:NEPSE_DAG and current dag run status:running
[2024-12-01T11:06:51.728+0000] {taskinstance.py:731} INFO - ::endgroup::
[2024-12-01T11:07:08.720+0000] {logging_mixin.py:190} INFO - Table located
[2024-12-01T11:07:09.332+0000] {logging_mixin.py:190} INFO - Header extracted
[2024-12-01T11:07:10.207+0000] {logging_mixin.py:190} INFO - Next button clicked
[2024-12-01T11:07:12.305+0000] {logging_mixin.py:190} INFO - Table located
[2024-12-01T11:07:13.297+0000] {logging_mixin.py:190} INFO - Next button clicked
[2024-12-01T11:07:15.371+0000] {logging_mixin.py:190} INFO - Table located
[2024-12-01T11:07:16.359+0000] {logging_mixin.py:190} INFO - Next button clicked
[2024-12-01T11:07:18.394+0000] {logging_mixin.py:190} INFO - Table located
[2024-12-01T11:07:18.668+0000] {logging_mixin.py:190} INFO - Next button clicked
[2024-12-01T11:07:20.746+0000] {logging_mixin.py:190} INFO - Table located
[2024-12-01T11:07:21.537+0000] {logging_mixin.py:190} INFO - Next button clicked
[2024-12-01T11:07:23.604+0000] {logging_mixin.py:190} INFO - Table located
[2024-12-01T11:07:24.488+0000] {logging_mixin.py:190} INFO - Next button clicked
[2024-12-01T11:07:26.612+0000] {logging_mixin.py:190} INFO - Table located
[2024-12-01T11:07:27.503+0000] {logging_mixin.py:190} INFO - Next button clicked
[2024-12-01T11:07:29.688+0000] {logging_mixin.py:190} INFO - Table located
[2024-12-01T11:07:30.665+0000] {logging_mixin.py:190} INFO - Next button clicked
[2024-12-01T11:07:32.777+0000] {logging_mixin.py:190} INFO - Table located
[2024-12-01T11:07:34.153+0000] {logging_mixin.py:190} INFO - Next button clicked
[2024-12-01T11:07:35.262+0000] {logging_mixin.py:190} INFO - Table located
[2024-12-01T11:07:36.507+0000] {logging_mixin.py:190} INFO - Next button clicked
[2024-12-01T11:07:38.656+0000] {logging_mixin.py:190} INFO - Table located
[2024-12-01T11:07:39.708+0000] {logging_mixin.py:190} INFO - Next button clicked
[2024-12-01T11:07:41.748+0000] {logging_mixin.py:190} INFO - Table located
[2024-12-01T11:07:42.383+0000] {logging_mixin.py:190} INFO - Next button clicked
[2024-12-01T11:07:44.510+0000] {logging_mixin.py:190} INFO - Table located
[2024-12-01T11:07:44.893+0000] {logging_mixin.py:190} INFO - Next button clicked
[2024-12-01T11:07:46.916+0000] {logging_mixin.py:190} INFO - Table located
[2024-12-01T11:07:47.245+0000] {logging_mixin.py:190} INFO - Next button clicked
[2024-12-01T11:07:49.270+0000] {logging_mixin.py:190} INFO - Table located
[2024-12-01T11:07:49.492+0000] {logging_mixin.py:190} INFO - Next button clicked
[2024-12-01T11:07:51.551+0000] {logging_mixin.py:190} INFO - Table located
[2024-12-01T11:08:10.888+0000] {logging_mixin.py:190} INFO - No more pages
[2024-12-01T11:08:10.890+0000] {logging_mixin.py:190} INFO - Data extraction completed
[2024-12-01T11:08:10.922+0000] {logging_mixin.py:190} INFO - 2024-12-01
[2024-12-01T11:08:11.750+0000] {logging_mixin.py:190} INFO - Data loading successful.
[2024-12-01T11:08:11.913+0000] {python.py:240} INFO - Done. Returned value was: None
[2024-12-01T11:08:12.191+0000] {taskinstance.py:340} INFO - ::group::Post task execution logs
[2024-12-01T11:08:12.201+0000] {taskinstance.py:352} INFO - Marking task as SUCCESS. dag_id=NEPSE_DAG, task_id=extract_data, run_id=scheduled__2024-11-30T00:00:00+00:00, execution_date=20241130T000000, start_date=20241201T110651, end_date=20241201T110812
[2024-12-01T11:08:12.344+0000] {logging_mixin.py:190} INFO - Task instance in success state
[2024-12-01T11:08:12.348+0000] {logging_mixin.py:190} INFO -  Previous state of the Task instance: running
[2024-12-01T11:08:12.351+0000] {logging_mixin.py:190} INFO - Dag name:NEPSE_DAG queued_at:2024-12-01 11:06:41.404346+00:00
[2024-12-01T11:08:12.352+0000] {logging_mixin.py:190} INFO - Task hostname:3ea3626af2da operator:PythonOperator
[2024-12-01T11:08:12.457+0000] {local_task_job_runner.py:266} INFO - Task exited with return code 0
[2024-12-01T11:08:12.698+0000] {taskinstance.py:3895} INFO - 1 downstream tasks scheduled from follow-on schedule check
[2024-12-01T11:08:12.703+0000] {local_task_job_runner.py:245} INFO - ::endgroup::
