[2024-12-01T11:30:25.116+0000] {local_task_job_runner.py:123} INFO - ::group::Pre task execution logs
[2024-12-01T11:30:25.138+0000] {taskinstance.py:2613} INFO - Dependencies all met for dep_context=non-requeueable deps ti=<TaskInstance: NEPSE_DAG.extract_data manual__2024-12-01T11:30:21.198148+00:00 [queued]>
[2024-12-01T11:30:25.149+0000] {taskinstance.py:2613} INFO - Dependencies all met for dep_context=requeueable deps ti=<TaskInstance: NEPSE_DAG.extract_data manual__2024-12-01T11:30:21.198148+00:00 [queued]>
[2024-12-01T11:30:25.150+0000] {taskinstance.py:2866} INFO - Starting attempt 1 of 3
[2024-12-01T11:30:25.170+0000] {taskinstance.py:2889} INFO - Executing <Task(PythonOperator): extract_data> on 2024-12-01 11:30:21.198148+00:00
[2024-12-01T11:30:25.182+0000] {logging_mixin.py:190} WARNING - /home/***/.local/lib/python3.12/site-packages/***/task/task_runner/standard_task_runner.py:70 DeprecationWarning: This process (pid=13866) is multi-threaded, use of fork() may lead to deadlocks in the child.
[2024-12-01T11:30:25.182+0000] {standard_task_runner.py:104} INFO - Running: ['***', 'tasks', 'run', 'NEPSE_DAG', 'extract_data', 'manual__2024-12-01T11:30:21.198148+00:00', '--job-id', '103', '--raw', '--subdir', 'DAGS_FOLDER/etl.py', '--cfg-path', '/tmp/tmp4nr5irvu']
[2024-12-01T11:30:25.184+0000] {standard_task_runner.py:72} INFO - Started process 13876 to run task
[2024-12-01T11:30:25.184+0000] {standard_task_runner.py:105} INFO - Job 103: Subtask extract_data
[2024-12-01T11:30:25.234+0000] {task_command.py:467} INFO - Running <TaskInstance: NEPSE_DAG.extract_data manual__2024-12-01T11:30:21.198148+00:00 [running]> on host 3ea3626af2da
[2024-12-01T11:30:25.336+0000] {taskinstance.py:3132} INFO - Exporting env vars: AIRFLOW_CTX_DAG_OWNER='***' AIRFLOW_CTX_DAG_ID='NEPSE_DAG' AIRFLOW_CTX_TASK_ID='extract_data' AIRFLOW_CTX_EXECUTION_DATE='2024-12-01T11:30:21.198148+00:00' AIRFLOW_CTX_TRY_NUMBER='1' AIRFLOW_CTX_DAG_RUN_ID='manual__2024-12-01T11:30:21.198148+00:00'
[2024-12-01T11:30:25.338+0000] {logging_mixin.py:190} INFO - Task instance is in running state
[2024-12-01T11:30:25.338+0000] {logging_mixin.py:190} INFO -  Previous state of the Task instance: queued
[2024-12-01T11:30:25.339+0000] {logging_mixin.py:190} INFO - Current task name:extract_data state:running start_date:2024-12-01 11:30:25.139709+00:00
[2024-12-01T11:30:25.340+0000] {logging_mixin.py:190} INFO - Dag name:NEPSE_DAG and current dag run status:running
[2024-12-01T11:30:25.340+0000] {taskinstance.py:731} INFO - ::endgroup::
[2024-12-01T11:30:28.883+0000] {logging_mixin.py:190} INFO - Table located
[2024-12-01T11:30:29.204+0000] {logging_mixin.py:190} INFO - Header extracted
[2024-12-01T11:30:31.350+0000] {logging_mixin.py:190} INFO - Next button clicked
[2024-12-01T11:30:31.833+0000] {logging_mixin.py:190} INFO - Table located
[2024-12-01T11:30:32.118+0000] {logging_mixin.py:190} INFO - Next button clicked
[2024-12-01T11:30:34.135+0000] {logging_mixin.py:190} INFO - Table located
[2024-12-01T11:30:34.344+0000] {logging_mixin.py:190} INFO - Next button clicked
[2024-12-01T11:30:36.369+0000] {logging_mixin.py:190} INFO - Table located
[2024-12-01T11:30:36.545+0000] {logging_mixin.py:190} INFO - Next button clicked
[2024-12-01T11:30:38.571+0000] {logging_mixin.py:190} INFO - Table located
[2024-12-01T11:30:38.809+0000] {logging_mixin.py:190} INFO - Next button clicked
[2024-12-01T11:30:40.838+0000] {logging_mixin.py:190} INFO - Table located
[2024-12-01T11:30:41.118+0000] {logging_mixin.py:190} INFO - Next button clicked
[2024-12-01T11:30:43.143+0000] {logging_mixin.py:190} INFO - Table located
[2024-12-01T11:30:43.307+0000] {logging_mixin.py:190} INFO - Next button clicked
[2024-12-01T11:30:45.332+0000] {logging_mixin.py:190} INFO - Table located
[2024-12-01T11:30:45.509+0000] {logging_mixin.py:190} INFO - Next button clicked
[2024-12-01T11:30:47.527+0000] {logging_mixin.py:190} INFO - Table located
[2024-12-01T11:30:47.683+0000] {logging_mixin.py:190} INFO - Next button clicked
[2024-12-01T11:30:49.712+0000] {logging_mixin.py:190} INFO - Table located
[2024-12-01T11:30:49.949+0000] {logging_mixin.py:190} INFO - Next button clicked
[2024-12-01T11:30:51.972+0000] {logging_mixin.py:190} INFO - Table located
[2024-12-01T11:30:52.249+0000] {logging_mixin.py:190} INFO - Next button clicked
[2024-12-01T11:30:54.278+0000] {logging_mixin.py:190} INFO - Table located
[2024-12-01T11:30:54.483+0000] {logging_mixin.py:190} INFO - Next button clicked
[2024-12-01T11:30:56.508+0000] {logging_mixin.py:190} INFO - Table located
[2024-12-01T11:30:56.745+0000] {logging_mixin.py:190} INFO - Next button clicked
[2024-12-01T11:30:58.775+0000] {logging_mixin.py:190} INFO - Table located
[2024-12-01T11:30:58.953+0000] {logging_mixin.py:190} INFO - Next button clicked
[2024-12-01T11:31:00.550+0000] {logging_mixin.py:190} INFO - Table located
[2024-12-01T11:30:59.697+0000] {logging_mixin.py:190} INFO - Next button clicked
[2024-12-01T11:31:01.719+0000] {logging_mixin.py:190} INFO - Table located
[2024-12-01T11:31:22.059+0000] {logging_mixin.py:190} INFO - No more pages
[2024-12-01T11:31:22.060+0000] {logging_mixin.py:190} INFO - Data extraction completed
[2024-12-01T11:31:22.064+0000] {logging_mixin.py:190} INFO - 2024-12-01
[2024-12-01T11:31:22.417+0000] {logging_mixin.py:190} INFO - Data loading successful.
[2024-12-01T11:31:22.436+0000] {python.py:240} INFO - Done. Returned value was: None
[2024-12-01T11:31:22.461+0000] {taskinstance.py:340} INFO - ::group::Post task execution logs
[2024-12-01T11:31:22.462+0000] {taskinstance.py:352} INFO - Marking task as SUCCESS. dag_id=NEPSE_DAG, task_id=extract_data, run_id=manual__2024-12-01T11:30:21.198148+00:00, execution_date=20241201T113021, start_date=20241201T113025, end_date=20241201T113122
[2024-12-01T11:31:22.485+0000] {logging_mixin.py:190} INFO - Task instance in success state
[2024-12-01T11:31:22.487+0000] {logging_mixin.py:190} INFO -  Previous state of the Task instance: running
[2024-12-01T11:31:22.488+0000] {logging_mixin.py:190} INFO - Dag name:NEPSE_DAG queued_at:2024-12-01 11:30:21.565026+00:00
[2024-12-01T11:31:22.489+0000] {logging_mixin.py:190} INFO - Task hostname:3ea3626af2da operator:PythonOperator
[2024-12-01T11:31:22.548+0000] {local_task_job_runner.py:266} INFO - Task exited with return code 0
[2024-12-01T11:31:22.596+0000] {taskinstance.py:3895} INFO - 1 downstream tasks scheduled from follow-on schedule check
[2024-12-01T11:31:22.600+0000] {local_task_job_runner.py:245} INFO - ::endgroup::
