[2024-12-01T11:31:28.198+0000] {local_task_job_runner.py:123} INFO - ::group::Pre task execution logs
[2024-12-01T11:31:28.220+0000] {taskinstance.py:2613} INFO - Dependencies all met for dep_context=non-requeueable deps ti=<TaskInstance: NEPSE_DAG.load_data manual__2024-12-01T11:30:21.198148+00:00 [queued]>
[2024-12-01T11:31:28.231+0000] {taskinstance.py:2613} INFO - Dependencies all met for dep_context=requeueable deps ti=<TaskInstance: NEPSE_DAG.load_data manual__2024-12-01T11:30:21.198148+00:00 [queued]>
[2024-12-01T11:31:28.232+0000] {taskinstance.py:2866} INFO - Starting attempt 1 of 3
[2024-12-01T11:31:28.251+0000] {taskinstance.py:2889} INFO - Executing <Task(PythonOperator): load_data> on 2024-12-01 11:30:21.198148+00:00
[2024-12-01T11:31:28.264+0000] {logging_mixin.py:190} WARNING - /home/***/.local/lib/python3.12/site-packages/***/task/task_runner/standard_task_runner.py:70 DeprecationWarning: This process (pid=14471) is multi-threaded, use of fork() may lead to deadlocks in the child.
[2024-12-01T11:31:28.264+0000] {standard_task_runner.py:104} INFO - Running: ['***', 'tasks', 'run', 'NEPSE_DAG', 'load_data', 'manual__2024-12-01T11:30:21.198148+00:00', '--job-id', '105', '--raw', '--subdir', 'DAGS_FOLDER/etl.py', '--cfg-path', '/tmp/tmpss190b16']
[2024-12-01T11:31:28.266+0000] {standard_task_runner.py:72} INFO - Started process 14514 to run task
[2024-12-01T11:31:28.266+0000] {standard_task_runner.py:105} INFO - Job 105: Subtask load_data
[2024-12-01T11:31:28.333+0000] {task_command.py:467} INFO - Running <TaskInstance: NEPSE_DAG.load_data manual__2024-12-01T11:30:21.198148+00:00 [running]> on host 3ea3626af2da
[2024-12-01T11:31:28.469+0000] {taskinstance.py:3132} INFO - Exporting env vars: AIRFLOW_CTX_DAG_OWNER='***' AIRFLOW_CTX_DAG_ID='NEPSE_DAG' AIRFLOW_CTX_TASK_ID='load_data' AIRFLOW_CTX_EXECUTION_DATE='2024-12-01T11:30:21.198148+00:00' AIRFLOW_CTX_TRY_NUMBER='1' AIRFLOW_CTX_DAG_RUN_ID='manual__2024-12-01T11:30:21.198148+00:00'
[2024-12-01T11:31:28.471+0000] {logging_mixin.py:190} INFO - Task instance is in running state
[2024-12-01T11:31:28.472+0000] {logging_mixin.py:190} INFO -  Previous state of the Task instance: queued
[2024-12-01T11:31:28.473+0000] {logging_mixin.py:190} INFO - Current task name:load_data state:running start_date:2024-12-01 11:31:28.221472+00:00
[2024-12-01T11:31:28.473+0000] {logging_mixin.py:190} INFO - Dag name:NEPSE_DAG and current dag run status:running
[2024-12-01T11:31:28.474+0000] {taskinstance.py:731} INFO - ::endgroup::
[2024-12-01T11:31:28.793+0000] {logging_mixin.py:190} INFO - creating Dim Date FailedNDFrame.to_sql() got an unexpected keyword argument 'if_existes'
[2024-12-01T11:31:28.882+0000] {python.py:240} INFO - Done. Returned value was: None
[2024-12-01T11:31:28.894+0000] {taskinstance.py:340} INFO - ::group::Post task execution logs
[2024-12-01T11:31:28.895+0000] {taskinstance.py:352} INFO - Marking task as SUCCESS. dag_id=NEPSE_DAG, task_id=load_data, run_id=manual__2024-12-01T11:30:21.198148+00:00, execution_date=20241201T113021, start_date=20241201T113128, end_date=20241201T113128
[2024-12-01T11:31:28.907+0000] {logging_mixin.py:190} INFO - Task instance in success state
[2024-12-01T11:31:28.908+0000] {logging_mixin.py:190} INFO -  Previous state of the Task instance: running
[2024-12-01T11:31:28.909+0000] {logging_mixin.py:190} INFO - Dag name:NEPSE_DAG queued_at:2024-12-01 11:30:21.565026+00:00
[2024-12-01T11:31:28.910+0000] {logging_mixin.py:190} INFO - Task hostname:3ea3626af2da operator:PythonOperator
[2024-12-01T11:31:28.930+0000] {local_task_job_runner.py:266} INFO - Task exited with return code 0
[2024-12-01T11:31:28.955+0000] {taskinstance.py:3895} INFO - 0 downstream tasks scheduled from follow-on schedule check
[2024-12-01T11:31:28.959+0000] {local_task_job_runner.py:245} INFO - ::endgroup::
