[2024-11-25T09:49:33.341+0000] {processor.py:186} INFO - Started process (PID=207) to work on /opt/airflow/dags/etl.py
[2024-11-25T09:49:33.348+0000] {processor.py:914} INFO - Processing file /opt/airflow/dags/etl.py for tasks to queue
[2024-11-25T09:49:33.366+0000] {logging_mixin.py:190} INFO - [2024-11-25T09:49:33.364+0000] {dagbag.py:588} INFO - Filling up the DagBag from /opt/airflow/dags/etl.py
[2024-11-25T09:49:34.265+0000] {logging_mixin.py:190} INFO - [2024-11-25T09:49:34.243+0000] {dagbag.py:387} ERROR - Failed to import: /opt/airflow/dags/etl.py
Traceback (most recent call last):
  File "/home/airflow/.local/lib/python3.12/site-packages/airflow/models/dagbag.py", line 383, in parse
    loader.exec_module(new_module)
  File "<frozen importlib._bootstrap_external>", line 995, in exec_module
  File "<frozen importlib._bootstrap>", line 488, in _call_with_frames_removed
  File "/opt/airflow/dags/etl.py", line 15, in <module>
    dag = DAG(
          ^^^^
  File "/home/airflow/.local/lib/python3.12/site-packages/airflow/models/dag.py", line 593, in __init__
    validate_key(dag_id)
  File "/home/airflow/.local/lib/python3.12/site-packages/airflow/utils/helpers.py", line 57, in validate_key
    raise AirflowException(
airflow.exceptions.AirflowException: The key 'NEPSE DAG' has to be made of alphanumeric characters, dashes, dots and underscores exclusively
[2024-11-25T09:49:34.268+0000] {processor.py:927} WARNING - No viable dags retrieved from /opt/airflow/dags/etl.py
[2024-11-25T09:49:34.409+0000] {processor.py:208} INFO - Processing /opt/airflow/dags/etl.py took 1.136 seconds
[2024-11-25T09:50:04.931+0000] {processor.py:186} INFO - Started process (PID=503) to work on /opt/airflow/dags/etl.py
[2024-11-25T09:50:04.932+0000] {processor.py:914} INFO - Processing file /opt/airflow/dags/etl.py for tasks to queue
[2024-11-25T09:50:04.936+0000] {logging_mixin.py:190} INFO - [2024-11-25T09:50:04.935+0000] {dagbag.py:588} INFO - Filling up the DagBag from /opt/airflow/dags/etl.py
[2024-11-25T09:50:05.158+0000] {logging_mixin.py:190} INFO - [2024-11-25T09:50:05.151+0000] {dagbag.py:387} ERROR - Failed to import: /opt/airflow/dags/etl.py
Traceback (most recent call last):
  File "/home/airflow/.local/lib/python3.12/site-packages/airflow/models/dagbag.py", line 383, in parse
    loader.exec_module(new_module)
  File "<frozen importlib._bootstrap_external>", line 995, in exec_module
  File "<frozen importlib._bootstrap>", line 488, in _call_with_frames_removed
  File "/opt/airflow/dags/etl.py", line 15, in <module>
    dag = DAG(
          ^^^^
  File "/home/airflow/.local/lib/python3.12/site-packages/airflow/models/dag.py", line 593, in __init__
    validate_key(dag_id)
  File "/home/airflow/.local/lib/python3.12/site-packages/airflow/utils/helpers.py", line 57, in validate_key
    raise AirflowException(
airflow.exceptions.AirflowException: The key 'NEPSE DAG' has to be made of alphanumeric characters, dashes, dots and underscores exclusively
[2024-11-25T09:50:05.159+0000] {processor.py:927} WARNING - No viable dags retrieved from /opt/airflow/dags/etl.py
[2024-11-25T09:50:05.184+0000] {processor.py:208} INFO - Processing /opt/airflow/dags/etl.py took 0.261 seconds
[2024-11-25T09:50:35.561+0000] {processor.py:186} INFO - Started process (PID=799) to work on /opt/airflow/dags/etl.py
[2024-11-25T09:50:35.563+0000] {processor.py:914} INFO - Processing file /opt/airflow/dags/etl.py for tasks to queue
[2024-11-25T09:50:35.566+0000] {logging_mixin.py:190} INFO - [2024-11-25T09:50:35.565+0000] {dagbag.py:588} INFO - Filling up the DagBag from /opt/airflow/dags/etl.py
[2024-11-25T09:50:35.822+0000] {logging_mixin.py:190} INFO - [2024-11-25T09:50:35.813+0000] {dagbag.py:387} ERROR - Failed to import: /opt/airflow/dags/etl.py
Traceback (most recent call last):
  File "/home/airflow/.local/lib/python3.12/site-packages/airflow/models/dagbag.py", line 383, in parse
    loader.exec_module(new_module)
  File "<frozen importlib._bootstrap_external>", line 995, in exec_module
  File "<frozen importlib._bootstrap>", line 488, in _call_with_frames_removed
  File "/opt/airflow/dags/etl.py", line 15, in <module>
    dag = DAG(
          ^^^^
  File "/home/airflow/.local/lib/python3.12/site-packages/airflow/models/dag.py", line 593, in __init__
    validate_key(dag_id)
  File "/home/airflow/.local/lib/python3.12/site-packages/airflow/utils/helpers.py", line 57, in validate_key
    raise AirflowException(
airflow.exceptions.AirflowException: The key 'NEPSE DAG' has to be made of alphanumeric characters, dashes, dots and underscores exclusively
[2024-11-25T09:50:35.823+0000] {processor.py:927} WARNING - No viable dags retrieved from /opt/airflow/dags/etl.py
[2024-11-25T09:50:35.850+0000] {processor.py:208} INFO - Processing /opt/airflow/dags/etl.py took 0.302 seconds
[2024-11-25T09:50:39.682+0000] {processor.py:186} INFO - Started process (PID=839) to work on /opt/airflow/dags/etl.py
[2024-11-25T09:50:39.684+0000] {processor.py:914} INFO - Processing file /opt/airflow/dags/etl.py for tasks to queue
[2024-11-25T09:50:39.686+0000] {logging_mixin.py:190} INFO - [2024-11-25T09:50:39.685+0000] {dagbag.py:588} INFO - Filling up the DagBag from /opt/airflow/dags/etl.py
[2024-11-25T09:50:39.919+0000] {logging_mixin.py:190} INFO - [2024-11-25T09:50:39.910+0000] {dagbag.py:387} ERROR - Failed to import: /opt/airflow/dags/etl.py
Traceback (most recent call last):
  File "/home/airflow/.local/lib/python3.12/site-packages/airflow/models/dagbag.py", line 383, in parse
    loader.exec_module(new_module)
  File "<frozen importlib._bootstrap_external>", line 995, in exec_module
  File "<frozen importlib._bootstrap>", line 488, in _call_with_frames_removed
  File "/opt/airflow/dags/etl.py", line 15, in <module>
    dag = DAG(
          ^^^^
  File "/home/airflow/.local/lib/python3.12/site-packages/airflow/models/dag.py", line 593, in __init__
    validate_key(dag_id)
  File "/home/airflow/.local/lib/python3.12/site-packages/airflow/utils/helpers.py", line 57, in validate_key
    raise AirflowException(
airflow.exceptions.AirflowException: The key 'NEPSE DAG' has to be made of alphanumeric characters, dashes, dots and underscores exclusively
[2024-11-25T09:50:39.921+0000] {processor.py:927} WARNING - No viable dags retrieved from /opt/airflow/dags/etl.py
[2024-11-25T09:50:39.951+0000] {processor.py:208} INFO - Processing /opt/airflow/dags/etl.py took 0.276 seconds
[2024-11-25T09:50:41.558+0000] {processor.py:186} INFO - Started process (PID=864) to work on /opt/airflow/dags/etl.py
[2024-11-25T09:50:41.560+0000] {processor.py:914} INFO - Processing file /opt/airflow/dags/etl.py for tasks to queue
[2024-11-25T09:50:41.564+0000] {logging_mixin.py:190} INFO - [2024-11-25T09:50:41.563+0000] {dagbag.py:588} INFO - Filling up the DagBag from /opt/airflow/dags/etl.py
[2024-11-25T09:50:41.823+0000] {logging_mixin.py:190} INFO - [2024-11-25T09:50:41.817+0000] {dagbag.py:387} ERROR - Failed to import: /opt/airflow/dags/etl.py
Traceback (most recent call last):
  File "/home/airflow/.local/lib/python3.12/site-packages/airflow/models/dagbag.py", line 383, in parse
    loader.exec_module(new_module)
  File "<frozen importlib._bootstrap_external>", line 995, in exec_module
  File "<frozen importlib._bootstrap>", line 488, in _call_with_frames_removed
  File "/opt/airflow/dags/etl.py", line 15, in <module>
    dag = DAG(
          ^^^^
  File "/home/airflow/.local/lib/python3.12/site-packages/airflow/models/dag.py", line 593, in __init__
    validate_key(dag_id)
  File "/home/airflow/.local/lib/python3.12/site-packages/airflow/utils/helpers.py", line 57, in validate_key
    raise AirflowException(
airflow.exceptions.AirflowException: The key 'NEPSE DAG' has to be made of alphanumeric characters, dashes, dots and underscores exclusively
[2024-11-25T09:50:41.824+0000] {processor.py:927} WARNING - No viable dags retrieved from /opt/airflow/dags/etl.py
[2024-11-25T09:50:41.845+0000] {processor.py:208} INFO - Processing /opt/airflow/dags/etl.py took 0.308 seconds
[2024-11-25T09:50:45.344+0000] {processor.py:186} INFO - Started process (PID=972) to work on /opt/airflow/dags/etl.py
[2024-11-25T09:50:45.346+0000] {processor.py:914} INFO - Processing file /opt/airflow/dags/etl.py for tasks to queue
[2024-11-25T09:50:45.349+0000] {logging_mixin.py:190} INFO - [2024-11-25T09:50:45.348+0000] {dagbag.py:588} INFO - Filling up the DagBag from /opt/airflow/dags/etl.py
[2024-11-25T09:50:45.372+0000] {logging_mixin.py:190} INFO - [2024-11-25T09:50:45.371+0000] {dagbag.py:387} ERROR - Failed to import: /opt/airflow/dags/etl.py
Traceback (most recent call last):
  File "/home/airflow/.local/lib/python3.12/site-packages/airflow/models/dagbag.py", line 383, in parse
    loader.exec_module(new_module)
  File "<frozen importlib._bootstrap_external>", line 991, in exec_module
  File "<frozen importlib._bootstrap_external>", line 1129, in get_code
  File "<frozen importlib._bootstrap_external>", line 1059, in source_to_code
  File "<frozen importlib._bootstrap>", line 488, in _call_with_frames_removed
  File "/opt/airflow/dags/etl.py", line 35
    extract_data >> 
                    ^
SyntaxError: invalid syntax
[2024-11-25T09:50:45.374+0000] {processor.py:927} WARNING - No viable dags retrieved from /opt/airflow/dags/etl.py
[2024-11-25T09:50:45.416+0000] {processor.py:208} INFO - Processing /opt/airflow/dags/etl.py took 0.081 seconds
[2024-11-25T09:50:48.132+0000] {processor.py:186} INFO - Started process (PID=1042) to work on /opt/airflow/dags/etl.py
[2024-11-25T09:50:48.133+0000] {processor.py:914} INFO - Processing file /opt/airflow/dags/etl.py for tasks to queue
[2024-11-25T09:50:48.135+0000] {logging_mixin.py:190} INFO - [2024-11-25T09:50:48.135+0000] {dagbag.py:588} INFO - Filling up the DagBag from /opt/airflow/dags/etl.py
[2024-11-25T09:50:48.323+0000] {logging_mixin.py:190} INFO - [2024-11-25T09:50:48.318+0000] {dagbag.py:387} ERROR - Failed to import: /opt/airflow/dags/etl.py
Traceback (most recent call last):
  File "/home/airflow/.local/lib/python3.12/site-packages/airflow/models/dagbag.py", line 383, in parse
    loader.exec_module(new_module)
  File "<frozen importlib._bootstrap_external>", line 995, in exec_module
  File "<frozen importlib._bootstrap>", line 488, in _call_with_frames_removed
  File "/opt/airflow/dags/etl.py", line 15, in <module>
    dag = DAG(
          ^^^^
  File "/home/airflow/.local/lib/python3.12/site-packages/airflow/models/dag.py", line 593, in __init__
    validate_key(dag_id)
  File "/home/airflow/.local/lib/python3.12/site-packages/airflow/utils/helpers.py", line 57, in validate_key
    raise AirflowException(
airflow.exceptions.AirflowException: The key 'NEPSE DAG' has to be made of alphanumeric characters, dashes, dots and underscores exclusively
[2024-11-25T09:50:48.324+0000] {processor.py:927} WARNING - No viable dags retrieved from /opt/airflow/dags/etl.py
[2024-11-25T09:50:48.347+0000] {processor.py:208} INFO - Processing /opt/airflow/dags/etl.py took 0.227 seconds
[2024-11-25T09:50:49.451+0000] {processor.py:186} INFO - Started process (PID=1054) to work on /opt/airflow/dags/etl.py
[2024-11-25T09:50:49.452+0000] {processor.py:914} INFO - Processing file /opt/airflow/dags/etl.py for tasks to queue
[2024-11-25T09:50:49.453+0000] {logging_mixin.py:190} INFO - [2024-11-25T09:50:49.453+0000] {dagbag.py:588} INFO - Filling up the DagBag from /opt/airflow/dags/etl.py
[2024-11-25T09:50:49.663+0000] {logging_mixin.py:190} INFO - [2024-11-25T09:50:49.656+0000] {dagbag.py:387} ERROR - Failed to import: /opt/airflow/dags/etl.py
Traceback (most recent call last):
  File "/home/airflow/.local/lib/python3.12/site-packages/airflow/models/dagbag.py", line 383, in parse
    loader.exec_module(new_module)
  File "<frozen importlib._bootstrap_external>", line 995, in exec_module
  File "<frozen importlib._bootstrap>", line 488, in _call_with_frames_removed
  File "/opt/airflow/dags/etl.py", line 15, in <module>
    dag = DAG(
          ^^^^
  File "/home/airflow/.local/lib/python3.12/site-packages/airflow/models/dag.py", line 593, in __init__
    validate_key(dag_id)
  File "/home/airflow/.local/lib/python3.12/site-packages/airflow/utils/helpers.py", line 57, in validate_key
    raise AirflowException(
airflow.exceptions.AirflowException: The key 'NEPSE DAG' has to be made of alphanumeric characters, dashes, dots and underscores exclusively
[2024-11-25T09:50:49.665+0000] {processor.py:927} WARNING - No viable dags retrieved from /opt/airflow/dags/etl.py
[2024-11-25T09:50:49.690+0000] {processor.py:208} INFO - Processing /opt/airflow/dags/etl.py took 0.247 seconds
[2024-11-25T09:51:19.778+0000] {processor.py:186} INFO - Started process (PID=1355) to work on /opt/airflow/dags/etl.py
[2024-11-25T09:51:19.784+0000] {processor.py:914} INFO - Processing file /opt/airflow/dags/etl.py for tasks to queue
[2024-11-25T09:51:19.786+0000] {logging_mixin.py:190} INFO - [2024-11-25T09:51:19.785+0000] {dagbag.py:588} INFO - Filling up the DagBag from /opt/airflow/dags/etl.py
[2024-11-25T09:51:19.943+0000] {logging_mixin.py:190} INFO - [2024-11-25T09:51:19.938+0000] {dagbag.py:387} ERROR - Failed to import: /opt/airflow/dags/etl.py
Traceback (most recent call last):
  File "/home/airflow/.local/lib/python3.12/site-packages/airflow/models/dagbag.py", line 383, in parse
    loader.exec_module(new_module)
  File "<frozen importlib._bootstrap_external>", line 995, in exec_module
  File "<frozen importlib._bootstrap>", line 488, in _call_with_frames_removed
  File "/opt/airflow/dags/etl.py", line 15, in <module>
    dag = DAG(
          ^^^^
  File "/home/airflow/.local/lib/python3.12/site-packages/airflow/models/dag.py", line 593, in __init__
    validate_key(dag_id)
  File "/home/airflow/.local/lib/python3.12/site-packages/airflow/utils/helpers.py", line 57, in validate_key
    raise AirflowException(
airflow.exceptions.AirflowException: The key 'NEPSE DAG' has to be made of alphanumeric characters, dashes, dots and underscores exclusively
[2024-11-25T09:51:19.944+0000] {processor.py:927} WARNING - No viable dags retrieved from /opt/airflow/dags/etl.py
[2024-11-25T09:51:19.962+0000] {processor.py:208} INFO - Processing /opt/airflow/dags/etl.py took 0.190 seconds
[2024-11-25T09:51:28.639+0000] {processor.py:186} INFO - Started process (PID=1410) to work on /opt/airflow/dags/etl.py
[2024-11-25T09:51:28.641+0000] {processor.py:914} INFO - Processing file /opt/airflow/dags/etl.py for tasks to queue
[2024-11-25T09:51:28.642+0000] {logging_mixin.py:190} INFO - [2024-11-25T09:51:28.642+0000] {dagbag.py:588} INFO - Filling up the DagBag from /opt/airflow/dags/etl.py
[2024-11-25T09:51:28.793+0000] {logging_mixin.py:190} INFO - [2024-11-25T09:51:28.788+0000] {dagbag.py:387} ERROR - Failed to import: /opt/airflow/dags/etl.py
Traceback (most recent call last):
  File "/home/airflow/.local/lib/python3.12/site-packages/airflow/models/dagbag.py", line 383, in parse
    loader.exec_module(new_module)
  File "<frozen importlib._bootstrap_external>", line 995, in exec_module
  File "<frozen importlib._bootstrap>", line 488, in _call_with_frames_removed
  File "/opt/airflow/dags/etl.py", line 15, in <module>
    dag = DAG(
          ^^^^
  File "/home/airflow/.local/lib/python3.12/site-packages/airflow/models/dag.py", line 593, in __init__
    validate_key(dag_id)
  File "/home/airflow/.local/lib/python3.12/site-packages/airflow/utils/helpers.py", line 57, in validate_key
    raise AirflowException(
airflow.exceptions.AirflowException: The key 'NEPSE DAG' has to be made of alphanumeric characters, dashes, dots and underscores exclusively
[2024-11-25T09:51:28.794+0000] {processor.py:927} WARNING - No viable dags retrieved from /opt/airflow/dags/etl.py
[2024-11-25T09:51:28.813+0000] {processor.py:208} INFO - Processing /opt/airflow/dags/etl.py took 0.179 seconds
[2024-11-25T09:51:59.261+0000] {processor.py:186} INFO - Started process (PID=1706) to work on /opt/airflow/dags/etl.py
[2024-11-25T09:51:59.263+0000] {processor.py:914} INFO - Processing file /opt/airflow/dags/etl.py for tasks to queue
[2024-11-25T09:51:59.266+0000] {logging_mixin.py:190} INFO - [2024-11-25T09:51:59.266+0000] {dagbag.py:588} INFO - Filling up the DagBag from /opt/airflow/dags/etl.py
[2024-11-25T09:51:59.423+0000] {logging_mixin.py:190} INFO - [2024-11-25T09:51:59.418+0000] {dagbag.py:387} ERROR - Failed to import: /opt/airflow/dags/etl.py
Traceback (most recent call last):
  File "/home/airflow/.local/lib/python3.12/site-packages/airflow/models/dagbag.py", line 383, in parse
    loader.exec_module(new_module)
  File "<frozen importlib._bootstrap_external>", line 995, in exec_module
  File "<frozen importlib._bootstrap>", line 488, in _call_with_frames_removed
  File "/opt/airflow/dags/etl.py", line 15, in <module>
    dag = DAG(
          ^^^^
  File "/home/airflow/.local/lib/python3.12/site-packages/airflow/models/dag.py", line 593, in __init__
    validate_key(dag_id)
  File "/home/airflow/.local/lib/python3.12/site-packages/airflow/utils/helpers.py", line 57, in validate_key
    raise AirflowException(
airflow.exceptions.AirflowException: The key 'NEPSE DAG' has to be made of alphanumeric characters, dashes, dots and underscores exclusively
[2024-11-25T09:51:59.424+0000] {processor.py:927} WARNING - No viable dags retrieved from /opt/airflow/dags/etl.py
[2024-11-25T09:51:59.444+0000] {processor.py:208} INFO - Processing /opt/airflow/dags/etl.py took 0.189 seconds
[2024-11-25T09:52:18.270+0000] {processor.py:186} INFO - Started process (PID=1840) to work on /opt/airflow/dags/etl.py
[2024-11-25T09:52:18.304+0000] {processor.py:914} INFO - Processing file /opt/airflow/dags/etl.py for tasks to queue
[2024-11-25T09:52:18.317+0000] {logging_mixin.py:190} INFO - [2024-11-25T09:52:18.315+0000] {dagbag.py:588} INFO - Filling up the DagBag from /opt/airflow/dags/etl.py
[2024-11-25T09:52:18.846+0000] {processor.py:925} INFO - DAG(s) 'NEPSE_DAG' retrieved from /opt/airflow/dags/etl.py
[2024-11-25T09:52:19.137+0000] {logging_mixin.py:190} INFO - [2024-11-25T09:52:19.136+0000] {override.py:1911} INFO - Created Permission View: can edit on DAG:NEPSE_DAG
[2024-11-25T09:52:19.164+0000] {logging_mixin.py:190} INFO - [2024-11-25T09:52:19.163+0000] {override.py:1911} INFO - Created Permission View: can delete on DAG:NEPSE_DAG
[2024-11-25T09:52:19.177+0000] {logging_mixin.py:190} INFO - [2024-11-25T09:52:19.176+0000] {override.py:1911} INFO - Created Permission View: can read on DAG:NEPSE_DAG
[2024-11-25T09:52:19.192+0000] {logging_mixin.py:190} INFO - [2024-11-25T09:52:19.191+0000] {override.py:1911} INFO - Created Permission View: can create on DAG Run:NEPSE_DAG
[2024-11-25T09:52:19.208+0000] {logging_mixin.py:190} INFO - [2024-11-25T09:52:19.207+0000] {override.py:1911} INFO - Created Permission View: can delete on DAG Run:NEPSE_DAG
[2024-11-25T09:52:19.219+0000] {logging_mixin.py:190} INFO - [2024-11-25T09:52:19.218+0000] {override.py:1911} INFO - Created Permission View: can read on DAG Run:NEPSE_DAG
[2024-11-25T09:52:19.227+0000] {logging_mixin.py:190} INFO - [2024-11-25T09:52:19.227+0000] {override.py:1911} INFO - Created Permission View: menu access on DAG Run:NEPSE_DAG
[2024-11-25T09:52:19.229+0000] {logging_mixin.py:190} INFO - [2024-11-25T09:52:19.228+0000] {dag.py:3239} INFO - Sync 1 DAGs
[2024-11-25T09:52:19.246+0000] {logging_mixin.py:190} INFO - [2024-11-25T09:52:19.245+0000] {dag.py:3262} INFO - Creating ORM DAG for NEPSE_DAG
[2024-11-25T09:52:19.266+0000] {logging_mixin.py:190} INFO - [2024-11-25T09:52:19.266+0000] {dag.py:4180} INFO - Setting next_dagrun for NEPSE_DAG to 2024-11-17 00:00:00+00:00, run_after=2024-11-24 00:00:00+00:00
[2024-11-25T09:52:19.304+0000] {processor.py:208} INFO - Processing /opt/airflow/dags/etl.py took 1.141 seconds
[2024-11-25T09:52:49.996+0000] {processor.py:186} INFO - Started process (PID=2133) to work on /opt/airflow/dags/etl.py
[2024-11-25T09:52:50.001+0000] {processor.py:914} INFO - Processing file /opt/airflow/dags/etl.py for tasks to queue
[2024-11-25T09:52:50.003+0000] {logging_mixin.py:190} INFO - [2024-11-25T09:52:50.003+0000] {dagbag.py:588} INFO - Filling up the DagBag from /opt/airflow/dags/etl.py
[2024-11-25T09:52:50.312+0000] {processor.py:925} INFO - DAG(s) 'NEPSE_DAG' retrieved from /opt/airflow/dags/etl.py
[2024-11-25T09:52:50.367+0000] {logging_mixin.py:190} INFO - [2024-11-25T09:52:50.366+0000] {dag.py:3239} INFO - Sync 1 DAGs
[2024-11-25T09:52:50.436+0000] {logging_mixin.py:190} INFO - [2024-11-25T09:52:50.436+0000] {dag.py:4180} INFO - Setting next_dagrun for NEPSE_DAG to 2024-11-17 00:00:00+00:00, run_after=2024-11-24 00:00:00+00:00
[2024-11-25T09:52:50.492+0000] {processor.py:208} INFO - Processing /opt/airflow/dags/etl.py took 0.509 seconds
[2024-11-25T09:53:20.598+0000] {processor.py:186} INFO - Started process (PID=2429) to work on /opt/airflow/dags/etl.py
[2024-11-25T09:53:20.605+0000] {processor.py:914} INFO - Processing file /opt/airflow/dags/etl.py for tasks to queue
[2024-11-25T09:53:20.609+0000] {logging_mixin.py:190} INFO - [2024-11-25T09:53:20.608+0000] {dagbag.py:588} INFO - Filling up the DagBag from /opt/airflow/dags/etl.py
[2024-11-25T09:53:21.107+0000] {processor.py:925} INFO - DAG(s) 'NEPSE_DAG' retrieved from /opt/airflow/dags/etl.py
[2024-11-25T09:53:21.183+0000] {logging_mixin.py:190} INFO - [2024-11-25T09:53:21.182+0000] {dag.py:3239} INFO - Sync 1 DAGs
[2024-11-25T09:53:21.228+0000] {logging_mixin.py:190} INFO - [2024-11-25T09:53:21.228+0000] {dag.py:4180} INFO - Setting next_dagrun for NEPSE_DAG to 2024-11-17 00:00:00+00:00, run_after=2024-11-24 00:00:00+00:00
[2024-11-25T09:53:21.272+0000] {processor.py:208} INFO - Processing /opt/airflow/dags/etl.py took 0.689 seconds
[2024-11-25T09:53:51.487+0000] {processor.py:186} INFO - Started process (PID=2725) to work on /opt/airflow/dags/etl.py
[2024-11-25T09:53:51.491+0000] {processor.py:914} INFO - Processing file /opt/airflow/dags/etl.py for tasks to queue
[2024-11-25T09:53:51.494+0000] {logging_mixin.py:190} INFO - [2024-11-25T09:53:51.493+0000] {dagbag.py:588} INFO - Filling up the DagBag from /opt/airflow/dags/etl.py
[2024-11-25T09:53:51.655+0000] {processor.py:925} INFO - DAG(s) 'NEPSE_DAG' retrieved from /opt/airflow/dags/etl.py
[2024-11-25T09:53:51.677+0000] {logging_mixin.py:190} INFO - [2024-11-25T09:53:51.677+0000] {dag.py:3239} INFO - Sync 1 DAGs
[2024-11-25T09:53:51.704+0000] {logging_mixin.py:190} INFO - [2024-11-25T09:53:51.704+0000] {dag.py:4180} INFO - Setting next_dagrun for NEPSE_DAG to 2024-11-17 00:00:00+00:00, run_after=2024-11-24 00:00:00+00:00
[2024-11-25T09:53:51.726+0000] {processor.py:208} INFO - Processing /opt/airflow/dags/etl.py took 0.248 seconds
[2024-11-25T09:54:22.507+0000] {processor.py:186} INFO - Started process (PID=3021) to work on /opt/airflow/dags/etl.py
[2024-11-25T09:54:22.508+0000] {processor.py:914} INFO - Processing file /opt/airflow/dags/etl.py for tasks to queue
[2024-11-25T09:54:22.511+0000] {logging_mixin.py:190} INFO - [2024-11-25T09:54:22.510+0000] {dagbag.py:588} INFO - Filling up the DagBag from /opt/airflow/dags/etl.py
[2024-11-25T09:54:22.677+0000] {processor.py:925} INFO - DAG(s) 'NEPSE_DAG' retrieved from /opt/airflow/dags/etl.py
[2024-11-25T09:54:22.696+0000] {logging_mixin.py:190} INFO - [2024-11-25T09:54:22.696+0000] {dag.py:3239} INFO - Sync 1 DAGs
[2024-11-25T09:54:22.721+0000] {logging_mixin.py:190} INFO - [2024-11-25T09:54:22.721+0000] {dag.py:4180} INFO - Setting next_dagrun for NEPSE_DAG to 2024-11-17 00:00:00+00:00, run_after=2024-11-24 00:00:00+00:00
[2024-11-25T09:54:22.744+0000] {processor.py:208} INFO - Processing /opt/airflow/dags/etl.py took 0.247 seconds
[2024-11-25T09:54:53.054+0000] {processor.py:186} INFO - Started process (PID=3317) to work on /opt/airflow/dags/etl.py
[2024-11-25T09:54:53.056+0000] {processor.py:914} INFO - Processing file /opt/airflow/dags/etl.py for tasks to queue
[2024-11-25T09:54:53.059+0000] {logging_mixin.py:190} INFO - [2024-11-25T09:54:53.058+0000] {dagbag.py:588} INFO - Filling up the DagBag from /opt/airflow/dags/etl.py
[2024-11-25T09:54:53.244+0000] {processor.py:925} INFO - DAG(s) 'NEPSE_DAG' retrieved from /opt/airflow/dags/etl.py
[2024-11-25T09:54:53.267+0000] {logging_mixin.py:190} INFO - [2024-11-25T09:54:53.266+0000] {dag.py:3239} INFO - Sync 1 DAGs
[2024-11-25T09:54:53.297+0000] {logging_mixin.py:190} INFO - [2024-11-25T09:54:53.296+0000] {dag.py:4180} INFO - Setting next_dagrun for NEPSE_DAG to 2024-11-17 00:00:00+00:00, run_after=2024-11-24 00:00:00+00:00
[2024-11-25T09:54:53.323+0000] {processor.py:208} INFO - Processing /opt/airflow/dags/etl.py took 0.288 seconds
[2024-11-25T09:55:23.950+0000] {processor.py:186} INFO - Started process (PID=3613) to work on /opt/airflow/dags/etl.py
[2024-11-25T09:55:23.952+0000] {processor.py:914} INFO - Processing file /opt/airflow/dags/etl.py for tasks to queue
[2024-11-25T09:55:23.954+0000] {logging_mixin.py:190} INFO - [2024-11-25T09:55:23.954+0000] {dagbag.py:588} INFO - Filling up the DagBag from /opt/airflow/dags/etl.py
[2024-11-25T09:55:24.243+0000] {processor.py:925} INFO - DAG(s) 'NEPSE_DAG' retrieved from /opt/airflow/dags/etl.py
[2024-11-25T09:55:24.276+0000] {logging_mixin.py:190} INFO - [2024-11-25T09:55:24.276+0000] {dag.py:3239} INFO - Sync 1 DAGs
[2024-11-25T09:55:24.320+0000] {logging_mixin.py:190} INFO - [2024-11-25T09:55:24.320+0000] {dag.py:4180} INFO - Setting next_dagrun for NEPSE_DAG to 2024-11-17 00:00:00+00:00, run_after=2024-11-24 00:00:00+00:00
[2024-11-25T09:55:24.348+0000] {processor.py:208} INFO - Processing /opt/airflow/dags/etl.py took 0.424 seconds
[2024-11-25T09:55:54.500+0000] {processor.py:186} INFO - Started process (PID=3915) to work on /opt/airflow/dags/etl.py
[2024-11-25T09:55:54.502+0000] {processor.py:914} INFO - Processing file /opt/airflow/dags/etl.py for tasks to queue
[2024-11-25T09:55:54.503+0000] {logging_mixin.py:190} INFO - [2024-11-25T09:55:54.503+0000] {dagbag.py:588} INFO - Filling up the DagBag from /opt/airflow/dags/etl.py
[2024-11-25T09:55:54.650+0000] {processor.py:925} INFO - DAG(s) 'NEPSE_DAG' retrieved from /opt/airflow/dags/etl.py
[2024-11-25T09:55:54.670+0000] {logging_mixin.py:190} INFO - [2024-11-25T09:55:54.669+0000] {dag.py:3239} INFO - Sync 1 DAGs
[2024-11-25T09:55:54.694+0000] {logging_mixin.py:190} INFO - [2024-11-25T09:55:54.694+0000] {dag.py:4180} INFO - Setting next_dagrun for NEPSE_DAG to 2024-11-17 00:00:00+00:00, run_after=2024-11-24 00:00:00+00:00
[2024-11-25T09:55:54.715+0000] {processor.py:208} INFO - Processing /opt/airflow/dags/etl.py took 0.222 seconds
[2024-11-25T09:56:25.129+0000] {processor.py:186} INFO - Started process (PID=4206) to work on /opt/airflow/dags/etl.py
[2024-11-25T09:56:25.130+0000] {processor.py:914} INFO - Processing file /opt/airflow/dags/etl.py for tasks to queue
[2024-11-25T09:56:25.131+0000] {logging_mixin.py:190} INFO - [2024-11-25T09:56:25.131+0000] {dagbag.py:588} INFO - Filling up the DagBag from /opt/airflow/dags/etl.py
[2024-11-25T09:56:25.276+0000] {processor.py:925} INFO - DAG(s) 'NEPSE_DAG' retrieved from /opt/airflow/dags/etl.py
[2024-11-25T09:56:25.296+0000] {logging_mixin.py:190} INFO - [2024-11-25T09:56:25.295+0000] {dag.py:3239} INFO - Sync 1 DAGs
[2024-11-25T09:56:25.323+0000] {logging_mixin.py:190} INFO - [2024-11-25T09:56:25.323+0000] {dag.py:4180} INFO - Setting next_dagrun for NEPSE_DAG to 2024-11-17 00:00:00+00:00, run_after=2024-11-24 00:00:00+00:00
[2024-11-25T09:56:25.347+0000] {processor.py:208} INFO - Processing /opt/airflow/dags/etl.py took 0.224 seconds
[2024-11-25T09:56:55.964+0000] {processor.py:186} INFO - Started process (PID=4502) to work on /opt/airflow/dags/etl.py
[2024-11-25T09:56:55.967+0000] {processor.py:914} INFO - Processing file /opt/airflow/dags/etl.py for tasks to queue
[2024-11-25T09:56:55.970+0000] {logging_mixin.py:190} INFO - [2024-11-25T09:56:55.969+0000] {dagbag.py:588} INFO - Filling up the DagBag from /opt/airflow/dags/etl.py
[2024-11-25T09:56:56.138+0000] {processor.py:925} INFO - DAG(s) 'NEPSE_DAG' retrieved from /opt/airflow/dags/etl.py
[2024-11-25T09:56:56.160+0000] {logging_mixin.py:190} INFO - [2024-11-25T09:56:56.159+0000] {dag.py:3239} INFO - Sync 1 DAGs
[2024-11-25T09:56:56.188+0000] {logging_mixin.py:190} INFO - [2024-11-25T09:56:56.188+0000] {dag.py:4180} INFO - Setting next_dagrun for NEPSE_DAG to 2024-11-17 00:00:00+00:00, run_after=2024-11-24 00:00:00+00:00
[2024-11-25T09:56:56.211+0000] {processor.py:208} INFO - Processing /opt/airflow/dags/etl.py took 0.257 seconds
[2024-11-25T09:57:00.791+0000] {processor.py:186} INFO - Started process (PID=4580) to work on /opt/airflow/dags/etl.py
[2024-11-25T09:57:00.793+0000] {processor.py:914} INFO - Processing file /opt/airflow/dags/etl.py for tasks to queue
[2024-11-25T09:57:00.797+0000] {logging_mixin.py:190} INFO - [2024-11-25T09:57:00.796+0000] {dagbag.py:588} INFO - Filling up the DagBag from /opt/airflow/dags/etl.py
[2024-11-25T09:57:01.034+0000] {processor.py:925} INFO - DAG(s) 'NEPSE_DAG' retrieved from /opt/airflow/dags/etl.py
[2024-11-25T09:57:01.058+0000] {logging_mixin.py:190} INFO - [2024-11-25T09:57:01.057+0000] {dag.py:3239} INFO - Sync 1 DAGs
[2024-11-25T09:57:01.089+0000] {logging_mixin.py:190} INFO - [2024-11-25T09:57:01.089+0000] {dag.py:4180} INFO - Setting next_dagrun for NEPSE_DAG to 2024-11-17 00:00:00+00:00, run_after=2024-11-24 00:00:00+00:00
[2024-11-25T09:57:01.118+0000] {processor.py:208} INFO - Processing /opt/airflow/dags/etl.py took 0.340 seconds
[2024-11-25T09:57:31.732+0000] {processor.py:186} INFO - Started process (PID=4872) to work on /opt/airflow/dags/etl.py
[2024-11-25T09:57:31.744+0000] {processor.py:914} INFO - Processing file /opt/airflow/dags/etl.py for tasks to queue
[2024-11-25T09:57:31.753+0000] {logging_mixin.py:190} INFO - [2024-11-25T09:57:31.751+0000] {dagbag.py:588} INFO - Filling up the DagBag from /opt/airflow/dags/etl.py
[2024-11-25T09:57:32.113+0000] {processor.py:925} INFO - DAG(s) 'NEPSE_DAG' retrieved from /opt/airflow/dags/etl.py
[2024-11-25T09:57:32.155+0000] {logging_mixin.py:190} INFO - [2024-11-25T09:57:32.155+0000] {dag.py:3239} INFO - Sync 1 DAGs
[2024-11-25T09:57:32.195+0000] {logging_mixin.py:190} INFO - [2024-11-25T09:57:32.194+0000] {dag.py:4180} INFO - Setting next_dagrun for NEPSE_DAG to 2024-11-24 00:00:00+00:00, run_after=2024-12-01 00:00:00+00:00
[2024-11-25T09:57:32.228+0000] {processor.py:208} INFO - Processing /opt/airflow/dags/etl.py took 0.586 seconds
[2024-11-25T09:58:02.462+0000] {processor.py:186} INFO - Started process (PID=5173) to work on /opt/airflow/dags/etl.py
[2024-11-25T09:58:02.463+0000] {processor.py:914} INFO - Processing file /opt/airflow/dags/etl.py for tasks to queue
[2024-11-25T09:58:02.465+0000] {logging_mixin.py:190} INFO - [2024-11-25T09:58:02.465+0000] {dagbag.py:588} INFO - Filling up the DagBag from /opt/airflow/dags/etl.py
[2024-11-25T09:58:02.644+0000] {processor.py:925} INFO - DAG(s) 'NEPSE_DAG' retrieved from /opt/airflow/dags/etl.py
[2024-11-25T09:58:02.674+0000] {logging_mixin.py:190} INFO - [2024-11-25T09:58:02.674+0000] {dag.py:3239} INFO - Sync 1 DAGs
[2024-11-25T09:58:02.707+0000] {logging_mixin.py:190} INFO - [2024-11-25T09:58:02.706+0000] {dag.py:4180} INFO - Setting next_dagrun for NEPSE_DAG to 2024-11-24 00:00:00+00:00, run_after=2024-12-01 00:00:00+00:00
[2024-11-25T09:58:02.734+0000] {processor.py:208} INFO - Processing /opt/airflow/dags/etl.py took 0.280 seconds
[2024-11-25T09:58:33.484+0000] {processor.py:186} INFO - Started process (PID=5469) to work on /opt/airflow/dags/etl.py
[2024-11-25T09:58:33.486+0000] {processor.py:914} INFO - Processing file /opt/airflow/dags/etl.py for tasks to queue
[2024-11-25T09:58:33.488+0000] {logging_mixin.py:190} INFO - [2024-11-25T09:58:33.488+0000] {dagbag.py:588} INFO - Filling up the DagBag from /opt/airflow/dags/etl.py
[2024-11-25T09:58:33.713+0000] {processor.py:925} INFO - DAG(s) 'NEPSE_DAG' retrieved from /opt/airflow/dags/etl.py
[2024-11-25T09:58:33.738+0000] {logging_mixin.py:190} INFO - [2024-11-25T09:58:33.737+0000] {dag.py:3239} INFO - Sync 1 DAGs
[2024-11-25T09:58:33.774+0000] {logging_mixin.py:190} INFO - [2024-11-25T09:58:33.774+0000] {dag.py:4180} INFO - Setting next_dagrun for NEPSE_DAG to 2024-11-24 00:00:00+00:00, run_after=2024-12-01 00:00:00+00:00
[2024-11-25T09:58:33.804+0000] {processor.py:208} INFO - Processing /opt/airflow/dags/etl.py took 0.329 seconds
[2024-11-25T09:59:04.266+0000] {processor.py:186} INFO - Started process (PID=5768) to work on /opt/airflow/dags/etl.py
[2024-11-25T09:59:04.268+0000] {processor.py:914} INFO - Processing file /opt/airflow/dags/etl.py for tasks to queue
[2024-11-25T09:59:04.270+0000] {logging_mixin.py:190} INFO - [2024-11-25T09:59:04.269+0000] {dagbag.py:588} INFO - Filling up the DagBag from /opt/airflow/dags/etl.py
[2024-11-25T09:59:04.437+0000] {processor.py:925} INFO - DAG(s) 'NEPSE_DAG' retrieved from /opt/airflow/dags/etl.py
[2024-11-25T09:59:04.460+0000] {logging_mixin.py:190} INFO - [2024-11-25T09:59:04.460+0000] {dag.py:3239} INFO - Sync 1 DAGs
[2024-11-25T09:59:04.494+0000] {logging_mixin.py:190} INFO - [2024-11-25T09:59:04.493+0000] {dag.py:4180} INFO - Setting next_dagrun for NEPSE_DAG to 2024-11-24 00:00:00+00:00, run_after=2024-12-01 00:00:00+00:00
[2024-11-25T09:59:04.518+0000] {processor.py:208} INFO - Processing /opt/airflow/dags/etl.py took 0.259 seconds
[2024-11-25T09:59:34.848+0000] {processor.py:186} INFO - Started process (PID=6064) to work on /opt/airflow/dags/etl.py
[2024-11-25T09:59:34.849+0000] {processor.py:914} INFO - Processing file /opt/airflow/dags/etl.py for tasks to queue
[2024-11-25T09:59:34.851+0000] {logging_mixin.py:190} INFO - [2024-11-25T09:59:34.850+0000] {dagbag.py:588} INFO - Filling up the DagBag from /opt/airflow/dags/etl.py
[2024-11-25T09:59:35.028+0000] {processor.py:925} INFO - DAG(s) 'NEPSE_DAG' retrieved from /opt/airflow/dags/etl.py
[2024-11-25T09:59:35.053+0000] {logging_mixin.py:190} INFO - [2024-11-25T09:59:35.052+0000] {dag.py:3239} INFO - Sync 1 DAGs
[2024-11-25T09:59:35.089+0000] {logging_mixin.py:190} INFO - [2024-11-25T09:59:35.088+0000] {dag.py:4180} INFO - Setting next_dagrun for NEPSE_DAG to 2024-11-24 00:00:00+00:00, run_after=2024-12-01 00:00:00+00:00
[2024-11-25T09:59:35.116+0000] {processor.py:208} INFO - Processing /opt/airflow/dags/etl.py took 0.277 seconds
[2024-11-25T10:00:06.045+0000] {processor.py:186} INFO - Started process (PID=6365) to work on /opt/airflow/dags/etl.py
[2024-11-25T10:00:06.047+0000] {processor.py:914} INFO - Processing file /opt/airflow/dags/etl.py for tasks to queue
[2024-11-25T10:00:06.049+0000] {logging_mixin.py:190} INFO - [2024-11-25T10:00:06.049+0000] {dagbag.py:588} INFO - Filling up the DagBag from /opt/airflow/dags/etl.py
[2024-11-25T10:00:06.204+0000] {processor.py:925} INFO - DAG(s) 'NEPSE_DAG' retrieved from /opt/airflow/dags/etl.py
[2024-11-25T10:00:06.225+0000] {logging_mixin.py:190} INFO - [2024-11-25T10:00:06.225+0000] {dag.py:3239} INFO - Sync 1 DAGs
[2024-11-25T10:00:06.252+0000] {logging_mixin.py:190} INFO - [2024-11-25T10:00:06.252+0000] {dag.py:4180} INFO - Setting next_dagrun for NEPSE_DAG to 2024-11-24 00:00:00+00:00, run_after=2024-12-01 00:00:00+00:00
[2024-11-25T10:00:06.278+0000] {processor.py:208} INFO - Processing /opt/airflow/dags/etl.py took 0.241 seconds
[2024-11-25T10:00:36.574+0000] {processor.py:186} INFO - Started process (PID=6661) to work on /opt/airflow/dags/etl.py
[2024-11-25T10:00:36.576+0000] {processor.py:914} INFO - Processing file /opt/airflow/dags/etl.py for tasks to queue
[2024-11-25T10:00:36.578+0000] {logging_mixin.py:190} INFO - [2024-11-25T10:00:36.578+0000] {dagbag.py:588} INFO - Filling up the DagBag from /opt/airflow/dags/etl.py
[2024-11-25T10:00:36.735+0000] {processor.py:925} INFO - DAG(s) 'NEPSE_DAG' retrieved from /opt/airflow/dags/etl.py
[2024-11-25T10:00:36.757+0000] {logging_mixin.py:190} INFO - [2024-11-25T10:00:36.756+0000] {dag.py:3239} INFO - Sync 1 DAGs
[2024-11-25T10:00:36.784+0000] {logging_mixin.py:190} INFO - [2024-11-25T10:00:36.784+0000] {dag.py:4180} INFO - Setting next_dagrun for NEPSE_DAG to 2024-11-24 00:00:00+00:00, run_after=2024-12-01 00:00:00+00:00
[2024-11-25T10:00:36.809+0000] {processor.py:208} INFO - Processing /opt/airflow/dags/etl.py took 0.242 seconds
[2024-11-25T10:01:07.565+0000] {processor.py:186} INFO - Started process (PID=6957) to work on /opt/airflow/dags/etl.py
[2024-11-25T10:01:07.566+0000] {processor.py:914} INFO - Processing file /opt/airflow/dags/etl.py for tasks to queue
[2024-11-25T10:01:07.568+0000] {logging_mixin.py:190} INFO - [2024-11-25T10:01:07.568+0000] {dagbag.py:588} INFO - Filling up the DagBag from /opt/airflow/dags/etl.py
[2024-11-25T10:01:07.731+0000] {processor.py:925} INFO - DAG(s) 'NEPSE_DAG' retrieved from /opt/airflow/dags/etl.py
[2024-11-25T10:01:07.754+0000] {logging_mixin.py:190} INFO - [2024-11-25T10:01:07.753+0000] {dag.py:3239} INFO - Sync 1 DAGs
[2024-11-25T10:01:07.784+0000] {logging_mixin.py:190} INFO - [2024-11-25T10:01:07.784+0000] {dag.py:4180} INFO - Setting next_dagrun for NEPSE_DAG to 2024-11-24 00:00:00+00:00, run_after=2024-12-01 00:00:00+00:00
[2024-11-25T10:01:07.808+0000] {processor.py:208} INFO - Processing /opt/airflow/dags/etl.py took 0.250 seconds
[2024-11-25T10:01:37.874+0000] {processor.py:186} INFO - Started process (PID=7258) to work on /opt/airflow/dags/etl.py
[2024-11-25T10:01:37.875+0000] {processor.py:914} INFO - Processing file /opt/airflow/dags/etl.py for tasks to queue
[2024-11-25T10:01:37.877+0000] {logging_mixin.py:190} INFO - [2024-11-25T10:01:37.876+0000] {dagbag.py:588} INFO - Filling up the DagBag from /opt/airflow/dags/etl.py
[2024-11-25T10:01:38.052+0000] {processor.py:925} INFO - DAG(s) 'NEPSE_DAG' retrieved from /opt/airflow/dags/etl.py
[2024-11-25T10:01:38.075+0000] {logging_mixin.py:190} INFO - [2024-11-25T10:01:38.075+0000] {dag.py:3239} INFO - Sync 1 DAGs
[2024-11-25T10:01:38.101+0000] {logging_mixin.py:190} INFO - [2024-11-25T10:01:38.101+0000] {dag.py:4180} INFO - Setting next_dagrun for NEPSE_DAG to 2024-11-24 00:00:00+00:00, run_after=2024-12-01 00:00:00+00:00
[2024-11-25T10:01:38.127+0000] {processor.py:208} INFO - Processing /opt/airflow/dags/etl.py took 0.261 seconds
[2024-11-25T10:02:08.504+0000] {processor.py:186} INFO - Started process (PID=7549) to work on /opt/airflow/dags/etl.py
[2024-11-25T10:02:08.505+0000] {processor.py:914} INFO - Processing file /opt/airflow/dags/etl.py for tasks to queue
[2024-11-25T10:02:08.508+0000] {logging_mixin.py:190} INFO - [2024-11-25T10:02:08.507+0000] {dagbag.py:588} INFO - Filling up the DagBag from /opt/airflow/dags/etl.py
[2024-11-25T10:02:08.667+0000] {processor.py:925} INFO - DAG(s) 'NEPSE_DAG' retrieved from /opt/airflow/dags/etl.py
[2024-11-25T10:02:08.691+0000] {logging_mixin.py:190} INFO - [2024-11-25T10:02:08.690+0000] {dag.py:3239} INFO - Sync 1 DAGs
[2024-11-25T10:02:08.722+0000] {logging_mixin.py:190} INFO - [2024-11-25T10:02:08.722+0000] {dag.py:4180} INFO - Setting next_dagrun for NEPSE_DAG to 2024-11-24 00:00:00+00:00, run_after=2024-12-01 00:00:00+00:00
[2024-11-25T10:02:08.746+0000] {processor.py:208} INFO - Processing /opt/airflow/dags/etl.py took 0.250 seconds
[2024-11-25T10:02:39.480+0000] {processor.py:186} INFO - Started process (PID=7845) to work on /opt/airflow/dags/etl.py
[2024-11-25T10:02:39.484+0000] {processor.py:914} INFO - Processing file /opt/airflow/dags/etl.py for tasks to queue
[2024-11-25T10:02:39.487+0000] {logging_mixin.py:190} INFO - [2024-11-25T10:02:39.487+0000] {dagbag.py:588} INFO - Filling up the DagBag from /opt/airflow/dags/etl.py
[2024-11-25T10:02:39.789+0000] {processor.py:925} INFO - DAG(s) 'NEPSE_DAG' retrieved from /opt/airflow/dags/etl.py
[2024-11-25T10:02:39.847+0000] {logging_mixin.py:190} INFO - [2024-11-25T10:02:39.846+0000] {dag.py:3239} INFO - Sync 1 DAGs
[2024-11-25T10:02:39.912+0000] {logging_mixin.py:190} INFO - [2024-11-25T10:02:39.912+0000] {dag.py:4180} INFO - Setting next_dagrun for NEPSE_DAG to 2024-11-24 00:00:00+00:00, run_after=2024-12-01 00:00:00+00:00
[2024-11-25T10:02:39.943+0000] {processor.py:208} INFO - Processing /opt/airflow/dags/etl.py took 0.474 seconds
[2024-11-25T10:02:45.262+0000] {processor.py:186} INFO - Started process (PID=7870) to work on /opt/airflow/dags/etl.py
[2024-11-25T10:02:45.263+0000] {processor.py:914} INFO - Processing file /opt/airflow/dags/etl.py for tasks to queue
[2024-11-25T10:02:45.265+0000] {logging_mixin.py:190} INFO - [2024-11-25T10:02:45.264+0000] {dagbag.py:588} INFO - Filling up the DagBag from /opt/airflow/dags/etl.py
[2024-11-25T10:02:45.559+0000] {logging_mixin.py:190} INFO - [2024-11-25T10:02:45.549+0000] {dagbag.py:484} ERROR - Failed to bag_dag: /opt/airflow/dags/etl.py
Traceback (most recent call last):
  File "/home/airflow/.local/lib/python3.12/site-packages/airflow/timetables/_cron.py", line 102, in validate
    croniter(self._expression)
  File "/home/airflow/.local/lib/python3.12/site-packages/croniter/croniter.py", line 271, in __init__
    self.expanded, self.nth_weekday_of_month = self.expand(
                                               ^^^^^^^^^^^^
  File "/home/airflow/.local/lib/python3.12/site-packages/croniter/croniter.py", line 1032, in expand
    return cls._expand(expr_format, hash_id=hash_id,
           ^^^^^^^^^^^^^^^^^^^^^^^^^^^^^^^^^^^^^^^^^
  File "/home/airflow/.local/lib/python3.12/site-packages/croniter/croniter.py", line 834, in _expand
    raise CroniterBadCronError(cls.bad_length)
croniter.croniter.CroniterBadCronError: Exactly 5, 6 or 7 columns has to be specified for iterator expression.

During handling of the above exception, another exception occurred:

Traceback (most recent call last):
  File "/home/airflow/.local/lib/python3.12/site-packages/airflow/models/dagbag.py", line 479, in _process_modules
    dag.validate()
  File "/home/airflow/.local/lib/python3.12/site-packages/airflow/models/dag.py", line 845, in validate
    self.timetable.validate()
  File "/home/airflow/.local/lib/python3.12/site-packages/airflow/timetables/_cron.py", line 104, in validate
    raise AirflowTimetableInvalid(str(e))
airflow.exceptions.AirflowTimetableInvalid: Exactly 5, 6 or 7 columns has to be specified for iterator expression.
[2024-11-25T10:02:45.561+0000] {processor.py:927} WARNING - No viable dags retrieved from /opt/airflow/dags/etl.py
[2024-11-25T10:02:45.595+0000] {processor.py:208} INFO - Processing /opt/airflow/dags/etl.py took 0.344 seconds
[2024-11-25T10:02:46.420+0000] {processor.py:186} INFO - Started process (PID=7875) to work on /opt/airflow/dags/etl.py
[2024-11-25T10:02:46.422+0000] {processor.py:914} INFO - Processing file /opt/airflow/dags/etl.py for tasks to queue
[2024-11-25T10:02:46.425+0000] {logging_mixin.py:190} INFO - [2024-11-25T10:02:46.424+0000] {dagbag.py:588} INFO - Filling up the DagBag from /opt/airflow/dags/etl.py
[2024-11-25T10:02:46.647+0000] {processor.py:925} INFO - DAG(s) 'NEPSE_DAG' retrieved from /opt/airflow/dags/etl.py
[2024-11-25T10:02:46.800+0000] {logging_mixin.py:190} INFO - [2024-11-25T10:02:46.799+0000] {dag.py:3239} INFO - Sync 1 DAGs
[2024-11-25T10:02:46.829+0000] {logging_mixin.py:190} INFO - [2024-11-25T10:02:46.829+0000] {dag.py:4180} INFO - Setting next_dagrun for NEPSE_DAG to 2024-11-24 00:00:00+00:00, run_after=2024-11-25 00:00:00+00:00
[2024-11-25T10:02:46.861+0000] {processor.py:208} INFO - Processing /opt/airflow/dags/etl.py took 0.448 seconds
[2024-11-25T10:03:17.538+0000] {processor.py:186} INFO - Started process (PID=8174) to work on /opt/airflow/dags/etl.py
[2024-11-25T10:03:17.540+0000] {processor.py:914} INFO - Processing file /opt/airflow/dags/etl.py for tasks to queue
[2024-11-25T10:03:17.541+0000] {logging_mixin.py:190} INFO - [2024-11-25T10:03:17.541+0000] {dagbag.py:588} INFO - Filling up the DagBag from /opt/airflow/dags/etl.py
[2024-11-25T10:03:17.823+0000] {processor.py:925} INFO - DAG(s) 'NEPSE_DAG' retrieved from /opt/airflow/dags/etl.py
[2024-11-25T10:03:17.872+0000] {logging_mixin.py:190} INFO - [2024-11-25T10:03:17.869+0000] {dag.py:3239} INFO - Sync 1 DAGs
[2024-11-25T10:03:17.955+0000] {logging_mixin.py:190} INFO - [2024-11-25T10:03:17.954+0000] {dag.py:4180} INFO - Setting next_dagrun for NEPSE_DAG to 2024-11-25 00:00:00+00:00, run_after=2024-11-26 00:00:00+00:00
[2024-11-25T10:03:18.022+0000] {processor.py:208} INFO - Processing /opt/airflow/dags/etl.py took 0.494 seconds
[2024-11-25T10:03:48.518+0000] {processor.py:186} INFO - Started process (PID=8470) to work on /opt/airflow/dags/etl.py
[2024-11-25T10:03:48.520+0000] {processor.py:914} INFO - Processing file /opt/airflow/dags/etl.py for tasks to queue
[2024-11-25T10:03:48.522+0000] {logging_mixin.py:190} INFO - [2024-11-25T10:03:48.522+0000] {dagbag.py:588} INFO - Filling up the DagBag from /opt/airflow/dags/etl.py
[2024-11-25T10:03:48.701+0000] {processor.py:925} INFO - DAG(s) 'NEPSE_DAG' retrieved from /opt/airflow/dags/etl.py
[2024-11-25T10:03:48.730+0000] {logging_mixin.py:190} INFO - [2024-11-25T10:03:48.729+0000] {dag.py:3239} INFO - Sync 1 DAGs
[2024-11-25T10:03:48.765+0000] {logging_mixin.py:190} INFO - [2024-11-25T10:03:48.765+0000] {dag.py:4180} INFO - Setting next_dagrun for NEPSE_DAG to 2024-11-25 00:00:00+00:00, run_after=2024-11-26 00:00:00+00:00
[2024-11-25T10:03:48.800+0000] {processor.py:208} INFO - Processing /opt/airflow/dags/etl.py took 0.289 seconds
[2024-11-25T10:04:18.972+0000] {processor.py:186} INFO - Started process (PID=8769) to work on /opt/airflow/dags/etl.py
[2024-11-25T10:04:18.974+0000] {processor.py:914} INFO - Processing file /opt/airflow/dags/etl.py for tasks to queue
[2024-11-25T10:04:18.976+0000] {logging_mixin.py:190} INFO - [2024-11-25T10:04:18.976+0000] {dagbag.py:588} INFO - Filling up the DagBag from /opt/airflow/dags/etl.py
[2024-11-25T10:04:19.130+0000] {processor.py:925} INFO - DAG(s) 'NEPSE_DAG' retrieved from /opt/airflow/dags/etl.py
[2024-11-25T10:04:19.153+0000] {logging_mixin.py:190} INFO - [2024-11-25T10:04:19.153+0000] {dag.py:3239} INFO - Sync 1 DAGs
[2024-11-25T10:04:19.181+0000] {logging_mixin.py:190} INFO - [2024-11-25T10:04:19.180+0000] {dag.py:4180} INFO - Setting next_dagrun for NEPSE_DAG to 2024-11-25 00:00:00+00:00, run_after=2024-11-26 00:00:00+00:00
[2024-11-25T10:04:19.205+0000] {processor.py:208} INFO - Processing /opt/airflow/dags/etl.py took 0.239 seconds
[2024-11-25T10:04:49.471+0000] {processor.py:186} INFO - Started process (PID=9065) to work on /opt/airflow/dags/etl.py
[2024-11-25T10:04:49.472+0000] {processor.py:914} INFO - Processing file /opt/airflow/dags/etl.py for tasks to queue
[2024-11-25T10:04:49.474+0000] {logging_mixin.py:190} INFO - [2024-11-25T10:04:49.473+0000] {dagbag.py:588} INFO - Filling up the DagBag from /opt/airflow/dags/etl.py
[2024-11-25T10:04:49.669+0000] {processor.py:925} INFO - DAG(s) 'NEPSE_DAG' retrieved from /opt/airflow/dags/etl.py
[2024-11-25T10:04:49.704+0000] {logging_mixin.py:190} INFO - [2024-11-25T10:04:49.703+0000] {dag.py:3239} INFO - Sync 1 DAGs
[2024-11-25T10:04:49.738+0000] {logging_mixin.py:190} INFO - [2024-11-25T10:04:49.738+0000] {dag.py:4180} INFO - Setting next_dagrun for NEPSE_DAG to 2024-11-25 00:00:00+00:00, run_after=2024-11-26 00:00:00+00:00
[2024-11-25T10:04:49.768+0000] {processor.py:208} INFO - Processing /opt/airflow/dags/etl.py took 0.304 seconds
[2024-11-25T10:05:20.575+0000] {processor.py:186} INFO - Started process (PID=9361) to work on /opt/airflow/dags/etl.py
[2024-11-25T10:05:20.577+0000] {processor.py:914} INFO - Processing file /opt/airflow/dags/etl.py for tasks to queue
[2024-11-25T10:05:20.578+0000] {logging_mixin.py:190} INFO - [2024-11-25T10:05:20.578+0000] {dagbag.py:588} INFO - Filling up the DagBag from /opt/airflow/dags/etl.py
[2024-11-25T10:05:20.728+0000] {processor.py:925} INFO - DAG(s) 'NEPSE_DAG' retrieved from /opt/airflow/dags/etl.py
[2024-11-25T10:05:20.749+0000] {logging_mixin.py:190} INFO - [2024-11-25T10:05:20.749+0000] {dag.py:3239} INFO - Sync 1 DAGs
[2024-11-25T10:05:20.785+0000] {logging_mixin.py:190} INFO - [2024-11-25T10:05:20.785+0000] {dag.py:4180} INFO - Setting next_dagrun for NEPSE_DAG to 2024-11-25 00:00:00+00:00, run_after=2024-11-26 00:00:00+00:00
[2024-11-25T10:05:20.822+0000] {processor.py:208} INFO - Processing /opt/airflow/dags/etl.py took 0.253 seconds
[2024-11-25T10:05:50.984+0000] {processor.py:186} INFO - Started process (PID=9657) to work on /opt/airflow/dags/etl.py
[2024-11-25T10:05:50.986+0000] {processor.py:914} INFO - Processing file /opt/airflow/dags/etl.py for tasks to queue
[2024-11-25T10:05:50.988+0000] {logging_mixin.py:190} INFO - [2024-11-25T10:05:50.988+0000] {dagbag.py:588} INFO - Filling up the DagBag from /opt/airflow/dags/etl.py
[2024-11-25T10:05:51.196+0000] {processor.py:925} INFO - DAG(s) 'NEPSE_DAG' retrieved from /opt/airflow/dags/etl.py
[2024-11-25T10:05:51.220+0000] {logging_mixin.py:190} INFO - [2024-11-25T10:05:51.219+0000] {dag.py:3239} INFO - Sync 1 DAGs
[2024-11-25T10:05:51.253+0000] {logging_mixin.py:190} INFO - [2024-11-25T10:05:51.253+0000] {dag.py:4180} INFO - Setting next_dagrun for NEPSE_DAG to 2024-11-25 00:00:00+00:00, run_after=2024-11-26 00:00:00+00:00
[2024-11-25T10:05:51.290+0000] {processor.py:208} INFO - Processing /opt/airflow/dags/etl.py took 0.319 seconds
[2024-11-25T10:05:57.624+0000] {processor.py:186} INFO - Started process (PID=9681) to work on /opt/airflow/dags/etl.py
[2024-11-25T10:05:57.625+0000] {processor.py:914} INFO - Processing file /opt/airflow/dags/etl.py for tasks to queue
[2024-11-25T10:05:57.627+0000] {logging_mixin.py:190} INFO - [2024-11-25T10:05:57.626+0000] {dagbag.py:588} INFO - Filling up the DagBag from /opt/airflow/dags/etl.py
[2024-11-25T10:05:57.810+0000] {processor.py:925} INFO - DAG(s) 'NEPSE_DAG' retrieved from /opt/airflow/dags/etl.py
[2024-11-25T10:05:57.969+0000] {logging_mixin.py:190} INFO - [2024-11-25T10:05:57.969+0000] {dag.py:3239} INFO - Sync 1 DAGs
[2024-11-25T10:05:58.004+0000] {logging_mixin.py:190} INFO - [2024-11-25T10:05:58.004+0000] {dag.py:4180} INFO - Setting next_dagrun for NEPSE_DAG to 2024-11-25 00:00:00+00:00, run_after=2024-11-26 00:00:00+00:00
[2024-11-25T10:05:58.037+0000] {processor.py:208} INFO - Processing /opt/airflow/dags/etl.py took 0.422 seconds
[2024-11-25T10:06:01.857+0000] {processor.py:186} INFO - Started process (PID=9712) to work on /opt/airflow/dags/etl.py
[2024-11-25T10:06:01.859+0000] {processor.py:914} INFO - Processing file /opt/airflow/dags/etl.py for tasks to queue
[2024-11-25T10:06:01.860+0000] {logging_mixin.py:190} INFO - [2024-11-25T10:06:01.860+0000] {dagbag.py:588} INFO - Filling up the DagBag from /opt/airflow/dags/etl.py
[2024-11-25T10:06:02.058+0000] {processor.py:925} INFO - DAG(s) 'NEPSE_DAG' retrieved from /opt/airflow/dags/etl.py
[2024-11-25T10:06:02.071+0000] {logging_mixin.py:190} INFO - [2024-11-25T10:06:02.070+0000] {dag.py:3239} INFO - Sync 1 DAGs
[2024-11-25T10:06:02.102+0000] {logging_mixin.py:190} INFO - [2024-11-25T10:06:02.102+0000] {dag.py:4180} INFO - Setting next_dagrun for NEPSE_DAG to 2024-11-25 00:00:00+00:00, run_after=2024-11-26 00:00:00+00:00
[2024-11-25T10:06:02.133+0000] {processor.py:208} INFO - Processing /opt/airflow/dags/etl.py took 0.283 seconds
[2024-11-25T10:06:32.390+0000] {processor.py:186} INFO - Started process (PID=10008) to work on /opt/airflow/dags/etl.py
[2024-11-25T10:06:32.391+0000] {processor.py:914} INFO - Processing file /opt/airflow/dags/etl.py for tasks to queue
[2024-11-25T10:06:32.393+0000] {logging_mixin.py:190} INFO - [2024-11-25T10:06:32.392+0000] {dagbag.py:588} INFO - Filling up the DagBag from /opt/airflow/dags/etl.py
[2024-11-25T10:06:32.598+0000] {processor.py:925} INFO - DAG(s) 'NEPSE_DAG' retrieved from /opt/airflow/dags/etl.py
[2024-11-25T10:06:32.740+0000] {logging_mixin.py:190} INFO - [2024-11-25T10:06:32.739+0000] {dag.py:3239} INFO - Sync 1 DAGs
[2024-11-25T10:06:32.974+0000] {logging_mixin.py:190} INFO - [2024-11-25T10:06:32.972+0000] {dag.py:4180} INFO - Setting next_dagrun for NEPSE_DAG to 2024-11-25 00:00:00+00:00, run_after=2024-11-26 00:00:00+00:00
[2024-11-25T10:06:33.056+0000] {processor.py:208} INFO - Processing /opt/airflow/dags/etl.py took 0.673 seconds
[2024-11-25T10:07:03.999+0000] {processor.py:186} INFO - Started process (PID=10325) to work on /opt/airflow/dags/etl.py
[2024-11-25T10:07:04.000+0000] {processor.py:914} INFO - Processing file /opt/airflow/dags/etl.py for tasks to queue
[2024-11-25T10:07:04.002+0000] {logging_mixin.py:190} INFO - [2024-11-25T10:07:04.001+0000] {dagbag.py:588} INFO - Filling up the DagBag from /opt/airflow/dags/etl.py
[2024-11-25T10:07:04.140+0000] {processor.py:925} INFO - DAG(s) 'NEPSE_DAG' retrieved from /opt/airflow/dags/etl.py
[2024-11-25T10:07:04.161+0000] {logging_mixin.py:190} INFO - [2024-11-25T10:07:04.160+0000] {dag.py:3239} INFO - Sync 1 DAGs
[2024-11-25T10:07:04.190+0000] {logging_mixin.py:190} INFO - [2024-11-25T10:07:04.190+0000] {dag.py:4180} INFO - Setting next_dagrun for NEPSE_DAG to 2024-11-25 00:00:00+00:00, run_after=2024-11-26 00:00:00+00:00
[2024-11-25T10:07:04.213+0000] {processor.py:208} INFO - Processing /opt/airflow/dags/etl.py took 0.223 seconds
[2024-11-25T10:07:34.407+0000] {processor.py:186} INFO - Started process (PID=10621) to work on /opt/airflow/dags/etl.py
[2024-11-25T10:07:34.409+0000] {processor.py:914} INFO - Processing file /opt/airflow/dags/etl.py for tasks to queue
[2024-11-25T10:07:34.411+0000] {logging_mixin.py:190} INFO - [2024-11-25T10:07:34.411+0000] {dagbag.py:588} INFO - Filling up the DagBag from /opt/airflow/dags/etl.py
[2024-11-25T10:07:34.740+0000] {processor.py:925} INFO - DAG(s) 'NEPSE_DAG' retrieved from /opt/airflow/dags/etl.py
[2024-11-25T10:07:34.785+0000] {logging_mixin.py:190} INFO - [2024-11-25T10:07:34.784+0000] {dag.py:3239} INFO - Sync 1 DAGs
[2024-11-25T10:07:34.858+0000] {logging_mixin.py:190} INFO - [2024-11-25T10:07:34.858+0000] {dag.py:4180} INFO - Setting next_dagrun for NEPSE_DAG to 2024-11-25 00:00:00+00:00, run_after=2024-11-26 00:00:00+00:00
[2024-11-25T10:07:34.893+0000] {processor.py:208} INFO - Processing /opt/airflow/dags/etl.py took 0.500 seconds
[2024-11-25T10:08:05.230+0000] {processor.py:186} INFO - Started process (PID=10912) to work on /opt/airflow/dags/etl.py
[2024-11-25T10:08:05.231+0000] {processor.py:914} INFO - Processing file /opt/airflow/dags/etl.py for tasks to queue
[2024-11-25T10:08:05.233+0000] {logging_mixin.py:190} INFO - [2024-11-25T10:08:05.232+0000] {dagbag.py:588} INFO - Filling up the DagBag from /opt/airflow/dags/etl.py
[2024-11-25T10:08:05.406+0000] {processor.py:925} INFO - DAG(s) 'NEPSE_DAG' retrieved from /opt/airflow/dags/etl.py
[2024-11-25T10:08:05.430+0000] {logging_mixin.py:190} INFO - [2024-11-25T10:08:05.429+0000] {dag.py:3239} INFO - Sync 1 DAGs
[2024-11-25T10:08:05.459+0000] {logging_mixin.py:190} INFO - [2024-11-25T10:08:05.459+0000] {dag.py:4180} INFO - Setting next_dagrun for NEPSE_DAG to 2024-11-25 00:00:00+00:00, run_after=2024-11-26 00:00:00+00:00
[2024-11-25T10:08:05.485+0000] {processor.py:208} INFO - Processing /opt/airflow/dags/etl.py took 0.263 seconds
[2024-11-25T10:08:35.578+0000] {processor.py:186} INFO - Started process (PID=11208) to work on /opt/airflow/dags/etl.py
[2024-11-25T10:08:35.580+0000] {processor.py:914} INFO - Processing file /opt/airflow/dags/etl.py for tasks to queue
[2024-11-25T10:08:35.581+0000] {logging_mixin.py:190} INFO - [2024-11-25T10:08:35.581+0000] {dagbag.py:588} INFO - Filling up the DagBag from /opt/airflow/dags/etl.py
[2024-11-25T10:08:35.738+0000] {processor.py:925} INFO - DAG(s) 'NEPSE_DAG' retrieved from /opt/airflow/dags/etl.py
[2024-11-25T10:08:35.761+0000] {logging_mixin.py:190} INFO - [2024-11-25T10:08:35.761+0000] {dag.py:3239} INFO - Sync 1 DAGs
[2024-11-25T10:08:35.791+0000] {logging_mixin.py:190} INFO - [2024-11-25T10:08:35.791+0000] {dag.py:4180} INFO - Setting next_dagrun for NEPSE_DAG to 2024-11-25 00:00:00+00:00, run_after=2024-11-26 00:00:00+00:00
[2024-11-25T10:08:35.814+0000] {processor.py:208} INFO - Processing /opt/airflow/dags/etl.py took 0.242 seconds
[2024-11-25T10:09:05.891+0000] {processor.py:186} INFO - Started process (PID=11507) to work on /opt/airflow/dags/etl.py
[2024-11-25T10:09:05.893+0000] {processor.py:914} INFO - Processing file /opt/airflow/dags/etl.py for tasks to queue
[2024-11-25T10:09:05.895+0000] {logging_mixin.py:190} INFO - [2024-11-25T10:09:05.894+0000] {dagbag.py:588} INFO - Filling up the DagBag from /opt/airflow/dags/etl.py
[2024-11-25T10:09:06.052+0000] {processor.py:925} INFO - DAG(s) 'NEPSE_DAG' retrieved from /opt/airflow/dags/etl.py
[2024-11-25T10:09:06.074+0000] {logging_mixin.py:190} INFO - [2024-11-25T10:09:06.073+0000] {dag.py:3239} INFO - Sync 1 DAGs
[2024-11-25T10:09:06.103+0000] {logging_mixin.py:190} INFO - [2024-11-25T10:09:06.102+0000] {dag.py:4180} INFO - Setting next_dagrun for NEPSE_DAG to 2024-11-25 00:00:00+00:00, run_after=2024-11-26 00:00:00+00:00
[2024-11-25T10:09:06.128+0000] {processor.py:208} INFO - Processing /opt/airflow/dags/etl.py took 0.243 seconds
[2024-11-25T10:09:36.362+0000] {processor.py:186} INFO - Started process (PID=11803) to work on /opt/airflow/dags/etl.py
[2024-11-25T10:09:36.364+0000] {processor.py:914} INFO - Processing file /opt/airflow/dags/etl.py for tasks to queue
[2024-11-25T10:09:36.366+0000] {logging_mixin.py:190} INFO - [2024-11-25T10:09:36.365+0000] {dagbag.py:588} INFO - Filling up the DagBag from /opt/airflow/dags/etl.py
[2024-11-25T10:09:36.537+0000] {processor.py:925} INFO - DAG(s) 'NEPSE_DAG' retrieved from /opt/airflow/dags/etl.py
[2024-11-25T10:09:36.559+0000] {logging_mixin.py:190} INFO - [2024-11-25T10:09:36.558+0000] {dag.py:3239} INFO - Sync 1 DAGs
[2024-11-25T10:09:36.589+0000] {logging_mixin.py:190} INFO - [2024-11-25T10:09:36.588+0000] {dag.py:4180} INFO - Setting next_dagrun for NEPSE_DAG to 2024-11-25 00:00:00+00:00, run_after=2024-11-26 00:00:00+00:00
[2024-11-25T10:09:36.614+0000] {processor.py:208} INFO - Processing /opt/airflow/dags/etl.py took 0.259 seconds
[2024-11-25T10:10:07.138+0000] {processor.py:186} INFO - Started process (PID=12102) to work on /opt/airflow/dags/etl.py
[2024-11-25T10:10:07.140+0000] {processor.py:914} INFO - Processing file /opt/airflow/dags/etl.py for tasks to queue
[2024-11-25T10:10:07.143+0000] {logging_mixin.py:190} INFO - [2024-11-25T10:10:07.141+0000] {dagbag.py:588} INFO - Filling up the DagBag from /opt/airflow/dags/etl.py
[2024-11-25T10:10:07.378+0000] {processor.py:925} INFO - DAG(s) 'NEPSE_DAG' retrieved from /opt/airflow/dags/etl.py
[2024-11-25T10:10:07.403+0000] {logging_mixin.py:190} INFO - [2024-11-25T10:10:07.402+0000] {dag.py:3239} INFO - Sync 1 DAGs
[2024-11-25T10:10:07.434+0000] {logging_mixin.py:190} INFO - [2024-11-25T10:10:07.434+0000] {dag.py:4180} INFO - Setting next_dagrun for NEPSE_DAG to 2024-11-25 00:00:00+00:00, run_after=2024-11-26 00:00:00+00:00
[2024-11-25T10:10:07.813+0000] {processor.py:208} INFO - Processing /opt/airflow/dags/etl.py took 0.687 seconds
[2024-11-25T10:10:38.732+0000] {processor.py:186} INFO - Started process (PID=12408) to work on /opt/airflow/dags/etl.py
[2024-11-25T10:10:38.733+0000] {processor.py:914} INFO - Processing file /opt/airflow/dags/etl.py for tasks to queue
[2024-11-25T10:10:38.735+0000] {logging_mixin.py:190} INFO - [2024-11-25T10:10:38.734+0000] {dagbag.py:588} INFO - Filling up the DagBag from /opt/airflow/dags/etl.py
[2024-11-25T10:10:38.878+0000] {processor.py:925} INFO - DAG(s) 'NEPSE_DAG' retrieved from /opt/airflow/dags/etl.py
[2024-11-25T10:10:38.899+0000] {logging_mixin.py:190} INFO - [2024-11-25T10:10:38.898+0000] {dag.py:3239} INFO - Sync 1 DAGs
[2024-11-25T10:10:38.927+0000] {logging_mixin.py:190} INFO - [2024-11-25T10:10:38.927+0000] {dag.py:4180} INFO - Setting next_dagrun for NEPSE_DAG to 2024-11-25 00:00:00+00:00, run_after=2024-11-26 00:00:00+00:00
[2024-11-25T10:10:38.951+0000] {processor.py:208} INFO - Processing /opt/airflow/dags/etl.py took 0.229 seconds
[2024-11-25T10:11:09.592+0000] {processor.py:186} INFO - Started process (PID=12704) to work on /opt/airflow/dags/etl.py
[2024-11-25T10:11:09.595+0000] {processor.py:914} INFO - Processing file /opt/airflow/dags/etl.py for tasks to queue
[2024-11-25T10:11:09.599+0000] {logging_mixin.py:190} INFO - [2024-11-25T10:11:09.599+0000] {dagbag.py:588} INFO - Filling up the DagBag from /opt/airflow/dags/etl.py
[2024-11-25T10:11:09.884+0000] {processor.py:925} INFO - DAG(s) 'NEPSE_DAG' retrieved from /opt/airflow/dags/etl.py
[2024-11-25T10:11:09.920+0000] {logging_mixin.py:190} INFO - [2024-11-25T10:11:09.919+0000] {dag.py:3239} INFO - Sync 1 DAGs
[2024-11-25T10:11:09.971+0000] {logging_mixin.py:190} INFO - [2024-11-25T10:11:09.971+0000] {dag.py:4180} INFO - Setting next_dagrun for NEPSE_DAG to 2024-11-25 00:00:00+00:00, run_after=2024-11-26 00:00:00+00:00
[2024-11-25T10:11:10.005+0000] {processor.py:208} INFO - Processing /opt/airflow/dags/etl.py took 0.425 seconds
