[2024-11-25T10:09:43.033+0000] {local_task_job_runner.py:123} INFO - ::group::Pre task execution logs
[2024-11-25T10:09:43.050+0000] {taskinstance.py:2613} INFO - Dependencies all met for dep_context=non-requeueable deps ti=<TaskInstance: NEPSE_DAG.transform_data manual__2024-11-25T10:08:39.603786+00:00 [queued]>
[2024-11-25T10:09:43.059+0000] {taskinstance.py:2613} INFO - Dependencies all met for dep_context=requeueable deps ti=<TaskInstance: NEPSE_DAG.transform_data manual__2024-11-25T10:08:39.603786+00:00 [queued]>
[2024-11-25T10:09:43.060+0000] {taskinstance.py:2866} INFO - Starting attempt 1 of 3
[2024-11-25T10:09:43.073+0000] {taskinstance.py:2889} INFO - Executing <Task(PythonOperator): transform_data> on 2024-11-25 10:08:39.603786+00:00
[2024-11-25T10:09:43.085+0000] {logging_mixin.py:190} WARNING - /home/***/.local/lib/python3.12/site-packages/***/task/task_runner/standard_task_runner.py:70 DeprecationWarning: This process (pid=11928) is multi-threaded, use of fork() may lead to deadlocks in the child.
[2024-11-25T10:09:43.085+0000] {standard_task_runner.py:104} INFO - Running: ['***', 'tasks', 'run', 'NEPSE_DAG', 'transform_data', 'manual__2024-11-25T10:08:39.603786+00:00', '--job-id', '87', '--raw', '--subdir', 'DAGS_FOLDER/etl.py', '--cfg-path', '/tmp/tmp3jsygyh5']
[2024-11-25T10:09:43.086+0000] {standard_task_runner.py:72} INFO - Started process 11934 to run task
[2024-11-25T10:09:43.086+0000] {standard_task_runner.py:105} INFO - Job 87: Subtask transform_data
[2024-11-25T10:09:43.136+0000] {task_command.py:467} INFO - Running <TaskInstance: NEPSE_DAG.transform_data manual__2024-11-25T10:08:39.603786+00:00 [running]> on host 1f1ac52b5dc6
[2024-11-25T10:09:43.229+0000] {taskinstance.py:3132} INFO - Exporting env vars: AIRFLOW_CTX_DAG_OWNER='***' AIRFLOW_CTX_DAG_ID='NEPSE_DAG' AIRFLOW_CTX_TASK_ID='transform_data' AIRFLOW_CTX_EXECUTION_DATE='2024-11-25T10:08:39.603786+00:00' AIRFLOW_CTX_TRY_NUMBER='1' AIRFLOW_CTX_DAG_RUN_ID='manual__2024-11-25T10:08:39.603786+00:00'
[2024-11-25T10:09:43.231+0000] {logging_mixin.py:190} INFO - Task instance is in running state
[2024-11-25T10:09:43.232+0000] {logging_mixin.py:190} INFO -  Previous state of the Task instance: queued
[2024-11-25T10:09:43.233+0000] {logging_mixin.py:190} INFO - Current task name:transform_data state:running start_date:2024-11-25 10:09:43.050788+00:00
[2024-11-25T10:09:43.233+0000] {logging_mixin.py:190} INFO - Dag name:NEPSE_DAG and current dag run status:running
[2024-11-25T10:09:43.234+0000] {taskinstance.py:731} INFO - ::endgroup::
[2024-11-25T10:09:43.727+0000] {python.py:240} INFO - Done. Returned value was: None
[2024-11-25T10:09:43.739+0000] {taskinstance.py:340} INFO - ::group::Post task execution logs
[2024-11-25T10:09:43.740+0000] {taskinstance.py:352} INFO - Marking task as SUCCESS. dag_id=NEPSE_DAG, task_id=transform_data, run_id=manual__2024-11-25T10:08:39.603786+00:00, execution_date=20241125T100839, start_date=20241125T100943, end_date=20241125T100943
[2024-11-25T10:09:43.751+0000] {logging_mixin.py:190} INFO - Task instance in success state
[2024-11-25T10:09:43.752+0000] {logging_mixin.py:190} INFO -  Previous state of the Task instance: running
[2024-11-25T10:09:43.753+0000] {logging_mixin.py:190} INFO - Dag name:NEPSE_DAG queued_at:2024-11-25 10:08:39.741888+00:00
[2024-11-25T10:09:43.754+0000] {logging_mixin.py:190} INFO - Task hostname:1f1ac52b5dc6 operator:PythonOperator
[2024-11-25T10:09:43.784+0000] {local_task_job_runner.py:266} INFO - Task exited with return code 0
[2024-11-25T10:09:43.807+0000] {taskinstance.py:3895} INFO - 0 downstream tasks scheduled from follow-on schedule check
[2024-11-25T10:09:43.811+0000] {local_task_job_runner.py:245} INFO - ::endgroup::
