[2024-12-01T11:06:41.750+0000] {processor.py:186} INFO - Started process (PID=207) to work on /opt/airflow/dags/etl.py
[2024-12-01T11:06:41.758+0000] {processor.py:914} INFO - Processing file /opt/airflow/dags/etl.py for tasks to queue
[2024-12-01T11:06:41.779+0000] {logging_mixin.py:190} INFO - [2024-12-01T11:06:41.776+0000] {dagbag.py:588} INFO - Filling up the DagBag from /opt/airflow/dags/etl.py
[2024-12-01T11:06:43.094+0000] {processor.py:925} INFO - DAG(s) 'NEPSE_DAG' retrieved from /opt/airflow/dags/etl.py
[2024-12-01T11:06:43.182+0000] {logging_mixin.py:190} INFO - [2024-12-01T11:06:43.181+0000] {dag.py:3239} INFO - Sync 1 DAGs
[2024-12-01T11:06:43.232+0000] {logging_mixin.py:190} INFO - [2024-12-01T11:06:43.232+0000] {dag.py:4180} INFO - Setting next_dagrun for NEPSE_DAG to 2024-12-01 00:00:00+00:00, run_after=2024-12-02 00:00:00+00:00
[2024-12-01T11:06:43.274+0000] {processor.py:208} INFO - Processing /opt/airflow/dags/etl.py took 1.661 seconds
[2024-12-01T11:07:15.692+0000] {processor.py:186} INFO - Started process (PID=507) to work on /opt/airflow/dags/etl.py
[2024-12-01T11:07:15.694+0000] {processor.py:914} INFO - Processing file /opt/airflow/dags/etl.py for tasks to queue
[2024-12-01T11:07:15.702+0000] {logging_mixin.py:190} INFO - [2024-12-01T11:07:15.701+0000] {dagbag.py:588} INFO - Filling up the DagBag from /opt/airflow/dags/etl.py
[2024-12-01T11:07:16.829+0000] {processor.py:925} INFO - DAG(s) 'NEPSE_DAG' retrieved from /opt/airflow/dags/etl.py
[2024-12-01T11:07:16.897+0000] {logging_mixin.py:190} INFO - [2024-12-01T11:07:16.896+0000] {dag.py:3239} INFO - Sync 1 DAGs
[2024-12-01T11:07:16.961+0000] {logging_mixin.py:190} INFO - [2024-12-01T11:07:16.960+0000] {dag.py:4180} INFO - Setting next_dagrun for NEPSE_DAG to 2024-12-01 00:00:00+00:00, run_after=2024-12-02 00:00:00+00:00
[2024-12-01T11:07:17.015+0000] {processor.py:208} INFO - Processing /opt/airflow/dags/etl.py took 1.349 seconds
[2024-12-01T11:07:47.379+0000] {processor.py:186} INFO - Started process (PID=813) to work on /opt/airflow/dags/etl.py
[2024-12-01T11:07:47.383+0000] {processor.py:914} INFO - Processing file /opt/airflow/dags/etl.py for tasks to queue
[2024-12-01T11:07:47.388+0000] {logging_mixin.py:190} INFO - [2024-12-01T11:07:47.387+0000] {dagbag.py:588} INFO - Filling up the DagBag from /opt/airflow/dags/etl.py
[2024-12-01T11:07:47.818+0000] {processor.py:925} INFO - DAG(s) 'NEPSE_DAG' retrieved from /opt/airflow/dags/etl.py
[2024-12-01T11:07:47.879+0000] {logging_mixin.py:190} INFO - [2024-12-01T11:07:47.875+0000] {dag.py:3239} INFO - Sync 1 DAGs
[2024-12-01T11:07:47.946+0000] {logging_mixin.py:190} INFO - [2024-12-01T11:07:47.945+0000] {dag.py:4180} INFO - Setting next_dagrun for NEPSE_DAG to 2024-12-01 00:00:00+00:00, run_after=2024-12-02 00:00:00+00:00
[2024-12-01T11:07:48.019+0000] {processor.py:208} INFO - Processing /opt/airflow/dags/etl.py took 0.652 seconds
[2024-12-01T11:08:19.273+0000] {processor.py:186} INFO - Started process (PID=1044) to work on /opt/airflow/dags/etl.py
[2024-12-01T11:08:19.289+0000] {processor.py:914} INFO - Processing file /opt/airflow/dags/etl.py for tasks to queue
[2024-12-01T11:08:19.325+0000] {logging_mixin.py:190} INFO - [2024-12-01T11:08:19.321+0000] {dagbag.py:588} INFO - Filling up the DagBag from /opt/airflow/dags/etl.py
[2024-12-01T11:08:19.786+0000] {processor.py:925} INFO - DAG(s) 'NEPSE_DAG' retrieved from /opt/airflow/dags/etl.py
[2024-12-01T11:08:20.068+0000] {logging_mixin.py:190} INFO - [2024-12-01T11:08:20.066+0000] {dag.py:3239} INFO - Sync 1 DAGs
[2024-12-01T11:08:20.252+0000] {logging_mixin.py:190} INFO - [2024-12-01T11:08:20.252+0000] {dag.py:4180} INFO - Setting next_dagrun for NEPSE_DAG to 2024-12-01 00:00:00+00:00, run_after=2024-12-02 00:00:00+00:00
[2024-12-01T11:08:20.327+0000] {processor.py:208} INFO - Processing /opt/airflow/dags/etl.py took 1.089 seconds
[2024-12-01T11:08:43.155+0000] {processor.py:186} INFO - Started process (PID=1302) to work on /opt/airflow/dags/etl.py
[2024-12-01T11:08:43.157+0000] {processor.py:914} INFO - Processing file /opt/airflow/dags/etl.py for tasks to queue
[2024-12-01T11:08:43.164+0000] {logging_mixin.py:190} INFO - [2024-12-01T11:08:43.163+0000] {dagbag.py:588} INFO - Filling up the DagBag from /opt/airflow/dags/etl.py
[2024-12-01T11:08:43.502+0000] {processor.py:925} INFO - DAG(s) 'NEPSE_DAG' retrieved from /opt/airflow/dags/etl.py
[2024-12-01T11:08:43.547+0000] {logging_mixin.py:190} INFO - [2024-12-01T11:08:43.547+0000] {dag.py:3239} INFO - Sync 1 DAGs
[2024-12-01T11:08:43.614+0000] {logging_mixin.py:190} INFO - [2024-12-01T11:08:43.613+0000] {dag.py:4180} INFO - Setting next_dagrun for NEPSE_DAG to 2024-12-01 00:00:00+00:00, run_after=2024-12-02 00:00:00+00:00
[2024-12-01T11:08:43.675+0000] {processor.py:208} INFO - Processing /opt/airflow/dags/etl.py took 0.540 seconds
[2024-12-01T11:08:49.725+0000] {processor.py:186} INFO - Started process (PID=1342) to work on /opt/airflow/dags/etl.py
[2024-12-01T11:08:49.727+0000] {processor.py:914} INFO - Processing file /opt/airflow/dags/etl.py for tasks to queue
[2024-12-01T11:08:49.731+0000] {logging_mixin.py:190} INFO - [2024-12-01T11:08:49.730+0000] {dagbag.py:588} INFO - Filling up the DagBag from /opt/airflow/dags/etl.py
[2024-12-01T11:08:49.937+0000] {logging_mixin.py:190} INFO - [2024-12-01T11:08:49.925+0000] {dagbag.py:387} ERROR - Failed to import: /opt/airflow/dags/etl.py
Traceback (most recent call last):
  File "/home/airflow/.local/lib/python3.12/site-packages/airflow/models/dagbag.py", line 383, in parse
    loader.exec_module(new_module)
  File "<frozen importlib._bootstrap_external>", line 995, in exec_module
  File "<frozen importlib._bootstrap>", line 488, in _call_with_frames_removed
  File "/opt/airflow/dags/etl.py", line 35, in <module>
    transform_data = PythonOperator(
                     ^^^^^^^^^^^^^^^
  File "/home/airflow/.local/lib/python3.12/site-packages/airflow/models/baseoperator.py", line 501, in apply_defaults
    result = func(self, **kwargs, default_args=default_args)
             ^^^^^^^^^^^^^^^^^^^^^^^^^^^^^^^^^^^^^^^^^^^^^^^
  File "/home/airflow/.local/lib/python3.12/site-packages/airflow/operators/python.py", line 222, in __init__
    super().__init__(**kwargs)
  File "/home/airflow/.local/lib/python3.12/site-packages/airflow/models/baseoperator.py", line 501, in apply_defaults
    result = func(self, **kwargs, default_args=default_args)
             ^^^^^^^^^^^^^^^^^^^^^^^^^^^^^^^^^^^^^^^^^^^^^^^
  File "/home/airflow/.local/lib/python3.12/site-packages/airflow/models/baseoperator.py", line 967, in __init__
    task_group.add(self)
  File "/home/airflow/.local/lib/python3.12/site-packages/airflow/utils/task_group.py", line 250, in add
    raise DuplicateTaskIdFound(f"{node_type} id '{key}' has already been added to the DAG")
airflow.exceptions.DuplicateTaskIdFound: Task id 'transform_data' has already been added to the DAG
[2024-12-01T11:08:49.938+0000] {processor.py:927} WARNING - No viable dags retrieved from /opt/airflow/dags/etl.py
[2024-12-01T11:08:49.966+0000] {processor.py:208} INFO - Processing /opt/airflow/dags/etl.py took 0.252 seconds
[2024-12-01T11:08:55.026+0000] {processor.py:186} INFO - Started process (PID=1397) to work on /opt/airflow/dags/etl.py
[2024-12-01T11:08:55.027+0000] {processor.py:914} INFO - Processing file /opt/airflow/dags/etl.py for tasks to queue
[2024-12-01T11:08:55.030+0000] {logging_mixin.py:190} INFO - [2024-12-01T11:08:55.030+0000] {dagbag.py:588} INFO - Filling up the DagBag from /opt/airflow/dags/etl.py
[2024-12-01T11:08:55.329+0000] {logging_mixin.py:190} INFO - [2024-12-01T11:08:55.320+0000] {dagbag.py:387} ERROR - Failed to import: /opt/airflow/dags/etl.py
Traceback (most recent call last):
  File "/home/airflow/.local/lib/python3.12/site-packages/airflow/models/dagbag.py", line 383, in parse
    loader.exec_module(new_module)
  File "<frozen importlib._bootstrap_external>", line 995, in exec_module
  File "<frozen importlib._bootstrap>", line 488, in _call_with_frames_removed
  File "/opt/airflow/dags/etl.py", line 35, in <module>
    l = PythonOperator(
        ^^^^^^^^^^^^^^^
  File "/home/airflow/.local/lib/python3.12/site-packages/airflow/models/baseoperator.py", line 501, in apply_defaults
    result = func(self, **kwargs, default_args=default_args)
             ^^^^^^^^^^^^^^^^^^^^^^^^^^^^^^^^^^^^^^^^^^^^^^^
  File "/home/airflow/.local/lib/python3.12/site-packages/airflow/operators/python.py", line 222, in __init__
    super().__init__(**kwargs)
  File "/home/airflow/.local/lib/python3.12/site-packages/airflow/models/baseoperator.py", line 501, in apply_defaults
    result = func(self, **kwargs, default_args=default_args)
             ^^^^^^^^^^^^^^^^^^^^^^^^^^^^^^^^^^^^^^^^^^^^^^^
  File "/home/airflow/.local/lib/python3.12/site-packages/airflow/models/baseoperator.py", line 967, in __init__
    task_group.add(self)
  File "/home/airflow/.local/lib/python3.12/site-packages/airflow/utils/task_group.py", line 250, in add
    raise DuplicateTaskIdFound(f"{node_type} id '{key}' has already been added to the DAG")
airflow.exceptions.DuplicateTaskIdFound: Task id 'transform_data' has already been added to the DAG
[2024-12-01T11:08:55.332+0000] {processor.py:927} WARNING - No viable dags retrieved from /opt/airflow/dags/etl.py
[2024-12-01T11:08:55.365+0000] {processor.py:208} INFO - Processing /opt/airflow/dags/etl.py took 0.348 seconds
[2024-12-01T11:08:57.511+0000] {processor.py:186} INFO - Started process (PID=1412) to work on /opt/airflow/dags/etl.py
[2024-12-01T11:08:57.512+0000] {processor.py:914} INFO - Processing file /opt/airflow/dags/etl.py for tasks to queue
[2024-12-01T11:08:57.516+0000] {logging_mixin.py:190} INFO - [2024-12-01T11:08:57.515+0000] {dagbag.py:588} INFO - Filling up the DagBag from /opt/airflow/dags/etl.py
[2024-12-01T11:08:57.736+0000] {logging_mixin.py:190} INFO - [2024-12-01T11:08:57.729+0000] {dagbag.py:387} ERROR - Failed to import: /opt/airflow/dags/etl.py
Traceback (most recent call last):
  File "/home/airflow/.local/lib/python3.12/site-packages/airflow/models/dagbag.py", line 383, in parse
    loader.exec_module(new_module)
  File "<frozen importlib._bootstrap_external>", line 995, in exec_module
  File "<frozen importlib._bootstrap>", line 488, in _call_with_frames_removed
  File "/opt/airflow/dags/etl.py", line 35, in <module>
    load_data = PythonOperator(
                ^^^^^^^^^^^^^^^
  File "/home/airflow/.local/lib/python3.12/site-packages/airflow/models/baseoperator.py", line 501, in apply_defaults
    result = func(self, **kwargs, default_args=default_args)
             ^^^^^^^^^^^^^^^^^^^^^^^^^^^^^^^^^^^^^^^^^^^^^^^
  File "/home/airflow/.local/lib/python3.12/site-packages/airflow/operators/python.py", line 222, in __init__
    super().__init__(**kwargs)
  File "/home/airflow/.local/lib/python3.12/site-packages/airflow/models/baseoperator.py", line 501, in apply_defaults
    result = func(self, **kwargs, default_args=default_args)
             ^^^^^^^^^^^^^^^^^^^^^^^^^^^^^^^^^^^^^^^^^^^^^^^
  File "/home/airflow/.local/lib/python3.12/site-packages/airflow/models/baseoperator.py", line 967, in __init__
    task_group.add(self)
  File "/home/airflow/.local/lib/python3.12/site-packages/airflow/utils/task_group.py", line 250, in add
    raise DuplicateTaskIdFound(f"{node_type} id '{key}' has already been added to the DAG")
airflow.exceptions.DuplicateTaskIdFound: Task id 'transform_data' has already been added to the DAG
[2024-12-01T11:08:57.738+0000] {processor.py:927} WARNING - No viable dags retrieved from /opt/airflow/dags/etl.py
[2024-12-01T11:08:57.769+0000] {processor.py:208} INFO - Processing /opt/airflow/dags/etl.py took 0.266 seconds
[2024-12-01T11:09:01.851+0000] {processor.py:186} INFO - Started process (PID=1497) to work on /opt/airflow/dags/etl.py
[2024-12-01T11:09:01.854+0000] {processor.py:914} INFO - Processing file /opt/airflow/dags/etl.py for tasks to queue
[2024-12-01T11:09:01.857+0000] {logging_mixin.py:190} INFO - [2024-12-01T11:09:01.857+0000] {dagbag.py:588} INFO - Filling up the DagBag from /opt/airflow/dags/etl.py
[2024-12-01T11:09:02.130+0000] {processor.py:925} INFO - DAG(s) 'NEPSE_DAG' retrieved from /opt/airflow/dags/etl.py
[2024-12-01T11:09:02.317+0000] {logging_mixin.py:190} INFO - [2024-12-01T11:09:02.316+0000] {dag.py:3239} INFO - Sync 1 DAGs
[2024-12-01T11:09:02.374+0000] {logging_mixin.py:190} INFO - [2024-12-01T11:09:02.374+0000] {dag.py:4180} INFO - Setting next_dagrun for NEPSE_DAG to 2024-12-01 00:00:00+00:00, run_after=2024-12-02 00:00:00+00:00
[2024-12-01T11:09:02.432+0000] {processor.py:208} INFO - Processing /opt/airflow/dags/etl.py took 0.589 seconds
[2024-12-01T11:09:05.247+0000] {processor.py:186} INFO - Started process (PID=1527) to work on /opt/airflow/dags/etl.py
[2024-12-01T11:09:05.249+0000] {processor.py:914} INFO - Processing file /opt/airflow/dags/etl.py for tasks to queue
[2024-12-01T11:09:05.252+0000] {logging_mixin.py:190} INFO - [2024-12-01T11:09:05.251+0000] {dagbag.py:588} INFO - Filling up the DagBag from /opt/airflow/dags/etl.py
[2024-12-01T11:09:05.503+0000] {logging_mixin.py:190} INFO - [2024-12-01T11:09:05.496+0000] {dagbag.py:387} ERROR - Failed to import: /opt/airflow/dags/etl.py
Traceback (most recent call last):
  File "/home/airflow/.local/lib/python3.12/site-packages/airflow/models/dagbag.py", line 383, in parse
    loader.exec_module(new_module)
  File "<frozen importlib._bootstrap_external>", line 995, in exec_module
  File "<frozen importlib._bootstrap>", line 488, in _call_with_frames_removed
  File "/opt/airflow/dags/etl.py", line 37, in <module>
    python_callable=load,
                    ^^^^
NameError: name 'load' is not defined
[2024-12-01T11:09:05.506+0000] {processor.py:927} WARNING - No viable dags retrieved from /opt/airflow/dags/etl.py
[2024-12-01T11:09:05.541+0000] {processor.py:208} INFO - Processing /opt/airflow/dags/etl.py took 0.306 seconds
[2024-12-01T11:09:05.617+0000] {processor.py:186} INFO - Started process (PID=1540) to work on /opt/airflow/dags/etl.py
[2024-12-01T11:09:05.619+0000] {processor.py:914} INFO - Processing file /opt/airflow/dags/etl.py for tasks to queue
[2024-12-01T11:09:05.625+0000] {logging_mixin.py:190} INFO - [2024-12-01T11:09:05.624+0000] {dagbag.py:588} INFO - Filling up the DagBag from /opt/airflow/dags/etl.py
[2024-12-01T11:09:05.986+0000] {logging_mixin.py:190} INFO - [2024-12-01T11:09:05.974+0000] {dagbag.py:387} ERROR - Failed to import: /opt/airflow/dags/etl.py
Traceback (most recent call last):
  File "/home/airflow/.local/lib/python3.12/site-packages/airflow/models/dagbag.py", line 383, in parse
    loader.exec_module(new_module)
  File "<frozen importlib._bootstrap_external>", line 995, in exec_module
  File "<frozen importlib._bootstrap>", line 488, in _call_with_frames_removed
  File "/opt/airflow/dags/etl.py", line 37, in <module>
    python_callable=load,
                    ^^^^
NameError: name 'load' is not defined
[2024-12-01T11:09:05.990+0000] {processor.py:927} WARNING - No viable dags retrieved from /opt/airflow/dags/etl.py
[2024-12-01T11:09:06.023+0000] {processor.py:208} INFO - Processing /opt/airflow/dags/etl.py took 0.420 seconds
[2024-12-01T11:09:15.608+0000] {processor.py:186} INFO - Started process (PID=1646) to work on /opt/airflow/dags/etl.py
[2024-12-01T11:09:15.613+0000] {processor.py:914} INFO - Processing file /opt/airflow/dags/etl.py for tasks to queue
[2024-12-01T11:09:15.623+0000] {logging_mixin.py:190} INFO - [2024-12-01T11:09:15.622+0000] {dagbag.py:588} INFO - Filling up the DagBag from /opt/airflow/dags/etl.py
[2024-12-01T11:09:16.170+0000] {logging_mixin.py:190} INFO - [2024-12-01T11:09:16.156+0000] {dagbag.py:387} ERROR - Failed to import: /opt/airflow/dags/etl.py
Traceback (most recent call last):
  File "/home/airflow/.local/lib/python3.12/site-packages/airflow/models/dagbag.py", line 383, in parse
    loader.exec_module(new_module)
  File "<frozen importlib._bootstrap_external>", line 995, in exec_module
  File "<frozen importlib._bootstrap>", line 488, in _call_with_frames_removed
  File "/opt/airflow/dags/etl.py", line 38, in <module>
    python_callable=load,
                    ^^^^
NameError: name 'load' is not defined
[2024-12-01T11:09:16.174+0000] {processor.py:927} WARNING - No viable dags retrieved from /opt/airflow/dags/etl.py
[2024-12-01T11:09:16.219+0000] {processor.py:208} INFO - Processing /opt/airflow/dags/etl.py took 0.639 seconds
[2024-12-01T11:09:18.267+0000] {processor.py:186} INFO - Started process (PID=1653) to work on /opt/airflow/dags/etl.py
[2024-12-01T11:09:18.268+0000] {processor.py:914} INFO - Processing file /opt/airflow/dags/etl.py for tasks to queue
[2024-12-01T11:09:18.272+0000] {logging_mixin.py:190} INFO - [2024-12-01T11:09:18.271+0000] {dagbag.py:588} INFO - Filling up the DagBag from /opt/airflow/dags/etl.py
[2024-12-01T11:09:18.474+0000] {logging_mixin.py:190} INFO - [2024-12-01T11:09:18.469+0000] {dagbag.py:387} ERROR - Failed to import: /opt/airflow/dags/etl.py
Traceback (most recent call last):
  File "/home/airflow/.local/lib/python3.12/site-packages/airflow/models/dagbag.py", line 383, in parse
    loader.exec_module(new_module)
  File "<frozen importlib._bootstrap_external>", line 995, in exec_module
  File "<frozen importlib._bootstrap>", line 488, in _call_with_frames_removed
  File "/opt/airflow/dags/etl.py", line 6, in <module>
    from app.etl.transform import load
ImportError: cannot import name 'load' from 'app.etl.transform' (/opt/airflow/app/etl/transform.py)
[2024-12-01T11:09:18.476+0000] {processor.py:927} WARNING - No viable dags retrieved from /opt/airflow/dags/etl.py
[2024-12-01T11:09:18.498+0000] {processor.py:208} INFO - Processing /opt/airflow/dags/etl.py took 0.241 seconds
[2024-12-01T11:09:26.962+0000] {processor.py:186} INFO - Started process (PID=1733) to work on /opt/airflow/dags/etl.py
[2024-12-01T11:09:26.966+0000] {processor.py:914} INFO - Processing file /opt/airflow/dags/etl.py for tasks to queue
[2024-12-01T11:09:26.974+0000] {logging_mixin.py:190} INFO - [2024-12-01T11:09:26.972+0000] {dagbag.py:588} INFO - Filling up the DagBag from /opt/airflow/dags/etl.py
[2024-12-01T11:09:27.235+0000] {logging_mixin.py:190} INFO - [2024-12-01T11:09:27.229+0000] {dagbag.py:387} ERROR - Failed to import: /opt/airflow/dags/etl.py
Traceback (most recent call last):
  File "/home/airflow/.local/lib/python3.12/site-packages/airflow/models/dagbag.py", line 383, in parse
    loader.exec_module(new_module)
  File "<frozen importlib._bootstrap_external>", line 995, in exec_module
  File "<frozen importlib._bootstrap>", line 488, in _call_with_frames_removed
  File "/opt/airflow/dags/etl.py", line 6, in <module>
    from app.etl.transform import load
ImportError: cannot import name 'load' from 'app.etl.transform' (/opt/airflow/app/etl/transform.py)
[2024-12-01T11:09:27.237+0000] {processor.py:927} WARNING - No viable dags retrieved from /opt/airflow/dags/etl.py
[2024-12-01T11:09:27.269+0000] {processor.py:208} INFO - Processing /opt/airflow/dags/etl.py took 0.327 seconds
[2024-12-01T11:09:58.059+0000] {processor.py:186} INFO - Started process (PID=2029) to work on /opt/airflow/dags/etl.py
[2024-12-01T11:09:58.060+0000] {processor.py:914} INFO - Processing file /opt/airflow/dags/etl.py for tasks to queue
[2024-12-01T11:09:58.064+0000] {logging_mixin.py:190} INFO - [2024-12-01T11:09:58.063+0000] {dagbag.py:588} INFO - Filling up the DagBag from /opt/airflow/dags/etl.py
[2024-12-01T11:09:58.227+0000] {logging_mixin.py:190} INFO - [2024-12-01T11:09:58.221+0000] {dagbag.py:387} ERROR - Failed to import: /opt/airflow/dags/etl.py
Traceback (most recent call last):
  File "/home/airflow/.local/lib/python3.12/site-packages/airflow/models/dagbag.py", line 383, in parse
    loader.exec_module(new_module)
  File "<frozen importlib._bootstrap_external>", line 995, in exec_module
  File "<frozen importlib._bootstrap>", line 488, in _call_with_frames_removed
  File "/opt/airflow/dags/etl.py", line 6, in <module>
    from app.etl.transform import load
ImportError: cannot import name 'load' from 'app.etl.transform' (/opt/airflow/app/etl/transform.py)
[2024-12-01T11:09:58.229+0000] {processor.py:927} WARNING - No viable dags retrieved from /opt/airflow/dags/etl.py
[2024-12-01T11:09:58.251+0000] {processor.py:208} INFO - Processing /opt/airflow/dags/etl.py took 0.198 seconds
[2024-12-01T11:10:05.693+0000] {processor.py:186} INFO - Started process (PID=2138) to work on /opt/airflow/dags/etl.py
[2024-12-01T11:10:05.694+0000] {processor.py:914} INFO - Processing file /opt/airflow/dags/etl.py for tasks to queue
[2024-12-01T11:10:05.697+0000] {logging_mixin.py:190} INFO - [2024-12-01T11:10:05.697+0000] {dagbag.py:588} INFO - Filling up the DagBag from /opt/airflow/dags/etl.py
[2024-12-01T11:10:05.992+0000] {processor.py:925} INFO - DAG(s) 'NEPSE_DAG' retrieved from /opt/airflow/dags/etl.py
[2024-12-01T11:10:06.132+0000] {logging_mixin.py:190} INFO - [2024-12-01T11:10:06.131+0000] {dag.py:3239} INFO - Sync 1 DAGs
[2024-12-01T11:10:06.160+0000] {logging_mixin.py:190} INFO - [2024-12-01T11:10:06.160+0000] {dag.py:4180} INFO - Setting next_dagrun for NEPSE_DAG to 2024-12-01 00:00:00+00:00, run_after=2024-12-02 00:00:00+00:00
[2024-12-01T11:10:06.197+0000] {processor.py:208} INFO - Processing /opt/airflow/dags/etl.py took 0.515 seconds
[2024-12-01T11:10:36.285+0000] {processor.py:186} INFO - Started process (PID=2432) to work on /opt/airflow/dags/etl.py
[2024-12-01T11:10:36.287+0000] {processor.py:914} INFO - Processing file /opt/airflow/dags/etl.py for tasks to queue
[2024-12-01T11:10:36.290+0000] {logging_mixin.py:190} INFO - [2024-12-01T11:10:36.290+0000] {dagbag.py:588} INFO - Filling up the DagBag from /opt/airflow/dags/etl.py
[2024-12-01T11:10:36.465+0000] {processor.py:925} INFO - DAG(s) 'NEPSE_DAG' retrieved from /opt/airflow/dags/etl.py
[2024-12-01T11:10:36.493+0000] {logging_mixin.py:190} INFO - [2024-12-01T11:10:36.493+0000] {dag.py:3239} INFO - Sync 1 DAGs
[2024-12-01T11:10:36.530+0000] {logging_mixin.py:190} INFO - [2024-12-01T11:10:36.529+0000] {dag.py:4180} INFO - Setting next_dagrun for NEPSE_DAG to 2024-12-01 00:00:00+00:00, run_after=2024-12-02 00:00:00+00:00
[2024-12-01T11:10:36.554+0000] {processor.py:208} INFO - Processing /opt/airflow/dags/etl.py took 0.275 seconds
[2024-12-01T11:11:06.642+0000] {processor.py:186} INFO - Started process (PID=2728) to work on /opt/airflow/dags/etl.py
[2024-12-01T11:11:06.643+0000] {processor.py:914} INFO - Processing file /opt/airflow/dags/etl.py for tasks to queue
[2024-12-01T11:11:06.646+0000] {logging_mixin.py:190} INFO - [2024-12-01T11:11:06.646+0000] {dagbag.py:588} INFO - Filling up the DagBag from /opt/airflow/dags/etl.py
[2024-12-01T11:11:06.805+0000] {processor.py:925} INFO - DAG(s) 'NEPSE_DAG' retrieved from /opt/airflow/dags/etl.py
[2024-12-01T11:11:06.828+0000] {logging_mixin.py:190} INFO - [2024-12-01T11:11:06.828+0000] {dag.py:3239} INFO - Sync 1 DAGs
[2024-12-01T11:11:06.862+0000] {logging_mixin.py:190} INFO - [2024-12-01T11:11:06.861+0000] {dag.py:4180} INFO - Setting next_dagrun for NEPSE_DAG to 2024-12-01 00:00:00+00:00, run_after=2024-12-02 00:00:00+00:00
[2024-12-01T11:11:06.893+0000] {processor.py:208} INFO - Processing /opt/airflow/dags/etl.py took 0.257 seconds
[2024-12-01T11:11:37.040+0000] {processor.py:186} INFO - Started process (PID=3024) to work on /opt/airflow/dags/etl.py
[2024-12-01T11:11:37.041+0000] {processor.py:914} INFO - Processing file /opt/airflow/dags/etl.py for tasks to queue
[2024-12-01T11:11:37.044+0000] {logging_mixin.py:190} INFO - [2024-12-01T11:11:37.044+0000] {dagbag.py:588} INFO - Filling up the DagBag from /opt/airflow/dags/etl.py
[2024-12-01T11:11:37.244+0000] {processor.py:925} INFO - DAG(s) 'NEPSE_DAG' retrieved from /opt/airflow/dags/etl.py
[2024-12-01T11:11:37.264+0000] {logging_mixin.py:190} INFO - [2024-12-01T11:11:37.264+0000] {dag.py:3239} INFO - Sync 1 DAGs
[2024-12-01T11:11:37.292+0000] {logging_mixin.py:190} INFO - [2024-12-01T11:11:37.291+0000] {dag.py:4180} INFO - Setting next_dagrun for NEPSE_DAG to 2024-12-01 00:00:00+00:00, run_after=2024-12-02 00:00:00+00:00
[2024-12-01T11:11:37.316+0000] {processor.py:208} INFO - Processing /opt/airflow/dags/etl.py took 0.283 seconds
[2024-12-01T11:12:07.949+0000] {processor.py:186} INFO - Started process (PID=3320) to work on /opt/airflow/dags/etl.py
[2024-12-01T11:12:07.950+0000] {processor.py:914} INFO - Processing file /opt/airflow/dags/etl.py for tasks to queue
[2024-12-01T11:12:07.956+0000] {logging_mixin.py:190} INFO - [2024-12-01T11:12:07.955+0000] {dagbag.py:588} INFO - Filling up the DagBag from /opt/airflow/dags/etl.py
[2024-12-01T11:12:08.338+0000] {processor.py:925} INFO - DAG(s) 'NEPSE_DAG' retrieved from /opt/airflow/dags/etl.py
[2024-12-01T11:12:08.369+0000] {logging_mixin.py:190} INFO - [2024-12-01T11:12:08.368+0000] {dag.py:3239} INFO - Sync 1 DAGs
[2024-12-01T11:12:08.411+0000] {logging_mixin.py:190} INFO - [2024-12-01T11:12:08.410+0000] {dag.py:4180} INFO - Setting next_dagrun for NEPSE_DAG to 2024-12-01 00:00:00+00:00, run_after=2024-12-02 00:00:00+00:00
[2024-12-01T11:12:08.446+0000] {processor.py:208} INFO - Processing /opt/airflow/dags/etl.py took 0.511 seconds
[2024-12-01T11:12:38.753+0000] {processor.py:186} INFO - Started process (PID=3614) to work on /opt/airflow/dags/etl.py
[2024-12-01T11:12:38.754+0000] {processor.py:914} INFO - Processing file /opt/airflow/dags/etl.py for tasks to queue
[2024-12-01T11:12:38.758+0000] {logging_mixin.py:190} INFO - [2024-12-01T11:12:38.757+0000] {dagbag.py:588} INFO - Filling up the DagBag from /opt/airflow/dags/etl.py
[2024-12-01T11:12:39.034+0000] {processor.py:925} INFO - DAG(s) 'NEPSE_DAG' retrieved from /opt/airflow/dags/etl.py
[2024-12-01T11:12:39.075+0000] {logging_mixin.py:190} INFO - [2024-12-01T11:12:39.074+0000] {dag.py:3239} INFO - Sync 1 DAGs
[2024-12-01T11:12:39.129+0000] {logging_mixin.py:190} INFO - [2024-12-01T11:12:39.128+0000] {dag.py:4180} INFO - Setting next_dagrun for NEPSE_DAG to 2024-12-01 00:00:00+00:00, run_after=2024-12-02 00:00:00+00:00
[2024-12-01T11:12:39.177+0000] {processor.py:208} INFO - Processing /opt/airflow/dags/etl.py took 0.432 seconds
[2024-12-01T11:13:09.566+0000] {processor.py:186} INFO - Started process (PID=3907) to work on /opt/airflow/dags/etl.py
[2024-12-01T11:13:09.568+0000] {processor.py:914} INFO - Processing file /opt/airflow/dags/etl.py for tasks to queue
[2024-12-01T11:13:09.571+0000] {logging_mixin.py:190} INFO - [2024-12-01T11:13:09.571+0000] {dagbag.py:588} INFO - Filling up the DagBag from /opt/airflow/dags/etl.py
[2024-12-01T11:13:09.782+0000] {processor.py:925} INFO - DAG(s) 'NEPSE_DAG' retrieved from /opt/airflow/dags/etl.py
[2024-12-01T11:13:09.808+0000] {logging_mixin.py:190} INFO - [2024-12-01T11:13:09.808+0000] {dag.py:3239} INFO - Sync 1 DAGs
[2024-12-01T11:13:09.846+0000] {logging_mixin.py:190} INFO - [2024-12-01T11:13:09.846+0000] {dag.py:4180} INFO - Setting next_dagrun for NEPSE_DAG to 2024-12-01 00:00:00+00:00, run_after=2024-12-02 00:00:00+00:00
[2024-12-01T11:13:09.885+0000] {processor.py:208} INFO - Processing /opt/airflow/dags/etl.py took 0.326 seconds
[2024-12-01T11:13:40.274+0000] {processor.py:186} INFO - Started process (PID=4206) to work on /opt/airflow/dags/etl.py
[2024-12-01T11:13:40.278+0000] {processor.py:914} INFO - Processing file /opt/airflow/dags/etl.py for tasks to queue
[2024-12-01T11:13:40.284+0000] {logging_mixin.py:190} INFO - [2024-12-01T11:13:40.283+0000] {dagbag.py:588} INFO - Filling up the DagBag from /opt/airflow/dags/etl.py
[2024-12-01T11:13:40.650+0000] {processor.py:925} INFO - DAG(s) 'NEPSE_DAG' retrieved from /opt/airflow/dags/etl.py
[2024-12-01T11:13:40.704+0000] {logging_mixin.py:190} INFO - [2024-12-01T11:13:40.703+0000] {dag.py:3239} INFO - Sync 1 DAGs
[2024-12-01T11:13:40.801+0000] {logging_mixin.py:190} INFO - [2024-12-01T11:13:40.800+0000] {dag.py:4180} INFO - Setting next_dagrun for NEPSE_DAG to 2024-12-01 00:00:00+00:00, run_after=2024-12-02 00:00:00+00:00
[2024-12-01T11:13:40.890+0000] {processor.py:208} INFO - Processing /opt/airflow/dags/etl.py took 0.628 seconds
[2024-12-01T11:14:11.692+0000] {processor.py:186} INFO - Started process (PID=4507) to work on /opt/airflow/dags/etl.py
[2024-12-01T11:14:11.693+0000] {processor.py:914} INFO - Processing file /opt/airflow/dags/etl.py for tasks to queue
[2024-12-01T11:14:11.696+0000] {logging_mixin.py:190} INFO - [2024-12-01T11:14:11.696+0000] {dagbag.py:588} INFO - Filling up the DagBag from /opt/airflow/dags/etl.py
[2024-12-01T11:14:12.068+0000] {processor.py:925} INFO - DAG(s) 'NEPSE_DAG' retrieved from /opt/airflow/dags/etl.py
[2024-12-01T11:14:12.156+0000] {logging_mixin.py:190} INFO - [2024-12-01T11:14:12.154+0000] {dag.py:3239} INFO - Sync 1 DAGs
[2024-12-01T11:14:12.266+0000] {logging_mixin.py:190} INFO - [2024-12-01T11:14:12.265+0000] {dag.py:4180} INFO - Setting next_dagrun for NEPSE_DAG to 2024-12-01 00:00:00+00:00, run_after=2024-12-02 00:00:00+00:00
[2024-12-01T11:14:12.627+0000] {processor.py:208} INFO - Processing /opt/airflow/dags/etl.py took 0.943 seconds
[2024-12-01T11:14:43.176+0000] {processor.py:186} INFO - Started process (PID=4814) to work on /opt/airflow/dags/etl.py
[2024-12-01T11:14:43.179+0000] {processor.py:914} INFO - Processing file /opt/airflow/dags/etl.py for tasks to queue
[2024-12-01T11:14:43.187+0000] {logging_mixin.py:190} INFO - [2024-12-01T11:14:43.186+0000] {dagbag.py:588} INFO - Filling up the DagBag from /opt/airflow/dags/etl.py
[2024-12-01T11:14:43.538+0000] {processor.py:925} INFO - DAG(s) 'NEPSE_DAG' retrieved from /opt/airflow/dags/etl.py
[2024-12-01T11:14:43.568+0000] {logging_mixin.py:190} INFO - [2024-12-01T11:14:43.567+0000] {dag.py:3239} INFO - Sync 1 DAGs
[2024-12-01T11:14:43.609+0000] {logging_mixin.py:190} INFO - [2024-12-01T11:14:43.609+0000] {dag.py:4180} INFO - Setting next_dagrun for NEPSE_DAG to 2024-12-01 00:00:00+00:00, run_after=2024-12-02 00:00:00+00:00
[2024-12-01T11:14:43.644+0000] {processor.py:208} INFO - Processing /opt/airflow/dags/etl.py took 0.491 seconds
[2024-12-01T11:15:13.760+0000] {processor.py:186} INFO - Started process (PID=5115) to work on /opt/airflow/dags/etl.py
[2024-12-01T11:15:13.761+0000] {processor.py:914} INFO - Processing file /opt/airflow/dags/etl.py for tasks to queue
[2024-12-01T11:15:13.764+0000] {logging_mixin.py:190} INFO - [2024-12-01T11:15:13.764+0000] {dagbag.py:588} INFO - Filling up the DagBag from /opt/airflow/dags/etl.py
[2024-12-01T11:15:13.949+0000] {processor.py:925} INFO - DAG(s) 'NEPSE_DAG' retrieved from /opt/airflow/dags/etl.py
[2024-12-01T11:15:13.985+0000] {logging_mixin.py:190} INFO - [2024-12-01T11:15:13.984+0000] {dag.py:3239} INFO - Sync 1 DAGs
[2024-12-01T11:15:14.038+0000] {logging_mixin.py:190} INFO - [2024-12-01T11:15:14.037+0000] {dag.py:4180} INFO - Setting next_dagrun for NEPSE_DAG to 2024-12-01 00:00:00+00:00, run_after=2024-12-02 00:00:00+00:00
[2024-12-01T11:15:14.073+0000] {processor.py:208} INFO - Processing /opt/airflow/dags/etl.py took 0.320 seconds
[2024-12-01T11:15:44.174+0000] {processor.py:186} INFO - Started process (PID=5406) to work on /opt/airflow/dags/etl.py
[2024-12-01T11:15:44.175+0000] {processor.py:914} INFO - Processing file /opt/airflow/dags/etl.py for tasks to queue
[2024-12-01T11:15:44.178+0000] {logging_mixin.py:190} INFO - [2024-12-01T11:15:44.177+0000] {dagbag.py:588} INFO - Filling up the DagBag from /opt/airflow/dags/etl.py
[2024-12-01T11:15:44.369+0000] {processor.py:925} INFO - DAG(s) 'NEPSE_DAG' retrieved from /opt/airflow/dags/etl.py
[2024-12-01T11:15:44.391+0000] {logging_mixin.py:190} INFO - [2024-12-01T11:15:44.390+0000] {dag.py:3239} INFO - Sync 1 DAGs
[2024-12-01T11:15:44.417+0000] {logging_mixin.py:190} INFO - [2024-12-01T11:15:44.417+0000] {dag.py:4180} INFO - Setting next_dagrun for NEPSE_DAG to 2024-12-01 00:00:00+00:00, run_after=2024-12-02 00:00:00+00:00
[2024-12-01T11:15:44.443+0000] {processor.py:208} INFO - Processing /opt/airflow/dags/etl.py took 0.276 seconds
[2024-12-01T11:16:14.624+0000] {processor.py:186} INFO - Started process (PID=5705) to work on /opt/airflow/dags/etl.py
[2024-12-01T11:16:14.627+0000] {processor.py:914} INFO - Processing file /opt/airflow/dags/etl.py for tasks to queue
[2024-12-01T11:16:14.632+0000] {logging_mixin.py:190} INFO - [2024-12-01T11:16:14.631+0000] {dagbag.py:588} INFO - Filling up the DagBag from /opt/airflow/dags/etl.py
[2024-12-01T11:16:14.988+0000] {processor.py:925} INFO - DAG(s) 'NEPSE_DAG' retrieved from /opt/airflow/dags/etl.py
[2024-12-01T11:16:15.042+0000] {logging_mixin.py:190} INFO - [2024-12-01T11:16:15.041+0000] {dag.py:3239} INFO - Sync 1 DAGs
[2024-12-01T11:16:15.114+0000] {logging_mixin.py:190} INFO - [2024-12-01T11:16:15.113+0000] {dag.py:4180} INFO - Setting next_dagrun for NEPSE_DAG to 2024-12-01 00:00:00+00:00, run_after=2024-12-02 00:00:00+00:00
[2024-12-01T11:16:15.168+0000] {processor.py:208} INFO - Processing /opt/airflow/dags/etl.py took 0.564 seconds
[2024-12-01T11:16:45.815+0000] {processor.py:186} INFO - Started process (PID=5998) to work on /opt/airflow/dags/etl.py
[2024-12-01T11:16:45.817+0000] {processor.py:914} INFO - Processing file /opt/airflow/dags/etl.py for tasks to queue
[2024-12-01T11:16:45.822+0000] {logging_mixin.py:190} INFO - [2024-12-01T11:16:45.821+0000] {dagbag.py:588} INFO - Filling up the DagBag from /opt/airflow/dags/etl.py
[2024-12-01T11:16:46.019+0000] {processor.py:925} INFO - DAG(s) 'NEPSE_DAG' retrieved from /opt/airflow/dags/etl.py
[2024-12-01T11:16:46.041+0000] {logging_mixin.py:190} INFO - [2024-12-01T11:16:46.041+0000] {dag.py:3239} INFO - Sync 1 DAGs
[2024-12-01T11:16:46.069+0000] {logging_mixin.py:190} INFO - [2024-12-01T11:16:46.068+0000] {dag.py:4180} INFO - Setting next_dagrun for NEPSE_DAG to 2024-12-01 00:00:00+00:00, run_after=2024-12-02 00:00:00+00:00
[2024-12-01T11:16:46.092+0000] {processor.py:208} INFO - Processing /opt/airflow/dags/etl.py took 0.285 seconds
[2024-12-01T11:17:16.211+0000] {processor.py:186} INFO - Started process (PID=6294) to work on /opt/airflow/dags/etl.py
[2024-12-01T11:17:16.212+0000] {processor.py:914} INFO - Processing file /opt/airflow/dags/etl.py for tasks to queue
[2024-12-01T11:17:16.215+0000] {logging_mixin.py:190} INFO - [2024-12-01T11:17:16.215+0000] {dagbag.py:588} INFO - Filling up the DagBag from /opt/airflow/dags/etl.py
[2024-12-01T11:17:16.405+0000] {processor.py:925} INFO - DAG(s) 'NEPSE_DAG' retrieved from /opt/airflow/dags/etl.py
[2024-12-01T11:17:16.436+0000] {logging_mixin.py:190} INFO - [2024-12-01T11:17:16.434+0000] {dag.py:3239} INFO - Sync 1 DAGs
[2024-12-01T11:17:16.492+0000] {logging_mixin.py:190} INFO - [2024-12-01T11:17:16.491+0000] {dag.py:4180} INFO - Setting next_dagrun for NEPSE_DAG to 2024-12-01 00:00:00+00:00, run_after=2024-12-02 00:00:00+00:00
[2024-12-01T11:17:16.543+0000] {processor.py:208} INFO - Processing /opt/airflow/dags/etl.py took 0.340 seconds
[2024-12-01T11:17:47.561+0000] {processor.py:186} INFO - Started process (PID=6604) to work on /opt/airflow/dags/etl.py
[2024-12-01T11:17:47.562+0000] {processor.py:914} INFO - Processing file /opt/airflow/dags/etl.py for tasks to queue
[2024-12-01T11:17:47.565+0000] {logging_mixin.py:190} INFO - [2024-12-01T11:17:47.565+0000] {dagbag.py:588} INFO - Filling up the DagBag from /opt/airflow/dags/etl.py
[2024-12-01T11:17:47.764+0000] {processor.py:925} INFO - DAG(s) 'NEPSE_DAG' retrieved from /opt/airflow/dags/etl.py
[2024-12-01T11:17:47.792+0000] {logging_mixin.py:190} INFO - [2024-12-01T11:17:47.792+0000] {dag.py:3239} INFO - Sync 1 DAGs
[2024-12-01T11:17:47.824+0000] {logging_mixin.py:190} INFO - [2024-12-01T11:17:47.824+0000] {dag.py:4180} INFO - Setting next_dagrun for NEPSE_DAG to 2024-12-01 00:00:00+00:00, run_after=2024-12-02 00:00:00+00:00
[2024-12-01T11:17:47.852+0000] {processor.py:208} INFO - Processing /opt/airflow/dags/etl.py took 0.300 seconds
[2024-12-01T11:18:18.089+0000] {processor.py:186} INFO - Started process (PID=6910) to work on /opt/airflow/dags/etl.py
[2024-12-01T11:18:18.091+0000] {processor.py:914} INFO - Processing file /opt/airflow/dags/etl.py for tasks to queue
[2024-12-01T11:18:18.095+0000] {logging_mixin.py:190} INFO - [2024-12-01T11:18:18.095+0000] {dagbag.py:588} INFO - Filling up the DagBag from /opt/airflow/dags/etl.py
[2024-12-01T11:18:18.433+0000] {processor.py:925} INFO - DAG(s) 'NEPSE_DAG' retrieved from /opt/airflow/dags/etl.py
[2024-12-01T11:18:18.466+0000] {logging_mixin.py:190} INFO - [2024-12-01T11:18:18.465+0000] {dag.py:3239} INFO - Sync 1 DAGs
[2024-12-01T11:18:18.501+0000] {logging_mixin.py:190} INFO - [2024-12-01T11:18:18.500+0000] {dag.py:4180} INFO - Setting next_dagrun for NEPSE_DAG to 2024-12-01 00:00:00+00:00, run_after=2024-12-02 00:00:00+00:00
[2024-12-01T11:18:18.526+0000] {processor.py:208} INFO - Processing /opt/airflow/dags/etl.py took 0.448 seconds
[2024-12-01T11:18:48.594+0000] {processor.py:186} INFO - Started process (PID=7212) to work on /opt/airflow/dags/etl.py
[2024-12-01T11:18:48.595+0000] {processor.py:914} INFO - Processing file /opt/airflow/dags/etl.py for tasks to queue
[2024-12-01T11:18:48.597+0000] {logging_mixin.py:190} INFO - [2024-12-01T11:18:48.597+0000] {dagbag.py:588} INFO - Filling up the DagBag from /opt/airflow/dags/etl.py
[2024-12-01T11:18:48.748+0000] {processor.py:925} INFO - DAG(s) 'NEPSE_DAG' retrieved from /opt/airflow/dags/etl.py
[2024-12-01T11:18:48.770+0000] {logging_mixin.py:190} INFO - [2024-12-01T11:18:48.770+0000] {dag.py:3239} INFO - Sync 1 DAGs
[2024-12-01T11:18:48.800+0000] {logging_mixin.py:190} INFO - [2024-12-01T11:18:48.799+0000] {dag.py:4180} INFO - Setting next_dagrun for NEPSE_DAG to 2024-12-01 00:00:00+00:00, run_after=2024-12-02 00:00:00+00:00
[2024-12-01T11:18:48.828+0000] {processor.py:208} INFO - Processing /opt/airflow/dags/etl.py took 0.243 seconds
[2024-12-01T11:19:18.928+0000] {processor.py:186} INFO - Started process (PID=7493) to work on /opt/airflow/dags/etl.py
[2024-12-01T11:19:18.930+0000] {processor.py:914} INFO - Processing file /opt/airflow/dags/etl.py for tasks to queue
[2024-12-01T11:19:18.932+0000] {logging_mixin.py:190} INFO - [2024-12-01T11:19:18.932+0000] {dagbag.py:588} INFO - Filling up the DagBag from /opt/airflow/dags/etl.py
[2024-12-01T11:19:19.108+0000] {processor.py:925} INFO - DAG(s) 'NEPSE_DAG' retrieved from /opt/airflow/dags/etl.py
[2024-12-01T11:19:19.128+0000] {logging_mixin.py:190} INFO - [2024-12-01T11:19:19.128+0000] {dag.py:3239} INFO - Sync 1 DAGs
[2024-12-01T11:19:19.156+0000] {logging_mixin.py:190} INFO - [2024-12-01T11:19:19.156+0000] {dag.py:4180} INFO - Setting next_dagrun for NEPSE_DAG to 2024-12-01 00:00:00+00:00, run_after=2024-12-02 00:00:00+00:00
[2024-12-01T11:19:19.179+0000] {processor.py:208} INFO - Processing /opt/airflow/dags/etl.py took 0.259 seconds
[2024-12-01T11:19:49.439+0000] {processor.py:186} INFO - Started process (PID=7789) to work on /opt/airflow/dags/etl.py
[2024-12-01T11:19:49.440+0000] {processor.py:914} INFO - Processing file /opt/airflow/dags/etl.py for tasks to queue
[2024-12-01T11:19:49.443+0000] {logging_mixin.py:190} INFO - [2024-12-01T11:19:49.442+0000] {dagbag.py:588} INFO - Filling up the DagBag from /opt/airflow/dags/etl.py
[2024-12-01T11:19:49.654+0000] {processor.py:925} INFO - DAG(s) 'NEPSE_DAG' retrieved from /opt/airflow/dags/etl.py
[2024-12-01T11:19:49.683+0000] {logging_mixin.py:190} INFO - [2024-12-01T11:19:49.683+0000] {dag.py:3239} INFO - Sync 1 DAGs
[2024-12-01T11:19:49.727+0000] {logging_mixin.py:190} INFO - [2024-12-01T11:19:49.727+0000] {dag.py:4180} INFO - Setting next_dagrun for NEPSE_DAG to 2024-12-01 00:00:00+00:00, run_after=2024-12-02 00:00:00+00:00
[2024-12-01T11:19:49.766+0000] {processor.py:208} INFO - Processing /opt/airflow/dags/etl.py took 0.335 seconds
[2024-12-01T11:20:20.190+0000] {processor.py:186} INFO - Started process (PID=8085) to work on /opt/airflow/dags/etl.py
[2024-12-01T11:20:20.192+0000] {processor.py:914} INFO - Processing file /opt/airflow/dags/etl.py for tasks to queue
[2024-12-01T11:20:20.195+0000] {logging_mixin.py:190} INFO - [2024-12-01T11:20:20.194+0000] {dagbag.py:588} INFO - Filling up the DagBag from /opt/airflow/dags/etl.py
[2024-12-01T11:20:20.410+0000] {processor.py:925} INFO - DAG(s) 'NEPSE_DAG' retrieved from /opt/airflow/dags/etl.py
[2024-12-01T11:20:20.437+0000] {logging_mixin.py:190} INFO - [2024-12-01T11:20:20.436+0000] {dag.py:3239} INFO - Sync 1 DAGs
[2024-12-01T11:20:20.470+0000] {logging_mixin.py:190} INFO - [2024-12-01T11:20:20.470+0000] {dag.py:4180} INFO - Setting next_dagrun for NEPSE_DAG to 2024-12-01 00:00:00+00:00, run_after=2024-12-02 00:00:00+00:00
[2024-12-01T11:20:20.496+0000] {processor.py:208} INFO - Processing /opt/airflow/dags/etl.py took 0.315 seconds
[2024-12-01T11:20:50.789+0000] {processor.py:186} INFO - Started process (PID=8381) to work on /opt/airflow/dags/etl.py
[2024-12-01T11:20:50.790+0000] {processor.py:914} INFO - Processing file /opt/airflow/dags/etl.py for tasks to queue
[2024-12-01T11:20:50.793+0000] {logging_mixin.py:190} INFO - [2024-12-01T11:20:50.793+0000] {dagbag.py:588} INFO - Filling up the DagBag from /opt/airflow/dags/etl.py
[2024-12-01T11:20:51.023+0000] {processor.py:925} INFO - DAG(s) 'NEPSE_DAG' retrieved from /opt/airflow/dags/etl.py
[2024-12-01T11:20:51.053+0000] {logging_mixin.py:190} INFO - [2024-12-01T11:20:51.052+0000] {dag.py:3239} INFO - Sync 1 DAGs
[2024-12-01T11:20:51.095+0000] {logging_mixin.py:190} INFO - [2024-12-01T11:20:51.095+0000] {dag.py:4180} INFO - Setting next_dagrun for NEPSE_DAG to 2024-12-01 00:00:00+00:00, run_after=2024-12-02 00:00:00+00:00
[2024-12-01T11:20:51.123+0000] {processor.py:208} INFO - Processing /opt/airflow/dags/etl.py took 0.343 seconds
[2024-12-01T11:21:21.710+0000] {processor.py:186} INFO - Started process (PID=8677) to work on /opt/airflow/dags/etl.py
[2024-12-01T11:21:21.712+0000] {processor.py:914} INFO - Processing file /opt/airflow/dags/etl.py for tasks to queue
[2024-12-01T11:21:21.717+0000] {logging_mixin.py:190} INFO - [2024-12-01T11:21:21.716+0000] {dagbag.py:588} INFO - Filling up the DagBag from /opt/airflow/dags/etl.py
[2024-12-01T11:21:21.892+0000] {processor.py:925} INFO - DAG(s) 'NEPSE_DAG' retrieved from /opt/airflow/dags/etl.py
[2024-12-01T11:21:21.915+0000] {logging_mixin.py:190} INFO - [2024-12-01T11:21:21.914+0000] {dag.py:3239} INFO - Sync 1 DAGs
[2024-12-01T11:21:21.946+0000] {logging_mixin.py:190} INFO - [2024-12-01T11:21:21.946+0000] {dag.py:4180} INFO - Setting next_dagrun for NEPSE_DAG to 2024-12-01 00:00:00+00:00, run_after=2024-12-02 00:00:00+00:00
[2024-12-01T11:21:21.972+0000] {processor.py:208} INFO - Processing /opt/airflow/dags/etl.py took 0.271 seconds
[2024-12-01T11:21:52.100+0000] {processor.py:186} INFO - Started process (PID=8976) to work on /opt/airflow/dags/etl.py
[2024-12-01T11:21:52.101+0000] {processor.py:914} INFO - Processing file /opt/airflow/dags/etl.py for tasks to queue
[2024-12-01T11:21:52.106+0000] {logging_mixin.py:190} INFO - [2024-12-01T11:21:52.105+0000] {dagbag.py:588} INFO - Filling up the DagBag from /opt/airflow/dags/etl.py
[2024-12-01T11:21:52.376+0000] {processor.py:925} INFO - DAG(s) 'NEPSE_DAG' retrieved from /opt/airflow/dags/etl.py
[2024-12-01T11:21:52.409+0000] {logging_mixin.py:190} INFO - [2024-12-01T11:21:52.408+0000] {dag.py:3239} INFO - Sync 1 DAGs
[2024-12-01T11:21:52.458+0000] {logging_mixin.py:190} INFO - [2024-12-01T11:21:52.458+0000] {dag.py:4180} INFO - Setting next_dagrun for NEPSE_DAG to 2024-12-01 00:00:00+00:00, run_after=2024-12-02 00:00:00+00:00
[2024-12-01T11:21:52.494+0000] {processor.py:208} INFO - Processing /opt/airflow/dags/etl.py took 0.408 seconds
[2024-12-01T11:22:22.569+0000] {processor.py:186} INFO - Started process (PID=9272) to work on /opt/airflow/dags/etl.py
[2024-12-01T11:22:22.571+0000] {processor.py:914} INFO - Processing file /opt/airflow/dags/etl.py for tasks to queue
[2024-12-01T11:22:22.574+0000] {logging_mixin.py:190} INFO - [2024-12-01T11:22:22.574+0000] {dagbag.py:588} INFO - Filling up the DagBag from /opt/airflow/dags/etl.py
[2024-12-01T11:22:22.833+0000] {processor.py:925} INFO - DAG(s) 'NEPSE_DAG' retrieved from /opt/airflow/dags/etl.py
[2024-12-01T11:22:22.875+0000] {logging_mixin.py:190} INFO - [2024-12-01T11:22:22.874+0000] {dag.py:3239} INFO - Sync 1 DAGs
[2024-12-01T11:22:22.917+0000] {logging_mixin.py:190} INFO - [2024-12-01T11:22:22.916+0000] {dag.py:4180} INFO - Setting next_dagrun for NEPSE_DAG to 2024-12-01 00:00:00+00:00, run_after=2024-12-02 00:00:00+00:00
[2024-12-01T11:22:22.950+0000] {processor.py:208} INFO - Processing /opt/airflow/dags/etl.py took 0.391 seconds
[2024-12-01T11:22:53.071+0000] {processor.py:186} INFO - Started process (PID=9553) to work on /opt/airflow/dags/etl.py
[2024-12-01T11:22:53.072+0000] {processor.py:914} INFO - Processing file /opt/airflow/dags/etl.py for tasks to queue
[2024-12-01T11:22:53.075+0000] {logging_mixin.py:190} INFO - [2024-12-01T11:22:53.075+0000] {dagbag.py:588} INFO - Filling up the DagBag from /opt/airflow/dags/etl.py
[2024-12-01T11:22:53.383+0000] {processor.py:925} INFO - DAG(s) 'NEPSE_DAG' retrieved from /opt/airflow/dags/etl.py
[2024-12-01T11:22:53.416+0000] {logging_mixin.py:190} INFO - [2024-12-01T11:22:53.415+0000] {dag.py:3239} INFO - Sync 1 DAGs
[2024-12-01T11:22:53.453+0000] {logging_mixin.py:190} INFO - [2024-12-01T11:22:53.453+0000] {dag.py:4180} INFO - Setting next_dagrun for NEPSE_DAG to 2024-12-01 00:00:00+00:00, run_after=2024-12-02 00:00:00+00:00
[2024-12-01T11:22:53.488+0000] {processor.py:208} INFO - Processing /opt/airflow/dags/etl.py took 0.424 seconds
[2024-12-01T11:23:24.173+0000] {processor.py:186} INFO - Started process (PID=9849) to work on /opt/airflow/dags/etl.py
[2024-12-01T11:23:24.180+0000] {processor.py:914} INFO - Processing file /opt/airflow/dags/etl.py for tasks to queue
[2024-12-01T11:23:23.812+0000] {logging_mixin.py:190} INFO - [2024-12-01T11:23:23.810+0000] {dagbag.py:588} INFO - Filling up the DagBag from /opt/airflow/dags/etl.py
[2024-12-01T11:23:23.253+0000] {processor.py:925} INFO - DAG(s) 'NEPSE_DAG' retrieved from /opt/airflow/dags/etl.py
[2024-12-01T11:23:23.298+0000] {logging_mixin.py:190} INFO - [2024-12-01T11:23:23.297+0000] {dag.py:3239} INFO - Sync 1 DAGs
[2024-12-01T11:23:23.332+0000] {logging_mixin.py:190} INFO - [2024-12-01T11:23:23.332+0000] {dag.py:4180} INFO - Setting next_dagrun for NEPSE_DAG to 2024-12-01 00:00:00+00:00, run_after=2024-12-02 00:00:00+00:00
[2024-12-01T11:23:23.356+0000] {processor.py:208} INFO - Processing /opt/airflow/dags/etl.py took 0.680 seconds
[2024-12-01T11:23:53.634+0000] {processor.py:186} INFO - Started process (PID=10132) to work on /opt/airflow/dags/etl.py
[2024-12-01T11:23:53.636+0000] {processor.py:914} INFO - Processing file /opt/airflow/dags/etl.py for tasks to queue
[2024-12-01T11:23:53.639+0000] {logging_mixin.py:190} INFO - [2024-12-01T11:23:53.639+0000] {dagbag.py:588} INFO - Filling up the DagBag from /opt/airflow/dags/etl.py
[2024-12-01T11:23:53.803+0000] {processor.py:925} INFO - DAG(s) 'NEPSE_DAG' retrieved from /opt/airflow/dags/etl.py
[2024-12-01T11:23:53.828+0000] {logging_mixin.py:190} INFO - [2024-12-01T11:23:53.827+0000] {dag.py:3239} INFO - Sync 1 DAGs
[2024-12-01T11:23:53.859+0000] {logging_mixin.py:190} INFO - [2024-12-01T11:23:53.858+0000] {dag.py:4180} INFO - Setting next_dagrun for NEPSE_DAG to 2024-12-01 00:00:00+00:00, run_after=2024-12-02 00:00:00+00:00
[2024-12-01T11:23:53.884+0000] {processor.py:208} INFO - Processing /opt/airflow/dags/etl.py took 0.261 seconds
[2024-12-01T11:24:24.161+0000] {processor.py:186} INFO - Started process (PID=10428) to work on /opt/airflow/dags/etl.py
[2024-12-01T11:24:24.162+0000] {processor.py:914} INFO - Processing file /opt/airflow/dags/etl.py for tasks to queue
[2024-12-01T11:24:24.165+0000] {logging_mixin.py:190} INFO - [2024-12-01T11:24:24.165+0000] {dagbag.py:588} INFO - Filling up the DagBag from /opt/airflow/dags/etl.py
[2024-12-01T11:24:24.337+0000] {processor.py:925} INFO - DAG(s) 'NEPSE_DAG' retrieved from /opt/airflow/dags/etl.py
[2024-12-01T11:24:24.364+0000] {logging_mixin.py:190} INFO - [2024-12-01T11:24:24.363+0000] {dag.py:3239} INFO - Sync 1 DAGs
[2024-12-01T11:24:24.396+0000] {logging_mixin.py:190} INFO - [2024-12-01T11:24:24.396+0000] {dag.py:4180} INFO - Setting next_dagrun for NEPSE_DAG to 2024-12-01 00:00:00+00:00, run_after=2024-12-02 00:00:00+00:00
[2024-12-01T11:24:24.421+0000] {processor.py:208} INFO - Processing /opt/airflow/dags/etl.py took 0.269 seconds
[2024-12-01T11:24:54.807+0000] {processor.py:186} INFO - Started process (PID=10724) to work on /opt/airflow/dags/etl.py
[2024-12-01T11:24:54.809+0000] {processor.py:914} INFO - Processing file /opt/airflow/dags/etl.py for tasks to queue
[2024-12-01T11:24:54.825+0000] {logging_mixin.py:190} INFO - [2024-12-01T11:24:54.824+0000] {dagbag.py:588} INFO - Filling up the DagBag from /opt/airflow/dags/etl.py
[2024-12-01T11:24:55.477+0000] {processor.py:925} INFO - DAG(s) 'NEPSE_DAG' retrieved from /opt/airflow/dags/etl.py
[2024-12-01T11:24:55.550+0000] {logging_mixin.py:190} INFO - [2024-12-01T11:24:55.549+0000] {dag.py:3239} INFO - Sync 1 DAGs
[2024-12-01T11:24:55.657+0000] {logging_mixin.py:190} INFO - [2024-12-01T11:24:55.645+0000] {dag.py:4180} INFO - Setting next_dagrun for NEPSE_DAG to 2024-12-01 00:00:00+00:00, run_after=2024-12-02 00:00:00+00:00
[2024-12-01T11:24:55.742+0000] {processor.py:208} INFO - Processing /opt/airflow/dags/etl.py took 0.967 seconds
[2024-12-01T11:25:26.463+0000] {processor.py:186} INFO - Started process (PID=11031) to work on /opt/airflow/dags/etl.py
[2024-12-01T11:25:26.464+0000] {processor.py:914} INFO - Processing file /opt/airflow/dags/etl.py for tasks to queue
[2024-12-01T11:25:26.469+0000] {logging_mixin.py:190} INFO - [2024-12-01T11:25:26.468+0000] {dagbag.py:588} INFO - Filling up the DagBag from /opt/airflow/dags/etl.py
[2024-12-01T11:25:26.662+0000] {processor.py:925} INFO - DAG(s) 'NEPSE_DAG' retrieved from /opt/airflow/dags/etl.py
[2024-12-01T11:25:26.684+0000] {logging_mixin.py:190} INFO - [2024-12-01T11:25:26.683+0000] {dag.py:3239} INFO - Sync 1 DAGs
[2024-12-01T11:25:26.714+0000] {logging_mixin.py:190} INFO - [2024-12-01T11:25:26.714+0000] {dag.py:4180} INFO - Setting next_dagrun for NEPSE_DAG to 2024-12-01 00:00:00+00:00, run_after=2024-12-02 00:00:00+00:00
[2024-12-01T11:25:26.750+0000] {processor.py:208} INFO - Processing /opt/airflow/dags/etl.py took 0.294 seconds
[2024-12-01T11:25:57.311+0000] {processor.py:186} INFO - Started process (PID=11327) to work on /opt/airflow/dags/etl.py
[2024-12-01T11:25:57.312+0000] {processor.py:914} INFO - Processing file /opt/airflow/dags/etl.py for tasks to queue
[2024-12-01T11:25:57.315+0000] {logging_mixin.py:190} INFO - [2024-12-01T11:25:57.314+0000] {dagbag.py:588} INFO - Filling up the DagBag from /opt/airflow/dags/etl.py
[2024-12-01T11:25:57.511+0000] {processor.py:925} INFO - DAG(s) 'NEPSE_DAG' retrieved from /opt/airflow/dags/etl.py
[2024-12-01T11:25:57.534+0000] {logging_mixin.py:190} INFO - [2024-12-01T11:25:57.533+0000] {dag.py:3239} INFO - Sync 1 DAGs
[2024-12-01T11:25:57.563+0000] {logging_mixin.py:190} INFO - [2024-12-01T11:25:57.563+0000] {dag.py:4180} INFO - Setting next_dagrun for NEPSE_DAG to 2024-12-01 00:00:00+00:00, run_after=2024-12-02 00:00:00+00:00
[2024-12-01T11:25:57.588+0000] {processor.py:208} INFO - Processing /opt/airflow/dags/etl.py took 0.284 seconds
[2024-12-01T11:26:27.661+0000] {processor.py:186} INFO - Started process (PID=11623) to work on /opt/airflow/dags/etl.py
[2024-12-01T11:26:27.664+0000] {processor.py:914} INFO - Processing file /opt/airflow/dags/etl.py for tasks to queue
[2024-12-01T11:26:27.670+0000] {logging_mixin.py:190} INFO - [2024-12-01T11:26:27.669+0000] {dagbag.py:588} INFO - Filling up the DagBag from /opt/airflow/dags/etl.py
[2024-12-01T11:26:27.941+0000] {processor.py:925} INFO - DAG(s) 'NEPSE_DAG' retrieved from /opt/airflow/dags/etl.py
[2024-12-01T11:26:27.970+0000] {logging_mixin.py:190} INFO - [2024-12-01T11:26:27.969+0000] {dag.py:3239} INFO - Sync 1 DAGs
[2024-12-01T11:26:28.007+0000] {logging_mixin.py:190} INFO - [2024-12-01T11:26:28.007+0000] {dag.py:4180} INFO - Setting next_dagrun for NEPSE_DAG to 2024-12-01 00:00:00+00:00, run_after=2024-12-02 00:00:00+00:00
[2024-12-01T11:26:28.065+0000] {processor.py:208} INFO - Processing /opt/airflow/dags/etl.py took 0.414 seconds
[2024-12-01T11:26:58.266+0000] {processor.py:186} INFO - Started process (PID=11914) to work on /opt/airflow/dags/etl.py
[2024-12-01T11:26:58.269+0000] {processor.py:914} INFO - Processing file /opt/airflow/dags/etl.py for tasks to queue
[2024-12-01T11:26:58.272+0000] {logging_mixin.py:190} INFO - [2024-12-01T11:26:58.272+0000] {dagbag.py:588} INFO - Filling up the DagBag from /opt/airflow/dags/etl.py
[2024-12-01T11:26:58.576+0000] {processor.py:925} INFO - DAG(s) 'NEPSE_DAG' retrieved from /opt/airflow/dags/etl.py
[2024-12-01T11:26:58.627+0000] {logging_mixin.py:190} INFO - [2024-12-01T11:26:58.624+0000] {dag.py:3239} INFO - Sync 1 DAGs
[2024-12-01T11:26:58.684+0000] {logging_mixin.py:190} INFO - [2024-12-01T11:26:58.684+0000] {dag.py:4180} INFO - Setting next_dagrun for NEPSE_DAG to 2024-12-01 00:00:00+00:00, run_after=2024-12-02 00:00:00+00:00
[2024-12-01T11:26:58.718+0000] {processor.py:208} INFO - Processing /opt/airflow/dags/etl.py took 0.459 seconds
[2024-12-01T11:27:29.664+0000] {processor.py:186} INFO - Started process (PID=12218) to work on /opt/airflow/dags/etl.py
[2024-12-01T11:27:29.669+0000] {processor.py:914} INFO - Processing file /opt/airflow/dags/etl.py for tasks to queue
[2024-12-01T11:27:29.672+0000] {logging_mixin.py:190} INFO - [2024-12-01T11:27:29.672+0000] {dagbag.py:588} INFO - Filling up the DagBag from /opt/airflow/dags/etl.py
[2024-12-01T11:27:29.891+0000] {processor.py:925} INFO - DAG(s) 'NEPSE_DAG' retrieved from /opt/airflow/dags/etl.py
[2024-12-01T11:27:29.917+0000] {logging_mixin.py:190} INFO - [2024-12-01T11:27:29.916+0000] {dag.py:3239} INFO - Sync 1 DAGs
[2024-12-01T11:27:30.316+0000] {logging_mixin.py:190} INFO - [2024-12-01T11:27:30.315+0000] {dag.py:4180} INFO - Setting next_dagrun for NEPSE_DAG to 2024-12-01 00:00:00+00:00, run_after=2024-12-02 00:00:00+00:00
[2024-12-01T11:27:30.346+0000] {processor.py:208} INFO - Processing /opt/airflow/dags/etl.py took 0.690 seconds
[2024-12-01T11:28:01.181+0000] {processor.py:186} INFO - Started process (PID=12519) to work on /opt/airflow/dags/etl.py
[2024-12-01T11:28:01.183+0000] {processor.py:914} INFO - Processing file /opt/airflow/dags/etl.py for tasks to queue
[2024-12-01T11:28:01.187+0000] {logging_mixin.py:190} INFO - [2024-12-01T11:28:01.186+0000] {dagbag.py:588} INFO - Filling up the DagBag from /opt/airflow/dags/etl.py
[2024-12-01T11:28:01.418+0000] {processor.py:925} INFO - DAG(s) 'NEPSE_DAG' retrieved from /opt/airflow/dags/etl.py
[2024-12-01T11:28:01.449+0000] {logging_mixin.py:190} INFO - [2024-12-01T11:28:01.448+0000] {dag.py:3239} INFO - Sync 1 DAGs
[2024-12-01T11:28:01.695+0000] {logging_mixin.py:190} INFO - [2024-12-01T11:28:01.695+0000] {dag.py:4180} INFO - Setting next_dagrun for NEPSE_DAG to 2024-12-01 00:00:00+00:00, run_after=2024-12-02 00:00:00+00:00
[2024-12-01T11:28:01.720+0000] {processor.py:208} INFO - Processing /opt/airflow/dags/etl.py took 0.546 seconds
[2024-12-01T11:28:32.346+0000] {processor.py:186} INFO - Started process (PID=12821) to work on /opt/airflow/dags/etl.py
[2024-12-01T11:28:32.349+0000] {processor.py:914} INFO - Processing file /opt/airflow/dags/etl.py for tasks to queue
[2024-12-01T11:28:32.356+0000] {logging_mixin.py:190} INFO - [2024-12-01T11:28:32.356+0000] {dagbag.py:588} INFO - Filling up the DagBag from /opt/airflow/dags/etl.py
[2024-12-01T11:28:32.611+0000] {processor.py:925} INFO - DAG(s) 'NEPSE_DAG' retrieved from /opt/airflow/dags/etl.py
[2024-12-01T11:28:32.638+0000] {logging_mixin.py:190} INFO - [2024-12-01T11:28:32.637+0000] {dag.py:3239} INFO - Sync 1 DAGs
[2024-12-01T11:28:32.668+0000] {logging_mixin.py:190} INFO - [2024-12-01T11:28:32.668+0000] {dag.py:4180} INFO - Setting next_dagrun for NEPSE_DAG to 2024-12-01 00:00:00+00:00, run_after=2024-12-02 00:00:00+00:00
[2024-12-01T11:28:32.691+0000] {processor.py:208} INFO - Processing /opt/airflow/dags/etl.py took 0.362 seconds
[2024-12-01T11:29:02.861+0000] {processor.py:186} INFO - Started process (PID=13117) to work on /opt/airflow/dags/etl.py
[2024-12-01T11:29:02.862+0000] {processor.py:914} INFO - Processing file /opt/airflow/dags/etl.py for tasks to queue
[2024-12-01T11:29:02.866+0000] {logging_mixin.py:190} INFO - [2024-12-01T11:29:02.866+0000] {dagbag.py:588} INFO - Filling up the DagBag from /opt/airflow/dags/etl.py
[2024-12-01T11:29:03.045+0000] {processor.py:925} INFO - DAG(s) 'NEPSE_DAG' retrieved from /opt/airflow/dags/etl.py
[2024-12-01T11:29:03.069+0000] {logging_mixin.py:190} INFO - [2024-12-01T11:29:03.069+0000] {dag.py:3239} INFO - Sync 1 DAGs
[2024-12-01T11:29:03.102+0000] {logging_mixin.py:190} INFO - [2024-12-01T11:29:03.101+0000] {dag.py:4180} INFO - Setting next_dagrun for NEPSE_DAG to 2024-12-01 00:00:00+00:00, run_after=2024-12-02 00:00:00+00:00
[2024-12-01T11:29:03.131+0000] {processor.py:208} INFO - Processing /opt/airflow/dags/etl.py took 0.279 seconds
[2024-12-01T11:29:33.377+0000] {processor.py:186} INFO - Started process (PID=13413) to work on /opt/airflow/dags/etl.py
[2024-12-01T11:29:33.378+0000] {processor.py:914} INFO - Processing file /opt/airflow/dags/etl.py for tasks to queue
[2024-12-01T11:29:33.382+0000] {logging_mixin.py:190} INFO - [2024-12-01T11:29:33.382+0000] {dagbag.py:588} INFO - Filling up the DagBag from /opt/airflow/dags/etl.py
[2024-12-01T11:29:33.758+0000] {processor.py:925} INFO - DAG(s) 'NEPSE_DAG' retrieved from /opt/airflow/dags/etl.py
[2024-12-01T11:29:33.778+0000] {logging_mixin.py:190} INFO - [2024-12-01T11:29:33.778+0000] {dag.py:3239} INFO - Sync 1 DAGs
[2024-12-01T11:29:33.802+0000] {logging_mixin.py:190} INFO - [2024-12-01T11:29:33.802+0000] {dag.py:4180} INFO - Setting next_dagrun for NEPSE_DAG to 2024-12-01 00:00:00+00:00, run_after=2024-12-02 00:00:00+00:00
[2024-12-01T11:29:33.824+0000] {processor.py:208} INFO - Processing /opt/airflow/dags/etl.py took 0.453 seconds
[2024-12-01T11:30:04.475+0000] {processor.py:186} INFO - Started process (PID=13709) to work on /opt/airflow/dags/etl.py
[2024-12-01T11:30:04.477+0000] {processor.py:914} INFO - Processing file /opt/airflow/dags/etl.py for tasks to queue
[2024-12-01T11:30:04.481+0000] {logging_mixin.py:190} INFO - [2024-12-01T11:30:04.480+0000] {dagbag.py:588} INFO - Filling up the DagBag from /opt/airflow/dags/etl.py
[2024-12-01T11:30:04.669+0000] {processor.py:925} INFO - DAG(s) 'NEPSE_DAG' retrieved from /opt/airflow/dags/etl.py
[2024-12-01T11:30:04.988+0000] {logging_mixin.py:190} INFO - [2024-12-01T11:30:04.987+0000] {dag.py:3239} INFO - Sync 1 DAGs
[2024-12-01T11:30:05.021+0000] {logging_mixin.py:190} INFO - [2024-12-01T11:30:05.021+0000] {dag.py:4180} INFO - Setting next_dagrun for NEPSE_DAG to 2024-12-01 00:00:00+00:00, run_after=2024-12-02 00:00:00+00:00
[2024-12-01T11:30:05.045+0000] {processor.py:208} INFO - Processing /opt/airflow/dags/etl.py took 0.584 seconds
[2024-12-01T11:30:35.172+0000] {processor.py:186} INFO - Started process (PID=14008) to work on /opt/airflow/dags/etl.py
[2024-12-01T11:30:35.175+0000] {processor.py:914} INFO - Processing file /opt/airflow/dags/etl.py for tasks to queue
[2024-12-01T11:30:35.179+0000] {logging_mixin.py:190} INFO - [2024-12-01T11:30:35.178+0000] {dagbag.py:588} INFO - Filling up the DagBag from /opt/airflow/dags/etl.py
[2024-12-01T11:30:35.487+0000] {processor.py:925} INFO - DAG(s) 'NEPSE_DAG' retrieved from /opt/airflow/dags/etl.py
[2024-12-01T11:30:35.521+0000] {logging_mixin.py:190} INFO - [2024-12-01T11:30:35.520+0000] {dag.py:3239} INFO - Sync 1 DAGs
[2024-12-01T11:30:35.794+0000] {logging_mixin.py:190} INFO - [2024-12-01T11:30:35.794+0000] {dag.py:4180} INFO - Setting next_dagrun for NEPSE_DAG to 2024-12-01 00:00:00+00:00, run_after=2024-12-02 00:00:00+00:00
[2024-12-01T11:30:35.818+0000] {processor.py:208} INFO - Processing /opt/airflow/dags/etl.py took 0.657 seconds
[2024-12-01T11:31:06.557+0000] {processor.py:186} INFO - Started process (PID=14302) to work on /opt/airflow/dags/etl.py
[2024-12-01T11:31:06.567+0000] {processor.py:914} INFO - Processing file /opt/airflow/dags/etl.py for tasks to queue
[2024-12-01T11:31:06.590+0000] {logging_mixin.py:190} INFO - [2024-12-01T11:31:06.589+0000] {dagbag.py:588} INFO - Filling up the DagBag from /opt/airflow/dags/etl.py
[2024-12-01T11:31:07.064+0000] {processor.py:925} INFO - DAG(s) 'NEPSE_DAG' retrieved from /opt/airflow/dags/etl.py
[2024-12-01T11:31:07.114+0000] {logging_mixin.py:190} INFO - [2024-12-01T11:31:07.114+0000] {dag.py:3239} INFO - Sync 1 DAGs
[2024-12-01T11:31:07.259+0000] {logging_mixin.py:190} INFO - [2024-12-01T11:31:07.258+0000] {dag.py:4180} INFO - Setting next_dagrun for NEPSE_DAG to 2024-12-01 00:00:00+00:00, run_after=2024-12-02 00:00:00+00:00
[2024-12-01T11:31:08.090+0000] {processor.py:208} INFO - Processing /opt/airflow/dags/etl.py took 1.616 seconds
[2024-12-01T11:31:38.351+0000] {processor.py:186} INFO - Started process (PID=14610) to work on /opt/airflow/dags/etl.py
[2024-12-01T11:31:38.352+0000] {processor.py:914} INFO - Processing file /opt/airflow/dags/etl.py for tasks to queue
[2024-12-01T11:31:38.357+0000] {logging_mixin.py:190} INFO - [2024-12-01T11:31:38.356+0000] {dagbag.py:588} INFO - Filling up the DagBag from /opt/airflow/dags/etl.py
[2024-12-01T11:31:39.102+0000] {processor.py:925} INFO - DAG(s) 'NEPSE_DAG' retrieved from /opt/airflow/dags/etl.py
[2024-12-01T11:31:39.148+0000] {logging_mixin.py:190} INFO - [2024-12-01T11:31:39.146+0000] {dag.py:3239} INFO - Sync 1 DAGs
[2024-12-01T11:31:39.211+0000] {logging_mixin.py:190} INFO - [2024-12-01T11:31:39.210+0000] {dag.py:4180} INFO - Setting next_dagrun for NEPSE_DAG to 2024-12-01 00:00:00+00:00, run_after=2024-12-02 00:00:00+00:00
[2024-12-01T11:31:39.273+0000] {processor.py:208} INFO - Processing /opt/airflow/dags/etl.py took 0.933 seconds
[2024-12-01T11:32:09.477+0000] {processor.py:186} INFO - Started process (PID=14908) to work on /opt/airflow/dags/etl.py
[2024-12-01T11:32:09.480+0000] {processor.py:914} INFO - Processing file /opt/airflow/dags/etl.py for tasks to queue
[2024-12-01T11:32:09.485+0000] {logging_mixin.py:190} INFO - [2024-12-01T11:32:09.484+0000] {dagbag.py:588} INFO - Filling up the DagBag from /opt/airflow/dags/etl.py
[2024-12-01T11:32:09.992+0000] {processor.py:925} INFO - DAG(s) 'NEPSE_DAG' retrieved from /opt/airflow/dags/etl.py
[2024-12-01T11:32:10.019+0000] {logging_mixin.py:190} INFO - [2024-12-01T11:32:10.018+0000] {dag.py:3239} INFO - Sync 1 DAGs
[2024-12-01T11:32:10.053+0000] {logging_mixin.py:190} INFO - [2024-12-01T11:32:10.052+0000] {dag.py:4180} INFO - Setting next_dagrun for NEPSE_DAG to 2024-12-01 00:00:00+00:00, run_after=2024-12-02 00:00:00+00:00
[2024-12-01T11:32:10.085+0000] {processor.py:208} INFO - Processing /opt/airflow/dags/etl.py took 0.625 seconds
[2024-12-01T11:32:40.203+0000] {processor.py:186} INFO - Started process (PID=15207) to work on /opt/airflow/dags/etl.py
[2024-12-01T11:32:40.204+0000] {processor.py:914} INFO - Processing file /opt/airflow/dags/etl.py for tasks to queue
[2024-12-01T11:32:40.208+0000] {logging_mixin.py:190} INFO - [2024-12-01T11:32:40.208+0000] {dagbag.py:588} INFO - Filling up the DagBag from /opt/airflow/dags/etl.py
[2024-12-01T11:32:40.747+0000] {processor.py:925} INFO - DAG(s) 'NEPSE_DAG' retrieved from /opt/airflow/dags/etl.py
[2024-12-01T11:32:40.770+0000] {logging_mixin.py:190} INFO - [2024-12-01T11:32:40.769+0000] {dag.py:3239} INFO - Sync 1 DAGs
[2024-12-01T11:32:40.796+0000] {logging_mixin.py:190} INFO - [2024-12-01T11:32:40.796+0000] {dag.py:4180} INFO - Setting next_dagrun for NEPSE_DAG to 2024-12-01 00:00:00+00:00, run_after=2024-12-02 00:00:00+00:00
[2024-12-01T11:32:40.822+0000] {processor.py:208} INFO - Processing /opt/airflow/dags/etl.py took 0.627 seconds
[2024-12-01T11:33:10.889+0000] {processor.py:186} INFO - Started process (PID=15495) to work on /opt/airflow/dags/etl.py
[2024-12-01T11:33:10.890+0000] {processor.py:914} INFO - Processing file /opt/airflow/dags/etl.py for tasks to queue
[2024-12-01T11:33:10.894+0000] {logging_mixin.py:190} INFO - [2024-12-01T11:33:10.893+0000] {dagbag.py:588} INFO - Filling up the DagBag from /opt/airflow/dags/etl.py
[2024-12-01T11:33:11.085+0000] {processor.py:925} INFO - DAG(s) 'NEPSE_DAG' retrieved from /opt/airflow/dags/etl.py
[2024-12-01T11:33:11.110+0000] {logging_mixin.py:190} INFO - [2024-12-01T11:33:11.109+0000] {dag.py:3239} INFO - Sync 1 DAGs
[2024-12-01T11:33:11.140+0000] {logging_mixin.py:190} INFO - [2024-12-01T11:33:11.139+0000] {dag.py:4180} INFO - Setting next_dagrun for NEPSE_DAG to 2024-12-01 00:00:00+00:00, run_after=2024-12-02 00:00:00+00:00
[2024-12-01T11:33:11.165+0000] {processor.py:208} INFO - Processing /opt/airflow/dags/etl.py took 0.283 seconds
[2024-12-01T11:33:41.843+0000] {processor.py:186} INFO - Started process (PID=15794) to work on /opt/airflow/dags/etl.py
[2024-12-01T11:33:41.844+0000] {processor.py:914} INFO - Processing file /opt/airflow/dags/etl.py for tasks to queue
[2024-12-01T11:33:41.848+0000] {logging_mixin.py:190} INFO - [2024-12-01T11:33:41.847+0000] {dagbag.py:588} INFO - Filling up the DagBag from /opt/airflow/dags/etl.py
[2024-12-01T11:33:42.034+0000] {processor.py:925} INFO - DAG(s) 'NEPSE_DAG' retrieved from /opt/airflow/dags/etl.py
[2024-12-01T11:33:42.059+0000] {logging_mixin.py:190} INFO - [2024-12-01T11:33:42.058+0000] {dag.py:3239} INFO - Sync 1 DAGs
[2024-12-01T11:33:42.110+0000] {logging_mixin.py:190} INFO - [2024-12-01T11:33:42.109+0000] {dag.py:4180} INFO - Setting next_dagrun for NEPSE_DAG to 2024-12-01 00:00:00+00:00, run_after=2024-12-02 00:00:00+00:00
[2024-12-01T11:33:42.144+0000] {processor.py:208} INFO - Processing /opt/airflow/dags/etl.py took 0.312 seconds
[2024-12-01T11:34:12.671+0000] {processor.py:186} INFO - Started process (PID=16090) to work on /opt/airflow/dags/etl.py
[2024-12-01T11:34:12.673+0000] {processor.py:914} INFO - Processing file /opt/airflow/dags/etl.py for tasks to queue
[2024-12-01T11:34:12.678+0000] {logging_mixin.py:190} INFO - [2024-12-01T11:34:12.677+0000] {dagbag.py:588} INFO - Filling up the DagBag from /opt/airflow/dags/etl.py
[2024-12-01T11:34:12.884+0000] {processor.py:925} INFO - DAG(s) 'NEPSE_DAG' retrieved from /opt/airflow/dags/etl.py
[2024-12-01T11:34:12.912+0000] {logging_mixin.py:190} INFO - [2024-12-01T11:34:12.911+0000] {dag.py:3239} INFO - Sync 1 DAGs
[2024-12-01T11:34:12.944+0000] {logging_mixin.py:190} INFO - [2024-12-01T11:34:12.944+0000] {dag.py:4180} INFO - Setting next_dagrun for NEPSE_DAG to 2024-12-01 00:00:00+00:00, run_after=2024-12-02 00:00:00+00:00
[2024-12-01T11:34:12.972+0000] {processor.py:208} INFO - Processing /opt/airflow/dags/etl.py took 0.313 seconds
[2024-12-01T11:34:43.316+0000] {processor.py:186} INFO - Started process (PID=16392) to work on /opt/airflow/dags/etl.py
[2024-12-01T11:34:43.317+0000] {processor.py:914} INFO - Processing file /opt/airflow/dags/etl.py for tasks to queue
[2024-12-01T11:34:43.321+0000] {logging_mixin.py:190} INFO - [2024-12-01T11:34:43.320+0000] {dagbag.py:588} INFO - Filling up the DagBag from /opt/airflow/dags/etl.py
[2024-12-01T11:34:43.546+0000] {processor.py:925} INFO - DAG(s) 'NEPSE_DAG' retrieved from /opt/airflow/dags/etl.py
[2024-12-01T11:34:43.575+0000] {logging_mixin.py:190} INFO - [2024-12-01T11:34:43.574+0000] {dag.py:3239} INFO - Sync 1 DAGs
[2024-12-01T11:34:43.612+0000] {logging_mixin.py:190} INFO - [2024-12-01T11:34:43.612+0000] {dag.py:4180} INFO - Setting next_dagrun for NEPSE_DAG to 2024-12-01 00:00:00+00:00, run_after=2024-12-02 00:00:00+00:00
[2024-12-01T11:34:43.642+0000] {processor.py:208} INFO - Processing /opt/airflow/dags/etl.py took 0.336 seconds
[2024-12-01T11:35:13.784+0000] {processor.py:186} INFO - Started process (PID=16688) to work on /opt/airflow/dags/etl.py
[2024-12-01T11:35:13.785+0000] {processor.py:914} INFO - Processing file /opt/airflow/dags/etl.py for tasks to queue
[2024-12-01T11:35:13.789+0000] {logging_mixin.py:190} INFO - [2024-12-01T11:35:13.788+0000] {dagbag.py:588} INFO - Filling up the DagBag from /opt/airflow/dags/etl.py
[2024-12-01T11:35:13.984+0000] {processor.py:925} INFO - DAG(s) 'NEPSE_DAG' retrieved from /opt/airflow/dags/etl.py
[2024-12-01T11:35:14.012+0000] {logging_mixin.py:190} INFO - [2024-12-01T11:35:14.011+0000] {dag.py:3239} INFO - Sync 1 DAGs
[2024-12-01T11:35:14.046+0000] {logging_mixin.py:190} INFO - [2024-12-01T11:35:14.046+0000] {dag.py:4180} INFO - Setting next_dagrun for NEPSE_DAG to 2024-12-01 00:00:00+00:00, run_after=2024-12-02 00:00:00+00:00
[2024-12-01T11:35:14.069+0000] {processor.py:208} INFO - Processing /opt/airflow/dags/etl.py took 0.292 seconds
[2024-12-01T11:35:44.201+0000] {processor.py:186} INFO - Started process (PID=16989) to work on /opt/airflow/dags/etl.py
[2024-12-01T11:35:44.202+0000] {processor.py:914} INFO - Processing file /opt/airflow/dags/etl.py for tasks to queue
[2024-12-01T11:35:44.205+0000] {logging_mixin.py:190} INFO - [2024-12-01T11:35:44.204+0000] {dagbag.py:588} INFO - Filling up the DagBag from /opt/airflow/dags/etl.py
[2024-12-01T11:35:44.371+0000] {processor.py:925} INFO - DAG(s) 'NEPSE_DAG' retrieved from /opt/airflow/dags/etl.py
[2024-12-01T11:35:44.394+0000] {logging_mixin.py:190} INFO - [2024-12-01T11:35:44.394+0000] {dag.py:3239} INFO - Sync 1 DAGs
[2024-12-01T11:35:44.422+0000] {logging_mixin.py:190} INFO - [2024-12-01T11:35:44.422+0000] {dag.py:4180} INFO - Setting next_dagrun for NEPSE_DAG to 2024-12-01 00:00:00+00:00, run_after=2024-12-02 00:00:00+00:00
[2024-12-01T11:35:44.449+0000] {processor.py:208} INFO - Processing /opt/airflow/dags/etl.py took 0.255 seconds
[2024-12-01T11:36:14.647+0000] {processor.py:186} INFO - Started process (PID=17285) to work on /opt/airflow/dags/etl.py
[2024-12-01T11:36:14.649+0000] {processor.py:914} INFO - Processing file /opt/airflow/dags/etl.py for tasks to queue
[2024-12-01T11:36:14.655+0000] {logging_mixin.py:190} INFO - [2024-12-01T11:36:14.655+0000] {dagbag.py:588} INFO - Filling up the DagBag from /opt/airflow/dags/etl.py
[2024-12-01T11:36:15.087+0000] {processor.py:925} INFO - DAG(s) 'NEPSE_DAG' retrieved from /opt/airflow/dags/etl.py
[2024-12-01T11:36:15.157+0000] {logging_mixin.py:190} INFO - [2024-12-01T11:36:15.156+0000] {dag.py:3239} INFO - Sync 1 DAGs
[2024-12-01T11:36:15.239+0000] {logging_mixin.py:190} INFO - [2024-12-01T11:36:15.238+0000] {dag.py:4180} INFO - Setting next_dagrun for NEPSE_DAG to 2024-12-01 00:00:00+00:00, run_after=2024-12-02 00:00:00+00:00
[2024-12-01T11:36:15.276+0000] {processor.py:208} INFO - Processing /opt/airflow/dags/etl.py took 0.636 seconds
[2024-12-01T11:36:45.855+0000] {processor.py:186} INFO - Started process (PID=17581) to work on /opt/airflow/dags/etl.py
[2024-12-01T11:36:45.856+0000] {processor.py:914} INFO - Processing file /opt/airflow/dags/etl.py for tasks to queue
[2024-12-01T11:36:45.859+0000] {logging_mixin.py:190} INFO - [2024-12-01T11:36:45.859+0000] {dagbag.py:588} INFO - Filling up the DagBag from /opt/airflow/dags/etl.py
[2024-12-01T11:36:46.037+0000] {processor.py:925} INFO - DAG(s) 'NEPSE_DAG' retrieved from /opt/airflow/dags/etl.py
[2024-12-01T11:36:46.058+0000] {logging_mixin.py:190} INFO - [2024-12-01T11:36:46.058+0000] {dag.py:3239} INFO - Sync 1 DAGs
[2024-12-01T11:36:46.089+0000] {logging_mixin.py:190} INFO - [2024-12-01T11:36:46.089+0000] {dag.py:4180} INFO - Setting next_dagrun for NEPSE_DAG to 2024-12-01 00:00:00+00:00, run_after=2024-12-02 00:00:00+00:00
[2024-12-01T11:36:46.122+0000] {processor.py:208} INFO - Processing /opt/airflow/dags/etl.py took 0.274 seconds
[2024-12-01T11:37:16.555+0000] {processor.py:186} INFO - Started process (PID=17877) to work on /opt/airflow/dags/etl.py
[2024-12-01T11:37:16.556+0000] {processor.py:914} INFO - Processing file /opt/airflow/dags/etl.py for tasks to queue
[2024-12-01T11:37:16.559+0000] {logging_mixin.py:190} INFO - [2024-12-01T11:37:16.559+0000] {dagbag.py:588} INFO - Filling up the DagBag from /opt/airflow/dags/etl.py
[2024-12-01T11:37:16.724+0000] {processor.py:925} INFO - DAG(s) 'NEPSE_DAG' retrieved from /opt/airflow/dags/etl.py
[2024-12-01T11:37:16.744+0000] {logging_mixin.py:190} INFO - [2024-12-01T11:37:16.744+0000] {dag.py:3239} INFO - Sync 1 DAGs
[2024-12-01T11:37:16.771+0000] {logging_mixin.py:190} INFO - [2024-12-01T11:37:16.771+0000] {dag.py:4180} INFO - Setting next_dagrun for NEPSE_DAG to 2024-12-01 00:00:00+00:00, run_after=2024-12-02 00:00:00+00:00
[2024-12-01T11:37:16.796+0000] {processor.py:208} INFO - Processing /opt/airflow/dags/etl.py took 0.248 seconds
[2024-12-01T11:37:47.004+0000] {processor.py:186} INFO - Started process (PID=18178) to work on /opt/airflow/dags/etl.py
[2024-12-01T11:37:47.006+0000] {processor.py:914} INFO - Processing file /opt/airflow/dags/etl.py for tasks to queue
[2024-12-01T11:37:47.010+0000] {logging_mixin.py:190} INFO - [2024-12-01T11:37:47.009+0000] {dagbag.py:588} INFO - Filling up the DagBag from /opt/airflow/dags/etl.py
[2024-12-01T11:37:47.171+0000] {processor.py:925} INFO - DAG(s) 'NEPSE_DAG' retrieved from /opt/airflow/dags/etl.py
[2024-12-01T11:37:47.192+0000] {logging_mixin.py:190} INFO - [2024-12-01T11:37:47.191+0000] {dag.py:3239} INFO - Sync 1 DAGs
[2024-12-01T11:37:47.220+0000] {logging_mixin.py:190} INFO - [2024-12-01T11:37:47.220+0000] {dag.py:4180} INFO - Setting next_dagrun for NEPSE_DAG to 2024-12-01 00:00:00+00:00, run_after=2024-12-02 00:00:00+00:00
[2024-12-01T11:37:47.251+0000] {processor.py:208} INFO - Processing /opt/airflow/dags/etl.py took 0.258 seconds
[2024-12-01T11:38:17.417+0000] {processor.py:186} INFO - Started process (PID=18475) to work on /opt/airflow/dags/etl.py
[2024-12-01T11:38:17.419+0000] {processor.py:914} INFO - Processing file /opt/airflow/dags/etl.py for tasks to queue
[2024-12-01T11:38:17.421+0000] {logging_mixin.py:190} INFO - [2024-12-01T11:38:17.421+0000] {dagbag.py:588} INFO - Filling up the DagBag from /opt/airflow/dags/etl.py
[2024-12-01T11:38:17.638+0000] {processor.py:925} INFO - DAG(s) 'NEPSE_DAG' retrieved from /opt/airflow/dags/etl.py
[2024-12-01T11:38:17.661+0000] {logging_mixin.py:190} INFO - [2024-12-01T11:38:17.660+0000] {dag.py:3239} INFO - Sync 1 DAGs
[2024-12-01T11:38:17.689+0000] {logging_mixin.py:190} INFO - [2024-12-01T11:38:17.689+0000] {dag.py:4180} INFO - Setting next_dagrun for NEPSE_DAG to 2024-12-01 00:00:00+00:00, run_after=2024-12-02 00:00:00+00:00
[2024-12-01T11:38:17.722+0000] {processor.py:208} INFO - Processing /opt/airflow/dags/etl.py took 0.312 seconds
[2024-12-01T11:38:47.872+0000] {processor.py:186} INFO - Started process (PID=18774) to work on /opt/airflow/dags/etl.py
[2024-12-01T11:38:47.873+0000] {processor.py:914} INFO - Processing file /opt/airflow/dags/etl.py for tasks to queue
[2024-12-01T11:38:47.877+0000] {logging_mixin.py:190} INFO - [2024-12-01T11:38:47.877+0000] {dagbag.py:588} INFO - Filling up the DagBag from /opt/airflow/dags/etl.py
[2024-12-01T11:38:48.138+0000] {processor.py:925} INFO - DAG(s) 'NEPSE_DAG' retrieved from /opt/airflow/dags/etl.py
[2024-12-01T11:38:48.178+0000] {logging_mixin.py:190} INFO - [2024-12-01T11:38:48.176+0000] {dag.py:3239} INFO - Sync 1 DAGs
[2024-12-01T11:38:48.221+0000] {logging_mixin.py:190} INFO - [2024-12-01T11:38:48.221+0000] {dag.py:4180} INFO - Setting next_dagrun for NEPSE_DAG to 2024-12-01 00:00:00+00:00, run_after=2024-12-02 00:00:00+00:00
[2024-12-01T11:38:48.260+0000] {processor.py:208} INFO - Processing /opt/airflow/dags/etl.py took 0.398 seconds
[2024-12-01T11:39:18.838+0000] {processor.py:186} INFO - Started process (PID=19070) to work on /opt/airflow/dags/etl.py
[2024-12-01T11:39:18.839+0000] {processor.py:914} INFO - Processing file /opt/airflow/dags/etl.py for tasks to queue
[2024-12-01T11:39:18.843+0000] {logging_mixin.py:190} INFO - [2024-12-01T11:39:18.842+0000] {dagbag.py:588} INFO - Filling up the DagBag from /opt/airflow/dags/etl.py
[2024-12-01T11:39:19.175+0000] {processor.py:925} INFO - DAG(s) 'NEPSE_DAG' retrieved from /opt/airflow/dags/etl.py
[2024-12-01T11:39:19.689+0000] {logging_mixin.py:190} INFO - [2024-12-01T11:39:19.687+0000] {dag.py:3239} INFO - Sync 1 DAGs
[2024-12-01T11:39:19.840+0000] {logging_mixin.py:190} INFO - [2024-12-01T11:39:19.839+0000] {dag.py:4180} INFO - Setting next_dagrun for NEPSE_DAG to 2024-12-01 00:00:00+00:00, run_after=2024-12-02 00:00:00+00:00
[2024-12-01T11:39:19.974+0000] {processor.py:208} INFO - Processing /opt/airflow/dags/etl.py took 1.146 seconds
[2024-12-01T11:39:50.341+0000] {processor.py:186} INFO - Started process (PID=19366) to work on /opt/airflow/dags/etl.py
[2024-12-01T11:39:50.342+0000] {processor.py:914} INFO - Processing file /opt/airflow/dags/etl.py for tasks to queue
[2024-12-01T11:39:50.345+0000] {logging_mixin.py:190} INFO - [2024-12-01T11:39:50.345+0000] {dagbag.py:588} INFO - Filling up the DagBag from /opt/airflow/dags/etl.py
[2024-12-01T11:39:50.534+0000] {processor.py:925} INFO - DAG(s) 'NEPSE_DAG' retrieved from /opt/airflow/dags/etl.py
[2024-12-01T11:39:50.555+0000] {logging_mixin.py:190} INFO - [2024-12-01T11:39:50.554+0000] {dag.py:3239} INFO - Sync 1 DAGs
[2024-12-01T11:39:50.584+0000] {logging_mixin.py:190} INFO - [2024-12-01T11:39:50.584+0000] {dag.py:4180} INFO - Setting next_dagrun for NEPSE_DAG to 2024-12-01 00:00:00+00:00, run_after=2024-12-02 00:00:00+00:00
[2024-12-01T11:39:50.615+0000] {processor.py:208} INFO - Processing /opt/airflow/dags/etl.py took 0.283 seconds
[2024-12-01T11:40:20.807+0000] {processor.py:186} INFO - Started process (PID=19673) to work on /opt/airflow/dags/etl.py
[2024-12-01T11:40:20.808+0000] {processor.py:914} INFO - Processing file /opt/airflow/dags/etl.py for tasks to queue
[2024-12-01T11:40:20.810+0000] {logging_mixin.py:190} INFO - [2024-12-01T11:40:20.810+0000] {dagbag.py:588} INFO - Filling up the DagBag from /opt/airflow/dags/etl.py
[2024-12-01T11:40:21.188+0000] {processor.py:925} INFO - DAG(s) 'NEPSE_DAG' retrieved from /opt/airflow/dags/etl.py
[2024-12-01T11:40:21.235+0000] {logging_mixin.py:190} INFO - [2024-12-01T11:40:21.235+0000] {dag.py:3239} INFO - Sync 1 DAGs
[2024-12-01T11:40:21.360+0000] {logging_mixin.py:190} INFO - [2024-12-01T11:40:21.358+0000] {dag.py:4180} INFO - Setting next_dagrun for NEPSE_DAG to 2024-12-01 00:00:00+00:00, run_after=2024-12-02 00:00:00+00:00
[2024-12-01T11:40:21.410+0000] {processor.py:208} INFO - Processing /opt/airflow/dags/etl.py took 0.610 seconds
[2024-12-01T11:40:51.851+0000] {processor.py:186} INFO - Started process (PID=19969) to work on /opt/airflow/dags/etl.py
[2024-12-01T11:40:51.852+0000] {processor.py:914} INFO - Processing file /opt/airflow/dags/etl.py for tasks to queue
[2024-12-01T11:40:51.855+0000] {logging_mixin.py:190} INFO - [2024-12-01T11:40:51.855+0000] {dagbag.py:588} INFO - Filling up the DagBag from /opt/airflow/dags/etl.py
[2024-12-01T11:40:52.015+0000] {processor.py:925} INFO - DAG(s) 'NEPSE_DAG' retrieved from /opt/airflow/dags/etl.py
[2024-12-01T11:40:52.037+0000] {logging_mixin.py:190} INFO - [2024-12-01T11:40:52.037+0000] {dag.py:3239} INFO - Sync 1 DAGs
[2024-12-01T11:40:52.068+0000] {logging_mixin.py:190} INFO - [2024-12-01T11:40:52.068+0000] {dag.py:4180} INFO - Setting next_dagrun for NEPSE_DAG to 2024-12-01 00:00:00+00:00, run_after=2024-12-02 00:00:00+00:00
[2024-12-01T11:40:52.108+0000] {processor.py:208} INFO - Processing /opt/airflow/dags/etl.py took 0.264 seconds
[2024-12-01T11:41:22.511+0000] {processor.py:186} INFO - Started process (PID=20265) to work on /opt/airflow/dags/etl.py
[2024-12-01T11:41:22.513+0000] {processor.py:914} INFO - Processing file /opt/airflow/dags/etl.py for tasks to queue
[2024-12-01T11:41:22.516+0000] {logging_mixin.py:190} INFO - [2024-12-01T11:41:22.516+0000] {dagbag.py:588} INFO - Filling up the DagBag from /opt/airflow/dags/etl.py
[2024-12-01T11:41:22.694+0000] {processor.py:925} INFO - DAG(s) 'NEPSE_DAG' retrieved from /opt/airflow/dags/etl.py
[2024-12-01T11:41:22.716+0000] {logging_mixin.py:190} INFO - [2024-12-01T11:41:22.715+0000] {dag.py:3239} INFO - Sync 1 DAGs
[2024-12-01T11:41:22.743+0000] {logging_mixin.py:190} INFO - [2024-12-01T11:41:22.743+0000] {dag.py:4180} INFO - Setting next_dagrun for NEPSE_DAG to 2024-12-01 00:00:00+00:00, run_after=2024-12-02 00:00:00+00:00
[2024-12-01T11:41:22.771+0000] {processor.py:208} INFO - Processing /opt/airflow/dags/etl.py took 0.267 seconds
[2024-12-01T11:41:53.631+0000] {processor.py:186} INFO - Started process (PID=20546) to work on /opt/airflow/dags/etl.py
[2024-12-01T11:41:53.632+0000] {processor.py:914} INFO - Processing file /opt/airflow/dags/etl.py for tasks to queue
[2024-12-01T11:41:53.634+0000] {logging_mixin.py:190} INFO - [2024-12-01T11:41:53.634+0000] {dagbag.py:588} INFO - Filling up the DagBag from /opt/airflow/dags/etl.py
[2024-12-01T11:41:53.795+0000] {processor.py:925} INFO - DAG(s) 'NEPSE_DAG' retrieved from /opt/airflow/dags/etl.py
[2024-12-01T11:41:53.816+0000] {logging_mixin.py:190} INFO - [2024-12-01T11:41:53.816+0000] {dag.py:3239} INFO - Sync 1 DAGs
[2024-12-01T11:41:53.842+0000] {logging_mixin.py:190} INFO - [2024-12-01T11:41:53.842+0000] {dag.py:4180} INFO - Setting next_dagrun for NEPSE_DAG to 2024-12-01 00:00:00+00:00, run_after=2024-12-02 00:00:00+00:00
[2024-12-01T11:41:53.868+0000] {processor.py:208} INFO - Processing /opt/airflow/dags/etl.py took 0.245 seconds
[2024-12-01T11:42:23.975+0000] {processor.py:186} INFO - Started process (PID=20837) to work on /opt/airflow/dags/etl.py
[2024-12-01T11:42:23.977+0000] {processor.py:914} INFO - Processing file /opt/airflow/dags/etl.py for tasks to queue
[2024-12-01T11:42:23.979+0000] {logging_mixin.py:190} INFO - [2024-12-01T11:42:23.979+0000] {dagbag.py:588} INFO - Filling up the DagBag from /opt/airflow/dags/etl.py
[2024-12-01T11:42:24.133+0000] {processor.py:925} INFO - DAG(s) 'NEPSE_DAG' retrieved from /opt/airflow/dags/etl.py
[2024-12-01T11:42:24.154+0000] {logging_mixin.py:190} INFO - [2024-12-01T11:42:24.154+0000] {dag.py:3239} INFO - Sync 1 DAGs
[2024-12-01T11:42:24.180+0000] {logging_mixin.py:190} INFO - [2024-12-01T11:42:24.180+0000] {dag.py:4180} INFO - Setting next_dagrun for NEPSE_DAG to 2024-12-01 00:00:00+00:00, run_after=2024-12-02 00:00:00+00:00
[2024-12-01T11:42:24.205+0000] {processor.py:208} INFO - Processing /opt/airflow/dags/etl.py took 0.237 seconds
[2024-12-01T11:42:54.630+0000] {processor.py:186} INFO - Started process (PID=21131) to work on /opt/airflow/dags/etl.py
[2024-12-01T11:42:54.632+0000] {processor.py:914} INFO - Processing file /opt/airflow/dags/etl.py for tasks to queue
[2024-12-01T11:42:54.635+0000] {logging_mixin.py:190} INFO - [2024-12-01T11:42:54.634+0000] {dagbag.py:588} INFO - Filling up the DagBag from /opt/airflow/dags/etl.py
[2024-12-01T11:42:54.814+0000] {processor.py:925} INFO - DAG(s) 'NEPSE_DAG' retrieved from /opt/airflow/dags/etl.py
[2024-12-01T11:42:54.840+0000] {logging_mixin.py:190} INFO - [2024-12-01T11:42:54.840+0000] {dag.py:3239} INFO - Sync 1 DAGs
[2024-12-01T11:42:54.870+0000] {logging_mixin.py:190} INFO - [2024-12-01T11:42:54.870+0000] {dag.py:4180} INFO - Setting next_dagrun for NEPSE_DAG to 2024-12-01 00:00:00+00:00, run_after=2024-12-02 00:00:00+00:00
[2024-12-01T11:42:54.899+0000] {processor.py:208} INFO - Processing /opt/airflow/dags/etl.py took 0.277 seconds
[2024-12-01T11:43:25.509+0000] {processor.py:186} INFO - Started process (PID=21414) to work on /opt/airflow/dags/etl.py
[2024-12-01T11:43:25.510+0000] {processor.py:914} INFO - Processing file /opt/airflow/dags/etl.py for tasks to queue
[2024-12-01T11:43:25.513+0000] {logging_mixin.py:190} INFO - [2024-12-01T11:43:25.513+0000] {dagbag.py:588} INFO - Filling up the DagBag from /opt/airflow/dags/etl.py
[2024-12-01T11:43:25.677+0000] {processor.py:925} INFO - DAG(s) 'NEPSE_DAG' retrieved from /opt/airflow/dags/etl.py
[2024-12-01T11:43:25.699+0000] {logging_mixin.py:190} INFO - [2024-12-01T11:43:25.698+0000] {dag.py:3239} INFO - Sync 1 DAGs
[2024-12-01T11:43:25.730+0000] {logging_mixin.py:190} INFO - [2024-12-01T11:43:25.730+0000] {dag.py:4180} INFO - Setting next_dagrun for NEPSE_DAG to 2024-12-01 00:00:00+00:00, run_after=2024-12-02 00:00:00+00:00
[2024-12-01T11:43:25.753+0000] {processor.py:208} INFO - Processing /opt/airflow/dags/etl.py took 0.251 seconds
[2024-12-01T11:43:56.024+0000] {processor.py:186} INFO - Started process (PID=21708) to work on /opt/airflow/dags/etl.py
[2024-12-01T11:43:56.026+0000] {processor.py:914} INFO - Processing file /opt/airflow/dags/etl.py for tasks to queue
[2024-12-01T11:43:56.030+0000] {logging_mixin.py:190} INFO - [2024-12-01T11:43:56.029+0000] {dagbag.py:588} INFO - Filling up the DagBag from /opt/airflow/dags/etl.py
[2024-12-01T11:43:56.209+0000] {processor.py:925} INFO - DAG(s) 'NEPSE_DAG' retrieved from /opt/airflow/dags/etl.py
[2024-12-01T11:43:56.232+0000] {logging_mixin.py:190} INFO - [2024-12-01T11:43:56.232+0000] {dag.py:3239} INFO - Sync 1 DAGs
[2024-12-01T11:43:56.262+0000] {logging_mixin.py:190} INFO - [2024-12-01T11:43:56.262+0000] {dag.py:4180} INFO - Setting next_dagrun for NEPSE_DAG to 2024-12-01 00:00:00+00:00, run_after=2024-12-02 00:00:00+00:00
[2024-12-01T11:43:56.288+0000] {processor.py:208} INFO - Processing /opt/airflow/dags/etl.py took 0.272 seconds
[2024-12-01T11:44:26.395+0000] {processor.py:186} INFO - Started process (PID=21999) to work on /opt/airflow/dags/etl.py
[2024-12-01T11:44:26.396+0000] {processor.py:914} INFO - Processing file /opt/airflow/dags/etl.py for tasks to queue
[2024-12-01T11:44:26.399+0000] {logging_mixin.py:190} INFO - [2024-12-01T11:44:26.399+0000] {dagbag.py:588} INFO - Filling up the DagBag from /opt/airflow/dags/etl.py
[2024-12-01T11:44:26.567+0000] {processor.py:925} INFO - DAG(s) 'NEPSE_DAG' retrieved from /opt/airflow/dags/etl.py
[2024-12-01T11:44:26.592+0000] {logging_mixin.py:190} INFO - [2024-12-01T11:44:26.591+0000] {dag.py:3239} INFO - Sync 1 DAGs
[2024-12-01T11:44:26.628+0000] {logging_mixin.py:190} INFO - [2024-12-01T11:44:26.628+0000] {dag.py:4180} INFO - Setting next_dagrun for NEPSE_DAG to 2024-12-01 00:00:00+00:00, run_after=2024-12-02 00:00:00+00:00
[2024-12-01T11:44:26.654+0000] {processor.py:208} INFO - Processing /opt/airflow/dags/etl.py took 0.268 seconds
[2024-12-01T11:44:56.862+0000] {processor.py:186} INFO - Started process (PID=22288) to work on /opt/airflow/dags/etl.py
[2024-12-01T11:44:56.864+0000] {processor.py:914} INFO - Processing file /opt/airflow/dags/etl.py for tasks to queue
[2024-12-01T11:44:56.868+0000] {logging_mixin.py:190} INFO - [2024-12-01T11:44:56.868+0000] {dagbag.py:588} INFO - Filling up the DagBag from /opt/airflow/dags/etl.py
[2024-12-01T11:44:57.035+0000] {processor.py:925} INFO - DAG(s) 'NEPSE_DAG' retrieved from /opt/airflow/dags/etl.py
[2024-12-01T11:44:57.062+0000] {logging_mixin.py:190} INFO - [2024-12-01T11:44:57.062+0000] {dag.py:3239} INFO - Sync 1 DAGs
[2024-12-01T11:44:57.089+0000] {logging_mixin.py:190} INFO - [2024-12-01T11:44:57.089+0000] {dag.py:4180} INFO - Setting next_dagrun for NEPSE_DAG to 2024-12-01 00:00:00+00:00, run_after=2024-12-02 00:00:00+00:00
[2024-12-01T11:44:57.113+0000] {processor.py:208} INFO - Processing /opt/airflow/dags/etl.py took 0.259 seconds
[2024-12-01T11:45:27.364+0000] {processor.py:186} INFO - Started process (PID=22582) to work on /opt/airflow/dags/etl.py
[2024-12-01T11:45:27.365+0000] {processor.py:914} INFO - Processing file /opt/airflow/dags/etl.py for tasks to queue
[2024-12-01T11:45:27.368+0000] {logging_mixin.py:190} INFO - [2024-12-01T11:45:27.367+0000] {dagbag.py:588} INFO - Filling up the DagBag from /opt/airflow/dags/etl.py
[2024-12-01T11:45:27.545+0000] {processor.py:925} INFO - DAG(s) 'NEPSE_DAG' retrieved from /opt/airflow/dags/etl.py
[2024-12-01T11:45:27.567+0000] {logging_mixin.py:190} INFO - [2024-12-01T11:45:27.567+0000] {dag.py:3239} INFO - Sync 1 DAGs
[2024-12-01T11:45:27.602+0000] {logging_mixin.py:190} INFO - [2024-12-01T11:45:27.602+0000] {dag.py:4180} INFO - Setting next_dagrun for NEPSE_DAG to 2024-12-01 00:00:00+00:00, run_after=2024-12-02 00:00:00+00:00
[2024-12-01T11:45:27.625+0000] {processor.py:208} INFO - Processing /opt/airflow/dags/etl.py took 0.269 seconds
[2024-12-01T11:45:57.847+0000] {processor.py:186} INFO - Started process (PID=22848) to work on /opt/airflow/dags/etl.py
[2024-12-01T11:45:57.851+0000] {processor.py:914} INFO - Processing file /opt/airflow/dags/etl.py for tasks to queue
[2024-12-01T11:45:57.857+0000] {logging_mixin.py:190} INFO - [2024-12-01T11:45:57.856+0000] {dagbag.py:588} INFO - Filling up the DagBag from /opt/airflow/dags/etl.py
[2024-12-01T11:45:58.114+0000] {processor.py:925} INFO - DAG(s) 'NEPSE_DAG' retrieved from /opt/airflow/dags/etl.py
[2024-12-01T11:45:58.144+0000] {logging_mixin.py:190} INFO - [2024-12-01T11:45:58.143+0000] {dag.py:3239} INFO - Sync 1 DAGs
[2024-12-01T11:45:58.183+0000] {logging_mixin.py:190} INFO - [2024-12-01T11:45:58.182+0000] {dag.py:4180} INFO - Setting next_dagrun for NEPSE_DAG to 2024-12-01 00:00:00+00:00, run_after=2024-12-02 00:00:00+00:00
[2024-12-01T11:45:58.211+0000] {processor.py:208} INFO - Processing /opt/airflow/dags/etl.py took 0.378 seconds
[2024-12-01T11:46:28.711+0000] {processor.py:186} INFO - Started process (PID=23146) to work on /opt/airflow/dags/etl.py
[2024-12-01T11:46:28.712+0000] {processor.py:914} INFO - Processing file /opt/airflow/dags/etl.py for tasks to queue
[2024-12-01T11:46:28.715+0000] {logging_mixin.py:190} INFO - [2024-12-01T11:46:28.715+0000] {dagbag.py:588} INFO - Filling up the DagBag from /opt/airflow/dags/etl.py
[2024-12-01T11:46:28.878+0000] {processor.py:925} INFO - DAG(s) 'NEPSE_DAG' retrieved from /opt/airflow/dags/etl.py
[2024-12-01T11:46:28.900+0000] {logging_mixin.py:190} INFO - [2024-12-01T11:46:28.899+0000] {dag.py:3239} INFO - Sync 1 DAGs
[2024-12-01T11:46:28.929+0000] {logging_mixin.py:190} INFO - [2024-12-01T11:46:28.929+0000] {dag.py:4180} INFO - Setting next_dagrun for NEPSE_DAG to 2024-12-01 00:00:00+00:00, run_after=2024-12-02 00:00:00+00:00
[2024-12-01T11:46:28.952+0000] {processor.py:208} INFO - Processing /opt/airflow/dags/etl.py took 0.249 seconds
[2024-12-01T11:46:59.191+0000] {processor.py:186} INFO - Started process (PID=23440) to work on /opt/airflow/dags/etl.py
[2024-12-01T11:46:59.192+0000] {processor.py:914} INFO - Processing file /opt/airflow/dags/etl.py for tasks to queue
[2024-12-01T11:46:59.196+0000] {logging_mixin.py:190} INFO - [2024-12-01T11:46:59.195+0000] {dagbag.py:588} INFO - Filling up the DagBag from /opt/airflow/dags/etl.py
[2024-12-01T11:46:59.367+0000] {processor.py:925} INFO - DAG(s) 'NEPSE_DAG' retrieved from /opt/airflow/dags/etl.py
[2024-12-01T11:46:59.391+0000] {logging_mixin.py:190} INFO - [2024-12-01T11:46:59.390+0000] {dag.py:3239} INFO - Sync 1 DAGs
[2024-12-01T11:46:59.421+0000] {logging_mixin.py:190} INFO - [2024-12-01T11:46:59.420+0000] {dag.py:4180} INFO - Setting next_dagrun for NEPSE_DAG to 2024-12-01 00:00:00+00:00, run_after=2024-12-02 00:00:00+00:00
[2024-12-01T11:46:59.456+0000] {processor.py:208} INFO - Processing /opt/airflow/dags/etl.py took 0.275 seconds
[2024-12-01T11:47:29.594+0000] {processor.py:186} INFO - Started process (PID=23733) to work on /opt/airflow/dags/etl.py
[2024-12-01T11:47:29.596+0000] {processor.py:914} INFO - Processing file /opt/airflow/dags/etl.py for tasks to queue
[2024-12-01T11:47:29.600+0000] {logging_mixin.py:190} INFO - [2024-12-01T11:47:29.599+0000] {dagbag.py:588} INFO - Filling up the DagBag from /opt/airflow/dags/etl.py
[2024-12-01T11:47:29.942+0000] {processor.py:925} INFO - DAG(s) 'NEPSE_DAG' retrieved from /opt/airflow/dags/etl.py
[2024-12-01T11:47:30.039+0000] {logging_mixin.py:190} INFO - [2024-12-01T11:47:30.036+0000] {dag.py:3239} INFO - Sync 1 DAGs
[2024-12-01T11:47:30.118+0000] {logging_mixin.py:190} INFO - [2024-12-01T11:47:30.117+0000] {dag.py:4180} INFO - Setting next_dagrun for NEPSE_DAG to 2024-12-01 00:00:00+00:00, run_after=2024-12-02 00:00:00+00:00
[2024-12-01T11:47:30.189+0000] {processor.py:208} INFO - Processing /opt/airflow/dags/etl.py took 0.605 seconds
[2024-12-01T11:48:00.365+0000] {processor.py:186} INFO - Started process (PID=24024) to work on /opt/airflow/dags/etl.py
[2024-12-01T11:48:00.367+0000] {processor.py:914} INFO - Processing file /opt/airflow/dags/etl.py for tasks to queue
[2024-12-01T11:48:00.376+0000] {logging_mixin.py:190} INFO - [2024-12-01T11:48:00.375+0000] {dagbag.py:588} INFO - Filling up the DagBag from /opt/airflow/dags/etl.py
[2024-12-01T11:48:00.697+0000] {processor.py:925} INFO - DAG(s) 'NEPSE_DAG' retrieved from /opt/airflow/dags/etl.py
[2024-12-01T11:48:00.722+0000] {logging_mixin.py:190} INFO - [2024-12-01T11:48:00.721+0000] {dag.py:3239} INFO - Sync 1 DAGs
[2024-12-01T11:48:00.763+0000] {logging_mixin.py:190} INFO - [2024-12-01T11:48:00.763+0000] {dag.py:4180} INFO - Setting next_dagrun for NEPSE_DAG to 2024-12-01 00:00:00+00:00, run_after=2024-12-02 00:00:00+00:00
[2024-12-01T11:48:00.792+0000] {processor.py:208} INFO - Processing /opt/airflow/dags/etl.py took 0.444 seconds
[2024-12-01T11:48:31.130+0000] {processor.py:186} INFO - Started process (PID=24320) to work on /opt/airflow/dags/etl.py
[2024-12-01T11:48:31.132+0000] {processor.py:914} INFO - Processing file /opt/airflow/dags/etl.py for tasks to queue
[2024-12-01T11:48:31.135+0000] {logging_mixin.py:190} INFO - [2024-12-01T11:48:31.135+0000] {dagbag.py:588} INFO - Filling up the DagBag from /opt/airflow/dags/etl.py
[2024-12-01T11:48:31.360+0000] {processor.py:925} INFO - DAG(s) 'NEPSE_DAG' retrieved from /opt/airflow/dags/etl.py
[2024-12-01T11:48:31.400+0000] {logging_mixin.py:190} INFO - [2024-12-01T11:48:31.399+0000] {dag.py:3239} INFO - Sync 1 DAGs
[2024-12-01T11:48:31.438+0000] {logging_mixin.py:190} INFO - [2024-12-01T11:48:31.438+0000] {dag.py:4180} INFO - Setting next_dagrun for NEPSE_DAG to 2024-12-01 00:00:00+00:00, run_after=2024-12-02 00:00:00+00:00
[2024-12-01T11:48:31.474+0000] {processor.py:208} INFO - Processing /opt/airflow/dags/etl.py took 0.375 seconds
[2024-12-01T11:49:01.969+0000] {processor.py:186} INFO - Started process (PID=24616) to work on /opt/airflow/dags/etl.py
[2024-12-01T11:49:01.972+0000] {processor.py:914} INFO - Processing file /opt/airflow/dags/etl.py for tasks to queue
[2024-12-01T11:49:01.977+0000] {logging_mixin.py:190} INFO - [2024-12-01T11:49:01.976+0000] {dagbag.py:588} INFO - Filling up the DagBag from /opt/airflow/dags/etl.py
[2024-12-01T11:49:02.269+0000] {processor.py:925} INFO - DAG(s) 'NEPSE_DAG' retrieved from /opt/airflow/dags/etl.py
[2024-12-01T11:49:02.312+0000] {logging_mixin.py:190} INFO - [2024-12-01T11:49:02.311+0000] {dag.py:3239} INFO - Sync 1 DAGs
[2024-12-01T11:49:02.347+0000] {logging_mixin.py:190} INFO - [2024-12-01T11:49:02.346+0000] {dag.py:4180} INFO - Setting next_dagrun for NEPSE_DAG to 2024-12-01 00:00:00+00:00, run_after=2024-12-02 00:00:00+00:00
[2024-12-01T11:49:02.379+0000] {processor.py:208} INFO - Processing /opt/airflow/dags/etl.py took 0.421 seconds
[2024-12-01T11:49:33.096+0000] {processor.py:186} INFO - Started process (PID=24912) to work on /opt/airflow/dags/etl.py
[2024-12-01T11:49:33.097+0000] {processor.py:914} INFO - Processing file /opt/airflow/dags/etl.py for tasks to queue
[2024-12-01T11:49:33.100+0000] {logging_mixin.py:190} INFO - [2024-12-01T11:49:33.100+0000] {dagbag.py:588} INFO - Filling up the DagBag from /opt/airflow/dags/etl.py
[2024-12-01T11:49:33.284+0000] {processor.py:925} INFO - DAG(s) 'NEPSE_DAG' retrieved from /opt/airflow/dags/etl.py
[2024-12-01T11:49:33.306+0000] {logging_mixin.py:190} INFO - [2024-12-01T11:49:33.306+0000] {dag.py:3239} INFO - Sync 1 DAGs
[2024-12-01T11:49:33.335+0000] {logging_mixin.py:190} INFO - [2024-12-01T11:49:33.335+0000] {dag.py:4180} INFO - Setting next_dagrun for NEPSE_DAG to 2024-12-01 00:00:00+00:00, run_after=2024-12-02 00:00:00+00:00
[2024-12-01T11:49:33.360+0000] {processor.py:208} INFO - Processing /opt/airflow/dags/etl.py took 0.272 seconds
[2024-12-01T11:50:03.424+0000] {processor.py:186} INFO - Started process (PID=25211) to work on /opt/airflow/dags/etl.py
[2024-12-01T11:50:03.425+0000] {processor.py:914} INFO - Processing file /opt/airflow/dags/etl.py for tasks to queue
[2024-12-01T11:50:03.429+0000] {logging_mixin.py:190} INFO - [2024-12-01T11:50:03.428+0000] {dagbag.py:588} INFO - Filling up the DagBag from /opt/airflow/dags/etl.py
[2024-12-01T11:50:03.632+0000] {processor.py:925} INFO - DAG(s) 'NEPSE_DAG' retrieved from /opt/airflow/dags/etl.py
[2024-12-01T11:50:03.655+0000] {logging_mixin.py:190} INFO - [2024-12-01T11:50:03.655+0000] {dag.py:3239} INFO - Sync 1 DAGs
[2024-12-01T11:50:03.682+0000] {logging_mixin.py:190} INFO - [2024-12-01T11:50:03.681+0000] {dag.py:4180} INFO - Setting next_dagrun for NEPSE_DAG to 2024-12-01 00:00:00+00:00, run_after=2024-12-02 00:00:00+00:00
[2024-12-01T11:50:03.707+0000] {processor.py:208} INFO - Processing /opt/airflow/dags/etl.py took 0.292 seconds
[2024-12-01T11:50:33.910+0000] {processor.py:186} INFO - Started process (PID=25514) to work on /opt/airflow/dags/etl.py
[2024-12-01T11:50:33.912+0000] {processor.py:914} INFO - Processing file /opt/airflow/dags/etl.py for tasks to queue
[2024-12-01T11:50:33.915+0000] {logging_mixin.py:190} INFO - [2024-12-01T11:50:33.914+0000] {dagbag.py:588} INFO - Filling up the DagBag from /opt/airflow/dags/etl.py
[2024-12-01T11:50:34.083+0000] {processor.py:925} INFO - DAG(s) 'NEPSE_DAG' retrieved from /opt/airflow/dags/etl.py
[2024-12-01T11:50:34.104+0000] {logging_mixin.py:190} INFO - [2024-12-01T11:50:34.103+0000] {dag.py:3239} INFO - Sync 1 DAGs
[2024-12-01T11:50:34.134+0000] {logging_mixin.py:190} INFO - [2024-12-01T11:50:34.133+0000] {dag.py:4180} INFO - Setting next_dagrun for NEPSE_DAG to 2024-12-01 00:00:00+00:00, run_after=2024-12-02 00:00:00+00:00
[2024-12-01T11:50:34.157+0000] {processor.py:208} INFO - Processing /opt/airflow/dags/etl.py took 0.253 seconds
[2024-12-01T11:51:04.791+0000] {processor.py:186} INFO - Started process (PID=25800) to work on /opt/airflow/dags/etl.py
[2024-12-01T11:51:04.794+0000] {processor.py:914} INFO - Processing file /opt/airflow/dags/etl.py for tasks to queue
[2024-12-01T11:51:04.800+0000] {logging_mixin.py:190} INFO - [2024-12-01T11:51:04.799+0000] {dagbag.py:588} INFO - Filling up the DagBag from /opt/airflow/dags/etl.py
[2024-12-01T11:51:05.508+0000] {processor.py:925} INFO - DAG(s) 'NEPSE_DAG' retrieved from /opt/airflow/dags/etl.py
[2024-12-01T11:51:05.606+0000] {logging_mixin.py:190} INFO - [2024-12-01T11:51:05.604+0000] {dag.py:3239} INFO - Sync 1 DAGs
[2024-12-01T11:51:05.797+0000] {logging_mixin.py:190} INFO - [2024-12-01T11:51:05.796+0000] {dag.py:4180} INFO - Setting next_dagrun for NEPSE_DAG to 2024-12-01 00:00:00+00:00, run_after=2024-12-02 00:00:00+00:00
[2024-12-01T11:51:05.914+0000] {processor.py:208} INFO - Processing /opt/airflow/dags/etl.py took 1.137 seconds
