[2024-12-01T11:06:51.177+0000] {local_task_job_runner.py:123} INFO - ::group::Pre task execution logs
[2024-12-01T11:06:51.240+0000] {taskinstance.py:2613} INFO - Dependencies all met for dep_context=non-requeueable deps ti=<TaskInstance: NEPSE_DAG.extract_data scheduled__2024-11-25T00:00:00+00:00 [queued]>
[2024-12-01T11:06:51.276+0000] {taskinstance.py:2613} INFO - Dependencies all met for dep_context=requeueable deps ti=<TaskInstance: NEPSE_DAG.extract_data scheduled__2024-11-25T00:00:00+00:00 [queued]>
[2024-12-01T11:06:51.278+0000] {taskinstance.py:2866} INFO - Starting attempt 1 of 3
[2024-12-01T11:06:51.315+0000] {taskinstance.py:2889} INFO - Executing <Task(PythonOperator): extract_data> on 2024-11-25 00:00:00+00:00
[2024-12-01T11:06:51.343+0000] {logging_mixin.py:190} WARNING - /home/***/.local/lib/python3.12/site-packages/***/task/task_runner/standard_task_runner.py:70 DeprecationWarning: This process (pid=206) is multi-threaded, use of fork() may lead to deadlocks in the child.
[2024-12-01T11:06:51.342+0000] {standard_task_runner.py:104} INFO - Running: ['***', 'tasks', 'run', 'NEPSE_DAG', 'extract_data', 'scheduled__2024-11-25T00:00:00+00:00', '--job-id', '91', '--raw', '--subdir', 'DAGS_FOLDER/etl.py', '--cfg-path', '/tmp/tmp0pdejw3y']
[2024-12-01T11:06:51.348+0000] {standard_task_runner.py:72} INFO - Started process 285 to run task
[2024-12-01T11:06:51.348+0000] {standard_task_runner.py:105} INFO - Job 91: Subtask extract_data
[2024-12-01T11:06:51.461+0000] {task_command.py:467} INFO - Running <TaskInstance: NEPSE_DAG.extract_data scheduled__2024-11-25T00:00:00+00:00 [running]> on host 3ea3626af2da
[2024-12-01T11:06:51.723+0000] {taskinstance.py:3132} INFO - Exporting env vars: AIRFLOW_CTX_DAG_OWNER='***' AIRFLOW_CTX_DAG_ID='NEPSE_DAG' AIRFLOW_CTX_TASK_ID='extract_data' AIRFLOW_CTX_EXECUTION_DATE='2024-11-25T00:00:00+00:00' AIRFLOW_CTX_TRY_NUMBER='1' AIRFLOW_CTX_DAG_RUN_ID='scheduled__2024-11-25T00:00:00+00:00'
[2024-12-01T11:06:51.727+0000] {logging_mixin.py:190} INFO - Task instance is in running state
[2024-12-01T11:06:51.728+0000] {logging_mixin.py:190} INFO -  Previous state of the Task instance: queued
[2024-12-01T11:06:51.728+0000] {logging_mixin.py:190} INFO - Current task name:extract_data state:running start_date:2024-12-01 11:06:51.242411+00:00
[2024-12-01T11:06:51.732+0000] {logging_mixin.py:190} INFO - Dag name:NEPSE_DAG and current dag run status:running
[2024-12-01T11:06:51.735+0000] {taskinstance.py:731} INFO - ::endgroup::
[2024-12-01T11:07:09.060+0000] {logging_mixin.py:190} INFO - Table located
[2024-12-01T11:07:09.390+0000] {logging_mixin.py:190} INFO - Header extracted
[2024-12-01T11:07:10.191+0000] {logging_mixin.py:190} INFO - Next button clicked
[2024-12-01T11:07:12.279+0000] {logging_mixin.py:190} INFO - Table located
[2024-12-01T11:07:13.327+0000] {logging_mixin.py:190} INFO - Next button clicked
[2024-12-01T11:07:15.383+0000] {logging_mixin.py:190} INFO - Table located
[2024-12-01T11:07:16.151+0000] {logging_mixin.py:190} INFO - Next button clicked
[2024-12-01T11:07:18.184+0000] {logging_mixin.py:190} INFO - Table located
[2024-12-01T11:07:18.451+0000] {logging_mixin.py:190} INFO - Next button clicked
[2024-12-01T11:07:20.512+0000] {logging_mixin.py:190} INFO - Table located
[2024-12-01T11:07:21.342+0000] {logging_mixin.py:190} INFO - Next button clicked
[2024-12-01T11:07:23.407+0000] {logging_mixin.py:190} INFO - Table located
[2024-12-01T11:07:24.060+0000] {logging_mixin.py:190} INFO - Next button clicked
[2024-12-01T11:07:26.351+0000] {logging_mixin.py:190} INFO - Table located
[2024-12-01T11:07:27.367+0000] {logging_mixin.py:190} INFO - Next button clicked
[2024-12-01T11:07:29.499+0000] {logging_mixin.py:190} INFO - Table located
[2024-12-01T11:07:30.466+0000] {logging_mixin.py:190} INFO - Next button clicked
[2024-12-01T11:07:32.521+0000] {logging_mixin.py:190} INFO - Table located
[2024-12-01T11:07:33.629+0000] {logging_mixin.py:190} INFO - Next button clicked
[2024-12-01T11:07:34.629+0000] {logging_mixin.py:190} INFO - Table located
[2024-12-01T11:07:35.734+0000] {logging_mixin.py:190} INFO - Next button clicked
[2024-12-01T11:07:37.894+0000] {logging_mixin.py:190} INFO - Table located
[2024-12-01T11:07:39.359+0000] {logging_mixin.py:190} INFO - Next button clicked
[2024-12-01T11:07:41.420+0000] {logging_mixin.py:190} INFO - Table located
[2024-12-01T11:07:41.798+0000] {logging_mixin.py:190} INFO - Next button clicked
[2024-12-01T11:07:43.843+0000] {logging_mixin.py:190} INFO - Table located
[2024-12-01T11:07:44.151+0000] {logging_mixin.py:190} INFO - Next button clicked
[2024-12-01T11:07:46.174+0000] {logging_mixin.py:190} INFO - Table located
[2024-12-01T11:07:46.342+0000] {logging_mixin.py:190} INFO - Next button clicked
[2024-12-01T11:07:48.368+0000] {logging_mixin.py:190} INFO - Table located
[2024-12-01T11:07:48.691+0000] {logging_mixin.py:190} INFO - Next button clicked
[2024-12-01T11:07:50.725+0000] {logging_mixin.py:190} INFO - Table located
[2024-12-01T11:08:10.236+0000] {logging_mixin.py:190} INFO - No more pages
[2024-12-01T11:08:10.240+0000] {logging_mixin.py:190} INFO - Data extraction completed
[2024-12-01T11:08:10.306+0000] {logging_mixin.py:190} INFO - 2024-12-01
[2024-12-01T11:08:11.635+0000] {logging_mixin.py:190} INFO - Data loading successful.
[2024-12-01T11:08:11.825+0000] {python.py:240} INFO - Done. Returned value was: None
[2024-12-01T11:08:12.132+0000] {taskinstance.py:340} INFO - ::group::Post task execution logs
[2024-12-01T11:08:12.142+0000] {taskinstance.py:352} INFO - Marking task as SUCCESS. dag_id=NEPSE_DAG, task_id=extract_data, run_id=scheduled__2024-11-25T00:00:00+00:00, execution_date=20241125T000000, start_date=20241201T110651, end_date=20241201T110812
[2024-12-01T11:08:12.296+0000] {logging_mixin.py:190} INFO - Task instance in success state
[2024-12-01T11:08:12.298+0000] {logging_mixin.py:190} INFO -  Previous state of the Task instance: running
[2024-12-01T11:08:12.300+0000] {logging_mixin.py:190} INFO - Dag name:NEPSE_DAG queued_at:2024-12-01 11:06:41.115422+00:00
[2024-12-01T11:08:12.301+0000] {logging_mixin.py:190} INFO - Task hostname:3ea3626af2da operator:PythonOperator
[2024-12-01T11:08:12.382+0000] {local_task_job_runner.py:266} INFO - Task exited with return code 0
[2024-12-01T11:08:12.689+0000] {taskinstance.py:3895} INFO - 1 downstream tasks scheduled from follow-on schedule check
[2024-12-01T11:08:12.695+0000] {local_task_job_runner.py:245} INFO - ::endgroup::
