[2024-12-01T11:17:24.344+0000] {local_task_job_runner.py:123} INFO - ::group::Pre task execution logs
[2024-12-01T11:17:24.369+0000] {taskinstance.py:2613} INFO - Dependencies all met for dep_context=non-requeueable deps ti=<TaskInstance: NEPSE_DAG.extract_data manual__2024-12-01T11:17:19.615762+00:00 [queued]>
[2024-12-01T11:17:24.381+0000] {taskinstance.py:2613} INFO - Dependencies all met for dep_context=requeueable deps ti=<TaskInstance: NEPSE_DAG.extract_data manual__2024-12-01T11:17:19.615762+00:00 [queued]>
[2024-12-01T11:17:24.382+0000] {taskinstance.py:2866} INFO - Starting attempt 1 of 3
[2024-12-01T11:17:24.402+0000] {taskinstance.py:2889} INFO - Executing <Task(PythonOperator): extract_data> on 2024-12-01 11:17:19.615762+00:00
[2024-12-01T11:17:24.416+0000] {standard_task_runner.py:104} INFO - Running: ['***', 'tasks', 'run', 'NEPSE_DAG', 'extract_data', 'manual__2024-12-01T11:17:19.615762+00:00', '--job-id', '97', '--raw', '--subdir', 'DAGS_FOLDER/etl.py', '--cfg-path', '/tmp/tmpcb7k4_vd']
[2024-12-01T11:17:24.418+0000] {standard_task_runner.py:105} INFO - Job 97: Subtask extract_data
[2024-12-01T11:17:24.425+0000] {logging_mixin.py:190} WARNING - /home/***/.local/lib/python3.12/site-packages/***/task/task_runner/standard_task_runner.py:70 DeprecationWarning: This process (pid=6370) is multi-threaded, use of fork() may lead to deadlocks in the child.
[2024-12-01T11:17:24.426+0000] {standard_task_runner.py:72} INFO - Started process 6384 to run task
[2024-12-01T11:17:24.570+0000] {task_command.py:467} INFO - Running <TaskInstance: NEPSE_DAG.extract_data manual__2024-12-01T11:17:19.615762+00:00 [running]> on host 3ea3626af2da
[2024-12-01T11:17:24.763+0000] {taskinstance.py:3132} INFO - Exporting env vars: AIRFLOW_CTX_DAG_OWNER='***' AIRFLOW_CTX_DAG_ID='NEPSE_DAG' AIRFLOW_CTX_TASK_ID='extract_data' AIRFLOW_CTX_EXECUTION_DATE='2024-12-01T11:17:19.615762+00:00' AIRFLOW_CTX_TRY_NUMBER='1' AIRFLOW_CTX_DAG_RUN_ID='manual__2024-12-01T11:17:19.615762+00:00'
[2024-12-01T11:17:24.765+0000] {logging_mixin.py:190} INFO - Task instance is in running state
[2024-12-01T11:17:24.766+0000] {logging_mixin.py:190} INFO -  Previous state of the Task instance: queued
[2024-12-01T11:17:24.766+0000] {logging_mixin.py:190} INFO - Current task name:extract_data state:running start_date:2024-12-01 11:17:24.370189+00:00
[2024-12-01T11:17:24.767+0000] {logging_mixin.py:190} INFO - Dag name:NEPSE_DAG and current dag run status:running
[2024-12-01T11:17:24.768+0000] {taskinstance.py:731} INFO - ::endgroup::
[2024-12-01T11:17:29.365+0000] {logging_mixin.py:190} INFO - Table located
[2024-12-01T11:17:29.704+0000] {logging_mixin.py:190} INFO - Header extracted
[2024-12-01T11:17:30.085+0000] {logging_mixin.py:190} INFO - Next button clicked
[2024-12-01T11:17:32.238+0000] {logging_mixin.py:190} INFO - Table located
[2024-12-01T11:17:32.875+0000] {logging_mixin.py:190} INFO - Next button clicked
[2024-12-01T11:17:34.928+0000] {logging_mixin.py:190} INFO - Table located
[2024-12-01T11:17:35.268+0000] {logging_mixin.py:190} INFO - Next button clicked
[2024-12-01T11:17:37.303+0000] {logging_mixin.py:190} INFO - Table located
[2024-12-01T11:17:37.595+0000] {logging_mixin.py:190} INFO - Next button clicked
[2024-12-01T11:17:39.642+0000] {logging_mixin.py:190} INFO - Table located
[2024-12-01T11:17:39.993+0000] {logging_mixin.py:190} INFO - Next button clicked
[2024-12-01T11:17:40.406+0000] {logging_mixin.py:190} INFO - Table located
[2024-12-01T11:17:40.579+0000] {logging_mixin.py:190} INFO - Next button clicked
[2024-12-01T11:17:42.606+0000] {logging_mixin.py:190} INFO - Table located
[2024-12-01T11:17:42.805+0000] {logging_mixin.py:190} INFO - Next button clicked
[2024-12-01T11:17:44.832+0000] {logging_mixin.py:190} INFO - Table located
[2024-12-01T11:17:45.026+0000] {logging_mixin.py:190} INFO - Next button clicked
[2024-12-01T11:17:47.049+0000] {logging_mixin.py:190} INFO - Table located
[2024-12-01T11:17:47.262+0000] {logging_mixin.py:190} INFO - Next button clicked
[2024-12-01T11:17:49.281+0000] {logging_mixin.py:190} INFO - Table located
[2024-12-01T11:17:49.483+0000] {logging_mixin.py:190} INFO - Next button clicked
[2024-12-01T11:17:51.501+0000] {logging_mixin.py:190} INFO - Table located
[2024-12-01T11:17:51.668+0000] {logging_mixin.py:190} INFO - Next button clicked
[2024-12-01T11:17:53.690+0000] {logging_mixin.py:190} INFO - Table located
[2024-12-01T11:17:53.845+0000] {logging_mixin.py:190} INFO - Next button clicked
[2024-12-01T11:17:55.867+0000] {logging_mixin.py:190} INFO - Table located
[2024-12-01T11:17:56.036+0000] {logging_mixin.py:190} INFO - Next button clicked
[2024-12-01T11:17:58.060+0000] {logging_mixin.py:190} INFO - Table located
[2024-12-01T11:17:58.235+0000] {logging_mixin.py:190} INFO - Next button clicked
[2024-12-01T11:18:00.262+0000] {logging_mixin.py:190} INFO - Table located
[2024-12-01T11:18:00.427+0000] {logging_mixin.py:190} INFO - Next button clicked
[2024-12-01T11:18:02.453+0000] {logging_mixin.py:190} INFO - Table located
[2024-12-01T11:18:21.428+0000] {logging_mixin.py:190} INFO - No more pages
[2024-12-01T11:18:21.428+0000] {logging_mixin.py:190} INFO - Data extraction completed
[2024-12-01T11:18:21.431+0000] {logging_mixin.py:190} INFO - 2024-12-01
[2024-12-01T11:18:21.607+0000] {logging_mixin.py:190} INFO - Data loading successful.
[2024-12-01T11:18:21.625+0000] {python.py:240} INFO - Done. Returned value was: None
[2024-12-01T11:18:21.646+0000] {taskinstance.py:340} INFO - ::group::Post task execution logs
[2024-12-01T11:18:21.647+0000] {taskinstance.py:352} INFO - Marking task as SUCCESS. dag_id=NEPSE_DAG, task_id=extract_data, run_id=manual__2024-12-01T11:17:19.615762+00:00, execution_date=20241201T111719, start_date=20241201T111724, end_date=20241201T111821
[2024-12-01T11:18:21.670+0000] {logging_mixin.py:190} INFO - Task instance in success state
[2024-12-01T11:18:21.671+0000] {logging_mixin.py:190} INFO -  Previous state of the Task instance: running
[2024-12-01T11:18:21.673+0000] {logging_mixin.py:190} INFO - Dag name:NEPSE_DAG queued_at:2024-12-01 11:17:20.008623+00:00
[2024-12-01T11:18:21.674+0000] {logging_mixin.py:190} INFO - Task hostname:3ea3626af2da operator:PythonOperator
[2024-12-01T11:18:21.735+0000] {local_task_job_runner.py:266} INFO - Task exited with return code 0
[2024-12-01T11:18:21.749+0000] {local_task_job_runner.py:245} INFO - ::endgroup::
