[2024-11-25T09:57:32.149+0000] {local_task_job_runner.py:123} INFO - ::group::Pre task execution logs
[2024-11-25T09:57:32.175+0000] {taskinstance.py:2613} INFO - Dependencies all met for dep_context=non-requeueable deps ti=<TaskInstance: NEPSE_DAG.extract_data scheduled__2024-11-17T00:00:00+00:00 [queued]>
[2024-11-25T09:57:32.189+0000] {taskinstance.py:2613} INFO - Dependencies all met for dep_context=requeueable deps ti=<TaskInstance: NEPSE_DAG.extract_data scheduled__2024-11-17T00:00:00+00:00 [queued]>
[2024-11-25T09:57:32.190+0000] {taskinstance.py:2866} INFO - Starting attempt 1 of 6
[2024-11-25T09:57:32.212+0000] {taskinstance.py:2889} INFO - Executing <Task(PythonOperator): extract_data> on 2024-11-17 00:00:00+00:00
[2024-11-25T09:57:32.242+0000] {logging_mixin.py:190} WARNING - /home/***/.local/lib/python3.12/site-packages/***/task/task_runner/standard_task_runner.py:70 DeprecationWarning: This process (pid=4843) is multi-threaded, use of fork() may lead to deadlocks in the child.
[2024-11-25T09:57:32.243+0000] {standard_task_runner.py:104} INFO - Running: ['***', 'tasks', 'run', 'NEPSE_DAG', 'extract_data', 'scheduled__2024-11-17T00:00:00+00:00', '--job-id', '82', '--raw', '--subdir', 'DAGS_FOLDER/etl.py', '--cfg-path', '/tmp/tmpxq4tg7fl']
[2024-11-25T09:57:32.245+0000] {standard_task_runner.py:72} INFO - Started process 4891 to run task
[2024-11-25T09:57:32.245+0000] {standard_task_runner.py:105} INFO - Job 82: Subtask extract_data
[2024-11-25T09:57:32.320+0000] {task_command.py:467} INFO - Running <TaskInstance: NEPSE_DAG.extract_data scheduled__2024-11-17T00:00:00+00:00 [running]> on host 1f1ac52b5dc6
[2024-11-25T09:57:32.453+0000] {taskinstance.py:3132} INFO - Exporting env vars: AIRFLOW_CTX_DAG_OWNER='***' AIRFLOW_CTX_DAG_ID='NEPSE_DAG' AIRFLOW_CTX_TASK_ID='extract_data' AIRFLOW_CTX_EXECUTION_DATE='2024-11-17T00:00:00+00:00' AIRFLOW_CTX_TRY_NUMBER='1' AIRFLOW_CTX_DAG_RUN_ID='scheduled__2024-11-17T00:00:00+00:00'
[2024-11-25T09:57:32.458+0000] {logging_mixin.py:190} INFO - Task instance is in running state
[2024-11-25T09:57:32.460+0000] {logging_mixin.py:190} INFO -  Previous state of the Task instance: queued
[2024-11-25T09:57:32.462+0000] {logging_mixin.py:190} INFO - Current task name:extract_data state:running start_date:2024-11-25 09:57:32.176774+00:00
[2024-11-25T09:57:32.464+0000] {logging_mixin.py:190} INFO - Dag name:NEPSE_DAG and current dag run status:running
[2024-11-25T09:57:32.465+0000] {taskinstance.py:731} INFO - ::endgroup::
[2024-11-25T09:57:44.378+0000] {logging_mixin.py:190} INFO - Table located
[2024-11-25T09:57:44.614+0000] {logging_mixin.py:190} INFO - Header extracted
[2024-11-25T09:57:44.977+0000] {logging_mixin.py:190} INFO - Next button clicked
[2024-11-25T09:57:47.007+0000] {logging_mixin.py:190} INFO - Table located
[2024-11-25T09:57:47.243+0000] {logging_mixin.py:190} INFO - Next button clicked
[2024-11-25T09:57:49.268+0000] {logging_mixin.py:190} INFO - Table located
[2024-11-25T09:57:49.465+0000] {logging_mixin.py:190} INFO - Next button clicked
[2024-11-25T09:57:51.487+0000] {logging_mixin.py:190} INFO - Table located
[2024-11-25T09:57:51.675+0000] {logging_mixin.py:190} INFO - Next button clicked
[2024-11-25T09:57:53.756+0000] {logging_mixin.py:190} INFO - Table located
[2024-11-25T09:57:53.957+0000] {logging_mixin.py:190} INFO - Next button clicked
[2024-11-25T09:57:55.984+0000] {logging_mixin.py:190} INFO - Table located
[2024-11-25T09:57:56.166+0000] {logging_mixin.py:190} INFO - Next button clicked
[2024-11-25T09:57:58.197+0000] {logging_mixin.py:190} INFO - Table located
[2024-11-25T09:57:58.430+0000] {logging_mixin.py:190} INFO - Next button clicked
[2024-11-25T09:58:00.465+0000] {logging_mixin.py:190} INFO - Table located
[2024-11-25T09:58:00.881+0000] {logging_mixin.py:190} INFO - Next button clicked
[2024-11-25T09:58:02.934+0000] {logging_mixin.py:190} INFO - Table located
[2024-11-25T09:58:03.175+0000] {logging_mixin.py:190} INFO - Next button clicked
[2024-11-25T09:58:05.229+0000] {logging_mixin.py:190} INFO - Table located
[2024-11-25T09:58:05.426+0000] {logging_mixin.py:190} INFO - Next button clicked
[2024-11-25T09:58:07.450+0000] {logging_mixin.py:190} INFO - Table located
[2024-11-25T09:58:07.608+0000] {logging_mixin.py:190} INFO - Next button clicked
[2024-11-25T09:58:09.631+0000] {logging_mixin.py:190} INFO - Table located
[2024-11-25T09:58:09.812+0000] {logging_mixin.py:190} INFO - Next button clicked
[2024-11-25T09:58:11.827+0000] {logging_mixin.py:190} INFO - Table located
[2024-11-25T09:58:11.993+0000] {logging_mixin.py:190} INFO - Next button clicked
[2024-11-25T09:58:14.024+0000] {logging_mixin.py:190} INFO - Table located
[2024-11-25T09:58:14.217+0000] {logging_mixin.py:190} INFO - Next button clicked
[2024-11-25T09:58:16.244+0000] {logging_mixin.py:190} INFO - Table located
[2024-11-25T09:58:16.420+0000] {logging_mixin.py:190} INFO - Next button clicked
[2024-11-25T09:58:18.448+0000] {logging_mixin.py:190} INFO - Table located
[2024-11-25T09:58:38.703+0000] {logging_mixin.py:190} INFO - No more pages
[2024-11-25T09:58:38.704+0000] {logging_mixin.py:190} INFO - Data extraction completed
[2024-11-25T09:58:38.706+0000] {logging_mixin.py:190} INFO - 2024-11-25
[2024-11-25T09:58:38.940+0000] {logging_mixin.py:190} INFO - Data loading successful.
[2024-11-25T09:58:38.954+0000] {python.py:240} INFO - Done. Returned value was: None
[2024-11-25T09:58:38.966+0000] {taskinstance.py:340} INFO - ::group::Post task execution logs
[2024-11-25T09:58:38.967+0000] {taskinstance.py:352} INFO - Marking task as SUCCESS. dag_id=NEPSE_DAG, task_id=extract_data, run_id=scheduled__2024-11-17T00:00:00+00:00, execution_date=20241117T000000, start_date=20241125T095732, end_date=20241125T095838
[2024-11-25T09:58:38.983+0000] {logging_mixin.py:190} INFO - Task instance in success state
[2024-11-25T09:58:38.983+0000] {logging_mixin.py:190} INFO -  Previous state of the Task instance: running
[2024-11-25T09:58:38.984+0000] {logging_mixin.py:190} INFO - Dag name:NEPSE_DAG queued_at:2024-11-25 09:57:28.742632+00:00
[2024-11-25T09:58:38.984+0000] {logging_mixin.py:190} INFO - Task hostname:1f1ac52b5dc6 operator:PythonOperator
[2024-11-25T09:58:39.013+0000] {local_task_job_runner.py:266} INFO - Task exited with return code 0
[2024-11-25T09:58:39.035+0000] {taskinstance.py:3895} INFO - 1 downstream tasks scheduled from follow-on schedule check
[2024-11-25T09:58:39.038+0000] {local_task_job_runner.py:245} INFO - ::endgroup::
