[2024-12-01T11:27:09.228+0000] {local_task_job_runner.py:123} INFO - ::group::Pre task execution logs
[2024-12-01T11:27:09.271+0000] {taskinstance.py:2613} INFO - Dependencies all met for dep_context=non-requeueable deps ti=<TaskInstance: NEPSE_DAG.extract_data manual__2024-12-01T11:27:03.890539+00:00 [queued]>
[2024-12-01T11:27:09.301+0000] {taskinstance.py:2613} INFO - Dependencies all met for dep_context=requeueable deps ti=<TaskInstance: NEPSE_DAG.extract_data manual__2024-12-01T11:27:03.890539+00:00 [queued]>
[2024-12-01T11:27:09.302+0000] {taskinstance.py:2866} INFO - Starting attempt 1 of 3
[2024-12-01T11:27:09.384+0000] {taskinstance.py:2889} INFO - Executing <Task(PythonOperator): extract_data> on 2024-12-01 11:27:03.890539+00:00
[2024-12-01T11:27:09.675+0000] {standard_task_runner.py:104} INFO - Running: ['***', 'tasks', 'run', 'NEPSE_DAG', 'extract_data', 'manual__2024-12-01T11:27:03.890539+00:00', '--job-id', '100', '--raw', '--subdir', 'DAGS_FOLDER/etl.py', '--cfg-path', '/tmp/tmph6yuq5oo']
[2024-12-01T11:27:09.683+0000] {standard_task_runner.py:105} INFO - Job 100: Subtask extract_data
[2024-12-01T11:27:09.711+0000] {logging_mixin.py:190} WARNING - /home/***/.local/lib/python3.12/site-packages/***/task/task_runner/standard_task_runner.py:70 DeprecationWarning: This process (pid=11944) is multi-threaded, use of fork() may lead to deadlocks in the child.
[2024-12-01T11:27:09.713+0000] {standard_task_runner.py:72} INFO - Started process 12001 to run task
[2024-12-01T11:27:10.081+0000] {task_command.py:467} INFO - Running <TaskInstance: NEPSE_DAG.extract_data manual__2024-12-01T11:27:03.890539+00:00 [running]> on host 3ea3626af2da
[2024-12-01T11:27:10.632+0000] {taskinstance.py:3132} INFO - Exporting env vars: AIRFLOW_CTX_DAG_OWNER='***' AIRFLOW_CTX_DAG_ID='NEPSE_DAG' AIRFLOW_CTX_TASK_ID='extract_data' AIRFLOW_CTX_EXECUTION_DATE='2024-12-01T11:27:03.890539+00:00' AIRFLOW_CTX_TRY_NUMBER='1' AIRFLOW_CTX_DAG_RUN_ID='manual__2024-12-01T11:27:03.890539+00:00'
[2024-12-01T11:27:10.637+0000] {logging_mixin.py:190} INFO - Task instance is in running state
[2024-12-01T11:27:10.639+0000] {logging_mixin.py:190} INFO -  Previous state of the Task instance: queued
[2024-12-01T11:27:10.641+0000] {logging_mixin.py:190} INFO - Current task name:extract_data state:running start_date:2024-12-01 11:27:09.273357+00:00
[2024-12-01T11:27:10.644+0000] {logging_mixin.py:190} INFO - Dag name:NEPSE_DAG and current dag run status:running
[2024-12-01T11:27:10.647+0000] {taskinstance.py:731} INFO - ::endgroup::
[2024-12-01T11:27:17.019+0000] {logging_mixin.py:190} INFO - Table located
[2024-12-01T11:27:17.146+0000] {logging_mixin.py:190} INFO - Header extracted
[2024-12-01T11:27:17.368+0000] {logging_mixin.py:190} INFO - Next button clicked
[2024-12-01T11:27:19.402+0000] {logging_mixin.py:190} INFO - Table located
[2024-12-01T11:27:19.617+0000] {logging_mixin.py:190} INFO - Next button clicked
[2024-12-01T11:27:21.650+0000] {logging_mixin.py:190} INFO - Table located
[2024-12-01T11:27:22.021+0000] {logging_mixin.py:190} INFO - Next button clicked
[2024-12-01T11:27:24.057+0000] {logging_mixin.py:190} INFO - Table located
[2024-12-01T11:27:24.358+0000] {logging_mixin.py:190} INFO - Next button clicked
[2024-12-01T11:27:26.385+0000] {logging_mixin.py:190} INFO - Table located
[2024-12-01T11:27:26.666+0000] {logging_mixin.py:190} INFO - Next button clicked
[2024-12-01T11:27:28.688+0000] {logging_mixin.py:190} INFO - Table located
[2024-12-01T11:27:28.881+0000] {logging_mixin.py:190} INFO - Next button clicked
[2024-12-01T11:27:30.918+0000] {logging_mixin.py:190} INFO - Table located
[2024-12-01T11:27:31.118+0000] {logging_mixin.py:190} INFO - Next button clicked
[2024-12-01T11:27:33.145+0000] {logging_mixin.py:190} INFO - Table located
[2024-12-01T11:27:33.369+0000] {logging_mixin.py:190} INFO - Next button clicked
[2024-12-01T11:27:35.396+0000] {logging_mixin.py:190} INFO - Table located
[2024-12-01T11:27:35.574+0000] {logging_mixin.py:190} INFO - Next button clicked
[2024-12-01T11:27:37.605+0000] {logging_mixin.py:190} INFO - Table located
[2024-12-01T11:27:37.783+0000] {logging_mixin.py:190} INFO - Next button clicked
[2024-12-01T11:27:39.825+0000] {logging_mixin.py:190} INFO - Table located
[2024-12-01T11:27:40.199+0000] {logging_mixin.py:190} INFO - Next button clicked
[2024-12-01T11:27:40.766+0000] {logging_mixin.py:190} INFO - Table located
[2024-12-01T11:27:41.004+0000] {logging_mixin.py:190} INFO - Next button clicked
[2024-12-01T11:27:43.028+0000] {logging_mixin.py:190} INFO - Table located
[2024-12-01T11:27:43.261+0000] {logging_mixin.py:190} INFO - Next button clicked
[2024-12-01T11:27:45.292+0000] {logging_mixin.py:190} INFO - Table located
[2024-12-01T11:27:45.472+0000] {logging_mixin.py:190} INFO - Next button clicked
[2024-12-01T11:27:47.501+0000] {logging_mixin.py:190} INFO - Table located
[2024-12-01T11:27:47.693+0000] {logging_mixin.py:190} INFO - Next button clicked
[2024-12-01T11:27:49.724+0000] {logging_mixin.py:190} INFO - Table located
[2024-12-01T11:28:08.451+0000] {logging_mixin.py:190} INFO - No more pages
[2024-12-01T11:28:08.453+0000] {logging_mixin.py:190} INFO - Data extraction completed
[2024-12-01T11:28:08.464+0000] {logging_mixin.py:190} INFO - 2024-12-01
[2024-12-01T11:28:08.666+0000] {logging_mixin.py:190} INFO - Data loading successful.
[2024-12-01T11:28:08.680+0000] {python.py:240} INFO - Done. Returned value was: None
[2024-12-01T11:28:08.703+0000] {taskinstance.py:340} INFO - ::group::Post task execution logs
[2024-12-01T11:28:08.704+0000] {taskinstance.py:352} INFO - Marking task as SUCCESS. dag_id=NEPSE_DAG, task_id=extract_data, run_id=manual__2024-12-01T11:27:03.890539+00:00, execution_date=20241201T112703, start_date=20241201T112709, end_date=20241201T112808
[2024-12-01T11:28:08.724+0000] {logging_mixin.py:190} INFO - Task instance in success state
[2024-12-01T11:28:08.726+0000] {logging_mixin.py:190} INFO -  Previous state of the Task instance: running
[2024-12-01T11:28:08.727+0000] {logging_mixin.py:190} INFO - Dag name:NEPSE_DAG queued_at:2024-12-01 11:27:04.048481+00:00
[2024-12-01T11:28:08.728+0000] {logging_mixin.py:190} INFO - Task hostname:3ea3626af2da operator:PythonOperator
[2024-12-01T11:28:08.776+0000] {local_task_job_runner.py:266} INFO - Task exited with return code 0
[2024-12-01T11:28:08.815+0000] {taskinstance.py:3895} INFO - 1 downstream tasks scheduled from follow-on schedule check
[2024-12-01T11:28:08.820+0000] {local_task_job_runner.py:245} INFO - ::endgroup::
