[2024-11-18T06:38:19.155+0000] {processor.py:186} INFO - Started process (PID=352) to work on /home/airflow/.local/lib/python3.12/site-packages/airflow/example_dags/example_dataset_alias.py
[2024-11-18T06:38:19.158+0000] {processor.py:914} INFO - Processing file /home/airflow/.local/lib/python3.12/site-packages/airflow/example_dags/example_dataset_alias.py for tasks to queue
[2024-11-18T06:38:19.162+0000] {logging_mixin.py:190} INFO - [2024-11-18T06:38:19.162+0000] {dagbag.py:588} INFO - Filling up the DagBag from /home/airflow/.local/lib/python3.12/site-packages/airflow/example_dags/example_dataset_alias.py
[2024-11-18T06:38:21.473+0000] {processor.py:925} INFO - DAG(s) 'dataset_s3_bucket_producer', 'dataset_alias_example_alias_consumer', 'dataset_alias_example_alias_producer', 'dataset_s3_bucket_consumer' retrieved from /home/airflow/.local/lib/python3.12/site-packages/airflow/example_dags/example_dataset_alias.py
[2024-11-18T06:38:21.545+0000] {logging_mixin.py:190} INFO - [2024-11-18T06:38:21.541+0000] {dag.py:3239} INFO - Sync 4 DAGs
[2024-11-18T06:38:21.610+0000] {logging_mixin.py:190} INFO - [2024-11-18T06:38:21.609+0000] {dag.py:4180} INFO - Setting next_dagrun for dataset_alias_example_alias_consumer to None, run_after=None
[2024-11-18T06:38:21.616+0000] {logging_mixin.py:190} INFO - [2024-11-18T06:38:21.615+0000] {dag.py:4180} INFO - Setting next_dagrun for dataset_alias_example_alias_producer to None, run_after=None
[2024-11-18T06:38:21.619+0000] {logging_mixin.py:190} INFO - [2024-11-18T06:38:21.618+0000] {dag.py:4180} INFO - Setting next_dagrun for dataset_s3_bucket_consumer to None, run_after=None
[2024-11-18T06:38:21.621+0000] {logging_mixin.py:190} INFO - [2024-11-18T06:38:21.621+0000] {dag.py:4180} INFO - Setting next_dagrun for dataset_s3_bucket_producer to None, run_after=None
[2024-11-18T06:38:21.673+0000] {processor.py:208} INFO - Processing /home/airflow/.local/lib/python3.12/site-packages/airflow/example_dags/example_dataset_alias.py took 2.527 seconds
[2024-11-18T06:38:52.456+0000] {processor.py:186} INFO - Started process (PID=660) to work on /home/airflow/.local/lib/python3.12/site-packages/airflow/example_dags/example_dataset_alias.py
[2024-11-18T06:38:52.459+0000] {processor.py:914} INFO - Processing file /home/airflow/.local/lib/python3.12/site-packages/airflow/example_dags/example_dataset_alias.py for tasks to queue
[2024-11-18T06:38:52.464+0000] {logging_mixin.py:190} INFO - [2024-11-18T06:38:52.463+0000] {dagbag.py:588} INFO - Filling up the DagBag from /home/airflow/.local/lib/python3.12/site-packages/airflow/example_dags/example_dataset_alias.py
[2024-11-18T06:38:53.499+0000] {processor.py:925} INFO - DAG(s) 'dataset_alias_example_alias_producer', 'dataset_alias_example_alias_consumer', 'dataset_s3_bucket_consumer', 'dataset_s3_bucket_producer' retrieved from /home/airflow/.local/lib/python3.12/site-packages/airflow/example_dags/example_dataset_alias.py
[2024-11-18T06:38:53.532+0000] {logging_mixin.py:190} INFO - [2024-11-18T06:38:53.531+0000] {dag.py:3239} INFO - Sync 4 DAGs
[2024-11-18T06:38:53.560+0000] {logging_mixin.py:190} INFO - [2024-11-18T06:38:53.560+0000] {dag.py:4180} INFO - Setting next_dagrun for dataset_alias_example_alias_consumer to None, run_after=None
[2024-11-18T06:38:53.564+0000] {logging_mixin.py:190} INFO - [2024-11-18T06:38:53.564+0000] {dag.py:4180} INFO - Setting next_dagrun for dataset_alias_example_alias_producer to None, run_after=None
[2024-11-18T06:38:53.567+0000] {logging_mixin.py:190} INFO - [2024-11-18T06:38:53.566+0000] {dag.py:4180} INFO - Setting next_dagrun for dataset_s3_bucket_consumer to None, run_after=None
[2024-11-18T06:38:53.569+0000] {logging_mixin.py:190} INFO - [2024-11-18T06:38:53.568+0000] {dag.py:4180} INFO - Setting next_dagrun for dataset_s3_bucket_producer to None, run_after=None
[2024-11-18T06:38:53.595+0000] {processor.py:208} INFO - Processing /home/airflow/.local/lib/python3.12/site-packages/airflow/example_dags/example_dataset_alias.py took 1.175 seconds
[2024-11-18T06:39:23.814+0000] {processor.py:186} INFO - Started process (PID=974) to work on /home/airflow/.local/lib/python3.12/site-packages/airflow/example_dags/example_dataset_alias.py
[2024-11-18T06:39:23.816+0000] {processor.py:914} INFO - Processing file /home/airflow/.local/lib/python3.12/site-packages/airflow/example_dags/example_dataset_alias.py for tasks to queue
[2024-11-18T06:39:23.821+0000] {logging_mixin.py:190} INFO - [2024-11-18T06:39:23.820+0000] {dagbag.py:588} INFO - Filling up the DagBag from /home/airflow/.local/lib/python3.12/site-packages/airflow/example_dags/example_dataset_alias.py
[2024-11-18T06:39:24.896+0000] {processor.py:925} INFO - DAG(s) 'dataset_s3_bucket_consumer', 'dataset_alias_example_alias_producer', 'dataset_alias_example_alias_consumer', 'dataset_s3_bucket_producer' retrieved from /home/airflow/.local/lib/python3.12/site-packages/airflow/example_dags/example_dataset_alias.py
[2024-11-18T06:39:24.925+0000] {logging_mixin.py:190} INFO - [2024-11-18T06:39:24.924+0000] {dag.py:3239} INFO - Sync 4 DAGs
[2024-11-18T06:39:24.954+0000] {logging_mixin.py:190} INFO - [2024-11-18T06:39:24.954+0000] {dag.py:4180} INFO - Setting next_dagrun for dataset_alias_example_alias_consumer to None, run_after=None
[2024-11-18T06:39:24.959+0000] {logging_mixin.py:190} INFO - [2024-11-18T06:39:24.959+0000] {dag.py:4180} INFO - Setting next_dagrun for dataset_alias_example_alias_producer to None, run_after=None
[2024-11-18T06:39:24.961+0000] {logging_mixin.py:190} INFO - [2024-11-18T06:39:24.961+0000] {dag.py:4180} INFO - Setting next_dagrun for dataset_s3_bucket_consumer to None, run_after=None
[2024-11-18T06:39:24.963+0000] {logging_mixin.py:190} INFO - [2024-11-18T06:39:24.963+0000] {dag.py:4180} INFO - Setting next_dagrun for dataset_s3_bucket_producer to None, run_after=None
[2024-11-18T06:39:24.994+0000] {processor.py:208} INFO - Processing /home/airflow/.local/lib/python3.12/site-packages/airflow/example_dags/example_dataset_alias.py took 1.193 seconds
[2024-11-18T06:39:55.833+0000] {processor.py:186} INFO - Started process (PID=1277) to work on /home/airflow/.local/lib/python3.12/site-packages/airflow/example_dags/example_dataset_alias.py
[2024-11-18T06:39:55.835+0000] {processor.py:914} INFO - Processing file /home/airflow/.local/lib/python3.12/site-packages/airflow/example_dags/example_dataset_alias.py for tasks to queue
[2024-11-18T06:39:55.838+0000] {logging_mixin.py:190} INFO - [2024-11-18T06:39:55.838+0000] {dagbag.py:588} INFO - Filling up the DagBag from /home/airflow/.local/lib/python3.12/site-packages/airflow/example_dags/example_dataset_alias.py
[2024-11-18T06:39:56.868+0000] {processor.py:925} INFO - DAG(s) 'dataset_s3_bucket_producer', 'dataset_s3_bucket_consumer', 'dataset_alias_example_alias_consumer', 'dataset_alias_example_alias_producer' retrieved from /home/airflow/.local/lib/python3.12/site-packages/airflow/example_dags/example_dataset_alias.py
[2024-11-18T06:39:56.918+0000] {logging_mixin.py:190} INFO - [2024-11-18T06:39:56.917+0000] {dag.py:3239} INFO - Sync 4 DAGs
[2024-11-18T06:39:56.978+0000] {logging_mixin.py:190} INFO - [2024-11-18T06:39:56.977+0000] {dag.py:4180} INFO - Setting next_dagrun for dataset_alias_example_alias_consumer to None, run_after=None
[2024-11-18T06:39:56.984+0000] {logging_mixin.py:190} INFO - [2024-11-18T06:39:56.983+0000] {dag.py:4180} INFO - Setting next_dagrun for dataset_alias_example_alias_producer to None, run_after=None
[2024-11-18T06:39:56.988+0000] {logging_mixin.py:190} INFO - [2024-11-18T06:39:56.987+0000] {dag.py:4180} INFO - Setting next_dagrun for dataset_s3_bucket_consumer to None, run_after=None
[2024-11-18T06:39:56.992+0000] {logging_mixin.py:190} INFO - [2024-11-18T06:39:56.992+0000] {dag.py:4180} INFO - Setting next_dagrun for dataset_s3_bucket_producer to None, run_after=None
[2024-11-18T06:39:57.046+0000] {processor.py:208} INFO - Processing /home/airflow/.local/lib/python3.12/site-packages/airflow/example_dags/example_dataset_alias.py took 1.221 seconds
[2024-11-18T06:40:27.974+0000] {processor.py:186} INFO - Started process (PID=1539) to work on /home/airflow/.local/lib/python3.12/site-packages/airflow/example_dags/example_dataset_alias.py
[2024-11-18T06:40:27.978+0000] {processor.py:914} INFO - Processing file /home/airflow/.local/lib/python3.12/site-packages/airflow/example_dags/example_dataset_alias.py for tasks to queue
[2024-11-18T06:40:27.984+0000] {logging_mixin.py:190} INFO - [2024-11-18T06:40:27.983+0000] {dagbag.py:588} INFO - Filling up the DagBag from /home/airflow/.local/lib/python3.12/site-packages/airflow/example_dags/example_dataset_alias.py
[2024-11-18T06:40:29.428+0000] {processor.py:925} INFO - DAG(s) 'dataset_s3_bucket_consumer', 'dataset_alias_example_alias_consumer', 'dataset_s3_bucket_producer', 'dataset_alias_example_alias_producer' retrieved from /home/airflow/.local/lib/python3.12/site-packages/airflow/example_dags/example_dataset_alias.py
[2024-11-18T06:40:29.475+0000] {logging_mixin.py:190} INFO - [2024-11-18T06:40:29.474+0000] {dag.py:3239} INFO - Sync 4 DAGs
[2024-11-18T06:40:29.527+0000] {logging_mixin.py:190} INFO - [2024-11-18T06:40:29.527+0000] {dag.py:4180} INFO - Setting next_dagrun for dataset_alias_example_alias_consumer to None, run_after=None
[2024-11-18T06:40:29.535+0000] {logging_mixin.py:190} INFO - [2024-11-18T06:40:29.535+0000] {dag.py:4180} INFO - Setting next_dagrun for dataset_alias_example_alias_producer to None, run_after=None
[2024-11-18T06:40:29.540+0000] {logging_mixin.py:190} INFO - [2024-11-18T06:40:29.539+0000] {dag.py:4180} INFO - Setting next_dagrun for dataset_s3_bucket_consumer to None, run_after=None
[2024-11-18T06:40:29.543+0000] {logging_mixin.py:190} INFO - [2024-11-18T06:40:29.542+0000] {dag.py:4180} INFO - Setting next_dagrun for dataset_s3_bucket_producer to None, run_after=None
[2024-11-18T06:40:29.595+0000] {processor.py:208} INFO - Processing /home/airflow/.local/lib/python3.12/site-packages/airflow/example_dags/example_dataset_alias.py took 1.631 seconds
[2024-11-18T06:40:59.764+0000] {processor.py:186} INFO - Started process (PID=1856) to work on /home/airflow/.local/lib/python3.12/site-packages/airflow/example_dags/example_dataset_alias.py
[2024-11-18T06:40:59.766+0000] {processor.py:914} INFO - Processing file /home/airflow/.local/lib/python3.12/site-packages/airflow/example_dags/example_dataset_alias.py for tasks to queue
[2024-11-18T06:40:59.769+0000] {logging_mixin.py:190} INFO - [2024-11-18T06:40:59.768+0000] {dagbag.py:588} INFO - Filling up the DagBag from /home/airflow/.local/lib/python3.12/site-packages/airflow/example_dags/example_dataset_alias.py
[2024-11-18T06:41:00.616+0000] {processor.py:925} INFO - DAG(s) 'dataset_alias_example_alias_producer', 'dataset_s3_bucket_consumer', 'dataset_alias_example_alias_consumer', 'dataset_s3_bucket_producer' retrieved from /home/airflow/.local/lib/python3.12/site-packages/airflow/example_dags/example_dataset_alias.py
[2024-11-18T06:41:00.651+0000] {logging_mixin.py:190} INFO - [2024-11-18T06:41:00.650+0000] {dag.py:3239} INFO - Sync 4 DAGs
[2024-11-18T06:41:00.683+0000] {logging_mixin.py:190} INFO - [2024-11-18T06:41:00.683+0000] {dag.py:4180} INFO - Setting next_dagrun for dataset_alias_example_alias_consumer to None, run_after=None
[2024-11-18T06:41:00.687+0000] {logging_mixin.py:190} INFO - [2024-11-18T06:41:00.686+0000] {dag.py:4180} INFO - Setting next_dagrun for dataset_alias_example_alias_producer to None, run_after=None
[2024-11-18T06:41:00.689+0000] {logging_mixin.py:190} INFO - [2024-11-18T06:41:00.689+0000] {dag.py:4180} INFO - Setting next_dagrun for dataset_s3_bucket_consumer to None, run_after=None
[2024-11-18T06:41:00.694+0000] {logging_mixin.py:190} INFO - [2024-11-18T06:41:00.693+0000] {dag.py:4180} INFO - Setting next_dagrun for dataset_s3_bucket_producer to None, run_after=None
[2024-11-18T06:41:00.728+0000] {processor.py:208} INFO - Processing /home/airflow/.local/lib/python3.12/site-packages/airflow/example_dags/example_dataset_alias.py took 0.972 seconds
[2024-11-18T06:41:32.683+0000] {processor.py:186} INFO - Started process (PID=2137) to work on /home/airflow/.local/lib/python3.12/site-packages/airflow/example_dags/example_dataset_alias.py
[2024-11-18T06:41:32.685+0000] {processor.py:914} INFO - Processing file /home/airflow/.local/lib/python3.12/site-packages/airflow/example_dags/example_dataset_alias.py for tasks to queue
[2024-11-18T06:41:32.691+0000] {logging_mixin.py:190} INFO - [2024-11-18T06:41:32.690+0000] {dagbag.py:588} INFO - Filling up the DagBag from /home/airflow/.local/lib/python3.12/site-packages/airflow/example_dags/example_dataset_alias.py
[2024-11-18T06:41:33.998+0000] {processor.py:925} INFO - DAG(s) 'dataset_alias_example_alias_consumer', 'dataset_alias_example_alias_producer', 'dataset_s3_bucket_producer', 'dataset_s3_bucket_consumer' retrieved from /home/airflow/.local/lib/python3.12/site-packages/airflow/example_dags/example_dataset_alias.py
[2024-11-18T06:41:34.073+0000] {logging_mixin.py:190} INFO - [2024-11-18T06:41:34.071+0000] {dag.py:3239} INFO - Sync 4 DAGs
[2024-11-18T06:41:34.153+0000] {logging_mixin.py:190} INFO - [2024-11-18T06:41:34.152+0000] {dag.py:4180} INFO - Setting next_dagrun for dataset_alias_example_alias_consumer to None, run_after=None
[2024-11-18T06:41:34.163+0000] {logging_mixin.py:190} INFO - [2024-11-18T06:41:34.162+0000] {dag.py:4180} INFO - Setting next_dagrun for dataset_alias_example_alias_producer to None, run_after=None
[2024-11-18T06:41:34.167+0000] {logging_mixin.py:190} INFO - [2024-11-18T06:41:34.167+0000] {dag.py:4180} INFO - Setting next_dagrun for dataset_s3_bucket_consumer to None, run_after=None
[2024-11-18T06:41:34.172+0000] {logging_mixin.py:190} INFO - [2024-11-18T06:41:34.171+0000] {dag.py:4180} INFO - Setting next_dagrun for dataset_s3_bucket_producer to None, run_after=None
[2024-11-18T06:41:34.238+0000] {processor.py:208} INFO - Processing /home/airflow/.local/lib/python3.12/site-packages/airflow/example_dags/example_dataset_alias.py took 1.569 seconds
[2024-11-18T06:42:04.837+0000] {processor.py:186} INFO - Started process (PID=2460) to work on /home/airflow/.local/lib/python3.12/site-packages/airflow/example_dags/example_dataset_alias.py
[2024-11-18T06:42:04.839+0000] {processor.py:914} INFO - Processing file /home/airflow/.local/lib/python3.12/site-packages/airflow/example_dags/example_dataset_alias.py for tasks to queue
[2024-11-18T06:42:04.844+0000] {logging_mixin.py:190} INFO - [2024-11-18T06:42:04.843+0000] {dagbag.py:588} INFO - Filling up the DagBag from /home/airflow/.local/lib/python3.12/site-packages/airflow/example_dags/example_dataset_alias.py
[2024-11-18T06:42:06.106+0000] {processor.py:925} INFO - DAG(s) 'dataset_s3_bucket_producer', 'dataset_alias_example_alias_consumer', 'dataset_s3_bucket_consumer', 'dataset_alias_example_alias_producer' retrieved from /home/airflow/.local/lib/python3.12/site-packages/airflow/example_dags/example_dataset_alias.py
[2024-11-18T06:42:06.155+0000] {logging_mixin.py:190} INFO - [2024-11-18T06:42:06.154+0000] {dag.py:3239} INFO - Sync 4 DAGs
[2024-11-18T06:42:06.202+0000] {logging_mixin.py:190} INFO - [2024-11-18T06:42:06.202+0000] {dag.py:4180} INFO - Setting next_dagrun for dataset_alias_example_alias_consumer to None, run_after=None
[2024-11-18T06:42:06.207+0000] {logging_mixin.py:190} INFO - [2024-11-18T06:42:06.207+0000] {dag.py:4180} INFO - Setting next_dagrun for dataset_alias_example_alias_producer to None, run_after=None
[2024-11-18T06:42:06.211+0000] {logging_mixin.py:190} INFO - [2024-11-18T06:42:06.211+0000] {dag.py:4180} INFO - Setting next_dagrun for dataset_s3_bucket_consumer to None, run_after=None
[2024-11-18T06:42:06.214+0000] {logging_mixin.py:190} INFO - [2024-11-18T06:42:06.214+0000] {dag.py:4180} INFO - Setting next_dagrun for dataset_s3_bucket_producer to None, run_after=None
[2024-11-18T06:42:06.257+0000] {processor.py:208} INFO - Processing /home/airflow/.local/lib/python3.12/site-packages/airflow/example_dags/example_dataset_alias.py took 1.433 seconds
[2024-11-18T06:42:37.057+0000] {processor.py:186} INFO - Started process (PID=2780) to work on /home/airflow/.local/lib/python3.12/site-packages/airflow/example_dags/example_dataset_alias.py
[2024-11-18T06:42:37.059+0000] {processor.py:914} INFO - Processing file /home/airflow/.local/lib/python3.12/site-packages/airflow/example_dags/example_dataset_alias.py for tasks to queue
[2024-11-18T06:42:37.063+0000] {logging_mixin.py:190} INFO - [2024-11-18T06:42:37.063+0000] {dagbag.py:588} INFO - Filling up the DagBag from /home/airflow/.local/lib/python3.12/site-packages/airflow/example_dags/example_dataset_alias.py
[2024-11-18T06:42:38.074+0000] {processor.py:925} INFO - DAG(s) 'dataset_alias_example_alias_consumer', 'dataset_s3_bucket_producer', 'dataset_s3_bucket_consumer', 'dataset_alias_example_alias_producer' retrieved from /home/airflow/.local/lib/python3.12/site-packages/airflow/example_dags/example_dataset_alias.py
[2024-11-18T06:42:38.134+0000] {logging_mixin.py:190} INFO - [2024-11-18T06:42:38.133+0000] {dag.py:3239} INFO - Sync 4 DAGs
[2024-11-18T06:42:38.177+0000] {logging_mixin.py:190} INFO - [2024-11-18T06:42:38.176+0000] {dag.py:4180} INFO - Setting next_dagrun for dataset_alias_example_alias_consumer to None, run_after=None
[2024-11-18T06:42:38.183+0000] {logging_mixin.py:190} INFO - [2024-11-18T06:42:38.183+0000] {dag.py:4180} INFO - Setting next_dagrun for dataset_alias_example_alias_producer to None, run_after=None
[2024-11-18T06:42:38.189+0000] {logging_mixin.py:190} INFO - [2024-11-18T06:42:38.188+0000] {dag.py:4180} INFO - Setting next_dagrun for dataset_s3_bucket_consumer to None, run_after=None
[2024-11-18T06:42:38.193+0000] {logging_mixin.py:190} INFO - [2024-11-18T06:42:38.192+0000] {dag.py:4180} INFO - Setting next_dagrun for dataset_s3_bucket_producer to None, run_after=None
[2024-11-18T06:42:38.235+0000] {processor.py:208} INFO - Processing /home/airflow/.local/lib/python3.12/site-packages/airflow/example_dags/example_dataset_alias.py took 1.185 seconds
