[2024-11-18T06:38:26.509+0000] {processor.py:186} INFO - Started process (PID=462) to work on /home/airflow/.local/lib/python3.12/site-packages/airflow/example_dags/example_task_group.py
[2024-11-18T06:38:26.516+0000] {processor.py:914} INFO - Processing file /home/airflow/.local/lib/python3.12/site-packages/airflow/example_dags/example_task_group.py for tasks to queue
[2024-11-18T06:38:26.528+0000] {logging_mixin.py:190} INFO - [2024-11-18T06:38:26.527+0000] {dagbag.py:588} INFO - Filling up the DagBag from /home/airflow/.local/lib/python3.12/site-packages/airflow/example_dags/example_task_group.py
[2024-11-18T06:38:26.570+0000] {processor.py:925} INFO - DAG(s) 'example_task_group' retrieved from /home/airflow/.local/lib/python3.12/site-packages/airflow/example_dags/example_task_group.py
[2024-11-18T06:38:26.637+0000] {logging_mixin.py:190} INFO - [2024-11-18T06:38:26.635+0000] {dag.py:3239} INFO - Sync 1 DAGs
[2024-11-18T06:38:26.687+0000] {logging_mixin.py:190} INFO - [2024-11-18T06:38:26.686+0000] {dag.py:4180} INFO - Setting next_dagrun for example_task_group to None, run_after=None
[2024-11-18T06:38:26.732+0000] {processor.py:208} INFO - Processing /home/airflow/.local/lib/python3.12/site-packages/airflow/example_dags/example_task_group.py took 0.258 seconds
[2024-11-18T06:38:56.951+0000] {processor.py:186} INFO - Started process (PID=758) to work on /home/airflow/.local/lib/python3.12/site-packages/airflow/example_dags/example_task_group.py
[2024-11-18T06:38:56.955+0000] {processor.py:914} INFO - Processing file /home/airflow/.local/lib/python3.12/site-packages/airflow/example_dags/example_task_group.py for tasks to queue
[2024-11-18T06:38:56.959+0000] {logging_mixin.py:190} INFO - [2024-11-18T06:38:56.959+0000] {dagbag.py:588} INFO - Filling up the DagBag from /home/airflow/.local/lib/python3.12/site-packages/airflow/example_dags/example_task_group.py
[2024-11-18T06:38:56.972+0000] {processor.py:925} INFO - DAG(s) 'example_task_group' retrieved from /home/airflow/.local/lib/python3.12/site-packages/airflow/example_dags/example_task_group.py
[2024-11-18T06:38:57.004+0000] {logging_mixin.py:190} INFO - [2024-11-18T06:38:57.004+0000] {dag.py:3239} INFO - Sync 1 DAGs
[2024-11-18T06:38:57.030+0000] {logging_mixin.py:190} INFO - [2024-11-18T06:38:57.030+0000] {dag.py:4180} INFO - Setting next_dagrun for example_task_group to None, run_after=None
[2024-11-18T06:38:57.065+0000] {processor.py:208} INFO - Processing /home/airflow/.local/lib/python3.12/site-packages/airflow/example_dags/example_task_group.py took 0.124 seconds
[2024-11-18T06:39:27.756+0000] {processor.py:186} INFO - Started process (PID=1049) to work on /home/airflow/.local/lib/python3.12/site-packages/airflow/example_dags/example_task_group.py
[2024-11-18T06:39:27.759+0000] {processor.py:914} INFO - Processing file /home/airflow/.local/lib/python3.12/site-packages/airflow/example_dags/example_task_group.py for tasks to queue
[2024-11-18T06:39:27.765+0000] {logging_mixin.py:190} INFO - [2024-11-18T06:39:27.765+0000] {dagbag.py:588} INFO - Filling up the DagBag from /home/airflow/.local/lib/python3.12/site-packages/airflow/example_dags/example_task_group.py
[2024-11-18T06:39:27.787+0000] {processor.py:925} INFO - DAG(s) 'example_task_group' retrieved from /home/airflow/.local/lib/python3.12/site-packages/airflow/example_dags/example_task_group.py
[2024-11-18T06:39:27.838+0000] {logging_mixin.py:190} INFO - [2024-11-18T06:39:27.838+0000] {dag.py:3239} INFO - Sync 1 DAGs
[2024-11-18T06:39:27.900+0000] {logging_mixin.py:190} INFO - [2024-11-18T06:39:27.899+0000] {dag.py:4180} INFO - Setting next_dagrun for example_task_group to None, run_after=None
[2024-11-18T06:39:27.936+0000] {processor.py:208} INFO - Processing /home/airflow/.local/lib/python3.12/site-packages/airflow/example_dags/example_task_group.py took 0.200 seconds
[2024-11-18T06:39:59.228+0000] {processor.py:186} INFO - Started process (PID=1351) to work on /home/airflow/.local/lib/python3.12/site-packages/airflow/example_dags/example_task_group.py
[2024-11-18T06:39:59.229+0000] {processor.py:914} INFO - Processing file /home/airflow/.local/lib/python3.12/site-packages/airflow/example_dags/example_task_group.py for tasks to queue
[2024-11-18T06:39:59.235+0000] {logging_mixin.py:190} INFO - [2024-11-18T06:39:59.233+0000] {dagbag.py:588} INFO - Filling up the DagBag from /home/airflow/.local/lib/python3.12/site-packages/airflow/example_dags/example_task_group.py
[2024-11-18T06:39:59.256+0000] {processor.py:925} INFO - DAG(s) 'example_task_group' retrieved from /home/airflow/.local/lib/python3.12/site-packages/airflow/example_dags/example_task_group.py
[2024-11-18T06:39:59.298+0000] {logging_mixin.py:190} INFO - [2024-11-18T06:39:59.297+0000] {dag.py:3239} INFO - Sync 1 DAGs
[2024-11-18T06:39:59.322+0000] {logging_mixin.py:190} INFO - [2024-11-18T06:39:59.322+0000] {dag.py:4180} INFO - Setting next_dagrun for example_task_group to None, run_after=None
[2024-11-18T06:39:59.359+0000] {processor.py:208} INFO - Processing /home/airflow/.local/lib/python3.12/site-packages/airflow/example_dags/example_task_group.py took 0.144 seconds
[2024-11-18T06:40:33.997+0000] {processor.py:186} INFO - Started process (PID=1655) to work on /home/airflow/.local/lib/python3.12/site-packages/airflow/example_dags/example_task_group.py
[2024-11-18T06:40:34.001+0000] {processor.py:914} INFO - Processing file /home/airflow/.local/lib/python3.12/site-packages/airflow/example_dags/example_task_group.py for tasks to queue
[2024-11-18T06:40:34.008+0000] {logging_mixin.py:190} INFO - [2024-11-18T06:40:34.007+0000] {dagbag.py:588} INFO - Filling up the DagBag from /home/airflow/.local/lib/python3.12/site-packages/airflow/example_dags/example_task_group.py
[2024-11-18T06:40:34.031+0000] {processor.py:925} INFO - DAG(s) 'example_task_group' retrieved from /home/airflow/.local/lib/python3.12/site-packages/airflow/example_dags/example_task_group.py
[2024-11-18T06:40:34.073+0000] {logging_mixin.py:190} INFO - [2024-11-18T06:40:34.073+0000] {dag.py:3239} INFO - Sync 1 DAGs
[2024-11-18T06:40:34.098+0000] {logging_mixin.py:190} INFO - [2024-11-18T06:40:34.098+0000] {dag.py:4180} INFO - Setting next_dagrun for example_task_group to None, run_after=None
[2024-11-18T06:40:34.149+0000] {processor.py:208} INFO - Processing /home/airflow/.local/lib/python3.12/site-packages/airflow/example_dags/example_task_group.py took 0.170 seconds
[2024-11-18T06:41:05.029+0000] {processor.py:186} INFO - Started process (PID=1951) to work on /home/airflow/.local/lib/python3.12/site-packages/airflow/example_dags/example_task_group.py
[2024-11-18T06:41:05.031+0000] {processor.py:914} INFO - Processing file /home/airflow/.local/lib/python3.12/site-packages/airflow/example_dags/example_task_group.py for tasks to queue
[2024-11-18T06:41:05.038+0000] {logging_mixin.py:190} INFO - [2024-11-18T06:41:05.037+0000] {dagbag.py:588} INFO - Filling up the DagBag from /home/airflow/.local/lib/python3.12/site-packages/airflow/example_dags/example_task_group.py
[2024-11-18T06:41:05.056+0000] {processor.py:925} INFO - DAG(s) 'example_task_group' retrieved from /home/airflow/.local/lib/python3.12/site-packages/airflow/example_dags/example_task_group.py
[2024-11-18T06:41:05.100+0000] {logging_mixin.py:190} INFO - [2024-11-18T06:41:05.100+0000] {dag.py:3239} INFO - Sync 1 DAGs
[2024-11-18T06:41:05.126+0000] {logging_mixin.py:190} INFO - [2024-11-18T06:41:05.126+0000] {dag.py:4180} INFO - Setting next_dagrun for example_task_group to None, run_after=None
[2024-11-18T06:41:05.158+0000] {processor.py:208} INFO - Processing /home/airflow/.local/lib/python3.12/site-packages/airflow/example_dags/example_task_group.py took 0.141 seconds
[2024-11-18T06:41:37.619+0000] {processor.py:186} INFO - Started process (PID=2249) to work on /home/airflow/.local/lib/python3.12/site-packages/airflow/example_dags/example_task_group.py
[2024-11-18T06:41:37.621+0000] {processor.py:914} INFO - Processing file /home/airflow/.local/lib/python3.12/site-packages/airflow/example_dags/example_task_group.py for tasks to queue
[2024-11-18T06:41:37.625+0000] {logging_mixin.py:190} INFO - [2024-11-18T06:41:37.625+0000] {dagbag.py:588} INFO - Filling up the DagBag from /home/airflow/.local/lib/python3.12/site-packages/airflow/example_dags/example_task_group.py
[2024-11-18T06:41:37.638+0000] {processor.py:925} INFO - DAG(s) 'example_task_group' retrieved from /home/airflow/.local/lib/python3.12/site-packages/airflow/example_dags/example_task_group.py
[2024-11-18T06:41:37.668+0000] {logging_mixin.py:190} INFO - [2024-11-18T06:41:37.667+0000] {dag.py:3239} INFO - Sync 1 DAGs
[2024-11-18T06:41:37.689+0000] {logging_mixin.py:190} INFO - [2024-11-18T06:41:37.689+0000] {dag.py:4180} INFO - Setting next_dagrun for example_task_group to None, run_after=None
[2024-11-18T06:41:37.719+0000] {processor.py:208} INFO - Processing /home/airflow/.local/lib/python3.12/site-packages/airflow/example_dags/example_task_group.py took 0.109 seconds
[2024-11-18T06:42:08.406+0000] {processor.py:186} INFO - Started process (PID=2543) to work on /home/airflow/.local/lib/python3.12/site-packages/airflow/example_dags/example_task_group.py
[2024-11-18T06:42:08.407+0000] {processor.py:914} INFO - Processing file /home/airflow/.local/lib/python3.12/site-packages/airflow/example_dags/example_task_group.py for tasks to queue
[2024-11-18T06:42:08.411+0000] {logging_mixin.py:190} INFO - [2024-11-18T06:42:08.410+0000] {dagbag.py:588} INFO - Filling up the DagBag from /home/airflow/.local/lib/python3.12/site-packages/airflow/example_dags/example_task_group.py
[2024-11-18T06:42:08.424+0000] {processor.py:925} INFO - DAG(s) 'example_task_group' retrieved from /home/airflow/.local/lib/python3.12/site-packages/airflow/example_dags/example_task_group.py
[2024-11-18T06:42:08.452+0000] {logging_mixin.py:190} INFO - [2024-11-18T06:42:08.452+0000] {dag.py:3239} INFO - Sync 1 DAGs
[2024-11-18T06:42:08.471+0000] {logging_mixin.py:190} INFO - [2024-11-18T06:42:08.471+0000] {dag.py:4180} INFO - Setting next_dagrun for example_task_group to None, run_after=None
[2024-11-18T06:42:08.502+0000] {processor.py:208} INFO - Processing /home/airflow/.local/lib/python3.12/site-packages/airflow/example_dags/example_task_group.py took 0.103 seconds
[2024-11-18T06:42:39.724+0000] {processor.py:186} INFO - Started process (PID=2838) to work on /home/airflow/.local/lib/python3.12/site-packages/airflow/example_dags/example_task_group.py
[2024-11-18T06:42:39.726+0000] {processor.py:914} INFO - Processing file /home/airflow/.local/lib/python3.12/site-packages/airflow/example_dags/example_task_group.py for tasks to queue
[2024-11-18T06:42:39.729+0000] {logging_mixin.py:190} INFO - [2024-11-18T06:42:39.729+0000] {dagbag.py:588} INFO - Filling up the DagBag from /home/airflow/.local/lib/python3.12/site-packages/airflow/example_dags/example_task_group.py
[2024-11-18T06:42:39.742+0000] {processor.py:925} INFO - DAG(s) 'example_task_group' retrieved from /home/airflow/.local/lib/python3.12/site-packages/airflow/example_dags/example_task_group.py
[2024-11-18T06:42:39.766+0000] {logging_mixin.py:190} INFO - [2024-11-18T06:42:39.766+0000] {dag.py:3239} INFO - Sync 1 DAGs
[2024-11-18T06:42:39.783+0000] {logging_mixin.py:190} INFO - [2024-11-18T06:42:39.783+0000] {dag.py:4180} INFO - Setting next_dagrun for example_task_group to None, run_after=None
[2024-11-18T06:42:39.811+0000] {processor.py:208} INFO - Processing /home/airflow/.local/lib/python3.12/site-packages/airflow/example_dags/example_task_group.py took 0.094 seconds
