[2024-11-18T06:38:11.716+0000] {processor.py:186} INFO - Started process (PID=232) to work on /home/airflow/.local/lib/python3.12/site-packages/airflow/example_dags/example_sensors.py
[2024-11-18T06:38:11.718+0000] {processor.py:914} INFO - Processing file /home/airflow/.local/lib/python3.12/site-packages/airflow/example_dags/example_sensors.py for tasks to queue
[2024-11-18T06:38:11.721+0000] {logging_mixin.py:190} INFO - [2024-11-18T06:38:11.721+0000] {dagbag.py:588} INFO - Filling up the DagBag from /home/airflow/.local/lib/python3.12/site-packages/airflow/example_dags/example_sensors.py
[2024-11-18T06:38:11.741+0000] {processor.py:925} INFO - DAG(s) 'example_sensors' retrieved from /home/airflow/.local/lib/python3.12/site-packages/airflow/example_dags/example_sensors.py
[2024-11-18T06:38:11.844+0000] {logging_mixin.py:190} INFO - [2024-11-18T06:38:11.843+0000] {dag.py:3239} INFO - Sync 1 DAGs
[2024-11-18T06:38:11.909+0000] {logging_mixin.py:190} INFO - [2024-11-18T06:38:11.909+0000] {dag.py:4180} INFO - Setting next_dagrun for example_sensors to None, run_after=None
[2024-11-18T06:38:11.968+0000] {processor.py:208} INFO - Processing /home/airflow/.local/lib/python3.12/site-packages/airflow/example_dags/example_sensors.py took 0.263 seconds
[2024-11-18T06:38:42.178+0000] {processor.py:186} INFO - Started process (PID=523) to work on /home/airflow/.local/lib/python3.12/site-packages/airflow/example_dags/example_sensors.py
[2024-11-18T06:38:42.180+0000] {processor.py:914} INFO - Processing file /home/airflow/.local/lib/python3.12/site-packages/airflow/example_dags/example_sensors.py for tasks to queue
[2024-11-18T06:38:42.207+0000] {logging_mixin.py:190} INFO - [2024-11-18T06:38:42.204+0000] {dagbag.py:588} INFO - Filling up the DagBag from /home/airflow/.local/lib/python3.12/site-packages/airflow/example_dags/example_sensors.py
[2024-11-18T06:38:42.261+0000] {processor.py:925} INFO - DAG(s) 'example_sensors' retrieved from /home/airflow/.local/lib/python3.12/site-packages/airflow/example_dags/example_sensors.py
[2024-11-18T06:38:42.378+0000] {logging_mixin.py:190} INFO - [2024-11-18T06:38:42.378+0000] {dag.py:3239} INFO - Sync 1 DAGs
[2024-11-18T06:38:42.450+0000] {logging_mixin.py:190} INFO - [2024-11-18T06:38:42.450+0000] {dag.py:4180} INFO - Setting next_dagrun for example_sensors to None, run_after=None
[2024-11-18T06:38:42.509+0000] {processor.py:208} INFO - Processing /home/airflow/.local/lib/python3.12/site-packages/airflow/example_dags/example_sensors.py took 0.339 seconds
[2024-11-18T06:39:13.481+0000] {processor.py:186} INFO - Started process (PID=819) to work on /home/airflow/.local/lib/python3.12/site-packages/airflow/example_dags/example_sensors.py
[2024-11-18T06:39:13.483+0000] {processor.py:914} INFO - Processing file /home/airflow/.local/lib/python3.12/site-packages/airflow/example_dags/example_sensors.py for tasks to queue
[2024-11-18T06:39:13.488+0000] {logging_mixin.py:190} INFO - [2024-11-18T06:39:13.487+0000] {dagbag.py:588} INFO - Filling up the DagBag from /home/airflow/.local/lib/python3.12/site-packages/airflow/example_dags/example_sensors.py
[2024-11-18T06:39:13.514+0000] {processor.py:925} INFO - DAG(s) 'example_sensors' retrieved from /home/airflow/.local/lib/python3.12/site-packages/airflow/example_dags/example_sensors.py
[2024-11-18T06:39:13.607+0000] {logging_mixin.py:190} INFO - [2024-11-18T06:39:13.606+0000] {dag.py:3239} INFO - Sync 1 DAGs
[2024-11-18T06:39:13.764+0000] {logging_mixin.py:190} INFO - [2024-11-18T06:39:13.763+0000] {dag.py:4180} INFO - Setting next_dagrun for example_sensors to None, run_after=None
[2024-11-18T06:39:13.849+0000] {processor.py:208} INFO - Processing /home/airflow/.local/lib/python3.12/site-packages/airflow/example_dags/example_sensors.py took 0.379 seconds
[2024-11-18T06:39:44.252+0000] {processor.py:186} INFO - Started process (PID=1115) to work on /home/airflow/.local/lib/python3.12/site-packages/airflow/example_dags/example_sensors.py
[2024-11-18T06:39:44.254+0000] {processor.py:914} INFO - Processing file /home/airflow/.local/lib/python3.12/site-packages/airflow/example_dags/example_sensors.py for tasks to queue
[2024-11-18T06:39:44.260+0000] {logging_mixin.py:190} INFO - [2024-11-18T06:39:44.259+0000] {dagbag.py:588} INFO - Filling up the DagBag from /home/airflow/.local/lib/python3.12/site-packages/airflow/example_dags/example_sensors.py
[2024-11-18T06:39:44.282+0000] {processor.py:925} INFO - DAG(s) 'example_sensors' retrieved from /home/airflow/.local/lib/python3.12/site-packages/airflow/example_dags/example_sensors.py
[2024-11-18T06:39:44.330+0000] {logging_mixin.py:190} INFO - [2024-11-18T06:39:44.329+0000] {dag.py:3239} INFO - Sync 1 DAGs
[2024-11-18T06:39:44.346+0000] {logging_mixin.py:190} INFO - [2024-11-18T06:39:44.346+0000] {dag.py:4180} INFO - Setting next_dagrun for example_sensors to None, run_after=None
[2024-11-18T06:39:44.379+0000] {processor.py:208} INFO - Processing /home/airflow/.local/lib/python3.12/site-packages/airflow/example_dags/example_sensors.py took 0.139 seconds
[2024-11-18T06:40:14.532+0000] {processor.py:186} INFO - Started process (PID=1414) to work on /home/airflow/.local/lib/python3.12/site-packages/airflow/example_dags/example_sensors.py
[2024-11-18T06:40:14.534+0000] {processor.py:914} INFO - Processing file /home/airflow/.local/lib/python3.12/site-packages/airflow/example_dags/example_sensors.py for tasks to queue
[2024-11-18T06:40:14.539+0000] {logging_mixin.py:190} INFO - [2024-11-18T06:40:14.538+0000] {dagbag.py:588} INFO - Filling up the DagBag from /home/airflow/.local/lib/python3.12/site-packages/airflow/example_dags/example_sensors.py
[2024-11-18T06:40:14.584+0000] {processor.py:925} INFO - DAG(s) 'example_sensors' retrieved from /home/airflow/.local/lib/python3.12/site-packages/airflow/example_dags/example_sensors.py
[2024-11-18T06:40:14.672+0000] {logging_mixin.py:190} INFO - [2024-11-18T06:40:14.671+0000] {dag.py:3239} INFO - Sync 1 DAGs
[2024-11-18T06:40:14.784+0000] {logging_mixin.py:190} INFO - [2024-11-18T06:40:14.783+0000] {dag.py:4180} INFO - Setting next_dagrun for example_sensors to None, run_after=None
[2024-11-18T06:40:14.873+0000] {processor.py:208} INFO - Processing /home/airflow/.local/lib/python3.12/site-packages/airflow/example_dags/example_sensors.py took 0.358 seconds
[2024-11-18T06:40:45.129+0000] {processor.py:186} INFO - Started process (PID=1705) to work on /home/airflow/.local/lib/python3.12/site-packages/airflow/example_dags/example_sensors.py
[2024-11-18T06:40:45.133+0000] {processor.py:914} INFO - Processing file /home/airflow/.local/lib/python3.12/site-packages/airflow/example_dags/example_sensors.py for tasks to queue
[2024-11-18T06:40:45.137+0000] {logging_mixin.py:190} INFO - [2024-11-18T06:40:45.137+0000] {dagbag.py:588} INFO - Filling up the DagBag from /home/airflow/.local/lib/python3.12/site-packages/airflow/example_dags/example_sensors.py
[2024-11-18T06:40:45.155+0000] {processor.py:925} INFO - DAG(s) 'example_sensors' retrieved from /home/airflow/.local/lib/python3.12/site-packages/airflow/example_dags/example_sensors.py
[2024-11-18T06:40:45.195+0000] {logging_mixin.py:190} INFO - [2024-11-18T06:40:45.195+0000] {dag.py:3239} INFO - Sync 1 DAGs
[2024-11-18T06:40:45.222+0000] {logging_mixin.py:190} INFO - [2024-11-18T06:40:45.222+0000] {dag.py:4180} INFO - Setting next_dagrun for example_sensors to None, run_after=None
[2024-11-18T06:40:45.253+0000] {processor.py:208} INFO - Processing /home/airflow/.local/lib/python3.12/site-packages/airflow/example_dags/example_sensors.py took 0.133 seconds
[2024-11-18T06:41:15.858+0000] {processor.py:186} INFO - Started process (PID=2006) to work on /home/airflow/.local/lib/python3.12/site-packages/airflow/example_dags/example_sensors.py
[2024-11-18T06:41:15.860+0000] {processor.py:914} INFO - Processing file /home/airflow/.local/lib/python3.12/site-packages/airflow/example_dags/example_sensors.py for tasks to queue
[2024-11-18T06:41:15.863+0000] {logging_mixin.py:190} INFO - [2024-11-18T06:41:15.863+0000] {dagbag.py:588} INFO - Filling up the DagBag from /home/airflow/.local/lib/python3.12/site-packages/airflow/example_dags/example_sensors.py
[2024-11-18T06:41:15.879+0000] {processor.py:925} INFO - DAG(s) 'example_sensors' retrieved from /home/airflow/.local/lib/python3.12/site-packages/airflow/example_dags/example_sensors.py
[2024-11-18T06:41:15.915+0000] {logging_mixin.py:190} INFO - [2024-11-18T06:41:15.914+0000] {dag.py:3239} INFO - Sync 1 DAGs
[2024-11-18T06:41:15.934+0000] {logging_mixin.py:190} INFO - [2024-11-18T06:41:15.934+0000] {dag.py:4180} INFO - Setting next_dagrun for example_sensors to None, run_after=None
[2024-11-18T06:41:15.968+0000] {processor.py:208} INFO - Processing /home/airflow/.local/lib/python3.12/site-packages/airflow/example_dags/example_sensors.py took 0.121 seconds
[2024-11-18T06:41:46.558+0000] {processor.py:186} INFO - Started process (PID=2299) to work on /home/airflow/.local/lib/python3.12/site-packages/airflow/example_dags/example_sensors.py
[2024-11-18T06:41:46.560+0000] {processor.py:914} INFO - Processing file /home/airflow/.local/lib/python3.12/site-packages/airflow/example_dags/example_sensors.py for tasks to queue
[2024-11-18T06:41:46.565+0000] {logging_mixin.py:190} INFO - [2024-11-18T06:41:46.564+0000] {dagbag.py:588} INFO - Filling up the DagBag from /home/airflow/.local/lib/python3.12/site-packages/airflow/example_dags/example_sensors.py
[2024-11-18T06:41:46.583+0000] {processor.py:925} INFO - DAG(s) 'example_sensors' retrieved from /home/airflow/.local/lib/python3.12/site-packages/airflow/example_dags/example_sensors.py
[2024-11-18T06:41:46.624+0000] {logging_mixin.py:190} INFO - [2024-11-18T06:41:46.624+0000] {dag.py:3239} INFO - Sync 1 DAGs
[2024-11-18T06:41:46.649+0000] {logging_mixin.py:190} INFO - [2024-11-18T06:41:46.649+0000] {dag.py:4180} INFO - Setting next_dagrun for example_sensors to None, run_after=None
[2024-11-18T06:41:46.686+0000] {processor.py:208} INFO - Processing /home/airflow/.local/lib/python3.12/site-packages/airflow/example_dags/example_sensors.py took 0.136 seconds
[2024-11-18T06:42:17.529+0000] {processor.py:186} INFO - Started process (PID=2598) to work on /home/airflow/.local/lib/python3.12/site-packages/airflow/example_dags/example_sensors.py
[2024-11-18T06:42:17.531+0000] {processor.py:914} INFO - Processing file /home/airflow/.local/lib/python3.12/site-packages/airflow/example_dags/example_sensors.py for tasks to queue
[2024-11-18T06:42:17.535+0000] {logging_mixin.py:190} INFO - [2024-11-18T06:42:17.534+0000] {dagbag.py:588} INFO - Filling up the DagBag from /home/airflow/.local/lib/python3.12/site-packages/airflow/example_dags/example_sensors.py
[2024-11-18T06:42:17.556+0000] {processor.py:925} INFO - DAG(s) 'example_sensors' retrieved from /home/airflow/.local/lib/python3.12/site-packages/airflow/example_dags/example_sensors.py
[2024-11-18T06:42:17.599+0000] {logging_mixin.py:190} INFO - [2024-11-18T06:42:17.599+0000] {dag.py:3239} INFO - Sync 1 DAGs
[2024-11-18T06:42:17.623+0000] {logging_mixin.py:190} INFO - [2024-11-18T06:42:17.622+0000] {dag.py:4180} INFO - Setting next_dagrun for example_sensors to None, run_after=None
[2024-11-18T06:42:17.650+0000] {processor.py:208} INFO - Processing /home/airflow/.local/lib/python3.12/site-packages/airflow/example_dags/example_sensors.py took 0.129 seconds
[2024-11-18T06:42:47.830+0000] {processor.py:186} INFO - Started process (PID=2888) to work on /home/airflow/.local/lib/python3.12/site-packages/airflow/example_dags/example_sensors.py
[2024-11-18T06:42:47.832+0000] {processor.py:914} INFO - Processing file /home/airflow/.local/lib/python3.12/site-packages/airflow/example_dags/example_sensors.py for tasks to queue
[2024-11-18T06:42:47.835+0000] {logging_mixin.py:190} INFO - [2024-11-18T06:42:47.835+0000] {dagbag.py:588} INFO - Filling up the DagBag from /home/airflow/.local/lib/python3.12/site-packages/airflow/example_dags/example_sensors.py
[2024-11-18T06:42:47.851+0000] {processor.py:925} INFO - DAG(s) 'example_sensors' retrieved from /home/airflow/.local/lib/python3.12/site-packages/airflow/example_dags/example_sensors.py
[2024-11-18T06:42:47.887+0000] {logging_mixin.py:190} INFO - [2024-11-18T06:42:47.886+0000] {dag.py:3239} INFO - Sync 1 DAGs
[2024-11-18T06:42:47.917+0000] {logging_mixin.py:190} INFO - [2024-11-18T06:42:47.916+0000] {dag.py:4180} INFO - Setting next_dagrun for example_sensors to None, run_after=None
[2024-11-18T06:42:47.967+0000] {processor.py:208} INFO - Processing /home/airflow/.local/lib/python3.12/site-packages/airflow/example_dags/example_sensors.py took 0.148 seconds
