[2024-11-18T06:38:18.422+0000] {processor.py:186} INFO - Started process (PID=339) to work on /home/airflow/.local/lib/python3.12/site-packages/airflow/example_dags/example_branch_operator.py
[2024-11-18T06:38:18.424+0000] {processor.py:914} INFO - Processing file /home/airflow/.local/lib/python3.12/site-packages/airflow/example_dags/example_branch_operator.py for tasks to queue
[2024-11-18T06:38:18.428+0000] {logging_mixin.py:190} INFO - [2024-11-18T06:38:18.428+0000] {dagbag.py:588} INFO - Filling up the DagBag from /home/airflow/.local/lib/python3.12/site-packages/airflow/example_dags/example_branch_operator.py
[2024-11-18T06:38:18.462+0000] {processor.py:925} INFO - DAG(s) 'example_branch_operator' retrieved from /home/airflow/.local/lib/python3.12/site-packages/airflow/example_dags/example_branch_operator.py
[2024-11-18T06:38:18.709+0000] {logging_mixin.py:190} INFO - [2024-11-18T06:38:18.709+0000] {dag.py:3239} INFO - Sync 1 DAGs
[2024-11-18T06:38:18.764+0000] {logging_mixin.py:190} INFO - [2024-11-18T06:38:18.764+0000] {dag.py:4180} INFO - Setting next_dagrun for example_branch_operator to 2024-11-17 00:00:00+00:00, run_after=2024-11-18 00:00:00+00:00
[2024-11-18T06:38:18.803+0000] {processor.py:208} INFO - Processing /home/airflow/.local/lib/python3.12/site-packages/airflow/example_dags/example_branch_operator.py took 0.395 seconds
[2024-11-18T06:38:48.893+0000] {processor.py:186} INFO - Started process (PID=633) to work on /home/airflow/.local/lib/python3.12/site-packages/airflow/example_dags/example_branch_operator.py
[2024-11-18T06:38:48.895+0000] {processor.py:914} INFO - Processing file /home/airflow/.local/lib/python3.12/site-packages/airflow/example_dags/example_branch_operator.py for tasks to queue
[2024-11-18T06:38:48.899+0000] {logging_mixin.py:190} INFO - [2024-11-18T06:38:48.899+0000] {dagbag.py:588} INFO - Filling up the DagBag from /home/airflow/.local/lib/python3.12/site-packages/airflow/example_dags/example_branch_operator.py
[2024-11-18T06:38:48.932+0000] {processor.py:925} INFO - DAG(s) 'example_branch_operator' retrieved from /home/airflow/.local/lib/python3.12/site-packages/airflow/example_dags/example_branch_operator.py
[2024-11-18T06:38:48.974+0000] {logging_mixin.py:190} INFO - [2024-11-18T06:38:48.974+0000] {dag.py:3239} INFO - Sync 1 DAGs
[2024-11-18T06:38:49.020+0000] {logging_mixin.py:190} INFO - [2024-11-18T06:38:49.020+0000] {dag.py:4180} INFO - Setting next_dagrun for example_branch_operator to 2024-11-17 00:00:00+00:00, run_after=2024-11-18 00:00:00+00:00
[2024-11-18T06:38:49.052+0000] {processor.py:208} INFO - Processing /home/airflow/.local/lib/python3.12/site-packages/airflow/example_dags/example_branch_operator.py took 0.169 seconds
[2024-11-18T06:39:22.448+0000] {processor.py:186} INFO - Started process (PID=929) to work on /home/airflow/.local/lib/python3.12/site-packages/airflow/example_dags/example_branch_operator.py
[2024-11-18T06:39:22.451+0000] {processor.py:914} INFO - Processing file /home/airflow/.local/lib/python3.12/site-packages/airflow/example_dags/example_branch_operator.py for tasks to queue
[2024-11-18T06:39:22.456+0000] {logging_mixin.py:190} INFO - [2024-11-18T06:39:22.455+0000] {dagbag.py:588} INFO - Filling up the DagBag from /home/airflow/.local/lib/python3.12/site-packages/airflow/example_dags/example_branch_operator.py
[2024-11-18T06:39:22.501+0000] {processor.py:925} INFO - DAG(s) 'example_branch_operator' retrieved from /home/airflow/.local/lib/python3.12/site-packages/airflow/example_dags/example_branch_operator.py
[2024-11-18T06:39:22.558+0000] {logging_mixin.py:190} INFO - [2024-11-18T06:39:22.557+0000] {dag.py:3239} INFO - Sync 1 DAGs
[2024-11-18T06:39:22.613+0000] {logging_mixin.py:190} INFO - [2024-11-18T06:39:22.612+0000] {dag.py:4180} INFO - Setting next_dagrun for example_branch_operator to 2024-11-17 00:00:00+00:00, run_after=2024-11-18 00:00:00+00:00
[2024-11-18T06:39:22.663+0000] {processor.py:208} INFO - Processing /home/airflow/.local/lib/python3.12/site-packages/airflow/example_dags/example_branch_operator.py took 0.227 seconds
[2024-11-18T06:39:53.655+0000] {processor.py:186} INFO - Started process (PID=1226) to work on /home/airflow/.local/lib/python3.12/site-packages/airflow/example_dags/example_branch_operator.py
[2024-11-18T06:39:53.658+0000] {processor.py:914} INFO - Processing file /home/airflow/.local/lib/python3.12/site-packages/airflow/example_dags/example_branch_operator.py for tasks to queue
[2024-11-18T06:39:53.662+0000] {logging_mixin.py:190} INFO - [2024-11-18T06:39:53.662+0000] {dagbag.py:588} INFO - Filling up the DagBag from /home/airflow/.local/lib/python3.12/site-packages/airflow/example_dags/example_branch_operator.py
[2024-11-18T06:39:53.690+0000] {processor.py:925} INFO - DAG(s) 'example_branch_operator' retrieved from /home/airflow/.local/lib/python3.12/site-packages/airflow/example_dags/example_branch_operator.py
[2024-11-18T06:39:53.727+0000] {logging_mixin.py:190} INFO - [2024-11-18T06:39:53.727+0000] {dag.py:3239} INFO - Sync 1 DAGs
[2024-11-18T06:39:53.763+0000] {logging_mixin.py:190} INFO - [2024-11-18T06:39:53.762+0000] {dag.py:4180} INFO - Setting next_dagrun for example_branch_operator to 2024-11-17 00:00:00+00:00, run_after=2024-11-18 00:00:00+00:00
[2024-11-18T06:39:53.799+0000] {processor.py:208} INFO - Processing /home/airflow/.local/lib/python3.12/site-packages/airflow/example_dags/example_branch_operator.py took 0.151 seconds
[2024-11-18T06:40:27.566+0000] {processor.py:186} INFO - Started process (PID=1524) to work on /home/airflow/.local/lib/python3.12/site-packages/airflow/example_dags/example_branch_operator.py
[2024-11-18T06:40:27.569+0000] {processor.py:914} INFO - Processing file /home/airflow/.local/lib/python3.12/site-packages/airflow/example_dags/example_branch_operator.py for tasks to queue
[2024-11-18T06:40:27.582+0000] {logging_mixin.py:190} INFO - [2024-11-18T06:40:27.581+0000] {dagbag.py:588} INFO - Filling up the DagBag from /home/airflow/.local/lib/python3.12/site-packages/airflow/example_dags/example_branch_operator.py
[2024-11-18T06:40:27.673+0000] {processor.py:925} INFO - DAG(s) 'example_branch_operator' retrieved from /home/airflow/.local/lib/python3.12/site-packages/airflow/example_dags/example_branch_operator.py
[2024-11-18T06:40:27.767+0000] {logging_mixin.py:190} INFO - [2024-11-18T06:40:27.766+0000] {dag.py:3239} INFO - Sync 1 DAGs
[2024-11-18T06:40:27.816+0000] {logging_mixin.py:190} INFO - [2024-11-18T06:40:27.815+0000] {dag.py:4180} INFO - Setting next_dagrun for example_branch_operator to 2024-11-17 00:00:00+00:00, run_after=2024-11-18 00:00:00+00:00
[2024-11-18T06:40:27.855+0000] {processor.py:208} INFO - Processing /home/airflow/.local/lib/python3.12/site-packages/airflow/example_dags/example_branch_operator.py took 0.304 seconds
[2024-11-18T06:40:59.051+0000] {processor.py:186} INFO - Started process (PID=1820) to work on /home/airflow/.local/lib/python3.12/site-packages/airflow/example_dags/example_branch_operator.py
[2024-11-18T06:40:59.053+0000] {processor.py:914} INFO - Processing file /home/airflow/.local/lib/python3.12/site-packages/airflow/example_dags/example_branch_operator.py for tasks to queue
[2024-11-18T06:40:59.059+0000] {logging_mixin.py:190} INFO - [2024-11-18T06:40:59.058+0000] {dagbag.py:588} INFO - Filling up the DagBag from /home/airflow/.local/lib/python3.12/site-packages/airflow/example_dags/example_branch_operator.py
[2024-11-18T06:40:59.089+0000] {processor.py:925} INFO - DAG(s) 'example_branch_operator' retrieved from /home/airflow/.local/lib/python3.12/site-packages/airflow/example_dags/example_branch_operator.py
[2024-11-18T06:40:59.141+0000] {logging_mixin.py:190} INFO - [2024-11-18T06:40:59.140+0000] {dag.py:3239} INFO - Sync 1 DAGs
[2024-11-18T06:40:59.195+0000] {logging_mixin.py:190} INFO - [2024-11-18T06:40:59.195+0000] {dag.py:4180} INFO - Setting next_dagrun for example_branch_operator to 2024-11-17 00:00:00+00:00, run_after=2024-11-18 00:00:00+00:00
[2024-11-18T06:40:59.240+0000] {processor.py:208} INFO - Processing /home/airflow/.local/lib/python3.12/site-packages/airflow/example_dags/example_branch_operator.py took 0.199 seconds
[2024-11-18T06:41:32.071+0000] {processor.py:186} INFO - Started process (PID=2124) to work on /home/airflow/.local/lib/python3.12/site-packages/airflow/example_dags/example_branch_operator.py
[2024-11-18T06:41:32.074+0000] {processor.py:914} INFO - Processing file /home/airflow/.local/lib/python3.12/site-packages/airflow/example_dags/example_branch_operator.py for tasks to queue
[2024-11-18T06:41:32.079+0000] {logging_mixin.py:190} INFO - [2024-11-18T06:41:32.079+0000] {dagbag.py:588} INFO - Filling up the DagBag from /home/airflow/.local/lib/python3.12/site-packages/airflow/example_dags/example_branch_operator.py
[2024-11-18T06:41:32.110+0000] {processor.py:925} INFO - DAG(s) 'example_branch_operator' retrieved from /home/airflow/.local/lib/python3.12/site-packages/airflow/example_dags/example_branch_operator.py
[2024-11-18T06:41:32.197+0000] {logging_mixin.py:190} INFO - [2024-11-18T06:41:32.197+0000] {dag.py:3239} INFO - Sync 1 DAGs
[2024-11-18T06:41:32.254+0000] {logging_mixin.py:190} INFO - [2024-11-18T06:41:32.253+0000] {dag.py:4180} INFO - Setting next_dagrun for example_branch_operator to 2024-11-17 00:00:00+00:00, run_after=2024-11-18 00:00:00+00:00
[2024-11-18T06:41:32.315+0000] {processor.py:208} INFO - Processing /home/airflow/.local/lib/python3.12/site-packages/airflow/example_dags/example_branch_operator.py took 0.263 seconds
[2024-11-18T06:42:02.805+0000] {processor.py:186} INFO - Started process (PID=2418) to work on /home/airflow/.local/lib/python3.12/site-packages/airflow/example_dags/example_branch_operator.py
[2024-11-18T06:42:02.807+0000] {processor.py:914} INFO - Processing file /home/airflow/.local/lib/python3.12/site-packages/airflow/example_dags/example_branch_operator.py for tasks to queue
[2024-11-18T06:42:02.812+0000] {logging_mixin.py:190} INFO - [2024-11-18T06:42:02.811+0000] {dagbag.py:588} INFO - Filling up the DagBag from /home/airflow/.local/lib/python3.12/site-packages/airflow/example_dags/example_branch_operator.py
[2024-11-18T06:42:02.843+0000] {processor.py:925} INFO - DAG(s) 'example_branch_operator' retrieved from /home/airflow/.local/lib/python3.12/site-packages/airflow/example_dags/example_branch_operator.py
[2024-11-18T06:42:02.882+0000] {logging_mixin.py:190} INFO - [2024-11-18T06:42:02.882+0000] {dag.py:3239} INFO - Sync 1 DAGs
[2024-11-18T06:42:02.924+0000] {logging_mixin.py:190} INFO - [2024-11-18T06:42:02.923+0000] {dag.py:4180} INFO - Setting next_dagrun for example_branch_operator to 2024-11-17 00:00:00+00:00, run_after=2024-11-18 00:00:00+00:00
[2024-11-18T06:42:02.962+0000] {processor.py:208} INFO - Processing /home/airflow/.local/lib/python3.12/site-packages/airflow/example_dags/example_branch_operator.py took 0.163 seconds
[2024-11-18T06:42:33.748+0000] {processor.py:186} INFO - Started process (PID=2713) to work on /home/airflow/.local/lib/python3.12/site-packages/airflow/example_dags/example_branch_operator.py
[2024-11-18T06:42:33.752+0000] {processor.py:914} INFO - Processing file /home/airflow/.local/lib/python3.12/site-packages/airflow/example_dags/example_branch_operator.py for tasks to queue
[2024-11-18T06:42:33.755+0000] {logging_mixin.py:190} INFO - [2024-11-18T06:42:33.755+0000] {dagbag.py:588} INFO - Filling up the DagBag from /home/airflow/.local/lib/python3.12/site-packages/airflow/example_dags/example_branch_operator.py
[2024-11-18T06:42:33.782+0000] {processor.py:925} INFO - DAG(s) 'example_branch_operator' retrieved from /home/airflow/.local/lib/python3.12/site-packages/airflow/example_dags/example_branch_operator.py
[2024-11-18T06:42:33.826+0000] {logging_mixin.py:190} INFO - [2024-11-18T06:42:33.826+0000] {dag.py:3239} INFO - Sync 1 DAGs
[2024-11-18T06:42:33.867+0000] {logging_mixin.py:190} INFO - [2024-11-18T06:42:33.866+0000] {dag.py:4180} INFO - Setting next_dagrun for example_branch_operator to 2024-11-17 00:00:00+00:00, run_after=2024-11-18 00:00:00+00:00
[2024-11-18T06:42:33.900+0000] {processor.py:208} INFO - Processing /home/airflow/.local/lib/python3.12/site-packages/airflow/example_dags/example_branch_operator.py took 0.161 seconds
