[2024-11-18T06:38:22.142+0000] {processor.py:186} INFO - Started process (PID=387) to work on /home/airflow/.local/lib/python3.12/site-packages/airflow/example_dags/example_bash_operator.py
[2024-11-18T06:38:22.145+0000] {processor.py:914} INFO - Processing file /home/airflow/.local/lib/python3.12/site-packages/airflow/example_dags/example_bash_operator.py for tasks to queue
[2024-11-18T06:38:22.150+0000] {logging_mixin.py:190} INFO - [2024-11-18T06:38:22.150+0000] {dagbag.py:588} INFO - Filling up the DagBag from /home/airflow/.local/lib/python3.12/site-packages/airflow/example_dags/example_bash_operator.py
[2024-11-18T06:38:22.172+0000] {processor.py:925} INFO - DAG(s) 'example_bash_operator' retrieved from /home/airflow/.local/lib/python3.12/site-packages/airflow/example_dags/example_bash_operator.py
[2024-11-18T06:38:22.262+0000] {logging_mixin.py:190} INFO - [2024-11-18T06:38:22.261+0000] {dag.py:3239} INFO - Sync 1 DAGs
[2024-11-18T06:38:22.322+0000] {logging_mixin.py:190} INFO - [2024-11-18T06:38:22.322+0000] {dag.py:4180} INFO - Setting next_dagrun for example_bash_operator to 2024-11-17 00:00:00+00:00, run_after=2024-11-18 00:00:00+00:00
[2024-11-18T06:38:22.368+0000] {processor.py:208} INFO - Processing /home/airflow/.local/lib/python3.12/site-packages/airflow/example_dags/example_bash_operator.py took 0.236 seconds
[2024-11-18T06:38:53.174+0000] {processor.py:186} INFO - Started process (PID=678) to work on /home/airflow/.local/lib/python3.12/site-packages/airflow/example_dags/example_bash_operator.py
[2024-11-18T06:38:53.176+0000] {processor.py:914} INFO - Processing file /home/airflow/.local/lib/python3.12/site-packages/airflow/example_dags/example_bash_operator.py for tasks to queue
[2024-11-18T06:38:53.180+0000] {logging_mixin.py:190} INFO - [2024-11-18T06:38:53.179+0000] {dagbag.py:588} INFO - Filling up the DagBag from /home/airflow/.local/lib/python3.12/site-packages/airflow/example_dags/example_bash_operator.py
[2024-11-18T06:38:53.197+0000] {processor.py:925} INFO - DAG(s) 'example_bash_operator' retrieved from /home/airflow/.local/lib/python3.12/site-packages/airflow/example_dags/example_bash_operator.py
[2024-11-18T06:38:53.239+0000] {logging_mixin.py:190} INFO - [2024-11-18T06:38:53.238+0000] {dag.py:3239} INFO - Sync 1 DAGs
[2024-11-18T06:38:53.285+0000] {logging_mixin.py:190} INFO - [2024-11-18T06:38:53.285+0000] {dag.py:4180} INFO - Setting next_dagrun for example_bash_operator to 2024-11-17 00:00:00+00:00, run_after=2024-11-18 00:00:00+00:00
[2024-11-18T06:38:53.310+0000] {processor.py:208} INFO - Processing /home/airflow/.local/lib/python3.12/site-packages/airflow/example_dags/example_bash_operator.py took 0.146 seconds
[2024-11-18T06:39:23.666+0000] {processor.py:186} INFO - Started process (PID=969) to work on /home/airflow/.local/lib/python3.12/site-packages/airflow/example_dags/example_bash_operator.py
[2024-11-18T06:39:23.668+0000] {processor.py:914} INFO - Processing file /home/airflow/.local/lib/python3.12/site-packages/airflow/example_dags/example_bash_operator.py for tasks to queue
[2024-11-18T06:39:23.673+0000] {logging_mixin.py:190} INFO - [2024-11-18T06:39:23.672+0000] {dagbag.py:588} INFO - Filling up the DagBag from /home/airflow/.local/lib/python3.12/site-packages/airflow/example_dags/example_bash_operator.py
[2024-11-18T06:39:23.711+0000] {processor.py:925} INFO - DAG(s) 'example_bash_operator' retrieved from /home/airflow/.local/lib/python3.12/site-packages/airflow/example_dags/example_bash_operator.py
[2024-11-18T06:39:23.781+0000] {logging_mixin.py:190} INFO - [2024-11-18T06:39:23.781+0000] {dag.py:3239} INFO - Sync 1 DAGs
[2024-11-18T06:39:23.835+0000] {logging_mixin.py:190} INFO - [2024-11-18T06:39:23.834+0000] {dag.py:4180} INFO - Setting next_dagrun for example_bash_operator to 2024-11-17 00:00:00+00:00, run_after=2024-11-18 00:00:00+00:00
[2024-11-18T06:39:23.890+0000] {processor.py:208} INFO - Processing /home/airflow/.local/lib/python3.12/site-packages/airflow/example_dags/example_bash_operator.py took 0.237 seconds
[2024-11-18T06:39:54.614+0000] {processor.py:186} INFO - Started process (PID=1267) to work on /home/airflow/.local/lib/python3.12/site-packages/airflow/example_dags/example_bash_operator.py
[2024-11-18T06:39:54.616+0000] {processor.py:914} INFO - Processing file /home/airflow/.local/lib/python3.12/site-packages/airflow/example_dags/example_bash_operator.py for tasks to queue
[2024-11-18T06:39:54.622+0000] {logging_mixin.py:190} INFO - [2024-11-18T06:39:54.621+0000] {dagbag.py:588} INFO - Filling up the DagBag from /home/airflow/.local/lib/python3.12/site-packages/airflow/example_dags/example_bash_operator.py
[2024-11-18T06:39:54.647+0000] {processor.py:925} INFO - DAG(s) 'example_bash_operator' retrieved from /home/airflow/.local/lib/python3.12/site-packages/airflow/example_dags/example_bash_operator.py
[2024-11-18T06:39:54.689+0000] {logging_mixin.py:190} INFO - [2024-11-18T06:39:54.689+0000] {dag.py:3239} INFO - Sync 1 DAGs
[2024-11-18T06:39:54.728+0000] {logging_mixin.py:190} INFO - [2024-11-18T06:39:54.727+0000] {dag.py:4180} INFO - Setting next_dagrun for example_bash_operator to 2024-11-17 00:00:00+00:00, run_after=2024-11-18 00:00:00+00:00
[2024-11-18T06:39:54.762+0000] {processor.py:208} INFO - Processing /home/airflow/.local/lib/python3.12/site-packages/airflow/example_dags/example_bash_operator.py took 0.164 seconds
[2024-11-18T06:40:29.669+0000] {processor.py:186} INFO - Started process (PID=1577) to work on /home/airflow/.local/lib/python3.12/site-packages/airflow/example_dags/example_bash_operator.py
[2024-11-18T06:40:29.671+0000] {processor.py:914} INFO - Processing file /home/airflow/.local/lib/python3.12/site-packages/airflow/example_dags/example_bash_operator.py for tasks to queue
[2024-11-18T06:40:29.675+0000] {logging_mixin.py:190} INFO - [2024-11-18T06:40:29.675+0000] {dagbag.py:588} INFO - Filling up the DagBag from /home/airflow/.local/lib/python3.12/site-packages/airflow/example_dags/example_bash_operator.py
[2024-11-18T06:40:29.706+0000] {processor.py:925} INFO - DAG(s) 'example_bash_operator' retrieved from /home/airflow/.local/lib/python3.12/site-packages/airflow/example_dags/example_bash_operator.py
[2024-11-18T06:40:29.777+0000] {logging_mixin.py:190} INFO - [2024-11-18T06:40:29.775+0000] {dag.py:3239} INFO - Sync 1 DAGs
[2024-11-18T06:40:29.844+0000] {logging_mixin.py:190} INFO - [2024-11-18T06:40:29.844+0000] {dag.py:4180} INFO - Setting next_dagrun for example_bash_operator to 2024-11-17 00:00:00+00:00, run_after=2024-11-18 00:00:00+00:00
[2024-11-18T06:40:29.918+0000] {processor.py:208} INFO - Processing /home/airflow/.local/lib/python3.12/site-packages/airflow/example_dags/example_bash_operator.py took 0.262 seconds
[2024-11-18T06:41:00.251+0000] {processor.py:186} INFO - Started process (PID=1871) to work on /home/airflow/.local/lib/python3.12/site-packages/airflow/example_dags/example_bash_operator.py
[2024-11-18T06:41:00.253+0000] {processor.py:914} INFO - Processing file /home/airflow/.local/lib/python3.12/site-packages/airflow/example_dags/example_bash_operator.py for tasks to queue
[2024-11-18T06:41:00.255+0000] {logging_mixin.py:190} INFO - [2024-11-18T06:41:00.255+0000] {dagbag.py:588} INFO - Filling up the DagBag from /home/airflow/.local/lib/python3.12/site-packages/airflow/example_dags/example_bash_operator.py
[2024-11-18T06:41:00.279+0000] {processor.py:925} INFO - DAG(s) 'example_bash_operator' retrieved from /home/airflow/.local/lib/python3.12/site-packages/airflow/example_dags/example_bash_operator.py
[2024-11-18T06:41:00.320+0000] {logging_mixin.py:190} INFO - [2024-11-18T06:41:00.319+0000] {dag.py:3239} INFO - Sync 1 DAGs
[2024-11-18T06:41:00.354+0000] {logging_mixin.py:190} INFO - [2024-11-18T06:41:00.354+0000] {dag.py:4180} INFO - Setting next_dagrun for example_bash_operator to 2024-11-17 00:00:00+00:00, run_after=2024-11-18 00:00:00+00:00
[2024-11-18T06:41:00.385+0000] {processor.py:208} INFO - Processing /home/airflow/.local/lib/python3.12/site-packages/airflow/example_dags/example_bash_operator.py took 0.141 seconds
[2024-11-18T06:41:34.175+0000] {processor.py:186} INFO - Started process (PID=2167) to work on /home/airflow/.local/lib/python3.12/site-packages/airflow/example_dags/example_bash_operator.py
[2024-11-18T06:41:34.178+0000] {processor.py:914} INFO - Processing file /home/airflow/.local/lib/python3.12/site-packages/airflow/example_dags/example_bash_operator.py for tasks to queue
[2024-11-18T06:41:34.183+0000] {logging_mixin.py:190} INFO - [2024-11-18T06:41:34.182+0000] {dagbag.py:588} INFO - Filling up the DagBag from /home/airflow/.local/lib/python3.12/site-packages/airflow/example_dags/example_bash_operator.py
[2024-11-18T06:41:34.226+0000] {processor.py:925} INFO - DAG(s) 'example_bash_operator' retrieved from /home/airflow/.local/lib/python3.12/site-packages/airflow/example_dags/example_bash_operator.py
[2024-11-18T06:41:34.300+0000] {logging_mixin.py:190} INFO - [2024-11-18T06:41:34.299+0000] {dag.py:3239} INFO - Sync 1 DAGs
[2024-11-18T06:41:34.363+0000] {logging_mixin.py:190} INFO - [2024-11-18T06:41:34.363+0000] {dag.py:4180} INFO - Setting next_dagrun for example_bash_operator to 2024-11-17 00:00:00+00:00, run_after=2024-11-18 00:00:00+00:00
[2024-11-18T06:41:34.404+0000] {processor.py:208} INFO - Processing /home/airflow/.local/lib/python3.12/site-packages/airflow/example_dags/example_bash_operator.py took 0.244 seconds
[2024-11-18T06:42:04.840+0000] {processor.py:186} INFO - Started process (PID=2463) to work on /home/airflow/.local/lib/python3.12/site-packages/airflow/example_dags/example_bash_operator.py
[2024-11-18T06:42:04.843+0000] {processor.py:914} INFO - Processing file /home/airflow/.local/lib/python3.12/site-packages/airflow/example_dags/example_bash_operator.py for tasks to queue
[2024-11-18T06:42:04.848+0000] {logging_mixin.py:190} INFO - [2024-11-18T06:42:04.848+0000] {dagbag.py:588} INFO - Filling up the DagBag from /home/airflow/.local/lib/python3.12/site-packages/airflow/example_dags/example_bash_operator.py
[2024-11-18T06:42:04.877+0000] {processor.py:925} INFO - DAG(s) 'example_bash_operator' retrieved from /home/airflow/.local/lib/python3.12/site-packages/airflow/example_dags/example_bash_operator.py
[2024-11-18T06:42:04.935+0000] {logging_mixin.py:190} INFO - [2024-11-18T06:42:04.934+0000] {dag.py:3239} INFO - Sync 1 DAGs
[2024-11-18T06:42:04.979+0000] {logging_mixin.py:190} INFO - [2024-11-18T06:42:04.979+0000] {dag.py:4180} INFO - Setting next_dagrun for example_bash_operator to 2024-11-17 00:00:00+00:00, run_after=2024-11-18 00:00:00+00:00
[2024-11-18T06:42:05.024+0000] {processor.py:208} INFO - Processing /home/airflow/.local/lib/python3.12/site-packages/airflow/example_dags/example_bash_operator.py took 0.197 seconds
[2024-11-18T06:42:35.840+0000] {processor.py:186} INFO - Started process (PID=2755) to work on /home/airflow/.local/lib/python3.12/site-packages/airflow/example_dags/example_bash_operator.py
[2024-11-18T06:42:35.842+0000] {processor.py:914} INFO - Processing file /home/airflow/.local/lib/python3.12/site-packages/airflow/example_dags/example_bash_operator.py for tasks to queue
[2024-11-18T06:42:35.846+0000] {logging_mixin.py:190} INFO - [2024-11-18T06:42:35.845+0000] {dagbag.py:588} INFO - Filling up the DagBag from /home/airflow/.local/lib/python3.12/site-packages/airflow/example_dags/example_bash_operator.py
[2024-11-18T06:42:35.886+0000] {processor.py:925} INFO - DAG(s) 'example_bash_operator' retrieved from /home/airflow/.local/lib/python3.12/site-packages/airflow/example_dags/example_bash_operator.py
[2024-11-18T06:42:35.975+0000] {logging_mixin.py:190} INFO - [2024-11-18T06:42:35.975+0000] {dag.py:3239} INFO - Sync 1 DAGs
[2024-11-18T06:42:36.017+0000] {logging_mixin.py:190} INFO - [2024-11-18T06:42:36.016+0000] {dag.py:4180} INFO - Setting next_dagrun for example_bash_operator to 2024-11-17 00:00:00+00:00, run_after=2024-11-18 00:00:00+00:00
[2024-11-18T06:42:36.057+0000] {processor.py:208} INFO - Processing /home/airflow/.local/lib/python3.12/site-packages/airflow/example_dags/example_bash_operator.py took 0.230 seconds
