[2024-11-18T06:38:17.290+0000] {processor.py:186} INFO - Started process (PID=302) to work on /home/airflow/.local/lib/python3.12/site-packages/airflow/example_dags/example_external_task_marker_dag.py
[2024-11-18T06:38:17.292+0000] {processor.py:914} INFO - Processing file /home/airflow/.local/lib/python3.12/site-packages/airflow/example_dags/example_external_task_marker_dag.py for tasks to queue
[2024-11-18T06:38:17.296+0000] {logging_mixin.py:190} INFO - [2024-11-18T06:38:17.295+0000] {dagbag.py:588} INFO - Filling up the DagBag from /home/airflow/.local/lib/python3.12/site-packages/airflow/example_dags/example_external_task_marker_dag.py
[2024-11-18T06:38:17.316+0000] {processor.py:925} INFO - DAG(s) 'example_external_task_marker_parent', 'example_external_task_marker_child' retrieved from /home/airflow/.local/lib/python3.12/site-packages/airflow/example_dags/example_external_task_marker_dag.py
[2024-11-18T06:38:17.355+0000] {logging_mixin.py:190} INFO - [2024-11-18T06:38:17.355+0000] {dag.py:3239} INFO - Sync 2 DAGs
[2024-11-18T06:38:17.378+0000] {logging_mixin.py:190} INFO - [2024-11-18T06:38:17.378+0000] {dag.py:4180} INFO - Setting next_dagrun for example_external_task_marker_child to None, run_after=None
[2024-11-18T06:38:17.385+0000] {logging_mixin.py:190} INFO - [2024-11-18T06:38:17.384+0000] {dag.py:4180} INFO - Setting next_dagrun for example_external_task_marker_parent to None, run_after=None
[2024-11-18T06:38:17.412+0000] {processor.py:208} INFO - Processing /home/airflow/.local/lib/python3.12/site-packages/airflow/example_dags/example_external_task_marker_dag.py took 0.131 seconds
[2024-11-18T06:38:48.054+0000] {processor.py:186} INFO - Started process (PID=598) to work on /home/airflow/.local/lib/python3.12/site-packages/airflow/example_dags/example_external_task_marker_dag.py
[2024-11-18T06:38:48.056+0000] {processor.py:914} INFO - Processing file /home/airflow/.local/lib/python3.12/site-packages/airflow/example_dags/example_external_task_marker_dag.py for tasks to queue
[2024-11-18T06:38:48.062+0000] {logging_mixin.py:190} INFO - [2024-11-18T06:38:48.061+0000] {dagbag.py:588} INFO - Filling up the DagBag from /home/airflow/.local/lib/python3.12/site-packages/airflow/example_dags/example_external_task_marker_dag.py
[2024-11-18T06:38:48.074+0000] {processor.py:925} INFO - DAG(s) 'example_external_task_marker_parent', 'example_external_task_marker_child' retrieved from /home/airflow/.local/lib/python3.12/site-packages/airflow/example_dags/example_external_task_marker_dag.py
[2024-11-18T06:38:48.106+0000] {logging_mixin.py:190} INFO - [2024-11-18T06:38:48.106+0000] {dag.py:3239} INFO - Sync 2 DAGs
[2024-11-18T06:38:48.127+0000] {logging_mixin.py:190} INFO - [2024-11-18T06:38:48.127+0000] {dag.py:4180} INFO - Setting next_dagrun for example_external_task_marker_child to None, run_after=None
[2024-11-18T06:38:48.134+0000] {logging_mixin.py:190} INFO - [2024-11-18T06:38:48.133+0000] {dag.py:4180} INFO - Setting next_dagrun for example_external_task_marker_parent to None, run_after=None
[2024-11-18T06:38:48.163+0000] {processor.py:208} INFO - Processing /home/airflow/.local/lib/python3.12/site-packages/airflow/example_dags/example_external_task_marker_dag.py took 0.116 seconds
[2024-11-18T06:39:19.264+0000] {processor.py:186} INFO - Started process (PID=889) to work on /home/airflow/.local/lib/python3.12/site-packages/airflow/example_dags/example_external_task_marker_dag.py
[2024-11-18T06:39:19.283+0000] {processor.py:914} INFO - Processing file /home/airflow/.local/lib/python3.12/site-packages/airflow/example_dags/example_external_task_marker_dag.py for tasks to queue
[2024-11-18T06:39:19.320+0000] {logging_mixin.py:190} INFO - [2024-11-18T06:39:19.319+0000] {dagbag.py:588} INFO - Filling up the DagBag from /home/airflow/.local/lib/python3.12/site-packages/airflow/example_dags/example_external_task_marker_dag.py
[2024-11-18T06:39:19.516+0000] {processor.py:925} INFO - DAG(s) 'example_external_task_marker_parent', 'example_external_task_marker_child' retrieved from /home/airflow/.local/lib/python3.12/site-packages/airflow/example_dags/example_external_task_marker_dag.py
[2024-11-18T06:39:19.745+0000] {logging_mixin.py:190} INFO - [2024-11-18T06:39:19.744+0000] {dag.py:3239} INFO - Sync 2 DAGs
[2024-11-18T06:39:19.817+0000] {logging_mixin.py:190} INFO - [2024-11-18T06:39:19.817+0000] {dag.py:4180} INFO - Setting next_dagrun for example_external_task_marker_child to None, run_after=None
[2024-11-18T06:39:19.830+0000] {logging_mixin.py:190} INFO - [2024-11-18T06:39:19.830+0000] {dag.py:4180} INFO - Setting next_dagrun for example_external_task_marker_parent to None, run_after=None
[2024-11-18T06:39:19.915+0000] {processor.py:208} INFO - Processing /home/airflow/.local/lib/python3.12/site-packages/airflow/example_dags/example_external_task_marker_dag.py took 0.726 seconds
[2024-11-18T06:39:50.648+0000] {processor.py:186} INFO - Started process (PID=1182) to work on /home/airflow/.local/lib/python3.12/site-packages/airflow/example_dags/example_external_task_marker_dag.py
[2024-11-18T06:39:50.655+0000] {processor.py:914} INFO - Processing file /home/airflow/.local/lib/python3.12/site-packages/airflow/example_dags/example_external_task_marker_dag.py for tasks to queue
[2024-11-18T06:39:50.658+0000] {logging_mixin.py:190} INFO - [2024-11-18T06:39:50.657+0000] {dagbag.py:588} INFO - Filling up the DagBag from /home/airflow/.local/lib/python3.12/site-packages/airflow/example_dags/example_external_task_marker_dag.py
[2024-11-18T06:39:50.667+0000] {processor.py:925} INFO - DAG(s) 'example_external_task_marker_parent', 'example_external_task_marker_child' retrieved from /home/airflow/.local/lib/python3.12/site-packages/airflow/example_dags/example_external_task_marker_dag.py
[2024-11-18T06:39:50.694+0000] {logging_mixin.py:190} INFO - [2024-11-18T06:39:50.693+0000] {dag.py:3239} INFO - Sync 2 DAGs
[2024-11-18T06:39:50.710+0000] {logging_mixin.py:190} INFO - [2024-11-18T06:39:50.710+0000] {dag.py:4180} INFO - Setting next_dagrun for example_external_task_marker_child to None, run_after=None
[2024-11-18T06:39:50.714+0000] {logging_mixin.py:190} INFO - [2024-11-18T06:39:50.714+0000] {dag.py:4180} INFO - Setting next_dagrun for example_external_task_marker_parent to None, run_after=None
[2024-11-18T06:39:50.736+0000] {processor.py:208} INFO - Processing /home/airflow/.local/lib/python3.12/site-packages/airflow/example_dags/example_external_task_marker_dag.py took 0.094 seconds
[2024-11-18T06:40:21.158+0000] {processor.py:186} INFO - Started process (PID=1481) to work on /home/airflow/.local/lib/python3.12/site-packages/airflow/example_dags/example_external_task_marker_dag.py
[2024-11-18T06:40:21.162+0000] {processor.py:914} INFO - Processing file /home/airflow/.local/lib/python3.12/site-packages/airflow/example_dags/example_external_task_marker_dag.py for tasks to queue
[2024-11-18T06:40:21.166+0000] {logging_mixin.py:190} INFO - [2024-11-18T06:40:21.165+0000] {dagbag.py:588} INFO - Filling up the DagBag from /home/airflow/.local/lib/python3.12/site-packages/airflow/example_dags/example_external_task_marker_dag.py
[2024-11-18T06:40:21.176+0000] {processor.py:925} INFO - DAG(s) 'example_external_task_marker_child', 'example_external_task_marker_parent' retrieved from /home/airflow/.local/lib/python3.12/site-packages/airflow/example_dags/example_external_task_marker_dag.py
[2024-11-18T06:40:21.206+0000] {logging_mixin.py:190} INFO - [2024-11-18T06:40:21.206+0000] {dag.py:3239} INFO - Sync 2 DAGs
[2024-11-18T06:40:21.224+0000] {logging_mixin.py:190} INFO - [2024-11-18T06:40:21.224+0000] {dag.py:4180} INFO - Setting next_dagrun for example_external_task_marker_child to None, run_after=None
[2024-11-18T06:40:21.230+0000] {logging_mixin.py:190} INFO - [2024-11-18T06:40:21.229+0000] {dag.py:4180} INFO - Setting next_dagrun for example_external_task_marker_parent to None, run_after=None
[2024-11-18T06:40:21.260+0000] {processor.py:208} INFO - Processing /home/airflow/.local/lib/python3.12/site-packages/airflow/example_dags/example_external_task_marker_dag.py took 0.109 seconds
[2024-11-18T06:40:51.499+0000] {processor.py:186} INFO - Started process (PID=1777) to work on /home/airflow/.local/lib/python3.12/site-packages/airflow/example_dags/example_external_task_marker_dag.py
[2024-11-18T06:40:51.501+0000] {processor.py:914} INFO - Processing file /home/airflow/.local/lib/python3.12/site-packages/airflow/example_dags/example_external_task_marker_dag.py for tasks to queue
[2024-11-18T06:40:51.504+0000] {logging_mixin.py:190} INFO - [2024-11-18T06:40:51.503+0000] {dagbag.py:588} INFO - Filling up the DagBag from /home/airflow/.local/lib/python3.12/site-packages/airflow/example_dags/example_external_task_marker_dag.py
[2024-11-18T06:40:51.517+0000] {processor.py:925} INFO - DAG(s) 'example_external_task_marker_child', 'example_external_task_marker_parent' retrieved from /home/airflow/.local/lib/python3.12/site-packages/airflow/example_dags/example_external_task_marker_dag.py
[2024-11-18T06:40:51.547+0000] {logging_mixin.py:190} INFO - [2024-11-18T06:40:51.547+0000] {dag.py:3239} INFO - Sync 2 DAGs
[2024-11-18T06:40:51.568+0000] {logging_mixin.py:190} INFO - [2024-11-18T06:40:51.568+0000] {dag.py:4180} INFO - Setting next_dagrun for example_external_task_marker_child to None, run_after=None
[2024-11-18T06:40:51.572+0000] {logging_mixin.py:190} INFO - [2024-11-18T06:40:51.572+0000] {dag.py:4180} INFO - Setting next_dagrun for example_external_task_marker_parent to None, run_after=None
[2024-11-18T06:40:51.595+0000] {processor.py:208} INFO - Processing /home/airflow/.local/lib/python3.12/site-packages/airflow/example_dags/example_external_task_marker_dag.py took 0.105 seconds
[2024-11-18T06:41:21.681+0000] {processor.py:186} INFO - Started process (PID=2073) to work on /home/airflow/.local/lib/python3.12/site-packages/airflow/example_dags/example_external_task_marker_dag.py
[2024-11-18T06:41:21.683+0000] {processor.py:914} INFO - Processing file /home/airflow/.local/lib/python3.12/site-packages/airflow/example_dags/example_external_task_marker_dag.py for tasks to queue
[2024-11-18T06:41:21.687+0000] {logging_mixin.py:190} INFO - [2024-11-18T06:41:21.686+0000] {dagbag.py:588} INFO - Filling up the DagBag from /home/airflow/.local/lib/python3.12/site-packages/airflow/example_dags/example_external_task_marker_dag.py
[2024-11-18T06:41:21.705+0000] {processor.py:925} INFO - DAG(s) 'example_external_task_marker_parent', 'example_external_task_marker_child' retrieved from /home/airflow/.local/lib/python3.12/site-packages/airflow/example_dags/example_external_task_marker_dag.py
[2024-11-18T06:41:21.745+0000] {logging_mixin.py:190} INFO - [2024-11-18T06:41:21.744+0000] {dag.py:3239} INFO - Sync 2 DAGs
[2024-11-18T06:41:21.769+0000] {logging_mixin.py:190} INFO - [2024-11-18T06:41:21.768+0000] {dag.py:4180} INFO - Setting next_dagrun for example_external_task_marker_child to None, run_after=None
[2024-11-18T06:41:21.777+0000] {logging_mixin.py:190} INFO - [2024-11-18T06:41:21.777+0000] {dag.py:4180} INFO - Setting next_dagrun for example_external_task_marker_parent to None, run_after=None
[2024-11-18T06:41:21.801+0000] {processor.py:208} INFO - Processing /home/airflow/.local/lib/python3.12/site-packages/airflow/example_dags/example_external_task_marker_dag.py took 0.131 seconds
[2024-11-18T06:41:52.045+0000] {processor.py:186} INFO - Started process (PID=2367) to work on /home/airflow/.local/lib/python3.12/site-packages/airflow/example_dags/example_external_task_marker_dag.py
[2024-11-18T06:41:52.048+0000] {processor.py:914} INFO - Processing file /home/airflow/.local/lib/python3.12/site-packages/airflow/example_dags/example_external_task_marker_dag.py for tasks to queue
[2024-11-18T06:41:52.052+0000] {logging_mixin.py:190} INFO - [2024-11-18T06:41:52.051+0000] {dagbag.py:588} INFO - Filling up the DagBag from /home/airflow/.local/lib/python3.12/site-packages/airflow/example_dags/example_external_task_marker_dag.py
[2024-11-18T06:41:52.064+0000] {processor.py:925} INFO - DAG(s) 'example_external_task_marker_parent', 'example_external_task_marker_child' retrieved from /home/airflow/.local/lib/python3.12/site-packages/airflow/example_dags/example_external_task_marker_dag.py
[2024-11-18T06:41:52.095+0000] {logging_mixin.py:190} INFO - [2024-11-18T06:41:52.095+0000] {dag.py:3239} INFO - Sync 2 DAGs
[2024-11-18T06:41:52.113+0000] {logging_mixin.py:190} INFO - [2024-11-18T06:41:52.113+0000] {dag.py:4180} INFO - Setting next_dagrun for example_external_task_marker_child to None, run_after=None
[2024-11-18T06:41:52.120+0000] {logging_mixin.py:190} INFO - [2024-11-18T06:41:52.120+0000] {dag.py:4180} INFO - Setting next_dagrun for example_external_task_marker_parent to None, run_after=None
[2024-11-18T06:41:52.144+0000] {processor.py:208} INFO - Processing /home/airflow/.local/lib/python3.12/site-packages/airflow/example_dags/example_external_task_marker_dag.py took 0.107 seconds
[2024-11-18T06:42:23.025+0000] {processor.py:186} INFO - Started process (PID=2663) to work on /home/airflow/.local/lib/python3.12/site-packages/airflow/example_dags/example_external_task_marker_dag.py
[2024-11-18T06:42:23.027+0000] {processor.py:914} INFO - Processing file /home/airflow/.local/lib/python3.12/site-packages/airflow/example_dags/example_external_task_marker_dag.py for tasks to queue
[2024-11-18T06:42:23.030+0000] {logging_mixin.py:190} INFO - [2024-11-18T06:42:23.030+0000] {dagbag.py:588} INFO - Filling up the DagBag from /home/airflow/.local/lib/python3.12/site-packages/airflow/example_dags/example_external_task_marker_dag.py
[2024-11-18T06:42:23.043+0000] {processor.py:925} INFO - DAG(s) 'example_external_task_marker_child', 'example_external_task_marker_parent' retrieved from /home/airflow/.local/lib/python3.12/site-packages/airflow/example_dags/example_external_task_marker_dag.py
[2024-11-18T06:42:23.071+0000] {logging_mixin.py:190} INFO - [2024-11-18T06:42:23.071+0000] {dag.py:3239} INFO - Sync 2 DAGs
[2024-11-18T06:42:23.089+0000] {logging_mixin.py:190} INFO - [2024-11-18T06:42:23.089+0000] {dag.py:4180} INFO - Setting next_dagrun for example_external_task_marker_child to None, run_after=None
[2024-11-18T06:42:23.097+0000] {logging_mixin.py:190} INFO - [2024-11-18T06:42:23.096+0000] {dag.py:4180} INFO - Setting next_dagrun for example_external_task_marker_parent to None, run_after=None
[2024-11-18T06:42:23.130+0000] {processor.py:208} INFO - Processing /home/airflow/.local/lib/python3.12/site-packages/airflow/example_dags/example_external_task_marker_dag.py took 0.111 seconds
[2024-11-18T06:42:53.759+0000] {processor.py:186} INFO - Started process (PID=2958) to work on /home/airflow/.local/lib/python3.12/site-packages/airflow/example_dags/example_external_task_marker_dag.py
[2024-11-18T06:42:53.762+0000] {processor.py:914} INFO - Processing file /home/airflow/.local/lib/python3.12/site-packages/airflow/example_dags/example_external_task_marker_dag.py for tasks to queue
[2024-11-18T06:42:53.769+0000] {logging_mixin.py:190} INFO - [2024-11-18T06:42:53.768+0000] {dagbag.py:588} INFO - Filling up the DagBag from /home/airflow/.local/lib/python3.12/site-packages/airflow/example_dags/example_external_task_marker_dag.py
[2024-11-18T06:42:53.801+0000] {processor.py:925} INFO - DAG(s) 'example_external_task_marker_child', 'example_external_task_marker_parent' retrieved from /home/airflow/.local/lib/python3.12/site-packages/airflow/example_dags/example_external_task_marker_dag.py
[2024-11-18T06:42:53.879+0000] {logging_mixin.py:190} INFO - [2024-11-18T06:42:53.879+0000] {dag.py:3239} INFO - Sync 2 DAGs
[2024-11-18T06:42:53.910+0000] {logging_mixin.py:190} INFO - [2024-11-18T06:42:53.909+0000] {dag.py:4180} INFO - Setting next_dagrun for example_external_task_marker_child to None, run_after=None
[2024-11-18T06:42:53.916+0000] {logging_mixin.py:190} INFO - [2024-11-18T06:42:53.916+0000] {dag.py:4180} INFO - Setting next_dagrun for example_external_task_marker_parent to None, run_after=None
[2024-11-18T06:42:53.950+0000] {processor.py:208} INFO - Processing /home/airflow/.local/lib/python3.12/site-packages/airflow/example_dags/example_external_task_marker_dag.py took 0.206 seconds
