[2024-11-18T06:38:15.969+0000] {processor.py:186} INFO - Started process (PID=277) to work on /home/airflow/.local/lib/python3.12/site-packages/airflow/example_dags/example_kubernetes_executor.py
[2024-11-18T06:38:15.972+0000] {processor.py:914} INFO - Processing file /home/airflow/.local/lib/python3.12/site-packages/airflow/example_dags/example_kubernetes_executor.py for tasks to queue
[2024-11-18T06:38:15.977+0000] {logging_mixin.py:190} INFO - [2024-11-18T06:38:15.976+0000] {dagbag.py:588} INFO - Filling up the DagBag from /home/airflow/.local/lib/python3.12/site-packages/airflow/example_dags/example_kubernetes_executor.py
[2024-11-18T06:38:16.034+0000] {processor.py:925} INFO - DAG(s) 'example_kubernetes_executor' retrieved from /home/airflow/.local/lib/python3.12/site-packages/airflow/example_dags/example_kubernetes_executor.py
[2024-11-18T06:38:16.138+0000] {logging_mixin.py:190} INFO - [2024-11-18T06:38:16.138+0000] {dag.py:3239} INFO - Sync 1 DAGs
[2024-11-18T06:38:16.164+0000] {logging_mixin.py:190} INFO - [2024-11-18T06:38:16.163+0000] {dag.py:4180} INFO - Setting next_dagrun for example_kubernetes_executor to None, run_after=None
[2024-11-18T06:38:16.197+0000] {processor.py:208} INFO - Processing /home/airflow/.local/lib/python3.12/site-packages/airflow/example_dags/example_kubernetes_executor.py took 0.242 seconds
[2024-11-18T06:38:46.708+0000] {processor.py:186} INFO - Started process (PID=568) to work on /home/airflow/.local/lib/python3.12/site-packages/airflow/example_dags/example_kubernetes_executor.py
[2024-11-18T06:38:46.710+0000] {processor.py:914} INFO - Processing file /home/airflow/.local/lib/python3.12/site-packages/airflow/example_dags/example_kubernetes_executor.py for tasks to queue
[2024-11-18T06:38:46.721+0000] {logging_mixin.py:190} INFO - [2024-11-18T06:38:46.719+0000] {dagbag.py:588} INFO - Filling up the DagBag from /home/airflow/.local/lib/python3.12/site-packages/airflow/example_dags/example_kubernetes_executor.py
[2024-11-18T06:38:46.773+0000] {processor.py:925} INFO - DAG(s) 'example_kubernetes_executor' retrieved from /home/airflow/.local/lib/python3.12/site-packages/airflow/example_dags/example_kubernetes_executor.py
[2024-11-18T06:38:46.822+0000] {logging_mixin.py:190} INFO - [2024-11-18T06:38:46.822+0000] {dag.py:3239} INFO - Sync 1 DAGs
[2024-11-18T06:38:46.842+0000] {logging_mixin.py:190} INFO - [2024-11-18T06:38:46.842+0000] {dag.py:4180} INFO - Setting next_dagrun for example_kubernetes_executor to None, run_after=None
[2024-11-18T06:38:46.869+0000] {processor.py:208} INFO - Processing /home/airflow/.local/lib/python3.12/site-packages/airflow/example_dags/example_kubernetes_executor.py took 0.172 seconds
[2024-11-18T06:39:17.122+0000] {processor.py:186} INFO - Started process (PID=859) to work on /home/airflow/.local/lib/python3.12/site-packages/airflow/example_dags/example_kubernetes_executor.py
[2024-11-18T06:39:17.126+0000] {processor.py:914} INFO - Processing file /home/airflow/.local/lib/python3.12/site-packages/airflow/example_dags/example_kubernetes_executor.py for tasks to queue
[2024-11-18T06:39:17.130+0000] {logging_mixin.py:190} INFO - [2024-11-18T06:39:17.129+0000] {dagbag.py:588} INFO - Filling up the DagBag from /home/airflow/.local/lib/python3.12/site-packages/airflow/example_dags/example_kubernetes_executor.py
[2024-11-18T06:39:17.170+0000] {processor.py:925} INFO - DAG(s) 'example_kubernetes_executor' retrieved from /home/airflow/.local/lib/python3.12/site-packages/airflow/example_dags/example_kubernetes_executor.py
[2024-11-18T06:39:17.300+0000] {logging_mixin.py:190} INFO - [2024-11-18T06:39:17.299+0000] {dag.py:3239} INFO - Sync 1 DAGs
[2024-11-18T06:39:17.391+0000] {logging_mixin.py:190} INFO - [2024-11-18T06:39:17.391+0000] {dag.py:4180} INFO - Setting next_dagrun for example_kubernetes_executor to None, run_after=None
[2024-11-18T06:39:17.447+0000] {processor.py:208} INFO - Processing /home/airflow/.local/lib/python3.12/site-packages/airflow/example_dags/example_kubernetes_executor.py took 0.348 seconds
[2024-11-18T06:39:48.191+0000] {processor.py:186} INFO - Started process (PID=1157) to work on /home/airflow/.local/lib/python3.12/site-packages/airflow/example_dags/example_kubernetes_executor.py
[2024-11-18T06:39:48.192+0000] {processor.py:914} INFO - Processing file /home/airflow/.local/lib/python3.12/site-packages/airflow/example_dags/example_kubernetes_executor.py for tasks to queue
[2024-11-18T06:39:48.195+0000] {logging_mixin.py:190} INFO - [2024-11-18T06:39:48.195+0000] {dagbag.py:588} INFO - Filling up the DagBag from /home/airflow/.local/lib/python3.12/site-packages/airflow/example_dags/example_kubernetes_executor.py
[2024-11-18T06:39:48.219+0000] {processor.py:925} INFO - DAG(s) 'example_kubernetes_executor' retrieved from /home/airflow/.local/lib/python3.12/site-packages/airflow/example_dags/example_kubernetes_executor.py
[2024-11-18T06:39:48.274+0000] {logging_mixin.py:190} INFO - [2024-11-18T06:39:48.274+0000] {dag.py:3239} INFO - Sync 1 DAGs
[2024-11-18T06:39:48.295+0000] {logging_mixin.py:190} INFO - [2024-11-18T06:39:48.295+0000] {dag.py:4180} INFO - Setting next_dagrun for example_kubernetes_executor to None, run_after=None
[2024-11-18T06:39:48.336+0000] {processor.py:208} INFO - Processing /home/airflow/.local/lib/python3.12/site-packages/airflow/example_dags/example_kubernetes_executor.py took 0.153 seconds
[2024-11-18T06:40:18.506+0000] {processor.py:186} INFO - Started process (PID=1456) to work on /home/airflow/.local/lib/python3.12/site-packages/airflow/example_dags/example_kubernetes_executor.py
[2024-11-18T06:40:18.508+0000] {processor.py:914} INFO - Processing file /home/airflow/.local/lib/python3.12/site-packages/airflow/example_dags/example_kubernetes_executor.py for tasks to queue
[2024-11-18T06:40:18.512+0000] {logging_mixin.py:190} INFO - [2024-11-18T06:40:18.511+0000] {dagbag.py:588} INFO - Filling up the DagBag from /home/airflow/.local/lib/python3.12/site-packages/airflow/example_dags/example_kubernetes_executor.py
[2024-11-18T06:40:18.540+0000] {processor.py:925} INFO - DAG(s) 'example_kubernetes_executor' retrieved from /home/airflow/.local/lib/python3.12/site-packages/airflow/example_dags/example_kubernetes_executor.py
[2024-11-18T06:40:18.619+0000] {logging_mixin.py:190} INFO - [2024-11-18T06:40:18.618+0000] {dag.py:3239} INFO - Sync 1 DAGs
[2024-11-18T06:40:18.714+0000] {logging_mixin.py:190} INFO - [2024-11-18T06:40:18.713+0000] {dag.py:4180} INFO - Setting next_dagrun for example_kubernetes_executor to None, run_after=None
[2024-11-18T06:40:18.759+0000] {processor.py:208} INFO - Processing /home/airflow/.local/lib/python3.12/site-packages/airflow/example_dags/example_kubernetes_executor.py took 0.268 seconds
[2024-11-18T06:40:48.978+0000] {processor.py:186} INFO - Started process (PID=1757) to work on /home/airflow/.local/lib/python3.12/site-packages/airflow/example_dags/example_kubernetes_executor.py
[2024-11-18T06:40:48.980+0000] {processor.py:914} INFO - Processing file /home/airflow/.local/lib/python3.12/site-packages/airflow/example_dags/example_kubernetes_executor.py for tasks to queue
[2024-11-18T06:40:48.983+0000] {logging_mixin.py:190} INFO - [2024-11-18T06:40:48.983+0000] {dagbag.py:588} INFO - Filling up the DagBag from /home/airflow/.local/lib/python3.12/site-packages/airflow/example_dags/example_kubernetes_executor.py
[2024-11-18T06:40:49.022+0000] {processor.py:925} INFO - DAG(s) 'example_kubernetes_executor' retrieved from /home/airflow/.local/lib/python3.12/site-packages/airflow/example_dags/example_kubernetes_executor.py
[2024-11-18T06:40:49.070+0000] {logging_mixin.py:190} INFO - [2024-11-18T06:40:49.070+0000] {dag.py:3239} INFO - Sync 1 DAGs
[2024-11-18T06:40:49.086+0000] {logging_mixin.py:190} INFO - [2024-11-18T06:40:49.086+0000] {dag.py:4180} INFO - Setting next_dagrun for example_kubernetes_executor to None, run_after=None
[2024-11-18T06:40:49.111+0000] {processor.py:208} INFO - Processing /home/airflow/.local/lib/python3.12/site-packages/airflow/example_dags/example_kubernetes_executor.py took 0.142 seconds
[2024-11-18T06:41:19.236+0000] {processor.py:186} INFO - Started process (PID=2053) to work on /home/airflow/.local/lib/python3.12/site-packages/airflow/example_dags/example_kubernetes_executor.py
[2024-11-18T06:41:19.239+0000] {processor.py:914} INFO - Processing file /home/airflow/.local/lib/python3.12/site-packages/airflow/example_dags/example_kubernetes_executor.py for tasks to queue
[2024-11-18T06:41:19.247+0000] {logging_mixin.py:190} INFO - [2024-11-18T06:41:19.245+0000] {dagbag.py:588} INFO - Filling up the DagBag from /home/airflow/.local/lib/python3.12/site-packages/airflow/example_dags/example_kubernetes_executor.py
[2024-11-18T06:41:19.270+0000] {processor.py:925} INFO - DAG(s) 'example_kubernetes_executor' retrieved from /home/airflow/.local/lib/python3.12/site-packages/airflow/example_dags/example_kubernetes_executor.py
[2024-11-18T06:41:19.319+0000] {logging_mixin.py:190} INFO - [2024-11-18T06:41:19.319+0000] {dag.py:3239} INFO - Sync 1 DAGs
[2024-11-18T06:41:19.336+0000] {logging_mixin.py:190} INFO - [2024-11-18T06:41:19.336+0000] {dag.py:4180} INFO - Setting next_dagrun for example_kubernetes_executor to None, run_after=None
[2024-11-18T06:41:19.364+0000] {processor.py:208} INFO - Processing /home/airflow/.local/lib/python3.12/site-packages/airflow/example_dags/example_kubernetes_executor.py took 0.155 seconds
[2024-11-18T06:41:49.558+0000] {processor.py:186} INFO - Started process (PID=2342) to work on /home/airflow/.local/lib/python3.12/site-packages/airflow/example_dags/example_kubernetes_executor.py
[2024-11-18T06:41:49.559+0000] {processor.py:914} INFO - Processing file /home/airflow/.local/lib/python3.12/site-packages/airflow/example_dags/example_kubernetes_executor.py for tasks to queue
[2024-11-18T06:41:49.562+0000] {logging_mixin.py:190} INFO - [2024-11-18T06:41:49.561+0000] {dagbag.py:588} INFO - Filling up the DagBag from /home/airflow/.local/lib/python3.12/site-packages/airflow/example_dags/example_kubernetes_executor.py
[2024-11-18T06:41:49.581+0000] {processor.py:925} INFO - DAG(s) 'example_kubernetes_executor' retrieved from /home/airflow/.local/lib/python3.12/site-packages/airflow/example_dags/example_kubernetes_executor.py
[2024-11-18T06:41:49.627+0000] {logging_mixin.py:190} INFO - [2024-11-18T06:41:49.627+0000] {dag.py:3239} INFO - Sync 1 DAGs
[2024-11-18T06:41:49.649+0000] {logging_mixin.py:190} INFO - [2024-11-18T06:41:49.649+0000] {dag.py:4180} INFO - Setting next_dagrun for example_kubernetes_executor to None, run_after=None
[2024-11-18T06:41:49.680+0000] {processor.py:208} INFO - Processing /home/airflow/.local/lib/python3.12/site-packages/airflow/example_dags/example_kubernetes_executor.py took 0.130 seconds
[2024-11-18T06:42:20.602+0000] {processor.py:186} INFO - Started process (PID=2638) to work on /home/airflow/.local/lib/python3.12/site-packages/airflow/example_dags/example_kubernetes_executor.py
[2024-11-18T06:42:20.603+0000] {processor.py:914} INFO - Processing file /home/airflow/.local/lib/python3.12/site-packages/airflow/example_dags/example_kubernetes_executor.py for tasks to queue
[2024-11-18T06:42:20.607+0000] {logging_mixin.py:190} INFO - [2024-11-18T06:42:20.606+0000] {dagbag.py:588} INFO - Filling up the DagBag from /home/airflow/.local/lib/python3.12/site-packages/airflow/example_dags/example_kubernetes_executor.py
[2024-11-18T06:42:20.632+0000] {processor.py:925} INFO - DAG(s) 'example_kubernetes_executor' retrieved from /home/airflow/.local/lib/python3.12/site-packages/airflow/example_dags/example_kubernetes_executor.py
[2024-11-18T06:42:20.684+0000] {logging_mixin.py:190} INFO - [2024-11-18T06:42:20.683+0000] {dag.py:3239} INFO - Sync 1 DAGs
[2024-11-18T06:42:20.711+0000] {logging_mixin.py:190} INFO - [2024-11-18T06:42:20.711+0000] {dag.py:4180} INFO - Setting next_dagrun for example_kubernetes_executor to None, run_after=None
[2024-11-18T06:42:20.752+0000] {processor.py:208} INFO - Processing /home/airflow/.local/lib/python3.12/site-packages/airflow/example_dags/example_kubernetes_executor.py took 0.158 seconds
[2024-11-18T06:42:51.238+0000] {processor.py:186} INFO - Started process (PID=2933) to work on /home/airflow/.local/lib/python3.12/site-packages/airflow/example_dags/example_kubernetes_executor.py
[2024-11-18T06:42:51.240+0000] {processor.py:914} INFO - Processing file /home/airflow/.local/lib/python3.12/site-packages/airflow/example_dags/example_kubernetes_executor.py for tasks to queue
[2024-11-18T06:42:51.245+0000] {logging_mixin.py:190} INFO - [2024-11-18T06:42:51.244+0000] {dagbag.py:588} INFO - Filling up the DagBag from /home/airflow/.local/lib/python3.12/site-packages/airflow/example_dags/example_kubernetes_executor.py
[2024-11-18T06:42:51.277+0000] {processor.py:925} INFO - DAG(s) 'example_kubernetes_executor' retrieved from /home/airflow/.local/lib/python3.12/site-packages/airflow/example_dags/example_kubernetes_executor.py
[2024-11-18T06:42:51.359+0000] {logging_mixin.py:190} INFO - [2024-11-18T06:42:51.358+0000] {dag.py:3239} INFO - Sync 1 DAGs
[2024-11-18T06:42:51.393+0000] {logging_mixin.py:190} INFO - [2024-11-18T06:42:51.392+0000] {dag.py:4180} INFO - Setting next_dagrun for example_kubernetes_executor to None, run_after=None
[2024-11-18T06:42:51.442+0000] {processor.py:208} INFO - Processing /home/airflow/.local/lib/python3.12/site-packages/airflow/example_dags/example_kubernetes_executor.py took 0.220 seconds
