[2024-11-18T06:38:10.479+0000] {processor.py:186} INFO - Started process (PID=217) to work on /home/airflow/.local/lib/python3.12/site-packages/airflow/example_dags/example_datasets.py
[2024-11-18T06:38:10.481+0000] {processor.py:914} INFO - Processing file /home/airflow/.local/lib/python3.12/site-packages/airflow/example_dags/example_datasets.py for tasks to queue
[2024-11-18T06:38:10.486+0000] {logging_mixin.py:190} INFO - [2024-11-18T06:38:10.485+0000] {dagbag.py:588} INFO - Filling up the DagBag from /home/airflow/.local/lib/python3.12/site-packages/airflow/example_dags/example_datasets.py
[2024-11-18T06:38:14.728+0000] {processor.py:925} INFO - DAG(s) 'dataset_produces_2', 'dataset_consumes_1_never_scheduled', 'consume_1_or_both_2_and_3_with_dataset_expressions', 'dataset_consumes_1', 'consume_1_or_2_with_dataset_expressions', 'dataset_produces_1', 'dataset_consumes_unknown_never_scheduled', 'conditional_dataset_and_time_based_timetable', 'dataset_consumes_1_and_2', 'consume_1_and_2_with_dataset_expressions' retrieved from /home/airflow/.local/lib/python3.12/site-packages/airflow/example_dags/example_datasets.py
[2024-11-18T06:38:14.862+0000] {logging_mixin.py:190} INFO - [2024-11-18T06:38:14.861+0000] {dag.py:3239} INFO - Sync 10 DAGs
[2024-11-18T06:38:14.968+0000] {logging_mixin.py:190} INFO - [2024-11-18T06:38:14.968+0000] {dag.py:4180} INFO - Setting next_dagrun for conditional_dataset_and_time_based_timetable to 2024-11-13 01:00:00+00:00, run_after=2024-11-13 01:00:00+00:00
[2024-11-18T06:38:14.980+0000] {logging_mixin.py:190} INFO - [2024-11-18T06:38:14.979+0000] {dag.py:4180} INFO - Setting next_dagrun for consume_1_and_2_with_dataset_expressions to None, run_after=None
[2024-11-18T06:38:14.987+0000] {logging_mixin.py:190} INFO - [2024-11-18T06:38:14.986+0000] {dag.py:4180} INFO - Setting next_dagrun for consume_1_or_2_with_dataset_expressions to None, run_after=None
[2024-11-18T06:38:14.991+0000] {logging_mixin.py:190} INFO - [2024-11-18T06:38:14.991+0000] {dag.py:4180} INFO - Setting next_dagrun for consume_1_or_both_2_and_3_with_dataset_expressions to None, run_after=None
[2024-11-18T06:38:14.998+0000] {logging_mixin.py:190} INFO - [2024-11-18T06:38:14.997+0000] {dag.py:4180} INFO - Setting next_dagrun for dataset_consumes_1 to None, run_after=None
[2024-11-18T06:38:15.001+0000] {logging_mixin.py:190} INFO - [2024-11-18T06:38:15.000+0000] {dag.py:4180} INFO - Setting next_dagrun for dataset_consumes_1_and_2 to None, run_after=None
[2024-11-18T06:38:15.005+0000] {logging_mixin.py:190} INFO - [2024-11-18T06:38:15.005+0000] {dag.py:4180} INFO - Setting next_dagrun for dataset_consumes_1_never_scheduled to None, run_after=None
[2024-11-18T06:38:15.009+0000] {logging_mixin.py:190} INFO - [2024-11-18T06:38:15.008+0000] {dag.py:4180} INFO - Setting next_dagrun for dataset_consumes_unknown_never_scheduled to None, run_after=None
[2024-11-18T06:38:15.015+0000] {logging_mixin.py:190} INFO - [2024-11-18T06:38:15.014+0000] {dag.py:4180} INFO - Setting next_dagrun for dataset_produces_1 to 2024-11-17 00:00:00+00:00, run_after=2024-11-18 00:00:00+00:00
[2024-11-18T06:38:15.019+0000] {logging_mixin.py:190} INFO - [2024-11-18T06:38:15.019+0000] {dag.py:4180} INFO - Setting next_dagrun for dataset_produces_2 to None, run_after=None
[2024-11-18T06:38:15.268+0000] {processor.py:208} INFO - Processing /home/airflow/.local/lib/python3.12/site-packages/airflow/example_dags/example_datasets.py took 4.799 seconds
[2024-11-18T06:38:46.387+0000] {processor.py:186} INFO - Started process (PID=555) to work on /home/airflow/.local/lib/python3.12/site-packages/airflow/example_dags/example_datasets.py
[2024-11-18T06:38:46.393+0000] {processor.py:914} INFO - Processing file /home/airflow/.local/lib/python3.12/site-packages/airflow/example_dags/example_datasets.py for tasks to queue
[2024-11-18T06:38:46.396+0000] {logging_mixin.py:190} INFO - [2024-11-18T06:38:46.395+0000] {dagbag.py:588} INFO - Filling up the DagBag from /home/airflow/.local/lib/python3.12/site-packages/airflow/example_dags/example_datasets.py
[2024-11-18T06:38:47.333+0000] {processor.py:925} INFO - DAG(s) 'consume_1_or_2_with_dataset_expressions', 'dataset_produces_1', 'dataset_consumes_1_and_2', 'dataset_consumes_1_never_scheduled', 'dataset_consumes_1', 'consume_1_or_both_2_and_3_with_dataset_expressions', 'dataset_produces_2', 'dataset_consumes_unknown_never_scheduled', 'consume_1_and_2_with_dataset_expressions', 'conditional_dataset_and_time_based_timetable' retrieved from /home/airflow/.local/lib/python3.12/site-packages/airflow/example_dags/example_datasets.py
[2024-11-18T06:38:47.405+0000] {logging_mixin.py:190} INFO - [2024-11-18T06:38:47.404+0000] {dag.py:3239} INFO - Sync 10 DAGs
[2024-11-18T06:38:47.451+0000] {logging_mixin.py:190} INFO - [2024-11-18T06:38:47.450+0000] {dag.py:4180} INFO - Setting next_dagrun for conditional_dataset_and_time_based_timetable to 2024-11-13 01:00:00+00:00, run_after=2024-11-13 01:00:00+00:00
[2024-11-18T06:38:47.457+0000] {logging_mixin.py:190} INFO - [2024-11-18T06:38:47.457+0000] {dag.py:4180} INFO - Setting next_dagrun for consume_1_and_2_with_dataset_expressions to None, run_after=None
[2024-11-18T06:38:47.460+0000] {logging_mixin.py:190} INFO - [2024-11-18T06:38:47.459+0000] {dag.py:4180} INFO - Setting next_dagrun for consume_1_or_2_with_dataset_expressions to None, run_after=None
[2024-11-18T06:38:47.462+0000] {logging_mixin.py:190} INFO - [2024-11-18T06:38:47.462+0000] {dag.py:4180} INFO - Setting next_dagrun for consume_1_or_both_2_and_3_with_dataset_expressions to None, run_after=None
[2024-11-18T06:38:47.465+0000] {logging_mixin.py:190} INFO - [2024-11-18T06:38:47.465+0000] {dag.py:4180} INFO - Setting next_dagrun for dataset_consumes_1 to None, run_after=None
[2024-11-18T06:38:47.468+0000] {logging_mixin.py:190} INFO - [2024-11-18T06:38:47.467+0000] {dag.py:4180} INFO - Setting next_dagrun for dataset_consumes_1_and_2 to None, run_after=None
[2024-11-18T06:38:47.471+0000] {logging_mixin.py:190} INFO - [2024-11-18T06:38:47.471+0000] {dag.py:4180} INFO - Setting next_dagrun for dataset_consumes_1_never_scheduled to None, run_after=None
[2024-11-18T06:38:47.475+0000] {logging_mixin.py:190} INFO - [2024-11-18T06:38:47.475+0000] {dag.py:4180} INFO - Setting next_dagrun for dataset_consumes_unknown_never_scheduled to None, run_after=None
[2024-11-18T06:38:47.480+0000] {logging_mixin.py:190} INFO - [2024-11-18T06:38:47.480+0000] {dag.py:4180} INFO - Setting next_dagrun for dataset_produces_1 to 2024-11-17 00:00:00+00:00, run_after=2024-11-18 00:00:00+00:00
[2024-11-18T06:38:47.483+0000] {logging_mixin.py:190} INFO - [2024-11-18T06:38:47.482+0000] {dag.py:4180} INFO - Setting next_dagrun for dataset_produces_2 to None, run_after=None
[2024-11-18T06:38:47.553+0000] {processor.py:208} INFO - Processing /home/airflow/.local/lib/python3.12/site-packages/airflow/example_dags/example_datasets.py took 1.177 seconds
[2024-11-18T06:39:17.733+0000] {processor.py:186} INFO - Started process (PID=874) to work on /home/airflow/.local/lib/python3.12/site-packages/airflow/example_dags/example_datasets.py
[2024-11-18T06:39:17.737+0000] {processor.py:914} INFO - Processing file /home/airflow/.local/lib/python3.12/site-packages/airflow/example_dags/example_datasets.py for tasks to queue
[2024-11-18T06:39:17.743+0000] {logging_mixin.py:190} INFO - [2024-11-18T06:39:17.742+0000] {dagbag.py:588} INFO - Filling up the DagBag from /home/airflow/.local/lib/python3.12/site-packages/airflow/example_dags/example_datasets.py
[2024-11-18T06:39:20.517+0000] {processor.py:925} INFO - DAG(s) 'dataset_consumes_1_never_scheduled', 'dataset_produces_1', 'consume_1_or_2_with_dataset_expressions', 'consume_1_and_2_with_dataset_expressions', 'dataset_consumes_1_and_2', 'dataset_consumes_unknown_never_scheduled', 'dataset_produces_2', 'conditional_dataset_and_time_based_timetable', 'consume_1_or_both_2_and_3_with_dataset_expressions', 'dataset_consumes_1' retrieved from /home/airflow/.local/lib/python3.12/site-packages/airflow/example_dags/example_datasets.py
[2024-11-18T06:39:20.712+0000] {logging_mixin.py:190} INFO - [2024-11-18T06:39:20.711+0000] {dag.py:3239} INFO - Sync 10 DAGs
[2024-11-18T06:39:20.821+0000] {logging_mixin.py:190} INFO - [2024-11-18T06:39:20.821+0000] {dag.py:4180} INFO - Setting next_dagrun for conditional_dataset_and_time_based_timetable to 2024-11-13 01:00:00+00:00, run_after=2024-11-13 01:00:00+00:00
[2024-11-18T06:39:20.847+0000] {logging_mixin.py:190} INFO - [2024-11-18T06:39:20.846+0000] {dag.py:4180} INFO - Setting next_dagrun for consume_1_and_2_with_dataset_expressions to None, run_after=None
[2024-11-18T06:39:20.851+0000] {logging_mixin.py:190} INFO - [2024-11-18T06:39:20.851+0000] {dag.py:4180} INFO - Setting next_dagrun for consume_1_or_2_with_dataset_expressions to None, run_after=None
[2024-11-18T06:39:20.866+0000] {logging_mixin.py:190} INFO - [2024-11-18T06:39:20.866+0000] {dag.py:4180} INFO - Setting next_dagrun for consume_1_or_both_2_and_3_with_dataset_expressions to None, run_after=None
[2024-11-18T06:39:20.874+0000] {logging_mixin.py:190} INFO - [2024-11-18T06:39:20.873+0000] {dag.py:4180} INFO - Setting next_dagrun for dataset_consumes_1 to None, run_after=None
[2024-11-18T06:39:20.886+0000] {logging_mixin.py:190} INFO - [2024-11-18T06:39:20.885+0000] {dag.py:4180} INFO - Setting next_dagrun for dataset_consumes_1_and_2 to None, run_after=None
[2024-11-18T06:39:20.891+0000] {logging_mixin.py:190} INFO - [2024-11-18T06:39:20.890+0000] {dag.py:4180} INFO - Setting next_dagrun for dataset_consumes_1_never_scheduled to None, run_after=None
[2024-11-18T06:39:20.904+0000] {logging_mixin.py:190} INFO - [2024-11-18T06:39:20.903+0000] {dag.py:4180} INFO - Setting next_dagrun for dataset_consumes_unknown_never_scheduled to None, run_after=None
[2024-11-18T06:39:20.927+0000] {logging_mixin.py:190} INFO - [2024-11-18T06:39:20.926+0000] {dag.py:4180} INFO - Setting next_dagrun for dataset_produces_1 to 2024-11-17 00:00:00+00:00, run_after=2024-11-18 00:00:00+00:00
[2024-11-18T06:39:20.934+0000] {logging_mixin.py:190} INFO - [2024-11-18T06:39:20.933+0000] {dag.py:4180} INFO - Setting next_dagrun for dataset_produces_2 to None, run_after=None
[2024-11-18T06:39:21.085+0000] {processor.py:208} INFO - Processing /home/airflow/.local/lib/python3.12/site-packages/airflow/example_dags/example_datasets.py took 3.363 seconds
[2024-11-18T06:39:51.818+0000] {processor.py:186} INFO - Started process (PID=1187) to work on /home/airflow/.local/lib/python3.12/site-packages/airflow/example_dags/example_datasets.py
[2024-11-18T06:39:51.820+0000] {processor.py:914} INFO - Processing file /home/airflow/.local/lib/python3.12/site-packages/airflow/example_dags/example_datasets.py for tasks to queue
[2024-11-18T06:39:51.824+0000] {logging_mixin.py:190} INFO - [2024-11-18T06:39:51.823+0000] {dagbag.py:588} INFO - Filling up the DagBag from /home/airflow/.local/lib/python3.12/site-packages/airflow/example_dags/example_datasets.py
[2024-11-18T06:39:52.835+0000] {processor.py:925} INFO - DAG(s) 'consume_1_or_2_with_dataset_expressions', 'dataset_consumes_unknown_never_scheduled', 'dataset_produces_2', 'dataset_consumes_1', 'dataset_consumes_1_never_scheduled', 'consume_1_or_both_2_and_3_with_dataset_expressions', 'dataset_produces_1', 'conditional_dataset_and_time_based_timetable', 'consume_1_and_2_with_dataset_expressions', 'dataset_consumes_1_and_2' retrieved from /home/airflow/.local/lib/python3.12/site-packages/airflow/example_dags/example_datasets.py
[2024-11-18T06:39:52.926+0000] {logging_mixin.py:190} INFO - [2024-11-18T06:39:52.926+0000] {dag.py:3239} INFO - Sync 10 DAGs
[2024-11-18T06:39:52.970+0000] {logging_mixin.py:190} INFO - [2024-11-18T06:39:52.970+0000] {dag.py:4180} INFO - Setting next_dagrun for conditional_dataset_and_time_based_timetable to 2024-11-13 01:00:00+00:00, run_after=2024-11-13 01:00:00+00:00
[2024-11-18T06:39:52.977+0000] {logging_mixin.py:190} INFO - [2024-11-18T06:39:52.976+0000] {dag.py:4180} INFO - Setting next_dagrun for consume_1_and_2_with_dataset_expressions to None, run_after=None
[2024-11-18T06:39:52.979+0000] {logging_mixin.py:190} INFO - [2024-11-18T06:39:52.979+0000] {dag.py:4180} INFO - Setting next_dagrun for consume_1_or_2_with_dataset_expressions to None, run_after=None
[2024-11-18T06:39:52.982+0000] {logging_mixin.py:190} INFO - [2024-11-18T06:39:52.981+0000] {dag.py:4180} INFO - Setting next_dagrun for consume_1_or_both_2_and_3_with_dataset_expressions to None, run_after=None
[2024-11-18T06:39:52.984+0000] {logging_mixin.py:190} INFO - [2024-11-18T06:39:52.983+0000] {dag.py:4180} INFO - Setting next_dagrun for dataset_consumes_1 to None, run_after=None
[2024-11-18T06:39:52.986+0000] {logging_mixin.py:190} INFO - [2024-11-18T06:39:52.986+0000] {dag.py:4180} INFO - Setting next_dagrun for dataset_consumes_1_and_2 to None, run_after=None
[2024-11-18T06:39:52.988+0000] {logging_mixin.py:190} INFO - [2024-11-18T06:39:52.988+0000] {dag.py:4180} INFO - Setting next_dagrun for dataset_consumes_1_never_scheduled to None, run_after=None
[2024-11-18T06:39:52.991+0000] {logging_mixin.py:190} INFO - [2024-11-18T06:39:52.990+0000] {dag.py:4180} INFO - Setting next_dagrun for dataset_consumes_unknown_never_scheduled to None, run_after=None
[2024-11-18T06:39:52.995+0000] {logging_mixin.py:190} INFO - [2024-11-18T06:39:52.995+0000] {dag.py:4180} INFO - Setting next_dagrun for dataset_produces_1 to 2024-11-17 00:00:00+00:00, run_after=2024-11-18 00:00:00+00:00
[2024-11-18T06:39:52.998+0000] {logging_mixin.py:190} INFO - [2024-11-18T06:39:52.997+0000] {dag.py:4180} INFO - Setting next_dagrun for dataset_produces_2 to None, run_after=None
[2024-11-18T06:39:53.046+0000] {processor.py:208} INFO - Processing /home/airflow/.local/lib/python3.12/site-packages/airflow/example_dags/example_datasets.py took 1.240 seconds
[2024-11-18T06:40:23.415+0000] {processor.py:186} INFO - Started process (PID=1496) to work on /home/airflow/.local/lib/python3.12/site-packages/airflow/example_dags/example_datasets.py
[2024-11-18T06:40:23.423+0000] {processor.py:914} INFO - Processing file /home/airflow/.local/lib/python3.12/site-packages/airflow/example_dags/example_datasets.py for tasks to queue
[2024-11-18T06:40:23.426+0000] {logging_mixin.py:190} INFO - [2024-11-18T06:40:23.426+0000] {dagbag.py:588} INFO - Filling up the DagBag from /home/airflow/.local/lib/python3.12/site-packages/airflow/example_dags/example_datasets.py
[2024-11-18T06:40:26.505+0000] {processor.py:925} INFO - DAG(s) 'conditional_dataset_and_time_based_timetable', 'consume_1_or_both_2_and_3_with_dataset_expressions', 'consume_1_and_2_with_dataset_expressions', 'dataset_consumes_1_never_scheduled', 'dataset_consumes_unknown_never_scheduled', 'dataset_produces_2', 'consume_1_or_2_with_dataset_expressions', 'dataset_consumes_1', 'dataset_consumes_1_and_2', 'dataset_produces_1' retrieved from /home/airflow/.local/lib/python3.12/site-packages/airflow/example_dags/example_datasets.py
[2024-11-18T06:40:26.651+0000] {logging_mixin.py:190} INFO - [2024-11-18T06:40:26.651+0000] {dag.py:3239} INFO - Sync 10 DAGs
[2024-11-18T06:40:26.809+0000] {logging_mixin.py:190} INFO - [2024-11-18T06:40:26.808+0000] {dag.py:4180} INFO - Setting next_dagrun for conditional_dataset_and_time_based_timetable to 2024-11-13 01:00:00+00:00, run_after=2024-11-13 01:00:00+00:00
[2024-11-18T06:40:26.832+0000] {logging_mixin.py:190} INFO - [2024-11-18T06:40:26.831+0000] {dag.py:4180} INFO - Setting next_dagrun for consume_1_and_2_with_dataset_expressions to None, run_after=None
[2024-11-18T06:40:26.836+0000] {logging_mixin.py:190} INFO - [2024-11-18T06:40:26.835+0000] {dag.py:4180} INFO - Setting next_dagrun for consume_1_or_2_with_dataset_expressions to None, run_after=None
[2024-11-18T06:40:26.840+0000] {logging_mixin.py:190} INFO - [2024-11-18T06:40:26.839+0000] {dag.py:4180} INFO - Setting next_dagrun for consume_1_or_both_2_and_3_with_dataset_expressions to None, run_after=None
[2024-11-18T06:40:26.847+0000] {logging_mixin.py:190} INFO - [2024-11-18T06:40:26.846+0000] {dag.py:4180} INFO - Setting next_dagrun for dataset_consumes_1 to None, run_after=None
[2024-11-18T06:40:26.852+0000] {logging_mixin.py:190} INFO - [2024-11-18T06:40:26.851+0000] {dag.py:4180} INFO - Setting next_dagrun for dataset_consumes_1_and_2 to None, run_after=None
[2024-11-18T06:40:26.856+0000] {logging_mixin.py:190} INFO - [2024-11-18T06:40:26.856+0000] {dag.py:4180} INFO - Setting next_dagrun for dataset_consumes_1_never_scheduled to None, run_after=None
[2024-11-18T06:40:26.870+0000] {logging_mixin.py:190} INFO - [2024-11-18T06:40:26.869+0000] {dag.py:4180} INFO - Setting next_dagrun for dataset_consumes_unknown_never_scheduled to None, run_after=None
[2024-11-18T06:40:26.878+0000] {logging_mixin.py:190} INFO - [2024-11-18T06:40:26.877+0000] {dag.py:4180} INFO - Setting next_dagrun for dataset_produces_1 to 2024-11-17 00:00:00+00:00, run_after=2024-11-18 00:00:00+00:00
[2024-11-18T06:40:26.891+0000] {logging_mixin.py:190} INFO - [2024-11-18T06:40:26.890+0000] {dag.py:4180} INFO - Setting next_dagrun for dataset_produces_2 to None, run_after=None
[2024-11-18T06:40:27.023+0000] {processor.py:208} INFO - Processing /home/airflow/.local/lib/python3.12/site-packages/airflow/example_dags/example_datasets.py took 3.618 seconds
[2024-11-18T06:40:57.770+0000] {processor.py:186} INFO - Started process (PID=1800) to work on /home/airflow/.local/lib/python3.12/site-packages/airflow/example_dags/example_datasets.py
[2024-11-18T06:40:57.772+0000] {processor.py:914} INFO - Processing file /home/airflow/.local/lib/python3.12/site-packages/airflow/example_dags/example_datasets.py for tasks to queue
[2024-11-18T06:40:57.775+0000] {logging_mixin.py:190} INFO - [2024-11-18T06:40:57.774+0000] {dagbag.py:588} INFO - Filling up the DagBag from /home/airflow/.local/lib/python3.12/site-packages/airflow/example_dags/example_datasets.py
[2024-11-18T06:40:58.725+0000] {processor.py:925} INFO - DAG(s) 'dataset_produces_2', 'consume_1_or_both_2_and_3_with_dataset_expressions', 'dataset_consumes_1', 'dataset_produces_1', 'dataset_consumes_1_and_2', 'consume_1_or_2_with_dataset_expressions', 'consume_1_and_2_with_dataset_expressions', 'conditional_dataset_and_time_based_timetable', 'dataset_consumes_unknown_never_scheduled', 'dataset_consumes_1_never_scheduled' retrieved from /home/airflow/.local/lib/python3.12/site-packages/airflow/example_dags/example_datasets.py
[2024-11-18T06:40:58.815+0000] {logging_mixin.py:190} INFO - [2024-11-18T06:40:58.814+0000] {dag.py:3239} INFO - Sync 10 DAGs
[2024-11-18T06:40:58.844+0000] {logging_mixin.py:190} INFO - [2024-11-18T06:40:58.844+0000] {dag.py:4180} INFO - Setting next_dagrun for conditional_dataset_and_time_based_timetable to 2024-11-13 01:00:00+00:00, run_after=2024-11-13 01:00:00+00:00
[2024-11-18T06:40:58.850+0000] {logging_mixin.py:190} INFO - [2024-11-18T06:40:58.850+0000] {dag.py:4180} INFO - Setting next_dagrun for consume_1_and_2_with_dataset_expressions to None, run_after=None
[2024-11-18T06:40:58.853+0000] {logging_mixin.py:190} INFO - [2024-11-18T06:40:58.852+0000] {dag.py:4180} INFO - Setting next_dagrun for consume_1_or_2_with_dataset_expressions to None, run_after=None
[2024-11-18T06:40:58.855+0000] {logging_mixin.py:190} INFO - [2024-11-18T06:40:58.854+0000] {dag.py:4180} INFO - Setting next_dagrun for consume_1_or_both_2_and_3_with_dataset_expressions to None, run_after=None
[2024-11-18T06:40:58.857+0000] {logging_mixin.py:190} INFO - [2024-11-18T06:40:58.857+0000] {dag.py:4180} INFO - Setting next_dagrun for dataset_consumes_1 to None, run_after=None
[2024-11-18T06:40:58.859+0000] {logging_mixin.py:190} INFO - [2024-11-18T06:40:58.859+0000] {dag.py:4180} INFO - Setting next_dagrun for dataset_consumes_1_and_2 to None, run_after=None
[2024-11-18T06:40:58.862+0000] {logging_mixin.py:190} INFO - [2024-11-18T06:40:58.862+0000] {dag.py:4180} INFO - Setting next_dagrun for dataset_consumes_1_never_scheduled to None, run_after=None
[2024-11-18T06:40:58.864+0000] {logging_mixin.py:190} INFO - [2024-11-18T06:40:58.864+0000] {dag.py:4180} INFO - Setting next_dagrun for dataset_consumes_unknown_never_scheduled to None, run_after=None
[2024-11-18T06:40:58.868+0000] {logging_mixin.py:190} INFO - [2024-11-18T06:40:58.867+0000] {dag.py:4180} INFO - Setting next_dagrun for dataset_produces_1 to 2024-11-17 00:00:00+00:00, run_after=2024-11-18 00:00:00+00:00
[2024-11-18T06:40:58.870+0000] {logging_mixin.py:190} INFO - [2024-11-18T06:40:58.870+0000] {dag.py:4180} INFO - Setting next_dagrun for dataset_produces_2 to None, run_after=None
[2024-11-18T06:40:58.943+0000] {processor.py:208} INFO - Processing /home/airflow/.local/lib/python3.12/site-packages/airflow/example_dags/example_datasets.py took 1.182 seconds
[2024-11-18T06:41:29.234+0000] {processor.py:186} INFO - Started process (PID=2093) to work on /home/airflow/.local/lib/python3.12/site-packages/airflow/example_dags/example_datasets.py
[2024-11-18T06:41:29.236+0000] {processor.py:914} INFO - Processing file /home/airflow/.local/lib/python3.12/site-packages/airflow/example_dags/example_datasets.py for tasks to queue
[2024-11-18T06:41:29.239+0000] {logging_mixin.py:190} INFO - [2024-11-18T06:41:29.238+0000] {dagbag.py:588} INFO - Filling up the DagBag from /home/airflow/.local/lib/python3.12/site-packages/airflow/example_dags/example_datasets.py
[2024-11-18T06:41:30.744+0000] {processor.py:925} INFO - DAG(s) 'dataset_consumes_unknown_never_scheduled', 'conditional_dataset_and_time_based_timetable', 'consume_1_or_both_2_and_3_with_dataset_expressions', 'dataset_produces_2', 'dataset_consumes_1_never_scheduled', 'consume_1_and_2_with_dataset_expressions', 'consume_1_or_2_with_dataset_expressions', 'dataset_consumes_1_and_2', 'dataset_consumes_1', 'dataset_produces_1' retrieved from /home/airflow/.local/lib/python3.12/site-packages/airflow/example_dags/example_datasets.py
[2024-11-18T06:41:30.914+0000] {logging_mixin.py:190} INFO - [2024-11-18T06:41:30.913+0000] {dag.py:3239} INFO - Sync 10 DAGs
[2024-11-18T06:41:30.979+0000] {logging_mixin.py:190} INFO - [2024-11-18T06:41:30.978+0000] {dag.py:4180} INFO - Setting next_dagrun for conditional_dataset_and_time_based_timetable to 2024-11-13 01:00:00+00:00, run_after=2024-11-13 01:00:00+00:00
[2024-11-18T06:41:30.991+0000] {logging_mixin.py:190} INFO - [2024-11-18T06:41:30.990+0000] {dag.py:4180} INFO - Setting next_dagrun for consume_1_and_2_with_dataset_expressions to None, run_after=None
[2024-11-18T06:41:30.996+0000] {logging_mixin.py:190} INFO - [2024-11-18T06:41:30.995+0000] {dag.py:4180} INFO - Setting next_dagrun for consume_1_or_2_with_dataset_expressions to None, run_after=None
[2024-11-18T06:41:31.004+0000] {logging_mixin.py:190} INFO - [2024-11-18T06:41:31.004+0000] {dag.py:4180} INFO - Setting next_dagrun for consume_1_or_both_2_and_3_with_dataset_expressions to None, run_after=None
[2024-11-18T06:41:31.010+0000] {logging_mixin.py:190} INFO - [2024-11-18T06:41:31.009+0000] {dag.py:4180} INFO - Setting next_dagrun for dataset_consumes_1 to None, run_after=None
[2024-11-18T06:41:31.018+0000] {logging_mixin.py:190} INFO - [2024-11-18T06:41:31.017+0000] {dag.py:4180} INFO - Setting next_dagrun for dataset_consumes_1_and_2 to None, run_after=None
[2024-11-18T06:41:31.025+0000] {logging_mixin.py:190} INFO - [2024-11-18T06:41:31.024+0000] {dag.py:4180} INFO - Setting next_dagrun for dataset_consumes_1_never_scheduled to None, run_after=None
[2024-11-18T06:41:31.038+0000] {logging_mixin.py:190} INFO - [2024-11-18T06:41:31.034+0000] {dag.py:4180} INFO - Setting next_dagrun for dataset_consumes_unknown_never_scheduled to None, run_after=None
[2024-11-18T06:41:31.064+0000] {logging_mixin.py:190} INFO - [2024-11-18T06:41:31.064+0000] {dag.py:4180} INFO - Setting next_dagrun for dataset_produces_1 to 2024-11-17 00:00:00+00:00, run_after=2024-11-18 00:00:00+00:00
[2024-11-18T06:41:31.077+0000] {logging_mixin.py:190} INFO - [2024-11-18T06:41:31.069+0000] {dag.py:4180} INFO - Setting next_dagrun for dataset_produces_2 to None, run_after=None
[2024-11-18T06:41:31.234+0000] {processor.py:208} INFO - Processing /home/airflow/.local/lib/python3.12/site-packages/airflow/example_dags/example_datasets.py took 2.012 seconds
[2024-11-18T06:42:01.459+0000] {processor.py:186} INFO - Started process (PID=2395) to work on /home/airflow/.local/lib/python3.12/site-packages/airflow/example_dags/example_datasets.py
[2024-11-18T06:42:01.461+0000] {processor.py:914} INFO - Processing file /home/airflow/.local/lib/python3.12/site-packages/airflow/example_dags/example_datasets.py for tasks to queue
[2024-11-18T06:42:01.465+0000] {logging_mixin.py:190} INFO - [2024-11-18T06:42:01.465+0000] {dagbag.py:588} INFO - Filling up the DagBag from /home/airflow/.local/lib/python3.12/site-packages/airflow/example_dags/example_datasets.py
[2024-11-18T06:42:02.363+0000] {processor.py:925} INFO - DAG(s) 'consume_1_or_both_2_and_3_with_dataset_expressions', 'dataset_consumes_1_and_2', 'consume_1_or_2_with_dataset_expressions', 'dataset_consumes_1', 'dataset_consumes_1_never_scheduled', 'consume_1_and_2_with_dataset_expressions', 'conditional_dataset_and_time_based_timetable', 'dataset_produces_1', 'dataset_produces_2', 'dataset_consumes_unknown_never_scheduled' retrieved from /home/airflow/.local/lib/python3.12/site-packages/airflow/example_dags/example_datasets.py
[2024-11-18T06:42:02.447+0000] {logging_mixin.py:190} INFO - [2024-11-18T06:42:02.446+0000] {dag.py:3239} INFO - Sync 10 DAGs
[2024-11-18T06:42:02.487+0000] {logging_mixin.py:190} INFO - [2024-11-18T06:42:02.486+0000] {dag.py:4180} INFO - Setting next_dagrun for conditional_dataset_and_time_based_timetable to 2024-11-13 01:00:00+00:00, run_after=2024-11-13 01:00:00+00:00
[2024-11-18T06:42:02.495+0000] {logging_mixin.py:190} INFO - [2024-11-18T06:42:02.495+0000] {dag.py:4180} INFO - Setting next_dagrun for consume_1_and_2_with_dataset_expressions to None, run_after=None
[2024-11-18T06:42:02.498+0000] {logging_mixin.py:190} INFO - [2024-11-18T06:42:02.498+0000] {dag.py:4180} INFO - Setting next_dagrun for consume_1_or_2_with_dataset_expressions to None, run_after=None
[2024-11-18T06:42:02.501+0000] {logging_mixin.py:190} INFO - [2024-11-18T06:42:02.501+0000] {dag.py:4180} INFO - Setting next_dagrun for consume_1_or_both_2_and_3_with_dataset_expressions to None, run_after=None
[2024-11-18T06:42:02.504+0000] {logging_mixin.py:190} INFO - [2024-11-18T06:42:02.503+0000] {dag.py:4180} INFO - Setting next_dagrun for dataset_consumes_1 to None, run_after=None
[2024-11-18T06:42:02.506+0000] {logging_mixin.py:190} INFO - [2024-11-18T06:42:02.506+0000] {dag.py:4180} INFO - Setting next_dagrun for dataset_consumes_1_and_2 to None, run_after=None
[2024-11-18T06:42:02.510+0000] {logging_mixin.py:190} INFO - [2024-11-18T06:42:02.510+0000] {dag.py:4180} INFO - Setting next_dagrun for dataset_consumes_1_never_scheduled to None, run_after=None
[2024-11-18T06:42:02.513+0000] {logging_mixin.py:190} INFO - [2024-11-18T06:42:02.512+0000] {dag.py:4180} INFO - Setting next_dagrun for dataset_consumes_unknown_never_scheduled to None, run_after=None
[2024-11-18T06:42:02.516+0000] {logging_mixin.py:190} INFO - [2024-11-18T06:42:02.516+0000] {dag.py:4180} INFO - Setting next_dagrun for dataset_produces_1 to 2024-11-17 00:00:00+00:00, run_after=2024-11-18 00:00:00+00:00
[2024-11-18T06:42:02.519+0000] {logging_mixin.py:190} INFO - [2024-11-18T06:42:02.518+0000] {dag.py:4180} INFO - Setting next_dagrun for dataset_produces_2 to None, run_after=None
[2024-11-18T06:42:02.570+0000] {processor.py:208} INFO - Processing /home/airflow/.local/lib/python3.12/site-packages/airflow/example_dags/example_datasets.py took 1.122 seconds
[2024-11-18T06:42:32.701+0000] {processor.py:186} INFO - Started process (PID=2693) to work on /home/airflow/.local/lib/python3.12/site-packages/airflow/example_dags/example_datasets.py
[2024-11-18T06:42:32.702+0000] {processor.py:914} INFO - Processing file /home/airflow/.local/lib/python3.12/site-packages/airflow/example_dags/example_datasets.py for tasks to queue
[2024-11-18T06:42:32.705+0000] {logging_mixin.py:190} INFO - [2024-11-18T06:42:32.705+0000] {dagbag.py:588} INFO - Filling up the DagBag from /home/airflow/.local/lib/python3.12/site-packages/airflow/example_dags/example_datasets.py
[2024-11-18T06:42:33.460+0000] {processor.py:925} INFO - DAG(s) 'dataset_consumes_unknown_never_scheduled', 'dataset_consumes_1_never_scheduled', 'dataset_consumes_1', 'consume_1_or_both_2_and_3_with_dataset_expressions', 'dataset_produces_2', 'consume_1_or_2_with_dataset_expressions', 'dataset_consumes_1_and_2', 'conditional_dataset_and_time_based_timetable', 'dataset_produces_1', 'consume_1_and_2_with_dataset_expressions' retrieved from /home/airflow/.local/lib/python3.12/site-packages/airflow/example_dags/example_datasets.py
[2024-11-18T06:42:33.522+0000] {logging_mixin.py:190} INFO - [2024-11-18T06:42:33.521+0000] {dag.py:3239} INFO - Sync 10 DAGs
[2024-11-18T06:42:33.560+0000] {logging_mixin.py:190} INFO - [2024-11-18T06:42:33.559+0000] {dag.py:4180} INFO - Setting next_dagrun for conditional_dataset_and_time_based_timetable to 2024-11-13 01:00:00+00:00, run_after=2024-11-13 01:00:00+00:00
[2024-11-18T06:42:33.566+0000] {logging_mixin.py:190} INFO - [2024-11-18T06:42:33.566+0000] {dag.py:4180} INFO - Setting next_dagrun for consume_1_and_2_with_dataset_expressions to None, run_after=None
[2024-11-18T06:42:33.569+0000] {logging_mixin.py:190} INFO - [2024-11-18T06:42:33.569+0000] {dag.py:4180} INFO - Setting next_dagrun for consume_1_or_2_with_dataset_expressions to None, run_after=None
[2024-11-18T06:42:33.572+0000] {logging_mixin.py:190} INFO - [2024-11-18T06:42:33.571+0000] {dag.py:4180} INFO - Setting next_dagrun for consume_1_or_both_2_and_3_with_dataset_expressions to None, run_after=None
[2024-11-18T06:42:33.574+0000] {logging_mixin.py:190} INFO - [2024-11-18T06:42:33.574+0000] {dag.py:4180} INFO - Setting next_dagrun for dataset_consumes_1 to None, run_after=None
[2024-11-18T06:42:33.576+0000] {logging_mixin.py:190} INFO - [2024-11-18T06:42:33.576+0000] {dag.py:4180} INFO - Setting next_dagrun for dataset_consumes_1_and_2 to None, run_after=None
[2024-11-18T06:42:33.578+0000] {logging_mixin.py:190} INFO - [2024-11-18T06:42:33.578+0000] {dag.py:4180} INFO - Setting next_dagrun for dataset_consumes_1_never_scheduled to None, run_after=None
[2024-11-18T06:42:33.581+0000] {logging_mixin.py:190} INFO - [2024-11-18T06:42:33.580+0000] {dag.py:4180} INFO - Setting next_dagrun for dataset_consumes_unknown_never_scheduled to None, run_after=None
[2024-11-18T06:42:33.584+0000] {logging_mixin.py:190} INFO - [2024-11-18T06:42:33.584+0000] {dag.py:4180} INFO - Setting next_dagrun for dataset_produces_1 to 2024-11-17 00:00:00+00:00, run_after=2024-11-18 00:00:00+00:00
[2024-11-18T06:42:33.587+0000] {logging_mixin.py:190} INFO - [2024-11-18T06:42:33.586+0000] {dag.py:4180} INFO - Setting next_dagrun for dataset_produces_2 to None, run_after=None
[2024-11-18T06:42:33.634+0000] {processor.py:208} INFO - Processing /home/airflow/.local/lib/python3.12/site-packages/airflow/example_dags/example_datasets.py took 0.940 seconds
