[2024-11-18T06:38:15.703+0000] {processor.py:186} INFO - Started process (PID=272) to work on /home/airflow/.local/lib/python3.12/site-packages/airflow/example_dags/example_inlet_event_extra.py
[2024-11-18T06:38:15.708+0000] {processor.py:914} INFO - Processing file /home/airflow/.local/lib/python3.12/site-packages/airflow/example_dags/example_inlet_event_extra.py for tasks to queue
[2024-11-18T06:38:15.718+0000] {logging_mixin.py:190} INFO - [2024-11-18T06:38:15.717+0000] {dagbag.py:588} INFO - Filling up the DagBag from /home/airflow/.local/lib/python3.12/site-packages/airflow/example_dags/example_inlet_event_extra.py
[2024-11-18T06:38:16.967+0000] {processor.py:925} INFO - DAG(s) 'read_dataset_event_from_classic', 'read_dataset_event' retrieved from /home/airflow/.local/lib/python3.12/site-packages/airflow/example_dags/example_inlet_event_extra.py
[2024-11-18T06:38:17.073+0000] {logging_mixin.py:190} INFO - [2024-11-18T06:38:17.073+0000] {dag.py:3239} INFO - Sync 2 DAGs
[2024-11-18T06:38:17.140+0000] {logging_mixin.py:190} INFO - [2024-11-18T06:38:17.139+0000] {dag.py:4180} INFO - Setting next_dagrun for read_dataset_event to 2024-11-17 00:00:00+00:00, run_after=2024-11-18 00:00:00+00:00
[2024-11-18T06:38:17.153+0000] {logging_mixin.py:190} INFO - [2024-11-18T06:38:17.153+0000] {dag.py:4180} INFO - Setting next_dagrun for read_dataset_event_from_classic to 2024-11-17 00:00:00+00:00, run_after=2024-11-18 00:00:00+00:00
[2024-11-18T06:38:17.195+0000] {processor.py:208} INFO - Processing /home/airflow/.local/lib/python3.12/site-packages/airflow/example_dags/example_inlet_event_extra.py took 1.510 seconds
[2024-11-18T06:38:47.278+0000] {processor.py:186} INFO - Started process (PID=583) to work on /home/airflow/.local/lib/python3.12/site-packages/airflow/example_dags/example_inlet_event_extra.py
[2024-11-18T06:38:47.280+0000] {processor.py:914} INFO - Processing file /home/airflow/.local/lib/python3.12/site-packages/airflow/example_dags/example_inlet_event_extra.py for tasks to queue
[2024-11-18T06:38:47.284+0000] {logging_mixin.py:190} INFO - [2024-11-18T06:38:47.284+0000] {dagbag.py:588} INFO - Filling up the DagBag from /home/airflow/.local/lib/python3.12/site-packages/airflow/example_dags/example_inlet_event_extra.py
[2024-11-18T06:38:48.169+0000] {processor.py:925} INFO - DAG(s) 'read_dataset_event_from_classic', 'read_dataset_event' retrieved from /home/airflow/.local/lib/python3.12/site-packages/airflow/example_dags/example_inlet_event_extra.py
[2024-11-18T06:38:48.202+0000] {logging_mixin.py:190} INFO - [2024-11-18T06:38:48.202+0000] {dag.py:3239} INFO - Sync 2 DAGs
[2024-11-18T06:38:48.248+0000] {logging_mixin.py:190} INFO - [2024-11-18T06:38:48.247+0000] {dag.py:4180} INFO - Setting next_dagrun for read_dataset_event to 2024-11-17 00:00:00+00:00, run_after=2024-11-18 00:00:00+00:00
[2024-11-18T06:38:48.256+0000] {logging_mixin.py:190} INFO - [2024-11-18T06:38:48.256+0000] {dag.py:4180} INFO - Setting next_dagrun for read_dataset_event_from_classic to 2024-11-17 00:00:00+00:00, run_after=2024-11-18 00:00:00+00:00
[2024-11-18T06:38:48.300+0000] {processor.py:208} INFO - Processing /home/airflow/.local/lib/python3.12/site-packages/airflow/example_dags/example_inlet_event_extra.py took 1.032 seconds
[2024-11-18T06:39:19.993+0000] {processor.py:186} INFO - Started process (PID=894) to work on /home/airflow/.local/lib/python3.12/site-packages/airflow/example_dags/example_inlet_event_extra.py
[2024-11-18T06:39:19.996+0000] {processor.py:914} INFO - Processing file /home/airflow/.local/lib/python3.12/site-packages/airflow/example_dags/example_inlet_event_extra.py for tasks to queue
[2024-11-18T06:39:19.999+0000] {logging_mixin.py:190} INFO - [2024-11-18T06:39:19.999+0000] {dagbag.py:588} INFO - Filling up the DagBag from /home/airflow/.local/lib/python3.12/site-packages/airflow/example_dags/example_inlet_event_extra.py
[2024-11-18T06:39:21.834+0000] {processor.py:925} INFO - DAG(s) 'read_dataset_event', 'read_dataset_event_from_classic' retrieved from /home/airflow/.local/lib/python3.12/site-packages/airflow/example_dags/example_inlet_event_extra.py
[2024-11-18T06:39:21.874+0000] {logging_mixin.py:190} INFO - [2024-11-18T06:39:21.874+0000] {dag.py:3239} INFO - Sync 2 DAGs
[2024-11-18T06:39:21.941+0000] {logging_mixin.py:190} INFO - [2024-11-18T06:39:21.940+0000] {dag.py:4180} INFO - Setting next_dagrun for read_dataset_event to 2024-11-17 00:00:00+00:00, run_after=2024-11-18 00:00:00+00:00
[2024-11-18T06:39:21.957+0000] {logging_mixin.py:190} INFO - [2024-11-18T06:39:21.957+0000] {dag.py:4180} INFO - Setting next_dagrun for read_dataset_event_from_classic to 2024-11-17 00:00:00+00:00, run_after=2024-11-18 00:00:00+00:00
[2024-11-18T06:39:22.022+0000] {processor.py:208} INFO - Processing /home/airflow/.local/lib/python3.12/site-packages/airflow/example_dags/example_inlet_event_extra.py took 2.042 seconds
[2024-11-18T06:39:52.211+0000] {processor.py:186} INFO - Started process (PID=1200) to work on /home/airflow/.local/lib/python3.12/site-packages/airflow/example_dags/example_inlet_event_extra.py
[2024-11-18T06:39:52.213+0000] {processor.py:914} INFO - Processing file /home/airflow/.local/lib/python3.12/site-packages/airflow/example_dags/example_inlet_event_extra.py for tasks to queue
[2024-11-18T06:39:52.216+0000] {logging_mixin.py:190} INFO - [2024-11-18T06:39:52.216+0000] {dagbag.py:588} INFO - Filling up the DagBag from /home/airflow/.local/lib/python3.12/site-packages/airflow/example_dags/example_inlet_event_extra.py
[2024-11-18T06:39:53.255+0000] {processor.py:925} INFO - DAG(s) 'read_dataset_event', 'read_dataset_event_from_classic' retrieved from /home/airflow/.local/lib/python3.12/site-packages/airflow/example_dags/example_inlet_event_extra.py
[2024-11-18T06:39:53.281+0000] {logging_mixin.py:190} INFO - [2024-11-18T06:39:53.280+0000] {dag.py:3239} INFO - Sync 2 DAGs
[2024-11-18T06:39:53.318+0000] {logging_mixin.py:190} INFO - [2024-11-18T06:39:53.318+0000] {dag.py:4180} INFO - Setting next_dagrun for read_dataset_event to 2024-11-17 00:00:00+00:00, run_after=2024-11-18 00:00:00+00:00
[2024-11-18T06:39:53.325+0000] {logging_mixin.py:190} INFO - [2024-11-18T06:39:53.325+0000] {dag.py:4180} INFO - Setting next_dagrun for read_dataset_event_from_classic to 2024-11-17 00:00:00+00:00, run_after=2024-11-18 00:00:00+00:00
[2024-11-18T06:39:53.371+0000] {processor.py:208} INFO - Processing /home/airflow/.local/lib/python3.12/site-packages/airflow/example_dags/example_inlet_event_extra.py took 1.204 seconds
[2024-11-18T06:40:23.721+0000] {processor.py:186} INFO - Started process (PID=1504) to work on /home/airflow/.local/lib/python3.12/site-packages/airflow/example_dags/example_inlet_event_extra.py
[2024-11-18T06:40:23.724+0000] {processor.py:914} INFO - Processing file /home/airflow/.local/lib/python3.12/site-packages/airflow/example_dags/example_inlet_event_extra.py for tasks to queue
[2024-11-18T06:40:23.728+0000] {logging_mixin.py:190} INFO - [2024-11-18T06:40:23.728+0000] {dagbag.py:588} INFO - Filling up the DagBag from /home/airflow/.local/lib/python3.12/site-packages/airflow/example_dags/example_inlet_event_extra.py
[2024-11-18T06:40:26.498+0000] {processor.py:925} INFO - DAG(s) 'read_dataset_event', 'read_dataset_event_from_classic' retrieved from /home/airflow/.local/lib/python3.12/site-packages/airflow/example_dags/example_inlet_event_extra.py
[2024-11-18T06:40:26.598+0000] {logging_mixin.py:190} INFO - [2024-11-18T06:40:26.597+0000] {dag.py:3239} INFO - Sync 2 DAGs
[2024-11-18T06:40:26.697+0000] {logging_mixin.py:190} INFO - [2024-11-18T06:40:26.697+0000] {dag.py:4180} INFO - Setting next_dagrun for read_dataset_event to 2024-11-17 00:00:00+00:00, run_after=2024-11-18 00:00:00+00:00
[2024-11-18T06:40:26.707+0000] {logging_mixin.py:190} INFO - [2024-11-18T06:40:26.707+0000] {dag.py:4180} INFO - Setting next_dagrun for read_dataset_event_from_classic to 2024-11-17 00:00:00+00:00, run_after=2024-11-18 00:00:00+00:00
[2024-11-18T06:40:26.768+0000] {processor.py:208} INFO - Processing /home/airflow/.local/lib/python3.12/site-packages/airflow/example_dags/example_inlet_event_extra.py took 3.058 seconds
[2024-11-18T06:40:56.861+0000] {processor.py:186} INFO - Started process (PID=1797) to work on /home/airflow/.local/lib/python3.12/site-packages/airflow/example_dags/example_inlet_event_extra.py
[2024-11-18T06:40:56.863+0000] {processor.py:914} INFO - Processing file /home/airflow/.local/lib/python3.12/site-packages/airflow/example_dags/example_inlet_event_extra.py for tasks to queue
[2024-11-18T06:40:56.866+0000] {logging_mixin.py:190} INFO - [2024-11-18T06:40:56.866+0000] {dagbag.py:588} INFO - Filling up the DagBag from /home/airflow/.local/lib/python3.12/site-packages/airflow/example_dags/example_inlet_event_extra.py
[2024-11-18T06:40:58.256+0000] {processor.py:925} INFO - DAG(s) 'read_dataset_event_from_classic', 'read_dataset_event' retrieved from /home/airflow/.local/lib/python3.12/site-packages/airflow/example_dags/example_inlet_event_extra.py
[2024-11-18T06:40:58.281+0000] {logging_mixin.py:190} INFO - [2024-11-18T06:40:58.280+0000] {dag.py:3239} INFO - Sync 2 DAGs
[2024-11-18T06:40:58.312+0000] {logging_mixin.py:190} INFO - [2024-11-18T06:40:58.312+0000] {dag.py:4180} INFO - Setting next_dagrun for read_dataset_event to 2024-11-17 00:00:00+00:00, run_after=2024-11-18 00:00:00+00:00
[2024-11-18T06:40:58.320+0000] {logging_mixin.py:190} INFO - [2024-11-18T06:40:58.320+0000] {dag.py:4180} INFO - Setting next_dagrun for read_dataset_event_from_classic to 2024-11-17 00:00:00+00:00, run_after=2024-11-18 00:00:00+00:00
[2024-11-18T06:40:58.371+0000] {processor.py:208} INFO - Processing /home/airflow/.local/lib/python3.12/site-packages/airflow/example_dags/example_inlet_event_extra.py took 1.516 seconds
[2024-11-18T06:41:29.234+0000] {processor.py:186} INFO - Started process (PID=2096) to work on /home/airflow/.local/lib/python3.12/site-packages/airflow/example_dags/example_inlet_event_extra.py
[2024-11-18T06:41:29.236+0000] {processor.py:914} INFO - Processing file /home/airflow/.local/lib/python3.12/site-packages/airflow/example_dags/example_inlet_event_extra.py for tasks to queue
[2024-11-18T06:41:29.239+0000] {logging_mixin.py:190} INFO - [2024-11-18T06:41:29.238+0000] {dagbag.py:588} INFO - Filling up the DagBag from /home/airflow/.local/lib/python3.12/site-packages/airflow/example_dags/example_inlet_event_extra.py
[2024-11-18T06:41:30.776+0000] {processor.py:925} INFO - DAG(s) 'read_dataset_event_from_classic', 'read_dataset_event' retrieved from /home/airflow/.local/lib/python3.12/site-packages/airflow/example_dags/example_inlet_event_extra.py
[2024-11-18T06:41:30.858+0000] {logging_mixin.py:190} INFO - [2024-11-18T06:41:30.857+0000] {dag.py:3239} INFO - Sync 2 DAGs
[2024-11-18T06:41:30.936+0000] {logging_mixin.py:190} INFO - [2024-11-18T06:41:30.936+0000] {dag.py:4180} INFO - Setting next_dagrun for read_dataset_event to 2024-11-17 00:00:00+00:00, run_after=2024-11-18 00:00:00+00:00
[2024-11-18T06:41:30.948+0000] {logging_mixin.py:190} INFO - [2024-11-18T06:41:30.947+0000] {dag.py:4180} INFO - Setting next_dagrun for read_dataset_event_from_classic to 2024-11-17 00:00:00+00:00, run_after=2024-11-18 00:00:00+00:00
[2024-11-18T06:41:30.983+0000] {processor.py:208} INFO - Processing /home/airflow/.local/lib/python3.12/site-packages/airflow/example_dags/example_inlet_event_extra.py took 1.760 seconds
[2024-11-18T06:42:01.459+0000] {processor.py:186} INFO - Started process (PID=2398) to work on /home/airflow/.local/lib/python3.12/site-packages/airflow/example_dags/example_inlet_event_extra.py
[2024-11-18T06:42:01.460+0000] {processor.py:914} INFO - Processing file /home/airflow/.local/lib/python3.12/site-packages/airflow/example_dags/example_inlet_event_extra.py for tasks to queue
[2024-11-18T06:42:01.464+0000] {logging_mixin.py:190} INFO - [2024-11-18T06:42:01.463+0000] {dagbag.py:588} INFO - Filling up the DagBag from /home/airflow/.local/lib/python3.12/site-packages/airflow/example_dags/example_inlet_event_extra.py
[2024-11-18T06:42:02.334+0000] {processor.py:925} INFO - DAG(s) 'read_dataset_event_from_classic', 'read_dataset_event' retrieved from /home/airflow/.local/lib/python3.12/site-packages/airflow/example_dags/example_inlet_event_extra.py
[2024-11-18T06:42:02.363+0000] {logging_mixin.py:190} INFO - [2024-11-18T06:42:02.363+0000] {dag.py:3239} INFO - Sync 2 DAGs
[2024-11-18T06:42:02.404+0000] {logging_mixin.py:190} INFO - [2024-11-18T06:42:02.404+0000] {dag.py:4180} INFO - Setting next_dagrun for read_dataset_event to 2024-11-17 00:00:00+00:00, run_after=2024-11-18 00:00:00+00:00
[2024-11-18T06:42:02.415+0000] {logging_mixin.py:190} INFO - [2024-11-18T06:42:02.415+0000] {dag.py:4180} INFO - Setting next_dagrun for read_dataset_event_from_classic to 2024-11-17 00:00:00+00:00, run_after=2024-11-18 00:00:00+00:00
[2024-11-18T06:42:02.451+0000] {processor.py:208} INFO - Processing /home/airflow/.local/lib/python3.12/site-packages/airflow/example_dags/example_inlet_event_extra.py took 1.000 seconds
[2024-11-18T06:42:32.528+0000] {processor.py:186} INFO - Started process (PID=2690) to work on /home/airflow/.local/lib/python3.12/site-packages/airflow/example_dags/example_inlet_event_extra.py
[2024-11-18T06:42:32.529+0000] {processor.py:914} INFO - Processing file /home/airflow/.local/lib/python3.12/site-packages/airflow/example_dags/example_inlet_event_extra.py for tasks to queue
[2024-11-18T06:42:32.533+0000] {logging_mixin.py:190} INFO - [2024-11-18T06:42:32.532+0000] {dagbag.py:588} INFO - Filling up the DagBag from /home/airflow/.local/lib/python3.12/site-packages/airflow/example_dags/example_inlet_event_extra.py
[2024-11-18T06:42:33.254+0000] {processor.py:925} INFO - DAG(s) 'read_dataset_event_from_classic', 'read_dataset_event' retrieved from /home/airflow/.local/lib/python3.12/site-packages/airflow/example_dags/example_inlet_event_extra.py
[2024-11-18T06:42:33.278+0000] {logging_mixin.py:190} INFO - [2024-11-18T06:42:33.278+0000] {dag.py:3239} INFO - Sync 2 DAGs
[2024-11-18T06:42:33.319+0000] {logging_mixin.py:190} INFO - [2024-11-18T06:42:33.319+0000] {dag.py:4180} INFO - Setting next_dagrun for read_dataset_event to 2024-11-17 00:00:00+00:00, run_after=2024-11-18 00:00:00+00:00
[2024-11-18T06:42:33.327+0000] {logging_mixin.py:190} INFO - [2024-11-18T06:42:33.327+0000] {dag.py:4180} INFO - Setting next_dagrun for read_dataset_event_from_classic to 2024-11-17 00:00:00+00:00, run_after=2024-11-18 00:00:00+00:00
[2024-11-18T06:42:33.351+0000] {processor.py:208} INFO - Processing /home/airflow/.local/lib/python3.12/site-packages/airflow/example_dags/example_inlet_event_extra.py took 0.831 seconds
