[2024-12-01T11:34:35.881+0000] {local_task_job_runner.py:123} INFO - ::group::Pre task execution logs
[2024-12-01T11:34:35.904+0000] {taskinstance.py:2613} INFO - Dependencies all met for dep_context=non-requeueable deps ti=<TaskInstance: NEPSE_DAG.load_data manual__2024-12-01T11:33:31.988521+00:00 [queued]>
[2024-12-01T11:34:35.915+0000] {taskinstance.py:2613} INFO - Dependencies all met for dep_context=requeueable deps ti=<TaskInstance: NEPSE_DAG.load_data manual__2024-12-01T11:33:31.988521+00:00 [queued]>
[2024-12-01T11:34:35.916+0000] {taskinstance.py:2866} INFO - Starting attempt 1 of 3
[2024-12-01T11:34:35.933+0000] {taskinstance.py:2889} INFO - Executing <Task(PythonOperator): load_data> on 2024-12-01 11:33:31.988521+00:00
[2024-12-01T11:34:35.946+0000] {logging_mixin.py:190} WARNING - /home/***/.local/lib/python3.12/site-packages/***/task/task_runner/standard_task_runner.py:70 DeprecationWarning: This process (pid=16242) is multi-threaded, use of fork() may lead to deadlocks in the child.
[2024-12-01T11:34:35.946+0000] {standard_task_runner.py:104} INFO - Running: ['***', 'tasks', 'run', 'NEPSE_DAG', 'load_data', 'manual__2024-12-01T11:33:31.988521+00:00', '--job-id', '108', '--raw', '--subdir', 'DAGS_FOLDER/etl.py', '--cfg-path', '/tmp/tmpbdhgf2k6']
[2024-12-01T11:34:35.948+0000] {standard_task_runner.py:72} INFO - Started process 16285 to run task
[2024-12-01T11:34:35.949+0000] {standard_task_runner.py:105} INFO - Job 108: Subtask load_data
[2024-12-01T11:34:35.996+0000] {task_command.py:467} INFO - Running <TaskInstance: NEPSE_DAG.load_data manual__2024-12-01T11:33:31.988521+00:00 [running]> on host 3ea3626af2da
[2024-12-01T11:34:36.127+0000] {taskinstance.py:3132} INFO - Exporting env vars: AIRFLOW_CTX_DAG_OWNER='***' AIRFLOW_CTX_DAG_ID='NEPSE_DAG' AIRFLOW_CTX_TASK_ID='load_data' AIRFLOW_CTX_EXECUTION_DATE='2024-12-01T11:33:31.988521+00:00' AIRFLOW_CTX_TRY_NUMBER='1' AIRFLOW_CTX_DAG_RUN_ID='manual__2024-12-01T11:33:31.988521+00:00'
[2024-12-01T11:34:36.129+0000] {logging_mixin.py:190} INFO - Task instance is in running state
[2024-12-01T11:34:36.131+0000] {logging_mixin.py:190} INFO -  Previous state of the Task instance: queued
[2024-12-01T11:34:36.131+0000] {logging_mixin.py:190} INFO - Current task name:load_data state:running start_date:2024-12-01 11:34:35.905301+00:00
[2024-12-01T11:34:36.132+0000] {logging_mixin.py:190} INFO - Dag name:NEPSE_DAG and current dag run status:running
[2024-12-01T11:34:36.132+0000] {taskinstance.py:731} INFO - ::endgroup::
[2024-12-01T11:34:36.442+0000] {logging_mixin.py:190} INFO - creating Dim Date FailedNDFrame.to_sql() got an unexpected keyword argument 'if_existes'
[2024-12-01T11:34:36.561+0000] {python.py:240} INFO - Done. Returned value was: None
[2024-12-01T11:34:36.578+0000] {taskinstance.py:340} INFO - ::group::Post task execution logs
[2024-12-01T11:34:36.579+0000] {taskinstance.py:352} INFO - Marking task as SUCCESS. dag_id=NEPSE_DAG, task_id=load_data, run_id=manual__2024-12-01T11:33:31.988521+00:00, execution_date=20241201T113331, start_date=20241201T113435, end_date=20241201T113436
[2024-12-01T11:34:36.594+0000] {logging_mixin.py:190} INFO - Task instance in success state
[2024-12-01T11:34:36.595+0000] {logging_mixin.py:190} INFO -  Previous state of the Task instance: running
[2024-12-01T11:34:36.596+0000] {logging_mixin.py:190} INFO - Dag name:NEPSE_DAG queued_at:2024-12-01 11:33:32.087480+00:00
[2024-12-01T11:34:36.597+0000] {logging_mixin.py:190} INFO - Task hostname:3ea3626af2da operator:PythonOperator
[2024-12-01T11:34:36.649+0000] {local_task_job_runner.py:266} INFO - Task exited with return code 0
[2024-12-01T11:34:36.674+0000] {taskinstance.py:3895} INFO - 0 downstream tasks scheduled from follow-on schedule check
[2024-12-01T11:34:36.680+0000] {local_task_job_runner.py:245} INFO - ::endgroup::
