[2024-12-01T11:38:55.504+0000] {local_task_job_runner.py:123} INFO - ::group::Pre task execution logs
[2024-12-01T11:38:55.525+0000] {taskinstance.py:2613} INFO - Dependencies all met for dep_context=non-requeueable deps ti=<TaskInstance: NEPSE_DAG.extract_data manual__2024-12-01T11:38:52.743636+00:00 [queued]>
[2024-12-01T11:38:55.534+0000] {taskinstance.py:2613} INFO - Dependencies all met for dep_context=requeueable deps ti=<TaskInstance: NEPSE_DAG.extract_data manual__2024-12-01T11:38:52.743636+00:00 [queued]>
[2024-12-01T11:38:55.535+0000] {taskinstance.py:2866} INFO - Starting attempt 1 of 3
[2024-12-01T11:38:55.552+0000] {taskinstance.py:2889} INFO - Executing <Task(PythonOperator): extract_data> on 2024-12-01 11:38:52.743636+00:00
[2024-12-01T11:38:55.565+0000] {standard_task_runner.py:104} INFO - Running: ['***', 'tasks', 'run', 'NEPSE_DAG', 'extract_data', 'manual__2024-12-01T11:38:52.743636+00:00', '--job-id', '109', '--raw', '--subdir', 'DAGS_FOLDER/etl.py', '--cfg-path', '/tmp/tmp_9u_3o6_']
[2024-12-01T11:38:55.565+0000] {logging_mixin.py:190} WARNING - /home/***/.local/lib/python3.12/site-packages/***/task/task_runner/standard_task_runner.py:70 DeprecationWarning: This process (pid=18801) is multi-threaded, use of fork() may lead to deadlocks in the child.
[2024-12-01T11:38:55.566+0000] {standard_task_runner.py:105} INFO - Job 109: Subtask extract_data
[2024-12-01T11:38:55.566+0000] {standard_task_runner.py:72} INFO - Started process 18802 to run task
[2024-12-01T11:38:55.618+0000] {task_command.py:467} INFO - Running <TaskInstance: NEPSE_DAG.extract_data manual__2024-12-01T11:38:52.743636+00:00 [running]> on host 3ea3626af2da
[2024-12-01T11:38:55.715+0000] {taskinstance.py:3132} INFO - Exporting env vars: AIRFLOW_CTX_DAG_OWNER='***' AIRFLOW_CTX_DAG_ID='NEPSE_DAG' AIRFLOW_CTX_TASK_ID='extract_data' AIRFLOW_CTX_EXECUTION_DATE='2024-12-01T11:38:52.743636+00:00' AIRFLOW_CTX_TRY_NUMBER='1' AIRFLOW_CTX_DAG_RUN_ID='manual__2024-12-01T11:38:52.743636+00:00'
[2024-12-01T11:38:55.717+0000] {logging_mixin.py:190} INFO - Task instance is in running state
[2024-12-01T11:38:55.718+0000] {logging_mixin.py:190} INFO -  Previous state of the Task instance: queued
[2024-12-01T11:38:55.719+0000] {logging_mixin.py:190} INFO - Current task name:extract_data state:running start_date:2024-12-01 11:38:55.526202+00:00
[2024-12-01T11:38:55.720+0000] {logging_mixin.py:190} INFO - Dag name:NEPSE_DAG and current dag run status:running
[2024-12-01T11:38:55.720+0000] {taskinstance.py:731} INFO - ::endgroup::
[2024-12-01T11:38:58.359+0000] {logging_mixin.py:190} INFO - Table located
[2024-12-01T11:38:58.407+0000] {logging_mixin.py:190} INFO - Header extracted
[2024-12-01T11:38:58.595+0000] {logging_mixin.py:190} INFO - Next button clicked
[2024-12-01T11:39:00.622+0000] {logging_mixin.py:190} INFO - Table located
[2024-12-01T11:39:00.798+0000] {logging_mixin.py:190} INFO - Next button clicked
[2024-12-01T11:39:02.823+0000] {logging_mixin.py:190} INFO - Table located
[2024-12-01T11:39:03.125+0000] {logging_mixin.py:190} INFO - Next button clicked
[2024-12-01T11:39:05.154+0000] {logging_mixin.py:190} INFO - Table located
[2024-12-01T11:39:05.341+0000] {logging_mixin.py:190} INFO - Next button clicked
[2024-12-01T11:39:05.852+0000] {logging_mixin.py:190} INFO - Table located
[2024-12-01T11:39:06.078+0000] {logging_mixin.py:190} INFO - Next button clicked
[2024-12-01T11:39:08.099+0000] {logging_mixin.py:190} INFO - Table located
[2024-12-01T11:39:08.284+0000] {logging_mixin.py:190} INFO - Next button clicked
[2024-12-01T11:39:10.302+0000] {logging_mixin.py:190} INFO - Table located
[2024-12-01T11:39:10.477+0000] {logging_mixin.py:190} INFO - Next button clicked
[2024-12-01T11:39:12.496+0000] {logging_mixin.py:190} INFO - Table located
[2024-12-01T11:39:12.709+0000] {logging_mixin.py:190} INFO - Next button clicked
[2024-12-01T11:39:14.732+0000] {logging_mixin.py:190} INFO - Table located
[2024-12-01T11:39:14.998+0000] {logging_mixin.py:190} INFO - Next button clicked
[2024-12-01T11:39:17.026+0000] {logging_mixin.py:190} INFO - Table located
[2024-12-01T11:39:17.313+0000] {logging_mixin.py:190} INFO - Next button clicked
[2024-12-01T11:39:19.371+0000] {logging_mixin.py:190} INFO - Table located
[2024-12-01T11:39:20.006+0000] {logging_mixin.py:190} INFO - Next button clicked
[2024-12-01T11:39:22.029+0000] {logging_mixin.py:190} INFO - Table located
[2024-12-01T11:39:22.216+0000] {logging_mixin.py:190} INFO - Next button clicked
[2024-12-01T11:39:24.242+0000] {logging_mixin.py:190} INFO - Table located
[2024-12-01T11:39:24.436+0000] {logging_mixin.py:190} INFO - Next button clicked
[2024-12-01T11:39:26.461+0000] {logging_mixin.py:190} INFO - Table located
[2024-12-01T11:39:26.622+0000] {logging_mixin.py:190} INFO - Next button clicked
[2024-12-01T11:39:28.644+0000] {logging_mixin.py:190} INFO - Table located
[2024-12-01T11:39:28.817+0000] {logging_mixin.py:190} INFO - Next button clicked
[2024-12-01T11:39:30.838+0000] {logging_mixin.py:190} INFO - Table located
[2024-12-01T11:39:49.512+0000] {logging_mixin.py:190} INFO - No more pages
[2024-12-01T11:39:49.513+0000] {logging_mixin.py:190} INFO - Data extraction completed
[2024-12-01T11:39:49.517+0000] {logging_mixin.py:190} INFO - 2024-12-01
[2024-12-01T11:39:49.915+0000] {logging_mixin.py:190} INFO - Data loading successful.
[2024-12-01T11:39:49.934+0000] {python.py:240} INFO - Done. Returned value was: None
[2024-12-01T11:39:49.949+0000] {taskinstance.py:340} INFO - ::group::Post task execution logs
[2024-12-01T11:39:49.951+0000] {taskinstance.py:352} INFO - Marking task as SUCCESS. dag_id=NEPSE_DAG, task_id=extract_data, run_id=manual__2024-12-01T11:38:52.743636+00:00, execution_date=20241201T113852, start_date=20241201T113855, end_date=20241201T113949
[2024-12-01T11:39:49.967+0000] {logging_mixin.py:190} INFO - Task instance in success state
[2024-12-01T11:39:49.969+0000] {logging_mixin.py:190} INFO -  Previous state of the Task instance: running
[2024-12-01T11:39:49.971+0000] {logging_mixin.py:190} INFO - Dag name:NEPSE_DAG queued_at:2024-12-01 11:38:52.795008+00:00
[2024-12-01T11:39:49.971+0000] {logging_mixin.py:190} INFO - Task hostname:3ea3626af2da operator:PythonOperator
[2024-12-01T11:39:50.017+0000] {local_task_job_runner.py:266} INFO - Task exited with return code 0
[2024-12-01T11:39:50.069+0000] {taskinstance.py:3895} INFO - 1 downstream tasks scheduled from follow-on schedule check
[2024-12-01T11:39:50.074+0000] {local_task_job_runner.py:245} INFO - ::endgroup::
