[2024-12-01T11:08:22.905+0000] {local_task_job_runner.py:123} INFO - ::group::Pre task execution logs
[2024-12-01T11:08:22.949+0000] {taskinstance.py:2613} INFO - Dependencies all met for dep_context=non-requeueable deps ti=<TaskInstance: NEPSE_DAG.transform_data scheduled__2024-11-30T00:00:00+00:00 [queued]>
[2024-12-01T11:08:22.973+0000] {taskinstance.py:2613} INFO - Dependencies all met for dep_context=requeueable deps ti=<TaskInstance: NEPSE_DAG.transform_data scheduled__2024-11-30T00:00:00+00:00 [queued]>
[2024-12-01T11:08:22.974+0000] {taskinstance.py:2866} INFO - Starting attempt 1 of 3
[2024-12-01T11:08:23.024+0000] {taskinstance.py:2889} INFO - Executing <Task(PythonOperator): transform_data> on 2024-11-30 00:00:00+00:00
[2024-12-01T11:08:23.052+0000] {standard_task_runner.py:104} INFO - Running: ['***', 'tasks', 'run', 'NEPSE_DAG', 'transform_data', 'scheduled__2024-11-30T00:00:00+00:00', '--job-id', '93', '--raw', '--subdir', 'DAGS_FOLDER/etl.py', '--cfg-path', '/tmp/tmp_dhf1eko']
[2024-12-01T11:08:23.057+0000] {standard_task_runner.py:105} INFO - Job 93: Subtask transform_data
[2024-12-01T11:08:23.059+0000] {logging_mixin.py:190} WARNING - /home/***/.local/lib/python3.12/site-packages/***/task/task_runner/standard_task_runner.py:70 DeprecationWarning: This process (pid=1019) is multi-threaded, use of fork() may lead to deadlocks in the child.
[2024-12-01T11:08:23.063+0000] {standard_task_runner.py:72} INFO - Started process 1088 to run task
[2024-12-01T11:08:23.260+0000] {task_command.py:467} INFO - Running <TaskInstance: NEPSE_DAG.transform_data scheduled__2024-11-30T00:00:00+00:00 [running]> on host 3ea3626af2da
[2024-12-01T11:08:23.741+0000] {taskinstance.py:3132} INFO - Exporting env vars: AIRFLOW_CTX_DAG_OWNER='***' AIRFLOW_CTX_DAG_ID='NEPSE_DAG' AIRFLOW_CTX_TASK_ID='transform_data' AIRFLOW_CTX_EXECUTION_DATE='2024-11-30T00:00:00+00:00' AIRFLOW_CTX_TRY_NUMBER='1' AIRFLOW_CTX_DAG_RUN_ID='scheduled__2024-11-30T00:00:00+00:00'
[2024-12-01T11:08:23.746+0000] {logging_mixin.py:190} INFO - Task instance is in running state
[2024-12-01T11:08:23.747+0000] {logging_mixin.py:190} INFO -  Previous state of the Task instance: queued
[2024-12-01T11:08:23.749+0000] {logging_mixin.py:190} INFO - Current task name:transform_data state:running start_date:2024-12-01 11:08:22.950438+00:00
[2024-12-01T11:08:23.751+0000] {logging_mixin.py:190} INFO - Dag name:NEPSE_DAG and current dag run status:running
[2024-12-01T11:08:23.752+0000] {taskinstance.py:731} INFO - ::endgroup::
[2024-12-01T11:08:25.701+0000] {python.py:240} INFO - Done. Returned value was: None
[2024-12-01T11:08:25.752+0000] {taskinstance.py:340} INFO - ::group::Post task execution logs
[2024-12-01T11:08:25.756+0000] {taskinstance.py:352} INFO - Marking task as SUCCESS. dag_id=NEPSE_DAG, task_id=transform_data, run_id=scheduled__2024-11-30T00:00:00+00:00, execution_date=20241130T000000, start_date=20241201T110822, end_date=20241201T110825
[2024-12-01T11:08:25.795+0000] {logging_mixin.py:190} INFO - Task instance in success state
[2024-12-01T11:08:25.806+0000] {logging_mixin.py:190} INFO -  Previous state of the Task instance: running
[2024-12-01T11:08:25.809+0000] {logging_mixin.py:190} INFO - Dag name:NEPSE_DAG queued_at:2024-12-01 11:06:41.404346+00:00
[2024-12-01T11:08:25.814+0000] {logging_mixin.py:190} INFO - Task hostname:3ea3626af2da operator:PythonOperator
[2024-12-01T11:08:25.894+0000] {local_task_job_runner.py:266} INFO - Task exited with return code 0
[2024-12-01T11:08:25.957+0000] {taskinstance.py:3895} INFO - 0 downstream tasks scheduled from follow-on schedule check
[2024-12-01T11:08:25.981+0000] {local_task_job_runner.py:245} INFO - ::endgroup::
