[2024-12-01T11:14:42.658+0000] {local_task_job_runner.py:123} INFO - ::group::Pre task execution logs
[2024-12-01T11:14:42.682+0000] {taskinstance.py:2613} INFO - Dependencies all met for dep_context=non-requeueable deps ti=<TaskInstance: NEPSE_DAG.load_data manual__2024-12-01T11:13:32.201761+00:00 [queued]>
[2024-12-01T11:14:42.697+0000] {taskinstance.py:2613} INFO - Dependencies all met for dep_context=requeueable deps ti=<TaskInstance: NEPSE_DAG.load_data manual__2024-12-01T11:13:32.201761+00:00 [queued]>
[2024-12-01T11:14:42.698+0000] {taskinstance.py:2866} INFO - Starting attempt 1 of 3
[2024-12-01T11:14:42.717+0000] {taskinstance.py:2889} INFO - Executing <Task(PythonOperator): load_data> on 2024-12-01 11:13:32.201761+00:00
[2024-12-01T11:14:42.731+0000] {logging_mixin.py:190} WARNING - /home/***/.local/lib/python3.12/site-packages/***/task/task_runner/standard_task_runner.py:70 DeprecationWarning: This process (pid=4806) is multi-threaded, use of fork() may lead to deadlocks in the child.
[2024-12-01T11:14:42.731+0000] {standard_task_runner.py:104} INFO - Running: ['***', 'tasks', 'run', 'NEPSE_DAG', 'load_data', 'manual__2024-12-01T11:13:32.201761+00:00', '--job-id', '96', '--raw', '--subdir', 'DAGS_FOLDER/etl.py', '--cfg-path', '/tmp/tmpza_vxewk']
[2024-12-01T11:14:42.733+0000] {standard_task_runner.py:72} INFO - Started process 4812 to run task
[2024-12-01T11:14:42.733+0000] {standard_task_runner.py:105} INFO - Job 96: Subtask load_data
[2024-12-01T11:14:42.793+0000] {task_command.py:467} INFO - Running <TaskInstance: NEPSE_DAG.load_data manual__2024-12-01T11:13:32.201761+00:00 [running]> on host 3ea3626af2da
[2024-12-01T11:14:42.906+0000] {taskinstance.py:3132} INFO - Exporting env vars: AIRFLOW_CTX_DAG_OWNER='***' AIRFLOW_CTX_DAG_ID='NEPSE_DAG' AIRFLOW_CTX_TASK_ID='load_data' AIRFLOW_CTX_EXECUTION_DATE='2024-12-01T11:13:32.201761+00:00' AIRFLOW_CTX_TRY_NUMBER='1' AIRFLOW_CTX_DAG_RUN_ID='manual__2024-12-01T11:13:32.201761+00:00'
[2024-12-01T11:14:42.909+0000] {logging_mixin.py:190} INFO - Task instance is in running state
[2024-12-01T11:14:42.910+0000] {logging_mixin.py:190} INFO -  Previous state of the Task instance: queued
[2024-12-01T11:14:42.911+0000] {logging_mixin.py:190} INFO - Current task name:load_data state:running start_date:2024-12-01 11:14:42.683775+00:00
[2024-12-01T11:14:42.911+0000] {logging_mixin.py:190} INFO - Dag name:NEPSE_DAG and current dag run status:running
[2024-12-01T11:14:42.912+0000] {taskinstance.py:731} INFO - ::endgroup::
[2024-12-01T11:14:43.019+0000] {logging_mixin.py:190} INFO - creating Dim Symbol failed Table temp_dim_symbol not found
[2024-12-01T11:14:43.025+0000] {logging_mixin.py:190} INFO - creating Dim Date FailedTable temp_dim_symbol not found
[2024-12-01T11:14:43.207+0000] {python.py:240} INFO - Done. Returned value was: None
[2024-12-01T11:14:43.234+0000] {taskinstance.py:340} INFO - ::group::Post task execution logs
[2024-12-01T11:14:43.235+0000] {taskinstance.py:352} INFO - Marking task as SUCCESS. dag_id=NEPSE_DAG, task_id=load_data, run_id=manual__2024-12-01T11:13:32.201761+00:00, execution_date=20241201T111332, start_date=20241201T111442, end_date=20241201T111443
[2024-12-01T11:14:43.265+0000] {logging_mixin.py:190} INFO - Task instance in success state
[2024-12-01T11:14:43.266+0000] {logging_mixin.py:190} INFO -  Previous state of the Task instance: running
[2024-12-01T11:14:43.268+0000] {logging_mixin.py:190} INFO - Dag name:NEPSE_DAG queued_at:2024-12-01 11:13:32.370546+00:00
[2024-12-01T11:14:43.269+0000] {logging_mixin.py:190} INFO - Task hostname:3ea3626af2da operator:PythonOperator
[2024-12-01T11:14:43.314+0000] {local_task_job_runner.py:266} INFO - Task exited with return code 0
[2024-12-01T11:14:43.350+0000] {taskinstance.py:3895} INFO - 0 downstream tasks scheduled from follow-on schedule check
[2024-12-01T11:14:43.354+0000] {local_task_job_runner.py:245} INFO - ::endgroup::
